<?xml version="1.0" encoding="UTF-8"?>
<TestRun id="43fc7d97-f463-4428-9271-8e2d6e7c2e79" name="ShaneH@ITSSHAW 2013-12-30 16:00:46" runUser="NETWORK\ShaneH" xmlns="http://microsoft.com/schemas/VisualStudio/TeamTest/2010">
  <TestSettings name="Default Test Settings" id="e8d941b2-b057-473a-a17a-8b3279a2c01e">
    <Execution>
      <TestTypeSpecific />
      <AgentRule name="Execution Agents">
      </AgentRule>
    </Execution>
    <Deployment runDeploymentRoot="ShaneH_ITSSHAW 2013-12-30 16_00_46" />
  </TestSettings>
  <Times creation="2013-12-30T16:00:46.1220036+02:00" queuing="2013-12-30T16:00:47.7871701+02:00" start="2013-12-30T16:00:47.9101824+02:00" finish="2013-12-30T16:00:48.8302744+02:00" />
  <ResultSummary outcome="Completed">
    <Counters total="157" executed="157" passed="157" error="0" failed="0" timeout="0" aborted="0" inconclusive="0" passedButRunAborted="0" notRunnable="0" notExecuted="0" disconnected="0" warning="0" completed="0" inProgress="0" pending="0" />
  </ResultSummary>
  <TestDefinitions>
    <UnitTest name="areKingsSetup" storage="..\chesstests\bin\debug\chesstests.dll" id="f4c8b637-ea9c-8efa-a91b-fbb27555fab4">
      <Execution timeOut="1800000" id="666d046f-e936-48dc-b91a-8ab46b8bfac9" />
      <TestMethod codeBase="C:/Users/ShaneH/Documents/Visual Studio 2012/Projects/Chess/ChessTests/bin/Debug/ChessTests.dll" adapterTypeName="Microsoft.VisualStudio.TestTools.TestTypes.Unit.UnitTestAdapter, Microsoft.VisualStudio.QualityTools.Tips.UnitTest.Adapter, Version=11.0.0.0, Culture=neutral, PublicKeyToken=b03f5f7f11d50a3a" className="ChessTests.ChessTests, ChessTests, Version=1.0.0.0, Culture=neutral, PublicKeyToken=null" name="areKingsSetup" />
    </UnitTest>
    <UnitTest name="cannotMoveRookPastCaptureVerticallyDown" storage="..\chesstests\bin\debug\chesstests.dll" id="47054227-bef7-8a81-5406-698a72b51579">
      <Execution timeOut="1800000" id="3e496cf1-d93c-4f53-ae77-e73b75a6fee1" />
      <TestMethod codeBase="C:/Users/ShaneH/Documents/Visual Studio 2012/Projects/Chess/ChessTests/bin/Debug/ChessTests.dll" adapterTypeName="Microsoft.VisualStudio.TestTools.TestTypes.Unit.UnitTestAdapter, Microsoft.VisualStudio.QualityTools.Tips.UnitTest.Adapter, Version=11.0.0.0, Culture=neutral, PublicKeyToken=b03f5f7f11d50a3a" className="ChessTests.RookTests, ChessTests, Version=1.0.0.0, Culture=neutral, PublicKeyToken=null" name="cannotMoveRookPastCaptureVerticallyDown" />
    </UnitTest>
    <UnitTest name="canMoveWhiteKnightDownRight" storage="..\chesstests\bin\debug\chesstests.dll" id="3d0b3fd5-ed3e-b00a-e692-69db01d97037">
      <Execution timeOut="1800000" id="efb0f12e-fd24-403f-a3d6-9fcee0f5f8f9" />
      <TestMethod codeBase="C:/Users/ShaneH/Documents/Visual Studio 2012/Projects/Chess/ChessTests/bin/Debug/ChessTests.dll" adapterTypeName="Microsoft.VisualStudio.TestTools.TestTypes.Unit.UnitTestAdapter, Microsoft.VisualStudio.QualityTools.Tips.UnitTest.Adapter, Version=11.0.0.0, Culture=neutral, PublicKeyToken=b03f5f7f11d50a3a" className="ChessTests.KnightTests, ChessTests, Version=1.0.0.0, Culture=neutral, PublicKeyToken=null" name="canMoveWhiteKnightDownRight" />
    </UnitTest>
    <UnitTest name="cannotMoveBlackKnightAnywayElse" storage="..\chesstests\bin\debug\chesstests.dll" id="f1a715f9-9cf1-9e64-a4be-97f94a04714c">
      <Execution timeOut="1800000" id="2d420942-685d-431f-a8cf-cd8eec584229" />
      <TestMethod codeBase="C:/Users/ShaneH/Documents/Visual Studio 2012/Projects/Chess/ChessTests/bin/Debug/ChessTests.dll" adapterTypeName="Microsoft.VisualStudio.TestTools.TestTypes.Unit.UnitTestAdapter, Microsoft.VisualStudio.QualityTools.Tips.UnitTest.Adapter, Version=11.0.0.0, Culture=neutral, PublicKeyToken=b03f5f7f11d50a3a" className="ChessTests.KnightTests, ChessTests, Version=1.0.0.0, Culture=neutral, PublicKeyToken=null" name="cannotMoveBlackKnightAnywayElse" />
    </UnitTest>
    <UnitTest name="cannotCaptureOwnPieceBottomRight" storage="..\chesstests\bin\debug\chesstests.dll" id="12e63596-1c4e-b553-8314-65281f6114b3">
      <Execution timeOut="1800000" id="75ebc6c1-aa11-48b1-bbe1-3592644e48f1" />
      <TestMethod codeBase="C:/Users/ShaneH/Documents/Visual Studio 2012/Projects/Chess/ChessTests/bin/Debug/ChessTests.dll" adapterTypeName="Microsoft.VisualStudio.TestTools.TestTypes.Unit.UnitTestAdapter, Microsoft.VisualStudio.QualityTools.Tips.UnitTest.Adapter, Version=11.0.0.0, Culture=neutral, PublicKeyToken=b03f5f7f11d50a3a" className="ChessTests.KnightTests, ChessTests, Version=1.0.0.0, Culture=neutral, PublicKeyToken=null" name="cannotCaptureOwnPieceBottomRight" />
    </UnitTest>
    <UnitTest name="canTakePawnEnPassantRight" storage="..\chesstests\bin\debug\chesstests.dll" id="77a8b315-06d4-5fac-05d9-90fcccdac88f">
      <Execution timeOut="1800000" id="bda5f276-5cc2-4a28-9456-136ddc0e5e8a" />
      <TestMethod codeBase="C:/Users/ShaneH/Documents/Visual Studio 2012/Projects/Chess/ChessTests/bin/Debug/ChessTests.dll" adapterTypeName="Microsoft.VisualStudio.TestTools.TestTypes.Unit.UnitTestAdapter, Microsoft.VisualStudio.QualityTools.Tips.UnitTest.Adapter, Version=11.0.0.0, Culture=neutral, PublicKeyToken=b03f5f7f11d50a3a" className="ChessTests.PawnTests, ChessTests, Version=1.0.0.0, Culture=neutral, PublicKeyToken=null" name="canTakePawnEnPassantRight" />
    </UnitTest>
    <UnitTest name="canTakePawnEnPassantLeft" storage="..\chesstests\bin\debug\chesstests.dll" id="72153cfe-4389-9773-f6fd-6685bb51f896">
      <Execution timeOut="1800000" id="60bebc60-724f-4d9a-986b-f9922bfe7d32" />
      <TestMethod codeBase="C:/Users/ShaneH/Documents/Visual Studio 2012/Projects/Chess/ChessTests/bin/Debug/ChessTests.dll" adapterTypeName="Microsoft.VisualStudio.TestTools.TestTypes.Unit.UnitTestAdapter, Microsoft.VisualStudio.QualityTools.Tips.UnitTest.Adapter, Version=11.0.0.0, Culture=neutral, PublicKeyToken=b03f5f7f11d50a3a" className="ChessTests.PawnTests, ChessTests, Version=1.0.0.0, Culture=neutral, PublicKeyToken=null" name="canTakePawnEnPassantLeft" />
    </UnitTest>
    <UnitTest name="canMoveQueenDiagDownRight" storage="..\chesstests\bin\debug\chesstests.dll" id="e7f23f39-7057-048c-f8c3-7322c51edfe0">
      <Execution timeOut="1800000" id="6b41ca8d-9fae-4e74-a8a0-d403fe8bd2b8" />
      <TestMethod codeBase="C:/Users/ShaneH/Documents/Visual Studio 2012/Projects/Chess/ChessTests/bin/Debug/ChessTests.dll" adapterTypeName="Microsoft.VisualStudio.TestTools.TestTypes.Unit.UnitTestAdapter, Microsoft.VisualStudio.QualityTools.Tips.UnitTest.Adapter, Version=11.0.0.0, Culture=neutral, PublicKeyToken=b03f5f7f11d50a3a" className="ChessTests.QueenTests, ChessTests, Version=1.0.0.0, Culture=neutral, PublicKeyToken=null" name="canMoveQueenDiagDownRight" />
    </UnitTest>
    <UnitTest name="canMoveKingDownLeft" storage="..\chesstests\bin\debug\chesstests.dll" id="73015d04-f4f5-eb53-f909-b8aae7bb4119">
      <Execution timeOut="1800000" id="a3befda6-48d0-4a11-8dbf-30fcd601571a" />
      <TestMethod codeBase="C:/Users/ShaneH/Documents/Visual Studio 2012/Projects/Chess/ChessTests/bin/Debug/ChessTests.dll" adapterTypeName="Microsoft.VisualStudio.TestTools.TestTypes.Unit.UnitTestAdapter, Microsoft.VisualStudio.QualityTools.Tips.UnitTest.Adapter, Version=11.0.0.0, Culture=neutral, PublicKeyToken=b03f5f7f11d50a3a" className="ChessTests.KingTests, ChessTests, Version=1.0.0.0, Culture=neutral, PublicKeyToken=null" name="canMoveKingDownLeft" />
    </UnitTest>
    <UnitTest name="cannotCaptureOwnPieceVerticallyUp" storage="..\chesstests\bin\debug\chesstests.dll" id="40c80f36-2521-e262-e128-84747b64c92c">
      <Execution timeOut="1800000" id="f485bbae-0953-4326-9da9-d46cf722622a" />
      <TestMethod codeBase="C:/Users/ShaneH/Documents/Visual Studio 2012/Projects/Chess/ChessTests/bin/Debug/ChessTests.dll" adapterTypeName="Microsoft.VisualStudio.TestTools.TestTypes.Unit.UnitTestAdapter, Microsoft.VisualStudio.QualityTools.Tips.UnitTest.Adapter, Version=11.0.0.0, Culture=neutral, PublicKeyToken=b03f5f7f11d50a3a" className="ChessTests.RookTests, ChessTests, Version=1.0.0.0, Culture=neutral, PublicKeyToken=null" name="cannotCaptureOwnPieceVerticallyUp" />
    </UnitTest>
    <UnitTest name="canMoveWhiteBishopDiagonallyDownRightNoObstructions" storage="..\chesstests\bin\debug\chesstests.dll" id="7b64562e-3d29-ccc9-9a6a-4aaf39707ed4">
      <Execution timeOut="1800000" id="c6007a4b-f6bf-47d5-a0d3-447f4659d0cb" />
      <TestMethod codeBase="C:/Users/ShaneH/Documents/Visual Studio 2012/Projects/Chess/ChessTests/bin/Debug/ChessTests.dll" adapterTypeName="Microsoft.VisualStudio.TestTools.TestTypes.Unit.UnitTestAdapter, Microsoft.VisualStudio.QualityTools.Tips.UnitTest.Adapter, Version=11.0.0.0, Culture=neutral, PublicKeyToken=b03f5f7f11d50a3a" className="ChessTests.BishopTests, ChessTests, Version=1.0.0.0, Culture=neutral, PublicKeyToken=null" name="canMoveWhiteBishopDiagonallyDownRightNoObstructions" />
    </UnitTest>
    <UnitTest name="blackPawnCanTakePieceLeft" storage="..\chesstests\bin\debug\chesstests.dll" id="31f39857-46fe-cad3-eea6-de16b677be95">
      <Execution timeOut="1800000" id="44a7159d-1641-451e-83bb-8614ad18464e" />
      <TestMethod codeBase="C:/Users/ShaneH/Documents/Visual Studio 2012/Projects/Chess/ChessTests/bin/Debug/ChessTests.dll" adapterTypeName="Microsoft.VisualStudio.TestTools.TestTypes.Unit.UnitTestAdapter, Microsoft.VisualStudio.QualityTools.Tips.UnitTest.Adapter, Version=11.0.0.0, Culture=neutral, PublicKeyToken=b03f5f7f11d50a3a" className="ChessTests.PawnTests, ChessTests, Version=1.0.0.0, Culture=neutral, PublicKeyToken=null" name="blackPawnCanTakePieceLeft" />
    </UnitTest>
    <UnitTest name="pieceMovesWithMove" storage="..\chesstests\bin\debug\chesstests.dll" id="db17ca7a-fdcd-e135-ff66-0041667888a6">
      <Execution timeOut="1800000" id="b193a4af-63b2-4358-aef1-5259a89c1b22" />
      <TestMethod codeBase="C:/Users/ShaneH/Documents/Visual Studio 2012/Projects/Chess/ChessTests/bin/Debug/ChessTests.dll" adapterTypeName="Microsoft.VisualStudio.TestTools.TestTypes.Unit.UnitTestAdapter, Microsoft.VisualStudio.QualityTools.Tips.UnitTest.Adapter, Version=11.0.0.0, Culture=neutral, PublicKeyToken=b03f5f7f11d50a3a" className="ChessTests.ChessTests, ChessTests, Version=1.0.0.0, Culture=neutral, PublicKeyToken=null" name="pieceMovesWithMove" />
    </UnitTest>
    <UnitTest name="areOddRowColoursSetup" storage="..\chesstests\bin\debug\chesstests.dll" id="d4ac55cd-7290-4fbf-9991-5ab16bc1fda2">
      <Execution timeOut="1800000" id="2c9faf47-3269-4284-9500-71daf23c2642" />
      <TestMethod codeBase="C:/Users/ShaneH/Documents/Visual Studio 2012/Projects/Chess/ChessTests/bin/Debug/ChessTests.dll" adapterTypeName="Microsoft.VisualStudio.TestTools.TestTypes.Unit.UnitTestAdapter, Microsoft.VisualStudio.QualityTools.Tips.UnitTest.Adapter, Version=11.0.0.0, Culture=neutral, PublicKeyToken=b03f5f7f11d50a3a" className="ChessTests.ChessTests, ChessTests, Version=1.0.0.0, Culture=neutral, PublicKeyToken=null" name="areOddRowColoursSetup" />
    </UnitTest>
    <UnitTest name="cannotCaptureOwnPieceHorizontallyRight" storage="..\chesstests\bin\debug\chesstests.dll" id="e12fb60a-f115-e1f0-522a-512140600c5d">
      <Execution timeOut="1800000" id="81d067f0-1deb-4a5b-8521-a31efbf06853" />
      <TestMethod codeBase="C:/Users/ShaneH/Documents/Visual Studio 2012/Projects/Chess/ChessTests/bin/Debug/ChessTests.dll" adapterTypeName="Microsoft.VisualStudio.TestTools.TestTypes.Unit.UnitTestAdapter, Microsoft.VisualStudio.QualityTools.Tips.UnitTest.Adapter, Version=11.0.0.0, Culture=neutral, PublicKeyToken=b03f5f7f11d50a3a" className="ChessTests.RookTests, ChessTests, Version=1.0.0.0, Culture=neutral, PublicKeyToken=null" name="cannotCaptureOwnPieceHorizontallyRight" />
    </UnitTest>
    <UnitTest name="canMoveBlackKnightDownRight" storage="..\chesstests\bin\debug\chesstests.dll" id="5e1118ed-9b53-f770-8503-6b91f9e32547">
      <Execution timeOut="1800000" id="bbf79c5f-44e9-432e-bf37-a190fe992b70" />
      <TestMethod codeBase="C:/Users/ShaneH/Documents/Visual Studio 2012/Projects/Chess/ChessTests/bin/Debug/ChessTests.dll" adapterTypeName="Microsoft.VisualStudio.TestTools.TestTypes.Unit.UnitTestAdapter, Microsoft.VisualStudio.QualityTools.Tips.UnitTest.Adapter, Version=11.0.0.0, Culture=neutral, PublicKeyToken=b03f5f7f11d50a3a" className="ChessTests.KnightTests, ChessTests, Version=1.0.0.0, Culture=neutral, PublicKeyToken=null" name="canMoveBlackKnightDownRight" />
    </UnitTest>
    <UnitTest name="cannotMoveWhiteKnightAnywayElse" storage="..\chesstests\bin\debug\chesstests.dll" id="98edb5da-2506-8b04-eeed-1852ef2aaf00">
      <Execution timeOut="1800000" id="5e89ae36-931a-4a75-bc73-083b08c61f71" />
      <TestMethod codeBase="C:/Users/ShaneH/Documents/Visual Studio 2012/Projects/Chess/ChessTests/bin/Debug/ChessTests.dll" adapterTypeName="Microsoft.VisualStudio.TestTools.TestTypes.Unit.UnitTestAdapter, Microsoft.VisualStudio.QualityTools.Tips.UnitTest.Adapter, Version=11.0.0.0, Culture=neutral, PublicKeyToken=b03f5f7f11d50a3a" className="ChessTests.KnightTests, ChessTests, Version=1.0.0.0, Culture=neutral, PublicKeyToken=null" name="cannotMoveWhiteKnightAnywayElse" />
    </UnitTest>
    <UnitTest name="canMoveBlackKnightDownLeft" storage="..\chesstests\bin\debug\chesstests.dll" id="708e0fda-e1a5-7f8b-3069-c1364aee94b5">
      <Execution timeOut="1800000" id="31e2bd4d-7bd8-41bf-b5d9-7f24fdd78b5c" />
      <TestMethod codeBase="C:/Users/ShaneH/Documents/Visual Studio 2012/Projects/Chess/ChessTests/bin/Debug/ChessTests.dll" adapterTypeName="Microsoft.VisualStudio.TestTools.TestTypes.Unit.UnitTestAdapter, Microsoft.VisualStudio.QualityTools.Tips.UnitTest.Adapter, Version=11.0.0.0, Culture=neutral, PublicKeyToken=b03f5f7f11d50a3a" className="ChessTests.KnightTests, ChessTests, Version=1.0.0.0, Culture=neutral, PublicKeyToken=null" name="canMoveBlackKnightDownLeft" />
    </UnitTest>
    <UnitTest name="invalidMoveGivesCorrectPieceName" storage="..\chesstests\bin\debug\chesstests.dll" id="c402f9ec-8f13-951f-df43-c12680e572ae">
      <Execution timeOut="1800000" id="1d34db01-ebf8-4d82-afbf-12062d6c364d" />
      <TestMethod codeBase="C:/Users/ShaneH/Documents/Visual Studio 2012/Projects/Chess/ChessTests/bin/Debug/ChessTests.dll" adapterTypeName="Microsoft.VisualStudio.TestTools.TestTypes.Unit.UnitTestAdapter, Microsoft.VisualStudio.QualityTools.Tips.UnitTest.Adapter, Version=11.0.0.0, Culture=neutral, PublicKeyToken=b03f5f7f11d50a3a" className="ChessTests.QueenTests, ChessTests, Version=1.0.0.0, Culture=neutral, PublicKeyToken=null" name="invalidMoveGivesCorrectPieceName" />
    </UnitTest>
    <UnitTest name="moveEnPassantLeftRemovesPiece" storage="..\chesstests\bin\debug\chesstests.dll" id="4f8f2480-799b-0be7-4437-c1ecf75fbaa1">
      <Execution timeOut="1800000" id="48d23554-d785-4794-bc39-9c3d36983aab" />
      <TestMethod codeBase="C:/Users/ShaneH/Documents/Visual Studio 2012/Projects/Chess/ChessTests/bin/Debug/ChessTests.dll" adapterTypeName="Microsoft.VisualStudio.TestTools.TestTypes.Unit.UnitTestAdapter, Microsoft.VisualStudio.QualityTools.Tips.UnitTest.Adapter, Version=11.0.0.0, Culture=neutral, PublicKeyToken=b03f5f7f11d50a3a" className="ChessTests.PawnTests, ChessTests, Version=1.0.0.0, Culture=neutral, PublicKeyToken=null" name="moveEnPassantLeftRemovesPiece" />
    </UnitTest>
    <UnitTest name="canMoveQueenDiagDownLeft" storage="..\chesstests\bin\debug\chesstests.dll" id="2d6867c6-934d-12ca-881f-8ca2af17d2e4">
      <Execution timeOut="1800000" id="dbbe397a-4eb2-4763-a9e6-3e2730265e34" />
      <TestMethod codeBase="C:/Users/ShaneH/Documents/Visual Studio 2012/Projects/Chess/ChessTests/bin/Debug/ChessTests.dll" adapterTypeName="Microsoft.VisualStudio.TestTools.TestTypes.Unit.UnitTestAdapter, Microsoft.VisualStudio.QualityTools.Tips.UnitTest.Adapter, Version=11.0.0.0, Culture=neutral, PublicKeyToken=b03f5f7f11d50a3a" className="ChessTests.QueenTests, ChessTests, Version=1.0.0.0, Culture=neutral, PublicKeyToken=null" name="canMoveQueenDiagDownLeft" />
    </UnitTest>
    <UnitTest name="noErrorOnTopRight" storage="..\chesstests\bin\debug\chesstests.dll" id="4981dea8-f169-664c-472f-78db2ae78861">
      <Execution timeOut="1800000" id="2496b812-9d86-4897-806a-16ac152aec60" />
      <TestMethod codeBase="C:/Users/ShaneH/Documents/Visual Studio 2012/Projects/Chess/ChessTests/bin/Debug/ChessTests.dll" adapterTypeName="Microsoft.VisualStudio.TestTools.TestTypes.Unit.UnitTestAdapter, Microsoft.VisualStudio.QualityTools.Tips.UnitTest.Adapter, Version=11.0.0.0, Culture=neutral, PublicKeyToken=b03f5f7f11d50a3a" className="ChessTests.KnightTests, ChessTests, Version=1.0.0.0, Culture=neutral, PublicKeyToken=null" name="noErrorOnTopRight" />
    </UnitTest>
    <UnitTest name="cannotCaptureOwnPieceVerticallyDown" storage="..\chesstests\bin\debug\chesstests.dll" id="9f249bfa-9307-bb63-1468-401f06cff04f">
      <Execution timeOut="1800000" id="c02b1d53-8d6c-47cc-9ba3-bb1748005131" />
      <TestMethod codeBase="C:/Users/ShaneH/Documents/Visual Studio 2012/Projects/Chess/ChessTests/bin/Debug/ChessTests.dll" adapterTypeName="Microsoft.VisualStudio.TestTools.TestTypes.Unit.UnitTestAdapter, Microsoft.VisualStudio.QualityTools.Tips.UnitTest.Adapter, Version=11.0.0.0, Culture=neutral, PublicKeyToken=b03f5f7f11d50a3a" className="ChessTests.RookTests, ChessTests, Version=1.0.0.0, Culture=neutral, PublicKeyToken=null" name="cannotCaptureOwnPieceVerticallyDown" />
    </UnitTest>
    <UnitTest name="getExceptionWhenSelectCellNegativeCol" storage="..\chesstests\bin\debug\chesstests.dll" id="18c1f855-99f0-d7c9-3814-1b9500d79abb">
      <Execution timeOut="1800000" id="a35d5d42-d61e-45d4-a751-8aa6e91336ff" />
      <TestMethod codeBase="C:/Users/ShaneH/Documents/Visual Studio 2012/Projects/Chess/ChessTests/bin/Debug/ChessTests.dll" adapterTypeName="Microsoft.VisualStudio.TestTools.TestTypes.Unit.UnitTestAdapter, Microsoft.VisualStudio.QualityTools.Tips.UnitTest.Adapter, Version=11.0.0.0, Culture=neutral, PublicKeyToken=b03f5f7f11d50a3a" className="ChessTests.ChessTests, ChessTests, Version=1.0.0.0, Culture=neutral, PublicKeyToken=null" name="getExceptionWhenSelectCellNegativeCol" />
    </UnitTest>
    <UnitTest name="canMoveWhiteBishopDiagonallyDownLeftNoObstructions" storage="..\chesstests\bin\debug\chesstests.dll" id="cbde31ee-3d88-9411-c095-9535119853f5">
      <Execution timeOut="1800000" id="f9869df9-2af9-494e-8a7c-f96c35f4d866" />
      <TestMethod codeBase="C:/Users/ShaneH/Documents/Visual Studio 2012/Projects/Chess/ChessTests/bin/Debug/ChessTests.dll" adapterTypeName="Microsoft.VisualStudio.TestTools.TestTypes.Unit.UnitTestAdapter, Microsoft.VisualStudio.QualityTools.Tips.UnitTest.Adapter, Version=11.0.0.0, Culture=neutral, PublicKeyToken=b03f5f7f11d50a3a" className="ChessTests.BishopTests, ChessTests, Version=1.0.0.0, Culture=neutral, PublicKeyToken=null" name="canMoveWhiteBishopDiagonallyDownLeftNoObstructions" />
    </UnitTest>
    <UnitTest name="cannotJumpOppositionDiagDownLeft" storage="..\chesstests\bin\debug\chesstests.dll" id="fd4c62da-b4fc-b947-da46-845314dd7c18">
      <Execution timeOut="1800000" id="004978cf-a74a-4ad2-94f4-9ef0963b27be" />
      <TestMethod codeBase="C:/Users/ShaneH/Documents/Visual Studio 2012/Projects/Chess/ChessTests/bin/Debug/ChessTests.dll" adapterTypeName="Microsoft.VisualStudio.TestTools.TestTypes.Unit.UnitTestAdapter, Microsoft.VisualStudio.QualityTools.Tips.UnitTest.Adapter, Version=11.0.0.0, Culture=neutral, PublicKeyToken=b03f5f7f11d50a3a" className="ChessTests.BishopTests, ChessTests, Version=1.0.0.0, Culture=neutral, PublicKeyToken=null" name="cannotJumpOppositionDiagDownLeft" />
    </UnitTest>
    <UnitTest name="areBishopsSetup" storage="..\chesstests\bin\debug\chesstests.dll" id="59322b24-fed2-1448-d0b4-50356cfcbb98">
      <Execution timeOut="1800000" id="9ce35571-ff6b-4e92-8c95-99b93aeb9cb7" />
      <TestMethod codeBase="C:/Users/ShaneH/Documents/Visual Studio 2012/Projects/Chess/ChessTests/bin/Debug/ChessTests.dll" adapterTypeName="Microsoft.VisualStudio.TestTools.TestTypes.Unit.UnitTestAdapter, Microsoft.VisualStudio.QualityTools.Tips.UnitTest.Adapter, Version=11.0.0.0, Culture=neutral, PublicKeyToken=b03f5f7f11d50a3a" className="ChessTests.ChessTests, ChessTests, Version=1.0.0.0, Culture=neutral, PublicKeyToken=null" name="areBishopsSetup" />
    </UnitTest>
    <UnitTest name="cannotTakeOwnPieceDiagLeft" storage="..\chesstests\bin\debug\chesstests.dll" id="17c89217-fc60-adea-d5e7-d8f5759cacf3">
      <Execution timeOut="1800000" id="fdc24111-a718-4e5e-8980-91d729c1896a" />
      <TestMethod codeBase="C:/Users/ShaneH/Documents/Visual Studio 2012/Projects/Chess/ChessTests/bin/Debug/ChessTests.dll" adapterTypeName="Microsoft.VisualStudio.TestTools.TestTypes.Unit.UnitTestAdapter, Microsoft.VisualStudio.QualityTools.Tips.UnitTest.Adapter, Version=11.0.0.0, Culture=neutral, PublicKeyToken=b03f5f7f11d50a3a" className="ChessTests.PawnTests, ChessTests, Version=1.0.0.0, Culture=neutral, PublicKeyToken=null" name="cannotTakeOwnPieceDiagLeft" />
    </UnitTest>
    <UnitTest name="canTakeOppositionPieceMovingLeft" storage="..\chesstests\bin\debug\chesstests.dll" id="cdb353a5-fbfe-08cc-ac19-32e4bc7ee0af">
      <Execution timeOut="1800000" id="e5c3c86f-9b31-42ca-953c-cbef196876a5" />
      <TestMethod codeBase="C:/Users/ShaneH/Documents/Visual Studio 2012/Projects/Chess/ChessTests/bin/Debug/ChessTests.dll" adapterTypeName="Microsoft.VisualStudio.TestTools.TestTypes.Unit.UnitTestAdapter, Microsoft.VisualStudio.QualityTools.Tips.UnitTest.Adapter, Version=11.0.0.0, Culture=neutral, PublicKeyToken=b03f5f7f11d50a3a" className="ChessTests.KingTests, ChessTests, Version=1.0.0.0, Culture=neutral, PublicKeyToken=null" name="canTakeOppositionPieceMovingLeft" />
    </UnitTest>
    <UnitTest name="canMoveBlackRookVerticallyDown" storage="..\chesstests\bin\debug\chesstests.dll" id="80cf12b5-407d-385e-fa57-ce82569f7e4e">
      <Execution timeOut="1800000" id="3abc0c87-9ae3-4a11-b5f6-574865051db9" />
      <TestMethod codeBase="C:/Users/ShaneH/Documents/Visual Studio 2012/Projects/Chess/ChessTests/bin/Debug/ChessTests.dll" adapterTypeName="Microsoft.VisualStudio.TestTools.TestTypes.Unit.UnitTestAdapter, Microsoft.VisualStudio.QualityTools.Tips.UnitTest.Adapter, Version=11.0.0.0, Culture=neutral, PublicKeyToken=b03f5f7f11d50a3a" className="ChessTests.RookTests, ChessTests, Version=1.0.0.0, Culture=neutral, PublicKeyToken=null" name="canMoveBlackRookVerticallyDown" />
    </UnitTest>
    <UnitTest name="canMoveWhiteRookHorizontallyRight" storage="..\chesstests\bin\debug\chesstests.dll" id="cd30a197-746f-89fa-f26c-aad357b6347f">
      <Execution timeOut="1800000" id="9a879f39-374c-4b19-9015-0b8e1fe03ffb" />
      <TestMethod codeBase="C:/Users/ShaneH/Documents/Visual Studio 2012/Projects/Chess/ChessTests/bin/Debug/ChessTests.dll" adapterTypeName="Microsoft.VisualStudio.TestTools.TestTypes.Unit.UnitTestAdapter, Microsoft.VisualStudio.QualityTools.Tips.UnitTest.Adapter, Version=11.0.0.0, Culture=neutral, PublicKeyToken=b03f5f7f11d50a3a" className="ChessTests.RookTests, ChessTests, Version=1.0.0.0, Culture=neutral, PublicKeyToken=null" name="canMoveWhiteRookHorizontallyRight" />
    </UnitTest>
    <UnitTest name="invalidMoveGivesCorrectPieceName" storage="..\chesstests\bin\debug\chesstests.dll" id="c9fb8199-30a5-e351-264b-e657ae13b916">
      <Execution timeOut="1800000" id="a365f744-379c-4955-afc7-ae61b7bca326" />
      <TestMethod codeBase="C:/Users/ShaneH/Documents/Visual Studio 2012/Projects/Chess/ChessTests/bin/Debug/ChessTests.dll" adapterTypeName="Microsoft.VisualStudio.TestTools.TestTypes.Unit.UnitTestAdapter, Microsoft.VisualStudio.QualityTools.Tips.UnitTest.Adapter, Version=11.0.0.0, Culture=neutral, PublicKeyToken=b03f5f7f11d50a3a" className="ChessTests.PawnTests, ChessTests, Version=1.0.0.0, Culture=neutral, PublicKeyToken=null" name="invalidMoveGivesCorrectPieceName" />
    </UnitTest>
    <UnitTest name="cannotMoveRookPastCaptureHorizontallyLeft" storage="..\chesstests\bin\debug\chesstests.dll" id="e3b4f7d1-fd34-7000-16fb-2198b034047c">
      <Execution timeOut="1800000" id="ffae8211-83d4-4467-a21e-b4185e539629" />
      <TestMethod codeBase="C:/Users/ShaneH/Documents/Visual Studio 2012/Projects/Chess/ChessTests/bin/Debug/ChessTests.dll" adapterTypeName="Microsoft.VisualStudio.TestTools.TestTypes.Unit.UnitTestAdapter, Microsoft.VisualStudio.QualityTools.Tips.UnitTest.Adapter, Version=11.0.0.0, Culture=neutral, PublicKeyToken=b03f5f7f11d50a3a" className="ChessTests.RookTests, ChessTests, Version=1.0.0.0, Culture=neutral, PublicKeyToken=null" name="cannotMoveRookPastCaptureHorizontallyLeft" />
    </UnitTest>
    <UnitTest name="cannotMoveRookPastCaptureVerticallyUp" storage="..\chesstests\bin\debug\chesstests.dll" id="a0f3f893-c4ef-ab53-8734-d2a1d7c9bd6f">
      <Execution timeOut="1800000" id="153c4fd7-a008-4051-874e-4cab9d63eeea" />
      <TestMethod codeBase="C:/Users/ShaneH/Documents/Visual Studio 2012/Projects/Chess/ChessTests/bin/Debug/ChessTests.dll" adapterTypeName="Microsoft.VisualStudio.TestTools.TestTypes.Unit.UnitTestAdapter, Microsoft.VisualStudio.QualityTools.Tips.UnitTest.Adapter, Version=11.0.0.0, Culture=neutral, PublicKeyToken=b03f5f7f11d50a3a" className="ChessTests.RookTests, ChessTests, Version=1.0.0.0, Culture=neutral, PublicKeyToken=null" name="cannotMoveRookPastCaptureVerticallyUp" />
    </UnitTest>
    <UnitTest name="cannotTakeOwnPieceDiagDownLeft" storage="..\chesstests\bin\debug\chesstests.dll" id="11146e4e-bbf4-ec57-67f8-0efcf6651dcd">
      <Execution timeOut="1800000" id="8a146a4b-241d-4906-9104-47efc92efc3d" />
      <TestMethod codeBase="C:/Users/ShaneH/Documents/Visual Studio 2012/Projects/Chess/ChessTests/bin/Debug/ChessTests.dll" adapterTypeName="Microsoft.VisualStudio.TestTools.TestTypes.Unit.UnitTestAdapter, Microsoft.VisualStudio.QualityTools.Tips.UnitTest.Adapter, Version=11.0.0.0, Culture=neutral, PublicKeyToken=b03f5f7f11d50a3a" className="ChessTests.BishopTests, ChessTests, Version=1.0.0.0, Culture=neutral, PublicKeyToken=null" name="cannotTakeOwnPieceDiagDownLeft" />
    </UnitTest>
    <UnitTest name="blackPawnCannotTakeEmptyPieceRight" storage="..\chesstests\bin\debug\chesstests.dll" id="d6be978c-e15f-fa6c-2dca-55f439cdf674">
      <Execution timeOut="1800000" id="093c3937-b0ce-4ec5-8ba8-a7f5d06e2809" />
      <TestMethod codeBase="C:/Users/ShaneH/Documents/Visual Studio 2012/Projects/Chess/ChessTests/bin/Debug/ChessTests.dll" adapterTypeName="Microsoft.VisualStudio.TestTools.TestTypes.Unit.UnitTestAdapter, Microsoft.VisualStudio.QualityTools.Tips.UnitTest.Adapter, Version=11.0.0.0, Culture=neutral, PublicKeyToken=b03f5f7f11d50a3a" className="ChessTests.PawnTests, ChessTests, Version=1.0.0.0, Culture=neutral, PublicKeyToken=null" name="blackPawnCannotTakeEmptyPieceRight" />
    </UnitTest>
    <UnitTest name="areRooksSetup" storage="..\chesstests\bin\debug\chesstests.dll" id="9ea0817e-195f-4525-9215-e116df1a5f63">
      <Execution timeOut="1800000" id="5166ab52-399b-45b5-b73b-6df62af6c1a8" />
      <TestMethod codeBase="C:/Users/ShaneH/Documents/Visual Studio 2012/Projects/Chess/ChessTests/bin/Debug/ChessTests.dll" adapterTypeName="Microsoft.VisualStudio.TestTools.TestTypes.Unit.UnitTestAdapter, Microsoft.VisualStudio.QualityTools.Tips.UnitTest.Adapter, Version=11.0.0.0, Culture=neutral, PublicKeyToken=b03f5f7f11d50a3a" className="ChessTests.ChessTests, ChessTests, Version=1.0.0.0, Culture=neutral, PublicKeyToken=null" name="areRooksSetup" />
    </UnitTest>
    <UnitTest name="cannotCaptureOwnPieceHorizontallyLeft" storage="..\chesstests\bin\debug\chesstests.dll" id="a5b7c6bb-ac35-2bcc-b00a-fa06ab788ad9">
      <Execution timeOut="1800000" id="a74a71f6-632b-48d4-a6f6-aef5e534e491" />
      <TestMethod codeBase="C:/Users/ShaneH/Documents/Visual Studio 2012/Projects/Chess/ChessTests/bin/Debug/ChessTests.dll" adapterTypeName="Microsoft.VisualStudio.TestTools.TestTypes.Unit.UnitTestAdapter, Microsoft.VisualStudio.QualityTools.Tips.UnitTest.Adapter, Version=11.0.0.0, Culture=neutral, PublicKeyToken=b03f5f7f11d50a3a" className="ChessTests.RookTests, ChessTests, Version=1.0.0.0, Culture=neutral, PublicKeyToken=null" name="cannotCaptureOwnPieceHorizontallyLeft" />
    </UnitTest>
    <UnitTest name="canMoveBlackBishopDiagonallyDownLeftNoObstructions" storage="..\chesstests\bin\debug\chesstests.dll" id="b1d1289f-9e7e-87c4-873a-568aec1ab10b">
      <Execution timeOut="1800000" id="ecde6a84-9754-4ecf-9385-4be135f1cc6e" />
      <TestMethod codeBase="C:/Users/ShaneH/Documents/Visual Studio 2012/Projects/Chess/ChessTests/bin/Debug/ChessTests.dll" adapterTypeName="Microsoft.VisualStudio.TestTools.TestTypes.Unit.UnitTestAdapter, Microsoft.VisualStudio.QualityTools.Tips.UnitTest.Adapter, Version=11.0.0.0, Culture=neutral, PublicKeyToken=b03f5f7f11d50a3a" className="ChessTests.BishopTests, ChessTests, Version=1.0.0.0, Culture=neutral, PublicKeyToken=null" name="canMoveBlackBishopDiagonallyDownLeftNoObstructions" />
    </UnitTest>
    <UnitTest name="canMoveQueenVerticallyUp" storage="..\chesstests\bin\debug\chesstests.dll" id="61071a05-3bb9-84f7-1063-093a7badabca">
      <Execution timeOut="1800000" id="7bcc634b-4a65-41f9-b17e-294e65e34f47" />
      <TestMethod codeBase="C:/Users/ShaneH/Documents/Visual Studio 2012/Projects/Chess/ChessTests/bin/Debug/ChessTests.dll" adapterTypeName="Microsoft.VisualStudio.TestTools.TestTypes.Unit.UnitTestAdapter, Microsoft.VisualStudio.QualityTools.Tips.UnitTest.Adapter, Version=11.0.0.0, Culture=neutral, PublicKeyToken=b03f5f7f11d50a3a" className="ChessTests.QueenTests, ChessTests, Version=1.0.0.0, Culture=neutral, PublicKeyToken=null" name="canMoveQueenVerticallyUp" />
    </UnitTest>
    <UnitTest name="whitePawnCannotMoveBackwards" storage="..\chesstests\bin\debug\chesstests.dll" id="5e0522cb-aa6a-a547-6b61-65ded7b9398a">
      <Execution timeOut="1800000" id="005a6efd-051f-41c0-b0a5-b2714f77fa37" />
      <TestMethod codeBase="C:/Users/ShaneH/Documents/Visual Studio 2012/Projects/Chess/ChessTests/bin/Debug/ChessTests.dll" adapterTypeName="Microsoft.VisualStudio.TestTools.TestTypes.Unit.UnitTestAdapter, Microsoft.VisualStudio.QualityTools.Tips.UnitTest.Adapter, Version=11.0.0.0, Culture=neutral, PublicKeyToken=b03f5f7f11d50a3a" className="ChessTests.PawnTests, ChessTests, Version=1.0.0.0, Culture=neutral, PublicKeyToken=null" name="whitePawnCannotMoveBackwards" />
    </UnitTest>
    <UnitTest name="areEvenRowColoursSetup" storage="..\chesstests\bin\debug\chesstests.dll" id="64ef643a-95e0-b1de-5aee-37e849e90430">
      <Execution timeOut="1800000" id="bca6e385-6475-4b09-9f17-f246a0e504e4" />
      <TestMethod codeBase="C:/Users/ShaneH/Documents/Visual Studio 2012/Projects/Chess/ChessTests/bin/Debug/ChessTests.dll" adapterTypeName="Microsoft.VisualStudio.TestTools.TestTypes.Unit.UnitTestAdapter, Microsoft.VisualStudio.QualityTools.Tips.UnitTest.Adapter, Version=11.0.0.0, Culture=neutral, PublicKeyToken=b03f5f7f11d50a3a" className="ChessTests.ChessTests, ChessTests, Version=1.0.0.0, Culture=neutral, PublicKeyToken=null" name="areEvenRowColoursSetup" />
    </UnitTest>
    <UnitTest name="cannotTakeOwnPieceMovingDown" storage="..\chesstests\bin\debug\chesstests.dll" id="d4181de0-82b5-2bf4-4e2d-51f91ba36e4c">
      <Execution timeOut="1800000" id="e579594d-7b24-43a4-b2c0-046d5bebb993" />
      <TestMethod codeBase="C:/Users/ShaneH/Documents/Visual Studio 2012/Projects/Chess/ChessTests/bin/Debug/ChessTests.dll" adapterTypeName="Microsoft.VisualStudio.TestTools.TestTypes.Unit.UnitTestAdapter, Microsoft.VisualStudio.QualityTools.Tips.UnitTest.Adapter, Version=11.0.0.0, Culture=neutral, PublicKeyToken=b03f5f7f11d50a3a" className="ChessTests.KingTests, ChessTests, Version=1.0.0.0, Culture=neutral, PublicKeyToken=null" name="cannotTakeOwnPieceMovingDown" />
    </UnitTest>
    <UnitTest name="areMiddleCellsEmpty" storage="..\chesstests\bin\debug\chesstests.dll" id="9d752e3a-962f-b4d2-f688-e9e19ffd27bf">
      <Execution timeOut="1800000" id="c8e84dc0-19c5-42b4-b0f1-6231693b8756" />
      <TestMethod codeBase="C:/Users/ShaneH/Documents/Visual Studio 2012/Projects/Chess/ChessTests/bin/Debug/ChessTests.dll" adapterTypeName="Microsoft.VisualStudio.TestTools.TestTypes.Unit.UnitTestAdapter, Microsoft.VisualStudio.QualityTools.Tips.UnitTest.Adapter, Version=11.0.0.0, Culture=neutral, PublicKeyToken=b03f5f7f11d50a3a" className="ChessTests.ChessTests, ChessTests, Version=1.0.0.0, Culture=neutral, PublicKeyToken=null" name="areMiddleCellsEmpty" />
    </UnitTest>
    <UnitTest name="moveEnPassantRightRemovesPiece" storage="..\chesstests\bin\debug\chesstests.dll" id="978c0671-8eb9-8633-411e-8b65bb821d6c">
      <Execution timeOut="1800000" id="06ffaab8-1821-4d1a-a643-5ee5fbcaafe2" />
      <TestMethod codeBase="C:/Users/ShaneH/Documents/Visual Studio 2012/Projects/Chess/ChessTests/bin/Debug/ChessTests.dll" adapterTypeName="Microsoft.VisualStudio.TestTools.TestTypes.Unit.UnitTestAdapter, Microsoft.VisualStudio.QualityTools.Tips.UnitTest.Adapter, Version=11.0.0.0, Culture=neutral, PublicKeyToken=b03f5f7f11d50a3a" className="ChessTests.PawnTests, ChessTests, Version=1.0.0.0, Culture=neutral, PublicKeyToken=null" name="moveEnPassantRightRemovesPiece" />
    </UnitTest>
    <UnitTest name="canMoveWhiteKnightLeftDown" storage="..\chesstests\bin\debug\chesstests.dll" id="cf3b5912-6ae6-e0a1-b350-a9a883f44204">
      <Execution timeOut="1800000" id="b16fb72a-8c20-48c5-9495-3c9f844b0989" />
      <TestMethod codeBase="C:/Users/ShaneH/Documents/Visual Studio 2012/Projects/Chess/ChessTests/bin/Debug/ChessTests.dll" adapterTypeName="Microsoft.VisualStudio.TestTools.TestTypes.Unit.UnitTestAdapter, Microsoft.VisualStudio.QualityTools.Tips.UnitTest.Adapter, Version=11.0.0.0, Culture=neutral, PublicKeyToken=b03f5f7f11d50a3a" className="ChessTests.KnightTests, ChessTests, Version=1.0.0.0, Culture=neutral, PublicKeyToken=null" name="canMoveWhiteKnightLeftDown" />
    </UnitTest>
    <UnitTest name="canMoveWhiteRookHorizontallyLeft" storage="..\chesstests\bin\debug\chesstests.dll" id="59555551-2870-ef13-6be7-cabc129b6b60">
      <Execution timeOut="1800000" id="e68ed7d2-6a54-4a7e-94d4-190a35ed75dd" />
      <TestMethod codeBase="C:/Users/ShaneH/Documents/Visual Studio 2012/Projects/Chess/ChessTests/bin/Debug/ChessTests.dll" adapterTypeName="Microsoft.VisualStudio.TestTools.TestTypes.Unit.UnitTestAdapter, Microsoft.VisualStudio.QualityTools.Tips.UnitTest.Adapter, Version=11.0.0.0, Culture=neutral, PublicKeyToken=b03f5f7f11d50a3a" className="ChessTests.RookTests, ChessTests, Version=1.0.0.0, Culture=neutral, PublicKeyToken=null" name="canMoveWhiteRookHorizontallyLeft" />
    </UnitTest>
    <UnitTest name="cannotTakeOwnPieceDiagRight" storage="..\chesstests\bin\debug\chesstests.dll" id="557ea181-0881-47c7-90a7-baa142d9c0b1">
      <Execution timeOut="1800000" id="f1498836-3add-49a4-b0dc-c689d602bab6" />
      <TestMethod codeBase="C:/Users/ShaneH/Documents/Visual Studio 2012/Projects/Chess/ChessTests/bin/Debug/ChessTests.dll" adapterTypeName="Microsoft.VisualStudio.TestTools.TestTypes.Unit.UnitTestAdapter, Microsoft.VisualStudio.QualityTools.Tips.UnitTest.Adapter, Version=11.0.0.0, Culture=neutral, PublicKeyToken=b03f5f7f11d50a3a" className="ChessTests.PawnTests, ChessTests, Version=1.0.0.0, Culture=neutral, PublicKeyToken=null" name="cannotTakeOwnPieceDiagRight" />
    </UnitTest>
    <UnitTest name="noErrorWhenOnBottomLeft" storage="..\chesstests\bin\debug\chesstests.dll" id="a64ca845-c01a-2574-9dc9-d481b1eb66ae">
      <Execution timeOut="1800000" id="d906a582-3f89-46c2-972f-b9e890a638bf" />
      <TestMethod codeBase="C:/Users/ShaneH/Documents/Visual Studio 2012/Projects/Chess/ChessTests/bin/Debug/ChessTests.dll" adapterTypeName="Microsoft.VisualStudio.TestTools.TestTypes.Unit.UnitTestAdapter, Microsoft.VisualStudio.QualityTools.Tips.UnitTest.Adapter, Version=11.0.0.0, Culture=neutral, PublicKeyToken=b03f5f7f11d50a3a" className="ChessTests.KnightTests, ChessTests, Version=1.0.0.0, Culture=neutral, PublicKeyToken=null" name="noErrorWhenOnBottomLeft" />
    </UnitTest>
    <UnitTest name="canMoveKingOneDown" storage="..\chesstests\bin\debug\chesstests.dll" id="09b9970f-5bc4-c7f2-6dce-33edfb74fb47">
      <Execution timeOut="1800000" id="2e7f00e8-c704-461b-aac4-dda9a331f315" />
      <TestMethod codeBase="C:/Users/ShaneH/Documents/Visual Studio 2012/Projects/Chess/ChessTests/bin/Debug/ChessTests.dll" adapterTypeName="Microsoft.VisualStudio.TestTools.TestTypes.Unit.UnitTestAdapter, Microsoft.VisualStudio.QualityTools.Tips.UnitTest.Adapter, Version=11.0.0.0, Culture=neutral, PublicKeyToken=b03f5f7f11d50a3a" className="ChessTests.KingTests, ChessTests, Version=1.0.0.0, Culture=neutral, PublicKeyToken=null" name="canMoveKingOneDown" />
    </UnitTest>
    <UnitTest name="canMoveBlackBishopDiagonalUpLeftNoObstructions" storage="..\chesstests\bin\debug\chesstests.dll" id="f758d7bc-486f-01b2-cb64-d4b549c6a040">
      <Execution timeOut="1800000" id="813d692f-645b-4a14-a067-c7f69a00e94f" />
      <TestMethod codeBase="C:/Users/ShaneH/Documents/Visual Studio 2012/Projects/Chess/ChessTests/bin/Debug/ChessTests.dll" adapterTypeName="Microsoft.VisualStudio.TestTools.TestTypes.Unit.UnitTestAdapter, Microsoft.VisualStudio.QualityTools.Tips.UnitTest.Adapter, Version=11.0.0.0, Culture=neutral, PublicKeyToken=b03f5f7f11d50a3a" className="ChessTests.BishopTests, ChessTests, Version=1.0.0.0, Culture=neutral, PublicKeyToken=null" name="canMoveBlackBishopDiagonalUpLeftNoObstructions" />
    </UnitTest>
    <UnitTest name="cannotJumpOppositionDiagUpRight" storage="..\chesstests\bin\debug\chesstests.dll" id="6569eff2-7f15-ccb7-f02b-db4adb59c7db">
      <Execution timeOut="1800000" id="1da3587f-23f8-43e9-a885-4c3cf8514ab9" />
      <TestMethod codeBase="C:/Users/ShaneH/Documents/Visual Studio 2012/Projects/Chess/ChessTests/bin/Debug/ChessTests.dll" adapterTypeName="Microsoft.VisualStudio.TestTools.TestTypes.Unit.UnitTestAdapter, Microsoft.VisualStudio.QualityTools.Tips.UnitTest.Adapter, Version=11.0.0.0, Culture=neutral, PublicKeyToken=b03f5f7f11d50a3a" className="ChessTests.BishopTests, ChessTests, Version=1.0.0.0, Culture=neutral, PublicKeyToken=null" name="cannotJumpOppositionDiagUpRight" />
    </UnitTest>
    <UnitTest name="cannotCaptureOwnPieceBottomLeft" storage="..\chesstests\bin\debug\chesstests.dll" id="5549ceba-3e9a-6148-26c8-8ad403ffbfa1">
      <Execution timeOut="1800000" id="51383085-1ae8-4856-b141-f25098e5a45f" />
      <TestMethod codeBase="C:/Users/ShaneH/Documents/Visual Studio 2012/Projects/Chess/ChessTests/bin/Debug/ChessTests.dll" adapterTypeName="Microsoft.VisualStudio.TestTools.TestTypes.Unit.UnitTestAdapter, Microsoft.VisualStudio.QualityTools.Tips.UnitTest.Adapter, Version=11.0.0.0, Culture=neutral, PublicKeyToken=b03f5f7f11d50a3a" className="ChessTests.KnightTests, ChessTests, Version=1.0.0.0, Culture=neutral, PublicKeyToken=null" name="cannotCaptureOwnPieceBottomLeft" />
    </UnitTest>
    <UnitTest name="canTakeOppositionPieceMovingDownRight" storage="..\chesstests\bin\debug\chesstests.dll" id="4b659aa5-2064-7295-f3dc-47eac73b7ede">
      <Execution timeOut="1800000" id="c0d915cb-2a02-4a21-afa5-5a9ad27c58fe" />
      <TestMethod codeBase="C:/Users/ShaneH/Documents/Visual Studio 2012/Projects/Chess/ChessTests/bin/Debug/ChessTests.dll" adapterTypeName="Microsoft.VisualStudio.TestTools.TestTypes.Unit.UnitTestAdapter, Microsoft.VisualStudio.QualityTools.Tips.UnitTest.Adapter, Version=11.0.0.0, Culture=neutral, PublicKeyToken=b03f5f7f11d50a3a" className="ChessTests.KingTests, ChessTests, Version=1.0.0.0, Culture=neutral, PublicKeyToken=null" name="canTakeOppositionPieceMovingDownRight" />
    </UnitTest>
    <UnitTest name="cannotMove2AtStartIfPieceInTheWay" storage="..\chesstests\bin\debug\chesstests.dll" id="2ead5f87-4f49-9731-8b7d-274f7728f6ce">
      <Execution timeOut="1800000" id="c5841970-7956-4e6b-a1e4-8ae8182f9908" />
      <TestMethod codeBase="C:/Users/ShaneH/Documents/Visual Studio 2012/Projects/Chess/ChessTests/bin/Debug/ChessTests.dll" adapterTypeName="Microsoft.VisualStudio.TestTools.TestTypes.Unit.UnitTestAdapter, Microsoft.VisualStudio.QualityTools.Tips.UnitTest.Adapter, Version=11.0.0.0, Culture=neutral, PublicKeyToken=b03f5f7f11d50a3a" className="ChessTests.PawnTests, ChessTests, Version=1.0.0.0, Culture=neutral, PublicKeyToken=null" name="cannotMove2AtStartIfPieceInTheWay" />
    </UnitTest>
    <UnitTest name="moveEnPassantRightNotImmediateThrowsError" storage="..\chesstests\bin\debug\chesstests.dll" id="1ae802a5-bb94-ae3c-980c-cf0121da8a4a">
      <Execution timeOut="1800000" id="a2a3afd4-97b4-4b5e-9888-71cfbb3ccc36" />
      <TestMethod codeBase="C:/Users/ShaneH/Documents/Visual Studio 2012/Projects/Chess/ChessTests/bin/Debug/ChessTests.dll" adapterTypeName="Microsoft.VisualStudio.TestTools.TestTypes.Unit.UnitTestAdapter, Microsoft.VisualStudio.QualityTools.Tips.UnitTest.Adapter, Version=11.0.0.0, Culture=neutral, PublicKeyToken=b03f5f7f11d50a3a" className="ChessTests.PawnTests, ChessTests, Version=1.0.0.0, Culture=neutral, PublicKeyToken=null" name="moveEnPassantRightNotImmediateThrowsError" />
    </UnitTest>
    <UnitTest name="cannotCaptureOwnPieceRightBottom" storage="..\chesstests\bin\debug\chesstests.dll" id="c281314e-828d-e156-cbd7-96cd2b327ed0">
      <Execution timeOut="1800000" id="8595b583-7ad3-45a3-964e-4bacc0f1c088" />
      <TestMethod codeBase="C:/Users/ShaneH/Documents/Visual Studio 2012/Projects/Chess/ChessTests/bin/Debug/ChessTests.dll" adapterTypeName="Microsoft.VisualStudio.TestTools.TestTypes.Unit.UnitTestAdapter, Microsoft.VisualStudio.QualityTools.Tips.UnitTest.Adapter, Version=11.0.0.0, Culture=neutral, PublicKeyToken=b03f5f7f11d50a3a" className="ChessTests.KnightTests, ChessTests, Version=1.0.0.0, Culture=neutral, PublicKeyToken=null" name="cannotCaptureOwnPieceRightBottom" />
    </UnitTest>
    <UnitTest name="canTakeOppositionPieceMovingForward" storage="..\chesstests\bin\debug\chesstests.dll" id="6043af01-0728-5b9e-9c02-bbb4296a7b49">
      <Execution timeOut="1800000" id="7eca7f9d-8763-4cf6-af42-ebc6e00b3ff7" />
      <TestMethod codeBase="C:/Users/ShaneH/Documents/Visual Studio 2012/Projects/Chess/ChessTests/bin/Debug/ChessTests.dll" adapterTypeName="Microsoft.VisualStudio.TestTools.TestTypes.Unit.UnitTestAdapter, Microsoft.VisualStudio.QualityTools.Tips.UnitTest.Adapter, Version=11.0.0.0, Culture=neutral, PublicKeyToken=b03f5f7f11d50a3a" className="ChessTests.KingTests, ChessTests, Version=1.0.0.0, Culture=neutral, PublicKeyToken=null" name="canTakeOppositionPieceMovingForward" />
    </UnitTest>
    <UnitTest name="cannotMove2AtStartIfPieceJustInFront" storage="..\chesstests\bin\debug\chesstests.dll" id="f4345ccc-f7f8-a9d0-d85f-f34d1eaed95e">
      <Execution timeOut="1800000" id="915ba021-b622-4038-925c-3e11431fd886" />
      <TestMethod codeBase="C:/Users/ShaneH/Documents/Visual Studio 2012/Projects/Chess/ChessTests/bin/Debug/ChessTests.dll" adapterTypeName="Microsoft.VisualStudio.TestTools.TestTypes.Unit.UnitTestAdapter, Microsoft.VisualStudio.QualityTools.Tips.UnitTest.Adapter, Version=11.0.0.0, Culture=neutral, PublicKeyToken=b03f5f7f11d50a3a" className="ChessTests.PawnTests, ChessTests, Version=1.0.0.0, Culture=neutral, PublicKeyToken=null" name="cannotMove2AtStartIfPieceJustInFront" />
    </UnitTest>
    <UnitTest name="getExceptionWhenSelectCellNegativeRow" storage="..\chesstests\bin\debug\chesstests.dll" id="b899b54b-1fed-9cb3-745e-fba087b88573">
      <Execution timeOut="1800000" id="68e135d1-a455-4ea7-b328-885631fdf979" />
      <TestMethod codeBase="C:/Users/ShaneH/Documents/Visual Studio 2012/Projects/Chess/ChessTests/bin/Debug/ChessTests.dll" adapterTypeName="Microsoft.VisualStudio.TestTools.TestTypes.Unit.UnitTestAdapter, Microsoft.VisualStudio.QualityTools.Tips.UnitTest.Adapter, Version=11.0.0.0, Culture=neutral, PublicKeyToken=b03f5f7f11d50a3a" className="ChessTests.ChessTests, ChessTests, Version=1.0.0.0, Culture=neutral, PublicKeyToken=null" name="getExceptionWhenSelectCellNegativeRow" />
    </UnitTest>
    <UnitTest name="canTakeOppositionPieceMovingDownLeft" storage="..\chesstests\bin\debug\chesstests.dll" id="f2c8f66f-5b37-9645-e49a-a041d148b602">
      <Execution timeOut="1800000" id="b24839df-0cc6-4270-93e0-e7514db101af" />
      <TestMethod codeBase="C:/Users/ShaneH/Documents/Visual Studio 2012/Projects/Chess/ChessTests/bin/Debug/ChessTests.dll" adapterTypeName="Microsoft.VisualStudio.TestTools.TestTypes.Unit.UnitTestAdapter, Microsoft.VisualStudio.QualityTools.Tips.UnitTest.Adapter, Version=11.0.0.0, Culture=neutral, PublicKeyToken=b03f5f7f11d50a3a" className="ChessTests.KingTests, ChessTests, Version=1.0.0.0, Culture=neutral, PublicKeyToken=null" name="canTakeOppositionPieceMovingDownLeft" />
    </UnitTest>
    <UnitTest name="canMoveKingUpRight" storage="..\chesstests\bin\debug\chesstests.dll" id="54bf5bb6-83d7-dbc0-fbb6-c50b912aca0c">
      <Execution timeOut="1800000" id="f8342830-35c4-4183-bd5f-3acfde734dc8" />
      <TestMethod codeBase="C:/Users/ShaneH/Documents/Visual Studio 2012/Projects/Chess/ChessTests/bin/Debug/ChessTests.dll" adapterTypeName="Microsoft.VisualStudio.TestTools.TestTypes.Unit.UnitTestAdapter, Microsoft.VisualStudio.QualityTools.Tips.UnitTest.Adapter, Version=11.0.0.0, Culture=neutral, PublicKeyToken=b03f5f7f11d50a3a" className="ChessTests.KingTests, ChessTests, Version=1.0.0.0, Culture=neutral, PublicKeyToken=null" name="canMoveKingUpRight" />
    </UnitTest>
    <UnitTest name="pieceHasNoValidMoves" storage="..\chesstests\bin\debug\chesstests.dll" id="dafe7a1e-3bd2-12cf-e3a7-a7dc8926d90c">
      <Execution timeOut="1800000" id="1d9b65d3-3a18-43a3-91f1-144c15c24381" />
      <TestMethod codeBase="C:/Users/ShaneH/Documents/Visual Studio 2012/Projects/Chess/ChessTests/bin/Debug/ChessTests.dll" adapterTypeName="Microsoft.VisualStudio.TestTools.TestTypes.Unit.UnitTestAdapter, Microsoft.VisualStudio.QualityTools.Tips.UnitTest.Adapter, Version=11.0.0.0, Culture=neutral, PublicKeyToken=b03f5f7f11d50a3a" className="ChessTests.ChessTests, ChessTests, Version=1.0.0.0, Culture=neutral, PublicKeyToken=null" name="pieceHasNoValidMoves" />
    </UnitTest>
    <UnitTest name="exceptionWhenMoveTooLargeRow" storage="..\chesstests\bin\debug\chesstests.dll" id="2622fed3-4e63-071a-2d6d-7db13abf1a89">
      <Execution timeOut="1800000" id="1733a24b-91fe-42a4-a30c-86e21a8b064b" />
      <TestMethod codeBase="C:/Users/ShaneH/Documents/Visual Studio 2012/Projects/Chess/ChessTests/bin/Debug/ChessTests.dll" adapterTypeName="Microsoft.VisualStudio.TestTools.TestTypes.Unit.UnitTestAdapter, Microsoft.VisualStudio.QualityTools.Tips.UnitTest.Adapter, Version=11.0.0.0, Culture=neutral, PublicKeyToken=b03f5f7f11d50a3a" className="ChessTests.ChessTests, ChessTests, Version=1.0.0.0, Culture=neutral, PublicKeyToken=null" name="exceptionWhenMoveTooLargeRow" />
    </UnitTest>
    <UnitTest name="canMoveWhiteRookVerticallyDown" storage="..\chesstests\bin\debug\chesstests.dll" id="7ff00668-a1d1-598b-ea2d-b4d066dc2a94">
      <Execution timeOut="1800000" id="e746f60d-3188-491d-8d9a-db9dc18fe587" />
      <TestMethod codeBase="C:/Users/ShaneH/Documents/Visual Studio 2012/Projects/Chess/ChessTests/bin/Debug/ChessTests.dll" adapterTypeName="Microsoft.VisualStudio.TestTools.TestTypes.Unit.UnitTestAdapter, Microsoft.VisualStudio.QualityTools.Tips.UnitTest.Adapter, Version=11.0.0.0, Culture=neutral, PublicKeyToken=b03f5f7f11d50a3a" className="ChessTests.RookTests, ChessTests, Version=1.0.0.0, Culture=neutral, PublicKeyToken=null" name="canMoveWhiteRookVerticallyDown" />
    </UnitTest>
    <UnitTest name="canMoveWhiteKnightDownLeft" storage="..\chesstests\bin\debug\chesstests.dll" id="129b002c-1fd8-a858-11b5-efb8011f1c66">
      <Execution timeOut="1800000" id="848e9c03-c510-4969-a7db-ec971b70ec11" />
      <TestMethod codeBase="C:/Users/ShaneH/Documents/Visual Studio 2012/Projects/Chess/ChessTests/bin/Debug/ChessTests.dll" adapterTypeName="Microsoft.VisualStudio.TestTools.TestTypes.Unit.UnitTestAdapter, Microsoft.VisualStudio.QualityTools.Tips.UnitTest.Adapter, Version=11.0.0.0, Culture=neutral, PublicKeyToken=b03f5f7f11d50a3a" className="ChessTests.KnightTests, ChessTests, Version=1.0.0.0, Culture=neutral, PublicKeyToken=null" name="canMoveWhiteKnightDownLeft" />
    </UnitTest>
    <UnitTest name="invalidMoveGivesCorrectPieceName" storage="..\chesstests\bin\debug\chesstests.dll" id="cc5c40cc-583d-811b-ee50-c1611290992c">
      <Execution timeOut="1800000" id="ee44154d-8579-4dcd-be5d-5f9a1e85af3d" />
      <TestMethod codeBase="C:/Users/ShaneH/Documents/Visual Studio 2012/Projects/Chess/ChessTests/bin/Debug/ChessTests.dll" adapterTypeName="Microsoft.VisualStudio.TestTools.TestTypes.Unit.UnitTestAdapter, Microsoft.VisualStudio.QualityTools.Tips.UnitTest.Adapter, Version=11.0.0.0, Culture=neutral, PublicKeyToken=b03f5f7f11d50a3a" className="ChessTests.RookTests, ChessTests, Version=1.0.0.0, Culture=neutral, PublicKeyToken=null" name="invalidMoveGivesCorrectPieceName" />
    </UnitTest>
    <UnitTest name="canMoveBlackKnightRightDown" storage="..\chesstests\bin\debug\chesstests.dll" id="da7f9d67-6583-5b93-3103-caab5031e2e0">
      <Execution timeOut="1800000" id="de18b438-d11b-454d-b680-9f0f937b9c1c" />
      <TestMethod codeBase="C:/Users/ShaneH/Documents/Visual Studio 2012/Projects/Chess/ChessTests/bin/Debug/ChessTests.dll" adapterTypeName="Microsoft.VisualStudio.TestTools.TestTypes.Unit.UnitTestAdapter, Microsoft.VisualStudio.QualityTools.Tips.UnitTest.Adapter, Version=11.0.0.0, Culture=neutral, PublicKeyToken=b03f5f7f11d50a3a" className="ChessTests.KnightTests, ChessTests, Version=1.0.0.0, Culture=neutral, PublicKeyToken=null" name="canMoveBlackKnightRightDown" />
    </UnitTest>
    <UnitTest name="invalidMoveGivesCorrectPieceName" storage="..\chesstests\bin\debug\chesstests.dll" id="070484d8-b78f-e4c9-05d6-cba7187facb9">
      <Execution timeOut="1800000" id="7db9073d-7550-41f6-965a-63498c93e4b0" />
      <TestMethod codeBase="C:/Users/ShaneH/Documents/Visual Studio 2012/Projects/Chess/ChessTests/bin/Debug/ChessTests.dll" adapterTypeName="Microsoft.VisualStudio.TestTools.TestTypes.Unit.UnitTestAdapter, Microsoft.VisualStudio.QualityTools.Tips.UnitTest.Adapter, Version=11.0.0.0, Culture=neutral, PublicKeyToken=b03f5f7f11d50a3a" className="ChessTests.KnightTests, ChessTests, Version=1.0.0.0, Culture=neutral, PublicKeyToken=null" name="invalidMoveGivesCorrectPieceName" />
    </UnitTest>
    <UnitTest name="canMoveKingLeft" storage="..\chesstests\bin\debug\chesstests.dll" id="e8e33e12-931b-128d-146d-566c8d61cfb2">
      <Execution timeOut="1800000" id="bf97b11a-c202-42a3-8c2a-40dadab5a869" />
      <TestMethod codeBase="C:/Users/ShaneH/Documents/Visual Studio 2012/Projects/Chess/ChessTests/bin/Debug/ChessTests.dll" adapterTypeName="Microsoft.VisualStudio.TestTools.TestTypes.Unit.UnitTestAdapter, Microsoft.VisualStudio.QualityTools.Tips.UnitTest.Adapter, Version=11.0.0.0, Culture=neutral, PublicKeyToken=b03f5f7f11d50a3a" className="ChessTests.KingTests, ChessTests, Version=1.0.0.0, Culture=neutral, PublicKeyToken=null" name="canMoveKingLeft" />
    </UnitTest>
    <UnitTest name="cannotMoveEnPassantIfOtherPieceNotAPawn" storage="..\chesstests\bin\debug\chesstests.dll" id="1889f775-0977-2f85-bcf9-6dc4aeb0834c">
      <Execution timeOut="1800000" id="d0df89b1-a2c1-477e-acbe-c491fe09f4de" />
      <TestMethod codeBase="C:/Users/ShaneH/Documents/Visual Studio 2012/Projects/Chess/ChessTests/bin/Debug/ChessTests.dll" adapterTypeName="Microsoft.VisualStudio.TestTools.TestTypes.Unit.UnitTestAdapter, Microsoft.VisualStudio.QualityTools.Tips.UnitTest.Adapter, Version=11.0.0.0, Culture=neutral, PublicKeyToken=b03f5f7f11d50a3a" className="ChessTests.PawnTests, ChessTests, Version=1.0.0.0, Culture=neutral, PublicKeyToken=null" name="cannotMoveEnPassantIfOtherPieceNotAPawn" />
    </UnitTest>
    <UnitTest name="cannotTakeOwnPieceMovingForward" storage="..\chesstests\bin\debug\chesstests.dll" id="b9482e51-690d-61ad-be55-288bbe5f6ac4">
      <Execution timeOut="1800000" id="25a2a839-a778-4106-801b-663577101551" />
      <TestMethod codeBase="C:/Users/ShaneH/Documents/Visual Studio 2012/Projects/Chess/ChessTests/bin/Debug/ChessTests.dll" adapterTypeName="Microsoft.VisualStudio.TestTools.TestTypes.Unit.UnitTestAdapter, Microsoft.VisualStudio.QualityTools.Tips.UnitTest.Adapter, Version=11.0.0.0, Culture=neutral, PublicKeyToken=b03f5f7f11d50a3a" className="ChessTests.KingTests, ChessTests, Version=1.0.0.0, Culture=neutral, PublicKeyToken=null" name="cannotTakeOwnPieceMovingForward" />
    </UnitTest>
    <UnitTest name="cannotTakeOwnPieceDiagUpRight" storage="..\chesstests\bin\debug\chesstests.dll" id="f2547ccb-ac70-9f08-d6b9-a2ccdc08bacc">
      <Execution timeOut="1800000" id="70a9f3d7-ed3e-4bb4-8671-7f38d1fb4d28" />
      <TestMethod codeBase="C:/Users/ShaneH/Documents/Visual Studio 2012/Projects/Chess/ChessTests/bin/Debug/ChessTests.dll" adapterTypeName="Microsoft.VisualStudio.TestTools.TestTypes.Unit.UnitTestAdapter, Microsoft.VisualStudio.QualityTools.Tips.UnitTest.Adapter, Version=11.0.0.0, Culture=neutral, PublicKeyToken=b03f5f7f11d50a3a" className="ChessTests.BishopTests, ChessTests, Version=1.0.0.0, Culture=neutral, PublicKeyToken=null" name="cannotTakeOwnPieceDiagUpRight" />
    </UnitTest>
    <UnitTest name="canMoveWhiteKnightUpRight" storage="..\chesstests\bin\debug\chesstests.dll" id="020bc553-c880-41f6-e7a5-5598075d4e67">
      <Execution timeOut="1800000" id="60480006-84ec-4294-b1b1-7fa7142771d4" />
      <TestMethod codeBase="C:/Users/ShaneH/Documents/Visual Studio 2012/Projects/Chess/ChessTests/bin/Debug/ChessTests.dll" adapterTypeName="Microsoft.VisualStudio.TestTools.TestTypes.Unit.UnitTestAdapter, Microsoft.VisualStudio.QualityTools.Tips.UnitTest.Adapter, Version=11.0.0.0, Culture=neutral, PublicKeyToken=b03f5f7f11d50a3a" className="ChessTests.KnightTests, ChessTests, Version=1.0.0.0, Culture=neutral, PublicKeyToken=null" name="canMoveWhiteKnightUpRight" />
    </UnitTest>
    <UnitTest name="blackPawnCannotMoveBackwards" storage="..\chesstests\bin\debug\chesstests.dll" id="cb78d65f-db30-1067-6355-33912c9c98b3">
      <Execution timeOut="1800000" id="41ed2c71-1294-4545-b2d0-c9d880f41cd8" />
      <TestMethod codeBase="C:/Users/ShaneH/Documents/Visual Studio 2012/Projects/Chess/ChessTests/bin/Debug/ChessTests.dll" adapterTypeName="Microsoft.VisualStudio.TestTools.TestTypes.Unit.UnitTestAdapter, Microsoft.VisualStudio.QualityTools.Tips.UnitTest.Adapter, Version=11.0.0.0, Culture=neutral, PublicKeyToken=b03f5f7f11d50a3a" className="ChessTests.PawnTests, ChessTests, Version=1.0.0.0, Culture=neutral, PublicKeyToken=null" name="blackPawnCannotMoveBackwards" />
    </UnitTest>
    <UnitTest name="areQueensSetup" storage="..\chesstests\bin\debug\chesstests.dll" id="fd75eb10-5261-cc1e-b982-ae741a061d34">
      <Execution timeOut="1800000" id="adafa1d9-5f8a-4269-815d-65a76bf49a86" />
      <TestMethod codeBase="C:/Users/ShaneH/Documents/Visual Studio 2012/Projects/Chess/ChessTests/bin/Debug/ChessTests.dll" adapterTypeName="Microsoft.VisualStudio.TestTools.TestTypes.Unit.UnitTestAdapter, Microsoft.VisualStudio.QualityTools.Tips.UnitTest.Adapter, Version=11.0.0.0, Culture=neutral, PublicKeyToken=b03f5f7f11d50a3a" className="ChessTests.ChessTests, ChessTests, Version=1.0.0.0, Culture=neutral, PublicKeyToken=null" name="areQueensSetup" />
    </UnitTest>
    <UnitTest name="canMoveWhiteKnightRightUp" storage="..\chesstests\bin\debug\chesstests.dll" id="b48545f1-36d0-2752-215f-8475388c03a6">
      <Execution timeOut="1800000" id="d9a2e71c-52c0-41ea-aab6-c331d92ffa77" />
      <TestMethod codeBase="C:/Users/ShaneH/Documents/Visual Studio 2012/Projects/Chess/ChessTests/bin/Debug/ChessTests.dll" adapterTypeName="Microsoft.VisualStudio.TestTools.TestTypes.Unit.UnitTestAdapter, Microsoft.VisualStudio.QualityTools.Tips.UnitTest.Adapter, Version=11.0.0.0, Culture=neutral, PublicKeyToken=b03f5f7f11d50a3a" className="ChessTests.KnightTests, ChessTests, Version=1.0.0.0, Culture=neutral, PublicKeyToken=null" name="canMoveWhiteKnightRightUp" />
    </UnitTest>
    <UnitTest name="getExceptionWhenSelectCellRowTooLarge" storage="..\chesstests\bin\debug\chesstests.dll" id="56379117-1d4e-106a-e150-22beb95db5f6">
      <Execution timeOut="1800000" id="b07527f2-50a2-490c-8ff8-b828db2ac914" />
      <TestMethod codeBase="C:/Users/ShaneH/Documents/Visual Studio 2012/Projects/Chess/ChessTests/bin/Debug/ChessTests.dll" adapterTypeName="Microsoft.VisualStudio.TestTools.TestTypes.Unit.UnitTestAdapter, Microsoft.VisualStudio.QualityTools.Tips.UnitTest.Adapter, Version=11.0.0.0, Culture=neutral, PublicKeyToken=b03f5f7f11d50a3a" className="ChessTests.ChessTests, ChessTests, Version=1.0.0.0, Culture=neutral, PublicKeyToken=null" name="getExceptionWhenSelectCellRowTooLarge" />
    </UnitTest>
    <UnitTest name="exceptionWhenMoveTooLargeCol" storage="..\chesstests\bin\debug\chesstests.dll" id="05d65582-adf5-1549-bdb6-f0e47270afd3">
      <Execution timeOut="1800000" id="0b1e0386-00e9-4203-a315-7e48b5fb5466" />
      <TestMethod codeBase="C:/Users/ShaneH/Documents/Visual Studio 2012/Projects/Chess/ChessTests/bin/Debug/ChessTests.dll" adapterTypeName="Microsoft.VisualStudio.TestTools.TestTypes.Unit.UnitTestAdapter, Microsoft.VisualStudio.QualityTools.Tips.UnitTest.Adapter, Version=11.0.0.0, Culture=neutral, PublicKeyToken=b03f5f7f11d50a3a" className="ChessTests.ChessTests, ChessTests, Version=1.0.0.0, Culture=neutral, PublicKeyToken=null" name="exceptionWhenMoveTooLargeCol" />
    </UnitTest>
    <UnitTest name="canMoveQueenHorizontallyRight" storage="..\chesstests\bin\debug\chesstests.dll" id="4a2195e8-be6f-2084-7664-243a4cb97e3b">
      <Execution timeOut="1800000" id="06c2f17a-32d6-48f4-97fe-accd1a758326" />
      <TestMethod codeBase="C:/Users/ShaneH/Documents/Visual Studio 2012/Projects/Chess/ChessTests/bin/Debug/ChessTests.dll" adapterTypeName="Microsoft.VisualStudio.TestTools.TestTypes.Unit.UnitTestAdapter, Microsoft.VisualStudio.QualityTools.Tips.UnitTest.Adapter, Version=11.0.0.0, Culture=neutral, PublicKeyToken=b03f5f7f11d50a3a" className="ChessTests.QueenTests, ChessTests, Version=1.0.0.0, Culture=neutral, PublicKeyToken=null" name="canMoveQueenHorizontallyRight" />
    </UnitTest>
    <UnitTest name="noErrorOnTopLeft" storage="..\chesstests\bin\debug\chesstests.dll" id="3a5598f0-2f6a-ab8e-56e4-280c59becd55">
      <Execution timeOut="1800000" id="a5422b60-f714-4912-b64a-b9bf4a17aa9a" />
      <TestMethod codeBase="C:/Users/ShaneH/Documents/Visual Studio 2012/Projects/Chess/ChessTests/bin/Debug/ChessTests.dll" adapterTypeName="Microsoft.VisualStudio.TestTools.TestTypes.Unit.UnitTestAdapter, Microsoft.VisualStudio.QualityTools.Tips.UnitTest.Adapter, Version=11.0.0.0, Culture=neutral, PublicKeyToken=b03f5f7f11d50a3a" className="ChessTests.KnightTests, ChessTests, Version=1.0.0.0, Culture=neutral, PublicKeyToken=null" name="noErrorOnTopLeft" />
    </UnitTest>
    <UnitTest name="cannotTakeOwnPieceMovingRight" storage="..\chesstests\bin\debug\chesstests.dll" id="6c13f9eb-f3d4-48aa-c88b-6e9674447ef3">
      <Execution timeOut="1800000" id="f4ddaf97-7dd9-4b2b-bb7b-deb1f11ce9d9" />
      <TestMethod codeBase="C:/Users/ShaneH/Documents/Visual Studio 2012/Projects/Chess/ChessTests/bin/Debug/ChessTests.dll" adapterTypeName="Microsoft.VisualStudio.TestTools.TestTypes.Unit.UnitTestAdapter, Microsoft.VisualStudio.QualityTools.Tips.UnitTest.Adapter, Version=11.0.0.0, Culture=neutral, PublicKeyToken=b03f5f7f11d50a3a" className="ChessTests.KingTests, ChessTests, Version=1.0.0.0, Culture=neutral, PublicKeyToken=null" name="cannotTakeOwnPieceMovingRight" />
    </UnitTest>
    <UnitTest name="canTakeOppositionPieceMovingDown" storage="..\chesstests\bin\debug\chesstests.dll" id="c9550b69-9fd2-3fcf-2931-2e40d497d81d">
      <Execution timeOut="1800000" id="51d750da-605b-48d6-bf4a-db85e626ec20" />
      <TestMethod codeBase="C:/Users/ShaneH/Documents/Visual Studio 2012/Projects/Chess/ChessTests/bin/Debug/ChessTests.dll" adapterTypeName="Microsoft.VisualStudio.TestTools.TestTypes.Unit.UnitTestAdapter, Microsoft.VisualStudio.QualityTools.Tips.UnitTest.Adapter, Version=11.0.0.0, Culture=neutral, PublicKeyToken=b03f5f7f11d50a3a" className="ChessTests.KingTests, ChessTests, Version=1.0.0.0, Culture=neutral, PublicKeyToken=null" name="canTakeOppositionPieceMovingDown" />
    </UnitTest>
    <UnitTest name="whitePawnCannotTakeTwoRowsForwardAtStart" storage="..\chesstests\bin\debug\chesstests.dll" id="f1502619-456c-8ace-3118-e479f255cb31">
      <Execution timeOut="1800000" id="8478fc94-ad2a-405b-b40a-15c37f1aba4a" />
      <TestMethod codeBase="C:/Users/ShaneH/Documents/Visual Studio 2012/Projects/Chess/ChessTests/bin/Debug/ChessTests.dll" adapterTypeName="Microsoft.VisualStudio.TestTools.TestTypes.Unit.UnitTestAdapter, Microsoft.VisualStudio.QualityTools.Tips.UnitTest.Adapter, Version=11.0.0.0, Culture=neutral, PublicKeyToken=b03f5f7f11d50a3a" className="ChessTests.PawnTests, ChessTests, Version=1.0.0.0, Culture=neutral, PublicKeyToken=null" name="whitePawnCannotTakeTwoRowsForwardAtStart" />
    </UnitTest>
    <UnitTest name="arePawnsSetup" storage="..\chesstests\bin\debug\chesstests.dll" id="197972f7-6197-faf7-a2b7-9fae8c675127">
      <Execution timeOut="1800000" id="3079d407-3c3b-46ca-8dfe-108ad2bf1d15" />
      <TestMethod codeBase="C:/Users/ShaneH/Documents/Visual Studio 2012/Projects/Chess/ChessTests/bin/Debug/ChessTests.dll" adapterTypeName="Microsoft.VisualStudio.TestTools.TestTypes.Unit.UnitTestAdapter, Microsoft.VisualStudio.QualityTools.Tips.UnitTest.Adapter, Version=11.0.0.0, Culture=neutral, PublicKeyToken=b03f5f7f11d50a3a" className="ChessTests.ChessTests, ChessTests, Version=1.0.0.0, Culture=neutral, PublicKeyToken=null" name="arePawnsSetup" />
    </UnitTest>
    <UnitTest name="blackPawnCanTakePieceRight" storage="..\chesstests\bin\debug\chesstests.dll" id="af7199b0-e83f-767d-57c7-bef2cae34aa3">
      <Execution timeOut="1800000" id="37d9745c-a2fc-4133-a2fc-40f199315075" />
      <TestMethod codeBase="C:/Users/ShaneH/Documents/Visual Studio 2012/Projects/Chess/ChessTests/bin/Debug/ChessTests.dll" adapterTypeName="Microsoft.VisualStudio.TestTools.TestTypes.Unit.UnitTestAdapter, Microsoft.VisualStudio.QualityTools.Tips.UnitTest.Adapter, Version=11.0.0.0, Culture=neutral, PublicKeyToken=b03f5f7f11d50a3a" className="ChessTests.PawnTests, ChessTests, Version=1.0.0.0, Culture=neutral, PublicKeyToken=null" name="blackPawnCanTakePieceRight" />
    </UnitTest>
    <UnitTest name="cannotTakeOwnPieceMovingLeft" storage="..\chesstests\bin\debug\chesstests.dll" id="898e8b86-4e2c-3020-5dd7-7d7a30385240">
      <Execution timeOut="1800000" id="d98fddf7-d0d2-4ecc-9cf2-ebe38bb4ef34" />
      <TestMethod codeBase="C:/Users/ShaneH/Documents/Visual Studio 2012/Projects/Chess/ChessTests/bin/Debug/ChessTests.dll" adapterTypeName="Microsoft.VisualStudio.TestTools.TestTypes.Unit.UnitTestAdapter, Microsoft.VisualStudio.QualityTools.Tips.UnitTest.Adapter, Version=11.0.0.0, Culture=neutral, PublicKeyToken=b03f5f7f11d50a3a" className="ChessTests.KingTests, ChessTests, Version=1.0.0.0, Culture=neutral, PublicKeyToken=null" name="cannotTakeOwnPieceMovingLeft" />
    </UnitTest>
    <UnitTest name="canMoveBlackKnightLeftUp" storage="..\chesstests\bin\debug\chesstests.dll" id="89133348-f31e-9131-8497-14e1440854d8">
      <Execution timeOut="1800000" id="51f8d43c-523b-4583-a070-1ad3b84cfca2" />
      <TestMethod codeBase="C:/Users/ShaneH/Documents/Visual Studio 2012/Projects/Chess/ChessTests/bin/Debug/ChessTests.dll" adapterTypeName="Microsoft.VisualStudio.TestTools.TestTypes.Unit.UnitTestAdapter, Microsoft.VisualStudio.QualityTools.Tips.UnitTest.Adapter, Version=11.0.0.0, Culture=neutral, PublicKeyToken=b03f5f7f11d50a3a" className="ChessTests.KnightTests, ChessTests, Version=1.0.0.0, Culture=neutral, PublicKeyToken=null" name="canMoveBlackKnightLeftUp" />
    </UnitTest>
    <UnitTest name="invalidMoveGivesCorrectPieceName" storage="..\chesstests\bin\debug\chesstests.dll" id="0135c415-d464-98bd-b8b3-bd9c939f3dde">
      <Execution timeOut="1800000" id="f15240f1-8887-4967-a196-3404b17e38c6" />
      <TestMethod codeBase="C:/Users/ShaneH/Documents/Visual Studio 2012/Projects/Chess/ChessTests/bin/Debug/ChessTests.dll" adapterTypeName="Microsoft.VisualStudio.TestTools.TestTypes.Unit.UnitTestAdapter, Microsoft.VisualStudio.QualityTools.Tips.UnitTest.Adapter, Version=11.0.0.0, Culture=neutral, PublicKeyToken=b03f5f7f11d50a3a" className="ChessTests.BishopTests, ChessTests, Version=1.0.0.0, Culture=neutral, PublicKeyToken=null" name="invalidMoveGivesCorrectPieceName" />
    </UnitTest>
    <UnitTest name="areTop2RowsBlack" storage="..\chesstests\bin\debug\chesstests.dll" id="4ed072d2-7529-fe73-ad46-07bd95268187">
      <Execution timeOut="1800000" id="ceef20ff-ff82-4845-8ea8-8d12a2f672e2" />
      <TestMethod codeBase="C:/Users/ShaneH/Documents/Visual Studio 2012/Projects/Chess/ChessTests/bin/Debug/ChessTests.dll" adapterTypeName="Microsoft.VisualStudio.TestTools.TestTypes.Unit.UnitTestAdapter, Microsoft.VisualStudio.QualityTools.Tips.UnitTest.Adapter, Version=11.0.0.0, Culture=neutral, PublicKeyToken=b03f5f7f11d50a3a" className="ChessTests.ChessTests, ChessTests, Version=1.0.0.0, Culture=neutral, PublicKeyToken=null" name="areTop2RowsBlack" />
    </UnitTest>
    <UnitTest name="whitePawnCannotTakeEmptyPieceLeft" storage="..\chesstests\bin\debug\chesstests.dll" id="76d2cb65-6735-d8b0-b056-6bd2e46786ef">
      <Execution timeOut="1800000" id="0eba26a0-50cb-40ca-b4d0-9ee6481af089" />
      <TestMethod codeBase="C:/Users/ShaneH/Documents/Visual Studio 2012/Projects/Chess/ChessTests/bin/Debug/ChessTests.dll" adapterTypeName="Microsoft.VisualStudio.TestTools.TestTypes.Unit.UnitTestAdapter, Microsoft.VisualStudio.QualityTools.Tips.UnitTest.Adapter, Version=11.0.0.0, Culture=neutral, PublicKeyToken=b03f5f7f11d50a3a" className="ChessTests.PawnTests, ChessTests, Version=1.0.0.0, Culture=neutral, PublicKeyToken=null" name="whitePawnCannotTakeEmptyPieceLeft" />
    </UnitTest>
    <UnitTest name="cannotMoveRookPastCaptureHorizontallyRight" storage="..\chesstests\bin\debug\chesstests.dll" id="55a6d228-78a5-d622-034e-b73abe2c7a6d">
      <Execution timeOut="1800000" id="183fb355-c312-45f8-b0fb-d25ddc8c9f73" />
      <TestMethod codeBase="C:/Users/ShaneH/Documents/Visual Studio 2012/Projects/Chess/ChessTests/bin/Debug/ChessTests.dll" adapterTypeName="Microsoft.VisualStudio.TestTools.TestTypes.Unit.UnitTestAdapter, Microsoft.VisualStudio.QualityTools.Tips.UnitTest.Adapter, Version=11.0.0.0, Culture=neutral, PublicKeyToken=b03f5f7f11d50a3a" className="ChessTests.RookTests, ChessTests, Version=1.0.0.0, Culture=neutral, PublicKeyToken=null" name="cannotMoveRookPastCaptureHorizontallyRight" />
    </UnitTest>
    <UnitTest name="queensSetupOnCorrectColour" storage="..\chesstests\bin\debug\chesstests.dll" id="1f0d839d-2acf-5f06-e2ce-d9eadfcf6b39">
      <Execution timeOut="1800000" id="ee098a2e-ebe3-49c5-920e-23240fa3be6a" />
      <TestMethod codeBase="C:/Users/ShaneH/Documents/Visual Studio 2012/Projects/Chess/ChessTests/bin/Debug/ChessTests.dll" adapterTypeName="Microsoft.VisualStudio.TestTools.TestTypes.Unit.UnitTestAdapter, Microsoft.VisualStudio.QualityTools.Tips.UnitTest.Adapter, Version=11.0.0.0, Culture=neutral, PublicKeyToken=b03f5f7f11d50a3a" className="ChessTests.ChessTests, ChessTests, Version=1.0.0.0, Culture=neutral, PublicKeyToken=null" name="queensSetupOnCorrectColour" />
    </UnitTest>
    <UnitTest name="noErrorWhenOnBottomRight" storage="..\chesstests\bin\debug\chesstests.dll" id="a39074e8-1a57-e5e3-5130-43a61b6aac16">
      <Execution timeOut="1800000" id="0018c495-6b13-413e-bd4d-792e9eb32c3c" />
      <TestMethod codeBase="C:/Users/ShaneH/Documents/Visual Studio 2012/Projects/Chess/ChessTests/bin/Debug/ChessTests.dll" adapterTypeName="Microsoft.VisualStudio.TestTools.TestTypes.Unit.UnitTestAdapter, Microsoft.VisualStudio.QualityTools.Tips.UnitTest.Adapter, Version=11.0.0.0, Culture=neutral, PublicKeyToken=b03f5f7f11d50a3a" className="ChessTests.KnightTests, ChessTests, Version=1.0.0.0, Culture=neutral, PublicKeyToken=null" name="noErrorWhenOnBottomRight" />
    </UnitTest>
    <UnitTest name="canMoveQueenHorizontallyLeft" storage="..\chesstests\bin\debug\chesstests.dll" id="62090d81-bf34-b23d-be59-e474692bb2bb">
      <Execution timeOut="1800000" id="571bac65-7644-4ae5-b6d6-9694d47cf1e5" />
      <TestMethod codeBase="C:/Users/ShaneH/Documents/Visual Studio 2012/Projects/Chess/ChessTests/bin/Debug/ChessTests.dll" adapterTypeName="Microsoft.VisualStudio.TestTools.TestTypes.Unit.UnitTestAdapter, Microsoft.VisualStudio.QualityTools.Tips.UnitTest.Adapter, Version=11.0.0.0, Culture=neutral, PublicKeyToken=b03f5f7f11d50a3a" className="ChessTests.QueenTests, ChessTests, Version=1.0.0.0, Culture=neutral, PublicKeyToken=null" name="canMoveQueenHorizontallyLeft" />
    </UnitTest>
    <UnitTest name="canMoveWhiteRookVerticallyUp" storage="..\chesstests\bin\debug\chesstests.dll" id="6d564f94-5eaa-e990-ac62-ae2a50bad2a5">
      <Execution timeOut="1800000" id="5f878bd6-9108-48cf-860c-047fe81da1b6" />
      <TestMethod codeBase="C:/Users/ShaneH/Documents/Visual Studio 2012/Projects/Chess/ChessTests/bin/Debug/ChessTests.dll" adapterTypeName="Microsoft.VisualStudio.TestTools.TestTypes.Unit.UnitTestAdapter, Microsoft.VisualStudio.QualityTools.Tips.UnitTest.Adapter, Version=11.0.0.0, Culture=neutral, PublicKeyToken=b03f5f7f11d50a3a" className="ChessTests.RookTests, ChessTests, Version=1.0.0.0, Culture=neutral, PublicKeyToken=null" name="canMoveWhiteRookVerticallyUp" />
    </UnitTest>
    <UnitTest name="canMoveWhiteBishopDiagonalUpLeftNoObstructions" storage="..\chesstests\bin\debug\chesstests.dll" id="87b4a0e4-779f-40d0-ae2d-3dbb1b295cb5">
      <Execution timeOut="1800000" id="5a5a34bc-58f0-4f13-9ac8-57b0820c3e1f" />
      <TestMethod codeBase="C:/Users/ShaneH/Documents/Visual Studio 2012/Projects/Chess/ChessTests/bin/Debug/ChessTests.dll" adapterTypeName="Microsoft.VisualStudio.TestTools.TestTypes.Unit.UnitTestAdapter, Microsoft.VisualStudio.QualityTools.Tips.UnitTest.Adapter, Version=11.0.0.0, Culture=neutral, PublicKeyToken=b03f5f7f11d50a3a" className="ChessTests.BishopTests, ChessTests, Version=1.0.0.0, Culture=neutral, PublicKeyToken=null" name="canMoveWhiteBishopDiagonalUpLeftNoObstructions" />
    </UnitTest>
    <UnitTest name="whitePawnCannotTakeEmptyPieceRight" storage="..\chesstests\bin\debug\chesstests.dll" id="85ab3335-8bf0-ecfa-98f7-0db700370fe2">
      <Execution timeOut="1800000" id="e91ee91b-1a72-4dd0-b045-d92822679396" />
      <TestMethod codeBase="C:/Users/ShaneH/Documents/Visual Studio 2012/Projects/Chess/ChessTests/bin/Debug/ChessTests.dll" adapterTypeName="Microsoft.VisualStudio.TestTools.TestTypes.Unit.UnitTestAdapter, Microsoft.VisualStudio.QualityTools.Tips.UnitTest.Adapter, Version=11.0.0.0, Culture=neutral, PublicKeyToken=b03f5f7f11d50a3a" className="ChessTests.PawnTests, ChessTests, Version=1.0.0.0, Culture=neutral, PublicKeyToken=null" name="whitePawnCannotTakeEmptyPieceRight" />
    </UnitTest>
    <UnitTest name="exceptionWhenMoveToNegativeRow" storage="..\chesstests\bin\debug\chesstests.dll" id="b7b09a89-f922-b298-bb69-6134762504c7">
      <Execution timeOut="1800000" id="63a5d5d8-2626-4313-8aa5-2cf2f8849f30" />
      <TestMethod codeBase="C:/Users/ShaneH/Documents/Visual Studio 2012/Projects/Chess/ChessTests/bin/Debug/ChessTests.dll" adapterTypeName="Microsoft.VisualStudio.TestTools.TestTypes.Unit.UnitTestAdapter, Microsoft.VisualStudio.QualityTools.Tips.UnitTest.Adapter, Version=11.0.0.0, Culture=neutral, PublicKeyToken=b03f5f7f11d50a3a" className="ChessTests.ChessTests, ChessTests, Version=1.0.0.0, Culture=neutral, PublicKeyToken=null" name="exceptionWhenMoveToNegativeRow" />
    </UnitTest>
    <UnitTest name="canMoveKingDownRight" storage="..\chesstests\bin\debug\chesstests.dll" id="558b53c6-969d-e366-d6b8-7fcc271542df">
      <Execution timeOut="1800000" id="f9e84593-5ab1-451a-a2c9-dcc9f911666d" />
      <TestMethod codeBase="C:/Users/ShaneH/Documents/Visual Studio 2012/Projects/Chess/ChessTests/bin/Debug/ChessTests.dll" adapterTypeName="Microsoft.VisualStudio.TestTools.TestTypes.Unit.UnitTestAdapter, Microsoft.VisualStudio.QualityTools.Tips.UnitTest.Adapter, Version=11.0.0.0, Culture=neutral, PublicKeyToken=b03f5f7f11d50a3a" className="ChessTests.KingTests, ChessTests, Version=1.0.0.0, Culture=neutral, PublicKeyToken=null" name="canMoveKingDownRight" />
    </UnitTest>
    <UnitTest name="canMoveWhiteBishopDiagonalUpRightNoObstructions" storage="..\chesstests\bin\debug\chesstests.dll" id="f27377be-1934-c9f6-8d07-ac7266d1d2f6">
      <Execution timeOut="1800000" id="1b3b485b-ca84-4f14-9082-6d53a5091611" />
      <TestMethod codeBase="C:/Users/ShaneH/Documents/Visual Studio 2012/Projects/Chess/ChessTests/bin/Debug/ChessTests.dll" adapterTypeName="Microsoft.VisualStudio.TestTools.TestTypes.Unit.UnitTestAdapter, Microsoft.VisualStudio.QualityTools.Tips.UnitTest.Adapter, Version=11.0.0.0, Culture=neutral, PublicKeyToken=b03f5f7f11d50a3a" className="ChessTests.BishopTests, ChessTests, Version=1.0.0.0, Culture=neutral, PublicKeyToken=null" name="canMoveWhiteBishopDiagonalUpRightNoObstructions" />
    </UnitTest>
    <UnitTest name="canMoveBlackRookHorizonallyLeft" storage="..\chesstests\bin\debug\chesstests.dll" id="623f0bb4-6cd6-0db1-bf8f-7a93fb8b942e">
      <Execution timeOut="1800000" id="21967fa4-61bf-4b24-8497-49f3e2bb606d" />
      <TestMethod codeBase="C:/Users/ShaneH/Documents/Visual Studio 2012/Projects/Chess/ChessTests/bin/Debug/ChessTests.dll" adapterTypeName="Microsoft.VisualStudio.TestTools.TestTypes.Unit.UnitTestAdapter, Microsoft.VisualStudio.QualityTools.Tips.UnitTest.Adapter, Version=11.0.0.0, Culture=neutral, PublicKeyToken=b03f5f7f11d50a3a" className="ChessTests.RookTests, ChessTests, Version=1.0.0.0, Culture=neutral, PublicKeyToken=null" name="canMoveBlackRookHorizonallyLeft" />
    </UnitTest>
    <UnitTest name="areKnightsSetup" storage="..\chesstests\bin\debug\chesstests.dll" id="46a22037-07ac-0ccf-02e3-fd7145e502cd">
      <Execution timeOut="1800000" id="e9a7461a-cca5-4414-8e1c-0bf3eec78622" />
      <TestMethod codeBase="C:/Users/ShaneH/Documents/Visual Studio 2012/Projects/Chess/ChessTests/bin/Debug/ChessTests.dll" adapterTypeName="Microsoft.VisualStudio.TestTools.TestTypes.Unit.UnitTestAdapter, Microsoft.VisualStudio.QualityTools.Tips.UnitTest.Adapter, Version=11.0.0.0, Culture=neutral, PublicKeyToken=b03f5f7f11d50a3a" className="ChessTests.ChessTests, ChessTests, Version=1.0.0.0, Culture=neutral, PublicKeyToken=null" name="areKnightsSetup" />
    </UnitTest>
    <UnitTest name="canMoveQueenDiagUpRight" storage="..\chesstests\bin\debug\chesstests.dll" id="e3792867-8253-4fa3-d7e9-04dbc55b7bd0">
      <Execution timeOut="1800000" id="0f86ef7b-9246-4b25-8498-240e350ddaa4" />
      <TestMethod codeBase="C:/Users/ShaneH/Documents/Visual Studio 2012/Projects/Chess/ChessTests/bin/Debug/ChessTests.dll" adapterTypeName="Microsoft.VisualStudio.TestTools.TestTypes.Unit.UnitTestAdapter, Microsoft.VisualStudio.QualityTools.Tips.UnitTest.Adapter, Version=11.0.0.0, Culture=neutral, PublicKeyToken=b03f5f7f11d50a3a" className="ChessTests.QueenTests, ChessTests, Version=1.0.0.0, Culture=neutral, PublicKeyToken=null" name="canMoveQueenDiagUpRight" />
    </UnitTest>
    <UnitTest name="cannotJumpOppositionDiagDownRight" storage="..\chesstests\bin\debug\chesstests.dll" id="ee426e89-ab85-59c3-0fcf-e94b5b68ecd0">
      <Execution timeOut="1800000" id="bc1b86c6-21bb-483e-917b-3514b0315e37" />
      <TestMethod codeBase="C:/Users/ShaneH/Documents/Visual Studio 2012/Projects/Chess/ChessTests/bin/Debug/ChessTests.dll" adapterTypeName="Microsoft.VisualStudio.TestTools.TestTypes.Unit.UnitTestAdapter, Microsoft.VisualStudio.QualityTools.Tips.UnitTest.Adapter, Version=11.0.0.0, Culture=neutral, PublicKeyToken=b03f5f7f11d50a3a" className="ChessTests.BishopTests, ChessTests, Version=1.0.0.0, Culture=neutral, PublicKeyToken=null" name="cannotJumpOppositionDiagDownRight" />
    </UnitTest>
    <UnitTest name="canBlackPawnMoveOneSpaceForward" storage="..\chesstests\bin\debug\chesstests.dll" id="74218563-c78e-d800-7101-79460a2a54a4">
      <Execution timeOut="1800000" id="dda56090-52f2-4b36-90bd-bd9df40ab872" />
      <TestMethod codeBase="C:/Users/ShaneH/Documents/Visual Studio 2012/Projects/Chess/ChessTests/bin/Debug/ChessTests.dll" adapterTypeName="Microsoft.VisualStudio.TestTools.TestTypes.Unit.UnitTestAdapter, Microsoft.VisualStudio.QualityTools.Tips.UnitTest.Adapter, Version=11.0.0.0, Culture=neutral, PublicKeyToken=b03f5f7f11d50a3a" className="ChessTests.PawnTests, ChessTests, Version=1.0.0.0, Culture=neutral, PublicKeyToken=null" name="canBlackPawnMoveOneSpaceForward" />
    </UnitTest>
    <UnitTest name="whitePawnCannotMoveTwoSpacesAfterStart" storage="..\chesstests\bin\debug\chesstests.dll" id="35ff0ac0-4840-970b-a280-9a148d7f7af4">
      <Execution timeOut="1800000" id="a8ee3dbe-9305-4f80-af0d-68946541d56c" />
      <TestMethod codeBase="C:/Users/ShaneH/Documents/Visual Studio 2012/Projects/Chess/ChessTests/bin/Debug/ChessTests.dll" adapterTypeName="Microsoft.VisualStudio.TestTools.TestTypes.Unit.UnitTestAdapter, Microsoft.VisualStudio.QualityTools.Tips.UnitTest.Adapter, Version=11.0.0.0, Culture=neutral, PublicKeyToken=b03f5f7f11d50a3a" className="ChessTests.PawnTests, ChessTests, Version=1.0.0.0, Culture=neutral, PublicKeyToken=null" name="whitePawnCannotMoveTwoSpacesAfterStart" />
    </UnitTest>
    <UnitTest name="canMoveQueenVerticallyDown" storage="..\chesstests\bin\debug\chesstests.dll" id="01079ac0-f339-2360-8171-8d0e80010056">
      <Execution timeOut="1800000" id="34f6c11e-579f-41b0-8a4a-90a00afa534f" />
      <TestMethod codeBase="C:/Users/ShaneH/Documents/Visual Studio 2012/Projects/Chess/ChessTests/bin/Debug/ChessTests.dll" adapterTypeName="Microsoft.VisualStudio.TestTools.TestTypes.Unit.UnitTestAdapter, Microsoft.VisualStudio.QualityTools.Tips.UnitTest.Adapter, Version=11.0.0.0, Culture=neutral, PublicKeyToken=b03f5f7f11d50a3a" className="ChessTests.QueenTests, ChessTests, Version=1.0.0.0, Culture=neutral, PublicKeyToken=null" name="canMoveQueenVerticallyDown" />
    </UnitTest>
    <UnitTest name="canSelectCell" storage="..\chesstests\bin\debug\chesstests.dll" id="005829d6-859e-9315-7aa3-e62df14cfd2f">
      <Execution timeOut="1800000" id="57ee20f0-f723-4f66-ac4c-31f034f9c5e6" />
      <TestMethod codeBase="C:/Users/ShaneH/Documents/Visual Studio 2012/Projects/Chess/ChessTests/bin/Debug/ChessTests.dll" adapterTypeName="Microsoft.VisualStudio.TestTools.TestTypes.Unit.UnitTestAdapter, Microsoft.VisualStudio.QualityTools.Tips.UnitTest.Adapter, Version=11.0.0.0, Culture=neutral, PublicKeyToken=b03f5f7f11d50a3a" className="ChessTests.ChessTests, ChessTests, Version=1.0.0.0, Culture=neutral, PublicKeyToken=null" name="canSelectCell" />
    </UnitTest>
    <UnitTest name="canMoveBlackKnightRightUp" storage="..\chesstests\bin\debug\chesstests.dll" id="b6442f0f-5bfd-8c1c-ad13-f1d69b3a8a06">
      <Execution timeOut="1800000" id="46e26c5c-bec0-475b-8bb6-0b970c28e5b8" />
      <TestMethod codeBase="C:/Users/ShaneH/Documents/Visual Studio 2012/Projects/Chess/ChessTests/bin/Debug/ChessTests.dll" adapterTypeName="Microsoft.VisualStudio.TestTools.TestTypes.Unit.UnitTestAdapter, Microsoft.VisualStudio.QualityTools.Tips.UnitTest.Adapter, Version=11.0.0.0, Culture=neutral, PublicKeyToken=b03f5f7f11d50a3a" className="ChessTests.KnightTests, ChessTests, Version=1.0.0.0, Culture=neutral, PublicKeyToken=null" name="canMoveBlackKnightRightUp" />
    </UnitTest>
    <UnitTest name="cannotCaptureOwnPieceRightTop" storage="..\chesstests\bin\debug\chesstests.dll" id="84067fc2-a576-9ac6-6f3c-59ca7fae01b3">
      <Execution timeOut="1800000" id="214d1aba-dc8b-432e-b7a6-b01bedc1dc5f" />
      <TestMethod codeBase="C:/Users/ShaneH/Documents/Visual Studio 2012/Projects/Chess/ChessTests/bin/Debug/ChessTests.dll" adapterTypeName="Microsoft.VisualStudio.TestTools.TestTypes.Unit.UnitTestAdapter, Microsoft.VisualStudio.QualityTools.Tips.UnitTest.Adapter, Version=11.0.0.0, Culture=neutral, PublicKeyToken=b03f5f7f11d50a3a" className="ChessTests.KnightTests, ChessTests, Version=1.0.0.0, Culture=neutral, PublicKeyToken=null" name="cannotCaptureOwnPieceRightTop" />
    </UnitTest>
    <UnitTest name="whitePawnCanTakePieceLeft" storage="..\chesstests\bin\debug\chesstests.dll" id="f9b6fa3b-c686-0e22-5a5c-d78c0f5f065a">
      <Execution timeOut="1800000" id="1ebdd086-249b-48e8-bfb5-082e111f920f" />
      <TestMethod codeBase="C:/Users/ShaneH/Documents/Visual Studio 2012/Projects/Chess/ChessTests/bin/Debug/ChessTests.dll" adapterTypeName="Microsoft.VisualStudio.TestTools.TestTypes.Unit.UnitTestAdapter, Microsoft.VisualStudio.QualityTools.Tips.UnitTest.Adapter, Version=11.0.0.0, Culture=neutral, PublicKeyToken=b03f5f7f11d50a3a" className="ChessTests.PawnTests, ChessTests, Version=1.0.0.0, Culture=neutral, PublicKeyToken=null" name="whitePawnCanTakePieceLeft" />
    </UnitTest>
    <UnitTest name="getExceptionWhenSelectCellColTooLarge" storage="..\chesstests\bin\debug\chesstests.dll" id="a5cecf0f-42c5-3103-c37e-7de0c32f1d40">
      <Execution timeOut="1800000" id="fe9bc056-591a-45f3-b0c7-0f5514d65f10" />
      <TestMethod codeBase="C:/Users/ShaneH/Documents/Visual Studio 2012/Projects/Chess/ChessTests/bin/Debug/ChessTests.dll" adapterTypeName="Microsoft.VisualStudio.TestTools.TestTypes.Unit.UnitTestAdapter, Microsoft.VisualStudio.QualityTools.Tips.UnitTest.Adapter, Version=11.0.0.0, Culture=neutral, PublicKeyToken=b03f5f7f11d50a3a" className="ChessTests.ChessTests, ChessTests, Version=1.0.0.0, Culture=neutral, PublicKeyToken=null" name="getExceptionWhenSelectCellColTooLarge" />
    </UnitTest>
    <UnitTest name="cannotMoveOneForwardWhenPieceInTheWay" storage="..\chesstests\bin\debug\chesstests.dll" id="e4425b0f-0cb4-e465-5faf-5fa77fa81a46">
      <Execution timeOut="1800000" id="88f2d1d2-28ec-4299-af2f-47026f8b0324" />
      <TestMethod codeBase="C:/Users/ShaneH/Documents/Visual Studio 2012/Projects/Chess/ChessTests/bin/Debug/ChessTests.dll" adapterTypeName="Microsoft.VisualStudio.TestTools.TestTypes.Unit.UnitTestAdapter, Microsoft.VisualStudio.QualityTools.Tips.UnitTest.Adapter, Version=11.0.0.0, Culture=neutral, PublicKeyToken=b03f5f7f11d50a3a" className="ChessTests.PawnTests, ChessTests, Version=1.0.0.0, Culture=neutral, PublicKeyToken=null" name="cannotMoveOneForwardWhenPieceInTheWay" />
    </UnitTest>
    <UnitTest name="nullCellNeverEqual" storage="..\chesstests\bin\debug\chesstests.dll" id="c9eef1b9-2601-24e4-e66c-677a0f68bfe9">
      <Execution timeOut="1800000" id="93407c60-0330-400c-b41c-f31b3deae71c" />
      <TestMethod codeBase="C:/Users/ShaneH/Documents/Visual Studio 2012/Projects/Chess/ChessTests/bin/Debug/ChessTests.dll" adapterTypeName="Microsoft.VisualStudio.TestTools.TestTypes.Unit.UnitTestAdapter, Microsoft.VisualStudio.QualityTools.Tips.UnitTest.Adapter, Version=11.0.0.0, Culture=neutral, PublicKeyToken=b03f5f7f11d50a3a" className="ChessTests.ChessTests, ChessTests, Version=1.0.0.0, Culture=neutral, PublicKeyToken=null" name="nullCellNeverEqual" />
    </UnitTest>
    <UnitTest name="canMoveBlackRookVerticallyUp" storage="..\chesstests\bin\debug\chesstests.dll" id="4e5788c1-ada8-e773-ce47-116c6628d2aa">
      <Execution timeOut="1800000" id="10e1ae6f-d683-4476-b97a-9176b892f409" />
      <TestMethod codeBase="C:/Users/ShaneH/Documents/Visual Studio 2012/Projects/Chess/ChessTests/bin/Debug/ChessTests.dll" adapterTypeName="Microsoft.VisualStudio.TestTools.TestTypes.Unit.UnitTestAdapter, Microsoft.VisualStudio.QualityTools.Tips.UnitTest.Adapter, Version=11.0.0.0, Culture=neutral, PublicKeyToken=b03f5f7f11d50a3a" className="ChessTests.RookTests, ChessTests, Version=1.0.0.0, Culture=neutral, PublicKeyToken=null" name="canMoveBlackRookVerticallyUp" />
    </UnitTest>
    <UnitTest name="moveEnPassantLeftNotImmediateThrowError" storage="..\chesstests\bin\debug\chesstests.dll" id="6d29da73-1392-f864-ac11-db455215ce75">
      <Execution timeOut="1800000" id="4844d96d-84dc-4513-95b9-48defdabb23c" />
      <TestMethod codeBase="C:/Users/ShaneH/Documents/Visual Studio 2012/Projects/Chess/ChessTests/bin/Debug/ChessTests.dll" adapterTypeName="Microsoft.VisualStudio.TestTools.TestTypes.Unit.UnitTestAdapter, Microsoft.VisualStudio.QualityTools.Tips.UnitTest.Adapter, Version=11.0.0.0, Culture=neutral, PublicKeyToken=b03f5f7f11d50a3a" className="ChessTests.PawnTests, ChessTests, Version=1.0.0.0, Culture=neutral, PublicKeyToken=null" name="moveEnPassantLeftNotImmediateThrowError" />
    </UnitTest>
    <UnitTest name="canMoveBlackKnightLeftDown" storage="..\chesstests\bin\debug\chesstests.dll" id="6cf57c02-d527-684a-9612-4d68bc5f29f6">
      <Execution timeOut="1800000" id="5365ad1e-33b7-40e7-bc39-fe148ef89cb6" />
      <TestMethod codeBase="C:/Users/ShaneH/Documents/Visual Studio 2012/Projects/Chess/ChessTests/bin/Debug/ChessTests.dll" adapterTypeName="Microsoft.VisualStudio.TestTools.TestTypes.Unit.UnitTestAdapter, Microsoft.VisualStudio.QualityTools.Tips.UnitTest.Adapter, Version=11.0.0.0, Culture=neutral, PublicKeyToken=b03f5f7f11d50a3a" className="ChessTests.KnightTests, ChessTests, Version=1.0.0.0, Culture=neutral, PublicKeyToken=null" name="canMoveBlackKnightLeftDown" />
    </UnitTest>
    <UnitTest name="canMoveBlackKnightUpLeft" storage="..\chesstests\bin\debug\chesstests.dll" id="dec0744b-b5da-6a4d-ad0a-355a63963703">
      <Execution timeOut="1800000" id="0e347e80-0081-4ca8-8722-a1a312702690" />
      <TestMethod codeBase="C:/Users/ShaneH/Documents/Visual Studio 2012/Projects/Chess/ChessTests/bin/Debug/ChessTests.dll" adapterTypeName="Microsoft.VisualStudio.TestTools.TestTypes.Unit.UnitTestAdapter, Microsoft.VisualStudio.QualityTools.Tips.UnitTest.Adapter, Version=11.0.0.0, Culture=neutral, PublicKeyToken=b03f5f7f11d50a3a" className="ChessTests.KnightTests, ChessTests, Version=1.0.0.0, Culture=neutral, PublicKeyToken=null" name="canMoveBlackKnightUpLeft" />
    </UnitTest>
    <UnitTest name="cannotTakeOwnPieceDiagUpLeft" storage="..\chesstests\bin\debug\chesstests.dll" id="3562f988-caf6-e157-38af-47808bc40815">
      <Execution timeOut="1800000" id="4eb1f1a7-29d7-4903-ad91-37deb81c3142" />
      <TestMethod codeBase="C:/Users/ShaneH/Documents/Visual Studio 2012/Projects/Chess/ChessTests/bin/Debug/ChessTests.dll" adapterTypeName="Microsoft.VisualStudio.TestTools.TestTypes.Unit.UnitTestAdapter, Microsoft.VisualStudio.QualityTools.Tips.UnitTest.Adapter, Version=11.0.0.0, Culture=neutral, PublicKeyToken=b03f5f7f11d50a3a" className="ChessTests.BishopTests, ChessTests, Version=1.0.0.0, Culture=neutral, PublicKeyToken=null" name="cannotTakeOwnPieceDiagUpLeft" />
    </UnitTest>
    <UnitTest name="cannotTakeOwnPieceMovingDownLeft" storage="..\chesstests\bin\debug\chesstests.dll" id="989c4479-fd4d-be06-81f5-831578a55a59">
      <Execution timeOut="1800000" id="c9eb0333-9938-4e5d-8467-b441597db2e1" />
      <TestMethod codeBase="C:/Users/ShaneH/Documents/Visual Studio 2012/Projects/Chess/ChessTests/bin/Debug/ChessTests.dll" adapterTypeName="Microsoft.VisualStudio.TestTools.TestTypes.Unit.UnitTestAdapter, Microsoft.VisualStudio.QualityTools.Tips.UnitTest.Adapter, Version=11.0.0.0, Culture=neutral, PublicKeyToken=b03f5f7f11d50a3a" className="ChessTests.KingTests, ChessTests, Version=1.0.0.0, Culture=neutral, PublicKeyToken=null" name="cannotTakeOwnPieceMovingDownLeft" />
    </UnitTest>
    <UnitTest name="areMiddleRowsPlayerColourNone" storage="..\chesstests\bin\debug\chesstests.dll" id="b4976dbf-056c-73f6-1b78-f13c2b1d127b">
      <Execution timeOut="1800000" id="490ee8c0-8bfe-4b64-94a7-4e507f1d9f6d" />
      <TestMethod codeBase="C:/Users/ShaneH/Documents/Visual Studio 2012/Projects/Chess/ChessTests/bin/Debug/ChessTests.dll" adapterTypeName="Microsoft.VisualStudio.TestTools.TestTypes.Unit.UnitTestAdapter, Microsoft.VisualStudio.QualityTools.Tips.UnitTest.Adapter, Version=11.0.0.0, Culture=neutral, PublicKeyToken=b03f5f7f11d50a3a" className="ChessTests.ChessTests, ChessTests, Version=1.0.0.0, Culture=neutral, PublicKeyToken=null" name="areMiddleRowsPlayerColourNone" />
    </UnitTest>
    <UnitTest name="blackPawnCannotMoveTwoSpacesAfterStart" storage="..\chesstests\bin\debug\chesstests.dll" id="8e7b2879-f716-116d-99dc-23f8e18ae182">
      <Execution timeOut="1800000" id="1e5ab6aa-633f-463f-ac95-dcee9e717cf4" />
      <TestMethod codeBase="C:/Users/ShaneH/Documents/Visual Studio 2012/Projects/Chess/ChessTests/bin/Debug/ChessTests.dll" adapterTypeName="Microsoft.VisualStudio.TestTools.TestTypes.Unit.UnitTestAdapter, Microsoft.VisualStudio.QualityTools.Tips.UnitTest.Adapter, Version=11.0.0.0, Culture=neutral, PublicKeyToken=b03f5f7f11d50a3a" className="ChessTests.PawnTests, ChessTests, Version=1.0.0.0, Culture=neutral, PublicKeyToken=null" name="blackPawnCannotMoveTwoSpacesAfterStart" />
    </UnitTest>
    <UnitTest name="cannotCaptureOwnPieceLeftTop" storage="..\chesstests\bin\debug\chesstests.dll" id="40d1b41f-84e9-0b2b-3898-954b6294bb34">
      <Execution timeOut="1800000" id="cfb9f377-09cb-4d4a-be7c-65a801a8313e" />
      <TestMethod codeBase="C:/Users/ShaneH/Documents/Visual Studio 2012/Projects/Chess/ChessTests/bin/Debug/ChessTests.dll" adapterTypeName="Microsoft.VisualStudio.TestTools.TestTypes.Unit.UnitTestAdapter, Microsoft.VisualStudio.QualityTools.Tips.UnitTest.Adapter, Version=11.0.0.0, Culture=neutral, PublicKeyToken=b03f5f7f11d50a3a" className="ChessTests.KnightTests, ChessTests, Version=1.0.0.0, Culture=neutral, PublicKeyToken=null" name="cannotCaptureOwnPieceLeftTop" />
    </UnitTest>
    <UnitTest name="canMoveKingForwardLeft" storage="..\chesstests\bin\debug\chesstests.dll" id="325ca6ba-2af3-98aa-0d43-981348e2650a">
      <Execution timeOut="1800000" id="ce116539-f5a6-46af-8b7d-f2f368ab90c8" />
      <TestMethod codeBase="C:/Users/ShaneH/Documents/Visual Studio 2012/Projects/Chess/ChessTests/bin/Debug/ChessTests.dll" adapterTypeName="Microsoft.VisualStudio.TestTools.TestTypes.Unit.UnitTestAdapter, Microsoft.VisualStudio.QualityTools.Tips.UnitTest.Adapter, Version=11.0.0.0, Culture=neutral, PublicKeyToken=b03f5f7f11d50a3a" className="ChessTests.KingTests, ChessTests, Version=1.0.0.0, Culture=neutral, PublicKeyToken=null" name="canMoveKingForwardLeft" />
    </UnitTest>
    <UnitTest name="canMoveWhiteKnightRightDown" storage="..\chesstests\bin\debug\chesstests.dll" id="b1cacb72-0763-fed2-dae6-92a0ddd885e0">
      <Execution timeOut="1800000" id="51b95bb7-ce86-403a-a816-810582ea5162" />
      <TestMethod codeBase="C:/Users/ShaneH/Documents/Visual Studio 2012/Projects/Chess/ChessTests/bin/Debug/ChessTests.dll" adapterTypeName="Microsoft.VisualStudio.TestTools.TestTypes.Unit.UnitTestAdapter, Microsoft.VisualStudio.QualityTools.Tips.UnitTest.Adapter, Version=11.0.0.0, Culture=neutral, PublicKeyToken=b03f5f7f11d50a3a" className="ChessTests.KnightTests, ChessTests, Version=1.0.0.0, Culture=neutral, PublicKeyToken=null" name="canMoveWhiteKnightRightDown" />
    </UnitTest>
    <UnitTest name="cannotCaptureOwnPieceTopRight" storage="..\chesstests\bin\debug\chesstests.dll" id="8b767757-2d46-6db2-6c72-a25020070dc1">
      <Execution timeOut="1800000" id="3178e7c0-0c55-43b9-b845-72e8cf91147c" />
      <TestMethod codeBase="C:/Users/ShaneH/Documents/Visual Studio 2012/Projects/Chess/ChessTests/bin/Debug/ChessTests.dll" adapterTypeName="Microsoft.VisualStudio.TestTools.TestTypes.Unit.UnitTestAdapter, Microsoft.VisualStudio.QualityTools.Tips.UnitTest.Adapter, Version=11.0.0.0, Culture=neutral, PublicKeyToken=b03f5f7f11d50a3a" className="ChessTests.KnightTests, ChessTests, Version=1.0.0.0, Culture=neutral, PublicKeyToken=null" name="cannotCaptureOwnPieceTopRight" />
    </UnitTest>
    <UnitTest name="cannotTakeOwnPieceMovingUpRight" storage="..\chesstests\bin\debug\chesstests.dll" id="f5f11ea3-767f-521f-25a8-5a047603f97f">
      <Execution timeOut="1800000" id="7f99e6c9-72cc-45e6-b3f4-d6ec32171362" />
      <TestMethod codeBase="C:/Users/ShaneH/Documents/Visual Studio 2012/Projects/Chess/ChessTests/bin/Debug/ChessTests.dll" adapterTypeName="Microsoft.VisualStudio.TestTools.TestTypes.Unit.UnitTestAdapter, Microsoft.VisualStudio.QualityTools.Tips.UnitTest.Adapter, Version=11.0.0.0, Culture=neutral, PublicKeyToken=b03f5f7f11d50a3a" className="ChessTests.KingTests, ChessTests, Version=1.0.0.0, Culture=neutral, PublicKeyToken=null" name="cannotTakeOwnPieceMovingUpRight" />
    </UnitTest>
    <UnitTest name="canMoveWhiteKnightUpLeft" storage="..\chesstests\bin\debug\chesstests.dll" id="01e1d85e-511b-f54c-a1a1-900d1b604f70">
      <Execution timeOut="1800000" id="3f7c4c64-de2f-4edb-a11b-31b45fc090c8" />
      <TestMethod codeBase="C:/Users/ShaneH/Documents/Visual Studio 2012/Projects/Chess/ChessTests/bin/Debug/ChessTests.dll" adapterTypeName="Microsoft.VisualStudio.TestTools.TestTypes.Unit.UnitTestAdapter, Microsoft.VisualStudio.QualityTools.Tips.UnitTest.Adapter, Version=11.0.0.0, Culture=neutral, PublicKeyToken=b03f5f7f11d50a3a" className="ChessTests.KnightTests, ChessTests, Version=1.0.0.0, Culture=neutral, PublicKeyToken=null" name="canMoveWhiteKnightUpLeft" />
    </UnitTest>
    <UnitTest name="canTakeOppositionPieceMovingRight" storage="..\chesstests\bin\debug\chesstests.dll" id="8a3cfb9c-5e17-9d45-b2bc-1a740a423650">
      <Execution timeOut="1800000" id="1d016aa0-8a8b-4514-b752-6b911389473f" />
      <TestMethod codeBase="C:/Users/ShaneH/Documents/Visual Studio 2012/Projects/Chess/ChessTests/bin/Debug/ChessTests.dll" adapterTypeName="Microsoft.VisualStudio.TestTools.TestTypes.Unit.UnitTestAdapter, Microsoft.VisualStudio.QualityTools.Tips.UnitTest.Adapter, Version=11.0.0.0, Culture=neutral, PublicKeyToken=b03f5f7f11d50a3a" className="ChessTests.KingTests, ChessTests, Version=1.0.0.0, Culture=neutral, PublicKeyToken=null" name="canTakeOppositionPieceMovingRight" />
    </UnitTest>
    <UnitTest name="canTakePiece" storage="..\chesstests\bin\debug\chesstests.dll" id="88f3539a-9e52-4e5f-3a8e-6ac8f70db456">
      <Execution timeOut="1800000" id="ce8f7922-cbe2-4f4a-b4e3-f26da099000f" />
      <TestMethod codeBase="C:/Users/ShaneH/Documents/Visual Studio 2012/Projects/Chess/ChessTests/bin/Debug/ChessTests.dll" adapterTypeName="Microsoft.VisualStudio.TestTools.TestTypes.Unit.UnitTestAdapter, Microsoft.VisualStudio.QualityTools.Tips.UnitTest.Adapter, Version=11.0.0.0, Culture=neutral, PublicKeyToken=b03f5f7f11d50a3a" className="ChessTests.BishopTests, ChessTests, Version=1.0.0.0, Culture=neutral, PublicKeyToken=null" name="canTakePiece" />
    </UnitTest>
    <UnitTest name="canMoveBlackRookHorizontallyRight" storage="..\chesstests\bin\debug\chesstests.dll" id="30e04109-c65f-2193-e674-b29f22492ca5">
      <Execution timeOut="1800000" id="32503f1e-8a5f-455d-b132-11bfd61b6c56" />
      <TestMethod codeBase="C:/Users/ShaneH/Documents/Visual Studio 2012/Projects/Chess/ChessTests/bin/Debug/ChessTests.dll" adapterTypeName="Microsoft.VisualStudio.TestTools.TestTypes.Unit.UnitTestAdapter, Microsoft.VisualStudio.QualityTools.Tips.UnitTest.Adapter, Version=11.0.0.0, Culture=neutral, PublicKeyToken=b03f5f7f11d50a3a" className="ChessTests.RookTests, ChessTests, Version=1.0.0.0, Culture=neutral, PublicKeyToken=null" name="canMoveBlackRookHorizontallyRight" />
    </UnitTest>
    <UnitTest name="cannotJumpOppositionDiagUpLeft" storage="..\chesstests\bin\debug\chesstests.dll" id="a1f929ba-6b28-ee21-359e-cf5d46cf368a">
      <Execution timeOut="1800000" id="79dddac4-824c-43fe-8807-33c89ab1ea23" />
      <TestMethod codeBase="C:/Users/ShaneH/Documents/Visual Studio 2012/Projects/Chess/ChessTests/bin/Debug/ChessTests.dll" adapterTypeName="Microsoft.VisualStudio.TestTools.TestTypes.Unit.UnitTestAdapter, Microsoft.VisualStudio.QualityTools.Tips.UnitTest.Adapter, Version=11.0.0.0, Culture=neutral, PublicKeyToken=b03f5f7f11d50a3a" className="ChessTests.BishopTests, ChessTests, Version=1.0.0.0, Culture=neutral, PublicKeyToken=null" name="cannotJumpOppositionDiagUpLeft" />
    </UnitTest>
    <UnitTest name="cannotCaptureOwnPieceTopLeft" storage="..\chesstests\bin\debug\chesstests.dll" id="3b8989d4-9468-d4f5-4fa5-0c83cef3e6e3">
      <Execution timeOut="1800000" id="b784025f-b4e3-47f1-909f-b2913a7a03fe" />
      <TestMethod codeBase="C:/Users/ShaneH/Documents/Visual Studio 2012/Projects/Chess/ChessTests/bin/Debug/ChessTests.dll" adapterTypeName="Microsoft.VisualStudio.TestTools.TestTypes.Unit.UnitTestAdapter, Microsoft.VisualStudio.QualityTools.Tips.UnitTest.Adapter, Version=11.0.0.0, Culture=neutral, PublicKeyToken=b03f5f7f11d50a3a" className="ChessTests.KnightTests, ChessTests, Version=1.0.0.0, Culture=neutral, PublicKeyToken=null" name="cannotCaptureOwnPieceTopLeft" />
    </UnitTest>
    <UnitTest name="cannotTakeOwnPieceDiagDownRight" storage="..\chesstests\bin\debug\chesstests.dll" id="f39b25bd-516f-7ee4-27f1-d563c9037b60">
      <Execution timeOut="1800000" id="a98474ce-33c7-4180-b225-90b5964fb550" />
      <TestMethod codeBase="C:/Users/ShaneH/Documents/Visual Studio 2012/Projects/Chess/ChessTests/bin/Debug/ChessTests.dll" adapterTypeName="Microsoft.VisualStudio.TestTools.TestTypes.Unit.UnitTestAdapter, Microsoft.VisualStudio.QualityTools.Tips.UnitTest.Adapter, Version=11.0.0.0, Culture=neutral, PublicKeyToken=b03f5f7f11d50a3a" className="ChessTests.BishopTests, ChessTests, Version=1.0.0.0, Culture=neutral, PublicKeyToken=null" name="cannotTakeOwnPieceDiagDownRight" />
    </UnitTest>
    <UnitTest name="exceptionWhenMoveToNegativeCol" storage="..\chesstests\bin\debug\chesstests.dll" id="7d98f31d-f1f6-0621-aa93-72560fa182b3">
      <Execution timeOut="1800000" id="e8b16bb9-f7ae-4683-865b-1855c5350d83" />
      <TestMethod codeBase="C:/Users/ShaneH/Documents/Visual Studio 2012/Projects/Chess/ChessTests/bin/Debug/ChessTests.dll" adapterTypeName="Microsoft.VisualStudio.TestTools.TestTypes.Unit.UnitTestAdapter, Microsoft.VisualStudio.QualityTools.Tips.UnitTest.Adapter, Version=11.0.0.0, Culture=neutral, PublicKeyToken=b03f5f7f11d50a3a" className="ChessTests.ChessTests, ChessTests, Version=1.0.0.0, Culture=neutral, PublicKeyToken=null" name="exceptionWhenMoveToNegativeCol" />
    </UnitTest>
    <UnitTest name="canMoveKingOneForward" storage="..\chesstests\bin\debug\chesstests.dll" id="d2ade540-1f1e-eb2f-4190-f97efcbbd597">
      <Execution timeOut="1800000" id="1cf9ed8d-2d5b-4916-8db7-0afc3fe231c5" />
      <TestMethod codeBase="C:/Users/ShaneH/Documents/Visual Studio 2012/Projects/Chess/ChessTests/bin/Debug/ChessTests.dll" adapterTypeName="Microsoft.VisualStudio.TestTools.TestTypes.Unit.UnitTestAdapter, Microsoft.VisualStudio.QualityTools.Tips.UnitTest.Adapter, Version=11.0.0.0, Culture=neutral, PublicKeyToken=b03f5f7f11d50a3a" className="ChessTests.KingTests, ChessTests, Version=1.0.0.0, Culture=neutral, PublicKeyToken=null" name="canMoveKingOneForward" />
    </UnitTest>
    <UnitTest name="whitePawnCanMoveTwoSpacesAtStart" storage="..\chesstests\bin\debug\chesstests.dll" id="31b640ce-2e58-2f38-568e-804147d116f8">
      <Execution timeOut="1800000" id="c1e1c9a3-88b0-4c93-bef1-0bd29d9e1eb4" />
      <TestMethod codeBase="C:/Users/ShaneH/Documents/Visual Studio 2012/Projects/Chess/ChessTests/bin/Debug/ChessTests.dll" adapterTypeName="Microsoft.VisualStudio.TestTools.TestTypes.Unit.UnitTestAdapter, Microsoft.VisualStudio.QualityTools.Tips.UnitTest.Adapter, Version=11.0.0.0, Culture=neutral, PublicKeyToken=b03f5f7f11d50a3a" className="ChessTests.PawnTests, ChessTests, Version=1.0.0.0, Culture=neutral, PublicKeyToken=null" name="whitePawnCanMoveTwoSpacesAtStart" />
    </UnitTest>
    <UnitTest name="canMoveKingRight" storage="..\chesstests\bin\debug\chesstests.dll" id="b1efd2e8-a10f-c78f-81ed-4637c3ceca04">
      <Execution timeOut="1800000" id="e1d2dbcf-4759-4138-a950-61ad274db189" />
      <TestMethod codeBase="C:/Users/ShaneH/Documents/Visual Studio 2012/Projects/Chess/ChessTests/bin/Debug/ChessTests.dll" adapterTypeName="Microsoft.VisualStudio.TestTools.TestTypes.Unit.UnitTestAdapter, Microsoft.VisualStudio.QualityTools.Tips.UnitTest.Adapter, Version=11.0.0.0, Culture=neutral, PublicKeyToken=b03f5f7f11d50a3a" className="ChessTests.KingTests, ChessTests, Version=1.0.0.0, Culture=neutral, PublicKeyToken=null" name="canMoveKingRight" />
    </UnitTest>
    <UnitTest name="cannotTakeOwnPieceMovingForwardLeft" storage="..\chesstests\bin\debug\chesstests.dll" id="2d3cec0c-59b8-0bcd-556a-64d52e28cae3">
      <Execution timeOut="1800000" id="ab068287-32bc-41ef-85b2-746be0ca01ad" />
      <TestMethod codeBase="C:/Users/ShaneH/Documents/Visual Studio 2012/Projects/Chess/ChessTests/bin/Debug/ChessTests.dll" adapterTypeName="Microsoft.VisualStudio.TestTools.TestTypes.Unit.UnitTestAdapter, Microsoft.VisualStudio.QualityTools.Tips.UnitTest.Adapter, Version=11.0.0.0, Culture=neutral, PublicKeyToken=b03f5f7f11d50a3a" className="ChessTests.KingTests, ChessTests, Version=1.0.0.0, Culture=neutral, PublicKeyToken=null" name="cannotTakeOwnPieceMovingForwardLeft" />
    </UnitTest>
    <UnitTest name="blackPawnCanMoveTwoSpacesAtStart" storage="..\chesstests\bin\debug\chesstests.dll" id="072141a6-213d-f7c1-ad94-78892f83b7a0">
      <Execution timeOut="1800000" id="ff49c00c-6c32-4099-bb8e-409e2ec82a00" />
      <TestMethod codeBase="C:/Users/ShaneH/Documents/Visual Studio 2012/Projects/Chess/ChessTests/bin/Debug/ChessTests.dll" adapterTypeName="Microsoft.VisualStudio.TestTools.TestTypes.Unit.UnitTestAdapter, Microsoft.VisualStudio.QualityTools.Tips.UnitTest.Adapter, Version=11.0.0.0, Culture=neutral, PublicKeyToken=b03f5f7f11d50a3a" className="ChessTests.PawnTests, ChessTests, Version=1.0.0.0, Culture=neutral, PublicKeyToken=null" name="blackPawnCanMoveTwoSpacesAtStart" />
    </UnitTest>
    <UnitTest name="canWhitePawnMoveOneSpaceForward" storage="..\chesstests\bin\debug\chesstests.dll" id="276aeaf4-94bd-7cc4-0bfa-fd1b795b8f09">
      <Execution timeOut="1800000" id="835acf90-2d48-432c-a823-4d5a21c54962" />
      <TestMethod codeBase="C:/Users/ShaneH/Documents/Visual Studio 2012/Projects/Chess/ChessTests/bin/Debug/ChessTests.dll" adapterTypeName="Microsoft.VisualStudio.TestTools.TestTypes.Unit.UnitTestAdapter, Microsoft.VisualStudio.QualityTools.Tips.UnitTest.Adapter, Version=11.0.0.0, Culture=neutral, PublicKeyToken=b03f5f7f11d50a3a" className="ChessTests.PawnTests, ChessTests, Version=1.0.0.0, Culture=neutral, PublicKeyToken=null" name="canWhitePawnMoveOneSpaceForward" />
    </UnitTest>
    <UnitTest name="canTakeOppositionPieceMovingUpRight" storage="..\chesstests\bin\debug\chesstests.dll" id="c283c84e-12fb-1c79-3140-e564f9560517">
      <Execution timeOut="1800000" id="5b62a59b-471e-4e4f-a8af-56ff221daa29" />
      <TestMethod codeBase="C:/Users/ShaneH/Documents/Visual Studio 2012/Projects/Chess/ChessTests/bin/Debug/ChessTests.dll" adapterTypeName="Microsoft.VisualStudio.TestTools.TestTypes.Unit.UnitTestAdapter, Microsoft.VisualStudio.QualityTools.Tips.UnitTest.Adapter, Version=11.0.0.0, Culture=neutral, PublicKeyToken=b03f5f7f11d50a3a" className="ChessTests.KingTests, ChessTests, Version=1.0.0.0, Culture=neutral, PublicKeyToken=null" name="canTakeOppositionPieceMovingUpRight" />
    </UnitTest>
    <UnitTest name="cannotTakeOwnPieceMovingDownRight" storage="..\chesstests\bin\debug\chesstests.dll" id="649a4875-a4da-c184-4703-192cbc79d530">
      <Execution timeOut="1800000" id="0a58dc40-534c-4d77-b257-155f61a28ce9" />
      <TestMethod codeBase="C:/Users/ShaneH/Documents/Visual Studio 2012/Projects/Chess/ChessTests/bin/Debug/ChessTests.dll" adapterTypeName="Microsoft.VisualStudio.TestTools.TestTypes.Unit.UnitTestAdapter, Microsoft.VisualStudio.QualityTools.Tips.UnitTest.Adapter, Version=11.0.0.0, Culture=neutral, PublicKeyToken=b03f5f7f11d50a3a" className="ChessTests.KingTests, ChessTests, Version=1.0.0.0, Culture=neutral, PublicKeyToken=null" name="cannotTakeOwnPieceMovingDownRight" />
    </UnitTest>
    <UnitTest name="areBottom2RowsWhite" storage="..\chesstests\bin\debug\chesstests.dll" id="689961f3-b549-c9f7-fc0a-74afd1b1e274">
      <Execution timeOut="1800000" id="3b3e25fe-1ebf-4a8b-b472-4a5a790eb802" />
      <TestMethod codeBase="C:/Users/ShaneH/Documents/Visual Studio 2012/Projects/Chess/ChessTests/bin/Debug/ChessTests.dll" adapterTypeName="Microsoft.VisualStudio.TestTools.TestTypes.Unit.UnitTestAdapter, Microsoft.VisualStudio.QualityTools.Tips.UnitTest.Adapter, Version=11.0.0.0, Culture=neutral, PublicKeyToken=b03f5f7f11d50a3a" className="ChessTests.ChessTests, ChessTests, Version=1.0.0.0, Culture=neutral, PublicKeyToken=null" name="areBottom2RowsWhite" />
    </UnitTest>
    <UnitTest name="canGetSelectedCell" storage="..\chesstests\bin\debug\chesstests.dll" id="8900ceac-b7b6-1032-98bc-f3e21d0abb21">
      <Execution timeOut="1800000" id="3ec7aace-0261-4804-a7ea-e370db3a3e1c" />
      <TestMethod codeBase="C:/Users/ShaneH/Documents/Visual Studio 2012/Projects/Chess/ChessTests/bin/Debug/ChessTests.dll" adapterTypeName="Microsoft.VisualStudio.TestTools.TestTypes.Unit.UnitTestAdapter, Microsoft.VisualStudio.QualityTools.Tips.UnitTest.Adapter, Version=11.0.0.0, Culture=neutral, PublicKeyToken=b03f5f7f11d50a3a" className="ChessTests.ChessTests, ChessTests, Version=1.0.0.0, Culture=neutral, PublicKeyToken=null" name="canGetSelectedCell" />
    </UnitTest>
    <UnitTest name="canMoveWhiteKnightLeftUp" storage="..\chesstests\bin\debug\chesstests.dll" id="ed293079-60d8-dd36-58ca-ab1711252e1b">
      <Execution timeOut="1800000" id="2802ecdc-5ded-4d80-a33d-5e3c935f4f1b" />
      <TestMethod codeBase="C:/Users/ShaneH/Documents/Visual Studio 2012/Projects/Chess/ChessTests/bin/Debug/ChessTests.dll" adapterTypeName="Microsoft.VisualStudio.TestTools.TestTypes.Unit.UnitTestAdapter, Microsoft.VisualStudio.QualityTools.Tips.UnitTest.Adapter, Version=11.0.0.0, Culture=neutral, PublicKeyToken=b03f5f7f11d50a3a" className="ChessTests.KnightTests, ChessTests, Version=1.0.0.0, Culture=neutral, PublicKeyToken=null" name="canMoveWhiteKnightLeftUp" />
    </UnitTest>
    <UnitTest name="canTakeOppositionPieceMovingForwardLeft" storage="..\chesstests\bin\debug\chesstests.dll" id="90898cf9-5c8b-6602-513e-7e28414b36ab">
      <Execution timeOut="1800000" id="856e1c1d-6eaa-4bed-b94b-65e76508c122" />
      <TestMethod codeBase="C:/Users/ShaneH/Documents/Visual Studio 2012/Projects/Chess/ChessTests/bin/Debug/ChessTests.dll" adapterTypeName="Microsoft.VisualStudio.TestTools.TestTypes.Unit.UnitTestAdapter, Microsoft.VisualStudio.QualityTools.Tips.UnitTest.Adapter, Version=11.0.0.0, Culture=neutral, PublicKeyToken=b03f5f7f11d50a3a" className="ChessTests.KingTests, ChessTests, Version=1.0.0.0, Culture=neutral, PublicKeyToken=null" name="canTakeOppositionPieceMovingForwardLeft" />
    </UnitTest>
    <UnitTest name="canMoveBlackKnightUpRight" storage="..\chesstests\bin\debug\chesstests.dll" id="aec32abe-a9a4-ee33-7558-1c7c2a3fabec">
      <Execution timeOut="1800000" id="25c0d8ad-7598-43a1-9d5b-6bb429664641" />
      <TestMethod codeBase="C:/Users/ShaneH/Documents/Visual Studio 2012/Projects/Chess/ChessTests/bin/Debug/ChessTests.dll" adapterTypeName="Microsoft.VisualStudio.TestTools.TestTypes.Unit.UnitTestAdapter, Microsoft.VisualStudio.QualityTools.Tips.UnitTest.Adapter, Version=11.0.0.0, Culture=neutral, PublicKeyToken=b03f5f7f11d50a3a" className="ChessTests.KnightTests, ChessTests, Version=1.0.0.0, Culture=neutral, PublicKeyToken=null" name="canMoveBlackKnightUpRight" />
    </UnitTest>
    <UnitTest name="canMoveQueenDiagUpLeft" storage="..\chesstests\bin\debug\chesstests.dll" id="2a82fa15-d608-6e25-a9ff-4f118775d58a">
      <Execution timeOut="1800000" id="8258605c-cc85-42e9-be29-b06f2d5d9246" />
      <TestMethod codeBase="C:/Users/ShaneH/Documents/Visual Studio 2012/Projects/Chess/ChessTests/bin/Debug/ChessTests.dll" adapterTypeName="Microsoft.VisualStudio.TestTools.TestTypes.Unit.UnitTestAdapter, Microsoft.VisualStudio.QualityTools.Tips.UnitTest.Adapter, Version=11.0.0.0, Culture=neutral, PublicKeyToken=b03f5f7f11d50a3a" className="ChessTests.QueenTests, ChessTests, Version=1.0.0.0, Culture=neutral, PublicKeyToken=null" name="canMoveQueenDiagUpLeft" />
    </UnitTest>
    <UnitTest name="cannotCaptureOwnPieceLeftBottom" storage="..\chesstests\bin\debug\chesstests.dll" id="ad975496-37d7-dfa8-72c5-ed19caf4b8d6">
      <Execution timeOut="1800000" id="24b99b8f-dc23-4e7e-a00d-739cc19c4983" />
      <TestMethod codeBase="C:/Users/ShaneH/Documents/Visual Studio 2012/Projects/Chess/ChessTests/bin/Debug/ChessTests.dll" adapterTypeName="Microsoft.VisualStudio.TestTools.TestTypes.Unit.UnitTestAdapter, Microsoft.VisualStudio.QualityTools.Tips.UnitTest.Adapter, Version=11.0.0.0, Culture=neutral, PublicKeyToken=b03f5f7f11d50a3a" className="ChessTests.KnightTests, ChessTests, Version=1.0.0.0, Culture=neutral, PublicKeyToken=null" name="cannotCaptureOwnPieceLeftBottom" />
    </UnitTest>
    <UnitTest name="canMoveBlackBishipDiagonalUpRightNoObstructions" storage="..\chesstests\bin\debug\chesstests.dll" id="bab2dab8-39f1-b478-4ef5-4dc0427dc7d9">
      <Execution timeOut="1800000" id="908b68da-a7ad-4424-bb46-7c65f032c067" />
      <TestMethod codeBase="C:/Users/ShaneH/Documents/Visual Studio 2012/Projects/Chess/ChessTests/bin/Debug/ChessTests.dll" adapterTypeName="Microsoft.VisualStudio.TestTools.TestTypes.Unit.UnitTestAdapter, Microsoft.VisualStudio.QualityTools.Tips.UnitTest.Adapter, Version=11.0.0.0, Culture=neutral, PublicKeyToken=b03f5f7f11d50a3a" className="ChessTests.BishopTests, ChessTests, Version=1.0.0.0, Culture=neutral, PublicKeyToken=null" name="canMoveBlackBishipDiagonalUpRightNoObstructions" />
    </UnitTest>
    <UnitTest name="whitePawnCanTakePieceRight" storage="..\chesstests\bin\debug\chesstests.dll" id="efc90440-a3c1-87f7-fff9-787ea282e06e">
      <Execution timeOut="1800000" id="354f1703-1013-4de9-8ca0-76e867c46b21" />
      <TestMethod codeBase="C:/Users/ShaneH/Documents/Visual Studio 2012/Projects/Chess/ChessTests/bin/Debug/ChessTests.dll" adapterTypeName="Microsoft.VisualStudio.TestTools.TestTypes.Unit.UnitTestAdapter, Microsoft.VisualStudio.QualityTools.Tips.UnitTest.Adapter, Version=11.0.0.0, Culture=neutral, PublicKeyToken=b03f5f7f11d50a3a" className="ChessTests.PawnTests, ChessTests, Version=1.0.0.0, Culture=neutral, PublicKeyToken=null" name="whitePawnCanTakePieceRight" />
    </UnitTest>
    <UnitTest name="selectedCellIsNullAfterMove" storage="..\chesstests\bin\debug\chesstests.dll" id="5ba4e3e7-6993-ed4b-8ced-e1d13c26b064">
      <Execution timeOut="1800000" id="99d49920-4351-44da-9a07-9603320a328e" />
      <TestMethod codeBase="C:/Users/ShaneH/Documents/Visual Studio 2012/Projects/Chess/ChessTests/bin/Debug/ChessTests.dll" adapterTypeName="Microsoft.VisualStudio.TestTools.TestTypes.Unit.UnitTestAdapter, Microsoft.VisualStudio.QualityTools.Tips.UnitTest.Adapter, Version=11.0.0.0, Culture=neutral, PublicKeyToken=b03f5f7f11d50a3a" className="ChessTests.ChessTests, ChessTests, Version=1.0.0.0, Culture=neutral, PublicKeyToken=null" name="selectedCellIsNullAfterMove" />
    </UnitTest>
    <UnitTest name="isCellEmptyWhenMovedOff" storage="..\chesstests\bin\debug\chesstests.dll" id="bedd4628-a316-a455-e74b-113d5ac3b3c8">
      <Execution timeOut="1800000" id="c6150213-3908-4d70-8fa6-232f2da4de4a" />
      <TestMethod codeBase="C:/Users/ShaneH/Documents/Visual Studio 2012/Projects/Chess/ChessTests/bin/Debug/ChessTests.dll" adapterTypeName="Microsoft.VisualStudio.TestTools.TestTypes.Unit.UnitTestAdapter, Microsoft.VisualStudio.QualityTools.Tips.UnitTest.Adapter, Version=11.0.0.0, Culture=neutral, PublicKeyToken=b03f5f7f11d50a3a" className="ChessTests.ChessTests, ChessTests, Version=1.0.0.0, Culture=neutral, PublicKeyToken=null" name="isCellEmptyWhenMovedOff" />
    </UnitTest>
    <UnitTest name="blackCannotTakeEmptyPieceLeft" storage="..\chesstests\bin\debug\chesstests.dll" id="0c39fefa-5032-d364-0d53-99bb085e0982">
      <Execution timeOut="1800000" id="447c07d1-91ef-4f07-b939-78e84cfd850d" />
      <TestMethod codeBase="C:/Users/ShaneH/Documents/Visual Studio 2012/Projects/Chess/ChessTests/bin/Debug/ChessTests.dll" adapterTypeName="Microsoft.VisualStudio.TestTools.TestTypes.Unit.UnitTestAdapter, Microsoft.VisualStudio.QualityTools.Tips.UnitTest.Adapter, Version=11.0.0.0, Culture=neutral, PublicKeyToken=b03f5f7f11d50a3a" className="ChessTests.PawnTests, ChessTests, Version=1.0.0.0, Culture=neutral, PublicKeyToken=null" name="blackCannotTakeEmptyPieceLeft" />
    </UnitTest>
    <UnitTest name="canMoveBlackBishopDiagonallyDownRightNoObstructions" storage="..\chesstests\bin\debug\chesstests.dll" id="cea9a2db-b9b4-5c44-cdae-ea8c559aa5ab">
      <Execution timeOut="1800000" id="9c410f96-5439-4e28-965e-71e8af0eae24" />
      <TestMethod codeBase="C:/Users/ShaneH/Documents/Visual Studio 2012/Projects/Chess/ChessTests/bin/Debug/ChessTests.dll" adapterTypeName="Microsoft.VisualStudio.TestTools.TestTypes.Unit.UnitTestAdapter, Microsoft.VisualStudio.QualityTools.Tips.UnitTest.Adapter, Version=11.0.0.0, Culture=neutral, PublicKeyToken=b03f5f7f11d50a3a" className="ChessTests.BishopTests, ChessTests, Version=1.0.0.0, Culture=neutral, PublicKeyToken=null" name="canMoveBlackBishopDiagonallyDownRightNoObstructions" />
    </UnitTest>
  </TestDefinitions>
  <TestLists>
    <TestList name="Results Not in a List" id="8c84fa94-04c1-424b-9868-57a2d4851a1d" />
    <TestList name="All Loaded Results" id="19431567-8539-422a-85d7-44ee4e166bda" />
  </TestLists>
  <TestEntries>
    <TestEntry testId="bab2dab8-39f1-b478-4ef5-4dc0427dc7d9" executionId="908b68da-a7ad-4424-bb46-7c65f032c067" testListId="8c84fa94-04c1-424b-9868-57a2d4851a1d" />
    <TestEntry testId="b1d1289f-9e7e-87c4-873a-568aec1ab10b" executionId="ecde6a84-9754-4ecf-9385-4be135f1cc6e" testListId="8c84fa94-04c1-424b-9868-57a2d4851a1d" />
    <TestEntry testId="cea9a2db-b9b4-5c44-cdae-ea8c559aa5ab" executionId="9c410f96-5439-4e28-965e-71e8af0eae24" testListId="8c84fa94-04c1-424b-9868-57a2d4851a1d" />
    <TestEntry testId="f758d7bc-486f-01b2-cb64-d4b549c6a040" executionId="813d692f-645b-4a14-a067-c7f69a00e94f" testListId="8c84fa94-04c1-424b-9868-57a2d4851a1d" />
    <TestEntry testId="cbde31ee-3d88-9411-c095-9535119853f5" executionId="f9869df9-2af9-494e-8a7c-f96c35f4d866" testListId="8c84fa94-04c1-424b-9868-57a2d4851a1d" />
    <TestEntry testId="7b64562e-3d29-ccc9-9a6a-4aaf39707ed4" executionId="c6007a4b-f6bf-47d5-a0d3-447f4659d0cb" testListId="8c84fa94-04c1-424b-9868-57a2d4851a1d" />
    <TestEntry testId="87b4a0e4-779f-40d0-ae2d-3dbb1b295cb5" executionId="5a5a34bc-58f0-4f13-9ac8-57b0820c3e1f" testListId="8c84fa94-04c1-424b-9868-57a2d4851a1d" />
    <TestEntry testId="f27377be-1934-c9f6-8d07-ac7266d1d2f6" executionId="1b3b485b-ca84-4f14-9082-6d53a5091611" testListId="8c84fa94-04c1-424b-9868-57a2d4851a1d" />
    <TestEntry testId="fd4c62da-b4fc-b947-da46-845314dd7c18" executionId="004978cf-a74a-4ad2-94f4-9ef0963b27be" testListId="8c84fa94-04c1-424b-9868-57a2d4851a1d" />
    <TestEntry testId="ee426e89-ab85-59c3-0fcf-e94b5b68ecd0" executionId="bc1b86c6-21bb-483e-917b-3514b0315e37" testListId="8c84fa94-04c1-424b-9868-57a2d4851a1d" />
    <TestEntry testId="a1f929ba-6b28-ee21-359e-cf5d46cf368a" executionId="79dddac4-824c-43fe-8807-33c89ab1ea23" testListId="8c84fa94-04c1-424b-9868-57a2d4851a1d" />
    <TestEntry testId="6569eff2-7f15-ccb7-f02b-db4adb59c7db" executionId="1da3587f-23f8-43e9-a885-4c3cf8514ab9" testListId="8c84fa94-04c1-424b-9868-57a2d4851a1d" />
    <TestEntry testId="11146e4e-bbf4-ec57-67f8-0efcf6651dcd" executionId="8a146a4b-241d-4906-9104-47efc92efc3d" testListId="8c84fa94-04c1-424b-9868-57a2d4851a1d" />
    <TestEntry testId="f39b25bd-516f-7ee4-27f1-d563c9037b60" executionId="a98474ce-33c7-4180-b225-90b5964fb550" testListId="8c84fa94-04c1-424b-9868-57a2d4851a1d" />
    <TestEntry testId="3562f988-caf6-e157-38af-47808bc40815" executionId="4eb1f1a7-29d7-4903-ad91-37deb81c3142" testListId="8c84fa94-04c1-424b-9868-57a2d4851a1d" />
    <TestEntry testId="f2547ccb-ac70-9f08-d6b9-a2ccdc08bacc" executionId="70a9f3d7-ed3e-4bb4-8671-7f38d1fb4d28" testListId="8c84fa94-04c1-424b-9868-57a2d4851a1d" />
    <TestEntry testId="88f3539a-9e52-4e5f-3a8e-6ac8f70db456" executionId="ce8f7922-cbe2-4f4a-b4e3-f26da099000f" testListId="8c84fa94-04c1-424b-9868-57a2d4851a1d" />
    <TestEntry testId="0135c415-d464-98bd-b8b3-bd9c939f3dde" executionId="f15240f1-8887-4967-a196-3404b17e38c6" testListId="8c84fa94-04c1-424b-9868-57a2d4851a1d" />
    <TestEntry testId="59322b24-fed2-1448-d0b4-50356cfcbb98" executionId="9ce35571-ff6b-4e92-8c95-99b93aeb9cb7" testListId="8c84fa94-04c1-424b-9868-57a2d4851a1d" />
    <TestEntry testId="689961f3-b549-c9f7-fc0a-74afd1b1e274" executionId="3b3e25fe-1ebf-4a8b-b472-4a5a790eb802" testListId="8c84fa94-04c1-424b-9868-57a2d4851a1d" />
    <TestEntry testId="64ef643a-95e0-b1de-5aee-37e849e90430" executionId="bca6e385-6475-4b09-9f17-f246a0e504e4" testListId="8c84fa94-04c1-424b-9868-57a2d4851a1d" />
    <TestEntry testId="f4c8b637-ea9c-8efa-a91b-fbb27555fab4" executionId="666d046f-e936-48dc-b91a-8ab46b8bfac9" testListId="8c84fa94-04c1-424b-9868-57a2d4851a1d" />
    <TestEntry testId="46a22037-07ac-0ccf-02e3-fd7145e502cd" executionId="e9a7461a-cca5-4414-8e1c-0bf3eec78622" testListId="8c84fa94-04c1-424b-9868-57a2d4851a1d" />
    <TestEntry testId="9d752e3a-962f-b4d2-f688-e9e19ffd27bf" executionId="c8e84dc0-19c5-42b4-b0f1-6231693b8756" testListId="8c84fa94-04c1-424b-9868-57a2d4851a1d" />
    <TestEntry testId="b4976dbf-056c-73f6-1b78-f13c2b1d127b" executionId="490ee8c0-8bfe-4b64-94a7-4e507f1d9f6d" testListId="8c84fa94-04c1-424b-9868-57a2d4851a1d" />
    <TestEntry testId="d4ac55cd-7290-4fbf-9991-5ab16bc1fda2" executionId="2c9faf47-3269-4284-9500-71daf23c2642" testListId="8c84fa94-04c1-424b-9868-57a2d4851a1d" />
    <TestEntry testId="197972f7-6197-faf7-a2b7-9fae8c675127" executionId="3079d407-3c3b-46ca-8dfe-108ad2bf1d15" testListId="8c84fa94-04c1-424b-9868-57a2d4851a1d" />
    <TestEntry testId="fd75eb10-5261-cc1e-b982-ae741a061d34" executionId="adafa1d9-5f8a-4269-815d-65a76bf49a86" testListId="8c84fa94-04c1-424b-9868-57a2d4851a1d" />
    <TestEntry testId="9ea0817e-195f-4525-9215-e116df1a5f63" executionId="5166ab52-399b-45b5-b73b-6df62af6c1a8" testListId="8c84fa94-04c1-424b-9868-57a2d4851a1d" />
    <TestEntry testId="4ed072d2-7529-fe73-ad46-07bd95268187" executionId="ceef20ff-ff82-4845-8ea8-8d12a2f672e2" testListId="8c84fa94-04c1-424b-9868-57a2d4851a1d" />
    <TestEntry testId="8900ceac-b7b6-1032-98bc-f3e21d0abb21" executionId="3ec7aace-0261-4804-a7ea-e370db3a3e1c" testListId="8c84fa94-04c1-424b-9868-57a2d4851a1d" />
    <TestEntry testId="005829d6-859e-9315-7aa3-e62df14cfd2f" executionId="57ee20f0-f723-4f66-ac4c-31f034f9c5e6" testListId="8c84fa94-04c1-424b-9868-57a2d4851a1d" />
    <TestEntry testId="7d98f31d-f1f6-0621-aa93-72560fa182b3" executionId="e8b16bb9-f7ae-4683-865b-1855c5350d83" testListId="8c84fa94-04c1-424b-9868-57a2d4851a1d" />
    <TestEntry testId="b7b09a89-f922-b298-bb69-6134762504c7" executionId="63a5d5d8-2626-4313-8aa5-2cf2f8849f30" testListId="8c84fa94-04c1-424b-9868-57a2d4851a1d" />
    <TestEntry testId="05d65582-adf5-1549-bdb6-f0e47270afd3" executionId="0b1e0386-00e9-4203-a315-7e48b5fb5466" testListId="8c84fa94-04c1-424b-9868-57a2d4851a1d" />
    <TestEntry testId="2622fed3-4e63-071a-2d6d-7db13abf1a89" executionId="1733a24b-91fe-42a4-a30c-86e21a8b064b" testListId="8c84fa94-04c1-424b-9868-57a2d4851a1d" />
    <TestEntry testId="a5cecf0f-42c5-3103-c37e-7de0c32f1d40" executionId="fe9bc056-591a-45f3-b0c7-0f5514d65f10" testListId="8c84fa94-04c1-424b-9868-57a2d4851a1d" />
    <TestEntry testId="18c1f855-99f0-d7c9-3814-1b9500d79abb" executionId="a35d5d42-d61e-45d4-a751-8aa6e91336ff" testListId="8c84fa94-04c1-424b-9868-57a2d4851a1d" />
    <TestEntry testId="b899b54b-1fed-9cb3-745e-fba087b88573" executionId="68e135d1-a455-4ea7-b328-885631fdf979" testListId="8c84fa94-04c1-424b-9868-57a2d4851a1d" />
    <TestEntry testId="56379117-1d4e-106a-e150-22beb95db5f6" executionId="b07527f2-50a2-490c-8ff8-b828db2ac914" testListId="8c84fa94-04c1-424b-9868-57a2d4851a1d" />
    <TestEntry testId="bedd4628-a316-a455-e74b-113d5ac3b3c8" executionId="c6150213-3908-4d70-8fa6-232f2da4de4a" testListId="8c84fa94-04c1-424b-9868-57a2d4851a1d" />
    <TestEntry testId="c9eef1b9-2601-24e4-e66c-677a0f68bfe9" executionId="93407c60-0330-400c-b41c-f31b3deae71c" testListId="8c84fa94-04c1-424b-9868-57a2d4851a1d" />
    <TestEntry testId="dafe7a1e-3bd2-12cf-e3a7-a7dc8926d90c" executionId="1d9b65d3-3a18-43a3-91f1-144c15c24381" testListId="8c84fa94-04c1-424b-9868-57a2d4851a1d" />
    <TestEntry testId="db17ca7a-fdcd-e135-ff66-0041667888a6" executionId="b193a4af-63b2-4358-aef1-5259a89c1b22" testListId="8c84fa94-04c1-424b-9868-57a2d4851a1d" />
    <TestEntry testId="1f0d839d-2acf-5f06-e2ce-d9eadfcf6b39" executionId="ee098a2e-ebe3-49c5-920e-23240fa3be6a" testListId="8c84fa94-04c1-424b-9868-57a2d4851a1d" />
    <TestEntry testId="5ba4e3e7-6993-ed4b-8ced-e1d13c26b064" executionId="99d49920-4351-44da-9a07-9603320a328e" testListId="8c84fa94-04c1-424b-9868-57a2d4851a1d" />
    <TestEntry testId="73015d04-f4f5-eb53-f909-b8aae7bb4119" executionId="a3befda6-48d0-4a11-8dbf-30fcd601571a" testListId="8c84fa94-04c1-424b-9868-57a2d4851a1d" />
    <TestEntry testId="558b53c6-969d-e366-d6b8-7fcc271542df" executionId="f9e84593-5ab1-451a-a2c9-dcc9f911666d" testListId="8c84fa94-04c1-424b-9868-57a2d4851a1d" />
    <TestEntry testId="325ca6ba-2af3-98aa-0d43-981348e2650a" executionId="ce116539-f5a6-46af-8b7d-f2f368ab90c8" testListId="8c84fa94-04c1-424b-9868-57a2d4851a1d" />
    <TestEntry testId="e8e33e12-931b-128d-146d-566c8d61cfb2" executionId="bf97b11a-c202-42a3-8c2a-40dadab5a869" testListId="8c84fa94-04c1-424b-9868-57a2d4851a1d" />
    <TestEntry testId="09b9970f-5bc4-c7f2-6dce-33edfb74fb47" executionId="2e7f00e8-c704-461b-aac4-dda9a331f315" testListId="8c84fa94-04c1-424b-9868-57a2d4851a1d" />
    <TestEntry testId="d2ade540-1f1e-eb2f-4190-f97efcbbd597" executionId="1cf9ed8d-2d5b-4916-8db7-0afc3fe231c5" testListId="8c84fa94-04c1-424b-9868-57a2d4851a1d" />
    <TestEntry testId="b1efd2e8-a10f-c78f-81ed-4637c3ceca04" executionId="e1d2dbcf-4759-4138-a950-61ad274db189" testListId="8c84fa94-04c1-424b-9868-57a2d4851a1d" />
    <TestEntry testId="54bf5bb6-83d7-dbc0-fbb6-c50b912aca0c" executionId="f8342830-35c4-4183-bd5f-3acfde734dc8" testListId="8c84fa94-04c1-424b-9868-57a2d4851a1d" />
    <TestEntry testId="d4181de0-82b5-2bf4-4e2d-51f91ba36e4c" executionId="e579594d-7b24-43a4-b2c0-046d5bebb993" testListId="8c84fa94-04c1-424b-9868-57a2d4851a1d" />
    <TestEntry testId="989c4479-fd4d-be06-81f5-831578a55a59" executionId="c9eb0333-9938-4e5d-8467-b441597db2e1" testListId="8c84fa94-04c1-424b-9868-57a2d4851a1d" />
    <TestEntry testId="649a4875-a4da-c184-4703-192cbc79d530" executionId="0a58dc40-534c-4d77-b257-155f61a28ce9" testListId="8c84fa94-04c1-424b-9868-57a2d4851a1d" />
    <TestEntry testId="b9482e51-690d-61ad-be55-288bbe5f6ac4" executionId="25a2a839-a778-4106-801b-663577101551" testListId="8c84fa94-04c1-424b-9868-57a2d4851a1d" />
    <TestEntry testId="2d3cec0c-59b8-0bcd-556a-64d52e28cae3" executionId="ab068287-32bc-41ef-85b2-746be0ca01ad" testListId="8c84fa94-04c1-424b-9868-57a2d4851a1d" />
    <TestEntry testId="898e8b86-4e2c-3020-5dd7-7d7a30385240" executionId="d98fddf7-d0d2-4ecc-9cf2-ebe38bb4ef34" testListId="8c84fa94-04c1-424b-9868-57a2d4851a1d" />
    <TestEntry testId="6c13f9eb-f3d4-48aa-c88b-6e9674447ef3" executionId="f4ddaf97-7dd9-4b2b-bb7b-deb1f11ce9d9" testListId="8c84fa94-04c1-424b-9868-57a2d4851a1d" />
    <TestEntry testId="f5f11ea3-767f-521f-25a8-5a047603f97f" executionId="7f99e6c9-72cc-45e6-b3f4-d6ec32171362" testListId="8c84fa94-04c1-424b-9868-57a2d4851a1d" />
    <TestEntry testId="c9550b69-9fd2-3fcf-2931-2e40d497d81d" executionId="51d750da-605b-48d6-bf4a-db85e626ec20" testListId="8c84fa94-04c1-424b-9868-57a2d4851a1d" />
    <TestEntry testId="f2c8f66f-5b37-9645-e49a-a041d148b602" executionId="b24839df-0cc6-4270-93e0-e7514db101af" testListId="8c84fa94-04c1-424b-9868-57a2d4851a1d" />
    <TestEntry testId="4b659aa5-2064-7295-f3dc-47eac73b7ede" executionId="c0d915cb-2a02-4a21-afa5-5a9ad27c58fe" testListId="8c84fa94-04c1-424b-9868-57a2d4851a1d" />
    <TestEntry testId="6043af01-0728-5b9e-9c02-bbb4296a7b49" executionId="7eca7f9d-8763-4cf6-af42-ebc6e00b3ff7" testListId="8c84fa94-04c1-424b-9868-57a2d4851a1d" />
    <TestEntry testId="90898cf9-5c8b-6602-513e-7e28414b36ab" executionId="856e1c1d-6eaa-4bed-b94b-65e76508c122" testListId="8c84fa94-04c1-424b-9868-57a2d4851a1d" />
    <TestEntry testId="cdb353a5-fbfe-08cc-ac19-32e4bc7ee0af" executionId="e5c3c86f-9b31-42ca-953c-cbef196876a5" testListId="8c84fa94-04c1-424b-9868-57a2d4851a1d" />
    <TestEntry testId="8a3cfb9c-5e17-9d45-b2bc-1a740a423650" executionId="1d016aa0-8a8b-4514-b752-6b911389473f" testListId="8c84fa94-04c1-424b-9868-57a2d4851a1d" />
    <TestEntry testId="c283c84e-12fb-1c79-3140-e564f9560517" executionId="5b62a59b-471e-4e4f-a8af-56ff221daa29" testListId="8c84fa94-04c1-424b-9868-57a2d4851a1d" />
    <TestEntry testId="708e0fda-e1a5-7f8b-3069-c1364aee94b5" executionId="31e2bd4d-7bd8-41bf-b5d9-7f24fdd78b5c" testListId="8c84fa94-04c1-424b-9868-57a2d4851a1d" />
    <TestEntry testId="5e1118ed-9b53-f770-8503-6b91f9e32547" executionId="bbf79c5f-44e9-432e-bf37-a190fe992b70" testListId="8c84fa94-04c1-424b-9868-57a2d4851a1d" />
    <TestEntry testId="6cf57c02-d527-684a-9612-4d68bc5f29f6" executionId="5365ad1e-33b7-40e7-bc39-fe148ef89cb6" testListId="8c84fa94-04c1-424b-9868-57a2d4851a1d" />
    <TestEntry testId="89133348-f31e-9131-8497-14e1440854d8" executionId="51f8d43c-523b-4583-a070-1ad3b84cfca2" testListId="8c84fa94-04c1-424b-9868-57a2d4851a1d" />
    <TestEntry testId="da7f9d67-6583-5b93-3103-caab5031e2e0" executionId="de18b438-d11b-454d-b680-9f0f937b9c1c" testListId="8c84fa94-04c1-424b-9868-57a2d4851a1d" />
    <TestEntry testId="b6442f0f-5bfd-8c1c-ad13-f1d69b3a8a06" executionId="46e26c5c-bec0-475b-8bb6-0b970c28e5b8" testListId="8c84fa94-04c1-424b-9868-57a2d4851a1d" />
    <TestEntry testId="dec0744b-b5da-6a4d-ad0a-355a63963703" executionId="0e347e80-0081-4ca8-8722-a1a312702690" testListId="8c84fa94-04c1-424b-9868-57a2d4851a1d" />
    <TestEntry testId="aec32abe-a9a4-ee33-7558-1c7c2a3fabec" executionId="25c0d8ad-7598-43a1-9d5b-6bb429664641" testListId="8c84fa94-04c1-424b-9868-57a2d4851a1d" />
    <TestEntry testId="129b002c-1fd8-a858-11b5-efb8011f1c66" executionId="848e9c03-c510-4969-a7db-ec971b70ec11" testListId="8c84fa94-04c1-424b-9868-57a2d4851a1d" />
    <TestEntry testId="3d0b3fd5-ed3e-b00a-e692-69db01d97037" executionId="efb0f12e-fd24-403f-a3d6-9fcee0f5f8f9" testListId="8c84fa94-04c1-424b-9868-57a2d4851a1d" />
    <TestEntry testId="cf3b5912-6ae6-e0a1-b350-a9a883f44204" executionId="b16fb72a-8c20-48c5-9495-3c9f844b0989" testListId="8c84fa94-04c1-424b-9868-57a2d4851a1d" />
    <TestEntry testId="ed293079-60d8-dd36-58ca-ab1711252e1b" executionId="2802ecdc-5ded-4d80-a33d-5e3c935f4f1b" testListId="8c84fa94-04c1-424b-9868-57a2d4851a1d" />
    <TestEntry testId="b1cacb72-0763-fed2-dae6-92a0ddd885e0" executionId="51b95bb7-ce86-403a-a816-810582ea5162" testListId="8c84fa94-04c1-424b-9868-57a2d4851a1d" />
    <TestEntry testId="b48545f1-36d0-2752-215f-8475388c03a6" executionId="d9a2e71c-52c0-41ea-aab6-c331d92ffa77" testListId="8c84fa94-04c1-424b-9868-57a2d4851a1d" />
    <TestEntry testId="01e1d85e-511b-f54c-a1a1-900d1b604f70" executionId="3f7c4c64-de2f-4edb-a11b-31b45fc090c8" testListId="8c84fa94-04c1-424b-9868-57a2d4851a1d" />
    <TestEntry testId="020bc553-c880-41f6-e7a5-5598075d4e67" executionId="60480006-84ec-4294-b1b1-7fa7142771d4" testListId="8c84fa94-04c1-424b-9868-57a2d4851a1d" />
    <TestEntry testId="5549ceba-3e9a-6148-26c8-8ad403ffbfa1" executionId="51383085-1ae8-4856-b141-f25098e5a45f" testListId="8c84fa94-04c1-424b-9868-57a2d4851a1d" />
    <TestEntry testId="12e63596-1c4e-b553-8314-65281f6114b3" executionId="75ebc6c1-aa11-48b1-bbe1-3592644e48f1" testListId="8c84fa94-04c1-424b-9868-57a2d4851a1d" />
    <TestEntry testId="ad975496-37d7-dfa8-72c5-ed19caf4b8d6" executionId="24b99b8f-dc23-4e7e-a00d-739cc19c4983" testListId="8c84fa94-04c1-424b-9868-57a2d4851a1d" />
    <TestEntry testId="40d1b41f-84e9-0b2b-3898-954b6294bb34" executionId="cfb9f377-09cb-4d4a-be7c-65a801a8313e" testListId="8c84fa94-04c1-424b-9868-57a2d4851a1d" />
    <TestEntry testId="c281314e-828d-e156-cbd7-96cd2b327ed0" executionId="8595b583-7ad3-45a3-964e-4bacc0f1c088" testListId="8c84fa94-04c1-424b-9868-57a2d4851a1d" />
    <TestEntry testId="84067fc2-a576-9ac6-6f3c-59ca7fae01b3" executionId="214d1aba-dc8b-432e-b7a6-b01bedc1dc5f" testListId="8c84fa94-04c1-424b-9868-57a2d4851a1d" />
    <TestEntry testId="3b8989d4-9468-d4f5-4fa5-0c83cef3e6e3" executionId="b784025f-b4e3-47f1-909f-b2913a7a03fe" testListId="8c84fa94-04c1-424b-9868-57a2d4851a1d" />
    <TestEntry testId="8b767757-2d46-6db2-6c72-a25020070dc1" executionId="3178e7c0-0c55-43b9-b845-72e8cf91147c" testListId="8c84fa94-04c1-424b-9868-57a2d4851a1d" />
    <TestEntry testId="f1a715f9-9cf1-9e64-a4be-97f94a04714c" executionId="2d420942-685d-431f-a8cf-cd8eec584229" testListId="8c84fa94-04c1-424b-9868-57a2d4851a1d" />
    <TestEntry testId="98edb5da-2506-8b04-eeed-1852ef2aaf00" executionId="5e89ae36-931a-4a75-bc73-083b08c61f71" testListId="8c84fa94-04c1-424b-9868-57a2d4851a1d" />
    <TestEntry testId="070484d8-b78f-e4c9-05d6-cba7187facb9" executionId="7db9073d-7550-41f6-965a-63498c93e4b0" testListId="8c84fa94-04c1-424b-9868-57a2d4851a1d" />
    <TestEntry testId="3a5598f0-2f6a-ab8e-56e4-280c59becd55" executionId="a5422b60-f714-4912-b64a-b9bf4a17aa9a" testListId="8c84fa94-04c1-424b-9868-57a2d4851a1d" />
    <TestEntry testId="4981dea8-f169-664c-472f-78db2ae78861" executionId="2496b812-9d86-4897-806a-16ac152aec60" testListId="8c84fa94-04c1-424b-9868-57a2d4851a1d" />
    <TestEntry testId="a64ca845-c01a-2574-9dc9-d481b1eb66ae" executionId="d906a582-3f89-46c2-972f-b9e890a638bf" testListId="8c84fa94-04c1-424b-9868-57a2d4851a1d" />
    <TestEntry testId="a39074e8-1a57-e5e3-5130-43a61b6aac16" executionId="0018c495-6b13-413e-bd4d-792e9eb32c3c" testListId="8c84fa94-04c1-424b-9868-57a2d4851a1d" />
    <TestEntry testId="0c39fefa-5032-d364-0d53-99bb085e0982" executionId="447c07d1-91ef-4f07-b939-78e84cfd850d" testListId="8c84fa94-04c1-424b-9868-57a2d4851a1d" />
    <TestEntry testId="072141a6-213d-f7c1-ad94-78892f83b7a0" executionId="ff49c00c-6c32-4099-bb8e-409e2ec82a00" testListId="8c84fa94-04c1-424b-9868-57a2d4851a1d" />
    <TestEntry testId="cb78d65f-db30-1067-6355-33912c9c98b3" executionId="41ed2c71-1294-4545-b2d0-c9d880f41cd8" testListId="8c84fa94-04c1-424b-9868-57a2d4851a1d" />
    <TestEntry testId="8e7b2879-f716-116d-99dc-23f8e18ae182" executionId="1e5ab6aa-633f-463f-ac95-dcee9e717cf4" testListId="8c84fa94-04c1-424b-9868-57a2d4851a1d" />
    <TestEntry testId="d6be978c-e15f-fa6c-2dca-55f439cdf674" executionId="093c3937-b0ce-4ec5-8ba8-a7f5d06e2809" testListId="8c84fa94-04c1-424b-9868-57a2d4851a1d" />
    <TestEntry testId="31f39857-46fe-cad3-eea6-de16b677be95" executionId="44a7159d-1641-451e-83bb-8614ad18464e" testListId="8c84fa94-04c1-424b-9868-57a2d4851a1d" />
    <TestEntry testId="af7199b0-e83f-767d-57c7-bef2cae34aa3" executionId="37d9745c-a2fc-4133-a2fc-40f199315075" testListId="8c84fa94-04c1-424b-9868-57a2d4851a1d" />
    <TestEntry testId="74218563-c78e-d800-7101-79460a2a54a4" executionId="dda56090-52f2-4b36-90bd-bd9df40ab872" testListId="8c84fa94-04c1-424b-9868-57a2d4851a1d" />
    <TestEntry testId="2ead5f87-4f49-9731-8b7d-274f7728f6ce" executionId="c5841970-7956-4e6b-a1e4-8ae8182f9908" testListId="8c84fa94-04c1-424b-9868-57a2d4851a1d" />
    <TestEntry testId="f4345ccc-f7f8-a9d0-d85f-f34d1eaed95e" executionId="915ba021-b622-4038-925c-3e11431fd886" testListId="8c84fa94-04c1-424b-9868-57a2d4851a1d" />
    <TestEntry testId="1889f775-0977-2f85-bcf9-6dc4aeb0834c" executionId="d0df89b1-a2c1-477e-acbe-c491fe09f4de" testListId="8c84fa94-04c1-424b-9868-57a2d4851a1d" />
    <TestEntry testId="e4425b0f-0cb4-e465-5faf-5fa77fa81a46" executionId="88f2d1d2-28ec-4299-af2f-47026f8b0324" testListId="8c84fa94-04c1-424b-9868-57a2d4851a1d" />
    <TestEntry testId="17c89217-fc60-adea-d5e7-d8f5759cacf3" executionId="fdc24111-a718-4e5e-8980-91d729c1896a" testListId="8c84fa94-04c1-424b-9868-57a2d4851a1d" />
    <TestEntry testId="557ea181-0881-47c7-90a7-baa142d9c0b1" executionId="f1498836-3add-49a4-b0dc-c689d602bab6" testListId="8c84fa94-04c1-424b-9868-57a2d4851a1d" />
    <TestEntry testId="72153cfe-4389-9773-f6fd-6685bb51f896" executionId="60bebc60-724f-4d9a-986b-f9922bfe7d32" testListId="8c84fa94-04c1-424b-9868-57a2d4851a1d" />
    <TestEntry testId="77a8b315-06d4-5fac-05d9-90fcccdac88f" executionId="bda5f276-5cc2-4a28-9456-136ddc0e5e8a" testListId="8c84fa94-04c1-424b-9868-57a2d4851a1d" />
    <TestEntry testId="276aeaf4-94bd-7cc4-0bfa-fd1b795b8f09" executionId="835acf90-2d48-432c-a823-4d5a21c54962" testListId="8c84fa94-04c1-424b-9868-57a2d4851a1d" />
    <TestEntry testId="c9fb8199-30a5-e351-264b-e657ae13b916" executionId="a365f744-379c-4955-afc7-ae61b7bca326" testListId="8c84fa94-04c1-424b-9868-57a2d4851a1d" />
    <TestEntry testId="6d29da73-1392-f864-ac11-db455215ce75" executionId="4844d96d-84dc-4513-95b9-48defdabb23c" testListId="8c84fa94-04c1-424b-9868-57a2d4851a1d" />
    <TestEntry testId="4f8f2480-799b-0be7-4437-c1ecf75fbaa1" executionId="48d23554-d785-4794-bc39-9c3d36983aab" testListId="8c84fa94-04c1-424b-9868-57a2d4851a1d" />
    <TestEntry testId="1ae802a5-bb94-ae3c-980c-cf0121da8a4a" executionId="a2a3afd4-97b4-4b5e-9888-71cfbb3ccc36" testListId="8c84fa94-04c1-424b-9868-57a2d4851a1d" />
    <TestEntry testId="978c0671-8eb9-8633-411e-8b65bb821d6c" executionId="06ffaab8-1821-4d1a-a643-5ee5fbcaafe2" testListId="8c84fa94-04c1-424b-9868-57a2d4851a1d" />
    <TestEntry testId="31b640ce-2e58-2f38-568e-804147d116f8" executionId="c1e1c9a3-88b0-4c93-bef1-0bd29d9e1eb4" testListId="8c84fa94-04c1-424b-9868-57a2d4851a1d" />
    <TestEntry testId="5e0522cb-aa6a-a547-6b61-65ded7b9398a" executionId="005a6efd-051f-41c0-b0a5-b2714f77fa37" testListId="8c84fa94-04c1-424b-9868-57a2d4851a1d" />
    <TestEntry testId="35ff0ac0-4840-970b-a280-9a148d7f7af4" executionId="a8ee3dbe-9305-4f80-af0d-68946541d56c" testListId="8c84fa94-04c1-424b-9868-57a2d4851a1d" />
    <TestEntry testId="76d2cb65-6735-d8b0-b056-6bd2e46786ef" executionId="0eba26a0-50cb-40ca-b4d0-9ee6481af089" testListId="8c84fa94-04c1-424b-9868-57a2d4851a1d" />
    <TestEntry testId="85ab3335-8bf0-ecfa-98f7-0db700370fe2" executionId="e91ee91b-1a72-4dd0-b045-d92822679396" testListId="8c84fa94-04c1-424b-9868-57a2d4851a1d" />
    <TestEntry testId="f1502619-456c-8ace-3118-e479f255cb31" executionId="8478fc94-ad2a-405b-b40a-15c37f1aba4a" testListId="8c84fa94-04c1-424b-9868-57a2d4851a1d" />
    <TestEntry testId="f9b6fa3b-c686-0e22-5a5c-d78c0f5f065a" executionId="1ebdd086-249b-48e8-bfb5-082e111f920f" testListId="8c84fa94-04c1-424b-9868-57a2d4851a1d" />
    <TestEntry testId="efc90440-a3c1-87f7-fff9-787ea282e06e" executionId="354f1703-1013-4de9-8ca0-76e867c46b21" testListId="8c84fa94-04c1-424b-9868-57a2d4851a1d" />
    <TestEntry testId="2d6867c6-934d-12ca-881f-8ca2af17d2e4" executionId="dbbe397a-4eb2-4763-a9e6-3e2730265e34" testListId="8c84fa94-04c1-424b-9868-57a2d4851a1d" />
    <TestEntry testId="e7f23f39-7057-048c-f8c3-7322c51edfe0" executionId="6b41ca8d-9fae-4e74-a8a0-d403fe8bd2b8" testListId="8c84fa94-04c1-424b-9868-57a2d4851a1d" />
    <TestEntry testId="2a82fa15-d608-6e25-a9ff-4f118775d58a" executionId="8258605c-cc85-42e9-be29-b06f2d5d9246" testListId="8c84fa94-04c1-424b-9868-57a2d4851a1d" />
    <TestEntry testId="e3792867-8253-4fa3-d7e9-04dbc55b7bd0" executionId="0f86ef7b-9246-4b25-8498-240e350ddaa4" testListId="8c84fa94-04c1-424b-9868-57a2d4851a1d" />
    <TestEntry testId="62090d81-bf34-b23d-be59-e474692bb2bb" executionId="571bac65-7644-4ae5-b6d6-9694d47cf1e5" testListId="8c84fa94-04c1-424b-9868-57a2d4851a1d" />
    <TestEntry testId="4a2195e8-be6f-2084-7664-243a4cb97e3b" executionId="06c2f17a-32d6-48f4-97fe-accd1a758326" testListId="8c84fa94-04c1-424b-9868-57a2d4851a1d" />
    <TestEntry testId="01079ac0-f339-2360-8171-8d0e80010056" executionId="34f6c11e-579f-41b0-8a4a-90a00afa534f" testListId="8c84fa94-04c1-424b-9868-57a2d4851a1d" />
    <TestEntry testId="61071a05-3bb9-84f7-1063-093a7badabca" executionId="7bcc634b-4a65-41f9-b17e-294e65e34f47" testListId="8c84fa94-04c1-424b-9868-57a2d4851a1d" />
    <TestEntry testId="c402f9ec-8f13-951f-df43-c12680e572ae" executionId="1d34db01-ebf8-4d82-afbf-12062d6c364d" testListId="8c84fa94-04c1-424b-9868-57a2d4851a1d" />
    <TestEntry testId="623f0bb4-6cd6-0db1-bf8f-7a93fb8b942e" executionId="21967fa4-61bf-4b24-8497-49f3e2bb606d" testListId="8c84fa94-04c1-424b-9868-57a2d4851a1d" />
    <TestEntry testId="30e04109-c65f-2193-e674-b29f22492ca5" executionId="32503f1e-8a5f-455d-b132-11bfd61b6c56" testListId="8c84fa94-04c1-424b-9868-57a2d4851a1d" />
    <TestEntry testId="80cf12b5-407d-385e-fa57-ce82569f7e4e" executionId="3abc0c87-9ae3-4a11-b5f6-574865051db9" testListId="8c84fa94-04c1-424b-9868-57a2d4851a1d" />
    <TestEntry testId="4e5788c1-ada8-e773-ce47-116c6628d2aa" executionId="10e1ae6f-d683-4476-b97a-9176b892f409" testListId="8c84fa94-04c1-424b-9868-57a2d4851a1d" />
    <TestEntry testId="59555551-2870-ef13-6be7-cabc129b6b60" executionId="e68ed7d2-6a54-4a7e-94d4-190a35ed75dd" testListId="8c84fa94-04c1-424b-9868-57a2d4851a1d" />
    <TestEntry testId="cd30a197-746f-89fa-f26c-aad357b6347f" executionId="9a879f39-374c-4b19-9015-0b8e1fe03ffb" testListId="8c84fa94-04c1-424b-9868-57a2d4851a1d" />
    <TestEntry testId="7ff00668-a1d1-598b-ea2d-b4d066dc2a94" executionId="e746f60d-3188-491d-8d9a-db9dc18fe587" testListId="8c84fa94-04c1-424b-9868-57a2d4851a1d" />
    <TestEntry testId="6d564f94-5eaa-e990-ac62-ae2a50bad2a5" executionId="5f878bd6-9108-48cf-860c-047fe81da1b6" testListId="8c84fa94-04c1-424b-9868-57a2d4851a1d" />
    <TestEntry testId="a5b7c6bb-ac35-2bcc-b00a-fa06ab788ad9" executionId="a74a71f6-632b-48d4-a6f6-aef5e534e491" testListId="8c84fa94-04c1-424b-9868-57a2d4851a1d" />
    <TestEntry testId="e12fb60a-f115-e1f0-522a-512140600c5d" executionId="81d067f0-1deb-4a5b-8521-a31efbf06853" testListId="8c84fa94-04c1-424b-9868-57a2d4851a1d" />
    <TestEntry testId="9f249bfa-9307-bb63-1468-401f06cff04f" executionId="c02b1d53-8d6c-47cc-9ba3-bb1748005131" testListId="8c84fa94-04c1-424b-9868-57a2d4851a1d" />
    <TestEntry testId="40c80f36-2521-e262-e128-84747b64c92c" executionId="f485bbae-0953-4326-9da9-d46cf722622a" testListId="8c84fa94-04c1-424b-9868-57a2d4851a1d" />
    <TestEntry testId="e3b4f7d1-fd34-7000-16fb-2198b034047c" executionId="ffae8211-83d4-4467-a21e-b4185e539629" testListId="8c84fa94-04c1-424b-9868-57a2d4851a1d" />
    <TestEntry testId="55a6d228-78a5-d622-034e-b73abe2c7a6d" executionId="183fb355-c312-45f8-b0fb-d25ddc8c9f73" testListId="8c84fa94-04c1-424b-9868-57a2d4851a1d" />
    <TestEntry testId="47054227-bef7-8a81-5406-698a72b51579" executionId="3e496cf1-d93c-4f53-ae77-e73b75a6fee1" testListId="8c84fa94-04c1-424b-9868-57a2d4851a1d" />
    <TestEntry testId="a0f3f893-c4ef-ab53-8734-d2a1d7c9bd6f" executionId="153c4fd7-a008-4051-874e-4cab9d63eeea" testListId="8c84fa94-04c1-424b-9868-57a2d4851a1d" />
    <TestEntry testId="cc5c40cc-583d-811b-ee50-c1611290992c" executionId="ee44154d-8579-4dcd-be5d-5f9a1e85af3d" testListId="8c84fa94-04c1-424b-9868-57a2d4851a1d" />
  </TestEntries>
  <Results>
    <UnitTestResult executionId="908b68da-a7ad-4424-bb46-7c65f032c067" testId="bab2dab8-39f1-b478-4ef5-4dc0427dc7d9" testName="canMoveBlackBishipDiagonalUpRightNoObstructions" computerName="ITSSHAW" duration="00:00:00.1035736" startTime="2013-12-30T16:00:48.0942008+02:00" endTime="2013-12-30T16:00:48.2722186+02:00" testType="13cdc9d9-ddb5-4fa4-a97d-d965ccfc6d4b" outcome="Passed" testListId="8c84fa94-04c1-424b-9868-57a2d4851a1d" relativeResultsDirectory="908b68da-a7ad-4424-bb46-7c65f032c067">
    </UnitTestResult>
    <UnitTestResult executionId="ecde6a84-9754-4ecf-9385-4be135f1cc6e" testId="b1d1289f-9e7e-87c4-873a-568aec1ab10b" testName="canMoveBlackBishopDiagonallyDownLeftNoObstructions" computerName="ITSSHAW" duration="00:00:00.0033692" startTime="2013-12-30T16:00:48.2742188+02:00" endTime="2013-12-30T16:00:48.2792193+02:00" testType="13cdc9d9-ddb5-4fa4-a97d-d965ccfc6d4b" outcome="Passed" testListId="8c84fa94-04c1-424b-9868-57a2d4851a1d" relativeResultsDirectory="ecde6a84-9754-4ecf-9385-4be135f1cc6e">
    </UnitTestResult>
    <UnitTestResult executionId="9c410f96-5439-4e28-965e-71e8af0eae24" testId="cea9a2db-b9b4-5c44-cdae-ea8c559aa5ab" testName="canMoveBlackBishopDiagonallyDownRightNoObstructions" computerName="ITSSHAW" duration="00:00:00.0008946" startTime="2013-12-30T16:00:48.2802194+02:00" endTime="2013-12-30T16:00:48.2812195+02:00" testType="13cdc9d9-ddb5-4fa4-a97d-d965ccfc6d4b" outcome="Passed" testListId="8c84fa94-04c1-424b-9868-57a2d4851a1d" relativeResultsDirectory="9c410f96-5439-4e28-965e-71e8af0eae24">
    </UnitTestResult>
    <UnitTestResult executionId="813d692f-645b-4a14-a067-c7f69a00e94f" testId="f758d7bc-486f-01b2-cb64-d4b549c6a040" testName="canMoveBlackBishopDiagonalUpLeftNoObstructions" computerName="ITSSHAW" duration="00:00:00.0008654" startTime="2013-12-30T16:00:48.2822196+02:00" endTime="2013-12-30T16:00:48.2832197+02:00" testType="13cdc9d9-ddb5-4fa4-a97d-d965ccfc6d4b" outcome="Passed" testListId="8c84fa94-04c1-424b-9868-57a2d4851a1d" relativeResultsDirectory="813d692f-645b-4a14-a067-c7f69a00e94f">
    </UnitTestResult>
    <UnitTestResult executionId="f9869df9-2af9-494e-8a7c-f96c35f4d866" testId="cbde31ee-3d88-9411-c095-9535119853f5" testName="canMoveWhiteBishopDiagonallyDownLeftNoObstructions" computerName="ITSSHAW" duration="00:00:00.0012077" startTime="2013-12-30T16:00:48.2842198+02:00" endTime="2013-12-30T16:00:48.2862200+02:00" testType="13cdc9d9-ddb5-4fa4-a97d-d965ccfc6d4b" outcome="Passed" testListId="8c84fa94-04c1-424b-9868-57a2d4851a1d" relativeResultsDirectory="f9869df9-2af9-494e-8a7c-f96c35f4d866">
    </UnitTestResult>
    <UnitTestResult executionId="c6007a4b-f6bf-47d5-a0d3-447f4659d0cb" testId="7b64562e-3d29-ccc9-9a6a-4aaf39707ed4" testName="canMoveWhiteBishopDiagonallyDownRightNoObstructions" computerName="ITSSHAW" duration="00:00:00.0009121" startTime="2013-12-30T16:00:48.2862200+02:00" endTime="2013-12-30T16:00:48.2882202+02:00" testType="13cdc9d9-ddb5-4fa4-a97d-d965ccfc6d4b" outcome="Passed" testListId="8c84fa94-04c1-424b-9868-57a2d4851a1d" relativeResultsDirectory="c6007a4b-f6bf-47d5-a0d3-447f4659d0cb">
    </UnitTestResult>
    <UnitTestResult executionId="5a5a34bc-58f0-4f13-9ac8-57b0820c3e1f" testId="87b4a0e4-779f-40d0-ae2d-3dbb1b295cb5" testName="canMoveWhiteBishopDiagonalUpLeftNoObstructions" computerName="ITSSHAW" duration="00:00:00.0008485" startTime="2013-12-30T16:00:48.2882202+02:00" endTime="2013-12-30T16:00:48.2902204+02:00" testType="13cdc9d9-ddb5-4fa4-a97d-d965ccfc6d4b" outcome="Passed" testListId="8c84fa94-04c1-424b-9868-57a2d4851a1d" relativeResultsDirectory="5a5a34bc-58f0-4f13-9ac8-57b0820c3e1f">
    </UnitTestResult>
    <UnitTestResult executionId="1b3b485b-ca84-4f14-9082-6d53a5091611" testId="f27377be-1934-c9f6-8d07-ac7266d1d2f6" testName="canMoveWhiteBishopDiagonalUpRightNoObstructions" computerName="ITSSHAW" duration="00:00:00.0013184" startTime="2013-12-30T16:00:48.2912205+02:00" endTime="2013-12-30T16:00:48.2932207+02:00" testType="13cdc9d9-ddb5-4fa4-a97d-d965ccfc6d4b" outcome="Passed" testListId="8c84fa94-04c1-424b-9868-57a2d4851a1d" relativeResultsDirectory="1b3b485b-ca84-4f14-9082-6d53a5091611">
    </UnitTestResult>
    <UnitTestResult executionId="004978cf-a74a-4ad2-94f4-9ef0963b27be" testId="fd4c62da-b4fc-b947-da46-845314dd7c18" testName="cannotJumpOppositionDiagDownLeft" computerName="ITSSHAW" duration="00:00:00.0102379" startTime="2013-12-30T16:00:48.2932207+02:00" endTime="2013-12-30T16:00:48.3042218+02:00" testType="13cdc9d9-ddb5-4fa4-a97d-d965ccfc6d4b" outcome="Passed" testListId="8c84fa94-04c1-424b-9868-57a2d4851a1d" relativeResultsDirectory="004978cf-a74a-4ad2-94f4-9ef0963b27be">
    </UnitTestResult>
    <UnitTestResult executionId="bc1b86c6-21bb-483e-917b-3514b0315e37" testId="ee426e89-ab85-59c3-0fcf-e94b5b68ecd0" testName="cannotJumpOppositionDiagDownRight" computerName="ITSSHAW" duration="00:00:00.0104540" startTime="2013-12-30T16:00:48.3062220+02:00" endTime="2013-12-30T16:00:48.3172231+02:00" testType="13cdc9d9-ddb5-4fa4-a97d-d965ccfc6d4b" outcome="Passed" testListId="8c84fa94-04c1-424b-9868-57a2d4851a1d" relativeResultsDirectory="bc1b86c6-21bb-483e-917b-3514b0315e37">
    </UnitTestResult>
    <UnitTestResult executionId="79dddac4-824c-43fe-8807-33c89ab1ea23" testId="a1f929ba-6b28-ee21-359e-cf5d46cf368a" testName="cannotJumpOppositionDiagUpLeft" computerName="ITSSHAW" duration="00:00:00.0011648" startTime="2013-12-30T16:00:48.3182232+02:00" endTime="2013-12-30T16:00:48.3202234+02:00" testType="13cdc9d9-ddb5-4fa4-a97d-d965ccfc6d4b" outcome="Passed" testListId="8c84fa94-04c1-424b-9868-57a2d4851a1d" relativeResultsDirectory="79dddac4-824c-43fe-8807-33c89ab1ea23">
    </UnitTestResult>
    <UnitTestResult executionId="1da3587f-23f8-43e9-a885-4c3cf8514ab9" testId="6569eff2-7f15-ccb7-f02b-db4adb59c7db" testName="cannotJumpOppositionDiagUpRight" computerName="ITSSHAW" duration="00:00:00.0011413" startTime="2013-12-30T16:00:48.3212235+02:00" endTime="2013-12-30T16:00:48.3232237+02:00" testType="13cdc9d9-ddb5-4fa4-a97d-d965ccfc6d4b" outcome="Passed" testListId="8c84fa94-04c1-424b-9868-57a2d4851a1d" relativeResultsDirectory="1da3587f-23f8-43e9-a885-4c3cf8514ab9">
    </UnitTestResult>
    <UnitTestResult executionId="8a146a4b-241d-4906-9104-47efc92efc3d" testId="11146e4e-bbf4-ec57-67f8-0efcf6651dcd" testName="cannotTakeOwnPieceDiagDownLeft" computerName="ITSSHAW" duration="00:00:00.0009644" startTime="2013-12-30T16:00:48.3242238+02:00" endTime="2013-12-30T16:00:48.3262240+02:00" testType="13cdc9d9-ddb5-4fa4-a97d-d965ccfc6d4b" outcome="Passed" testListId="8c84fa94-04c1-424b-9868-57a2d4851a1d" relativeResultsDirectory="8a146a4b-241d-4906-9104-47efc92efc3d">
    </UnitTestResult>
    <UnitTestResult executionId="a98474ce-33c7-4180-b225-90b5964fb550" testId="f39b25bd-516f-7ee4-27f1-d563c9037b60" testName="cannotTakeOwnPieceDiagDownRight" computerName="ITSSHAW" duration="00:00:00.0011736" startTime="2013-12-30T16:00:48.3272241+02:00" endTime="2013-12-30T16:00:48.3292243+02:00" testType="13cdc9d9-ddb5-4fa4-a97d-d965ccfc6d4b" outcome="Passed" testListId="8c84fa94-04c1-424b-9868-57a2d4851a1d" relativeResultsDirectory="a98474ce-33c7-4180-b225-90b5964fb550">
    </UnitTestResult>
    <UnitTestResult executionId="4eb1f1a7-29d7-4903-ad91-37deb81c3142" testId="3562f988-caf6-e157-38af-47808bc40815" testName="cannotTakeOwnPieceDiagUpLeft" computerName="ITSSHAW" duration="00:00:00.0009698" startTime="2013-12-30T16:00:48.3302244+02:00" endTime="2013-12-30T16:00:48.3312245+02:00" testType="13cdc9d9-ddb5-4fa4-a97d-d965ccfc6d4b" outcome="Passed" testListId="8c84fa94-04c1-424b-9868-57a2d4851a1d" relativeResultsDirectory="4eb1f1a7-29d7-4903-ad91-37deb81c3142">
    </UnitTestResult>
    <UnitTestResult executionId="70a9f3d7-ed3e-4bb4-8671-7f38d1fb4d28" testId="f2547ccb-ac70-9f08-d6b9-a2ccdc08bacc" testName="cannotTakeOwnPieceDiagUpRight" computerName="ITSSHAW" duration="00:00:00.0008687" startTime="2013-12-30T16:00:48.3322246+02:00" endTime="2013-12-30T16:00:48.3332247+02:00" testType="13cdc9d9-ddb5-4fa4-a97d-d965ccfc6d4b" outcome="Passed" testListId="8c84fa94-04c1-424b-9868-57a2d4851a1d" relativeResultsDirectory="70a9f3d7-ed3e-4bb4-8671-7f38d1fb4d28">
    </UnitTestResult>
    <UnitTestResult executionId="ce8f7922-cbe2-4f4a-b4e3-f26da099000f" testId="88f3539a-9e52-4e5f-3a8e-6ac8f70db456" testName="canTakePiece" computerName="ITSSHAW" duration="00:00:00.0004567" startTime="2013-12-30T16:00:48.3352249+02:00" endTime="2013-12-30T16:00:48.3362250+02:00" testType="13cdc9d9-ddb5-4fa4-a97d-d965ccfc6d4b" outcome="Passed" testListId="8c84fa94-04c1-424b-9868-57a2d4851a1d" relativeResultsDirectory="ce8f7922-cbe2-4f4a-b4e3-f26da099000f">
    </UnitTestResult>
    <UnitTestResult executionId="f15240f1-8887-4967-a196-3404b17e38c6" testId="0135c415-d464-98bd-b8b3-bd9c939f3dde" testName="invalidMoveGivesCorrectPieceName" computerName="ITSSHAW" duration="00:00:00.0012034" startTime="2013-12-30T16:00:48.3372251+02:00" endTime="2013-12-30T16:00:48.3392253+02:00" testType="13cdc9d9-ddb5-4fa4-a97d-d965ccfc6d4b" outcome="Passed" testListId="8c84fa94-04c1-424b-9868-57a2d4851a1d" relativeResultsDirectory="f15240f1-8887-4967-a196-3404b17e38c6">
    </UnitTestResult>
    <UnitTestResult executionId="9ce35571-ff6b-4e92-8c95-99b93aeb9cb7" testId="59322b24-fed2-1448-d0b4-50356cfcbb98" testName="areBishopsSetup" computerName="ITSSHAW" duration="00:00:00.0070563" startTime="2013-12-30T16:00:48.3402254+02:00" endTime="2013-12-30T16:00:48.3472261+02:00" testType="13cdc9d9-ddb5-4fa4-a97d-d965ccfc6d4b" outcome="Passed" testListId="8c84fa94-04c1-424b-9868-57a2d4851a1d" relativeResultsDirectory="9ce35571-ff6b-4e92-8c95-99b93aeb9cb7">
    </UnitTestResult>
    <UnitTestResult executionId="3b3e25fe-1ebf-4a8b-b472-4a5a790eb802" testId="689961f3-b549-c9f7-fc0a-74afd1b1e274" testName="areBottom2RowsWhite" computerName="ITSSHAW" duration="00:00:00.0010927" startTime="2013-12-30T16:00:48.3482262+02:00" endTime="2013-12-30T16:00:48.3502264+02:00" testType="13cdc9d9-ddb5-4fa4-a97d-d965ccfc6d4b" outcome="Passed" testListId="8c84fa94-04c1-424b-9868-57a2d4851a1d" relativeResultsDirectory="3b3e25fe-1ebf-4a8b-b472-4a5a790eb802">
    </UnitTestResult>
    <UnitTestResult executionId="bca6e385-6475-4b09-9f17-f246a0e504e4" testId="64ef643a-95e0-b1de-5aee-37e849e90430" testName="areEvenRowColoursSetup" computerName="ITSSHAW" duration="00:00:00.0017311" startTime="2013-12-30T16:00:48.3512265+02:00" endTime="2013-12-30T16:00:48.3532267+02:00" testType="13cdc9d9-ddb5-4fa4-a97d-d965ccfc6d4b" outcome="Passed" testListId="8c84fa94-04c1-424b-9868-57a2d4851a1d" relativeResultsDirectory="bca6e385-6475-4b09-9f17-f246a0e504e4">
    </UnitTestResult>
    <UnitTestResult executionId="666d046f-e936-48dc-b91a-8ab46b8bfac9" testId="f4c8b637-ea9c-8efa-a91b-fbb27555fab4" testName="areKingsSetup" computerName="ITSSHAW" duration="00:00:00.0009873" startTime="2013-12-30T16:00:48.3542268+02:00" endTime="2013-12-30T16:00:48.3562270+02:00" testType="13cdc9d9-ddb5-4fa4-a97d-d965ccfc6d4b" outcome="Passed" testListId="8c84fa94-04c1-424b-9868-57a2d4851a1d" relativeResultsDirectory="666d046f-e936-48dc-b91a-8ab46b8bfac9">
    </UnitTestResult>
    <UnitTestResult executionId="e9a7461a-cca5-4414-8e1c-0bf3eec78622" testId="46a22037-07ac-0ccf-02e3-fd7145e502cd" testName="areKnightsSetup" computerName="ITSSHAW" duration="00:00:00.0008922" startTime="2013-12-30T16:00:48.3572271+02:00" endTime="2013-12-30T16:00:48.3582272+02:00" testType="13cdc9d9-ddb5-4fa4-a97d-d965ccfc6d4b" outcome="Passed" testListId="8c84fa94-04c1-424b-9868-57a2d4851a1d" relativeResultsDirectory="e9a7461a-cca5-4414-8e1c-0bf3eec78622">
    </UnitTestResult>
    <UnitTestResult executionId="c8e84dc0-19c5-42b4-b0f1-6231693b8756" testId="9d752e3a-962f-b4d2-f688-e9e19ffd27bf" testName="areMiddleCellsEmpty" computerName="ITSSHAW" duration="00:00:00.0007534" startTime="2013-12-30T16:00:48.3592273+02:00" endTime="2013-12-30T16:00:48.3612275+02:00" testType="13cdc9d9-ddb5-4fa4-a97d-d965ccfc6d4b" outcome="Passed" testListId="8c84fa94-04c1-424b-9868-57a2d4851a1d" relativeResultsDirectory="c8e84dc0-19c5-42b4-b0f1-6231693b8756">
    </UnitTestResult>
    <UnitTestResult executionId="490ee8c0-8bfe-4b64-94a7-4e507f1d9f6d" testId="b4976dbf-056c-73f6-1b78-f13c2b1d127b" testName="areMiddleRowsPlayerColourNone" computerName="ITSSHAW" duration="00:00:00.0006034" startTime="2013-12-30T16:00:48.3622276+02:00" endTime="2013-12-30T16:00:48.3632277+02:00" testType="13cdc9d9-ddb5-4fa4-a97d-d965ccfc6d4b" outcome="Passed" testListId="8c84fa94-04c1-424b-9868-57a2d4851a1d" relativeResultsDirectory="490ee8c0-8bfe-4b64-94a7-4e507f1d9f6d">
    </UnitTestResult>
    <UnitTestResult executionId="2c9faf47-3269-4284-9500-71daf23c2642" testId="d4ac55cd-7290-4fbf-9991-5ab16bc1fda2" testName="areOddRowColoursSetup" computerName="ITSSHAW" duration="00:00:00.0006568" startTime="2013-12-30T16:00:48.3642278+02:00" endTime="2013-12-30T16:00:48.3652279+02:00" testType="13cdc9d9-ddb5-4fa4-a97d-d965ccfc6d4b" outcome="Passed" testListId="8c84fa94-04c1-424b-9868-57a2d4851a1d" relativeResultsDirectory="2c9faf47-3269-4284-9500-71daf23c2642">
    </UnitTestResult>
    <UnitTestResult executionId="3079d407-3c3b-46ca-8dfe-108ad2bf1d15" testId="197972f7-6197-faf7-a2b7-9fae8c675127" testName="arePawnsSetup" computerName="ITSSHAW" duration="00:00:00.0005934" startTime="2013-12-30T16:00:48.3662280+02:00" endTime="2013-12-30T16:00:48.3672281+02:00" testType="13cdc9d9-ddb5-4fa4-a97d-d965ccfc6d4b" outcome="Passed" testListId="8c84fa94-04c1-424b-9868-57a2d4851a1d" relativeResultsDirectory="3079d407-3c3b-46ca-8dfe-108ad2bf1d15">
    </UnitTestResult>
    <UnitTestResult executionId="adafa1d9-5f8a-4269-815d-65a76bf49a86" testId="fd75eb10-5261-cc1e-b982-ae741a061d34" testName="areQueensSetup" computerName="ITSSHAW" duration="00:00:00.0008841" startTime="2013-12-30T16:00:48.3682282+02:00" endTime="2013-12-30T16:00:48.3702284+02:00" testType="13cdc9d9-ddb5-4fa4-a97d-d965ccfc6d4b" outcome="Passed" testListId="8c84fa94-04c1-424b-9868-57a2d4851a1d" relativeResultsDirectory="adafa1d9-5f8a-4269-815d-65a76bf49a86">
    </UnitTestResult>
    <UnitTestResult executionId="5166ab52-399b-45b5-b73b-6df62af6c1a8" testId="9ea0817e-195f-4525-9215-e116df1a5f63" testName="areRooksSetup" computerName="ITSSHAW" duration="00:00:00.0008952" startTime="2013-12-30T16:00:48.3712285+02:00" endTime="2013-12-30T16:00:48.3732287+02:00" testType="13cdc9d9-ddb5-4fa4-a97d-d965ccfc6d4b" outcome="Passed" testListId="8c84fa94-04c1-424b-9868-57a2d4851a1d" relativeResultsDirectory="5166ab52-399b-45b5-b73b-6df62af6c1a8">
    </UnitTestResult>
    <UnitTestResult executionId="ceef20ff-ff82-4845-8ea8-8d12a2f672e2" testId="4ed072d2-7529-fe73-ad46-07bd95268187" testName="areTop2RowsBlack" computerName="ITSSHAW" duration="00:00:00.0006100" startTime="2013-12-30T16:00:48.3742288+02:00" endTime="2013-12-30T16:00:48.3752289+02:00" testType="13cdc9d9-ddb5-4fa4-a97d-d965ccfc6d4b" outcome="Passed" testListId="8c84fa94-04c1-424b-9868-57a2d4851a1d" relativeResultsDirectory="ceef20ff-ff82-4845-8ea8-8d12a2f672e2">
    </UnitTestResult>
    <UnitTestResult executionId="3ec7aace-0261-4804-a7ea-e370db3a3e1c" testId="8900ceac-b7b6-1032-98bc-f3e21d0abb21" testName="canGetSelectedCell" computerName="ITSSHAW" duration="00:00:00.0009701" startTime="2013-12-30T16:00:48.3762290+02:00" endTime="2013-12-30T16:00:48.3782292+02:00" testType="13cdc9d9-ddb5-4fa4-a97d-d965ccfc6d4b" outcome="Passed" testListId="8c84fa94-04c1-424b-9868-57a2d4851a1d" relativeResultsDirectory="3ec7aace-0261-4804-a7ea-e370db3a3e1c">
    </UnitTestResult>
    <UnitTestResult executionId="57ee20f0-f723-4f66-ac4c-31f034f9c5e6" testId="005829d6-859e-9315-7aa3-e62df14cfd2f" testName="canSelectCell" computerName="ITSSHAW" duration="00:00:00.0005557" startTime="2013-12-30T16:00:48.3792293+02:00" endTime="2013-12-30T16:00:48.3822296+02:00" testType="13cdc9d9-ddb5-4fa4-a97d-d965ccfc6d4b" outcome="Passed" testListId="8c84fa94-04c1-424b-9868-57a2d4851a1d" relativeResultsDirectory="57ee20f0-f723-4f66-ac4c-31f034f9c5e6">
    </UnitTestResult>
    <UnitTestResult executionId="e8b16bb9-f7ae-4683-865b-1855c5350d83" testId="7d98f31d-f1f6-0621-aa93-72560fa182b3" testName="exceptionWhenMoveToNegativeCol" computerName="ITSSHAW" duration="00:00:00.0018560" startTime="2013-12-30T16:00:48.3832297+02:00" endTime="2013-12-30T16:00:48.3852299+02:00" testType="13cdc9d9-ddb5-4fa4-a97d-d965ccfc6d4b" outcome="Passed" testListId="8c84fa94-04c1-424b-9868-57a2d4851a1d" relativeResultsDirectory="e8b16bb9-f7ae-4683-865b-1855c5350d83">
    </UnitTestResult>
    <UnitTestResult executionId="63a5d5d8-2626-4313-8aa5-2cf2f8849f30" testId="b7b09a89-f922-b298-bb69-6134762504c7" testName="exceptionWhenMoveToNegativeRow" computerName="ITSSHAW" duration="00:00:00.0013411" startTime="2013-12-30T16:00:48.3862300+02:00" endTime="2013-12-30T16:00:48.3882302+02:00" testType="13cdc9d9-ddb5-4fa4-a97d-d965ccfc6d4b" outcome="Passed" testListId="8c84fa94-04c1-424b-9868-57a2d4851a1d" relativeResultsDirectory="63a5d5d8-2626-4313-8aa5-2cf2f8849f30">
    </UnitTestResult>
    <UnitTestResult executionId="0b1e0386-00e9-4203-a315-7e48b5fb5466" testId="05d65582-adf5-1549-bdb6-f0e47270afd3" testName="exceptionWhenMoveTooLargeCol" computerName="ITSSHAW" duration="00:00:00.0010441" startTime="2013-12-30T16:00:48.3892303+02:00" endTime="2013-12-30T16:00:48.3912305+02:00" testType="13cdc9d9-ddb5-4fa4-a97d-d965ccfc6d4b" outcome="Passed" testListId="8c84fa94-04c1-424b-9868-57a2d4851a1d" relativeResultsDirectory="0b1e0386-00e9-4203-a315-7e48b5fb5466">
    </UnitTestResult>
    <UnitTestResult executionId="1733a24b-91fe-42a4-a30c-86e21a8b064b" testId="2622fed3-4e63-071a-2d6d-7db13abf1a89" testName="exceptionWhenMoveTooLargeRow" computerName="ITSSHAW" duration="00:00:00.0009807" startTime="2013-12-30T16:00:48.3922306+02:00" endTime="2013-12-30T16:00:48.3932307+02:00" testType="13cdc9d9-ddb5-4fa4-a97d-d965ccfc6d4b" outcome="Passed" testListId="8c84fa94-04c1-424b-9868-57a2d4851a1d" relativeResultsDirectory="1733a24b-91fe-42a4-a30c-86e21a8b064b">
    </UnitTestResult>
    <UnitTestResult executionId="fe9bc056-591a-45f3-b0c7-0f5514d65f10" testId="a5cecf0f-42c5-3103-c37e-7de0c32f1d40" testName="getExceptionWhenSelectCellColTooLarge" computerName="ITSSHAW" duration="00:00:00.0010604" startTime="2013-12-30T16:00:48.3952309+02:00" endTime="2013-12-30T16:00:48.3962310+02:00" testType="13cdc9d9-ddb5-4fa4-a97d-d965ccfc6d4b" outcome="Passed" testListId="8c84fa94-04c1-424b-9868-57a2d4851a1d" relativeResultsDirectory="fe9bc056-591a-45f3-b0c7-0f5514d65f10">
    </UnitTestResult>
    <UnitTestResult executionId="a35d5d42-d61e-45d4-a751-8aa6e91336ff" testId="18c1f855-99f0-d7c9-3814-1b9500d79abb" testName="getExceptionWhenSelectCellNegativeCol" computerName="ITSSHAW" duration="00:00:00.0009891" startTime="2013-12-30T16:00:48.3972311+02:00" endTime="2013-12-30T16:00:48.3992313+02:00" testType="13cdc9d9-ddb5-4fa4-a97d-d965ccfc6d4b" outcome="Passed" testListId="8c84fa94-04c1-424b-9868-57a2d4851a1d" relativeResultsDirectory="a35d5d42-d61e-45d4-a751-8aa6e91336ff">
    </UnitTestResult>
    <UnitTestResult executionId="68e135d1-a455-4ea7-b328-885631fdf979" testId="b899b54b-1fed-9cb3-745e-fba087b88573" testName="getExceptionWhenSelectCellNegativeRow" computerName="ITSSHAW" duration="00:00:00.0009897" startTime="2013-12-30T16:00:48.4002314+02:00" endTime="2013-12-30T16:00:48.4012315+02:00" testType="13cdc9d9-ddb5-4fa4-a97d-d965ccfc6d4b" outcome="Passed" testListId="8c84fa94-04c1-424b-9868-57a2d4851a1d" relativeResultsDirectory="68e135d1-a455-4ea7-b328-885631fdf979">
    </UnitTestResult>
    <UnitTestResult executionId="b07527f2-50a2-490c-8ff8-b828db2ac914" testId="56379117-1d4e-106a-e150-22beb95db5f6" testName="getExceptionWhenSelectCellRowTooLarge" computerName="ITSSHAW" duration="00:00:00.0009384" startTime="2013-12-30T16:00:48.4022316+02:00" endTime="2013-12-30T16:00:48.4042318+02:00" testType="13cdc9d9-ddb5-4fa4-a97d-d965ccfc6d4b" outcome="Passed" testListId="8c84fa94-04c1-424b-9868-57a2d4851a1d" relativeResultsDirectory="b07527f2-50a2-490c-8ff8-b828db2ac914">
    </UnitTestResult>
    <UnitTestResult executionId="c6150213-3908-4d70-8fa6-232f2da4de4a" testId="bedd4628-a316-a455-e74b-113d5ac3b3c8" testName="isCellEmptyWhenMovedOff" computerName="ITSSHAW" duration="00:00:00.0078632" startTime="2013-12-30T16:00:48.4052319+02:00" endTime="2013-12-30T16:00:48.4132327+02:00" testType="13cdc9d9-ddb5-4fa4-a97d-d965ccfc6d4b" outcome="Passed" testListId="8c84fa94-04c1-424b-9868-57a2d4851a1d" relativeResultsDirectory="c6150213-3908-4d70-8fa6-232f2da4de4a">
    </UnitTestResult>
    <UnitTestResult executionId="93407c60-0330-400c-b41c-f31b3deae71c" testId="c9eef1b9-2601-24e4-e66c-677a0f68bfe9" testName="nullCellNeverEqual" computerName="ITSSHAW" duration="00:00:00.0002755" startTime="2013-12-30T16:00:48.4142328+02:00" endTime="2013-12-30T16:00:48.4152329+02:00" testType="13cdc9d9-ddb5-4fa4-a97d-d965ccfc6d4b" outcome="Passed" testListId="8c84fa94-04c1-424b-9868-57a2d4851a1d" relativeResultsDirectory="93407c60-0330-400c-b41c-f31b3deae71c">
    </UnitTestResult>
    <UnitTestResult executionId="1d9b65d3-3a18-43a3-91f1-144c15c24381" testId="dafe7a1e-3bd2-12cf-e3a7-a7dc8926d90c" testName="pieceHasNoValidMoves" computerName="ITSSHAW" duration="00:00:00.0010748" startTime="2013-12-30T16:00:48.4162330+02:00" endTime="2013-12-30T16:00:48.4182332+02:00" testType="13cdc9d9-ddb5-4fa4-a97d-d965ccfc6d4b" outcome="Passed" testListId="8c84fa94-04c1-424b-9868-57a2d4851a1d" relativeResultsDirectory="1d9b65d3-3a18-43a3-91f1-144c15c24381">
    </UnitTestResult>
    <UnitTestResult executionId="b193a4af-63b2-4358-aef1-5259a89c1b22" testId="db17ca7a-fdcd-e135-ff66-0041667888a6" testName="pieceMovesWithMove" computerName="ITSSHAW" duration="00:00:00.0009275" startTime="2013-12-30T16:00:48.4182332+02:00" endTime="2013-12-30T16:00:48.4202334+02:00" testType="13cdc9d9-ddb5-4fa4-a97d-d965ccfc6d4b" outcome="Passed" testListId="8c84fa94-04c1-424b-9868-57a2d4851a1d" relativeResultsDirectory="b193a4af-63b2-4358-aef1-5259a89c1b22">
    </UnitTestResult>
    <UnitTestResult executionId="ee098a2e-ebe3-49c5-920e-23240fa3be6a" testId="1f0d839d-2acf-5f06-e2ce-d9eadfcf6b39" testName="queensSetupOnCorrectColour" computerName="ITSSHAW" duration="00:00:00.0009565" startTime="2013-12-30T16:00:48.4212335+02:00" endTime="2013-12-30T16:00:48.4272341+02:00" testType="13cdc9d9-ddb5-4fa4-a97d-d965ccfc6d4b" outcome="Passed" testListId="8c84fa94-04c1-424b-9868-57a2d4851a1d" relativeResultsDirectory="ee098a2e-ebe3-49c5-920e-23240fa3be6a">
    </UnitTestResult>
    <UnitTestResult executionId="99d49920-4351-44da-9a07-9603320a328e" testId="5ba4e3e7-6993-ed4b-8ced-e1d13c26b064" testName="selectedCellIsNullAfterMove" computerName="ITSSHAW" duration="00:00:00.0007513" startTime="2013-12-30T16:00:48.4282342+02:00" endTime="2013-12-30T16:00:48.4292343+02:00" testType="13cdc9d9-ddb5-4fa4-a97d-d965ccfc6d4b" outcome="Passed" testListId="8c84fa94-04c1-424b-9868-57a2d4851a1d" relativeResultsDirectory="99d49920-4351-44da-9a07-9603320a328e">
    </UnitTestResult>
    <UnitTestResult executionId="a3befda6-48d0-4a11-8dbf-30fcd601571a" testId="73015d04-f4f5-eb53-f909-b8aae7bb4119" testName="canMoveKingDownLeft" computerName="ITSSHAW" duration="00:00:00.0349288" startTime="2013-12-30T16:00:48.4302344+02:00" endTime="2013-12-30T16:00:48.4662380+02:00" testType="13cdc9d9-ddb5-4fa4-a97d-d965ccfc6d4b" outcome="Passed" testListId="8c84fa94-04c1-424b-9868-57a2d4851a1d" relativeResultsDirectory="a3befda6-48d0-4a11-8dbf-30fcd601571a">
    </UnitTestResult>
    <UnitTestResult executionId="f9e84593-5ab1-451a-a2c9-dcc9f911666d" testId="558b53c6-969d-e366-d6b8-7fcc271542df" testName="canMoveKingDownRight" computerName="ITSSHAW" duration="00:00:00.0006704" startTime="2013-12-30T16:00:48.4672381+02:00" endTime="2013-12-30T16:00:48.4682382+02:00" testType="13cdc9d9-ddb5-4fa4-a97d-d965ccfc6d4b" outcome="Passed" testListId="8c84fa94-04c1-424b-9868-57a2d4851a1d" relativeResultsDirectory="f9e84593-5ab1-451a-a2c9-dcc9f911666d">
    </UnitTestResult>
    <UnitTestResult executionId="ce116539-f5a6-46af-8b7d-f2f368ab90c8" testId="325ca6ba-2af3-98aa-0d43-981348e2650a" testName="canMoveKingForwardLeft" computerName="ITSSHAW" duration="00:00:00.0004289" startTime="2013-12-30T16:00:48.4692383+02:00" endTime="2013-12-30T16:00:48.4702384+02:00" testType="13cdc9d9-ddb5-4fa4-a97d-d965ccfc6d4b" outcome="Passed" testListId="8c84fa94-04c1-424b-9868-57a2d4851a1d" relativeResultsDirectory="ce116539-f5a6-46af-8b7d-f2f368ab90c8">
    </UnitTestResult>
    <UnitTestResult executionId="bf97b11a-c202-42a3-8c2a-40dadab5a869" testId="e8e33e12-931b-128d-146d-566c8d61cfb2" testName="canMoveKingLeft" computerName="ITSSHAW" duration="00:00:00.0004292" startTime="2013-12-30T16:00:48.4732387+02:00" endTime="2013-12-30T16:00:48.4742388+02:00" testType="13cdc9d9-ddb5-4fa4-a97d-d965ccfc6d4b" outcome="Passed" testListId="8c84fa94-04c1-424b-9868-57a2d4851a1d" relativeResultsDirectory="bf97b11a-c202-42a3-8c2a-40dadab5a869">
    </UnitTestResult>
    <UnitTestResult executionId="2e7f00e8-c704-461b-aac4-dda9a331f315" testId="09b9970f-5bc4-c7f2-6dce-33edfb74fb47" testName="canMoveKingOneDown" computerName="ITSSHAW" duration="00:00:00.0003622" startTime="2013-12-30T16:00:48.4752389+02:00" endTime="2013-12-30T16:00:48.4762390+02:00" testType="13cdc9d9-ddb5-4fa4-a97d-d965ccfc6d4b" outcome="Passed" testListId="8c84fa94-04c1-424b-9868-57a2d4851a1d" relativeResultsDirectory="2e7f00e8-c704-461b-aac4-dda9a331f315">
    </UnitTestResult>
    <UnitTestResult executionId="1cf9ed8d-2d5b-4916-8db7-0afc3fe231c5" testId="d2ade540-1f1e-eb2f-4190-f97efcbbd597" testName="canMoveKingOneForward" computerName="ITSSHAW" duration="00:00:00.0004129" startTime="2013-12-30T16:00:48.4772391+02:00" endTime="2013-12-30T16:00:48.4792393+02:00" testType="13cdc9d9-ddb5-4fa4-a97d-d965ccfc6d4b" outcome="Passed" testListId="8c84fa94-04c1-424b-9868-57a2d4851a1d" relativeResultsDirectory="1cf9ed8d-2d5b-4916-8db7-0afc3fe231c5">
    </UnitTestResult>
    <UnitTestResult executionId="e1d2dbcf-4759-4138-a950-61ad274db189" testId="b1efd2e8-a10f-c78f-81ed-4637c3ceca04" testName="canMoveKingRight" computerName="ITSSHAW" duration="00:00:00.0003887" startTime="2013-12-30T16:00:48.4802394+02:00" endTime="2013-12-30T16:00:48.4812395+02:00" testType="13cdc9d9-ddb5-4fa4-a97d-d965ccfc6d4b" outcome="Passed" testListId="8c84fa94-04c1-424b-9868-57a2d4851a1d" relativeResultsDirectory="e1d2dbcf-4759-4138-a950-61ad274db189">
    </UnitTestResult>
    <UnitTestResult executionId="f8342830-35c4-4183-bd5f-3acfde734dc8" testId="54bf5bb6-83d7-dbc0-fbb6-c50b912aca0c" testName="canMoveKingUpRight" computerName="ITSSHAW" duration="00:00:00.0003607" startTime="2013-12-30T16:00:48.4822396+02:00" endTime="2013-12-30T16:00:48.4832397+02:00" testType="13cdc9d9-ddb5-4fa4-a97d-d965ccfc6d4b" outcome="Passed" testListId="8c84fa94-04c1-424b-9868-57a2d4851a1d" relativeResultsDirectory="f8342830-35c4-4183-bd5f-3acfde734dc8">
    </UnitTestResult>
    <UnitTestResult executionId="e579594d-7b24-43a4-b2c0-046d5bebb993" testId="d4181de0-82b5-2bf4-4e2d-51f91ba36e4c" testName="cannotTakeOwnPieceMovingDown" computerName="ITSSHAW" duration="00:00:00.0011304" startTime="2013-12-30T16:00:48.4842398+02:00" endTime="2013-12-30T16:00:48.4862400+02:00" testType="13cdc9d9-ddb5-4fa4-a97d-d965ccfc6d4b" outcome="Passed" testListId="8c84fa94-04c1-424b-9868-57a2d4851a1d" relativeResultsDirectory="e579594d-7b24-43a4-b2c0-046d5bebb993">
    </UnitTestResult>
    <UnitTestResult executionId="c9eb0333-9938-4e5d-8467-b441597db2e1" testId="989c4479-fd4d-be06-81f5-831578a55a59" testName="cannotTakeOwnPieceMovingDownLeft" computerName="ITSSHAW" duration="00:00:00.0009324" startTime="2013-12-30T16:00:48.4872401+02:00" endTime="2013-12-30T16:00:48.4892403+02:00" testType="13cdc9d9-ddb5-4fa4-a97d-d965ccfc6d4b" outcome="Passed" testListId="8c84fa94-04c1-424b-9868-57a2d4851a1d" relativeResultsDirectory="c9eb0333-9938-4e5d-8467-b441597db2e1">
    </UnitTestResult>
    <UnitTestResult executionId="0a58dc40-534c-4d77-b257-155f61a28ce9" testId="649a4875-a4da-c184-4703-192cbc79d530" testName="cannotTakeOwnPieceMovingDownRight" computerName="ITSSHAW" duration="00:00:00.0009300" startTime="2013-12-30T16:00:48.4912405+02:00" endTime="2013-12-30T16:00:48.4922406+02:00" testType="13cdc9d9-ddb5-4fa4-a97d-d965ccfc6d4b" outcome="Passed" testListId="8c84fa94-04c1-424b-9868-57a2d4851a1d" relativeResultsDirectory="0a58dc40-534c-4d77-b257-155f61a28ce9">
    </UnitTestResult>
    <UnitTestResult executionId="25a2a839-a778-4106-801b-663577101551" testId="b9482e51-690d-61ad-be55-288bbe5f6ac4" testName="cannotTakeOwnPieceMovingForward" computerName="ITSSHAW" duration="00:00:00.0008672" startTime="2013-12-30T16:00:48.4932407+02:00" endTime="2013-12-30T16:00:48.4952409+02:00" testType="13cdc9d9-ddb5-4fa4-a97d-d965ccfc6d4b" outcome="Passed" testListId="8c84fa94-04c1-424b-9868-57a2d4851a1d" relativeResultsDirectory="25a2a839-a778-4106-801b-663577101551">
    </UnitTestResult>
    <UnitTestResult executionId="ab068287-32bc-41ef-85b2-746be0ca01ad" testId="2d3cec0c-59b8-0bcd-556a-64d52e28cae3" testName="cannotTakeOwnPieceMovingForwardLeft" computerName="ITSSHAW" duration="00:00:00.0008343" startTime="2013-12-30T16:00:48.4962410+02:00" endTime="2013-12-30T16:00:48.4982412+02:00" testType="13cdc9d9-ddb5-4fa4-a97d-d965ccfc6d4b" outcome="Passed" testListId="8c84fa94-04c1-424b-9868-57a2d4851a1d" relativeResultsDirectory="ab068287-32bc-41ef-85b2-746be0ca01ad">
    </UnitTestResult>
    <UnitTestResult executionId="d98fddf7-d0d2-4ecc-9cf2-ebe38bb4ef34" testId="898e8b86-4e2c-3020-5dd7-7d7a30385240" testName="cannotTakeOwnPieceMovingLeft" computerName="ITSSHAW" duration="00:00:00.0009188" startTime="2013-12-30T16:00:48.4992413+02:00" endTime="2013-12-30T16:00:48.5012415+02:00" testType="13cdc9d9-ddb5-4fa4-a97d-d965ccfc6d4b" outcome="Passed" testListId="8c84fa94-04c1-424b-9868-57a2d4851a1d" relativeResultsDirectory="d98fddf7-d0d2-4ecc-9cf2-ebe38bb4ef34">
    </UnitTestResult>
    <UnitTestResult executionId="f4ddaf97-7dd9-4b2b-bb7b-deb1f11ce9d9" testId="6c13f9eb-f3d4-48aa-c88b-6e9674447ef3" testName="cannotTakeOwnPieceMovingRight" computerName="ITSSHAW" duration="00:00:00.0008946" startTime="2013-12-30T16:00:48.5022416+02:00" endTime="2013-12-30T16:00:48.5032417+02:00" testType="13cdc9d9-ddb5-4fa4-a97d-d965ccfc6d4b" outcome="Passed" testListId="8c84fa94-04c1-424b-9868-57a2d4851a1d" relativeResultsDirectory="f4ddaf97-7dd9-4b2b-bb7b-deb1f11ce9d9">
    </UnitTestResult>
    <UnitTestResult executionId="7f99e6c9-72cc-45e6-b3f4-d6ec32171362" testId="f5f11ea3-767f-521f-25a8-5a047603f97f" testName="cannotTakeOwnPieceMovingUpRight" computerName="ITSSHAW" duration="00:00:00.0007899" startTime="2013-12-30T16:00:48.5052419+02:00" endTime="2013-12-30T16:00:48.5062420+02:00" testType="13cdc9d9-ddb5-4fa4-a97d-d965ccfc6d4b" outcome="Passed" testListId="8c84fa94-04c1-424b-9868-57a2d4851a1d" relativeResultsDirectory="7f99e6c9-72cc-45e6-b3f4-d6ec32171362">
    </UnitTestResult>
    <UnitTestResult executionId="51d750da-605b-48d6-bf4a-db85e626ec20" testId="c9550b69-9fd2-3fcf-2931-2e40d497d81d" testName="canTakeOppositionPieceMovingDown" computerName="ITSSHAW" duration="00:00:00.0005092" startTime="2013-12-30T16:00:48.5072421+02:00" endTime="2013-12-30T16:00:48.5082422+02:00" testType="13cdc9d9-ddb5-4fa4-a97d-d965ccfc6d4b" outcome="Passed" testListId="8c84fa94-04c1-424b-9868-57a2d4851a1d" relativeResultsDirectory="51d750da-605b-48d6-bf4a-db85e626ec20">
    </UnitTestResult>
    <UnitTestResult executionId="b24839df-0cc6-4270-93e0-e7514db101af" testId="f2c8f66f-5b37-9645-e49a-a041d148b602" testName="canTakeOppositionPieceMovingDownLeft" computerName="ITSSHAW" duration="00:00:00.0004823" startTime="2013-12-30T16:00:48.5092423+02:00" endTime="2013-12-30T16:00:48.5102424+02:00" testType="13cdc9d9-ddb5-4fa4-a97d-d965ccfc6d4b" outcome="Passed" testListId="8c84fa94-04c1-424b-9868-57a2d4851a1d" relativeResultsDirectory="b24839df-0cc6-4270-93e0-e7514db101af">
    </UnitTestResult>
    <UnitTestResult executionId="c0d915cb-2a02-4a21-afa5-5a9ad27c58fe" testId="4b659aa5-2064-7295-f3dc-47eac73b7ede" testName="canTakeOppositionPieceMovingDownRight" computerName="ITSSHAW" duration="00:00:00.0005342" startTime="2013-12-30T16:00:48.5112425+02:00" endTime="2013-12-30T16:00:48.5132427+02:00" testType="13cdc9d9-ddb5-4fa4-a97d-d965ccfc6d4b" outcome="Passed" testListId="8c84fa94-04c1-424b-9868-57a2d4851a1d" relativeResultsDirectory="c0d915cb-2a02-4a21-afa5-5a9ad27c58fe">
    </UnitTestResult>
    <UnitTestResult executionId="7eca7f9d-8763-4cf6-af42-ebc6e00b3ff7" testId="6043af01-0728-5b9e-9c02-bbb4296a7b49" testName="canTakeOppositionPieceMovingForward" computerName="ITSSHAW" duration="00:00:00.0003643" startTime="2013-12-30T16:00:48.5142428+02:00" endTime="2013-12-30T16:00:48.5152429+02:00" testType="13cdc9d9-ddb5-4fa4-a97d-d965ccfc6d4b" outcome="Passed" testListId="8c84fa94-04c1-424b-9868-57a2d4851a1d" relativeResultsDirectory="7eca7f9d-8763-4cf6-af42-ebc6e00b3ff7">
    </UnitTestResult>
    <UnitTestResult executionId="856e1c1d-6eaa-4bed-b94b-65e76508c122" testId="90898cf9-5c8b-6602-513e-7e28414b36ab" testName="canTakeOppositionPieceMovingForwardLeft" computerName="ITSSHAW" duration="00:00:00.0004660" startTime="2013-12-30T16:00:48.5162430+02:00" endTime="2013-12-30T16:00:48.5172431+02:00" testType="13cdc9d9-ddb5-4fa4-a97d-d965ccfc6d4b" outcome="Passed" testListId="8c84fa94-04c1-424b-9868-57a2d4851a1d" relativeResultsDirectory="856e1c1d-6eaa-4bed-b94b-65e76508c122">
    </UnitTestResult>
    <UnitTestResult executionId="e5c3c86f-9b31-42ca-953c-cbef196876a5" testId="cdb353a5-fbfe-08cc-ac19-32e4bc7ee0af" testName="canTakeOppositionPieceMovingLeft" computerName="ITSSHAW" duration="00:00:00.0003839" startTime="2013-12-30T16:00:48.5182432+02:00" endTime="2013-12-30T16:00:48.5192433+02:00" testType="13cdc9d9-ddb5-4fa4-a97d-d965ccfc6d4b" outcome="Passed" testListId="8c84fa94-04c1-424b-9868-57a2d4851a1d" relativeResultsDirectory="e5c3c86f-9b31-42ca-953c-cbef196876a5">
    </UnitTestResult>
    <UnitTestResult executionId="1d016aa0-8a8b-4514-b752-6b911389473f" testId="8a3cfb9c-5e17-9d45-b2bc-1a740a423650" testName="canTakeOppositionPieceMovingRight" computerName="ITSSHAW" duration="00:00:00.0005324" startTime="2013-12-30T16:00:48.5202434+02:00" endTime="2013-12-30T16:00:48.5212435+02:00" testType="13cdc9d9-ddb5-4fa4-a97d-d965ccfc6d4b" outcome="Passed" testListId="8c84fa94-04c1-424b-9868-57a2d4851a1d" relativeResultsDirectory="1d016aa0-8a8b-4514-b752-6b911389473f">
    </UnitTestResult>
    <UnitTestResult executionId="5b62a59b-471e-4e4f-a8af-56ff221daa29" testId="c283c84e-12fb-1c79-3140-e564f9560517" testName="canTakeOppositionPieceMovingUpRight" computerName="ITSSHAW" duration="00:00:00.0003960" startTime="2013-12-30T16:00:48.5222436+02:00" endTime="2013-12-30T16:00:48.5232437+02:00" testType="13cdc9d9-ddb5-4fa4-a97d-d965ccfc6d4b" outcome="Passed" testListId="8c84fa94-04c1-424b-9868-57a2d4851a1d" relativeResultsDirectory="5b62a59b-471e-4e4f-a8af-56ff221daa29">
    </UnitTestResult>
    <UnitTestResult executionId="31e2bd4d-7bd8-41bf-b5d9-7f24fdd78b5c" testId="708e0fda-e1a5-7f8b-3069-c1364aee94b5" testName="canMoveBlackKnightDownLeft" computerName="ITSSHAW" duration="00:00:00.0048045" startTime="2013-12-30T16:00:48.5242438+02:00" endTime="2013-12-30T16:00:48.5302444+02:00" testType="13cdc9d9-ddb5-4fa4-a97d-d965ccfc6d4b" outcome="Passed" testListId="8c84fa94-04c1-424b-9868-57a2d4851a1d" relativeResultsDirectory="31e2bd4d-7bd8-41bf-b5d9-7f24fdd78b5c">
    </UnitTestResult>
    <UnitTestResult executionId="bbf79c5f-44e9-432e-bf37-a190fe992b70" testId="5e1118ed-9b53-f770-8503-6b91f9e32547" testName="canMoveBlackKnightDownRight" computerName="ITSSHAW" duration="00:00:00.0003278" startTime="2013-12-30T16:00:48.5322446+02:00" endTime="2013-12-30T16:00:48.5332447+02:00" testType="13cdc9d9-ddb5-4fa4-a97d-d965ccfc6d4b" outcome="Passed" testListId="8c84fa94-04c1-424b-9868-57a2d4851a1d" relativeResultsDirectory="bbf79c5f-44e9-432e-bf37-a190fe992b70">
    </UnitTestResult>
    <UnitTestResult executionId="5365ad1e-33b7-40e7-bc39-fe148ef89cb6" testId="6cf57c02-d527-684a-9612-4d68bc5f29f6" testName="canMoveBlackKnightLeftDown" computerName="ITSSHAW" duration="00:00:00.0003407" startTime="2013-12-30T16:00:48.5342448+02:00" endTime="2013-12-30T16:00:48.5352449+02:00" testType="13cdc9d9-ddb5-4fa4-a97d-d965ccfc6d4b" outcome="Passed" testListId="8c84fa94-04c1-424b-9868-57a2d4851a1d" relativeResultsDirectory="5365ad1e-33b7-40e7-bc39-fe148ef89cb6">
    </UnitTestResult>
    <UnitTestResult executionId="51f8d43c-523b-4583-a070-1ad3b84cfca2" testId="89133348-f31e-9131-8497-14e1440854d8" testName="canMoveBlackKnightLeftUp" computerName="ITSSHAW" duration="00:00:00.0003039" startTime="2013-12-30T16:00:48.5362450+02:00" endTime="2013-12-30T16:00:48.5372451+02:00" testType="13cdc9d9-ddb5-4fa4-a97d-d965ccfc6d4b" outcome="Passed" testListId="8c84fa94-04c1-424b-9868-57a2d4851a1d" relativeResultsDirectory="51f8d43c-523b-4583-a070-1ad3b84cfca2">
    </UnitTestResult>
    <UnitTestResult executionId="de18b438-d11b-454d-b680-9f0f937b9c1c" testId="da7f9d67-6583-5b93-3103-caab5031e2e0" testName="canMoveBlackKnightRightDown" computerName="ITSSHAW" duration="00:00:00.0004132" startTime="2013-12-30T16:00:48.5382452+02:00" endTime="2013-12-30T16:00:48.5392453+02:00" testType="13cdc9d9-ddb5-4fa4-a97d-d965ccfc6d4b" outcome="Passed" testListId="8c84fa94-04c1-424b-9868-57a2d4851a1d" relativeResultsDirectory="de18b438-d11b-454d-b680-9f0f937b9c1c">
    </UnitTestResult>
    <UnitTestResult executionId="46e26c5c-bec0-475b-8bb6-0b970c28e5b8" testId="b6442f0f-5bfd-8c1c-ad13-f1d69b3a8a06" testName="canMoveBlackKnightRightUp" computerName="ITSSHAW" duration="00:00:00.0003423" startTime="2013-12-30T16:00:48.5402454+02:00" endTime="2013-12-30T16:00:48.5422456+02:00" testType="13cdc9d9-ddb5-4fa4-a97d-d965ccfc6d4b" outcome="Passed" testListId="8c84fa94-04c1-424b-9868-57a2d4851a1d" relativeResultsDirectory="46e26c5c-bec0-475b-8bb6-0b970c28e5b8">
    </UnitTestResult>
    <UnitTestResult executionId="0e347e80-0081-4ca8-8722-a1a312702690" testId="dec0744b-b5da-6a4d-ad0a-355a63963703" testName="canMoveBlackKnightUpLeft" computerName="ITSSHAW" duration="00:00:00.0004159" startTime="2013-12-30T16:00:48.5432457+02:00" endTime="2013-12-30T16:00:48.5442458+02:00" testType="13cdc9d9-ddb5-4fa4-a97d-d965ccfc6d4b" outcome="Passed" testListId="8c84fa94-04c1-424b-9868-57a2d4851a1d" relativeResultsDirectory="0e347e80-0081-4ca8-8722-a1a312702690">
    </UnitTestResult>
    <UnitTestResult executionId="25c0d8ad-7598-43a1-9d5b-6bb429664641" testId="aec32abe-a9a4-ee33-7558-1c7c2a3fabec" testName="canMoveBlackKnightUpRight" computerName="ITSSHAW" duration="00:00:00.0002973" startTime="2013-12-30T16:00:48.5452459+02:00" endTime="2013-12-30T16:00:48.5452459+02:00" testType="13cdc9d9-ddb5-4fa4-a97d-d965ccfc6d4b" outcome="Passed" testListId="8c84fa94-04c1-424b-9868-57a2d4851a1d" relativeResultsDirectory="25c0d8ad-7598-43a1-9d5b-6bb429664641">
    </UnitTestResult>
    <UnitTestResult executionId="848e9c03-c510-4969-a7db-ec971b70ec11" testId="129b002c-1fd8-a858-11b5-efb8011f1c66" testName="canMoveWhiteKnightDownLeft" computerName="ITSSHAW" duration="00:00:00.0003290" startTime="2013-12-30T16:00:48.5462460+02:00" endTime="2013-12-30T16:00:48.5472461+02:00" testType="13cdc9d9-ddb5-4fa4-a97d-d965ccfc6d4b" outcome="Passed" testListId="8c84fa94-04c1-424b-9868-57a2d4851a1d" relativeResultsDirectory="848e9c03-c510-4969-a7db-ec971b70ec11">
    </UnitTestResult>
    <UnitTestResult executionId="efb0f12e-fd24-403f-a3d6-9fcee0f5f8f9" testId="3d0b3fd5-ed3e-b00a-e692-69db01d97037" testName="canMoveWhiteKnightDownRight" computerName="ITSSHAW" duration="00:00:00.0003302" startTime="2013-12-30T16:00:48.5482462+02:00" endTime="2013-12-30T16:00:48.5492463+02:00" testType="13cdc9d9-ddb5-4fa4-a97d-d965ccfc6d4b" outcome="Passed" testListId="8c84fa94-04c1-424b-9868-57a2d4851a1d" relativeResultsDirectory="efb0f12e-fd24-403f-a3d6-9fcee0f5f8f9">
    </UnitTestResult>
    <UnitTestResult executionId="b16fb72a-8c20-48c5-9495-3c9f844b0989" testId="cf3b5912-6ae6-e0a1-b350-a9a883f44204" testName="canMoveWhiteKnightLeftDown" computerName="ITSSHAW" duration="00:00:00.0003021" startTime="2013-12-30T16:00:48.5502464+02:00" endTime="2013-12-30T16:00:48.5502464+02:00" testType="13cdc9d9-ddb5-4fa4-a97d-d965ccfc6d4b" outcome="Passed" testListId="8c84fa94-04c1-424b-9868-57a2d4851a1d" relativeResultsDirectory="b16fb72a-8c20-48c5-9495-3c9f844b0989">
    </UnitTestResult>
    <UnitTestResult executionId="2802ecdc-5ded-4d80-a33d-5e3c935f4f1b" testId="ed293079-60d8-dd36-58ca-ab1711252e1b" testName="canMoveWhiteKnightLeftUp" computerName="ITSSHAW" duration="00:00:00.0003226" startTime="2013-12-30T16:00:48.5522466+02:00" endTime="2013-12-30T16:00:48.5532467+02:00" testType="13cdc9d9-ddb5-4fa4-a97d-d965ccfc6d4b" outcome="Passed" testListId="8c84fa94-04c1-424b-9868-57a2d4851a1d" relativeResultsDirectory="2802ecdc-5ded-4d80-a33d-5e3c935f4f1b">
    </UnitTestResult>
    <UnitTestResult executionId="51b95bb7-ce86-403a-a816-810582ea5162" testId="b1cacb72-0763-fed2-dae6-92a0ddd885e0" testName="canMoveWhiteKnightRightDown" computerName="ITSSHAW" duration="00:00:00.0003323" startTime="2013-12-30T16:00:48.5542468+02:00" endTime="2013-12-30T16:00:48.5542468+02:00" testType="13cdc9d9-ddb5-4fa4-a97d-d965ccfc6d4b" outcome="Passed" testListId="8c84fa94-04c1-424b-9868-57a2d4851a1d" relativeResultsDirectory="51b95bb7-ce86-403a-a816-810582ea5162">
    </UnitTestResult>
    <UnitTestResult executionId="d9a2e71c-52c0-41ea-aab6-c331d92ffa77" testId="b48545f1-36d0-2752-215f-8475388c03a6" testName="canMoveWhiteKnightRightUp" computerName="ITSSHAW" duration="00:00:00.0003181" startTime="2013-12-30T16:00:48.5552469+02:00" endTime="2013-12-30T16:00:48.5572471+02:00" testType="13cdc9d9-ddb5-4fa4-a97d-d965ccfc6d4b" outcome="Passed" testListId="8c84fa94-04c1-424b-9868-57a2d4851a1d" relativeResultsDirectory="d9a2e71c-52c0-41ea-aab6-c331d92ffa77">
    </UnitTestResult>
    <UnitTestResult executionId="3f7c4c64-de2f-4edb-a11b-31b45fc090c8" testId="01e1d85e-511b-f54c-a1a1-900d1b604f70" testName="canMoveWhiteKnightUpLeft" computerName="ITSSHAW" duration="00:00:00.0004515" startTime="2013-12-30T16:00:48.5592473+02:00" endTime="2013-12-30T16:00:48.5602474+02:00" testType="13cdc9d9-ddb5-4fa4-a97d-d965ccfc6d4b" outcome="Passed" testListId="8c84fa94-04c1-424b-9868-57a2d4851a1d" relativeResultsDirectory="3f7c4c64-de2f-4edb-a11b-31b45fc090c8">
    </UnitTestResult>
    <UnitTestResult executionId="60480006-84ec-4294-b1b1-7fa7142771d4" testId="020bc553-c880-41f6-e7a5-5598075d4e67" testName="canMoveWhiteKnightUpRight" computerName="ITSSHAW" duration="00:00:00.0003293" startTime="2013-12-30T16:00:48.5612475+02:00" endTime="2013-12-30T16:00:48.5622476+02:00" testType="13cdc9d9-ddb5-4fa4-a97d-d965ccfc6d4b" outcome="Passed" testListId="8c84fa94-04c1-424b-9868-57a2d4851a1d" relativeResultsDirectory="60480006-84ec-4294-b1b1-7fa7142771d4">
    </UnitTestResult>
    <UnitTestResult executionId="51383085-1ae8-4856-b141-f25098e5a45f" testId="5549ceba-3e9a-6148-26c8-8ad403ffbfa1" testName="cannotCaptureOwnPieceBottomLeft" computerName="ITSSHAW" duration="00:00:00.0012430" startTime="2013-12-30T16:00:48.5622476+02:00" endTime="2013-12-30T16:00:48.5642478+02:00" testType="13cdc9d9-ddb5-4fa4-a97d-d965ccfc6d4b" outcome="Passed" testListId="8c84fa94-04c1-424b-9868-57a2d4851a1d" relativeResultsDirectory="51383085-1ae8-4856-b141-f25098e5a45f">
    </UnitTestResult>
    <UnitTestResult executionId="75ebc6c1-aa11-48b1-bbe1-3592644e48f1" testId="12e63596-1c4e-b553-8314-65281f6114b3" testName="cannotCaptureOwnPieceBottomRight" computerName="ITSSHAW" duration="00:00:00.0010018" startTime="2013-12-30T16:00:48.5652479+02:00" endTime="2013-12-30T16:00:48.5672481+02:00" testType="13cdc9d9-ddb5-4fa4-a97d-d965ccfc6d4b" outcome="Passed" testListId="8c84fa94-04c1-424b-9868-57a2d4851a1d" relativeResultsDirectory="75ebc6c1-aa11-48b1-bbe1-3592644e48f1">
    </UnitTestResult>
    <UnitTestResult executionId="24b99b8f-dc23-4e7e-a00d-739cc19c4983" testId="ad975496-37d7-dfa8-72c5-ed19caf4b8d6" testName="cannotCaptureOwnPieceLeftBottom" computerName="ITSSHAW" duration="00:00:00.0007872" startTime="2013-12-30T16:00:48.5682482+02:00" endTime="2013-12-30T16:00:48.5692483+02:00" testType="13cdc9d9-ddb5-4fa4-a97d-d965ccfc6d4b" outcome="Passed" testListId="8c84fa94-04c1-424b-9868-57a2d4851a1d" relativeResultsDirectory="24b99b8f-dc23-4e7e-a00d-739cc19c4983">
    </UnitTestResult>
    <UnitTestResult executionId="cfb9f377-09cb-4d4a-be7c-65a801a8313e" testId="40d1b41f-84e9-0b2b-3898-954b6294bb34" testName="cannotCaptureOwnPieceLeftTop" computerName="ITSSHAW" duration="00:00:00.0008503" startTime="2013-12-30T16:00:48.5712485+02:00" endTime="2013-12-30T16:00:48.5722486+02:00" testType="13cdc9d9-ddb5-4fa4-a97d-d965ccfc6d4b" outcome="Passed" testListId="8c84fa94-04c1-424b-9868-57a2d4851a1d" relativeResultsDirectory="cfb9f377-09cb-4d4a-be7c-65a801a8313e">
    </UnitTestResult>
    <UnitTestResult executionId="8595b583-7ad3-45a3-964e-4bacc0f1c088" testId="c281314e-828d-e156-cbd7-96cd2b327ed0" testName="cannotCaptureOwnPieceRightBottom" computerName="ITSSHAW" duration="00:00:00.0008569" startTime="2013-12-30T16:00:48.5732487+02:00" endTime="2013-12-30T16:00:48.5752489+02:00" testType="13cdc9d9-ddb5-4fa4-a97d-d965ccfc6d4b" outcome="Passed" testListId="8c84fa94-04c1-424b-9868-57a2d4851a1d" relativeResultsDirectory="8595b583-7ad3-45a3-964e-4bacc0f1c088">
    </UnitTestResult>
    <UnitTestResult executionId="214d1aba-dc8b-432e-b7a6-b01bedc1dc5f" testId="84067fc2-a576-9ac6-6f3c-59ca7fae01b3" testName="cannotCaptureOwnPieceRightTop" computerName="ITSSHAW" duration="00:00:00.0009991" startTime="2013-12-30T16:00:48.5762490+02:00" endTime="2013-12-30T16:00:48.5782492+02:00" testType="13cdc9d9-ddb5-4fa4-a97d-d965ccfc6d4b" outcome="Passed" testListId="8c84fa94-04c1-424b-9868-57a2d4851a1d" relativeResultsDirectory="214d1aba-dc8b-432e-b7a6-b01bedc1dc5f">
    </UnitTestResult>
    <UnitTestResult executionId="b784025f-b4e3-47f1-909f-b2913a7a03fe" testId="3b8989d4-9468-d4f5-4fa5-0c83cef3e6e3" testName="cannotCaptureOwnPieceTopLeft" computerName="ITSSHAW" duration="00:00:00.0009626" startTime="2013-12-30T16:00:48.5792493+02:00" endTime="2013-12-30T16:00:48.5812495+02:00" testType="13cdc9d9-ddb5-4fa4-a97d-d965ccfc6d4b" outcome="Passed" testListId="8c84fa94-04c1-424b-9868-57a2d4851a1d" relativeResultsDirectory="b784025f-b4e3-47f1-909f-b2913a7a03fe">
    </UnitTestResult>
    <UnitTestResult executionId="3178e7c0-0c55-43b9-b845-72e8cf91147c" testId="8b767757-2d46-6db2-6c72-a25020070dc1" testName="cannotCaptureOwnPieceTopRight" computerName="ITSSHAW" duration="00:00:00.0007667" startTime="2013-12-30T16:00:48.5822496+02:00" endTime="2013-12-30T16:00:48.5832497+02:00" testType="13cdc9d9-ddb5-4fa4-a97d-d965ccfc6d4b" outcome="Passed" testListId="8c84fa94-04c1-424b-9868-57a2d4851a1d" relativeResultsDirectory="3178e7c0-0c55-43b9-b845-72e8cf91147c">
    </UnitTestResult>
    <UnitTestResult executionId="2d420942-685d-431f-a8cf-cd8eec584229" testId="f1a715f9-9cf1-9e64-a4be-97f94a04714c" testName="cannotMoveBlackKnightAnywayElse" computerName="ITSSHAW" duration="00:00:00.0085765" startTime="2013-12-30T16:00:48.5842498+02:00" endTime="2013-12-30T16:00:48.5932507+02:00" testType="13cdc9d9-ddb5-4fa4-a97d-d965ccfc6d4b" outcome="Passed" testListId="8c84fa94-04c1-424b-9868-57a2d4851a1d" relativeResultsDirectory="2d420942-685d-431f-a8cf-cd8eec584229">
    </UnitTestResult>
    <UnitTestResult executionId="5e89ae36-931a-4a75-bc73-083b08c61f71" testId="98edb5da-2506-8b04-eeed-1852ef2aaf00" testName="cannotMoveWhiteKnightAnywayElse" computerName="ITSSHAW" duration="00:00:00.0078892" startTime="2013-12-30T16:00:48.5952509+02:00" endTime="2013-12-30T16:00:48.6032517+02:00" testType="13cdc9d9-ddb5-4fa4-a97d-d965ccfc6d4b" outcome="Passed" testListId="8c84fa94-04c1-424b-9868-57a2d4851a1d" relativeResultsDirectory="5e89ae36-931a-4a75-bc73-083b08c61f71">
    </UnitTestResult>
    <UnitTestResult executionId="7db9073d-7550-41f6-965a-63498c93e4b0" testId="070484d8-b78f-e4c9-05d6-cba7187facb9" testName="invalidMoveGivesCorrectPieceName" computerName="ITSSHAW" duration="00:00:00.0006172" startTime="2013-12-30T16:00:48.6042518+02:00" endTime="2013-12-30T16:00:48.6062520+02:00" testType="13cdc9d9-ddb5-4fa4-a97d-d965ccfc6d4b" outcome="Passed" testListId="8c84fa94-04c1-424b-9868-57a2d4851a1d" relativeResultsDirectory="7db9073d-7550-41f6-965a-63498c93e4b0">
    </UnitTestResult>
    <UnitTestResult executionId="a5422b60-f714-4912-b64a-b9bf4a17aa9a" testId="3a5598f0-2f6a-ab8e-56e4-280c59becd55" testName="noErrorOnTopLeft" computerName="ITSSHAW" duration="00:00:00.0002550" startTime="2013-12-30T16:00:48.6072521+02:00" endTime="2013-12-30T16:00:48.6072521+02:00" testType="13cdc9d9-ddb5-4fa4-a97d-d965ccfc6d4b" outcome="Passed" testListId="8c84fa94-04c1-424b-9868-57a2d4851a1d" relativeResultsDirectory="a5422b60-f714-4912-b64a-b9bf4a17aa9a">
    </UnitTestResult>
    <UnitTestResult executionId="2496b812-9d86-4897-806a-16ac152aec60" testId="4981dea8-f169-664c-472f-78db2ae78861" testName="noErrorOnTopRight" computerName="ITSSHAW" duration="00:00:00.0002771" startTime="2013-12-30T16:00:48.6092523+02:00" endTime="2013-12-30T16:00:48.6102524+02:00" testType="13cdc9d9-ddb5-4fa4-a97d-d965ccfc6d4b" outcome="Passed" testListId="8c84fa94-04c1-424b-9868-57a2d4851a1d" relativeResultsDirectory="2496b812-9d86-4897-806a-16ac152aec60">
    </UnitTestResult>
    <UnitTestResult executionId="d906a582-3f89-46c2-972f-b9e890a638bf" testId="a64ca845-c01a-2574-9dc9-d481b1eb66ae" testName="noErrorWhenOnBottomLeft" computerName="ITSSHAW" duration="00:00:00.0004222" startTime="2013-12-30T16:00:48.6112525+02:00" endTime="2013-12-30T16:00:48.6112525+02:00" testType="13cdc9d9-ddb5-4fa4-a97d-d965ccfc6d4b" outcome="Passed" testListId="8c84fa94-04c1-424b-9868-57a2d4851a1d" relativeResultsDirectory="d906a582-3f89-46c2-972f-b9e890a638bf">
    </UnitTestResult>
    <UnitTestResult executionId="0018c495-6b13-413e-bd4d-792e9eb32c3c" testId="a39074e8-1a57-e5e3-5130-43a61b6aac16" testName="noErrorWhenOnBottomRight" computerName="ITSSHAW" duration="00:00:00.0003839" startTime="2013-12-30T16:00:48.6122526+02:00" endTime="2013-12-30T16:00:48.6142528+02:00" testType="13cdc9d9-ddb5-4fa4-a97d-d965ccfc6d4b" outcome="Passed" testListId="8c84fa94-04c1-424b-9868-57a2d4851a1d" relativeResultsDirectory="0018c495-6b13-413e-bd4d-792e9eb32c3c">
    </UnitTestResult>
    <UnitTestResult executionId="447c07d1-91ef-4f07-b939-78e84cfd850d" testId="0c39fefa-5032-d364-0d53-99bb085e0982" testName="blackCannotTakeEmptyPieceLeft" computerName="ITSSHAW" duration="00:00:00.0015189" startTime="2013-12-30T16:00:48.6142528+02:00" endTime="2013-12-30T16:00:48.6172531+02:00" testType="13cdc9d9-ddb5-4fa4-a97d-d965ccfc6d4b" outcome="Passed" testListId="8c84fa94-04c1-424b-9868-57a2d4851a1d" relativeResultsDirectory="447c07d1-91ef-4f07-b939-78e84cfd850d">
    </UnitTestResult>
    <UnitTestResult executionId="ff49c00c-6c32-4099-bb8e-409e2ec82a00" testId="072141a6-213d-f7c1-ad94-78892f83b7a0" testName="blackPawnCanMoveTwoSpacesAtStart" computerName="ITSSHAW" duration="00:00:00.0014576" startTime="2013-12-30T16:00:48.6182532+02:00" endTime="2013-12-30T16:00:48.6202534+02:00" testType="13cdc9d9-ddb5-4fa4-a97d-d965ccfc6d4b" outcome="Passed" testListId="8c84fa94-04c1-424b-9868-57a2d4851a1d" relativeResultsDirectory="ff49c00c-6c32-4099-bb8e-409e2ec82a00">
    </UnitTestResult>
    <UnitTestResult executionId="41ed2c71-1294-4545-b2d0-c9d880f41cd8" testId="cb78d65f-db30-1067-6355-33912c9c98b3" testName="blackPawnCannotMoveBackwards" computerName="ITSSHAW" duration="00:00:00.0010320" startTime="2013-12-30T16:00:48.6212535+02:00" endTime="2013-12-30T16:00:48.6232537+02:00" testType="13cdc9d9-ddb5-4fa4-a97d-d965ccfc6d4b" outcome="Passed" testListId="8c84fa94-04c1-424b-9868-57a2d4851a1d" relativeResultsDirectory="41ed2c71-1294-4545-b2d0-c9d880f41cd8">
    </UnitTestResult>
    <UnitTestResult executionId="1e5ab6aa-633f-463f-ac95-dcee9e717cf4" testId="8e7b2879-f716-116d-99dc-23f8e18ae182" testName="blackPawnCannotMoveTwoSpacesAfterStart" computerName="ITSSHAW" duration="00:00:00.0013417" startTime="2013-12-30T16:00:48.6242538+02:00" endTime="2013-12-30T16:00:48.6252539+02:00" testType="13cdc9d9-ddb5-4fa4-a97d-d965ccfc6d4b" outcome="Passed" testListId="8c84fa94-04c1-424b-9868-57a2d4851a1d" relativeResultsDirectory="1e5ab6aa-633f-463f-ac95-dcee9e717cf4">
    </UnitTestResult>
    <UnitTestResult executionId="093c3937-b0ce-4ec5-8ba8-a7f5d06e2809" testId="d6be978c-e15f-fa6c-2dca-55f439cdf674" testName="blackPawnCannotTakeEmptyPieceRight" computerName="ITSSHAW" duration="00:00:00.0011352" startTime="2013-12-30T16:00:48.6272541+02:00" endTime="2013-12-30T16:00:48.6282542+02:00" testType="13cdc9d9-ddb5-4fa4-a97d-d965ccfc6d4b" outcome="Passed" testListId="8c84fa94-04c1-424b-9868-57a2d4851a1d" relativeResultsDirectory="093c3937-b0ce-4ec5-8ba8-a7f5d06e2809">
    </UnitTestResult>
    <UnitTestResult executionId="44a7159d-1641-451e-83bb-8614ad18464e" testId="31f39857-46fe-cad3-eea6-de16b677be95" testName="blackPawnCanTakePieceLeft" computerName="ITSSHAW" duration="00:00:00.0013396" startTime="2013-12-30T16:00:48.6292543+02:00" endTime="2013-12-30T16:00:48.6312545+02:00" testType="13cdc9d9-ddb5-4fa4-a97d-d965ccfc6d4b" outcome="Passed" testListId="8c84fa94-04c1-424b-9868-57a2d4851a1d" relativeResultsDirectory="44a7159d-1641-451e-83bb-8614ad18464e">
    </UnitTestResult>
    <UnitTestResult executionId="37d9745c-a2fc-4133-a2fc-40f199315075" testId="af7199b0-e83f-767d-57c7-bef2cae34aa3" testName="blackPawnCanTakePieceRight" computerName="ITSSHAW" duration="00:00:00.0011630" startTime="2013-12-30T16:00:48.6322546+02:00" endTime="2013-12-30T16:00:48.6342548+02:00" testType="13cdc9d9-ddb5-4fa4-a97d-d965ccfc6d4b" outcome="Passed" testListId="8c84fa94-04c1-424b-9868-57a2d4851a1d" relativeResultsDirectory="37d9745c-a2fc-4133-a2fc-40f199315075">
    </UnitTestResult>
    <UnitTestResult executionId="dda56090-52f2-4b36-90bd-bd9df40ab872" testId="74218563-c78e-d800-7101-79460a2a54a4" testName="canBlackPawnMoveOneSpaceForward" computerName="ITSSHAW" duration="00:00:00.0005566" startTime="2013-12-30T16:00:48.6352549+02:00" endTime="2013-12-30T16:00:48.6362550+02:00" testType="13cdc9d9-ddb5-4fa4-a97d-d965ccfc6d4b" outcome="Passed" testListId="8c84fa94-04c1-424b-9868-57a2d4851a1d" relativeResultsDirectory="dda56090-52f2-4b36-90bd-bd9df40ab872">
    </UnitTestResult>
    <UnitTestResult executionId="c5841970-7956-4e6b-a1e4-8ae8182f9908" testId="2ead5f87-4f49-9731-8b7d-274f7728f6ce" testName="cannotMove2AtStartIfPieceInTheWay" computerName="ITSSHAW" duration="00:00:00.0014534" startTime="2013-12-30T16:00:48.6372551+02:00" endTime="2013-12-30T16:00:48.6392553+02:00" testType="13cdc9d9-ddb5-4fa4-a97d-d965ccfc6d4b" outcome="Passed" testListId="8c84fa94-04c1-424b-9868-57a2d4851a1d" relativeResultsDirectory="c5841970-7956-4e6b-a1e4-8ae8182f9908">
    </UnitTestResult>
    <UnitTestResult executionId="915ba021-b622-4038-925c-3e11431fd886" testId="f4345ccc-f7f8-a9d0-d85f-f34d1eaed95e" testName="cannotMove2AtStartIfPieceJustInFront" computerName="ITSSHAW" duration="00:00:00.0022669" startTime="2013-12-30T16:00:48.6402554+02:00" endTime="2013-12-30T16:00:48.6432557+02:00" testType="13cdc9d9-ddb5-4fa4-a97d-d965ccfc6d4b" outcome="Passed" testListId="8c84fa94-04c1-424b-9868-57a2d4851a1d" relativeResultsDirectory="915ba021-b622-4038-925c-3e11431fd886">
    </UnitTestResult>
    <UnitTestResult executionId="d0df89b1-a2c1-477e-acbe-c491fe09f4de" testId="1889f775-0977-2f85-bcf9-6dc4aeb0834c" testName="cannotMoveEnPassantIfOtherPieceNotAPawn" computerName="ITSSHAW" duration="00:00:00.0019771" startTime="2013-12-30T16:00:48.6452559+02:00" endTime="2013-12-30T16:00:48.6472561+02:00" testType="13cdc9d9-ddb5-4fa4-a97d-d965ccfc6d4b" outcome="Passed" testListId="8c84fa94-04c1-424b-9868-57a2d4851a1d" relativeResultsDirectory="d0df89b1-a2c1-477e-acbe-c491fe09f4de">
    </UnitTestResult>
    <UnitTestResult executionId="88f2d1d2-28ec-4299-af2f-47026f8b0324" testId="e4425b0f-0cb4-e465-5faf-5fa77fa81a46" testName="cannotMoveOneForwardWhenPieceInTheWay" computerName="ITSSHAW" duration="00:00:00.0008705" startTime="2013-12-30T16:00:48.6482562+02:00" endTime="2013-12-30T16:00:48.6502564+02:00" testType="13cdc9d9-ddb5-4fa4-a97d-d965ccfc6d4b" outcome="Passed" testListId="8c84fa94-04c1-424b-9868-57a2d4851a1d" relativeResultsDirectory="88f2d1d2-28ec-4299-af2f-47026f8b0324">
    </UnitTestResult>
    <UnitTestResult executionId="fdc24111-a718-4e5e-8980-91d729c1896a" testId="17c89217-fc60-adea-d5e7-d8f5759cacf3" testName="cannotTakeOwnPieceDiagLeft" computerName="ITSSHAW" duration="00:00:00.0009472" startTime="2013-12-30T16:00:48.6512565+02:00" endTime="2013-12-30T16:00:48.6522566+02:00" testType="13cdc9d9-ddb5-4fa4-a97d-d965ccfc6d4b" outcome="Passed" testListId="8c84fa94-04c1-424b-9868-57a2d4851a1d" relativeResultsDirectory="fdc24111-a718-4e5e-8980-91d729c1896a">
    </UnitTestResult>
    <UnitTestResult executionId="f1498836-3add-49a4-b0dc-c689d602bab6" testId="557ea181-0881-47c7-90a7-baa142d9c0b1" testName="cannotTakeOwnPieceDiagRight" computerName="ITSSHAW" duration="00:00:00.0008958" startTime="2013-12-30T16:00:48.6532567+02:00" endTime="2013-12-30T16:00:48.6552569+02:00" testType="13cdc9d9-ddb5-4fa4-a97d-d965ccfc6d4b" outcome="Passed" testListId="8c84fa94-04c1-424b-9868-57a2d4851a1d" relativeResultsDirectory="f1498836-3add-49a4-b0dc-c689d602bab6">
    </UnitTestResult>
    <UnitTestResult executionId="60bebc60-724f-4d9a-986b-f9922bfe7d32" testId="72153cfe-4389-9773-f6fd-6685bb51f896" testName="canTakePawnEnPassantLeft" computerName="ITSSHAW" duration="00:00:00.0014651" startTime="2013-12-30T16:00:48.6562570+02:00" endTime="2013-12-30T16:00:48.6582572+02:00" testType="13cdc9d9-ddb5-4fa4-a97d-d965ccfc6d4b" outcome="Passed" testListId="8c84fa94-04c1-424b-9868-57a2d4851a1d" relativeResultsDirectory="60bebc60-724f-4d9a-986b-f9922bfe7d32">
    </UnitTestResult>
    <UnitTestResult executionId="bda5f276-5cc2-4a28-9456-136ddc0e5e8a" testId="77a8b315-06d4-5fac-05d9-90fcccdac88f" testName="canTakePawnEnPassantRight" computerName="ITSSHAW" duration="00:00:00.0012695" startTime="2013-12-30T16:00:48.6592573+02:00" endTime="2013-12-30T16:00:48.6612575+02:00" testType="13cdc9d9-ddb5-4fa4-a97d-d965ccfc6d4b" outcome="Passed" testListId="8c84fa94-04c1-424b-9868-57a2d4851a1d" relativeResultsDirectory="bda5f276-5cc2-4a28-9456-136ddc0e5e8a">
    </UnitTestResult>
    <UnitTestResult executionId="835acf90-2d48-432c-a823-4d5a21c54962" testId="276aeaf4-94bd-7cc4-0bfa-fd1b795b8f09" testName="canWhitePawnMoveOneSpaceForward" computerName="ITSSHAW" duration="00:00:00.0008391" startTime="2013-12-30T16:00:48.6622576+02:00" endTime="2013-12-30T16:00:48.6632577+02:00" testType="13cdc9d9-ddb5-4fa4-a97d-d965ccfc6d4b" outcome="Passed" testListId="8c84fa94-04c1-424b-9868-57a2d4851a1d" relativeResultsDirectory="835acf90-2d48-432c-a823-4d5a21c54962">
    </UnitTestResult>
    <UnitTestResult executionId="a365f744-379c-4955-afc7-ae61b7bca326" testId="c9fb8199-30a5-e351-264b-e657ae13b916" testName="invalidMoveGivesCorrectPieceName" computerName="ITSSHAW" duration="00:00:00.0005466" startTime="2013-12-30T16:00:48.6642578+02:00" endTime="2013-12-30T16:00:48.6652579+02:00" testType="13cdc9d9-ddb5-4fa4-a97d-d965ccfc6d4b" outcome="Passed" testListId="8c84fa94-04c1-424b-9868-57a2d4851a1d" relativeResultsDirectory="a365f744-379c-4955-afc7-ae61b7bca326">
    </UnitTestResult>
    <UnitTestResult executionId="4844d96d-84dc-4513-95b9-48defdabb23c" testId="6d29da73-1392-f864-ac11-db455215ce75" testName="moveEnPassantLeftNotImmediateThrowError" computerName="ITSSHAW" duration="00:00:00.0017368" startTime="2013-12-30T16:00:48.6672581+02:00" endTime="2013-12-30T16:00:48.6692583+02:00" testType="13cdc9d9-ddb5-4fa4-a97d-d965ccfc6d4b" outcome="Passed" testListId="8c84fa94-04c1-424b-9868-57a2d4851a1d" relativeResultsDirectory="4844d96d-84dc-4513-95b9-48defdabb23c">
    </UnitTestResult>
    <UnitTestResult executionId="48d23554-d785-4794-bc39-9c3d36983aab" testId="4f8f2480-799b-0be7-4437-c1ecf75fbaa1" testName="moveEnPassantLeftRemovesPiece" computerName="ITSSHAW" duration="00:00:00.0011636" startTime="2013-12-30T16:00:48.6702584+02:00" endTime="2013-12-30T16:00:48.6722586+02:00" testType="13cdc9d9-ddb5-4fa4-a97d-d965ccfc6d4b" outcome="Passed" testListId="8c84fa94-04c1-424b-9868-57a2d4851a1d" relativeResultsDirectory="48d23554-d785-4794-bc39-9c3d36983aab">
    </UnitTestResult>
    <UnitTestResult executionId="a2a3afd4-97b4-4b5e-9888-71cfbb3ccc36" testId="1ae802a5-bb94-ae3c-980c-cf0121da8a4a" testName="moveEnPassantRightNotImmediateThrowsError" computerName="ITSSHAW" duration="00:00:00.0018527" startTime="2013-12-30T16:00:48.6732587+02:00" endTime="2013-12-30T16:00:48.6762590+02:00" testType="13cdc9d9-ddb5-4fa4-a97d-d965ccfc6d4b" outcome="Passed" testListId="8c84fa94-04c1-424b-9868-57a2d4851a1d" relativeResultsDirectory="a2a3afd4-97b4-4b5e-9888-71cfbb3ccc36">
    </UnitTestResult>
    <UnitTestResult executionId="06ffaab8-1821-4d1a-a643-5ee5fbcaafe2" testId="978c0671-8eb9-8633-411e-8b65bb821d6c" testName="moveEnPassantRightRemovesPiece" computerName="ITSSHAW" duration="00:00:00.0009523" startTime="2013-12-30T16:00:48.6772591+02:00" endTime="2013-12-30T16:00:48.6782592+02:00" testType="13cdc9d9-ddb5-4fa4-a97d-d965ccfc6d4b" outcome="Passed" testListId="8c84fa94-04c1-424b-9868-57a2d4851a1d" relativeResultsDirectory="06ffaab8-1821-4d1a-a643-5ee5fbcaafe2">
    </UnitTestResult>
    <UnitTestResult executionId="c1e1c9a3-88b0-4c93-bef1-0bd29d9e1eb4" testId="31b640ce-2e58-2f38-568e-804147d116f8" testName="whitePawnCanMoveTwoSpacesAtStart" computerName="ITSSHAW" duration="00:00:00.0008814" startTime="2013-12-30T16:00:48.6792593+02:00" endTime="2013-12-30T16:00:48.6812595+02:00" testType="13cdc9d9-ddb5-4fa4-a97d-d965ccfc6d4b" outcome="Passed" testListId="8c84fa94-04c1-424b-9868-57a2d4851a1d" relativeResultsDirectory="c1e1c9a3-88b0-4c93-bef1-0bd29d9e1eb4">
    </UnitTestResult>
    <UnitTestResult executionId="005a6efd-051f-41c0-b0a5-b2714f77fa37" testId="5e0522cb-aa6a-a547-6b61-65ded7b9398a" testName="whitePawnCannotMoveBackwards" computerName="ITSSHAW" duration="00:00:00.0012101" startTime="2013-12-30T16:00:48.6822596+02:00" endTime="2013-12-30T16:00:48.6842598+02:00" testType="13cdc9d9-ddb5-4fa4-a97d-d965ccfc6d4b" outcome="Passed" testListId="8c84fa94-04c1-424b-9868-57a2d4851a1d" relativeResultsDirectory="005a6efd-051f-41c0-b0a5-b2714f77fa37">
    </UnitTestResult>
    <UnitTestResult executionId="a8ee3dbe-9305-4f80-af0d-68946541d56c" testId="35ff0ac0-4840-970b-a280-9a148d7f7af4" testName="whitePawnCannotMoveTwoSpacesAfterStart" computerName="ITSSHAW" duration="00:00:00.0012125" startTime="2013-12-30T16:00:48.6852599+02:00" endTime="2013-12-30T16:00:48.6862600+02:00" testType="13cdc9d9-ddb5-4fa4-a97d-d965ccfc6d4b" outcome="Passed" testListId="8c84fa94-04c1-424b-9868-57a2d4851a1d" relativeResultsDirectory="a8ee3dbe-9305-4f80-af0d-68946541d56c">
    </UnitTestResult>
    <UnitTestResult executionId="0eba26a0-50cb-40ca-b4d0-9ee6481af089" testId="76d2cb65-6735-d8b0-b056-6bd2e46786ef" testName="whitePawnCannotTakeEmptyPieceLeft" computerName="ITSSHAW" duration="00:00:00.0011129" startTime="2013-12-30T16:00:48.6882602+02:00" endTime="2013-12-30T16:00:48.6902604+02:00" testType="13cdc9d9-ddb5-4fa4-a97d-d965ccfc6d4b" outcome="Passed" testListId="8c84fa94-04c1-424b-9868-57a2d4851a1d" relativeResultsDirectory="0eba26a0-50cb-40ca-b4d0-9ee6481af089">
    </UnitTestResult>
    <UnitTestResult executionId="e91ee91b-1a72-4dd0-b045-d92822679396" testId="85ab3335-8bf0-ecfa-98f7-0db700370fe2" testName="whitePawnCannotTakeEmptyPieceRight" computerName="ITSSHAW" duration="00:00:00.0012671" startTime="2013-12-30T16:00:48.6912605+02:00" endTime="2013-12-30T16:00:48.6932607+02:00" testType="13cdc9d9-ddb5-4fa4-a97d-d965ccfc6d4b" outcome="Passed" testListId="8c84fa94-04c1-424b-9868-57a2d4851a1d" relativeResultsDirectory="e91ee91b-1a72-4dd0-b045-d92822679396">
    </UnitTestResult>
    <UnitTestResult executionId="8478fc94-ad2a-405b-b40a-15c37f1aba4a" testId="f1502619-456c-8ace-3118-e479f255cb31" testName="whitePawnCannotTakeTwoRowsForwardAtStart" computerName="ITSSHAW" duration="00:00:00.0017667" startTime="2013-12-30T16:00:48.6942608+02:00" endTime="2013-12-30T16:00:48.6962610+02:00" testType="13cdc9d9-ddb5-4fa4-a97d-d965ccfc6d4b" outcome="Passed" testListId="8c84fa94-04c1-424b-9868-57a2d4851a1d" relativeResultsDirectory="8478fc94-ad2a-405b-b40a-15c37f1aba4a">
    </UnitTestResult>
    <UnitTestResult executionId="1ebdd086-249b-48e8-bfb5-082e111f920f" testId="f9b6fa3b-c686-0e22-5a5c-d78c0f5f065a" testName="whitePawnCanTakePieceLeft" computerName="ITSSHAW" duration="00:00:00.0010154" startTime="2013-12-30T16:00:48.6972611+02:00" endTime="2013-12-30T16:00:48.6982612+02:00" testType="13cdc9d9-ddb5-4fa4-a97d-d965ccfc6d4b" outcome="Passed" testListId="8c84fa94-04c1-424b-9868-57a2d4851a1d" relativeResultsDirectory="1ebdd086-249b-48e8-bfb5-082e111f920f">
    </UnitTestResult>
    <UnitTestResult executionId="354f1703-1013-4de9-8ca0-76e867c46b21" testId="efc90440-a3c1-87f7-fff9-787ea282e06e" testName="whitePawnCanTakePieceRight" computerName="ITSSHAW" duration="00:00:00.0008394" startTime="2013-12-30T16:00:48.7002614+02:00" endTime="2013-12-30T16:00:48.7012615+02:00" testType="13cdc9d9-ddb5-4fa4-a97d-d965ccfc6d4b" outcome="Passed" testListId="8c84fa94-04c1-424b-9868-57a2d4851a1d" relativeResultsDirectory="354f1703-1013-4de9-8ca0-76e867c46b21">
    </UnitTestResult>
    <UnitTestResult executionId="dbbe397a-4eb2-4763-a9e6-3e2730265e34" testId="2d6867c6-934d-12ca-881f-8ca2af17d2e4" testName="canMoveQueenDiagDownLeft" computerName="ITSSHAW" duration="00:00:00.0066959" startTime="2013-12-30T16:00:48.7022616+02:00" endTime="2013-12-30T16:00:48.7102624+02:00" testType="13cdc9d9-ddb5-4fa4-a97d-d965ccfc6d4b" outcome="Passed" testListId="8c84fa94-04c1-424b-9868-57a2d4851a1d" relativeResultsDirectory="dbbe397a-4eb2-4763-a9e6-3e2730265e34">
    </UnitTestResult>
    <UnitTestResult executionId="6b41ca8d-9fae-4e74-a8a0-d403fe8bd2b8" testId="e7f23f39-7057-048c-f8c3-7322c51edfe0" testName="canMoveQueenDiagDownRight" computerName="ITSSHAW" duration="00:00:00.0013495" startTime="2013-12-30T16:00:48.7122626+02:00" endTime="2013-12-30T16:00:48.7132627+02:00" testType="13cdc9d9-ddb5-4fa4-a97d-d965ccfc6d4b" outcome="Passed" testListId="8c84fa94-04c1-424b-9868-57a2d4851a1d" relativeResultsDirectory="6b41ca8d-9fae-4e74-a8a0-d403fe8bd2b8">
    </UnitTestResult>
    <UnitTestResult executionId="8258605c-cc85-42e9-be29-b06f2d5d9246" testId="2a82fa15-d608-6e25-a9ff-4f118775d58a" testName="canMoveQueenDiagUpLeft" computerName="ITSSHAW" duration="00:00:00.0011826" startTime="2013-12-30T16:00:48.7142628+02:00" endTime="2013-12-30T16:00:48.7162630+02:00" testType="13cdc9d9-ddb5-4fa4-a97d-d965ccfc6d4b" outcome="Passed" testListId="8c84fa94-04c1-424b-9868-57a2d4851a1d" relativeResultsDirectory="8258605c-cc85-42e9-be29-b06f2d5d9246">
    </UnitTestResult>
    <UnitTestResult executionId="0f86ef7b-9246-4b25-8498-240e350ddaa4" testId="e3792867-8253-4fa3-d7e9-04dbc55b7bd0" testName="canMoveQueenDiagUpRight" computerName="ITSSHAW" duration="00:00:00.0015095" startTime="2013-12-30T16:00:48.7172631+02:00" endTime="2013-12-30T16:00:48.7192633+02:00" testType="13cdc9d9-ddb5-4fa4-a97d-d965ccfc6d4b" outcome="Passed" testListId="8c84fa94-04c1-424b-9868-57a2d4851a1d" relativeResultsDirectory="0f86ef7b-9246-4b25-8498-240e350ddaa4">
    </UnitTestResult>
    <UnitTestResult executionId="571bac65-7644-4ae5-b6d6-9694d47cf1e5" testId="62090d81-bf34-b23d-be59-e474692bb2bb" testName="canMoveQueenHorizontallyLeft" computerName="ITSSHAW" duration="00:00:00.0012279" startTime="2013-12-30T16:00:48.7202634+02:00" endTime="2013-12-30T16:00:48.7222636+02:00" testType="13cdc9d9-ddb5-4fa4-a97d-d965ccfc6d4b" outcome="Passed" testListId="8c84fa94-04c1-424b-9868-57a2d4851a1d" relativeResultsDirectory="571bac65-7644-4ae5-b6d6-9694d47cf1e5">
    </UnitTestResult>
    <UnitTestResult executionId="06c2f17a-32d6-48f4-97fe-accd1a758326" testId="4a2195e8-be6f-2084-7664-243a4cb97e3b" testName="canMoveQueenHorizontallyRight" computerName="ITSSHAW" duration="00:00:00.0016924" startTime="2013-12-30T16:00:48.7232637+02:00" endTime="2013-12-30T16:00:48.7262640+02:00" testType="13cdc9d9-ddb5-4fa4-a97d-d965ccfc6d4b" outcome="Passed" testListId="8c84fa94-04c1-424b-9868-57a2d4851a1d" relativeResultsDirectory="06c2f17a-32d6-48f4-97fe-accd1a758326">
    </UnitTestResult>
    <UnitTestResult executionId="34f6c11e-579f-41b0-8a4a-90a00afa534f" testId="01079ac0-f339-2360-8171-8d0e80010056" testName="canMoveQueenVerticallyDown" computerName="ITSSHAW" duration="00:00:00.0011265" startTime="2013-12-30T16:00:48.7272641+02:00" endTime="2013-12-30T16:00:48.7292643+02:00" testType="13cdc9d9-ddb5-4fa4-a97d-d965ccfc6d4b" outcome="Passed" testListId="8c84fa94-04c1-424b-9868-57a2d4851a1d" relativeResultsDirectory="34f6c11e-579f-41b0-8a4a-90a00afa534f">
    </UnitTestResult>
    <UnitTestResult executionId="7bcc634b-4a65-41f9-b17e-294e65e34f47" testId="61071a05-3bb9-84f7-1063-093a7badabca" testName="canMoveQueenVerticallyUp" computerName="ITSSHAW" duration="00:00:00.0018642" startTime="2013-12-30T16:00:48.7302644+02:00" endTime="2013-12-30T16:00:48.7322646+02:00" testType="13cdc9d9-ddb5-4fa4-a97d-d965ccfc6d4b" outcome="Passed" testListId="8c84fa94-04c1-424b-9868-57a2d4851a1d" relativeResultsDirectory="7bcc634b-4a65-41f9-b17e-294e65e34f47">
    </UnitTestResult>
    <UnitTestResult executionId="1d34db01-ebf8-4d82-afbf-12062d6c364d" testId="c402f9ec-8f13-951f-df43-c12680e572ae" testName="invalidMoveGivesCorrectPieceName" computerName="ITSSHAW" duration="00:00:00.0010806" startTime="2013-12-30T16:00:48.7332647+02:00" endTime="2013-12-30T16:00:48.7352649+02:00" testType="13cdc9d9-ddb5-4fa4-a97d-d965ccfc6d4b" outcome="Passed" testListId="8c84fa94-04c1-424b-9868-57a2d4851a1d" relativeResultsDirectory="1d34db01-ebf8-4d82-afbf-12062d6c364d">
    </UnitTestResult>
    <UnitTestResult executionId="21967fa4-61bf-4b24-8497-49f3e2bb606d" testId="623f0bb4-6cd6-0db1-bf8f-7a93fb8b942e" testName="canMoveBlackRookHorizonallyLeft" computerName="ITSSHAW" duration="00:00:00.0025551" startTime="2013-12-30T16:00:48.7362650+02:00" endTime="2013-12-30T16:00:48.7392653+02:00" testType="13cdc9d9-ddb5-4fa4-a97d-d965ccfc6d4b" outcome="Passed" testListId="8c84fa94-04c1-424b-9868-57a2d4851a1d" relativeResultsDirectory="21967fa4-61bf-4b24-8497-49f3e2bb606d">
    </UnitTestResult>
    <UnitTestResult executionId="32503f1e-8a5f-455d-b132-11bfd61b6c56" testId="30e04109-c65f-2193-e674-b29f22492ca5" testName="canMoveBlackRookHorizontallyRight" computerName="ITSSHAW" duration="00:00:00.0013139" startTime="2013-12-30T16:00:48.7402654+02:00" endTime="2013-12-30T16:00:48.7422656+02:00" testType="13cdc9d9-ddb5-4fa4-a97d-d965ccfc6d4b" outcome="Passed" testListId="8c84fa94-04c1-424b-9868-57a2d4851a1d" relativeResultsDirectory="32503f1e-8a5f-455d-b132-11bfd61b6c56">
    </UnitTestResult>
    <UnitTestResult executionId="3abc0c87-9ae3-4a11-b5f6-574865051db9" testId="80cf12b5-407d-385e-fa57-ce82569f7e4e" testName="canMoveBlackRookVerticallyDown" computerName="ITSSHAW" duration="00:00:00.0012394" startTime="2013-12-30T16:00:48.7432657+02:00" endTime="2013-12-30T16:00:48.7452659+02:00" testType="13cdc9d9-ddb5-4fa4-a97d-d965ccfc6d4b" outcome="Passed" testListId="8c84fa94-04c1-424b-9868-57a2d4851a1d" relativeResultsDirectory="3abc0c87-9ae3-4a11-b5f6-574865051db9">
    </UnitTestResult>
    <UnitTestResult executionId="10e1ae6f-d683-4476-b97a-9176b892f409" testId="4e5788c1-ada8-e773-ce47-116c6628d2aa" testName="canMoveBlackRookVerticallyUp" computerName="ITSSHAW" duration="00:00:00.0009819" startTime="2013-12-30T16:00:48.7462660+02:00" endTime="2013-12-30T16:00:48.7482662+02:00" testType="13cdc9d9-ddb5-4fa4-a97d-d965ccfc6d4b" outcome="Passed" testListId="8c84fa94-04c1-424b-9868-57a2d4851a1d" relativeResultsDirectory="10e1ae6f-d683-4476-b97a-9176b892f409">
    </UnitTestResult>
    <UnitTestResult executionId="e68ed7d2-6a54-4a7e-94d4-190a35ed75dd" testId="59555551-2870-ef13-6be7-cabc129b6b60" testName="canMoveWhiteRookHorizontallyLeft" computerName="ITSSHAW" duration="00:00:00.0013661" startTime="2013-12-30T16:00:48.7492663+02:00" endTime="2013-12-30T16:00:48.7522666+02:00" testType="13cdc9d9-ddb5-4fa4-a97d-d965ccfc6d4b" outcome="Passed" testListId="8c84fa94-04c1-424b-9868-57a2d4851a1d" relativeResultsDirectory="e68ed7d2-6a54-4a7e-94d4-190a35ed75dd">
    </UnitTestResult>
    <UnitTestResult executionId="9a879f39-374c-4b19-9015-0b8e1fe03ffb" testId="cd30a197-746f-89fa-f26c-aad357b6347f" testName="canMoveWhiteRookHorizontallyRight" computerName="ITSSHAW" duration="00:00:00.0018455" startTime="2013-12-30T16:00:48.7532667+02:00" endTime="2013-12-30T16:00:48.7552669+02:00" testType="13cdc9d9-ddb5-4fa4-a97d-d965ccfc6d4b" outcome="Passed" testListId="8c84fa94-04c1-424b-9868-57a2d4851a1d" relativeResultsDirectory="9a879f39-374c-4b19-9015-0b8e1fe03ffb">
    </UnitTestResult>
    <UnitTestResult executionId="e746f60d-3188-491d-8d9a-db9dc18fe587" testId="7ff00668-a1d1-598b-ea2d-b4d066dc2a94" testName="canMoveWhiteRookVerticallyDown" computerName="ITSSHAW" duration="00:00:00.0009668" startTime="2013-12-30T16:00:48.7562670+02:00" endTime="2013-12-30T16:00:48.7582672+02:00" testType="13cdc9d9-ddb5-4fa4-a97d-d965ccfc6d4b" outcome="Passed" testListId="8c84fa94-04c1-424b-9868-57a2d4851a1d" relativeResultsDirectory="e746f60d-3188-491d-8d9a-db9dc18fe587">
    </UnitTestResult>
    <UnitTestResult executionId="5f878bd6-9108-48cf-860c-047fe81da1b6" testId="6d564f94-5eaa-e990-ac62-ae2a50bad2a5" testName="canMoveWhiteRookVerticallyUp" computerName="ITSSHAW" duration="00:00:00.0011787" startTime="2013-12-30T16:00:48.7592673+02:00" endTime="2013-12-30T16:00:48.7622676+02:00" testType="13cdc9d9-ddb5-4fa4-a97d-d965ccfc6d4b" outcome="Passed" testListId="8c84fa94-04c1-424b-9868-57a2d4851a1d" relativeResultsDirectory="5f878bd6-9108-48cf-860c-047fe81da1b6">
    </UnitTestResult>
    <UnitTestResult executionId="a74a71f6-632b-48d4-a6f6-aef5e534e491" testId="a5b7c6bb-ac35-2bcc-b00a-fa06ab788ad9" testName="cannotCaptureOwnPieceHorizontallyLeft" computerName="ITSSHAW" duration="00:00:00.0013933" startTime="2013-12-30T16:00:48.7632677+02:00" endTime="2013-12-30T16:00:48.7652679+02:00" testType="13cdc9d9-ddb5-4fa4-a97d-d965ccfc6d4b" outcome="Passed" testListId="8c84fa94-04c1-424b-9868-57a2d4851a1d" relativeResultsDirectory="a74a71f6-632b-48d4-a6f6-aef5e534e491">
    </UnitTestResult>
    <UnitTestResult executionId="81d067f0-1deb-4a5b-8521-a31efbf06853" testId="e12fb60a-f115-e1f0-522a-512140600c5d" testName="cannotCaptureOwnPieceHorizontallyRight" computerName="ITSSHAW" duration="00:00:00.0010558" startTime="2013-12-30T16:00:48.7662680+02:00" endTime="2013-12-30T16:00:48.7682682+02:00" testType="13cdc9d9-ddb5-4fa4-a97d-d965ccfc6d4b" outcome="Passed" testListId="8c84fa94-04c1-424b-9868-57a2d4851a1d" relativeResultsDirectory="81d067f0-1deb-4a5b-8521-a31efbf06853">
    </UnitTestResult>
    <UnitTestResult executionId="c02b1d53-8d6c-47cc-9ba3-bb1748005131" testId="9f249bfa-9307-bb63-1468-401f06cff04f" testName="cannotCaptureOwnPieceVerticallyDown" computerName="ITSSHAW" duration="00:00:00.0008545" startTime="2013-12-30T16:00:48.7692683+02:00" endTime="2013-12-30T16:00:48.7712685+02:00" testType="13cdc9d9-ddb5-4fa4-a97d-d965ccfc6d4b" outcome="Passed" testListId="8c84fa94-04c1-424b-9868-57a2d4851a1d" relativeResultsDirectory="c02b1d53-8d6c-47cc-9ba3-bb1748005131">
    </UnitTestResult>
    <UnitTestResult executionId="f485bbae-0953-4326-9da9-d46cf722622a" testId="40c80f36-2521-e262-e128-84747b64c92c" testName="cannotCaptureOwnPieceVerticallyUp" computerName="ITSSHAW" duration="00:00:00.0011699" startTime="2013-12-30T16:00:48.7712685+02:00" endTime="2013-12-30T16:00:48.7742688+02:00" testType="13cdc9d9-ddb5-4fa4-a97d-d965ccfc6d4b" outcome="Passed" testListId="8c84fa94-04c1-424b-9868-57a2d4851a1d" relativeResultsDirectory="f485bbae-0953-4326-9da9-d46cf722622a">
    </UnitTestResult>
    <UnitTestResult executionId="ffae8211-83d4-4467-a21e-b4185e539629" testId="e3b4f7d1-fd34-7000-16fb-2198b034047c" testName="cannotMoveRookPastCaptureHorizontallyLeft" computerName="ITSSHAW" duration="00:00:00.0010625" startTime="2013-12-30T16:00:48.7752689+02:00" endTime="2013-12-30T16:00:48.7762690+02:00" testType="13cdc9d9-ddb5-4fa4-a97d-d965ccfc6d4b" outcome="Passed" testListId="8c84fa94-04c1-424b-9868-57a2d4851a1d" relativeResultsDirectory="ffae8211-83d4-4467-a21e-b4185e539629">
    </UnitTestResult>
    <UnitTestResult executionId="183fb355-c312-45f8-b0fb-d25ddc8c9f73" testId="55a6d228-78a5-d622-034e-b73abe2c7a6d" testName="cannotMoveRookPastCaptureHorizontallyRight" computerName="ITSSHAW" duration="00:00:00.0008648" startTime="2013-12-30T16:00:48.7772691+02:00" endTime="2013-12-30T16:00:48.7792693+02:00" testType="13cdc9d9-ddb5-4fa4-a97d-d965ccfc6d4b" outcome="Passed" testListId="8c84fa94-04c1-424b-9868-57a2d4851a1d" relativeResultsDirectory="183fb355-c312-45f8-b0fb-d25ddc8c9f73">
    </UnitTestResult>
    <UnitTestResult executionId="3e496cf1-d93c-4f53-ae77-e73b75a6fee1" testId="47054227-bef7-8a81-5406-698a72b51579" testName="cannotMoveRookPastCaptureVerticallyDown" computerName="ITSSHAW" duration="00:00:00.0011026" startTime="2013-12-30T16:00:48.7802694+02:00" endTime="2013-12-30T16:00:48.7822696+02:00" testType="13cdc9d9-ddb5-4fa4-a97d-d965ccfc6d4b" outcome="Passed" testListId="8c84fa94-04c1-424b-9868-57a2d4851a1d" relativeResultsDirectory="3e496cf1-d93c-4f53-ae77-e73b75a6fee1">
    </UnitTestResult>
    <UnitTestResult executionId="153c4fd7-a008-4051-874e-4cab9d63eeea" testId="a0f3f893-c4ef-ab53-8734-d2a1d7c9bd6f" testName="cannotMoveRookPastCaptureVerticallyUp" computerName="ITSSHAW" duration="00:00:00.0009248" startTime="2013-12-30T16:00:48.7832697+02:00" endTime="2013-12-30T16:00:48.7862700+02:00" testType="13cdc9d9-ddb5-4fa4-a97d-d965ccfc6d4b" outcome="Passed" testListId="8c84fa94-04c1-424b-9868-57a2d4851a1d" relativeResultsDirectory="153c4fd7-a008-4051-874e-4cab9d63eeea">
    </UnitTestResult>
    <UnitTestResult executionId="ee44154d-8579-4dcd-be5d-5f9a1e85af3d" testId="cc5c40cc-583d-811b-ee50-c1611290992c" testName="invalidMoveGivesCorrectPieceName" computerName="ITSSHAW" duration="00:00:00.0006212" startTime="2013-12-30T16:00:48.7872701+02:00" endTime="2013-12-30T16:00:48.7882702+02:00" testType="13cdc9d9-ddb5-4fa4-a97d-d965ccfc6d4b" outcome="Passed" testListId="8c84fa94-04c1-424b-9868-57a2d4851a1d" relativeResultsDirectory="ee44154d-8579-4dcd-be5d-5f9a1e85af3d">
    </UnitTestResult>
  </Results>
</TestRun>