<?xml version="1.0" encoding="UTF-8"?>
<TestRun id="1969a9f5-491f-42e3-beba-df7cd4b3ffa3" name="Shaneh@ITSSHAW 2013-11-28 07:43:47" runUser="NETWORK\Shaneh" xmlns="http://microsoft.com/schemas/VisualStudio/TeamTest/2010">
  <TestSettings name="Default Test Settings" id="ca575cee-7a49-416c-830f-efa3fcb15616">
    <Execution>
      <TestTypeSpecific />
      <AgentRule name="Execution Agents">
      </AgentRule>
    </Execution>
    <Deployment runDeploymentRoot="Shaneh_ITSSHAW 2013-11-28 07_43_47" />
  </TestSettings>
  <Times creation="2013-11-28T07:43:47.1512202+02:00" queuing="2013-11-28T07:43:47.9842202+02:00" start="2013-11-28T07:43:48.1112202+02:00" finish="2013-11-28T07:43:48.6792202+02:00" />
  <ResultSummary outcome="Completed">
    <Counters total="128" executed="128" passed="128" error="0" failed="0" timeout="0" aborted="0" inconclusive="0" passedButRunAborted="0" notRunnable="0" notExecuted="0" disconnected="0" warning="0" completed="0" inProgress="0" pending="0" />
  </ResultSummary>
  <TestDefinitions>
    <UnitTest name="invalidMoveGivesCorrectPieceName" storage="..\chesstests\bin\debug\chesstests.dll" id="c9fb8199-30a5-e351-264b-e657ae13b916">
      <Execution timeOut="1800000" id="051b0bff-904a-4595-8d3b-269ed9a2cd9c" />
      <TestMethod codeBase="C:/Users/ShaneH/Documents/Visual Studio 2012/Projects/Chess/ChessTests/bin/Debug/ChessTests.dll" adapterTypeName="Microsoft.VisualStudio.TestTools.TestTypes.Unit.UnitTestAdapter, Microsoft.VisualStudio.QualityTools.Tips.UnitTest.Adapter, Version=11.0.0.0, Culture=neutral, PublicKeyToken=b03f5f7f11d50a3a" className="ChessTests.PawnTests, ChessTests, Version=1.0.0.0, Culture=neutral, PublicKeyToken=null" name="invalidMoveGivesCorrectPieceName" />
    </UnitTest>
    <UnitTest name="areKnightsSetup" storage="..\chesstests\bin\debug\chesstests.dll" id="46a22037-07ac-0ccf-02e3-fd7145e502cd">
      <Execution timeOut="1800000" id="bf9e2e07-e2dc-4fa8-9794-dfc03d5d29be" />
      <TestMethod codeBase="C:/Users/ShaneH/Documents/Visual Studio 2012/Projects/Chess/ChessTests/bin/Debug/ChessTests.dll" adapterTypeName="Microsoft.VisualStudio.TestTools.TestTypes.Unit.UnitTestAdapter, Microsoft.VisualStudio.QualityTools.Tips.UnitTest.Adapter, Version=11.0.0.0, Culture=neutral, PublicKeyToken=b03f5f7f11d50a3a" className="ChessTests.ChessTests, ChessTests, Version=1.0.0.0, Culture=neutral, PublicKeyToken=null" name="areKnightsSetup" />
    </UnitTest>
    <UnitTest name="getExceptionWhenSelectCellNegativeCol" storage="..\chesstests\bin\debug\chesstests.dll" id="18c1f855-99f0-d7c9-3814-1b9500d79abb">
      <Execution timeOut="1800000" id="df733705-3f95-42db-b70c-f8eea5c08c13" />
      <TestMethod codeBase="C:/Users/ShaneH/Documents/Visual Studio 2012/Projects/Chess/ChessTests/bin/Debug/ChessTests.dll" adapterTypeName="Microsoft.VisualStudio.TestTools.TestTypes.Unit.UnitTestAdapter, Microsoft.VisualStudio.QualityTools.Tips.UnitTest.Adapter, Version=11.0.0.0, Culture=neutral, PublicKeyToken=b03f5f7f11d50a3a" className="ChessTests.ChessTests, ChessTests, Version=1.0.0.0, Culture=neutral, PublicKeyToken=null" name="getExceptionWhenSelectCellNegativeCol" />
    </UnitTest>
    <UnitTest name="canMoveQueenDiagDownRight" storage="..\chesstests\bin\debug\chesstests.dll" id="e7f23f39-7057-048c-f8c3-7322c51edfe0">
      <Execution timeOut="1800000" id="e8a90900-3f08-4ef9-a005-9ff8861e7686" />
      <TestMethod codeBase="C:/Users/ShaneH/Documents/Visual Studio 2012/Projects/Chess/ChessTests/bin/Debug/ChessTests.dll" adapterTypeName="Microsoft.VisualStudio.TestTools.TestTypes.Unit.UnitTestAdapter, Microsoft.VisualStudio.QualityTools.Tips.UnitTest.Adapter, Version=11.0.0.0, Culture=neutral, PublicKeyToken=b03f5f7f11d50a3a" className="ChessTests.QueenTests, ChessTests, Version=1.0.0.0, Culture=neutral, PublicKeyToken=null" name="canMoveQueenDiagDownRight" />
    </UnitTest>
    <UnitTest name="exceptionWhenMoveToNegativeRow" storage="..\chesstests\bin\debug\chesstests.dll" id="b7b09a89-f922-b298-bb69-6134762504c7">
      <Execution timeOut="1800000" id="6a77a935-7f3e-4fac-979c-c4b900bb8a23" />
      <TestMethod codeBase="C:/Users/ShaneH/Documents/Visual Studio 2012/Projects/Chess/ChessTests/bin/Debug/ChessTests.dll" adapterTypeName="Microsoft.VisualStudio.TestTools.TestTypes.Unit.UnitTestAdapter, Microsoft.VisualStudio.QualityTools.Tips.UnitTest.Adapter, Version=11.0.0.0, Culture=neutral, PublicKeyToken=b03f5f7f11d50a3a" className="ChessTests.ChessTests, ChessTests, Version=1.0.0.0, Culture=neutral, PublicKeyToken=null" name="exceptionWhenMoveToNegativeRow" />
    </UnitTest>
    <UnitTest name="cannotMoveEnPassantIfOtherPieceNotAPawn" storage="..\chesstests\bin\debug\chesstests.dll" id="1889f775-0977-2f85-bcf9-6dc4aeb0834c">
      <Execution timeOut="1800000" id="e27dc708-afe3-4b0c-aabe-0da691ef7042" />
      <TestMethod codeBase="C:/Users/ShaneH/Documents/Visual Studio 2012/Projects/Chess/ChessTests/bin/Debug/ChessTests.dll" adapterTypeName="Microsoft.VisualStudio.TestTools.TestTypes.Unit.UnitTestAdapter, Microsoft.VisualStudio.QualityTools.Tips.UnitTest.Adapter, Version=11.0.0.0, Culture=neutral, PublicKeyToken=b03f5f7f11d50a3a" className="ChessTests.PawnTests, ChessTests, Version=1.0.0.0, Culture=neutral, PublicKeyToken=null" name="cannotMoveEnPassantIfOtherPieceNotAPawn" />
    </UnitTest>
    <UnitTest name="canMoveQueenDiagUpRight" storage="..\chesstests\bin\debug\chesstests.dll" id="e3792867-8253-4fa3-d7e9-04dbc55b7bd0">
      <Execution timeOut="1800000" id="4fbe8ddc-7762-428e-8428-dd260435f4e8" />
      <TestMethod codeBase="C:/Users/ShaneH/Documents/Visual Studio 2012/Projects/Chess/ChessTests/bin/Debug/ChessTests.dll" adapterTypeName="Microsoft.VisualStudio.TestTools.TestTypes.Unit.UnitTestAdapter, Microsoft.VisualStudio.QualityTools.Tips.UnitTest.Adapter, Version=11.0.0.0, Culture=neutral, PublicKeyToken=b03f5f7f11d50a3a" className="ChessTests.QueenTests, ChessTests, Version=1.0.0.0, Culture=neutral, PublicKeyToken=null" name="canMoveQueenDiagUpRight" />
    </UnitTest>
    <UnitTest name="canMoveQueenDiagUpLeft" storage="..\chesstests\bin\debug\chesstests.dll" id="2a82fa15-d608-6e25-a9ff-4f118775d58a">
      <Execution timeOut="1800000" id="1e6374ad-e5cc-4f77-ac48-409de9537031" />
      <TestMethod codeBase="C:/Users/ShaneH/Documents/Visual Studio 2012/Projects/Chess/ChessTests/bin/Debug/ChessTests.dll" adapterTypeName="Microsoft.VisualStudio.TestTools.TestTypes.Unit.UnitTestAdapter, Microsoft.VisualStudio.QualityTools.Tips.UnitTest.Adapter, Version=11.0.0.0, Culture=neutral, PublicKeyToken=b03f5f7f11d50a3a" className="ChessTests.QueenTests, ChessTests, Version=1.0.0.0, Culture=neutral, PublicKeyToken=null" name="canMoveQueenDiagUpLeft" />
    </UnitTest>
    <UnitTest name="cannotCaptureOwnPieceBottomLeft" storage="..\chesstests\bin\debug\chesstests.dll" id="5549ceba-3e9a-6148-26c8-8ad403ffbfa1">
      <Execution timeOut="1800000" id="29f92cd6-19e2-48db-9c60-25264ac5135d" />
      <TestMethod codeBase="C:/Users/ShaneH/Documents/Visual Studio 2012/Projects/Chess/ChessTests/bin/Debug/ChessTests.dll" adapterTypeName="Microsoft.VisualStudio.TestTools.TestTypes.Unit.UnitTestAdapter, Microsoft.VisualStudio.QualityTools.Tips.UnitTest.Adapter, Version=11.0.0.0, Culture=neutral, PublicKeyToken=b03f5f7f11d50a3a" className="ChessTests.KnightTests, ChessTests, Version=1.0.0.0, Culture=neutral, PublicKeyToken=null" name="cannotCaptureOwnPieceBottomLeft" />
    </UnitTest>
    <UnitTest name="areQueensSetup" storage="..\chesstests\bin\debug\chesstests.dll" id="fd75eb10-5261-cc1e-b982-ae741a061d34">
      <Execution timeOut="1800000" id="4cd6ee30-1e0a-42ed-a1e7-2cb596afe47b" />
      <TestMethod codeBase="C:/Users/ShaneH/Documents/Visual Studio 2012/Projects/Chess/ChessTests/bin/Debug/ChessTests.dll" adapterTypeName="Microsoft.VisualStudio.TestTools.TestTypes.Unit.UnitTestAdapter, Microsoft.VisualStudio.QualityTools.Tips.UnitTest.Adapter, Version=11.0.0.0, Culture=neutral, PublicKeyToken=b03f5f7f11d50a3a" className="ChessTests.ChessTests, ChessTests, Version=1.0.0.0, Culture=neutral, PublicKeyToken=null" name="areQueensSetup" />
    </UnitTest>
    <UnitTest name="blackPawnCannotMoveBackwards" storage="..\chesstests\bin\debug\chesstests.dll" id="cb78d65f-db30-1067-6355-33912c9c98b3">
      <Execution timeOut="1800000" id="982d7f58-1f0d-408a-a5d1-1e12d5e2003e" />
      <TestMethod codeBase="C:/Users/ShaneH/Documents/Visual Studio 2012/Projects/Chess/ChessTests/bin/Debug/ChessTests.dll" adapterTypeName="Microsoft.VisualStudio.TestTools.TestTypes.Unit.UnitTestAdapter, Microsoft.VisualStudio.QualityTools.Tips.UnitTest.Adapter, Version=11.0.0.0, Culture=neutral, PublicKeyToken=b03f5f7f11d50a3a" className="ChessTests.PawnTests, ChessTests, Version=1.0.0.0, Culture=neutral, PublicKeyToken=null" name="blackPawnCannotMoveBackwards" />
    </UnitTest>
    <UnitTest name="canMoveWhiteKnightDownRight" storage="..\chesstests\bin\debug\chesstests.dll" id="3d0b3fd5-ed3e-b00a-e692-69db01d97037">
      <Execution timeOut="1800000" id="51d75aa3-95ef-442c-b298-11625516f830" />
      <TestMethod codeBase="C:/Users/ShaneH/Documents/Visual Studio 2012/Projects/Chess/ChessTests/bin/Debug/ChessTests.dll" adapterTypeName="Microsoft.VisualStudio.TestTools.TestTypes.Unit.UnitTestAdapter, Microsoft.VisualStudio.QualityTools.Tips.UnitTest.Adapter, Version=11.0.0.0, Culture=neutral, PublicKeyToken=b03f5f7f11d50a3a" className="ChessTests.KnightTests, ChessTests, Version=1.0.0.0, Culture=neutral, PublicKeyToken=null" name="canMoveWhiteKnightDownRight" />
    </UnitTest>
    <UnitTest name="blackPawnCanTakePieceRight" storage="..\chesstests\bin\debug\chesstests.dll" id="af7199b0-e83f-767d-57c7-bef2cae34aa3">
      <Execution timeOut="1800000" id="e9f352c2-b518-455e-ae22-19e0aac21625" />
      <TestMethod codeBase="C:/Users/ShaneH/Documents/Visual Studio 2012/Projects/Chess/ChessTests/bin/Debug/ChessTests.dll" adapterTypeName="Microsoft.VisualStudio.TestTools.TestTypes.Unit.UnitTestAdapter, Microsoft.VisualStudio.QualityTools.Tips.UnitTest.Adapter, Version=11.0.0.0, Culture=neutral, PublicKeyToken=b03f5f7f11d50a3a" className="ChessTests.PawnTests, ChessTests, Version=1.0.0.0, Culture=neutral, PublicKeyToken=null" name="blackPawnCanTakePieceRight" />
    </UnitTest>
    <UnitTest name="canMoveQueenVerticallyDown" storage="..\chesstests\bin\debug\chesstests.dll" id="01079ac0-f339-2360-8171-8d0e80010056">
      <Execution timeOut="1800000" id="89eebfdc-712a-4d47-9712-2c3ae770c505" />
      <TestMethod codeBase="C:/Users/ShaneH/Documents/Visual Studio 2012/Projects/Chess/ChessTests/bin/Debug/ChessTests.dll" adapterTypeName="Microsoft.VisualStudio.TestTools.TestTypes.Unit.UnitTestAdapter, Microsoft.VisualStudio.QualityTools.Tips.UnitTest.Adapter, Version=11.0.0.0, Culture=neutral, PublicKeyToken=b03f5f7f11d50a3a" className="ChessTests.QueenTests, ChessTests, Version=1.0.0.0, Culture=neutral, PublicKeyToken=null" name="canMoveQueenVerticallyDown" />
    </UnitTest>
    <UnitTest name="cannotMoveWhiteKnightAnywayElse" storage="..\chesstests\bin\debug\chesstests.dll" id="98edb5da-2506-8b04-eeed-1852ef2aaf00">
      <Execution timeOut="1800000" id="295f4bec-f929-480a-9cbc-64194b63702d" />
      <TestMethod codeBase="C:/Users/ShaneH/Documents/Visual Studio 2012/Projects/Chess/ChessTests/bin/Debug/ChessTests.dll" adapterTypeName="Microsoft.VisualStudio.TestTools.TestTypes.Unit.UnitTestAdapter, Microsoft.VisualStudio.QualityTools.Tips.UnitTest.Adapter, Version=11.0.0.0, Culture=neutral, PublicKeyToken=b03f5f7f11d50a3a" className="ChessTests.KnightTests, ChessTests, Version=1.0.0.0, Culture=neutral, PublicKeyToken=null" name="cannotMoveWhiteKnightAnywayElse" />
    </UnitTest>
    <UnitTest name="exceptionWhenMoveTooLargeCol" storage="..\chesstests\bin\debug\chesstests.dll" id="05d65582-adf5-1549-bdb6-f0e47270afd3">
      <Execution timeOut="1800000" id="9a8a6f98-6af0-49d3-a776-1c41338576fe" />
      <TestMethod codeBase="C:/Users/ShaneH/Documents/Visual Studio 2012/Projects/Chess/ChessTests/bin/Debug/ChessTests.dll" adapterTypeName="Microsoft.VisualStudio.TestTools.TestTypes.Unit.UnitTestAdapter, Microsoft.VisualStudio.QualityTools.Tips.UnitTest.Adapter, Version=11.0.0.0, Culture=neutral, PublicKeyToken=b03f5f7f11d50a3a" className="ChessTests.ChessTests, ChessTests, Version=1.0.0.0, Culture=neutral, PublicKeyToken=null" name="exceptionWhenMoveTooLargeCol" />
    </UnitTest>
    <UnitTest name="canMoveWhiteBishopDiagonallyDownLeftNoObstructions" storage="..\chesstests\bin\debug\chesstests.dll" id="cbde31ee-3d88-9411-c095-9535119853f5">
      <Execution timeOut="1800000" id="cf13611a-713c-48b5-a926-f09def54213d" />
      <TestMethod codeBase="C:/Users/ShaneH/Documents/Visual Studio 2012/Projects/Chess/ChessTests/bin/Debug/ChessTests.dll" adapterTypeName="Microsoft.VisualStudio.TestTools.TestTypes.Unit.UnitTestAdapter, Microsoft.VisualStudio.QualityTools.Tips.UnitTest.Adapter, Version=11.0.0.0, Culture=neutral, PublicKeyToken=b03f5f7f11d50a3a" className="ChessTests.BishopTests, ChessTests, Version=1.0.0.0, Culture=neutral, PublicKeyToken=null" name="canMoveWhiteBishopDiagonallyDownLeftNoObstructions" />
    </UnitTest>
    <UnitTest name="canWhitePawnMoveOneSpaceForward" storage="..\chesstests\bin\debug\chesstests.dll" id="276aeaf4-94bd-7cc4-0bfa-fd1b795b8f09">
      <Execution timeOut="1800000" id="c51e5dcd-6426-45cd-82bd-5d5249034bc7" />
      <TestMethod codeBase="C:/Users/ShaneH/Documents/Visual Studio 2012/Projects/Chess/ChessTests/bin/Debug/ChessTests.dll" adapterTypeName="Microsoft.VisualStudio.TestTools.TestTypes.Unit.UnitTestAdapter, Microsoft.VisualStudio.QualityTools.Tips.UnitTest.Adapter, Version=11.0.0.0, Culture=neutral, PublicKeyToken=b03f5f7f11d50a3a" className="ChessTests.PawnTests, ChessTests, Version=1.0.0.0, Culture=neutral, PublicKeyToken=null" name="canWhitePawnMoveOneSpaceForward" />
    </UnitTest>
    <UnitTest name="whitePawnCanTakePieceLeft" storage="..\chesstests\bin\debug\chesstests.dll" id="f9b6fa3b-c686-0e22-5a5c-d78c0f5f065a">
      <Execution timeOut="1800000" id="2ae6540a-8ced-4784-91fc-d174a6ff4271" />
      <TestMethod codeBase="C:/Users/ShaneH/Documents/Visual Studio 2012/Projects/Chess/ChessTests/bin/Debug/ChessTests.dll" adapterTypeName="Microsoft.VisualStudio.TestTools.TestTypes.Unit.UnitTestAdapter, Microsoft.VisualStudio.QualityTools.Tips.UnitTest.Adapter, Version=11.0.0.0, Culture=neutral, PublicKeyToken=b03f5f7f11d50a3a" className="ChessTests.PawnTests, ChessTests, Version=1.0.0.0, Culture=neutral, PublicKeyToken=null" name="whitePawnCanTakePieceLeft" />
    </UnitTest>
    <UnitTest name="blackPawnCannotMoveTwoSpacesAfterStart" storage="..\chesstests\bin\debug\chesstests.dll" id="8e7b2879-f716-116d-99dc-23f8e18ae182">
      <Execution timeOut="1800000" id="e2e49854-db23-4703-a660-f1241f4385af" />
      <TestMethod codeBase="C:/Users/ShaneH/Documents/Visual Studio 2012/Projects/Chess/ChessTests/bin/Debug/ChessTests.dll" adapterTypeName="Microsoft.VisualStudio.TestTools.TestTypes.Unit.UnitTestAdapter, Microsoft.VisualStudio.QualityTools.Tips.UnitTest.Adapter, Version=11.0.0.0, Culture=neutral, PublicKeyToken=b03f5f7f11d50a3a" className="ChessTests.PawnTests, ChessTests, Version=1.0.0.0, Culture=neutral, PublicKeyToken=null" name="blackPawnCannotMoveTwoSpacesAfterStart" />
    </UnitTest>
    <UnitTest name="cannotMoveRookePastCaptureVerticallyDown" storage="..\chesstests\bin\debug\chesstests.dll" id="9b99d74a-4f4b-0f7d-6cef-f2c04b2263df">
      <Execution timeOut="1800000" id="b1ee8e95-4285-4dd5-94af-d0706de65769" />
      <TestMethod codeBase="C:/Users/ShaneH/Documents/Visual Studio 2012/Projects/Chess/ChessTests/bin/Debug/ChessTests.dll" adapterTypeName="Microsoft.VisualStudio.TestTools.TestTypes.Unit.UnitTestAdapter, Microsoft.VisualStudio.QualityTools.Tips.UnitTest.Adapter, Version=11.0.0.0, Culture=neutral, PublicKeyToken=b03f5f7f11d50a3a" className="ChessTests.RookeTests, ChessTests, Version=1.0.0.0, Culture=neutral, PublicKeyToken=null" name="cannotMoveRookePastCaptureVerticallyDown" />
    </UnitTest>
    <UnitTest name="blackPawnCanMoveTwoSpacesAtStart" storage="..\chesstests\bin\debug\chesstests.dll" id="072141a6-213d-f7c1-ad94-78892f83b7a0">
      <Execution timeOut="1800000" id="348502cf-69ae-4784-ada2-fb12f029212f" />
      <TestMethod codeBase="C:/Users/ShaneH/Documents/Visual Studio 2012/Projects/Chess/ChessTests/bin/Debug/ChessTests.dll" adapterTypeName="Microsoft.VisualStudio.TestTools.TestTypes.Unit.UnitTestAdapter, Microsoft.VisualStudio.QualityTools.Tips.UnitTest.Adapter, Version=11.0.0.0, Culture=neutral, PublicKeyToken=b03f5f7f11d50a3a" className="ChessTests.PawnTests, ChessTests, Version=1.0.0.0, Culture=neutral, PublicKeyToken=null" name="blackPawnCanMoveTwoSpacesAtStart" />
    </UnitTest>
    <UnitTest name="canMoveWhiteKnightLeftDown" storage="..\chesstests\bin\debug\chesstests.dll" id="cf3b5912-6ae6-e0a1-b350-a9a883f44204">
      <Execution timeOut="1800000" id="2a2244a5-d104-42db-b466-582c64d6b95f" />
      <TestMethod codeBase="C:/Users/ShaneH/Documents/Visual Studio 2012/Projects/Chess/ChessTests/bin/Debug/ChessTests.dll" adapterTypeName="Microsoft.VisualStudio.TestTools.TestTypes.Unit.UnitTestAdapter, Microsoft.VisualStudio.QualityTools.Tips.UnitTest.Adapter, Version=11.0.0.0, Culture=neutral, PublicKeyToken=b03f5f7f11d50a3a" className="ChessTests.KnightTests, ChessTests, Version=1.0.0.0, Culture=neutral, PublicKeyToken=null" name="canMoveWhiteKnightLeftDown" />
    </UnitTest>
    <UnitTest name="canMoveBlackKnightRightUp" storage="..\chesstests\bin\debug\chesstests.dll" id="b6442f0f-5bfd-8c1c-ad13-f1d69b3a8a06">
      <Execution timeOut="1800000" id="cd7105ef-034c-487e-ab35-70f29fa11512" />
      <TestMethod codeBase="C:/Users/ShaneH/Documents/Visual Studio 2012/Projects/Chess/ChessTests/bin/Debug/ChessTests.dll" adapterTypeName="Microsoft.VisualStudio.TestTools.TestTypes.Unit.UnitTestAdapter, Microsoft.VisualStudio.QualityTools.Tips.UnitTest.Adapter, Version=11.0.0.0, Culture=neutral, PublicKeyToken=b03f5f7f11d50a3a" className="ChessTests.KnightTests, ChessTests, Version=1.0.0.0, Culture=neutral, PublicKeyToken=null" name="canMoveBlackKnightRightUp" />
    </UnitTest>
    <UnitTest name="whitePawnCannotTakeEmptyPieceLeft" storage="..\chesstests\bin\debug\chesstests.dll" id="76d2cb65-6735-d8b0-b056-6bd2e46786ef">
      <Execution timeOut="1800000" id="04878acf-bca3-4181-a927-3aa4beb62fd0" />
      <TestMethod codeBase="C:/Users/ShaneH/Documents/Visual Studio 2012/Projects/Chess/ChessTests/bin/Debug/ChessTests.dll" adapterTypeName="Microsoft.VisualStudio.TestTools.TestTypes.Unit.UnitTestAdapter, Microsoft.VisualStudio.QualityTools.Tips.UnitTest.Adapter, Version=11.0.0.0, Culture=neutral, PublicKeyToken=b03f5f7f11d50a3a" className="ChessTests.PawnTests, ChessTests, Version=1.0.0.0, Culture=neutral, PublicKeyToken=null" name="whitePawnCannotTakeEmptyPieceLeft" />
    </UnitTest>
    <UnitTest name="arePawnsSetup" storage="..\chesstests\bin\debug\chesstests.dll" id="197972f7-6197-faf7-a2b7-9fae8c675127">
      <Execution timeOut="1800000" id="04039593-146b-4689-98e7-585cc44f13d2" />
      <TestMethod codeBase="C:/Users/ShaneH/Documents/Visual Studio 2012/Projects/Chess/ChessTests/bin/Debug/ChessTests.dll" adapterTypeName="Microsoft.VisualStudio.TestTools.TestTypes.Unit.UnitTestAdapter, Microsoft.VisualStudio.QualityTools.Tips.UnitTest.Adapter, Version=11.0.0.0, Culture=neutral, PublicKeyToken=b03f5f7f11d50a3a" className="ChessTests.ChessTests, ChessTests, Version=1.0.0.0, Culture=neutral, PublicKeyToken=null" name="arePawnsSetup" />
    </UnitTest>
    <UnitTest name="whitePawnCannotTakeEmptyPieceRight" storage="..\chesstests\bin\debug\chesstests.dll" id="85ab3335-8bf0-ecfa-98f7-0db700370fe2">
      <Execution timeOut="1800000" id="21393554-54b2-4ebe-8a00-96b4d318b0ac" />
      <TestMethod codeBase="C:/Users/ShaneH/Documents/Visual Studio 2012/Projects/Chess/ChessTests/bin/Debug/ChessTests.dll" adapterTypeName="Microsoft.VisualStudio.TestTools.TestTypes.Unit.UnitTestAdapter, Microsoft.VisualStudio.QualityTools.Tips.UnitTest.Adapter, Version=11.0.0.0, Culture=neutral, PublicKeyToken=b03f5f7f11d50a3a" className="ChessTests.PawnTests, ChessTests, Version=1.0.0.0, Culture=neutral, PublicKeyToken=null" name="whitePawnCannotTakeEmptyPieceRight" />
    </UnitTest>
    <UnitTest name="blackCannotTakeEmptyPieceLeft" storage="..\chesstests\bin\debug\chesstests.dll" id="0c39fefa-5032-d364-0d53-99bb085e0982">
      <Execution timeOut="1800000" id="d08dd82d-59e5-4f8a-8181-ca86040c69d6" />
      <TestMethod codeBase="C:/Users/ShaneH/Documents/Visual Studio 2012/Projects/Chess/ChessTests/bin/Debug/ChessTests.dll" adapterTypeName="Microsoft.VisualStudio.TestTools.TestTypes.Unit.UnitTestAdapter, Microsoft.VisualStudio.QualityTools.Tips.UnitTest.Adapter, Version=11.0.0.0, Culture=neutral, PublicKeyToken=b03f5f7f11d50a3a" className="ChessTests.PawnTests, ChessTests, Version=1.0.0.0, Culture=neutral, PublicKeyToken=null" name="blackCannotTakeEmptyPieceLeft" />
    </UnitTest>
    <UnitTest name="getExceptionWhenSelectCellNegativeRow" storage="..\chesstests\bin\debug\chesstests.dll" id="b899b54b-1fed-9cb3-745e-fba087b88573">
      <Execution timeOut="1800000" id="c3e3fbef-f371-4996-bc7e-11803e6de565" />
      <TestMethod codeBase="C:/Users/ShaneH/Documents/Visual Studio 2012/Projects/Chess/ChessTests/bin/Debug/ChessTests.dll" adapterTypeName="Microsoft.VisualStudio.TestTools.TestTypes.Unit.UnitTestAdapter, Microsoft.VisualStudio.QualityTools.Tips.UnitTest.Adapter, Version=11.0.0.0, Culture=neutral, PublicKeyToken=b03f5f7f11d50a3a" className="ChessTests.ChessTests, ChessTests, Version=1.0.0.0, Culture=neutral, PublicKeyToken=null" name="getExceptionWhenSelectCellNegativeRow" />
    </UnitTest>
    <UnitTest name="canTakePawnEnPassantRight" storage="..\chesstests\bin\debug\chesstests.dll" id="77a8b315-06d4-5fac-05d9-90fcccdac88f">
      <Execution timeOut="1800000" id="4aa89b0a-ecae-4231-b859-207999462e56" />
      <TestMethod codeBase="C:/Users/ShaneH/Documents/Visual Studio 2012/Projects/Chess/ChessTests/bin/Debug/ChessTests.dll" adapterTypeName="Microsoft.VisualStudio.TestTools.TestTypes.Unit.UnitTestAdapter, Microsoft.VisualStudio.QualityTools.Tips.UnitTest.Adapter, Version=11.0.0.0, Culture=neutral, PublicKeyToken=b03f5f7f11d50a3a" className="ChessTests.PawnTests, ChessTests, Version=1.0.0.0, Culture=neutral, PublicKeyToken=null" name="canTakePawnEnPassantRight" />
    </UnitTest>
    <UnitTest name="canMoveWhiteRookeHorizontallyLeft" storage="..\chesstests\bin\debug\chesstests.dll" id="b9c436ed-8dd8-bc86-8f71-4fabbe67047a">
      <Execution timeOut="1800000" id="4eafcdb1-76bf-4f55-b21a-decf51b375da" />
      <TestMethod codeBase="C:/Users/ShaneH/Documents/Visual Studio 2012/Projects/Chess/ChessTests/bin/Debug/ChessTests.dll" adapterTypeName="Microsoft.VisualStudio.TestTools.TestTypes.Unit.UnitTestAdapter, Microsoft.VisualStudio.QualityTools.Tips.UnitTest.Adapter, Version=11.0.0.0, Culture=neutral, PublicKeyToken=b03f5f7f11d50a3a" className="ChessTests.RookeTests, ChessTests, Version=1.0.0.0, Culture=neutral, PublicKeyToken=null" name="canMoveWhiteRookeHorizontallyLeft" />
    </UnitTest>
    <UnitTest name="invalidMoveGivesCorrectPieceName" storage="..\chesstests\bin\debug\chesstests.dll" id="070484d8-b78f-e4c9-05d6-cba7187facb9">
      <Execution timeOut="1800000" id="e4f542b1-3d54-4a67-95db-586b7481fe5f" />
      <TestMethod codeBase="C:/Users/ShaneH/Documents/Visual Studio 2012/Projects/Chess/ChessTests/bin/Debug/ChessTests.dll" adapterTypeName="Microsoft.VisualStudio.TestTools.TestTypes.Unit.UnitTestAdapter, Microsoft.VisualStudio.QualityTools.Tips.UnitTest.Adapter, Version=11.0.0.0, Culture=neutral, PublicKeyToken=b03f5f7f11d50a3a" className="ChessTests.KnightTests, ChessTests, Version=1.0.0.0, Culture=neutral, PublicKeyToken=null" name="invalidMoveGivesCorrectPieceName" />
    </UnitTest>
    <UnitTest name="cannotCaptureOwnPieceVerticallyDown" storage="..\chesstests\bin\debug\chesstests.dll" id="bf075d77-5fe1-ee4d-fe49-2ee12940b16b">
      <Execution timeOut="1800000" id="0ddd9118-cbf6-4399-abd1-8fea5b78df95" />
      <TestMethod codeBase="C:/Users/ShaneH/Documents/Visual Studio 2012/Projects/Chess/ChessTests/bin/Debug/ChessTests.dll" adapterTypeName="Microsoft.VisualStudio.TestTools.TestTypes.Unit.UnitTestAdapter, Microsoft.VisualStudio.QualityTools.Tips.UnitTest.Adapter, Version=11.0.0.0, Culture=neutral, PublicKeyToken=b03f5f7f11d50a3a" className="ChessTests.RookeTests, ChessTests, Version=1.0.0.0, Culture=neutral, PublicKeyToken=null" name="cannotCaptureOwnPieceVerticallyDown" />
    </UnitTest>
    <UnitTest name="moveEnPassantLeftNotImmediateThrowError" storage="..\chesstests\bin\debug\chesstests.dll" id="6d29da73-1392-f864-ac11-db455215ce75">
      <Execution timeOut="1800000" id="6f68b78b-1b2c-4b1f-a282-1c789e32d22d" />
      <TestMethod codeBase="C:/Users/ShaneH/Documents/Visual Studio 2012/Projects/Chess/ChessTests/bin/Debug/ChessTests.dll" adapterTypeName="Microsoft.VisualStudio.TestTools.TestTypes.Unit.UnitTestAdapter, Microsoft.VisualStudio.QualityTools.Tips.UnitTest.Adapter, Version=11.0.0.0, Culture=neutral, PublicKeyToken=b03f5f7f11d50a3a" className="ChessTests.PawnTests, ChessTests, Version=1.0.0.0, Culture=neutral, PublicKeyToken=null" name="moveEnPassantLeftNotImmediateThrowError" />
    </UnitTest>
    <UnitTest name="moveEnPassantLeftRemovesPiece" storage="..\chesstests\bin\debug\chesstests.dll" id="4f8f2480-799b-0be7-4437-c1ecf75fbaa1">
      <Execution timeOut="1800000" id="5d4f199a-dbc0-4bab-a2a7-a28552aaaee8" />
      <TestMethod codeBase="C:/Users/ShaneH/Documents/Visual Studio 2012/Projects/Chess/ChessTests/bin/Debug/ChessTests.dll" adapterTypeName="Microsoft.VisualStudio.TestTools.TestTypes.Unit.UnitTestAdapter, Microsoft.VisualStudio.QualityTools.Tips.UnitTest.Adapter, Version=11.0.0.0, Culture=neutral, PublicKeyToken=b03f5f7f11d50a3a" className="ChessTests.PawnTests, ChessTests, Version=1.0.0.0, Culture=neutral, PublicKeyToken=null" name="moveEnPassantLeftRemovesPiece" />
    </UnitTest>
    <UnitTest name="cannotTakeOwnPieceDiagLeft" storage="..\chesstests\bin\debug\chesstests.dll" id="17c89217-fc60-adea-d5e7-d8f5759cacf3">
      <Execution timeOut="1800000" id="c4be4a51-60bd-4dac-9f1e-60e2020e2a74" />
      <TestMethod codeBase="C:/Users/ShaneH/Documents/Visual Studio 2012/Projects/Chess/ChessTests/bin/Debug/ChessTests.dll" adapterTypeName="Microsoft.VisualStudio.TestTools.TestTypes.Unit.UnitTestAdapter, Microsoft.VisualStudio.QualityTools.Tips.UnitTest.Adapter, Version=11.0.0.0, Culture=neutral, PublicKeyToken=b03f5f7f11d50a3a" className="ChessTests.PawnTests, ChessTests, Version=1.0.0.0, Culture=neutral, PublicKeyToken=null" name="cannotTakeOwnPieceDiagLeft" />
    </UnitTest>
    <UnitTest name="getExceptionWhenSelectCellColTooLarge" storage="..\chesstests\bin\debug\chesstests.dll" id="a5cecf0f-42c5-3103-c37e-7de0c32f1d40">
      <Execution timeOut="1800000" id="47069da5-8f88-4fbc-9366-86cf081b7c2a" />
      <TestMethod codeBase="C:/Users/ShaneH/Documents/Visual Studio 2012/Projects/Chess/ChessTests/bin/Debug/ChessTests.dll" adapterTypeName="Microsoft.VisualStudio.TestTools.TestTypes.Unit.UnitTestAdapter, Microsoft.VisualStudio.QualityTools.Tips.UnitTest.Adapter, Version=11.0.0.0, Culture=neutral, PublicKeyToken=b03f5f7f11d50a3a" className="ChessTests.ChessTests, ChessTests, Version=1.0.0.0, Culture=neutral, PublicKeyToken=null" name="getExceptionWhenSelectCellColTooLarge" />
    </UnitTest>
    <UnitTest name="canMoveBlackRookeHorizontallyRight" storage="..\chesstests\bin\debug\chesstests.dll" id="e4fdf7b7-fbc8-2aec-924b-d61622bf4a88">
      <Execution timeOut="1800000" id="a076f03c-0e1a-435e-9f7b-bc684ce19abc" />
      <TestMethod codeBase="C:/Users/ShaneH/Documents/Visual Studio 2012/Projects/Chess/ChessTests/bin/Debug/ChessTests.dll" adapterTypeName="Microsoft.VisualStudio.TestTools.TestTypes.Unit.UnitTestAdapter, Microsoft.VisualStudio.QualityTools.Tips.UnitTest.Adapter, Version=11.0.0.0, Culture=neutral, PublicKeyToken=b03f5f7f11d50a3a" className="ChessTests.RookeTests, ChessTests, Version=1.0.0.0, Culture=neutral, PublicKeyToken=null" name="canMoveBlackRookeHorizontallyRight" />
    </UnitTest>
    <UnitTest name="canMoveBlackKnightLeftUp" storage="..\chesstests\bin\debug\chesstests.dll" id="89133348-f31e-9131-8497-14e1440854d8">
      <Execution timeOut="1800000" id="4aaa80f7-1b7c-4a4a-874f-c7889c4c2c36" />
      <TestMethod codeBase="C:/Users/ShaneH/Documents/Visual Studio 2012/Projects/Chess/ChessTests/bin/Debug/ChessTests.dll" adapterTypeName="Microsoft.VisualStudio.TestTools.TestTypes.Unit.UnitTestAdapter, Microsoft.VisualStudio.QualityTools.Tips.UnitTest.Adapter, Version=11.0.0.0, Culture=neutral, PublicKeyToken=b03f5f7f11d50a3a" className="ChessTests.KnightTests, ChessTests, Version=1.0.0.0, Culture=neutral, PublicKeyToken=null" name="canMoveBlackKnightLeftUp" />
    </UnitTest>
    <UnitTest name="canMoveQueenDiagDownLeft" storage="..\chesstests\bin\debug\chesstests.dll" id="2d6867c6-934d-12ca-881f-8ca2af17d2e4">
      <Execution timeOut="1800000" id="7fcec770-0ce7-4138-84a2-c18efc7fd018" />
      <TestMethod codeBase="C:/Users/ShaneH/Documents/Visual Studio 2012/Projects/Chess/ChessTests/bin/Debug/ChessTests.dll" adapterTypeName="Microsoft.VisualStudio.TestTools.TestTypes.Unit.UnitTestAdapter, Microsoft.VisualStudio.QualityTools.Tips.UnitTest.Adapter, Version=11.0.0.0, Culture=neutral, PublicKeyToken=b03f5f7f11d50a3a" className="ChessTests.QueenTests, ChessTests, Version=1.0.0.0, Culture=neutral, PublicKeyToken=null" name="canMoveQueenDiagDownLeft" />
    </UnitTest>
    <UnitTest name="cannotCaptureOwnPieceVerticallyUp" storage="..\chesstests\bin\debug\chesstests.dll" id="0e7eb3a4-171d-8697-3451-91c26cec15db">
      <Execution timeOut="1800000" id="0657a3f7-222c-41d6-ad8e-b4157804cf65" />
      <TestMethod codeBase="C:/Users/ShaneH/Documents/Visual Studio 2012/Projects/Chess/ChessTests/bin/Debug/ChessTests.dll" adapterTypeName="Microsoft.VisualStudio.TestTools.TestTypes.Unit.UnitTestAdapter, Microsoft.VisualStudio.QualityTools.Tips.UnitTest.Adapter, Version=11.0.0.0, Culture=neutral, PublicKeyToken=b03f5f7f11d50a3a" className="ChessTests.RookeTests, ChessTests, Version=1.0.0.0, Culture=neutral, PublicKeyToken=null" name="cannotCaptureOwnPieceVerticallyUp" />
    </UnitTest>
    <UnitTest name="exceptionWhenMoveTooLargeRow" storage="..\chesstests\bin\debug\chesstests.dll" id="2622fed3-4e63-071a-2d6d-7db13abf1a89">
      <Execution timeOut="1800000" id="66d3900f-2752-45b9-83ce-78bb533cb3e7" />
      <TestMethod codeBase="C:/Users/ShaneH/Documents/Visual Studio 2012/Projects/Chess/ChessTests/bin/Debug/ChessTests.dll" adapterTypeName="Microsoft.VisualStudio.TestTools.TestTypes.Unit.UnitTestAdapter, Microsoft.VisualStudio.QualityTools.Tips.UnitTest.Adapter, Version=11.0.0.0, Culture=neutral, PublicKeyToken=b03f5f7f11d50a3a" className="ChessTests.ChessTests, ChessTests, Version=1.0.0.0, Culture=neutral, PublicKeyToken=null" name="exceptionWhenMoveTooLargeRow" />
    </UnitTest>
    <UnitTest name="invalidMoveGivesCorrectPieceName" storage="..\chesstests\bin\debug\chesstests.dll" id="0135c415-d464-98bd-b8b3-bd9c939f3dde">
      <Execution timeOut="1800000" id="eeedad99-7c09-40ce-afec-16f49929c81f" />
      <TestMethod codeBase="C:/Users/ShaneH/Documents/Visual Studio 2012/Projects/Chess/ChessTests/bin/Debug/ChessTests.dll" adapterTypeName="Microsoft.VisualStudio.TestTools.TestTypes.Unit.UnitTestAdapter, Microsoft.VisualStudio.QualityTools.Tips.UnitTest.Adapter, Version=11.0.0.0, Culture=neutral, PublicKeyToken=b03f5f7f11d50a3a" className="ChessTests.BishopTests, ChessTests, Version=1.0.0.0, Culture=neutral, PublicKeyToken=null" name="invalidMoveGivesCorrectPieceName" />
    </UnitTest>
    <UnitTest name="cannotTakeOwnPieceDiagRight" storage="..\chesstests\bin\debug\chesstests.dll" id="557ea181-0881-47c7-90a7-baa142d9c0b1">
      <Execution timeOut="1800000" id="9427d25c-6d88-44ae-933c-69399f383fca" />
      <TestMethod codeBase="C:/Users/ShaneH/Documents/Visual Studio 2012/Projects/Chess/ChessTests/bin/Debug/ChessTests.dll" adapterTypeName="Microsoft.VisualStudio.TestTools.TestTypes.Unit.UnitTestAdapter, Microsoft.VisualStudio.QualityTools.Tips.UnitTest.Adapter, Version=11.0.0.0, Culture=neutral, PublicKeyToken=b03f5f7f11d50a3a" className="ChessTests.PawnTests, ChessTests, Version=1.0.0.0, Culture=neutral, PublicKeyToken=null" name="cannotTakeOwnPieceDiagRight" />
    </UnitTest>
    <UnitTest name="canMoveWhiteKnightRightDown" storage="..\chesstests\bin\debug\chesstests.dll" id="b1cacb72-0763-fed2-dae6-92a0ddd885e0">
      <Execution timeOut="1800000" id="c4bce34d-ad9b-4d00-8f9f-0d370183049c" />
      <TestMethod codeBase="C:/Users/ShaneH/Documents/Visual Studio 2012/Projects/Chess/ChessTests/bin/Debug/ChessTests.dll" adapterTypeName="Microsoft.VisualStudio.TestTools.TestTypes.Unit.UnitTestAdapter, Microsoft.VisualStudio.QualityTools.Tips.UnitTest.Adapter, Version=11.0.0.0, Culture=neutral, PublicKeyToken=b03f5f7f11d50a3a" className="ChessTests.KnightTests, ChessTests, Version=1.0.0.0, Culture=neutral, PublicKeyToken=null" name="canMoveWhiteKnightRightDown" />
    </UnitTest>
    <UnitTest name="cannotMoveOneForwardWhenPieceInTheWay" storage="..\chesstests\bin\debug\chesstests.dll" id="e4425b0f-0cb4-e465-5faf-5fa77fa81a46">
      <Execution timeOut="1800000" id="8a605085-66a9-4dc6-b88d-8efb4f26694a" />
      <TestMethod codeBase="C:/Users/ShaneH/Documents/Visual Studio 2012/Projects/Chess/ChessTests/bin/Debug/ChessTests.dll" adapterTypeName="Microsoft.VisualStudio.TestTools.TestTypes.Unit.UnitTestAdapter, Microsoft.VisualStudio.QualityTools.Tips.UnitTest.Adapter, Version=11.0.0.0, Culture=neutral, PublicKeyToken=b03f5f7f11d50a3a" className="ChessTests.PawnTests, ChessTests, Version=1.0.0.0, Culture=neutral, PublicKeyToken=null" name="cannotMoveOneForwardWhenPieceInTheWay" />
    </UnitTest>
    <UnitTest name="canMoveBlackKnightRightDown" storage="..\chesstests\bin\debug\chesstests.dll" id="da7f9d67-6583-5b93-3103-caab5031e2e0">
      <Execution timeOut="1800000" id="9dd92f9f-3e2c-4eaf-ad04-5cac72a7c85f" />
      <TestMethod codeBase="C:/Users/ShaneH/Documents/Visual Studio 2012/Projects/Chess/ChessTests/bin/Debug/ChessTests.dll" adapterTypeName="Microsoft.VisualStudio.TestTools.TestTypes.Unit.UnitTestAdapter, Microsoft.VisualStudio.QualityTools.Tips.UnitTest.Adapter, Version=11.0.0.0, Culture=neutral, PublicKeyToken=b03f5f7f11d50a3a" className="ChessTests.KnightTests, ChessTests, Version=1.0.0.0, Culture=neutral, PublicKeyToken=null" name="canMoveBlackKnightRightDown" />
    </UnitTest>
    <UnitTest name="canMoveBlackKnightUpRight" storage="..\chesstests\bin\debug\chesstests.dll" id="aec32abe-a9a4-ee33-7558-1c7c2a3fabec">
      <Execution timeOut="1800000" id="11e0c429-c197-491b-afd4-852fa57a4201" />
      <TestMethod codeBase="C:/Users/ShaneH/Documents/Visual Studio 2012/Projects/Chess/ChessTests/bin/Debug/ChessTests.dll" adapterTypeName="Microsoft.VisualStudio.TestTools.TestTypes.Unit.UnitTestAdapter, Microsoft.VisualStudio.QualityTools.Tips.UnitTest.Adapter, Version=11.0.0.0, Culture=neutral, PublicKeyToken=b03f5f7f11d50a3a" className="ChessTests.KnightTests, ChessTests, Version=1.0.0.0, Culture=neutral, PublicKeyToken=null" name="canMoveBlackKnightUpRight" />
    </UnitTest>
    <UnitTest name="canMoveWhiteBishopDiagonalUpLeftNoObstructions" storage="..\chesstests\bin\debug\chesstests.dll" id="87b4a0e4-779f-40d0-ae2d-3dbb1b295cb5">
      <Execution timeOut="1800000" id="957a0891-40b5-48c8-beb2-33538ef1df9d" />
      <TestMethod codeBase="C:/Users/ShaneH/Documents/Visual Studio 2012/Projects/Chess/ChessTests/bin/Debug/ChessTests.dll" adapterTypeName="Microsoft.VisualStudio.TestTools.TestTypes.Unit.UnitTestAdapter, Microsoft.VisualStudio.QualityTools.Tips.UnitTest.Adapter, Version=11.0.0.0, Culture=neutral, PublicKeyToken=b03f5f7f11d50a3a" className="ChessTests.BishopTests, ChessTests, Version=1.0.0.0, Culture=neutral, PublicKeyToken=null" name="canMoveWhiteBishopDiagonalUpLeftNoObstructions" />
    </UnitTest>
    <UnitTest name="cannotMove2AtStartIfPieceInTheWay" storage="..\chesstests\bin\debug\chesstests.dll" id="2ead5f87-4f49-9731-8b7d-274f7728f6ce">
      <Execution timeOut="1800000" id="6b669b4c-4fa6-4331-b0a6-7cdef8415bea" />
      <TestMethod codeBase="C:/Users/ShaneH/Documents/Visual Studio 2012/Projects/Chess/ChessTests/bin/Debug/ChessTests.dll" adapterTypeName="Microsoft.VisualStudio.TestTools.TestTypes.Unit.UnitTestAdapter, Microsoft.VisualStudio.QualityTools.Tips.UnitTest.Adapter, Version=11.0.0.0, Culture=neutral, PublicKeyToken=b03f5f7f11d50a3a" className="ChessTests.PawnTests, ChessTests, Version=1.0.0.0, Culture=neutral, PublicKeyToken=null" name="cannotMove2AtStartIfPieceInTheWay" />
    </UnitTest>
    <UnitTest name="cannotCaptureOwnPieceLeftTop" storage="..\chesstests\bin\debug\chesstests.dll" id="40d1b41f-84e9-0b2b-3898-954b6294bb34">
      <Execution timeOut="1800000" id="593df1c8-7b96-4179-97e6-734d879b35a7" />
      <TestMethod codeBase="C:/Users/ShaneH/Documents/Visual Studio 2012/Projects/Chess/ChessTests/bin/Debug/ChessTests.dll" adapterTypeName="Microsoft.VisualStudio.TestTools.TestTypes.Unit.UnitTestAdapter, Microsoft.VisualStudio.QualityTools.Tips.UnitTest.Adapter, Version=11.0.0.0, Culture=neutral, PublicKeyToken=b03f5f7f11d50a3a" className="ChessTests.KnightTests, ChessTests, Version=1.0.0.0, Culture=neutral, PublicKeyToken=null" name="cannotCaptureOwnPieceLeftTop" />
    </UnitTest>
    <UnitTest name="canMoveBlackBishopDiagonallyDownLeftNoObstructions" storage="..\chesstests\bin\debug\chesstests.dll" id="b1d1289f-9e7e-87c4-873a-568aec1ab10b">
      <Execution timeOut="1800000" id="efd641bc-b22a-4338-983e-3c6d8d0b8a22" />
      <TestMethod codeBase="C:/Users/ShaneH/Documents/Visual Studio 2012/Projects/Chess/ChessTests/bin/Debug/ChessTests.dll" adapterTypeName="Microsoft.VisualStudio.TestTools.TestTypes.Unit.UnitTestAdapter, Microsoft.VisualStudio.QualityTools.Tips.UnitTest.Adapter, Version=11.0.0.0, Culture=neutral, PublicKeyToken=b03f5f7f11d50a3a" className="ChessTests.BishopTests, ChessTests, Version=1.0.0.0, Culture=neutral, PublicKeyToken=null" name="canMoveBlackBishopDiagonallyDownLeftNoObstructions" />
    </UnitTest>
    <UnitTest name="canBlackPawnMoveOneSpaceForward" storage="..\chesstests\bin\debug\chesstests.dll" id="74218563-c78e-d800-7101-79460a2a54a4">
      <Execution timeOut="1800000" id="152ca6d5-bf4b-4d5b-8b49-dd887baa76d2" />
      <TestMethod codeBase="C:/Users/ShaneH/Documents/Visual Studio 2012/Projects/Chess/ChessTests/bin/Debug/ChessTests.dll" adapterTypeName="Microsoft.VisualStudio.TestTools.TestTypes.Unit.UnitTestAdapter, Microsoft.VisualStudio.QualityTools.Tips.UnitTest.Adapter, Version=11.0.0.0, Culture=neutral, PublicKeyToken=b03f5f7f11d50a3a" className="ChessTests.PawnTests, ChessTests, Version=1.0.0.0, Culture=neutral, PublicKeyToken=null" name="canBlackPawnMoveOneSpaceForward" />
    </UnitTest>
    <UnitTest name="cannotCaptureOwnPieceHorizontallyLeft" storage="..\chesstests\bin\debug\chesstests.dll" id="cb05a3a8-7e11-2daa-70ae-bb6f6a2d1beb">
      <Execution timeOut="1800000" id="b6e5cc30-9f1a-4cfb-b51c-0834a969df95" />
      <TestMethod codeBase="C:/Users/ShaneH/Documents/Visual Studio 2012/Projects/Chess/ChessTests/bin/Debug/ChessTests.dll" adapterTypeName="Microsoft.VisualStudio.TestTools.TestTypes.Unit.UnitTestAdapter, Microsoft.VisualStudio.QualityTools.Tips.UnitTest.Adapter, Version=11.0.0.0, Culture=neutral, PublicKeyToken=b03f5f7f11d50a3a" className="ChessTests.RookeTests, ChessTests, Version=1.0.0.0, Culture=neutral, PublicKeyToken=null" name="cannotCaptureOwnPieceHorizontallyLeft" />
    </UnitTest>
    <UnitTest name="canMoveQueenHorizontallyRight" storage="..\chesstests\bin\debug\chesstests.dll" id="4a2195e8-be6f-2084-7664-243a4cb97e3b">
      <Execution timeOut="1800000" id="fe8d2a27-f02f-462e-ba11-6abc29548c69" />
      <TestMethod codeBase="C:/Users/ShaneH/Documents/Visual Studio 2012/Projects/Chess/ChessTests/bin/Debug/ChessTests.dll" adapterTypeName="Microsoft.VisualStudio.TestTools.TestTypes.Unit.UnitTestAdapter, Microsoft.VisualStudio.QualityTools.Tips.UnitTest.Adapter, Version=11.0.0.0, Culture=neutral, PublicKeyToken=b03f5f7f11d50a3a" className="ChessTests.QueenTests, ChessTests, Version=1.0.0.0, Culture=neutral, PublicKeyToken=null" name="canMoveQueenHorizontallyRight" />
    </UnitTest>
    <UnitTest name="canMoveWhiteKnightUpLeft" storage="..\chesstests\bin\debug\chesstests.dll" id="01e1d85e-511b-f54c-a1a1-900d1b604f70">
      <Execution timeOut="1800000" id="de0de130-47ed-41b2-9570-05ed0ec3dfcb" />
      <TestMethod codeBase="C:/Users/ShaneH/Documents/Visual Studio 2012/Projects/Chess/ChessTests/bin/Debug/ChessTests.dll" adapterTypeName="Microsoft.VisualStudio.TestTools.TestTypes.Unit.UnitTestAdapter, Microsoft.VisualStudio.QualityTools.Tips.UnitTest.Adapter, Version=11.0.0.0, Culture=neutral, PublicKeyToken=b03f5f7f11d50a3a" className="ChessTests.KnightTests, ChessTests, Version=1.0.0.0, Culture=neutral, PublicKeyToken=null" name="canMoveWhiteKnightUpLeft" />
    </UnitTest>
    <UnitTest name="areBishopsSetup" storage="..\chesstests\bin\debug\chesstests.dll" id="59322b24-fed2-1448-d0b4-50356cfcbb98">
      <Execution timeOut="1800000" id="4731b25d-3467-4e32-9eb1-ff0a51dc1606" />
      <TestMethod codeBase="C:/Users/ShaneH/Documents/Visual Studio 2012/Projects/Chess/ChessTests/bin/Debug/ChessTests.dll" adapterTypeName="Microsoft.VisualStudio.TestTools.TestTypes.Unit.UnitTestAdapter, Microsoft.VisualStudio.QualityTools.Tips.UnitTest.Adapter, Version=11.0.0.0, Culture=neutral, PublicKeyToken=b03f5f7f11d50a3a" className="ChessTests.ChessTests, ChessTests, Version=1.0.0.0, Culture=neutral, PublicKeyToken=null" name="areBishopsSetup" />
    </UnitTest>
    <UnitTest name="canMoveBlackBishipDiagonalUpRightNoObstructions" storage="..\chesstests\bin\debug\chesstests.dll" id="bab2dab8-39f1-b478-4ef5-4dc0427dc7d9">
      <Execution timeOut="1800000" id="2e0624ea-492f-4574-bdb9-32a9b59ffe67" />
      <TestMethod codeBase="C:/Users/ShaneH/Documents/Visual Studio 2012/Projects/Chess/ChessTests/bin/Debug/ChessTests.dll" adapterTypeName="Microsoft.VisualStudio.TestTools.TestTypes.Unit.UnitTestAdapter, Microsoft.VisualStudio.QualityTools.Tips.UnitTest.Adapter, Version=11.0.0.0, Culture=neutral, PublicKeyToken=b03f5f7f11d50a3a" className="ChessTests.BishopTests, ChessTests, Version=1.0.0.0, Culture=neutral, PublicKeyToken=null" name="canMoveBlackBishipDiagonalUpRightNoObstructions" />
    </UnitTest>
    <UnitTest name="canMoveBlackKnightUpLeft" storage="..\chesstests\bin\debug\chesstests.dll" id="dec0744b-b5da-6a4d-ad0a-355a63963703">
      <Execution timeOut="1800000" id="d589e241-e957-4984-96d9-fed753d1f1db" />
      <TestMethod codeBase="C:/Users/ShaneH/Documents/Visual Studio 2012/Projects/Chess/ChessTests/bin/Debug/ChessTests.dll" adapterTypeName="Microsoft.VisualStudio.TestTools.TestTypes.Unit.UnitTestAdapter, Microsoft.VisualStudio.QualityTools.Tips.UnitTest.Adapter, Version=11.0.0.0, Culture=neutral, PublicKeyToken=b03f5f7f11d50a3a" className="ChessTests.KnightTests, ChessTests, Version=1.0.0.0, Culture=neutral, PublicKeyToken=null" name="canMoveBlackKnightUpLeft" />
    </UnitTest>
    <UnitTest name="canMoveWhiteKnightRightUp" storage="..\chesstests\bin\debug\chesstests.dll" id="b48545f1-36d0-2752-215f-8475388c03a6">
      <Execution timeOut="1800000" id="4a2350be-07b0-4072-86d0-81626ec908af" />
      <TestMethod codeBase="C:/Users/ShaneH/Documents/Visual Studio 2012/Projects/Chess/ChessTests/bin/Debug/ChessTests.dll" adapterTypeName="Microsoft.VisualStudio.TestTools.TestTypes.Unit.UnitTestAdapter, Microsoft.VisualStudio.QualityTools.Tips.UnitTest.Adapter, Version=11.0.0.0, Culture=neutral, PublicKeyToken=b03f5f7f11d50a3a" className="ChessTests.KnightTests, ChessTests, Version=1.0.0.0, Culture=neutral, PublicKeyToken=null" name="canMoveWhiteKnightRightUp" />
    </UnitTest>
    <UnitTest name="whitePawnCannotTakeTwoRowsForwardAtStart" storage="..\chesstests\bin\debug\chesstests.dll" id="f1502619-456c-8ace-3118-e479f255cb31">
      <Execution timeOut="1800000" id="aaeff39b-9bf6-4b07-b0f1-250860f178ff" />
      <TestMethod codeBase="C:/Users/ShaneH/Documents/Visual Studio 2012/Projects/Chess/ChessTests/bin/Debug/ChessTests.dll" adapterTypeName="Microsoft.VisualStudio.TestTools.TestTypes.Unit.UnitTestAdapter, Microsoft.VisualStudio.QualityTools.Tips.UnitTest.Adapter, Version=11.0.0.0, Culture=neutral, PublicKeyToken=b03f5f7f11d50a3a" className="ChessTests.PawnTests, ChessTests, Version=1.0.0.0, Culture=neutral, PublicKeyToken=null" name="whitePawnCannotTakeTwoRowsForwardAtStart" />
    </UnitTest>
    <UnitTest name="cannotCaptureOwnPieceRightTop" storage="..\chesstests\bin\debug\chesstests.dll" id="84067fc2-a576-9ac6-6f3c-59ca7fae01b3">
      <Execution timeOut="1800000" id="1c0a9fab-e592-40b9-88a1-467aad6d6fe0" />
      <TestMethod codeBase="C:/Users/ShaneH/Documents/Visual Studio 2012/Projects/Chess/ChessTests/bin/Debug/ChessTests.dll" adapterTypeName="Microsoft.VisualStudio.TestTools.TestTypes.Unit.UnitTestAdapter, Microsoft.VisualStudio.QualityTools.Tips.UnitTest.Adapter, Version=11.0.0.0, Culture=neutral, PublicKeyToken=b03f5f7f11d50a3a" className="ChessTests.KnightTests, ChessTests, Version=1.0.0.0, Culture=neutral, PublicKeyToken=null" name="cannotCaptureOwnPieceRightTop" />
    </UnitTest>
    <UnitTest name="areKingsSetup" storage="..\chesstests\bin\debug\chesstests.dll" id="f4c8b637-ea9c-8efa-a91b-fbb27555fab4">
      <Execution timeOut="1800000" id="3567de85-1d85-4b6b-8828-16ea3d233711" />
      <TestMethod codeBase="C:/Users/ShaneH/Documents/Visual Studio 2012/Projects/Chess/ChessTests/bin/Debug/ChessTests.dll" adapterTypeName="Microsoft.VisualStudio.TestTools.TestTypes.Unit.UnitTestAdapter, Microsoft.VisualStudio.QualityTools.Tips.UnitTest.Adapter, Version=11.0.0.0, Culture=neutral, PublicKeyToken=b03f5f7f11d50a3a" className="ChessTests.ChessTests, ChessTests, Version=1.0.0.0, Culture=neutral, PublicKeyToken=null" name="areKingsSetup" />
    </UnitTest>
    <UnitTest name="canMoveBlackKnightLeftDown" storage="..\chesstests\bin\debug\chesstests.dll" id="6cf57c02-d527-684a-9612-4d68bc5f29f6">
      <Execution timeOut="1800000" id="6a784d26-bfcd-40c6-9cbc-0ae7fd51eb78" />
      <TestMethod codeBase="C:/Users/ShaneH/Documents/Visual Studio 2012/Projects/Chess/ChessTests/bin/Debug/ChessTests.dll" adapterTypeName="Microsoft.VisualStudio.TestTools.TestTypes.Unit.UnitTestAdapter, Microsoft.VisualStudio.QualityTools.Tips.UnitTest.Adapter, Version=11.0.0.0, Culture=neutral, PublicKeyToken=b03f5f7f11d50a3a" className="ChessTests.KnightTests, ChessTests, Version=1.0.0.0, Culture=neutral, PublicKeyToken=null" name="canMoveBlackKnightLeftDown" />
    </UnitTest>
    <UnitTest name="canMoveWhiteRookeVerticallyDown" storage="..\chesstests\bin\debug\chesstests.dll" id="90e85dc8-3adb-5026-5221-e60e1c8ff937">
      <Execution timeOut="1800000" id="6bd6cd75-5d9a-4c41-b326-1659ea85b57e" />
      <TestMethod codeBase="C:/Users/ShaneH/Documents/Visual Studio 2012/Projects/Chess/ChessTests/bin/Debug/ChessTests.dll" adapterTypeName="Microsoft.VisualStudio.TestTools.TestTypes.Unit.UnitTestAdapter, Microsoft.VisualStudio.QualityTools.Tips.UnitTest.Adapter, Version=11.0.0.0, Culture=neutral, PublicKeyToken=b03f5f7f11d50a3a" className="ChessTests.RookeTests, ChessTests, Version=1.0.0.0, Culture=neutral, PublicKeyToken=null" name="canMoveWhiteRookeVerticallyDown" />
    </UnitTest>
    <UnitTest name="whitePawnCannotMoveBackwards" storage="..\chesstests\bin\debug\chesstests.dll" id="5e0522cb-aa6a-a547-6b61-65ded7b9398a">
      <Execution timeOut="1800000" id="490e7e7f-e0df-4831-925a-3585d33c46e7" />
      <TestMethod codeBase="C:/Users/ShaneH/Documents/Visual Studio 2012/Projects/Chess/ChessTests/bin/Debug/ChessTests.dll" adapterTypeName="Microsoft.VisualStudio.TestTools.TestTypes.Unit.UnitTestAdapter, Microsoft.VisualStudio.QualityTools.Tips.UnitTest.Adapter, Version=11.0.0.0, Culture=neutral, PublicKeyToken=b03f5f7f11d50a3a" className="ChessTests.PawnTests, ChessTests, Version=1.0.0.0, Culture=neutral, PublicKeyToken=null" name="whitePawnCannotMoveBackwards" />
    </UnitTest>
    <UnitTest name="cannotTakeOwnPieceDiagDownRight" storage="..\chesstests\bin\debug\chesstests.dll" id="f39b25bd-516f-7ee4-27f1-d563c9037b60">
      <Execution timeOut="1800000" id="e91d9875-3b79-4e7c-baa6-e0a82e31f846" />
      <TestMethod codeBase="C:/Users/ShaneH/Documents/Visual Studio 2012/Projects/Chess/ChessTests/bin/Debug/ChessTests.dll" adapterTypeName="Microsoft.VisualStudio.TestTools.TestTypes.Unit.UnitTestAdapter, Microsoft.VisualStudio.QualityTools.Tips.UnitTest.Adapter, Version=11.0.0.0, Culture=neutral, PublicKeyToken=b03f5f7f11d50a3a" className="ChessTests.BishopTests, ChessTests, Version=1.0.0.0, Culture=neutral, PublicKeyToken=null" name="cannotTakeOwnPieceDiagDownRight" />
    </UnitTest>
    <UnitTest name="cannotCaptureOwnPieceHorizontallyRight" storage="..\chesstests\bin\debug\chesstests.dll" id="4211946f-1506-577f-195b-18cb2fdd61ad">
      <Execution timeOut="1800000" id="1f7077b4-a78f-469b-b24a-eb49ecd382ba" />
      <TestMethod codeBase="C:/Users/ShaneH/Documents/Visual Studio 2012/Projects/Chess/ChessTests/bin/Debug/ChessTests.dll" adapterTypeName="Microsoft.VisualStudio.TestTools.TestTypes.Unit.UnitTestAdapter, Microsoft.VisualStudio.QualityTools.Tips.UnitTest.Adapter, Version=11.0.0.0, Culture=neutral, PublicKeyToken=b03f5f7f11d50a3a" className="ChessTests.RookeTests, ChessTests, Version=1.0.0.0, Culture=neutral, PublicKeyToken=null" name="cannotCaptureOwnPieceHorizontallyRight" />
    </UnitTest>
    <UnitTest name="canGetSelectedCell" storage="..\chesstests\bin\debug\chesstests.dll" id="8900ceac-b7b6-1032-98bc-f3e21d0abb21">
      <Execution timeOut="1800000" id="215f29c9-39c1-4dcb-9e9a-ec9bbe144ff9" />
      <TestMethod codeBase="C:/Users/ShaneH/Documents/Visual Studio 2012/Projects/Chess/ChessTests/bin/Debug/ChessTests.dll" adapterTypeName="Microsoft.VisualStudio.TestTools.TestTypes.Unit.UnitTestAdapter, Microsoft.VisualStudio.QualityTools.Tips.UnitTest.Adapter, Version=11.0.0.0, Culture=neutral, PublicKeyToken=b03f5f7f11d50a3a" className="ChessTests.ChessTests, ChessTests, Version=1.0.0.0, Culture=neutral, PublicKeyToken=null" name="canGetSelectedCell" />
    </UnitTest>
    <UnitTest name="blackPawnCanTakePieceLeft" storage="..\chesstests\bin\debug\chesstests.dll" id="31f39857-46fe-cad3-eea6-de16b677be95">
      <Execution timeOut="1800000" id="09b3502b-b60c-45ec-b04c-8ac7b0901630" />
      <TestMethod codeBase="C:/Users/ShaneH/Documents/Visual Studio 2012/Projects/Chess/ChessTests/bin/Debug/ChessTests.dll" adapterTypeName="Microsoft.VisualStudio.TestTools.TestTypes.Unit.UnitTestAdapter, Microsoft.VisualStudio.QualityTools.Tips.UnitTest.Adapter, Version=11.0.0.0, Culture=neutral, PublicKeyToken=b03f5f7f11d50a3a" className="ChessTests.PawnTests, ChessTests, Version=1.0.0.0, Culture=neutral, PublicKeyToken=null" name="blackPawnCanTakePieceLeft" />
    </UnitTest>
    <UnitTest name="invalidMoveGivesCorrectPieceName" storage="..\chesstests\bin\debug\chesstests.dll" id="3cb9b942-8fee-88ba-c03b-002cdc761005">
      <Execution timeOut="1800000" id="f33c3434-7675-446a-86e5-432f209aa490" />
      <TestMethod codeBase="C:/Users/ShaneH/Documents/Visual Studio 2012/Projects/Chess/ChessTests/bin/Debug/ChessTests.dll" adapterTypeName="Microsoft.VisualStudio.TestTools.TestTypes.Unit.UnitTestAdapter, Microsoft.VisualStudio.QualityTools.Tips.UnitTest.Adapter, Version=11.0.0.0, Culture=neutral, PublicKeyToken=b03f5f7f11d50a3a" className="ChessTests.RookeTests, ChessTests, Version=1.0.0.0, Culture=neutral, PublicKeyToken=null" name="invalidMoveGivesCorrectPieceName" />
    </UnitTest>
    <UnitTest name="canMoveWhiteRookeHorizontallyRight" storage="..\chesstests\bin\debug\chesstests.dll" id="64d13654-89e5-88f2-72b5-dc67279b010a">
      <Execution timeOut="1800000" id="8a1ec47e-18e9-4fe8-b237-bee32a7ce213" />
      <TestMethod codeBase="C:/Users/ShaneH/Documents/Visual Studio 2012/Projects/Chess/ChessTests/bin/Debug/ChessTests.dll" adapterTypeName="Microsoft.VisualStudio.TestTools.TestTypes.Unit.UnitTestAdapter, Microsoft.VisualStudio.QualityTools.Tips.UnitTest.Adapter, Version=11.0.0.0, Culture=neutral, PublicKeyToken=b03f5f7f11d50a3a" className="ChessTests.RookeTests, ChessTests, Version=1.0.0.0, Culture=neutral, PublicKeyToken=null" name="canMoveWhiteRookeHorizontallyRight" />
    </UnitTest>
    <UnitTest name="canMoveBlackKnightDownRight" storage="..\chesstests\bin\debug\chesstests.dll" id="5e1118ed-9b53-f770-8503-6b91f9e32547">
      <Execution timeOut="1800000" id="39337595-6255-4f7e-94bb-283951887268" />
      <TestMethod codeBase="C:/Users/ShaneH/Documents/Visual Studio 2012/Projects/Chess/ChessTests/bin/Debug/ChessTests.dll" adapterTypeName="Microsoft.VisualStudio.TestTools.TestTypes.Unit.UnitTestAdapter, Microsoft.VisualStudio.QualityTools.Tips.UnitTest.Adapter, Version=11.0.0.0, Culture=neutral, PublicKeyToken=b03f5f7f11d50a3a" className="ChessTests.KnightTests, ChessTests, Version=1.0.0.0, Culture=neutral, PublicKeyToken=null" name="canMoveBlackKnightDownRight" />
    </UnitTest>
    <UnitTest name="whitePawnCanTakePieceRight" storage="..\chesstests\bin\debug\chesstests.dll" id="efc90440-a3c1-87f7-fff9-787ea282e06e">
      <Execution timeOut="1800000" id="d1bf407d-6c47-4ee4-9075-272243ee25ce" />
      <TestMethod codeBase="C:/Users/ShaneH/Documents/Visual Studio 2012/Projects/Chess/ChessTests/bin/Debug/ChessTests.dll" adapterTypeName="Microsoft.VisualStudio.TestTools.TestTypes.Unit.UnitTestAdapter, Microsoft.VisualStudio.QualityTools.Tips.UnitTest.Adapter, Version=11.0.0.0, Culture=neutral, PublicKeyToken=b03f5f7f11d50a3a" className="ChessTests.PawnTests, ChessTests, Version=1.0.0.0, Culture=neutral, PublicKeyToken=null" name="whitePawnCanTakePieceRight" />
    </UnitTest>
    <UnitTest name="canMoveBlackRookeVerticallyDown" storage="..\chesstests\bin\debug\chesstests.dll" id="e792f20f-71d7-a991-5d57-f2e7cd212d47">
      <Execution timeOut="1800000" id="e0b92177-6d01-4048-8feb-6afdb49b05fd" />
      <TestMethod codeBase="C:/Users/ShaneH/Documents/Visual Studio 2012/Projects/Chess/ChessTests/bin/Debug/ChessTests.dll" adapterTypeName="Microsoft.VisualStudio.TestTools.TestTypes.Unit.UnitTestAdapter, Microsoft.VisualStudio.QualityTools.Tips.UnitTest.Adapter, Version=11.0.0.0, Culture=neutral, PublicKeyToken=b03f5f7f11d50a3a" className="ChessTests.RookeTests, ChessTests, Version=1.0.0.0, Culture=neutral, PublicKeyToken=null" name="canMoveBlackRookeVerticallyDown" />
    </UnitTest>
    <UnitTest name="canTakePiece" storage="..\chesstests\bin\debug\chesstests.dll" id="88f3539a-9e52-4e5f-3a8e-6ac8f70db456">
      <Execution timeOut="1800000" id="1ee4ef37-8c8b-49ff-a938-c8ef68d2c1b2" />
      <TestMethod codeBase="C:/Users/ShaneH/Documents/Visual Studio 2012/Projects/Chess/ChessTests/bin/Debug/ChessTests.dll" adapterTypeName="Microsoft.VisualStudio.TestTools.TestTypes.Unit.UnitTestAdapter, Microsoft.VisualStudio.QualityTools.Tips.UnitTest.Adapter, Version=11.0.0.0, Culture=neutral, PublicKeyToken=b03f5f7f11d50a3a" className="ChessTests.BishopTests, ChessTests, Version=1.0.0.0, Culture=neutral, PublicKeyToken=null" name="canTakePiece" />
    </UnitTest>
    <UnitTest name="canMoveBlackRookeHorizonallyLeft" storage="..\chesstests\bin\debug\chesstests.dll" id="d4b4b6b0-fdac-28f8-f2f7-9327c017f9a7">
      <Execution timeOut="1800000" id="290f9797-1010-486a-9ee2-3c927fe137db" />
      <TestMethod codeBase="C:/Users/ShaneH/Documents/Visual Studio 2012/Projects/Chess/ChessTests/bin/Debug/ChessTests.dll" adapterTypeName="Microsoft.VisualStudio.TestTools.TestTypes.Unit.UnitTestAdapter, Microsoft.VisualStudio.QualityTools.Tips.UnitTest.Adapter, Version=11.0.0.0, Culture=neutral, PublicKeyToken=b03f5f7f11d50a3a" className="ChessTests.RookeTests, ChessTests, Version=1.0.0.0, Culture=neutral, PublicKeyToken=null" name="canMoveBlackRookeHorizonallyLeft" />
    </UnitTest>
    <UnitTest name="cannotJumpOppositionDiagUpLeft" storage="..\chesstests\bin\debug\chesstests.dll" id="a1f929ba-6b28-ee21-359e-cf5d46cf368a">
      <Execution timeOut="1800000" id="803583ca-6fa4-4665-aed9-d2239fdd1f66" />
      <TestMethod codeBase="C:/Users/ShaneH/Documents/Visual Studio 2012/Projects/Chess/ChessTests/bin/Debug/ChessTests.dll" adapterTypeName="Microsoft.VisualStudio.TestTools.TestTypes.Unit.UnitTestAdapter, Microsoft.VisualStudio.QualityTools.Tips.UnitTest.Adapter, Version=11.0.0.0, Culture=neutral, PublicKeyToken=b03f5f7f11d50a3a" className="ChessTests.BishopTests, ChessTests, Version=1.0.0.0, Culture=neutral, PublicKeyToken=null" name="cannotJumpOppositionDiagUpLeft" />
    </UnitTest>
    <UnitTest name="pieceMovesWithMove" storage="..\chesstests\bin\debug\chesstests.dll" id="db17ca7a-fdcd-e135-ff66-0041667888a6">
      <Execution timeOut="1800000" id="0e442a6e-85f3-4d43-bdae-044b12472c6a" />
      <TestMethod codeBase="C:/Users/ShaneH/Documents/Visual Studio 2012/Projects/Chess/ChessTests/bin/Debug/ChessTests.dll" adapterTypeName="Microsoft.VisualStudio.TestTools.TestTypes.Unit.UnitTestAdapter, Microsoft.VisualStudio.QualityTools.Tips.UnitTest.Adapter, Version=11.0.0.0, Culture=neutral, PublicKeyToken=b03f5f7f11d50a3a" className="ChessTests.ChessTests, ChessTests, Version=1.0.0.0, Culture=neutral, PublicKeyToken=null" name="pieceMovesWithMove" />
    </UnitTest>
    <UnitTest name="getExceptionWhenSelectCellRowTooLarge" storage="..\chesstests\bin\debug\chesstests.dll" id="56379117-1d4e-106a-e150-22beb95db5f6">
      <Execution timeOut="1800000" id="d29eebc5-fca5-4808-b62f-025071dbfcc7" />
      <TestMethod codeBase="C:/Users/ShaneH/Documents/Visual Studio 2012/Projects/Chess/ChessTests/bin/Debug/ChessTests.dll" adapterTypeName="Microsoft.VisualStudio.TestTools.TestTypes.Unit.UnitTestAdapter, Microsoft.VisualStudio.QualityTools.Tips.UnitTest.Adapter, Version=11.0.0.0, Culture=neutral, PublicKeyToken=b03f5f7f11d50a3a" className="ChessTests.ChessTests, ChessTests, Version=1.0.0.0, Culture=neutral, PublicKeyToken=null" name="getExceptionWhenSelectCellRowTooLarge" />
    </UnitTest>
    <UnitTest name="cannotMoveBlackKnightAnywayElse" storage="..\chesstests\bin\debug\chesstests.dll" id="f1a715f9-9cf1-9e64-a4be-97f94a04714c">
      <Execution timeOut="1800000" id="da5309fe-c52d-4caf-a5be-fa795e788507" />
      <TestMethod codeBase="C:/Users/ShaneH/Documents/Visual Studio 2012/Projects/Chess/ChessTests/bin/Debug/ChessTests.dll" adapterTypeName="Microsoft.VisualStudio.TestTools.TestTypes.Unit.UnitTestAdapter, Microsoft.VisualStudio.QualityTools.Tips.UnitTest.Adapter, Version=11.0.0.0, Culture=neutral, PublicKeyToken=b03f5f7f11d50a3a" className="ChessTests.KnightTests, ChessTests, Version=1.0.0.0, Culture=neutral, PublicKeyToken=null" name="cannotMoveBlackKnightAnywayElse" />
    </UnitTest>
    <UnitTest name="canMoveBlackBishopDiagonalUpLeftNoObstructions" storage="..\chesstests\bin\debug\chesstests.dll" id="f758d7bc-486f-01b2-cb64-d4b549c6a040">
      <Execution timeOut="1800000" id="576c9e43-38b3-4160-8b7a-5863669cf096" />
      <TestMethod codeBase="C:/Users/ShaneH/Documents/Visual Studio 2012/Projects/Chess/ChessTests/bin/Debug/ChessTests.dll" adapterTypeName="Microsoft.VisualStudio.TestTools.TestTypes.Unit.UnitTestAdapter, Microsoft.VisualStudio.QualityTools.Tips.UnitTest.Adapter, Version=11.0.0.0, Culture=neutral, PublicKeyToken=b03f5f7f11d50a3a" className="ChessTests.BishopTests, ChessTests, Version=1.0.0.0, Culture=neutral, PublicKeyToken=null" name="canMoveBlackBishopDiagonalUpLeftNoObstructions" />
    </UnitTest>
    <UnitTest name="canMoveWhiteBishopDiagonallyDownRightNoObstructions" storage="..\chesstests\bin\debug\chesstests.dll" id="7b64562e-3d29-ccc9-9a6a-4aaf39707ed4">
      <Execution timeOut="1800000" id="12fb6f56-61d2-4a04-9d56-9aa20341d74d" />
      <TestMethod codeBase="C:/Users/ShaneH/Documents/Visual Studio 2012/Projects/Chess/ChessTests/bin/Debug/ChessTests.dll" adapterTypeName="Microsoft.VisualStudio.TestTools.TestTypes.Unit.UnitTestAdapter, Microsoft.VisualStudio.QualityTools.Tips.UnitTest.Adapter, Version=11.0.0.0, Culture=neutral, PublicKeyToken=b03f5f7f11d50a3a" className="ChessTests.BishopTests, ChessTests, Version=1.0.0.0, Culture=neutral, PublicKeyToken=null" name="canMoveWhiteBishopDiagonallyDownRightNoObstructions" />
    </UnitTest>
    <UnitTest name="canSelectCell" storage="..\chesstests\bin\debug\chesstests.dll" id="005829d6-859e-9315-7aa3-e62df14cfd2f">
      <Execution timeOut="1800000" id="a6e2e195-1b62-4fbb-b94a-350361eb651e" />
      <TestMethod codeBase="C:/Users/ShaneH/Documents/Visual Studio 2012/Projects/Chess/ChessTests/bin/Debug/ChessTests.dll" adapterTypeName="Microsoft.VisualStudio.TestTools.TestTypes.Unit.UnitTestAdapter, Microsoft.VisualStudio.QualityTools.Tips.UnitTest.Adapter, Version=11.0.0.0, Culture=neutral, PublicKeyToken=b03f5f7f11d50a3a" className="ChessTests.ChessTests, ChessTests, Version=1.0.0.0, Culture=neutral, PublicKeyToken=null" name="canSelectCell" />
    </UnitTest>
    <UnitTest name="canMoveBlackRookeVerticallyUp" storage="..\chesstests\bin\debug\chesstests.dll" id="c1c27b4b-7a33-214b-6362-9bd66a9e7aaf">
      <Execution timeOut="1800000" id="b414c6d0-d823-410f-a798-d8d7b324c850" />
      <TestMethod codeBase="C:/Users/ShaneH/Documents/Visual Studio 2012/Projects/Chess/ChessTests/bin/Debug/ChessTests.dll" adapterTypeName="Microsoft.VisualStudio.TestTools.TestTypes.Unit.UnitTestAdapter, Microsoft.VisualStudio.QualityTools.Tips.UnitTest.Adapter, Version=11.0.0.0, Culture=neutral, PublicKeyToken=b03f5f7f11d50a3a" className="ChessTests.RookeTests, ChessTests, Version=1.0.0.0, Culture=neutral, PublicKeyToken=null" name="canMoveBlackRookeVerticallyUp" />
    </UnitTest>
    <UnitTest name="cannotMoveRookePastCaptureVerticallyUp" storage="..\chesstests\bin\debug\chesstests.dll" id="5de48dbd-0fe5-af4c-0872-0ab8a96d15fa">
      <Execution timeOut="1800000" id="8c4912e0-1203-4b6d-9cd5-fe4111c71121" />
      <TestMethod codeBase="C:/Users/ShaneH/Documents/Visual Studio 2012/Projects/Chess/ChessTests/bin/Debug/ChessTests.dll" adapterTypeName="Microsoft.VisualStudio.TestTools.TestTypes.Unit.UnitTestAdapter, Microsoft.VisualStudio.QualityTools.Tips.UnitTest.Adapter, Version=11.0.0.0, Culture=neutral, PublicKeyToken=b03f5f7f11d50a3a" className="ChessTests.RookeTests, ChessTests, Version=1.0.0.0, Culture=neutral, PublicKeyToken=null" name="cannotMoveRookePastCaptureVerticallyUp" />
    </UnitTest>
    <UnitTest name="moveEnPassantRightNotImmediateThrowsError" storage="..\chesstests\bin\debug\chesstests.dll" id="1ae802a5-bb94-ae3c-980c-cf0121da8a4a">
      <Execution timeOut="1800000" id="e5f2c8cd-34a3-4377-8dac-946671211c2e" />
      <TestMethod codeBase="C:/Users/ShaneH/Documents/Visual Studio 2012/Projects/Chess/ChessTests/bin/Debug/ChessTests.dll" adapterTypeName="Microsoft.VisualStudio.TestTools.TestTypes.Unit.UnitTestAdapter, Microsoft.VisualStudio.QualityTools.Tips.UnitTest.Adapter, Version=11.0.0.0, Culture=neutral, PublicKeyToken=b03f5f7f11d50a3a" className="ChessTests.PawnTests, ChessTests, Version=1.0.0.0, Culture=neutral, PublicKeyToken=null" name="moveEnPassantRightNotImmediateThrowsError" />
    </UnitTest>
    <UnitTest name="exceptionWhenMoveToNegativeCol" storage="..\chesstests\bin\debug\chesstests.dll" id="7d98f31d-f1f6-0621-aa93-72560fa182b3">
      <Execution timeOut="1800000" id="eeff3c70-ec6d-460f-a673-6ebc7969eef1" />
      <TestMethod codeBase="C:/Users/ShaneH/Documents/Visual Studio 2012/Projects/Chess/ChessTests/bin/Debug/ChessTests.dll" adapterTypeName="Microsoft.VisualStudio.TestTools.TestTypes.Unit.UnitTestAdapter, Microsoft.VisualStudio.QualityTools.Tips.UnitTest.Adapter, Version=11.0.0.0, Culture=neutral, PublicKeyToken=b03f5f7f11d50a3a" className="ChessTests.ChessTests, ChessTests, Version=1.0.0.0, Culture=neutral, PublicKeyToken=null" name="exceptionWhenMoveToNegativeCol" />
    </UnitTest>
    <UnitTest name="selectedCellIsNullAfterMove" storage="..\chesstests\bin\debug\chesstests.dll" id="5ba4e3e7-6993-ed4b-8ced-e1d13c26b064">
      <Execution timeOut="1800000" id="b1fce295-118a-4b1a-a751-f80797957823" />
      <TestMethod codeBase="C:/Users/ShaneH/Documents/Visual Studio 2012/Projects/Chess/ChessTests/bin/Debug/ChessTests.dll" adapterTypeName="Microsoft.VisualStudio.TestTools.TestTypes.Unit.UnitTestAdapter, Microsoft.VisualStudio.QualityTools.Tips.UnitTest.Adapter, Version=11.0.0.0, Culture=neutral, PublicKeyToken=b03f5f7f11d50a3a" className="ChessTests.ChessTests, ChessTests, Version=1.0.0.0, Culture=neutral, PublicKeyToken=null" name="selectedCellIsNullAfterMove" />
    </UnitTest>
    <UnitTest name="cannotTakeOwnPieceDiagDownLeft" storage="..\chesstests\bin\debug\chesstests.dll" id="11146e4e-bbf4-ec57-67f8-0efcf6651dcd">
      <Execution timeOut="1800000" id="d62a3aab-573f-4b7c-ad0f-a2f5e7b7731b" />
      <TestMethod codeBase="C:/Users/ShaneH/Documents/Visual Studio 2012/Projects/Chess/ChessTests/bin/Debug/ChessTests.dll" adapterTypeName="Microsoft.VisualStudio.TestTools.TestTypes.Unit.UnitTestAdapter, Microsoft.VisualStudio.QualityTools.Tips.UnitTest.Adapter, Version=11.0.0.0, Culture=neutral, PublicKeyToken=b03f5f7f11d50a3a" className="ChessTests.BishopTests, ChessTests, Version=1.0.0.0, Culture=neutral, PublicKeyToken=null" name="cannotTakeOwnPieceDiagDownLeft" />
    </UnitTest>
    <UnitTest name="canMoveWhiteBishopDiagonalUpRightNoObstructions" storage="..\chesstests\bin\debug\chesstests.dll" id="f27377be-1934-c9f6-8d07-ac7266d1d2f6">
      <Execution timeOut="1800000" id="406b4360-6326-4f8a-b5c7-9dcc4630f965" />
      <TestMethod codeBase="C:/Users/ShaneH/Documents/Visual Studio 2012/Projects/Chess/ChessTests/bin/Debug/ChessTests.dll" adapterTypeName="Microsoft.VisualStudio.TestTools.TestTypes.Unit.UnitTestAdapter, Microsoft.VisualStudio.QualityTools.Tips.UnitTest.Adapter, Version=11.0.0.0, Culture=neutral, PublicKeyToken=b03f5f7f11d50a3a" className="ChessTests.BishopTests, ChessTests, Version=1.0.0.0, Culture=neutral, PublicKeyToken=null" name="canMoveWhiteBishopDiagonalUpRightNoObstructions" />
    </UnitTest>
    <UnitTest name="cannotCaptureOwnPieceBottomRight" storage="..\chesstests\bin\debug\chesstests.dll" id="12e63596-1c4e-b553-8314-65281f6114b3">
      <Execution timeOut="1800000" id="b3590faa-70ed-40bb-a50e-fae9c09e9f2c" />
      <TestMethod codeBase="C:/Users/ShaneH/Documents/Visual Studio 2012/Projects/Chess/ChessTests/bin/Debug/ChessTests.dll" adapterTypeName="Microsoft.VisualStudio.TestTools.TestTypes.Unit.UnitTestAdapter, Microsoft.VisualStudio.QualityTools.Tips.UnitTest.Adapter, Version=11.0.0.0, Culture=neutral, PublicKeyToken=b03f5f7f11d50a3a" className="ChessTests.KnightTests, ChessTests, Version=1.0.0.0, Culture=neutral, PublicKeyToken=null" name="cannotCaptureOwnPieceBottomRight" />
    </UnitTest>
    <UnitTest name="cannotTakeOwnPieceDiagUpRight" storage="..\chesstests\bin\debug\chesstests.dll" id="f2547ccb-ac70-9f08-d6b9-a2ccdc08bacc">
      <Execution timeOut="1800000" id="749b76d4-ed10-4dff-8b91-161882464085" />
      <TestMethod codeBase="C:/Users/ShaneH/Documents/Visual Studio 2012/Projects/Chess/ChessTests/bin/Debug/ChessTests.dll" adapterTypeName="Microsoft.VisualStudio.TestTools.TestTypes.Unit.UnitTestAdapter, Microsoft.VisualStudio.QualityTools.Tips.UnitTest.Adapter, Version=11.0.0.0, Culture=neutral, PublicKeyToken=b03f5f7f11d50a3a" className="ChessTests.BishopTests, ChessTests, Version=1.0.0.0, Culture=neutral, PublicKeyToken=null" name="cannotTakeOwnPieceDiagUpRight" />
    </UnitTest>
    <UnitTest name="canMoveWhiteRookeVerticallyUp" storage="..\chesstests\bin\debug\chesstests.dll" id="67083cf0-0995-a4e7-7fdc-a7119196534e">
      <Execution timeOut="1800000" id="ff4bd592-21e2-4218-8955-ab7dc8dda214" />
      <TestMethod codeBase="C:/Users/ShaneH/Documents/Visual Studio 2012/Projects/Chess/ChessTests/bin/Debug/ChessTests.dll" adapterTypeName="Microsoft.VisualStudio.TestTools.TestTypes.Unit.UnitTestAdapter, Microsoft.VisualStudio.QualityTools.Tips.UnitTest.Adapter, Version=11.0.0.0, Culture=neutral, PublicKeyToken=b03f5f7f11d50a3a" className="ChessTests.RookeTests, ChessTests, Version=1.0.0.0, Culture=neutral, PublicKeyToken=null" name="canMoveWhiteRookeVerticallyUp" />
    </UnitTest>
    <UnitTest name="cannotCaptureOwnPieceTopRight" storage="..\chesstests\bin\debug\chesstests.dll" id="8b767757-2d46-6db2-6c72-a25020070dc1">
      <Execution timeOut="1800000" id="f0d09672-b50e-4f99-a5ab-75d483bb4793" />
      <TestMethod codeBase="C:/Users/ShaneH/Documents/Visual Studio 2012/Projects/Chess/ChessTests/bin/Debug/ChessTests.dll" adapterTypeName="Microsoft.VisualStudio.TestTools.TestTypes.Unit.UnitTestAdapter, Microsoft.VisualStudio.QualityTools.Tips.UnitTest.Adapter, Version=11.0.0.0, Culture=neutral, PublicKeyToken=b03f5f7f11d50a3a" className="ChessTests.KnightTests, ChessTests, Version=1.0.0.0, Culture=neutral, PublicKeyToken=null" name="cannotCaptureOwnPieceTopRight" />
    </UnitTest>
    <UnitTest name="invalidMoveGivesCorrectPieceName" storage="..\chesstests\bin\debug\chesstests.dll" id="c402f9ec-8f13-951f-df43-c12680e572ae">
      <Execution timeOut="1800000" id="c5990059-5a08-462f-a00a-ca201d9c04b3" />
      <TestMethod codeBase="C:/Users/ShaneH/Documents/Visual Studio 2012/Projects/Chess/ChessTests/bin/Debug/ChessTests.dll" adapterTypeName="Microsoft.VisualStudio.TestTools.TestTypes.Unit.UnitTestAdapter, Microsoft.VisualStudio.QualityTools.Tips.UnitTest.Adapter, Version=11.0.0.0, Culture=neutral, PublicKeyToken=b03f5f7f11d50a3a" className="ChessTests.QueenTests, ChessTests, Version=1.0.0.0, Culture=neutral, PublicKeyToken=null" name="invalidMoveGivesCorrectPieceName" />
    </UnitTest>
    <UnitTest name="cannotCaptureOwnPieceTopLeft" storage="..\chesstests\bin\debug\chesstests.dll" id="3b8989d4-9468-d4f5-4fa5-0c83cef3e6e3">
      <Execution timeOut="1800000" id="2fa27a82-1f93-4242-9344-0486e3879377" />
      <TestMethod codeBase="C:/Users/ShaneH/Documents/Visual Studio 2012/Projects/Chess/ChessTests/bin/Debug/ChessTests.dll" adapterTypeName="Microsoft.VisualStudio.TestTools.TestTypes.Unit.UnitTestAdapter, Microsoft.VisualStudio.QualityTools.Tips.UnitTest.Adapter, Version=11.0.0.0, Culture=neutral, PublicKeyToken=b03f5f7f11d50a3a" className="ChessTests.KnightTests, ChessTests, Version=1.0.0.0, Culture=neutral, PublicKeyToken=null" name="cannotCaptureOwnPieceTopLeft" />
    </UnitTest>
    <UnitTest name="canTakePawnEnPassantLeft" storage="..\chesstests\bin\debug\chesstests.dll" id="72153cfe-4389-9773-f6fd-6685bb51f896">
      <Execution timeOut="1800000" id="aa990c06-826c-4092-9d76-ee4c65b2af6e" />
      <TestMethod codeBase="C:/Users/ShaneH/Documents/Visual Studio 2012/Projects/Chess/ChessTests/bin/Debug/ChessTests.dll" adapterTypeName="Microsoft.VisualStudio.TestTools.TestTypes.Unit.UnitTestAdapter, Microsoft.VisualStudio.QualityTools.Tips.UnitTest.Adapter, Version=11.0.0.0, Culture=neutral, PublicKeyToken=b03f5f7f11d50a3a" className="ChessTests.PawnTests, ChessTests, Version=1.0.0.0, Culture=neutral, PublicKeyToken=null" name="canTakePawnEnPassantLeft" />
    </UnitTest>
    <UnitTest name="canMoveQueenVerticallyUp" storage="..\chesstests\bin\debug\chesstests.dll" id="61071a05-3bb9-84f7-1063-093a7badabca">
      <Execution timeOut="1800000" id="8f44c933-e597-4907-b08a-c6c1be449218" />
      <TestMethod codeBase="C:/Users/ShaneH/Documents/Visual Studio 2012/Projects/Chess/ChessTests/bin/Debug/ChessTests.dll" adapterTypeName="Microsoft.VisualStudio.TestTools.TestTypes.Unit.UnitTestAdapter, Microsoft.VisualStudio.QualityTools.Tips.UnitTest.Adapter, Version=11.0.0.0, Culture=neutral, PublicKeyToken=b03f5f7f11d50a3a" className="ChessTests.QueenTests, ChessTests, Version=1.0.0.0, Culture=neutral, PublicKeyToken=null" name="canMoveQueenVerticallyUp" />
    </UnitTest>
    <UnitTest name="cannotJumpOppositionDiagDownLeft" storage="..\chesstests\bin\debug\chesstests.dll" id="fd4c62da-b4fc-b947-da46-845314dd7c18">
      <Execution timeOut="1800000" id="40419c8d-d925-4e85-9741-07d80ec7f930" />
      <TestMethod codeBase="C:/Users/ShaneH/Documents/Visual Studio 2012/Projects/Chess/ChessTests/bin/Debug/ChessTests.dll" adapterTypeName="Microsoft.VisualStudio.TestTools.TestTypes.Unit.UnitTestAdapter, Microsoft.VisualStudio.QualityTools.Tips.UnitTest.Adapter, Version=11.0.0.0, Culture=neutral, PublicKeyToken=b03f5f7f11d50a3a" className="ChessTests.BishopTests, ChessTests, Version=1.0.0.0, Culture=neutral, PublicKeyToken=null" name="cannotJumpOppositionDiagDownLeft" />
    </UnitTest>
    <UnitTest name="cannotTakeOwnPieceDiagUpLeft" storage="..\chesstests\bin\debug\chesstests.dll" id="3562f988-caf6-e157-38af-47808bc40815">
      <Execution timeOut="1800000" id="4e68c5ce-ed65-4a18-8168-c418d7623e51" />
      <TestMethod codeBase="C:/Users/ShaneH/Documents/Visual Studio 2012/Projects/Chess/ChessTests/bin/Debug/ChessTests.dll" adapterTypeName="Microsoft.VisualStudio.TestTools.TestTypes.Unit.UnitTestAdapter, Microsoft.VisualStudio.QualityTools.Tips.UnitTest.Adapter, Version=11.0.0.0, Culture=neutral, PublicKeyToken=b03f5f7f11d50a3a" className="ChessTests.BishopTests, ChessTests, Version=1.0.0.0, Culture=neutral, PublicKeyToken=null" name="cannotTakeOwnPieceDiagUpLeft" />
    </UnitTest>
    <UnitTest name="canMoveBlackBishopDiagonallyDownRightNoObstructions" storage="..\chesstests\bin\debug\chesstests.dll" id="cea9a2db-b9b4-5c44-cdae-ea8c559aa5ab">
      <Execution timeOut="1800000" id="f535d26c-1836-4cf7-bad6-c688d4329cfd" />
      <TestMethod codeBase="C:/Users/ShaneH/Documents/Visual Studio 2012/Projects/Chess/ChessTests/bin/Debug/ChessTests.dll" adapterTypeName="Microsoft.VisualStudio.TestTools.TestTypes.Unit.UnitTestAdapter, Microsoft.VisualStudio.QualityTools.Tips.UnitTest.Adapter, Version=11.0.0.0, Culture=neutral, PublicKeyToken=b03f5f7f11d50a3a" className="ChessTests.BishopTests, ChessTests, Version=1.0.0.0, Culture=neutral, PublicKeyToken=null" name="canMoveBlackBishopDiagonallyDownRightNoObstructions" />
    </UnitTest>
    <UnitTest name="areRookesSetup" storage="..\chesstests\bin\debug\chesstests.dll" id="3e21814f-4c9d-063d-798f-e0eaffbae55e">
      <Execution timeOut="1800000" id="a676126f-6aa7-41de-885a-6c4430427891" />
      <TestMethod codeBase="C:/Users/ShaneH/Documents/Visual Studio 2012/Projects/Chess/ChessTests/bin/Debug/ChessTests.dll" adapterTypeName="Microsoft.VisualStudio.TestTools.TestTypes.Unit.UnitTestAdapter, Microsoft.VisualStudio.QualityTools.Tips.UnitTest.Adapter, Version=11.0.0.0, Culture=neutral, PublicKeyToken=b03f5f7f11d50a3a" className="ChessTests.ChessTests, ChessTests, Version=1.0.0.0, Culture=neutral, PublicKeyToken=null" name="areRookesSetup" />
    </UnitTest>
    <UnitTest name="canMoveWhiteKnightDownLeft" storage="..\chesstests\bin\debug\chesstests.dll" id="129b002c-1fd8-a858-11b5-efb8011f1c66">
      <Execution timeOut="1800000" id="3fa802de-8326-44ec-8bf6-07e16dd7c72d" />
      <TestMethod codeBase="C:/Users/ShaneH/Documents/Visual Studio 2012/Projects/Chess/ChessTests/bin/Debug/ChessTests.dll" adapterTypeName="Microsoft.VisualStudio.TestTools.TestTypes.Unit.UnitTestAdapter, Microsoft.VisualStudio.QualityTools.Tips.UnitTest.Adapter, Version=11.0.0.0, Culture=neutral, PublicKeyToken=b03f5f7f11d50a3a" className="ChessTests.KnightTests, ChessTests, Version=1.0.0.0, Culture=neutral, PublicKeyToken=null" name="canMoveWhiteKnightDownLeft" />
    </UnitTest>
    <UnitTest name="blackPawnCannotTakeEmptyPieceRight" storage="..\chesstests\bin\debug\chesstests.dll" id="d6be978c-e15f-fa6c-2dca-55f439cdf674">
      <Execution timeOut="1800000" id="138b2116-746b-485f-b9bd-87cb388bb4cb" />
      <TestMethod codeBase="C:/Users/ShaneH/Documents/Visual Studio 2012/Projects/Chess/ChessTests/bin/Debug/ChessTests.dll" adapterTypeName="Microsoft.VisualStudio.TestTools.TestTypes.Unit.UnitTestAdapter, Microsoft.VisualStudio.QualityTools.Tips.UnitTest.Adapter, Version=11.0.0.0, Culture=neutral, PublicKeyToken=b03f5f7f11d50a3a" className="ChessTests.PawnTests, ChessTests, Version=1.0.0.0, Culture=neutral, PublicKeyToken=null" name="blackPawnCannotTakeEmptyPieceRight" />
    </UnitTest>
    <UnitTest name="cannotCaptureOwnPieceRightBottom" storage="..\chesstests\bin\debug\chesstests.dll" id="c281314e-828d-e156-cbd7-96cd2b327ed0">
      <Execution timeOut="1800000" id="6ee1fc7d-8200-4886-954b-885c6bdf146d" />
      <TestMethod codeBase="C:/Users/ShaneH/Documents/Visual Studio 2012/Projects/Chess/ChessTests/bin/Debug/ChessTests.dll" adapterTypeName="Microsoft.VisualStudio.TestTools.TestTypes.Unit.UnitTestAdapter, Microsoft.VisualStudio.QualityTools.Tips.UnitTest.Adapter, Version=11.0.0.0, Culture=neutral, PublicKeyToken=b03f5f7f11d50a3a" className="ChessTests.KnightTests, ChessTests, Version=1.0.0.0, Culture=neutral, PublicKeyToken=null" name="cannotCaptureOwnPieceRightBottom" />
    </UnitTest>
    <UnitTest name="canMoveQueenHorizontallyLeft" storage="..\chesstests\bin\debug\chesstests.dll" id="62090d81-bf34-b23d-be59-e474692bb2bb">
      <Execution timeOut="1800000" id="9e0dd1d0-820f-4315-b9f6-286cfe76ad66" />
      <TestMethod codeBase="C:/Users/ShaneH/Documents/Visual Studio 2012/Projects/Chess/ChessTests/bin/Debug/ChessTests.dll" adapterTypeName="Microsoft.VisualStudio.TestTools.TestTypes.Unit.UnitTestAdapter, Microsoft.VisualStudio.QualityTools.Tips.UnitTest.Adapter, Version=11.0.0.0, Culture=neutral, PublicKeyToken=b03f5f7f11d50a3a" className="ChessTests.QueenTests, ChessTests, Version=1.0.0.0, Culture=neutral, PublicKeyToken=null" name="canMoveQueenHorizontallyLeft" />
    </UnitTest>
    <UnitTest name="canMoveWhiteKnightUpRight" storage="..\chesstests\bin\debug\chesstests.dll" id="020bc553-c880-41f6-e7a5-5598075d4e67">
      <Execution timeOut="1800000" id="d4313954-3cfd-485b-87cc-b3ff8fe839ca" />
      <TestMethod codeBase="C:/Users/ShaneH/Documents/Visual Studio 2012/Projects/Chess/ChessTests/bin/Debug/ChessTests.dll" adapterTypeName="Microsoft.VisualStudio.TestTools.TestTypes.Unit.UnitTestAdapter, Microsoft.VisualStudio.QualityTools.Tips.UnitTest.Adapter, Version=11.0.0.0, Culture=neutral, PublicKeyToken=b03f5f7f11d50a3a" className="ChessTests.KnightTests, ChessTests, Version=1.0.0.0, Culture=neutral, PublicKeyToken=null" name="canMoveWhiteKnightUpRight" />
    </UnitTest>
    <UnitTest name="cannotMoveRookePastCaptureHorizontallyLeft" storage="..\chesstests\bin\debug\chesstests.dll" id="025d6265-5376-21a5-89b8-81799288836d">
      <Execution timeOut="1800000" id="08def3b2-9429-4707-a87c-3ce5cb5eb975" />
      <TestMethod codeBase="C:/Users/ShaneH/Documents/Visual Studio 2012/Projects/Chess/ChessTests/bin/Debug/ChessTests.dll" adapterTypeName="Microsoft.VisualStudio.TestTools.TestTypes.Unit.UnitTestAdapter, Microsoft.VisualStudio.QualityTools.Tips.UnitTest.Adapter, Version=11.0.0.0, Culture=neutral, PublicKeyToken=b03f5f7f11d50a3a" className="ChessTests.RookeTests, ChessTests, Version=1.0.0.0, Culture=neutral, PublicKeyToken=null" name="cannotMoveRookePastCaptureHorizontallyLeft" />
    </UnitTest>
    <UnitTest name="whitePawnCanMoveTwoSpacesAtStart" storage="..\chesstests\bin\debug\chesstests.dll" id="31b640ce-2e58-2f38-568e-804147d116f8">
      <Execution timeOut="1800000" id="7f72616d-e786-4d52-8904-98d9898bca56" />
      <TestMethod codeBase="C:/Users/ShaneH/Documents/Visual Studio 2012/Projects/Chess/ChessTests/bin/Debug/ChessTests.dll" adapterTypeName="Microsoft.VisualStudio.TestTools.TestTypes.Unit.UnitTestAdapter, Microsoft.VisualStudio.QualityTools.Tips.UnitTest.Adapter, Version=11.0.0.0, Culture=neutral, PublicKeyToken=b03f5f7f11d50a3a" className="ChessTests.PawnTests, ChessTests, Version=1.0.0.0, Culture=neutral, PublicKeyToken=null" name="whitePawnCanMoveTwoSpacesAtStart" />
    </UnitTest>
    <UnitTest name="canMoveBlackKnightDownLeft" storage="..\chesstests\bin\debug\chesstests.dll" id="708e0fda-e1a5-7f8b-3069-c1364aee94b5">
      <Execution timeOut="1800000" id="6dbaf897-d01a-481e-91e9-deb5d907cb2a" />
      <TestMethod codeBase="C:/Users/ShaneH/Documents/Visual Studio 2012/Projects/Chess/ChessTests/bin/Debug/ChessTests.dll" adapterTypeName="Microsoft.VisualStudio.TestTools.TestTypes.Unit.UnitTestAdapter, Microsoft.VisualStudio.QualityTools.Tips.UnitTest.Adapter, Version=11.0.0.0, Culture=neutral, PublicKeyToken=b03f5f7f11d50a3a" className="ChessTests.KnightTests, ChessTests, Version=1.0.0.0, Culture=neutral, PublicKeyToken=null" name="canMoveBlackKnightDownLeft" />
    </UnitTest>
    <UnitTest name="canMoveWhiteKnightLeftUp" storage="..\chesstests\bin\debug\chesstests.dll" id="ed293079-60d8-dd36-58ca-ab1711252e1b">
      <Execution timeOut="1800000" id="96ca9bee-4423-46d5-9a4e-7b8d1d8b676e" />
      <TestMethod codeBase="C:/Users/ShaneH/Documents/Visual Studio 2012/Projects/Chess/ChessTests/bin/Debug/ChessTests.dll" adapterTypeName="Microsoft.VisualStudio.TestTools.TestTypes.Unit.UnitTestAdapter, Microsoft.VisualStudio.QualityTools.Tips.UnitTest.Adapter, Version=11.0.0.0, Culture=neutral, PublicKeyToken=b03f5f7f11d50a3a" className="ChessTests.KnightTests, ChessTests, Version=1.0.0.0, Culture=neutral, PublicKeyToken=null" name="canMoveWhiteKnightLeftUp" />
    </UnitTest>
    <UnitTest name="areOddRowColoursSetup" storage="..\chesstests\bin\debug\chesstests.dll" id="d4ac55cd-7290-4fbf-9991-5ab16bc1fda2">
      <Execution timeOut="1800000" id="c9ca675a-bb9c-4800-98ac-dc654dee0d8b" />
      <TestMethod codeBase="C:/Users/ShaneH/Documents/Visual Studio 2012/Projects/Chess/ChessTests/bin/Debug/ChessTests.dll" adapterTypeName="Microsoft.VisualStudio.TestTools.TestTypes.Unit.UnitTestAdapter, Microsoft.VisualStudio.QualityTools.Tips.UnitTest.Adapter, Version=11.0.0.0, Culture=neutral, PublicKeyToken=b03f5f7f11d50a3a" className="ChessTests.ChessTests, ChessTests, Version=1.0.0.0, Culture=neutral, PublicKeyToken=null" name="areOddRowColoursSetup" />
    </UnitTest>
    <UnitTest name="moveEnPassantRightRemovesPiece" storage="..\chesstests\bin\debug\chesstests.dll" id="978c0671-8eb9-8633-411e-8b65bb821d6c">
      <Execution timeOut="1800000" id="013cb98f-7242-4f14-937c-988bb68a2c80" />
      <TestMethod codeBase="C:/Users/ShaneH/Documents/Visual Studio 2012/Projects/Chess/ChessTests/bin/Debug/ChessTests.dll" adapterTypeName="Microsoft.VisualStudio.TestTools.TestTypes.Unit.UnitTestAdapter, Microsoft.VisualStudio.QualityTools.Tips.UnitTest.Adapter, Version=11.0.0.0, Culture=neutral, PublicKeyToken=b03f5f7f11d50a3a" className="ChessTests.PawnTests, ChessTests, Version=1.0.0.0, Culture=neutral, PublicKeyToken=null" name="moveEnPassantRightRemovesPiece" />
    </UnitTest>
    <UnitTest name="cannotCaptureOwnPieceLeftBottom" storage="..\chesstests\bin\debug\chesstests.dll" id="ad975496-37d7-dfa8-72c5-ed19caf4b8d6">
      <Execution timeOut="1800000" id="cb2041f1-7364-4e78-b427-cc07a1a2c930" />
      <TestMethod codeBase="C:/Users/ShaneH/Documents/Visual Studio 2012/Projects/Chess/ChessTests/bin/Debug/ChessTests.dll" adapterTypeName="Microsoft.VisualStudio.TestTools.TestTypes.Unit.UnitTestAdapter, Microsoft.VisualStudio.QualityTools.Tips.UnitTest.Adapter, Version=11.0.0.0, Culture=neutral, PublicKeyToken=b03f5f7f11d50a3a" className="ChessTests.KnightTests, ChessTests, Version=1.0.0.0, Culture=neutral, PublicKeyToken=null" name="cannotCaptureOwnPieceLeftBottom" />
    </UnitTest>
    <UnitTest name="nullCellNeverEqual" storage="..\chesstests\bin\debug\chesstests.dll" id="c9eef1b9-2601-24e4-e66c-677a0f68bfe9">
      <Execution timeOut="1800000" id="f9b93ec1-d4ca-40aa-ac95-30bf4ee8f0c3" />
      <TestMethod codeBase="C:/Users/ShaneH/Documents/Visual Studio 2012/Projects/Chess/ChessTests/bin/Debug/ChessTests.dll" adapterTypeName="Microsoft.VisualStudio.TestTools.TestTypes.Unit.UnitTestAdapter, Microsoft.VisualStudio.QualityTools.Tips.UnitTest.Adapter, Version=11.0.0.0, Culture=neutral, PublicKeyToken=b03f5f7f11d50a3a" className="ChessTests.ChessTests, ChessTests, Version=1.0.0.0, Culture=neutral, PublicKeyToken=null" name="nullCellNeverEqual" />
    </UnitTest>
    <UnitTest name="areBottom2RowsWhite" storage="..\chesstests\bin\debug\chesstests.dll" id="689961f3-b549-c9f7-fc0a-74afd1b1e274">
      <Execution timeOut="1800000" id="643f2ea3-f6d1-4355-bd02-18a82e14ccd9" />
      <TestMethod codeBase="C:/Users/ShaneH/Documents/Visual Studio 2012/Projects/Chess/ChessTests/bin/Debug/ChessTests.dll" adapterTypeName="Microsoft.VisualStudio.TestTools.TestTypes.Unit.UnitTestAdapter, Microsoft.VisualStudio.QualityTools.Tips.UnitTest.Adapter, Version=11.0.0.0, Culture=neutral, PublicKeyToken=b03f5f7f11d50a3a" className="ChessTests.ChessTests, ChessTests, Version=1.0.0.0, Culture=neutral, PublicKeyToken=null" name="areBottom2RowsWhite" />
    </UnitTest>
    <UnitTest name="areMiddleCellsEmpty" storage="..\chesstests\bin\debug\chesstests.dll" id="9d752e3a-962f-b4d2-f688-e9e19ffd27bf">
      <Execution timeOut="1800000" id="5fe32eae-6842-4fbd-9ef6-d3de1995f664" />
      <TestMethod codeBase="C:/Users/ShaneH/Documents/Visual Studio 2012/Projects/Chess/ChessTests/bin/Debug/ChessTests.dll" adapterTypeName="Microsoft.VisualStudio.TestTools.TestTypes.Unit.UnitTestAdapter, Microsoft.VisualStudio.QualityTools.Tips.UnitTest.Adapter, Version=11.0.0.0, Culture=neutral, PublicKeyToken=b03f5f7f11d50a3a" className="ChessTests.ChessTests, ChessTests, Version=1.0.0.0, Culture=neutral, PublicKeyToken=null" name="areMiddleCellsEmpty" />
    </UnitTest>
    <UnitTest name="cannotMove2AtStartIfPieceJustInFront" storage="..\chesstests\bin\debug\chesstests.dll" id="f4345ccc-f7f8-a9d0-d85f-f34d1eaed95e">
      <Execution timeOut="1800000" id="06659ca3-1eac-42bd-8f66-3fabde44a35e" />
      <TestMethod codeBase="C:/Users/ShaneH/Documents/Visual Studio 2012/Projects/Chess/ChessTests/bin/Debug/ChessTests.dll" adapterTypeName="Microsoft.VisualStudio.TestTools.TestTypes.Unit.UnitTestAdapter, Microsoft.VisualStudio.QualityTools.Tips.UnitTest.Adapter, Version=11.0.0.0, Culture=neutral, PublicKeyToken=b03f5f7f11d50a3a" className="ChessTests.PawnTests, ChessTests, Version=1.0.0.0, Culture=neutral, PublicKeyToken=null" name="cannotMove2AtStartIfPieceJustInFront" />
    </UnitTest>
    <UnitTest name="areTop2RowsBlack" storage="..\chesstests\bin\debug\chesstests.dll" id="4ed072d2-7529-fe73-ad46-07bd95268187">
      <Execution timeOut="1800000" id="0cd5adbe-9333-4b75-b7da-4b573f5fb533" />
      <TestMethod codeBase="C:/Users/ShaneH/Documents/Visual Studio 2012/Projects/Chess/ChessTests/bin/Debug/ChessTests.dll" adapterTypeName="Microsoft.VisualStudio.TestTools.TestTypes.Unit.UnitTestAdapter, Microsoft.VisualStudio.QualityTools.Tips.UnitTest.Adapter, Version=11.0.0.0, Culture=neutral, PublicKeyToken=b03f5f7f11d50a3a" className="ChessTests.ChessTests, ChessTests, Version=1.0.0.0, Culture=neutral, PublicKeyToken=null" name="areTop2RowsBlack" />
    </UnitTest>
    <UnitTest name="areMiddleRowsPlayerColourNone" storage="..\chesstests\bin\debug\chesstests.dll" id="b4976dbf-056c-73f6-1b78-f13c2b1d127b">
      <Execution timeOut="1800000" id="a08bb965-66d8-4bf3-bd59-1d794b8e7e20" />
      <TestMethod codeBase="C:/Users/ShaneH/Documents/Visual Studio 2012/Projects/Chess/ChessTests/bin/Debug/ChessTests.dll" adapterTypeName="Microsoft.VisualStudio.TestTools.TestTypes.Unit.UnitTestAdapter, Microsoft.VisualStudio.QualityTools.Tips.UnitTest.Adapter, Version=11.0.0.0, Culture=neutral, PublicKeyToken=b03f5f7f11d50a3a" className="ChessTests.ChessTests, ChessTests, Version=1.0.0.0, Culture=neutral, PublicKeyToken=null" name="areMiddleRowsPlayerColourNone" />
    </UnitTest>
    <UnitTest name="areEvenRowColoursSetup" storage="..\chesstests\bin\debug\chesstests.dll" id="64ef643a-95e0-b1de-5aee-37e849e90430">
      <Execution timeOut="1800000" id="76218d49-5980-4937-8b3c-84d11ef7bb55" />
      <TestMethod codeBase="C:/Users/ShaneH/Documents/Visual Studio 2012/Projects/Chess/ChessTests/bin/Debug/ChessTests.dll" adapterTypeName="Microsoft.VisualStudio.TestTools.TestTypes.Unit.UnitTestAdapter, Microsoft.VisualStudio.QualityTools.Tips.UnitTest.Adapter, Version=11.0.0.0, Culture=neutral, PublicKeyToken=b03f5f7f11d50a3a" className="ChessTests.ChessTests, ChessTests, Version=1.0.0.0, Culture=neutral, PublicKeyToken=null" name="areEvenRowColoursSetup" />
    </UnitTest>
    <UnitTest name="pieceHasNoValidMoves" storage="..\chesstests\bin\debug\chesstests.dll" id="dafe7a1e-3bd2-12cf-e3a7-a7dc8926d90c">
      <Execution timeOut="1800000" id="1659c0f5-b75d-46d6-92f8-0325aac7f034" />
      <TestMethod codeBase="C:/Users/ShaneH/Documents/Visual Studio 2012/Projects/Chess/ChessTests/bin/Debug/ChessTests.dll" adapterTypeName="Microsoft.VisualStudio.TestTools.TestTypes.Unit.UnitTestAdapter, Microsoft.VisualStudio.QualityTools.Tips.UnitTest.Adapter, Version=11.0.0.0, Culture=neutral, PublicKeyToken=b03f5f7f11d50a3a" className="ChessTests.ChessTests, ChessTests, Version=1.0.0.0, Culture=neutral, PublicKeyToken=null" name="pieceHasNoValidMoves" />
    </UnitTest>
    <UnitTest name="cannotJumpOppositionDiagDownRight" storage="..\chesstests\bin\debug\chesstests.dll" id="ee426e89-ab85-59c3-0fcf-e94b5b68ecd0">
      <Execution timeOut="1800000" id="9350e45f-599f-4390-a50e-ca4b0d8637ae" />
      <TestMethod codeBase="C:/Users/ShaneH/Documents/Visual Studio 2012/Projects/Chess/ChessTests/bin/Debug/ChessTests.dll" adapterTypeName="Microsoft.VisualStudio.TestTools.TestTypes.Unit.UnitTestAdapter, Microsoft.VisualStudio.QualityTools.Tips.UnitTest.Adapter, Version=11.0.0.0, Culture=neutral, PublicKeyToken=b03f5f7f11d50a3a" className="ChessTests.BishopTests, ChessTests, Version=1.0.0.0, Culture=neutral, PublicKeyToken=null" name="cannotJumpOppositionDiagDownRight" />
    </UnitTest>
    <UnitTest name="isCellEmptyWhenMovedOff" storage="..\chesstests\bin\debug\chesstests.dll" id="bedd4628-a316-a455-e74b-113d5ac3b3c8">
      <Execution timeOut="1800000" id="9c611257-ea38-4e61-8374-11e7b70c4307" />
      <TestMethod codeBase="C:/Users/ShaneH/Documents/Visual Studio 2012/Projects/Chess/ChessTests/bin/Debug/ChessTests.dll" adapterTypeName="Microsoft.VisualStudio.TestTools.TestTypes.Unit.UnitTestAdapter, Microsoft.VisualStudio.QualityTools.Tips.UnitTest.Adapter, Version=11.0.0.0, Culture=neutral, PublicKeyToken=b03f5f7f11d50a3a" className="ChessTests.ChessTests, ChessTests, Version=1.0.0.0, Culture=neutral, PublicKeyToken=null" name="isCellEmptyWhenMovedOff" />
    </UnitTest>
    <UnitTest name="cannotJumpOppositionDiagUpRight" storage="..\chesstests\bin\debug\chesstests.dll" id="6569eff2-7f15-ccb7-f02b-db4adb59c7db">
      <Execution timeOut="1800000" id="3fced6c8-4050-4f44-9c3d-a6fbbf5e5402" />
      <TestMethod codeBase="C:/Users/ShaneH/Documents/Visual Studio 2012/Projects/Chess/ChessTests/bin/Debug/ChessTests.dll" adapterTypeName="Microsoft.VisualStudio.TestTools.TestTypes.Unit.UnitTestAdapter, Microsoft.VisualStudio.QualityTools.Tips.UnitTest.Adapter, Version=11.0.0.0, Culture=neutral, PublicKeyToken=b03f5f7f11d50a3a" className="ChessTests.BishopTests, ChessTests, Version=1.0.0.0, Culture=neutral, PublicKeyToken=null" name="cannotJumpOppositionDiagUpRight" />
    </UnitTest>
    <UnitTest name="whitePawnCannotMoveTwoSpacesAfterStart" storage="..\chesstests\bin\debug\chesstests.dll" id="35ff0ac0-4840-970b-a280-9a148d7f7af4">
      <Execution timeOut="1800000" id="3ef636d5-d602-4f3d-84a9-66232ea9afb7" />
      <TestMethod codeBase="C:/Users/ShaneH/Documents/Visual Studio 2012/Projects/Chess/ChessTests/bin/Debug/ChessTests.dll" adapterTypeName="Microsoft.VisualStudio.TestTools.TestTypes.Unit.UnitTestAdapter, Microsoft.VisualStudio.QualityTools.Tips.UnitTest.Adapter, Version=11.0.0.0, Culture=neutral, PublicKeyToken=b03f5f7f11d50a3a" className="ChessTests.PawnTests, ChessTests, Version=1.0.0.0, Culture=neutral, PublicKeyToken=null" name="whitePawnCannotMoveTwoSpacesAfterStart" />
    </UnitTest>
    <UnitTest name="cannotMoveRookePastCaptureHorizontallyRight" storage="..\chesstests\bin\debug\chesstests.dll" id="97677ad5-5979-7bdf-4362-02ea31bbd819">
      <Execution timeOut="1800000" id="a30ccb49-91d1-4ff2-93da-bac3ee34d7ee" />
      <TestMethod codeBase="C:/Users/ShaneH/Documents/Visual Studio 2012/Projects/Chess/ChessTests/bin/Debug/ChessTests.dll" adapterTypeName="Microsoft.VisualStudio.TestTools.TestTypes.Unit.UnitTestAdapter, Microsoft.VisualStudio.QualityTools.Tips.UnitTest.Adapter, Version=11.0.0.0, Culture=neutral, PublicKeyToken=b03f5f7f11d50a3a" className="ChessTests.RookeTests, ChessTests, Version=1.0.0.0, Culture=neutral, PublicKeyToken=null" name="cannotMoveRookePastCaptureHorizontallyRight" />
    </UnitTest>
  </TestDefinitions>
  <TestLists>
    <TestList name="Results Not in a List" id="8c84fa94-04c1-424b-9868-57a2d4851a1d" />
    <TestList name="All Loaded Results" id="19431567-8539-422a-85d7-44ee4e166bda" />
  </TestLists>
  <TestEntries>
    <TestEntry testId="bab2dab8-39f1-b478-4ef5-4dc0427dc7d9" executionId="2e0624ea-492f-4574-bdb9-32a9b59ffe67" testListId="8c84fa94-04c1-424b-9868-57a2d4851a1d" />
    <TestEntry testId="b1d1289f-9e7e-87c4-873a-568aec1ab10b" executionId="efd641bc-b22a-4338-983e-3c6d8d0b8a22" testListId="8c84fa94-04c1-424b-9868-57a2d4851a1d" />
    <TestEntry testId="cea9a2db-b9b4-5c44-cdae-ea8c559aa5ab" executionId="f535d26c-1836-4cf7-bad6-c688d4329cfd" testListId="8c84fa94-04c1-424b-9868-57a2d4851a1d" />
    <TestEntry testId="f758d7bc-486f-01b2-cb64-d4b549c6a040" executionId="576c9e43-38b3-4160-8b7a-5863669cf096" testListId="8c84fa94-04c1-424b-9868-57a2d4851a1d" />
    <TestEntry testId="cbde31ee-3d88-9411-c095-9535119853f5" executionId="cf13611a-713c-48b5-a926-f09def54213d" testListId="8c84fa94-04c1-424b-9868-57a2d4851a1d" />
    <TestEntry testId="7b64562e-3d29-ccc9-9a6a-4aaf39707ed4" executionId="12fb6f56-61d2-4a04-9d56-9aa20341d74d" testListId="8c84fa94-04c1-424b-9868-57a2d4851a1d" />
    <TestEntry testId="87b4a0e4-779f-40d0-ae2d-3dbb1b295cb5" executionId="957a0891-40b5-48c8-beb2-33538ef1df9d" testListId="8c84fa94-04c1-424b-9868-57a2d4851a1d" />
    <TestEntry testId="f27377be-1934-c9f6-8d07-ac7266d1d2f6" executionId="406b4360-6326-4f8a-b5c7-9dcc4630f965" testListId="8c84fa94-04c1-424b-9868-57a2d4851a1d" />
    <TestEntry testId="fd4c62da-b4fc-b947-da46-845314dd7c18" executionId="40419c8d-d925-4e85-9741-07d80ec7f930" testListId="8c84fa94-04c1-424b-9868-57a2d4851a1d" />
    <TestEntry testId="ee426e89-ab85-59c3-0fcf-e94b5b68ecd0" executionId="9350e45f-599f-4390-a50e-ca4b0d8637ae" testListId="8c84fa94-04c1-424b-9868-57a2d4851a1d" />
    <TestEntry testId="a1f929ba-6b28-ee21-359e-cf5d46cf368a" executionId="803583ca-6fa4-4665-aed9-d2239fdd1f66" testListId="8c84fa94-04c1-424b-9868-57a2d4851a1d" />
    <TestEntry testId="6569eff2-7f15-ccb7-f02b-db4adb59c7db" executionId="3fced6c8-4050-4f44-9c3d-a6fbbf5e5402" testListId="8c84fa94-04c1-424b-9868-57a2d4851a1d" />
    <TestEntry testId="11146e4e-bbf4-ec57-67f8-0efcf6651dcd" executionId="d62a3aab-573f-4b7c-ad0f-a2f5e7b7731b" testListId="8c84fa94-04c1-424b-9868-57a2d4851a1d" />
    <TestEntry testId="f39b25bd-516f-7ee4-27f1-d563c9037b60" executionId="e91d9875-3b79-4e7c-baa6-e0a82e31f846" testListId="8c84fa94-04c1-424b-9868-57a2d4851a1d" />
    <TestEntry testId="3562f988-caf6-e157-38af-47808bc40815" executionId="4e68c5ce-ed65-4a18-8168-c418d7623e51" testListId="8c84fa94-04c1-424b-9868-57a2d4851a1d" />
    <TestEntry testId="f2547ccb-ac70-9f08-d6b9-a2ccdc08bacc" executionId="749b76d4-ed10-4dff-8b91-161882464085" testListId="8c84fa94-04c1-424b-9868-57a2d4851a1d" />
    <TestEntry testId="88f3539a-9e52-4e5f-3a8e-6ac8f70db456" executionId="1ee4ef37-8c8b-49ff-a938-c8ef68d2c1b2" testListId="8c84fa94-04c1-424b-9868-57a2d4851a1d" />
    <TestEntry testId="0135c415-d464-98bd-b8b3-bd9c939f3dde" executionId="eeedad99-7c09-40ce-afec-16f49929c81f" testListId="8c84fa94-04c1-424b-9868-57a2d4851a1d" />
    <TestEntry testId="59322b24-fed2-1448-d0b4-50356cfcbb98" executionId="4731b25d-3467-4e32-9eb1-ff0a51dc1606" testListId="8c84fa94-04c1-424b-9868-57a2d4851a1d" />
    <TestEntry testId="689961f3-b549-c9f7-fc0a-74afd1b1e274" executionId="643f2ea3-f6d1-4355-bd02-18a82e14ccd9" testListId="8c84fa94-04c1-424b-9868-57a2d4851a1d" />
    <TestEntry testId="64ef643a-95e0-b1de-5aee-37e849e90430" executionId="76218d49-5980-4937-8b3c-84d11ef7bb55" testListId="8c84fa94-04c1-424b-9868-57a2d4851a1d" />
    <TestEntry testId="f4c8b637-ea9c-8efa-a91b-fbb27555fab4" executionId="3567de85-1d85-4b6b-8828-16ea3d233711" testListId="8c84fa94-04c1-424b-9868-57a2d4851a1d" />
    <TestEntry testId="46a22037-07ac-0ccf-02e3-fd7145e502cd" executionId="bf9e2e07-e2dc-4fa8-9794-dfc03d5d29be" testListId="8c84fa94-04c1-424b-9868-57a2d4851a1d" />
    <TestEntry testId="9d752e3a-962f-b4d2-f688-e9e19ffd27bf" executionId="5fe32eae-6842-4fbd-9ef6-d3de1995f664" testListId="8c84fa94-04c1-424b-9868-57a2d4851a1d" />
    <TestEntry testId="b4976dbf-056c-73f6-1b78-f13c2b1d127b" executionId="a08bb965-66d8-4bf3-bd59-1d794b8e7e20" testListId="8c84fa94-04c1-424b-9868-57a2d4851a1d" />
    <TestEntry testId="d4ac55cd-7290-4fbf-9991-5ab16bc1fda2" executionId="c9ca675a-bb9c-4800-98ac-dc654dee0d8b" testListId="8c84fa94-04c1-424b-9868-57a2d4851a1d" />
    <TestEntry testId="197972f7-6197-faf7-a2b7-9fae8c675127" executionId="04039593-146b-4689-98e7-585cc44f13d2" testListId="8c84fa94-04c1-424b-9868-57a2d4851a1d" />
    <TestEntry testId="fd75eb10-5261-cc1e-b982-ae741a061d34" executionId="4cd6ee30-1e0a-42ed-a1e7-2cb596afe47b" testListId="8c84fa94-04c1-424b-9868-57a2d4851a1d" />
    <TestEntry testId="3e21814f-4c9d-063d-798f-e0eaffbae55e" executionId="a676126f-6aa7-41de-885a-6c4430427891" testListId="8c84fa94-04c1-424b-9868-57a2d4851a1d" />
    <TestEntry testId="4ed072d2-7529-fe73-ad46-07bd95268187" executionId="0cd5adbe-9333-4b75-b7da-4b573f5fb533" testListId="8c84fa94-04c1-424b-9868-57a2d4851a1d" />
    <TestEntry testId="8900ceac-b7b6-1032-98bc-f3e21d0abb21" executionId="215f29c9-39c1-4dcb-9e9a-ec9bbe144ff9" testListId="8c84fa94-04c1-424b-9868-57a2d4851a1d" />
    <TestEntry testId="005829d6-859e-9315-7aa3-e62df14cfd2f" executionId="a6e2e195-1b62-4fbb-b94a-350361eb651e" testListId="8c84fa94-04c1-424b-9868-57a2d4851a1d" />
    <TestEntry testId="7d98f31d-f1f6-0621-aa93-72560fa182b3" executionId="eeff3c70-ec6d-460f-a673-6ebc7969eef1" testListId="8c84fa94-04c1-424b-9868-57a2d4851a1d" />
    <TestEntry testId="b7b09a89-f922-b298-bb69-6134762504c7" executionId="6a77a935-7f3e-4fac-979c-c4b900bb8a23" testListId="8c84fa94-04c1-424b-9868-57a2d4851a1d" />
    <TestEntry testId="05d65582-adf5-1549-bdb6-f0e47270afd3" executionId="9a8a6f98-6af0-49d3-a776-1c41338576fe" testListId="8c84fa94-04c1-424b-9868-57a2d4851a1d" />
    <TestEntry testId="2622fed3-4e63-071a-2d6d-7db13abf1a89" executionId="66d3900f-2752-45b9-83ce-78bb533cb3e7" testListId="8c84fa94-04c1-424b-9868-57a2d4851a1d" />
    <TestEntry testId="a5cecf0f-42c5-3103-c37e-7de0c32f1d40" executionId="47069da5-8f88-4fbc-9366-86cf081b7c2a" testListId="8c84fa94-04c1-424b-9868-57a2d4851a1d" />
    <TestEntry testId="18c1f855-99f0-d7c9-3814-1b9500d79abb" executionId="df733705-3f95-42db-b70c-f8eea5c08c13" testListId="8c84fa94-04c1-424b-9868-57a2d4851a1d" />
    <TestEntry testId="b899b54b-1fed-9cb3-745e-fba087b88573" executionId="c3e3fbef-f371-4996-bc7e-11803e6de565" testListId="8c84fa94-04c1-424b-9868-57a2d4851a1d" />
    <TestEntry testId="56379117-1d4e-106a-e150-22beb95db5f6" executionId="d29eebc5-fca5-4808-b62f-025071dbfcc7" testListId="8c84fa94-04c1-424b-9868-57a2d4851a1d" />
    <TestEntry testId="bedd4628-a316-a455-e74b-113d5ac3b3c8" executionId="9c611257-ea38-4e61-8374-11e7b70c4307" testListId="8c84fa94-04c1-424b-9868-57a2d4851a1d" />
    <TestEntry testId="c9eef1b9-2601-24e4-e66c-677a0f68bfe9" executionId="f9b93ec1-d4ca-40aa-ac95-30bf4ee8f0c3" testListId="8c84fa94-04c1-424b-9868-57a2d4851a1d" />
    <TestEntry testId="dafe7a1e-3bd2-12cf-e3a7-a7dc8926d90c" executionId="1659c0f5-b75d-46d6-92f8-0325aac7f034" testListId="8c84fa94-04c1-424b-9868-57a2d4851a1d" />
    <TestEntry testId="db17ca7a-fdcd-e135-ff66-0041667888a6" executionId="0e442a6e-85f3-4d43-bdae-044b12472c6a" testListId="8c84fa94-04c1-424b-9868-57a2d4851a1d" />
    <TestEntry testId="5ba4e3e7-6993-ed4b-8ced-e1d13c26b064" executionId="b1fce295-118a-4b1a-a751-f80797957823" testListId="8c84fa94-04c1-424b-9868-57a2d4851a1d" />
    <TestEntry testId="708e0fda-e1a5-7f8b-3069-c1364aee94b5" executionId="6dbaf897-d01a-481e-91e9-deb5d907cb2a" testListId="8c84fa94-04c1-424b-9868-57a2d4851a1d" />
    <TestEntry testId="5e1118ed-9b53-f770-8503-6b91f9e32547" executionId="39337595-6255-4f7e-94bb-283951887268" testListId="8c84fa94-04c1-424b-9868-57a2d4851a1d" />
    <TestEntry testId="6cf57c02-d527-684a-9612-4d68bc5f29f6" executionId="6a784d26-bfcd-40c6-9cbc-0ae7fd51eb78" testListId="8c84fa94-04c1-424b-9868-57a2d4851a1d" />
    <TestEntry testId="89133348-f31e-9131-8497-14e1440854d8" executionId="4aaa80f7-1b7c-4a4a-874f-c7889c4c2c36" testListId="8c84fa94-04c1-424b-9868-57a2d4851a1d" />
    <TestEntry testId="da7f9d67-6583-5b93-3103-caab5031e2e0" executionId="9dd92f9f-3e2c-4eaf-ad04-5cac72a7c85f" testListId="8c84fa94-04c1-424b-9868-57a2d4851a1d" />
    <TestEntry testId="b6442f0f-5bfd-8c1c-ad13-f1d69b3a8a06" executionId="cd7105ef-034c-487e-ab35-70f29fa11512" testListId="8c84fa94-04c1-424b-9868-57a2d4851a1d" />
    <TestEntry testId="dec0744b-b5da-6a4d-ad0a-355a63963703" executionId="d589e241-e957-4984-96d9-fed753d1f1db" testListId="8c84fa94-04c1-424b-9868-57a2d4851a1d" />
    <TestEntry testId="aec32abe-a9a4-ee33-7558-1c7c2a3fabec" executionId="11e0c429-c197-491b-afd4-852fa57a4201" testListId="8c84fa94-04c1-424b-9868-57a2d4851a1d" />
    <TestEntry testId="129b002c-1fd8-a858-11b5-efb8011f1c66" executionId="3fa802de-8326-44ec-8bf6-07e16dd7c72d" testListId="8c84fa94-04c1-424b-9868-57a2d4851a1d" />
    <TestEntry testId="3d0b3fd5-ed3e-b00a-e692-69db01d97037" executionId="51d75aa3-95ef-442c-b298-11625516f830" testListId="8c84fa94-04c1-424b-9868-57a2d4851a1d" />
    <TestEntry testId="cf3b5912-6ae6-e0a1-b350-a9a883f44204" executionId="2a2244a5-d104-42db-b466-582c64d6b95f" testListId="8c84fa94-04c1-424b-9868-57a2d4851a1d" />
    <TestEntry testId="ed293079-60d8-dd36-58ca-ab1711252e1b" executionId="96ca9bee-4423-46d5-9a4e-7b8d1d8b676e" testListId="8c84fa94-04c1-424b-9868-57a2d4851a1d" />
    <TestEntry testId="b1cacb72-0763-fed2-dae6-92a0ddd885e0" executionId="c4bce34d-ad9b-4d00-8f9f-0d370183049c" testListId="8c84fa94-04c1-424b-9868-57a2d4851a1d" />
    <TestEntry testId="b48545f1-36d0-2752-215f-8475388c03a6" executionId="4a2350be-07b0-4072-86d0-81626ec908af" testListId="8c84fa94-04c1-424b-9868-57a2d4851a1d" />
    <TestEntry testId="01e1d85e-511b-f54c-a1a1-900d1b604f70" executionId="de0de130-47ed-41b2-9570-05ed0ec3dfcb" testListId="8c84fa94-04c1-424b-9868-57a2d4851a1d" />
    <TestEntry testId="020bc553-c880-41f6-e7a5-5598075d4e67" executionId="d4313954-3cfd-485b-87cc-b3ff8fe839ca" testListId="8c84fa94-04c1-424b-9868-57a2d4851a1d" />
    <TestEntry testId="5549ceba-3e9a-6148-26c8-8ad403ffbfa1" executionId="29f92cd6-19e2-48db-9c60-25264ac5135d" testListId="8c84fa94-04c1-424b-9868-57a2d4851a1d" />
    <TestEntry testId="12e63596-1c4e-b553-8314-65281f6114b3" executionId="b3590faa-70ed-40bb-a50e-fae9c09e9f2c" testListId="8c84fa94-04c1-424b-9868-57a2d4851a1d" />
    <TestEntry testId="ad975496-37d7-dfa8-72c5-ed19caf4b8d6" executionId="cb2041f1-7364-4e78-b427-cc07a1a2c930" testListId="8c84fa94-04c1-424b-9868-57a2d4851a1d" />
    <TestEntry testId="40d1b41f-84e9-0b2b-3898-954b6294bb34" executionId="593df1c8-7b96-4179-97e6-734d879b35a7" testListId="8c84fa94-04c1-424b-9868-57a2d4851a1d" />
    <TestEntry testId="c281314e-828d-e156-cbd7-96cd2b327ed0" executionId="6ee1fc7d-8200-4886-954b-885c6bdf146d" testListId="8c84fa94-04c1-424b-9868-57a2d4851a1d" />
    <TestEntry testId="84067fc2-a576-9ac6-6f3c-59ca7fae01b3" executionId="1c0a9fab-e592-40b9-88a1-467aad6d6fe0" testListId="8c84fa94-04c1-424b-9868-57a2d4851a1d" />
    <TestEntry testId="3b8989d4-9468-d4f5-4fa5-0c83cef3e6e3" executionId="2fa27a82-1f93-4242-9344-0486e3879377" testListId="8c84fa94-04c1-424b-9868-57a2d4851a1d" />
    <TestEntry testId="8b767757-2d46-6db2-6c72-a25020070dc1" executionId="f0d09672-b50e-4f99-a5ab-75d483bb4793" testListId="8c84fa94-04c1-424b-9868-57a2d4851a1d" />
    <TestEntry testId="f1a715f9-9cf1-9e64-a4be-97f94a04714c" executionId="da5309fe-c52d-4caf-a5be-fa795e788507" testListId="8c84fa94-04c1-424b-9868-57a2d4851a1d" />
    <TestEntry testId="98edb5da-2506-8b04-eeed-1852ef2aaf00" executionId="295f4bec-f929-480a-9cbc-64194b63702d" testListId="8c84fa94-04c1-424b-9868-57a2d4851a1d" />
    <TestEntry testId="070484d8-b78f-e4c9-05d6-cba7187facb9" executionId="e4f542b1-3d54-4a67-95db-586b7481fe5f" testListId="8c84fa94-04c1-424b-9868-57a2d4851a1d" />
    <TestEntry testId="0c39fefa-5032-d364-0d53-99bb085e0982" executionId="d08dd82d-59e5-4f8a-8181-ca86040c69d6" testListId="8c84fa94-04c1-424b-9868-57a2d4851a1d" />
    <TestEntry testId="072141a6-213d-f7c1-ad94-78892f83b7a0" executionId="348502cf-69ae-4784-ada2-fb12f029212f" testListId="8c84fa94-04c1-424b-9868-57a2d4851a1d" />
    <TestEntry testId="cb78d65f-db30-1067-6355-33912c9c98b3" executionId="982d7f58-1f0d-408a-a5d1-1e12d5e2003e" testListId="8c84fa94-04c1-424b-9868-57a2d4851a1d" />
    <TestEntry testId="8e7b2879-f716-116d-99dc-23f8e18ae182" executionId="e2e49854-db23-4703-a660-f1241f4385af" testListId="8c84fa94-04c1-424b-9868-57a2d4851a1d" />
    <TestEntry testId="d6be978c-e15f-fa6c-2dca-55f439cdf674" executionId="138b2116-746b-485f-b9bd-87cb388bb4cb" testListId="8c84fa94-04c1-424b-9868-57a2d4851a1d" />
    <TestEntry testId="31f39857-46fe-cad3-eea6-de16b677be95" executionId="09b3502b-b60c-45ec-b04c-8ac7b0901630" testListId="8c84fa94-04c1-424b-9868-57a2d4851a1d" />
    <TestEntry testId="af7199b0-e83f-767d-57c7-bef2cae34aa3" executionId="e9f352c2-b518-455e-ae22-19e0aac21625" testListId="8c84fa94-04c1-424b-9868-57a2d4851a1d" />
    <TestEntry testId="74218563-c78e-d800-7101-79460a2a54a4" executionId="152ca6d5-bf4b-4d5b-8b49-dd887baa76d2" testListId="8c84fa94-04c1-424b-9868-57a2d4851a1d" />
    <TestEntry testId="2ead5f87-4f49-9731-8b7d-274f7728f6ce" executionId="6b669b4c-4fa6-4331-b0a6-7cdef8415bea" testListId="8c84fa94-04c1-424b-9868-57a2d4851a1d" />
    <TestEntry testId="f4345ccc-f7f8-a9d0-d85f-f34d1eaed95e" executionId="06659ca3-1eac-42bd-8f66-3fabde44a35e" testListId="8c84fa94-04c1-424b-9868-57a2d4851a1d" />
    <TestEntry testId="1889f775-0977-2f85-bcf9-6dc4aeb0834c" executionId="e27dc708-afe3-4b0c-aabe-0da691ef7042" testListId="8c84fa94-04c1-424b-9868-57a2d4851a1d" />
    <TestEntry testId="e4425b0f-0cb4-e465-5faf-5fa77fa81a46" executionId="8a605085-66a9-4dc6-b88d-8efb4f26694a" testListId="8c84fa94-04c1-424b-9868-57a2d4851a1d" />
    <TestEntry testId="17c89217-fc60-adea-d5e7-d8f5759cacf3" executionId="c4be4a51-60bd-4dac-9f1e-60e2020e2a74" testListId="8c84fa94-04c1-424b-9868-57a2d4851a1d" />
    <TestEntry testId="557ea181-0881-47c7-90a7-baa142d9c0b1" executionId="9427d25c-6d88-44ae-933c-69399f383fca" testListId="8c84fa94-04c1-424b-9868-57a2d4851a1d" />
    <TestEntry testId="72153cfe-4389-9773-f6fd-6685bb51f896" executionId="aa990c06-826c-4092-9d76-ee4c65b2af6e" testListId="8c84fa94-04c1-424b-9868-57a2d4851a1d" />
    <TestEntry testId="77a8b315-06d4-5fac-05d9-90fcccdac88f" executionId="4aa89b0a-ecae-4231-b859-207999462e56" testListId="8c84fa94-04c1-424b-9868-57a2d4851a1d" />
    <TestEntry testId="276aeaf4-94bd-7cc4-0bfa-fd1b795b8f09" executionId="c51e5dcd-6426-45cd-82bd-5d5249034bc7" testListId="8c84fa94-04c1-424b-9868-57a2d4851a1d" />
    <TestEntry testId="c9fb8199-30a5-e351-264b-e657ae13b916" executionId="051b0bff-904a-4595-8d3b-269ed9a2cd9c" testListId="8c84fa94-04c1-424b-9868-57a2d4851a1d" />
    <TestEntry testId="6d29da73-1392-f864-ac11-db455215ce75" executionId="6f68b78b-1b2c-4b1f-a282-1c789e32d22d" testListId="8c84fa94-04c1-424b-9868-57a2d4851a1d" />
    <TestEntry testId="4f8f2480-799b-0be7-4437-c1ecf75fbaa1" executionId="5d4f199a-dbc0-4bab-a2a7-a28552aaaee8" testListId="8c84fa94-04c1-424b-9868-57a2d4851a1d" />
    <TestEntry testId="1ae802a5-bb94-ae3c-980c-cf0121da8a4a" executionId="e5f2c8cd-34a3-4377-8dac-946671211c2e" testListId="8c84fa94-04c1-424b-9868-57a2d4851a1d" />
    <TestEntry testId="978c0671-8eb9-8633-411e-8b65bb821d6c" executionId="013cb98f-7242-4f14-937c-988bb68a2c80" testListId="8c84fa94-04c1-424b-9868-57a2d4851a1d" />
    <TestEntry testId="31b640ce-2e58-2f38-568e-804147d116f8" executionId="7f72616d-e786-4d52-8904-98d9898bca56" testListId="8c84fa94-04c1-424b-9868-57a2d4851a1d" />
    <TestEntry testId="5e0522cb-aa6a-a547-6b61-65ded7b9398a" executionId="490e7e7f-e0df-4831-925a-3585d33c46e7" testListId="8c84fa94-04c1-424b-9868-57a2d4851a1d" />
    <TestEntry testId="35ff0ac0-4840-970b-a280-9a148d7f7af4" executionId="3ef636d5-d602-4f3d-84a9-66232ea9afb7" testListId="8c84fa94-04c1-424b-9868-57a2d4851a1d" />
    <TestEntry testId="76d2cb65-6735-d8b0-b056-6bd2e46786ef" executionId="04878acf-bca3-4181-a927-3aa4beb62fd0" testListId="8c84fa94-04c1-424b-9868-57a2d4851a1d" />
    <TestEntry testId="85ab3335-8bf0-ecfa-98f7-0db700370fe2" executionId="21393554-54b2-4ebe-8a00-96b4d318b0ac" testListId="8c84fa94-04c1-424b-9868-57a2d4851a1d" />
    <TestEntry testId="f1502619-456c-8ace-3118-e479f255cb31" executionId="aaeff39b-9bf6-4b07-b0f1-250860f178ff" testListId="8c84fa94-04c1-424b-9868-57a2d4851a1d" />
    <TestEntry testId="f9b6fa3b-c686-0e22-5a5c-d78c0f5f065a" executionId="2ae6540a-8ced-4784-91fc-d174a6ff4271" testListId="8c84fa94-04c1-424b-9868-57a2d4851a1d" />
    <TestEntry testId="efc90440-a3c1-87f7-fff9-787ea282e06e" executionId="d1bf407d-6c47-4ee4-9075-272243ee25ce" testListId="8c84fa94-04c1-424b-9868-57a2d4851a1d" />
    <TestEntry testId="2d6867c6-934d-12ca-881f-8ca2af17d2e4" executionId="7fcec770-0ce7-4138-84a2-c18efc7fd018" testListId="8c84fa94-04c1-424b-9868-57a2d4851a1d" />
    <TestEntry testId="e7f23f39-7057-048c-f8c3-7322c51edfe0" executionId="e8a90900-3f08-4ef9-a005-9ff8861e7686" testListId="8c84fa94-04c1-424b-9868-57a2d4851a1d" />
    <TestEntry testId="2a82fa15-d608-6e25-a9ff-4f118775d58a" executionId="1e6374ad-e5cc-4f77-ac48-409de9537031" testListId="8c84fa94-04c1-424b-9868-57a2d4851a1d" />
    <TestEntry testId="e3792867-8253-4fa3-d7e9-04dbc55b7bd0" executionId="4fbe8ddc-7762-428e-8428-dd260435f4e8" testListId="8c84fa94-04c1-424b-9868-57a2d4851a1d" />
    <TestEntry testId="62090d81-bf34-b23d-be59-e474692bb2bb" executionId="9e0dd1d0-820f-4315-b9f6-286cfe76ad66" testListId="8c84fa94-04c1-424b-9868-57a2d4851a1d" />
    <TestEntry testId="4a2195e8-be6f-2084-7664-243a4cb97e3b" executionId="fe8d2a27-f02f-462e-ba11-6abc29548c69" testListId="8c84fa94-04c1-424b-9868-57a2d4851a1d" />
    <TestEntry testId="01079ac0-f339-2360-8171-8d0e80010056" executionId="89eebfdc-712a-4d47-9712-2c3ae770c505" testListId="8c84fa94-04c1-424b-9868-57a2d4851a1d" />
    <TestEntry testId="61071a05-3bb9-84f7-1063-093a7badabca" executionId="8f44c933-e597-4907-b08a-c6c1be449218" testListId="8c84fa94-04c1-424b-9868-57a2d4851a1d" />
    <TestEntry testId="c402f9ec-8f13-951f-df43-c12680e572ae" executionId="c5990059-5a08-462f-a00a-ca201d9c04b3" testListId="8c84fa94-04c1-424b-9868-57a2d4851a1d" />
    <TestEntry testId="d4b4b6b0-fdac-28f8-f2f7-9327c017f9a7" executionId="290f9797-1010-486a-9ee2-3c927fe137db" testListId="8c84fa94-04c1-424b-9868-57a2d4851a1d" />
    <TestEntry testId="e4fdf7b7-fbc8-2aec-924b-d61622bf4a88" executionId="a076f03c-0e1a-435e-9f7b-bc684ce19abc" testListId="8c84fa94-04c1-424b-9868-57a2d4851a1d" />
    <TestEntry testId="e792f20f-71d7-a991-5d57-f2e7cd212d47" executionId="e0b92177-6d01-4048-8feb-6afdb49b05fd" testListId="8c84fa94-04c1-424b-9868-57a2d4851a1d" />
    <TestEntry testId="c1c27b4b-7a33-214b-6362-9bd66a9e7aaf" executionId="b414c6d0-d823-410f-a798-d8d7b324c850" testListId="8c84fa94-04c1-424b-9868-57a2d4851a1d" />
    <TestEntry testId="b9c436ed-8dd8-bc86-8f71-4fabbe67047a" executionId="4eafcdb1-76bf-4f55-b21a-decf51b375da" testListId="8c84fa94-04c1-424b-9868-57a2d4851a1d" />
    <TestEntry testId="64d13654-89e5-88f2-72b5-dc67279b010a" executionId="8a1ec47e-18e9-4fe8-b237-bee32a7ce213" testListId="8c84fa94-04c1-424b-9868-57a2d4851a1d" />
    <TestEntry testId="90e85dc8-3adb-5026-5221-e60e1c8ff937" executionId="6bd6cd75-5d9a-4c41-b326-1659ea85b57e" testListId="8c84fa94-04c1-424b-9868-57a2d4851a1d" />
    <TestEntry testId="67083cf0-0995-a4e7-7fdc-a7119196534e" executionId="ff4bd592-21e2-4218-8955-ab7dc8dda214" testListId="8c84fa94-04c1-424b-9868-57a2d4851a1d" />
    <TestEntry testId="cb05a3a8-7e11-2daa-70ae-bb6f6a2d1beb" executionId="b6e5cc30-9f1a-4cfb-b51c-0834a969df95" testListId="8c84fa94-04c1-424b-9868-57a2d4851a1d" />
    <TestEntry testId="4211946f-1506-577f-195b-18cb2fdd61ad" executionId="1f7077b4-a78f-469b-b24a-eb49ecd382ba" testListId="8c84fa94-04c1-424b-9868-57a2d4851a1d" />
    <TestEntry testId="bf075d77-5fe1-ee4d-fe49-2ee12940b16b" executionId="0ddd9118-cbf6-4399-abd1-8fea5b78df95" testListId="8c84fa94-04c1-424b-9868-57a2d4851a1d" />
    <TestEntry testId="0e7eb3a4-171d-8697-3451-91c26cec15db" executionId="0657a3f7-222c-41d6-ad8e-b4157804cf65" testListId="8c84fa94-04c1-424b-9868-57a2d4851a1d" />
    <TestEntry testId="025d6265-5376-21a5-89b8-81799288836d" executionId="08def3b2-9429-4707-a87c-3ce5cb5eb975" testListId="8c84fa94-04c1-424b-9868-57a2d4851a1d" />
    <TestEntry testId="97677ad5-5979-7bdf-4362-02ea31bbd819" executionId="a30ccb49-91d1-4ff2-93da-bac3ee34d7ee" testListId="8c84fa94-04c1-424b-9868-57a2d4851a1d" />
    <TestEntry testId="9b99d74a-4f4b-0f7d-6cef-f2c04b2263df" executionId="b1ee8e95-4285-4dd5-94af-d0706de65769" testListId="8c84fa94-04c1-424b-9868-57a2d4851a1d" />
    <TestEntry testId="5de48dbd-0fe5-af4c-0872-0ab8a96d15fa" executionId="8c4912e0-1203-4b6d-9cd5-fe4111c71121" testListId="8c84fa94-04c1-424b-9868-57a2d4851a1d" />
    <TestEntry testId="3cb9b942-8fee-88ba-c03b-002cdc761005" executionId="f33c3434-7675-446a-86e5-432f209aa490" testListId="8c84fa94-04c1-424b-9868-57a2d4851a1d" />
  </TestEntries>
  <Results>
    <UnitTestResult executionId="2e0624ea-492f-4574-bdb9-32a9b59ffe67" testId="bab2dab8-39f1-b478-4ef5-4dc0427dc7d9" testName="canMoveBlackBishipDiagonalUpRightNoObstructions" computerName="ITSSHAW" duration="00:00:00.0546739" startTime="2013-11-28T07:43:48.1432202+02:00" endTime="2013-11-28T07:43:48.2572202+02:00" testType="13cdc9d9-ddb5-4fa4-a97d-d965ccfc6d4b" outcome="Passed" testListId="8c84fa94-04c1-424b-9868-57a2d4851a1d" relativeResultsDirectory="2e0624ea-492f-4574-bdb9-32a9b59ffe67">
    </UnitTestResult>
    <UnitTestResult executionId="efd641bc-b22a-4338-983e-3c6d8d0b8a22" testId="b1d1289f-9e7e-87c4-873a-568aec1ab10b" testName="canMoveBlackBishopDiagonallyDownLeftNoObstructions" computerName="ITSSHAW" duration="00:00:00.0011226" startTime="2013-11-28T07:43:48.2602202+02:00" endTime="2013-11-28T07:43:48.2622202+02:00" testType="13cdc9d9-ddb5-4fa4-a97d-d965ccfc6d4b" outcome="Passed" testListId="8c84fa94-04c1-424b-9868-57a2d4851a1d" relativeResultsDirectory="efd641bc-b22a-4338-983e-3c6d8d0b8a22">
    </UnitTestResult>
    <UnitTestResult executionId="f535d26c-1836-4cf7-bad6-c688d4329cfd" testId="cea9a2db-b9b4-5c44-cdae-ea8c559aa5ab" testName="canMoveBlackBishopDiagonallyDownRightNoObstructions" computerName="ITSSHAW" duration="00:00:00.0011775" startTime="2013-11-28T07:43:48.2642202+02:00" endTime="2013-11-28T07:43:48.2672202+02:00" testType="13cdc9d9-ddb5-4fa4-a97d-d965ccfc6d4b" outcome="Passed" testListId="8c84fa94-04c1-424b-9868-57a2d4851a1d" relativeResultsDirectory="f535d26c-1836-4cf7-bad6-c688d4329cfd">
    </UnitTestResult>
    <UnitTestResult executionId="576c9e43-38b3-4160-8b7a-5863669cf096" testId="f758d7bc-486f-01b2-cb64-d4b549c6a040" testName="canMoveBlackBishopDiagonalUpLeftNoObstructions" computerName="ITSSHAW" duration="00:00:00.0008334" startTime="2013-11-28T07:43:48.2682202+02:00" endTime="2013-11-28T07:43:48.2692202+02:00" testType="13cdc9d9-ddb5-4fa4-a97d-d965ccfc6d4b" outcome="Passed" testListId="8c84fa94-04c1-424b-9868-57a2d4851a1d" relativeResultsDirectory="576c9e43-38b3-4160-8b7a-5863669cf096">
    </UnitTestResult>
    <UnitTestResult executionId="cf13611a-713c-48b5-a926-f09def54213d" testId="cbde31ee-3d88-9411-c095-9535119853f5" testName="canMoveWhiteBishopDiagonallyDownLeftNoObstructions" computerName="ITSSHAW" duration="00:00:00.0015596" startTime="2013-11-28T07:43:48.2702202+02:00" endTime="2013-11-28T07:43:48.2732202+02:00" testType="13cdc9d9-ddb5-4fa4-a97d-d965ccfc6d4b" outcome="Passed" testListId="8c84fa94-04c1-424b-9868-57a2d4851a1d" relativeResultsDirectory="cf13611a-713c-48b5-a926-f09def54213d">
    </UnitTestResult>
    <UnitTestResult executionId="12fb6f56-61d2-4a04-9d56-9aa20341d74d" testId="7b64562e-3d29-ccc9-9a6a-4aaf39707ed4" testName="canMoveWhiteBishopDiagonallyDownRightNoObstructions" computerName="ITSSHAW" duration="00:00:00.0011772" startTime="2013-11-28T07:43:48.2792202+02:00" endTime="2013-11-28T07:43:48.2802202+02:00" testType="13cdc9d9-ddb5-4fa4-a97d-d965ccfc6d4b" outcome="Passed" testListId="8c84fa94-04c1-424b-9868-57a2d4851a1d" relativeResultsDirectory="12fb6f56-61d2-4a04-9d56-9aa20341d74d">
    </UnitTestResult>
    <UnitTestResult executionId="957a0891-40b5-48c8-beb2-33538ef1df9d" testId="87b4a0e4-779f-40d0-ae2d-3dbb1b295cb5" testName="canMoveWhiteBishopDiagonalUpLeftNoObstructions" computerName="ITSSHAW" duration="00:00:00.0011751" startTime="2013-11-28T07:43:48.2822202+02:00" endTime="2013-11-28T07:43:48.2832202+02:00" testType="13cdc9d9-ddb5-4fa4-a97d-d965ccfc6d4b" outcome="Passed" testListId="8c84fa94-04c1-424b-9868-57a2d4851a1d" relativeResultsDirectory="957a0891-40b5-48c8-beb2-33538ef1df9d">
    </UnitTestResult>
    <UnitTestResult executionId="406b4360-6326-4f8a-b5c7-9dcc4630f965" testId="f27377be-1934-c9f6-8d07-ac7266d1d2f6" testName="canMoveWhiteBishopDiagonalUpRightNoObstructions" computerName="ITSSHAW" duration="00:00:00.0021938" startTime="2013-11-28T07:43:48.2852202+02:00" endTime="2013-11-28T07:43:48.2882202+02:00" testType="13cdc9d9-ddb5-4fa4-a97d-d965ccfc6d4b" outcome="Passed" testListId="8c84fa94-04c1-424b-9868-57a2d4851a1d" relativeResultsDirectory="406b4360-6326-4f8a-b5c7-9dcc4630f965">
    </UnitTestResult>
    <UnitTestResult executionId="40419c8d-d925-4e85-9741-07d80ec7f930" testId="fd4c62da-b4fc-b947-da46-845314dd7c18" testName="cannotJumpOppositionDiagDownLeft" computerName="ITSSHAW" duration="00:00:00.0088790" startTime="2013-11-28T07:43:48.2892202+02:00" endTime="2013-11-28T07:43:48.2992202+02:00" testType="13cdc9d9-ddb5-4fa4-a97d-d965ccfc6d4b" outcome="Passed" testListId="8c84fa94-04c1-424b-9868-57a2d4851a1d" relativeResultsDirectory="40419c8d-d925-4e85-9741-07d80ec7f930">
    </UnitTestResult>
    <UnitTestResult executionId="9350e45f-599f-4390-a50e-ca4b0d8637ae" testId="ee426e89-ab85-59c3-0fcf-e94b5b68ecd0" testName="cannotJumpOppositionDiagDownRight" computerName="ITSSHAW" duration="00:00:00.0010951" startTime="2013-11-28T07:43:48.3002202+02:00" endTime="2013-11-28T07:43:48.3022202+02:00" testType="13cdc9d9-ddb5-4fa4-a97d-d965ccfc6d4b" outcome="Passed" testListId="8c84fa94-04c1-424b-9868-57a2d4851a1d" relativeResultsDirectory="9350e45f-599f-4390-a50e-ca4b0d8637ae">
    </UnitTestResult>
    <UnitTestResult executionId="803583ca-6fa4-4665-aed9-d2239fdd1f66" testId="a1f929ba-6b28-ee21-359e-cf5d46cf368a" testName="cannotJumpOppositionDiagUpLeft" computerName="ITSSHAW" duration="00:00:00.0171079" startTime="2013-11-28T07:43:48.3032202+02:00" endTime="2013-11-28T07:43:48.3212202+02:00" testType="13cdc9d9-ddb5-4fa4-a97d-d965ccfc6d4b" outcome="Passed" testListId="8c84fa94-04c1-424b-9868-57a2d4851a1d" relativeResultsDirectory="803583ca-6fa4-4665-aed9-d2239fdd1f66">
    </UnitTestResult>
    <UnitTestResult executionId="3fced6c8-4050-4f44-9c3d-a6fbbf5e5402" testId="6569eff2-7f15-ccb7-f02b-db4adb59c7db" testName="cannotJumpOppositionDiagUpRight" computerName="ITSSHAW" duration="00:00:00.0009909" startTime="2013-11-28T07:43:48.3222202+02:00" endTime="2013-11-28T07:43:48.3232202+02:00" testType="13cdc9d9-ddb5-4fa4-a97d-d965ccfc6d4b" outcome="Passed" testListId="8c84fa94-04c1-424b-9868-57a2d4851a1d" relativeResultsDirectory="3fced6c8-4050-4f44-9c3d-a6fbbf5e5402">
    </UnitTestResult>
    <UnitTestResult executionId="d62a3aab-573f-4b7c-ad0f-a2f5e7b7731b" testId="11146e4e-bbf4-ec57-67f8-0efcf6651dcd" testName="cannotTakeOwnPieceDiagDownLeft" computerName="ITSSHAW" duration="00:00:00.0008195" startTime="2013-11-28T07:43:48.3242202+02:00" endTime="2013-11-28T07:43:48.3262202+02:00" testType="13cdc9d9-ddb5-4fa4-a97d-d965ccfc6d4b" outcome="Passed" testListId="8c84fa94-04c1-424b-9868-57a2d4851a1d" relativeResultsDirectory="d62a3aab-573f-4b7c-ad0f-a2f5e7b7731b">
    </UnitTestResult>
    <UnitTestResult executionId="e91d9875-3b79-4e7c-baa6-e0a82e31f846" testId="f39b25bd-516f-7ee4-27f1-d563c9037b60" testName="cannotTakeOwnPieceDiagDownRight" computerName="ITSSHAW" duration="00:00:00.0009016" startTime="2013-11-28T07:43:48.3272202+02:00" endTime="2013-11-28T07:43:48.3282202+02:00" testType="13cdc9d9-ddb5-4fa4-a97d-d965ccfc6d4b" outcome="Passed" testListId="8c84fa94-04c1-424b-9868-57a2d4851a1d" relativeResultsDirectory="e91d9875-3b79-4e7c-baa6-e0a82e31f846">
    </UnitTestResult>
    <UnitTestResult executionId="4e68c5ce-ed65-4a18-8168-c418d7623e51" testId="3562f988-caf6-e157-38af-47808bc40815" testName="cannotTakeOwnPieceDiagUpLeft" computerName="ITSSHAW" duration="00:00:00.0007769" startTime="2013-11-28T07:43:48.3292202+02:00" endTime="2013-11-28T07:43:48.3312202+02:00" testType="13cdc9d9-ddb5-4fa4-a97d-d965ccfc6d4b" outcome="Passed" testListId="8c84fa94-04c1-424b-9868-57a2d4851a1d" relativeResultsDirectory="4e68c5ce-ed65-4a18-8168-c418d7623e51">
    </UnitTestResult>
    <UnitTestResult executionId="749b76d4-ed10-4dff-8b91-161882464085" testId="f2547ccb-ac70-9f08-d6b9-a2ccdc08bacc" testName="cannotTakeOwnPieceDiagUpRight" computerName="ITSSHAW" duration="00:00:00.0008530" startTime="2013-11-28T07:43:48.3322202+02:00" endTime="2013-11-28T07:43:48.3332202+02:00" testType="13cdc9d9-ddb5-4fa4-a97d-d965ccfc6d4b" outcome="Passed" testListId="8c84fa94-04c1-424b-9868-57a2d4851a1d" relativeResultsDirectory="749b76d4-ed10-4dff-8b91-161882464085">
    </UnitTestResult>
    <UnitTestResult executionId="1ee4ef37-8c8b-49ff-a938-c8ef68d2c1b2" testId="88f3539a-9e52-4e5f-3a8e-6ac8f70db456" testName="canTakePiece" computerName="ITSSHAW" duration="00:00:00.0003902" startTime="2013-11-28T07:43:48.3342202+02:00" endTime="2013-11-28T07:43:48.3352202+02:00" testType="13cdc9d9-ddb5-4fa4-a97d-d965ccfc6d4b" outcome="Passed" testListId="8c84fa94-04c1-424b-9868-57a2d4851a1d" relativeResultsDirectory="1ee4ef37-8c8b-49ff-a938-c8ef68d2c1b2">
    </UnitTestResult>
    <UnitTestResult executionId="eeedad99-7c09-40ce-afec-16f49929c81f" testId="0135c415-d464-98bd-b8b3-bd9c939f3dde" testName="invalidMoveGivesCorrectPieceName" computerName="ITSSHAW" duration="00:00:00.0007178" startTime="2013-11-28T07:43:48.3362202+02:00" endTime="2013-11-28T07:43:48.3372202+02:00" testType="13cdc9d9-ddb5-4fa4-a97d-d965ccfc6d4b" outcome="Passed" testListId="8c84fa94-04c1-424b-9868-57a2d4851a1d" relativeResultsDirectory="eeedad99-7c09-40ce-afec-16f49929c81f">
    </UnitTestResult>
    <UnitTestResult executionId="4731b25d-3467-4e32-9eb1-ff0a51dc1606" testId="59322b24-fed2-1448-d0b4-50356cfcbb98" testName="areBishopsSetup" computerName="ITSSHAW" duration="00:00:00.0070978" startTime="2013-11-28T07:43:48.3382202+02:00" endTime="2013-11-28T07:43:48.3462202+02:00" testType="13cdc9d9-ddb5-4fa4-a97d-d965ccfc6d4b" outcome="Passed" testListId="8c84fa94-04c1-424b-9868-57a2d4851a1d" relativeResultsDirectory="4731b25d-3467-4e32-9eb1-ff0a51dc1606">
    </UnitTestResult>
    <UnitTestResult executionId="643f2ea3-f6d1-4355-bd02-18a82e14ccd9" testId="689961f3-b549-c9f7-fc0a-74afd1b1e274" testName="areBottom2RowsWhite" computerName="ITSSHAW" duration="00:00:00.0009713" startTime="2013-11-28T07:43:48.3472202+02:00" endTime="2013-11-28T07:43:48.3482202+02:00" testType="13cdc9d9-ddb5-4fa4-a97d-d965ccfc6d4b" outcome="Passed" testListId="8c84fa94-04c1-424b-9868-57a2d4851a1d" relativeResultsDirectory="643f2ea3-f6d1-4355-bd02-18a82e14ccd9">
    </UnitTestResult>
    <UnitTestResult executionId="76218d49-5980-4937-8b3c-84d11ef7bb55" testId="64ef643a-95e0-b1de-5aee-37e849e90430" testName="areEvenRowColoursSetup" computerName="ITSSHAW" duration="00:00:00.0015467" startTime="2013-11-28T07:43:48.3492202+02:00" endTime="2013-11-28T07:43:48.3512202+02:00" testType="13cdc9d9-ddb5-4fa4-a97d-d965ccfc6d4b" outcome="Passed" testListId="8c84fa94-04c1-424b-9868-57a2d4851a1d" relativeResultsDirectory="76218d49-5980-4937-8b3c-84d11ef7bb55">
    </UnitTestResult>
    <UnitTestResult executionId="3567de85-1d85-4b6b-8828-16ea3d233711" testId="f4c8b637-ea9c-8efa-a91b-fbb27555fab4" testName="areKingsSetup" computerName="ITSSHAW" duration="00:00:00.0010278" startTime="2013-11-28T07:43:48.3522202+02:00" endTime="2013-11-28T07:43:48.3542202+02:00" testType="13cdc9d9-ddb5-4fa4-a97d-d965ccfc6d4b" outcome="Passed" testListId="8c84fa94-04c1-424b-9868-57a2d4851a1d" relativeResultsDirectory="3567de85-1d85-4b6b-8828-16ea3d233711">
    </UnitTestResult>
    <UnitTestResult executionId="bf9e2e07-e2dc-4fa8-9794-dfc03d5d29be" testId="46a22037-07ac-0ccf-02e3-fd7145e502cd" testName="areKnightsSetup" computerName="ITSSHAW" duration="00:00:00.0053549" startTime="2013-11-28T07:43:48.3542202+02:00" endTime="2013-11-28T07:43:48.3602202+02:00" testType="13cdc9d9-ddb5-4fa4-a97d-d965ccfc6d4b" outcome="Passed" testListId="8c84fa94-04c1-424b-9868-57a2d4851a1d" relativeResultsDirectory="bf9e2e07-e2dc-4fa8-9794-dfc03d5d29be">
    </UnitTestResult>
    <UnitTestResult executionId="5fe32eae-6842-4fbd-9ef6-d3de1995f664" testId="9d752e3a-962f-b4d2-f688-e9e19ffd27bf" testName="areMiddleCellsEmpty" computerName="ITSSHAW" duration="00:00:00.0008038" startTime="2013-11-28T07:43:48.3682202+02:00" endTime="2013-11-28T07:43:48.3702202+02:00" testType="13cdc9d9-ddb5-4fa4-a97d-d965ccfc6d4b" outcome="Passed" testListId="8c84fa94-04c1-424b-9868-57a2d4851a1d" relativeResultsDirectory="5fe32eae-6842-4fbd-9ef6-d3de1995f664">
    </UnitTestResult>
    <UnitTestResult executionId="a08bb965-66d8-4bf3-bd59-1d794b8e7e20" testId="b4976dbf-056c-73f6-1b78-f13c2b1d127b" testName="areMiddleRowsPlayerColourNone" computerName="ITSSHAW" duration="00:00:00.0005261" startTime="2013-11-28T07:43:48.3712202+02:00" endTime="2013-11-28T07:43:48.3722202+02:00" testType="13cdc9d9-ddb5-4fa4-a97d-d965ccfc6d4b" outcome="Passed" testListId="8c84fa94-04c1-424b-9868-57a2d4851a1d" relativeResultsDirectory="a08bb965-66d8-4bf3-bd59-1d794b8e7e20">
    </UnitTestResult>
    <UnitTestResult executionId="c9ca675a-bb9c-4800-98ac-dc654dee0d8b" testId="d4ac55cd-7290-4fbf-9991-5ab16bc1fda2" testName="areOddRowColoursSetup" computerName="ITSSHAW" duration="00:00:00.0005391" startTime="2013-11-28T07:43:48.3722202+02:00" endTime="2013-11-28T07:43:48.3732202+02:00" testType="13cdc9d9-ddb5-4fa4-a97d-d965ccfc6d4b" outcome="Passed" testListId="8c84fa94-04c1-424b-9868-57a2d4851a1d" relativeResultsDirectory="c9ca675a-bb9c-4800-98ac-dc654dee0d8b">
    </UnitTestResult>
    <UnitTestResult executionId="04039593-146b-4689-98e7-585cc44f13d2" testId="197972f7-6197-faf7-a2b7-9fae8c675127" testName="arePawnsSetup" computerName="ITSSHAW" duration="00:00:00.0006269" startTime="2013-11-28T07:43:48.3742202+02:00" endTime="2013-11-28T07:43:48.3752202+02:00" testType="13cdc9d9-ddb5-4fa4-a97d-d965ccfc6d4b" outcome="Passed" testListId="8c84fa94-04c1-424b-9868-57a2d4851a1d" relativeResultsDirectory="04039593-146b-4689-98e7-585cc44f13d2">
    </UnitTestResult>
    <UnitTestResult executionId="4cd6ee30-1e0a-42ed-a1e7-2cb596afe47b" testId="fd75eb10-5261-cc1e-b982-ae741a061d34" testName="areQueensSetup" computerName="ITSSHAW" duration="00:00:00.0007682" startTime="2013-11-28T07:43:48.3762202+02:00" endTime="2013-11-28T07:43:48.3772202+02:00" testType="13cdc9d9-ddb5-4fa4-a97d-d965ccfc6d4b" outcome="Passed" testListId="8c84fa94-04c1-424b-9868-57a2d4851a1d" relativeResultsDirectory="4cd6ee30-1e0a-42ed-a1e7-2cb596afe47b">
    </UnitTestResult>
    <UnitTestResult executionId="a676126f-6aa7-41de-885a-6c4430427891" testId="3e21814f-4c9d-063d-798f-e0eaffbae55e" testName="areRookesSetup" computerName="ITSSHAW" duration="00:00:00.0007697" startTime="2013-11-28T07:43:48.3782202+02:00" endTime="2013-11-28T07:43:48.3802202+02:00" testType="13cdc9d9-ddb5-4fa4-a97d-d965ccfc6d4b" outcome="Passed" testListId="8c84fa94-04c1-424b-9868-57a2d4851a1d" relativeResultsDirectory="a676126f-6aa7-41de-885a-6c4430427891">
    </UnitTestResult>
    <UnitTestResult executionId="0cd5adbe-9333-4b75-b7da-4b573f5fb533" testId="4ed072d2-7529-fe73-ad46-07bd95268187" testName="areTop2RowsBlack" computerName="ITSSHAW" duration="00:00:00.0006885" startTime="2013-11-28T07:43:48.3802202+02:00" endTime="2013-11-28T07:43:48.3822202+02:00" testType="13cdc9d9-ddb5-4fa4-a97d-d965ccfc6d4b" outcome="Passed" testListId="8c84fa94-04c1-424b-9868-57a2d4851a1d" relativeResultsDirectory="0cd5adbe-9333-4b75-b7da-4b573f5fb533">
    </UnitTestResult>
    <UnitTestResult executionId="215f29c9-39c1-4dcb-9e9a-ec9bbe144ff9" testId="8900ceac-b7b6-1032-98bc-f3e21d0abb21" testName="canGetSelectedCell" computerName="ITSSHAW" duration="00:00:00.0009484" startTime="2013-11-28T07:43:48.3822202+02:00" endTime="2013-11-28T07:43:48.3842202+02:00" testType="13cdc9d9-ddb5-4fa4-a97d-d965ccfc6d4b" outcome="Passed" testListId="8c84fa94-04c1-424b-9868-57a2d4851a1d" relativeResultsDirectory="215f29c9-39c1-4dcb-9e9a-ec9bbe144ff9">
    </UnitTestResult>
    <UnitTestResult executionId="a6e2e195-1b62-4fbb-b94a-350361eb651e" testId="005829d6-859e-9315-7aa3-e62df14cfd2f" testName="canSelectCell" computerName="ITSSHAW" duration="00:00:00.0004322" startTime="2013-11-28T07:43:48.3842202+02:00" endTime="2013-11-28T07:43:48.3852202+02:00" testType="13cdc9d9-ddb5-4fa4-a97d-d965ccfc6d4b" outcome="Passed" testListId="8c84fa94-04c1-424b-9868-57a2d4851a1d" relativeResultsDirectory="a6e2e195-1b62-4fbb-b94a-350361eb651e">
    </UnitTestResult>
    <UnitTestResult executionId="eeff3c70-ec6d-460f-a673-6ebc7969eef1" testId="7d98f31d-f1f6-0621-aa93-72560fa182b3" testName="exceptionWhenMoveToNegativeCol" computerName="ITSSHAW" duration="00:00:00.0012656" startTime="2013-11-28T07:43:48.3862202+02:00" endTime="2013-11-28T07:43:48.3882202+02:00" testType="13cdc9d9-ddb5-4fa4-a97d-d965ccfc6d4b" outcome="Passed" testListId="8c84fa94-04c1-424b-9868-57a2d4851a1d" relativeResultsDirectory="eeff3c70-ec6d-460f-a673-6ebc7969eef1">
    </UnitTestResult>
    <UnitTestResult executionId="6a77a935-7f3e-4fac-979c-c4b900bb8a23" testId="b7b09a89-f922-b298-bb69-6134762504c7" testName="exceptionWhenMoveToNegativeRow" computerName="ITSSHAW" duration="00:00:00.0010558" startTime="2013-11-28T07:43:48.3892202+02:00" endTime="2013-11-28T07:43:48.3902202+02:00" testType="13cdc9d9-ddb5-4fa4-a97d-d965ccfc6d4b" outcome="Passed" testListId="8c84fa94-04c1-424b-9868-57a2d4851a1d" relativeResultsDirectory="6a77a935-7f3e-4fac-979c-c4b900bb8a23">
    </UnitTestResult>
    <UnitTestResult executionId="9a8a6f98-6af0-49d3-a776-1c41338576fe" testId="05d65582-adf5-1549-bdb6-f0e47270afd3" testName="exceptionWhenMoveTooLargeCol" computerName="ITSSHAW" duration="00:00:00.0008370" startTime="2013-11-28T07:43:48.3912202+02:00" endTime="2013-11-28T07:43:48.3932202+02:00" testType="13cdc9d9-ddb5-4fa4-a97d-d965ccfc6d4b" outcome="Passed" testListId="8c84fa94-04c1-424b-9868-57a2d4851a1d" relativeResultsDirectory="9a8a6f98-6af0-49d3-a776-1c41338576fe">
    </UnitTestResult>
    <UnitTestResult executionId="66d3900f-2752-45b9-83ce-78bb533cb3e7" testId="2622fed3-4e63-071a-2d6d-7db13abf1a89" testName="exceptionWhenMoveTooLargeRow" computerName="ITSSHAW" duration="00:00:00.0008657" startTime="2013-11-28T07:43:48.3932202+02:00" endTime="2013-11-28T07:43:48.3952202+02:00" testType="13cdc9d9-ddb5-4fa4-a97d-d965ccfc6d4b" outcome="Passed" testListId="8c84fa94-04c1-424b-9868-57a2d4851a1d" relativeResultsDirectory="66d3900f-2752-45b9-83ce-78bb533cb3e7">
    </UnitTestResult>
    <UnitTestResult executionId="47069da5-8f88-4fbc-9366-86cf081b7c2a" testId="a5cecf0f-42c5-3103-c37e-7de0c32f1d40" testName="getExceptionWhenSelectCellColTooLarge" computerName="ITSSHAW" duration="00:00:00.0008421" startTime="2013-11-28T07:43:48.3952202+02:00" endTime="2013-11-28T07:43:48.3972202+02:00" testType="13cdc9d9-ddb5-4fa4-a97d-d965ccfc6d4b" outcome="Passed" testListId="8c84fa94-04c1-424b-9868-57a2d4851a1d" relativeResultsDirectory="47069da5-8f88-4fbc-9366-86cf081b7c2a">
    </UnitTestResult>
    <UnitTestResult executionId="df733705-3f95-42db-b70c-f8eea5c08c13" testId="18c1f855-99f0-d7c9-3814-1b9500d79abb" testName="getExceptionWhenSelectCellNegativeCol" computerName="ITSSHAW" duration="00:00:00.0008998" startTime="2013-11-28T07:43:48.3982202+02:00" endTime="2013-11-28T07:43:48.3992202+02:00" testType="13cdc9d9-ddb5-4fa4-a97d-d965ccfc6d4b" outcome="Passed" testListId="8c84fa94-04c1-424b-9868-57a2d4851a1d" relativeResultsDirectory="df733705-3f95-42db-b70c-f8eea5c08c13">
    </UnitTestResult>
    <UnitTestResult executionId="c3e3fbef-f371-4996-bc7e-11803e6de565" testId="b899b54b-1fed-9cb3-745e-fba087b88573" testName="getExceptionWhenSelectCellNegativeRow" computerName="ITSSHAW" duration="00:00:00.0008865" startTime="2013-11-28T07:43:48.4002202+02:00" endTime="2013-11-28T07:43:48.4012202+02:00" testType="13cdc9d9-ddb5-4fa4-a97d-d965ccfc6d4b" outcome="Passed" testListId="8c84fa94-04c1-424b-9868-57a2d4851a1d" relativeResultsDirectory="c3e3fbef-f371-4996-bc7e-11803e6de565">
    </UnitTestResult>
    <UnitTestResult executionId="d29eebc5-fca5-4808-b62f-025071dbfcc7" testId="56379117-1d4e-106a-e150-22beb95db5f6" testName="getExceptionWhenSelectCellRowTooLarge" computerName="ITSSHAW" duration="00:00:00.0008630" startTime="2013-11-28T07:43:48.4022202+02:00" endTime="2013-11-28T07:43:48.4042202+02:00" testType="13cdc9d9-ddb5-4fa4-a97d-d965ccfc6d4b" outcome="Passed" testListId="8c84fa94-04c1-424b-9868-57a2d4851a1d" relativeResultsDirectory="d29eebc5-fca5-4808-b62f-025071dbfcc7">
    </UnitTestResult>
    <UnitTestResult executionId="9c611257-ea38-4e61-8374-11e7b70c4307" testId="bedd4628-a316-a455-e74b-113d5ac3b3c8" testName="isCellEmptyWhenMovedOff" computerName="ITSSHAW" duration="00:00:00.0069221" startTime="2013-11-28T07:43:48.4042202+02:00" endTime="2013-11-28T07:43:48.4122202+02:00" testType="13cdc9d9-ddb5-4fa4-a97d-d965ccfc6d4b" outcome="Passed" testListId="8c84fa94-04c1-424b-9868-57a2d4851a1d" relativeResultsDirectory="9c611257-ea38-4e61-8374-11e7b70c4307">
    </UnitTestResult>
    <UnitTestResult executionId="f9b93ec1-d4ca-40aa-ac95-30bf4ee8f0c3" testId="c9eef1b9-2601-24e4-e66c-677a0f68bfe9" testName="nullCellNeverEqual" computerName="ITSSHAW" duration="00:00:00.0002810" startTime="2013-11-28T07:43:48.4142202+02:00" endTime="2013-11-28T07:43:48.4152202+02:00" testType="13cdc9d9-ddb5-4fa4-a97d-d965ccfc6d4b" outcome="Passed" testListId="8c84fa94-04c1-424b-9868-57a2d4851a1d" relativeResultsDirectory="f9b93ec1-d4ca-40aa-ac95-30bf4ee8f0c3">
    </UnitTestResult>
    <UnitTestResult executionId="1659c0f5-b75d-46d6-92f8-0325aac7f034" testId="dafe7a1e-3bd2-12cf-e3a7-a7dc8926d90c" testName="pieceHasNoValidMoves" computerName="ITSSHAW" duration="00:00:00.0012578" startTime="2013-11-28T07:43:48.4162202+02:00" endTime="2013-11-28T07:43:48.4182202+02:00" testType="13cdc9d9-ddb5-4fa4-a97d-d965ccfc6d4b" outcome="Passed" testListId="8c84fa94-04c1-424b-9868-57a2d4851a1d" relativeResultsDirectory="1659c0f5-b75d-46d6-92f8-0325aac7f034">
    </UnitTestResult>
    <UnitTestResult executionId="0e442a6e-85f3-4d43-bdae-044b12472c6a" testId="db17ca7a-fdcd-e135-ff66-0041667888a6" testName="pieceMovesWithMove" computerName="ITSSHAW" duration="00:00:00.0006827" startTime="2013-11-28T07:43:48.4182202+02:00" endTime="2013-11-28T07:43:48.4202202+02:00" testType="13cdc9d9-ddb5-4fa4-a97d-d965ccfc6d4b" outcome="Passed" testListId="8c84fa94-04c1-424b-9868-57a2d4851a1d" relativeResultsDirectory="0e442a6e-85f3-4d43-bdae-044b12472c6a">
    </UnitTestResult>
    <UnitTestResult executionId="b1fce295-118a-4b1a-a751-f80797957823" testId="5ba4e3e7-6993-ed4b-8ced-e1d13c26b064" testName="selectedCellIsNullAfterMove" computerName="ITSSHAW" duration="00:00:00.0008539" startTime="2013-11-28T07:43:48.4202202+02:00" endTime="2013-11-28T07:43:48.4222202+02:00" testType="13cdc9d9-ddb5-4fa4-a97d-d965ccfc6d4b" outcome="Passed" testListId="8c84fa94-04c1-424b-9868-57a2d4851a1d" relativeResultsDirectory="b1fce295-118a-4b1a-a751-f80797957823">
    </UnitTestResult>
    <UnitTestResult executionId="6dbaf897-d01a-481e-91e9-deb5d907cb2a" testId="708e0fda-e1a5-7f8b-3069-c1364aee94b5" testName="canMoveBlackKnightDownLeft" computerName="ITSSHAW" duration="00:00:00.0039989" startTime="2013-11-28T07:43:48.4222202+02:00" endTime="2013-11-28T07:43:48.4272202+02:00" testType="13cdc9d9-ddb5-4fa4-a97d-d965ccfc6d4b" outcome="Passed" testListId="8c84fa94-04c1-424b-9868-57a2d4851a1d" relativeResultsDirectory="6dbaf897-d01a-481e-91e9-deb5d907cb2a">
    </UnitTestResult>
    <UnitTestResult executionId="39337595-6255-4f7e-94bb-283951887268" testId="5e1118ed-9b53-f770-8503-6b91f9e32547" testName="canMoveBlackKnightDownRight" computerName="ITSSHAW" duration="00:00:00.0003794" startTime="2013-11-28T07:43:48.4282202+02:00" endTime="2013-11-28T07:43:48.4292202+02:00" testType="13cdc9d9-ddb5-4fa4-a97d-d965ccfc6d4b" outcome="Passed" testListId="8c84fa94-04c1-424b-9868-57a2d4851a1d" relativeResultsDirectory="39337595-6255-4f7e-94bb-283951887268">
    </UnitTestResult>
    <UnitTestResult executionId="6a784d26-bfcd-40c6-9cbc-0ae7fd51eb78" testId="6cf57c02-d527-684a-9612-4d68bc5f29f6" testName="canMoveBlackKnightLeftDown" computerName="ITSSHAW" duration="00:00:00.0003426" startTime="2013-11-28T07:43:48.4302202+02:00" endTime="2013-11-28T07:43:48.4302202+02:00" testType="13cdc9d9-ddb5-4fa4-a97d-d965ccfc6d4b" outcome="Passed" testListId="8c84fa94-04c1-424b-9868-57a2d4851a1d" relativeResultsDirectory="6a784d26-bfcd-40c6-9cbc-0ae7fd51eb78">
    </UnitTestResult>
    <UnitTestResult executionId="4aaa80f7-1b7c-4a4a-874f-c7889c4c2c36" testId="89133348-f31e-9131-8497-14e1440854d8" testName="canMoveBlackKnightLeftUp" computerName="ITSSHAW" duration="00:00:00.0003718" startTime="2013-11-28T07:43:48.4312202+02:00" endTime="2013-11-28T07:43:48.4322202+02:00" testType="13cdc9d9-ddb5-4fa4-a97d-d965ccfc6d4b" outcome="Passed" testListId="8c84fa94-04c1-424b-9868-57a2d4851a1d" relativeResultsDirectory="4aaa80f7-1b7c-4a4a-874f-c7889c4c2c36">
    </UnitTestResult>
    <UnitTestResult executionId="9dd92f9f-3e2c-4eaf-ad04-5cac72a7c85f" testId="da7f9d67-6583-5b93-3103-caab5031e2e0" testName="canMoveBlackKnightRightDown" computerName="ITSSHAW" duration="00:00:00.0002973" startTime="2013-11-28T07:43:48.4332202+02:00" endTime="2013-11-28T07:43:48.4332202+02:00" testType="13cdc9d9-ddb5-4fa4-a97d-d965ccfc6d4b" outcome="Passed" testListId="8c84fa94-04c1-424b-9868-57a2d4851a1d" relativeResultsDirectory="9dd92f9f-3e2c-4eaf-ad04-5cac72a7c85f">
    </UnitTestResult>
    <UnitTestResult executionId="cd7105ef-034c-487e-ab35-70f29fa11512" testId="b6442f0f-5bfd-8c1c-ad13-f1d69b3a8a06" testName="canMoveBlackKnightRightUp" computerName="ITSSHAW" duration="00:00:00.0003483" startTime="2013-11-28T07:43:48.4362202+02:00" endTime="2013-11-28T07:43:48.4372202+02:00" testType="13cdc9d9-ddb5-4fa4-a97d-d965ccfc6d4b" outcome="Passed" testListId="8c84fa94-04c1-424b-9868-57a2d4851a1d" relativeResultsDirectory="cd7105ef-034c-487e-ab35-70f29fa11512">
    </UnitTestResult>
    <UnitTestResult executionId="d589e241-e957-4984-96d9-fed753d1f1db" testId="dec0744b-b5da-6a4d-ad0a-355a63963703" testName="canMoveBlackKnightUpLeft" computerName="ITSSHAW" duration="00:00:00.0003794" startTime="2013-11-28T07:43:48.4382202+02:00" endTime="2013-11-28T07:43:48.4392202+02:00" testType="13cdc9d9-ddb5-4fa4-a97d-d965ccfc6d4b" outcome="Passed" testListId="8c84fa94-04c1-424b-9868-57a2d4851a1d" relativeResultsDirectory="d589e241-e957-4984-96d9-fed753d1f1db">
    </UnitTestResult>
    <UnitTestResult executionId="11e0c429-c197-491b-afd4-852fa57a4201" testId="aec32abe-a9a4-ee33-7558-1c7c2a3fabec" testName="canMoveBlackKnightUpRight" computerName="ITSSHAW" duration="00:00:00.0003872" startTime="2013-11-28T07:43:48.4392202+02:00" endTime="2013-11-28T07:43:48.4402202+02:00" testType="13cdc9d9-ddb5-4fa4-a97d-d965ccfc6d4b" outcome="Passed" testListId="8c84fa94-04c1-424b-9868-57a2d4851a1d" relativeResultsDirectory="11e0c429-c197-491b-afd4-852fa57a4201">
    </UnitTestResult>
    <UnitTestResult executionId="3fa802de-8326-44ec-8bf6-07e16dd7c72d" testId="129b002c-1fd8-a858-11b5-efb8011f1c66" testName="canMoveWhiteKnightDownLeft" computerName="ITSSHAW" duration="00:00:00.0003869" startTime="2013-11-28T07:43:48.4412202+02:00" endTime="2013-11-28T07:43:48.4422202+02:00" testType="13cdc9d9-ddb5-4fa4-a97d-d965ccfc6d4b" outcome="Passed" testListId="8c84fa94-04c1-424b-9868-57a2d4851a1d" relativeResultsDirectory="3fa802de-8326-44ec-8bf6-07e16dd7c72d">
    </UnitTestResult>
    <UnitTestResult executionId="51d75aa3-95ef-442c-b298-11625516f830" testId="3d0b3fd5-ed3e-b00a-e692-69db01d97037" testName="canMoveWhiteKnightDownRight" computerName="ITSSHAW" duration="00:00:00.0003308" startTime="2013-11-28T07:43:48.4422202+02:00" endTime="2013-11-28T07:43:48.4442202+02:00" testType="13cdc9d9-ddb5-4fa4-a97d-d965ccfc6d4b" outcome="Passed" testListId="8c84fa94-04c1-424b-9868-57a2d4851a1d" relativeResultsDirectory="51d75aa3-95ef-442c-b298-11625516f830">
    </UnitTestResult>
    <UnitTestResult executionId="2a2244a5-d104-42db-b466-582c64d6b95f" testId="cf3b5912-6ae6-e0a1-b350-a9a883f44204" testName="canMoveWhiteKnightLeftDown" computerName="ITSSHAW" duration="00:00:00.0002870" startTime="2013-11-28T07:43:48.4452202+02:00" endTime="2013-11-28T07:43:48.4452202+02:00" testType="13cdc9d9-ddb5-4fa4-a97d-d965ccfc6d4b" outcome="Passed" testListId="8c84fa94-04c1-424b-9868-57a2d4851a1d" relativeResultsDirectory="2a2244a5-d104-42db-b466-582c64d6b95f">
    </UnitTestResult>
    <UnitTestResult executionId="96ca9bee-4423-46d5-9a4e-7b8d1d8b676e" testId="ed293079-60d8-dd36-58ca-ab1711252e1b" testName="canMoveWhiteKnightLeftUp" computerName="ITSSHAW" duration="00:00:00.0004144" startTime="2013-11-28T07:43:48.4462202+02:00" endTime="2013-11-28T07:43:48.4472202+02:00" testType="13cdc9d9-ddb5-4fa4-a97d-d965ccfc6d4b" outcome="Passed" testListId="8c84fa94-04c1-424b-9868-57a2d4851a1d" relativeResultsDirectory="96ca9bee-4423-46d5-9a4e-7b8d1d8b676e">
    </UnitTestResult>
    <UnitTestResult executionId="c4bce34d-ad9b-4d00-8f9f-0d370183049c" testId="b1cacb72-0763-fed2-dae6-92a0ddd885e0" testName="canMoveWhiteKnightRightDown" computerName="ITSSHAW" duration="00:00:00.0003643" startTime="2013-11-28T07:43:48.4482202+02:00" endTime="2013-11-28T07:43:48.4492202+02:00" testType="13cdc9d9-ddb5-4fa4-a97d-d965ccfc6d4b" outcome="Passed" testListId="8c84fa94-04c1-424b-9868-57a2d4851a1d" relativeResultsDirectory="c4bce34d-ad9b-4d00-8f9f-0d370183049c">
    </UnitTestResult>
    <UnitTestResult executionId="4a2350be-07b0-4072-86d0-81626ec908af" testId="b48545f1-36d0-2752-215f-8475388c03a6" testName="canMoveWhiteKnightRightUp" computerName="ITSSHAW" duration="00:00:00.0002961" startTime="2013-11-28T07:43:48.4492202+02:00" endTime="2013-11-28T07:43:48.4502202+02:00" testType="13cdc9d9-ddb5-4fa4-a97d-d965ccfc6d4b" outcome="Passed" testListId="8c84fa94-04c1-424b-9868-57a2d4851a1d" relativeResultsDirectory="4a2350be-07b0-4072-86d0-81626ec908af">
    </UnitTestResult>
    <UnitTestResult executionId="de0de130-47ed-41b2-9570-05ed0ec3dfcb" testId="01e1d85e-511b-f54c-a1a1-900d1b604f70" testName="canMoveWhiteKnightUpLeft" computerName="ITSSHAW" duration="00:00:00.0004141" startTime="2013-11-28T07:43:48.4522202+02:00" endTime="2013-11-28T07:43:48.4532202+02:00" testType="13cdc9d9-ddb5-4fa4-a97d-d965ccfc6d4b" outcome="Passed" testListId="8c84fa94-04c1-424b-9868-57a2d4851a1d" relativeResultsDirectory="de0de130-47ed-41b2-9570-05ed0ec3dfcb">
    </UnitTestResult>
    <UnitTestResult executionId="d4313954-3cfd-485b-87cc-b3ff8fe839ca" testId="020bc553-c880-41f6-e7a5-5598075d4e67" testName="canMoveWhiteKnightUpRight" computerName="ITSSHAW" duration="00:00:00.0003148" startTime="2013-11-28T07:43:48.4542202+02:00" endTime="2013-11-28T07:43:48.4552202+02:00" testType="13cdc9d9-ddb5-4fa4-a97d-d965ccfc6d4b" outcome="Passed" testListId="8c84fa94-04c1-424b-9868-57a2d4851a1d" relativeResultsDirectory="d4313954-3cfd-485b-87cc-b3ff8fe839ca">
    </UnitTestResult>
    <UnitTestResult executionId="29f92cd6-19e2-48db-9c60-25264ac5135d" testId="5549ceba-3e9a-6148-26c8-8ad403ffbfa1" testName="cannotCaptureOwnPieceBottomLeft" computerName="ITSSHAW" duration="00:00:00.0010447" startTime="2013-11-28T07:43:48.4562202+02:00" endTime="2013-11-28T07:43:48.4572202+02:00" testType="13cdc9d9-ddb5-4fa4-a97d-d965ccfc6d4b" outcome="Passed" testListId="8c84fa94-04c1-424b-9868-57a2d4851a1d" relativeResultsDirectory="29f92cd6-19e2-48db-9c60-25264ac5135d">
    </UnitTestResult>
    <UnitTestResult executionId="b3590faa-70ed-40bb-a50e-fae9c09e9f2c" testId="12e63596-1c4e-b553-8314-65281f6114b3" testName="cannotCaptureOwnPieceBottomRight" computerName="ITSSHAW" duration="00:00:00.0007217" startTime="2013-11-28T07:43:48.4582202+02:00" endTime="2013-11-28T07:43:48.4602202+02:00" testType="13cdc9d9-ddb5-4fa4-a97d-d965ccfc6d4b" outcome="Passed" testListId="8c84fa94-04c1-424b-9868-57a2d4851a1d" relativeResultsDirectory="b3590faa-70ed-40bb-a50e-fae9c09e9f2c">
    </UnitTestResult>
    <UnitTestResult executionId="cb2041f1-7364-4e78-b427-cc07a1a2c930" testId="ad975496-37d7-dfa8-72c5-ed19caf4b8d6" testName="cannotCaptureOwnPieceLeftBottom" computerName="ITSSHAW" duration="00:00:00.0008702" startTime="2013-11-28T07:43:48.4602202+02:00" endTime="2013-11-28T07:43:48.4622202+02:00" testType="13cdc9d9-ddb5-4fa4-a97d-d965ccfc6d4b" outcome="Passed" testListId="8c84fa94-04c1-424b-9868-57a2d4851a1d" relativeResultsDirectory="cb2041f1-7364-4e78-b427-cc07a1a2c930">
    </UnitTestResult>
    <UnitTestResult executionId="593df1c8-7b96-4179-97e6-734d879b35a7" testId="40d1b41f-84e9-0b2b-3898-954b6294bb34" testName="cannotCaptureOwnPieceLeftTop" computerName="ITSSHAW" duration="00:00:00.0007304" startTime="2013-11-28T07:43:48.4632202+02:00" endTime="2013-11-28T07:43:48.4642202+02:00" testType="13cdc9d9-ddb5-4fa4-a97d-d965ccfc6d4b" outcome="Passed" testListId="8c84fa94-04c1-424b-9868-57a2d4851a1d" relativeResultsDirectory="593df1c8-7b96-4179-97e6-734d879b35a7">
    </UnitTestResult>
    <UnitTestResult executionId="6ee1fc7d-8200-4886-954b-885c6bdf146d" testId="c281314e-828d-e156-cbd7-96cd2b327ed0" testName="cannotCaptureOwnPieceRightBottom" computerName="ITSSHAW" duration="00:00:00.0009327" startTime="2013-11-28T07:43:48.4652202+02:00" endTime="2013-11-28T07:43:48.4672202+02:00" testType="13cdc9d9-ddb5-4fa4-a97d-d965ccfc6d4b" outcome="Passed" testListId="8c84fa94-04c1-424b-9868-57a2d4851a1d" relativeResultsDirectory="6ee1fc7d-8200-4886-954b-885c6bdf146d">
    </UnitTestResult>
    <UnitTestResult executionId="1c0a9fab-e592-40b9-88a1-467aad6d6fe0" testId="84067fc2-a576-9ac6-6f3c-59ca7fae01b3" testName="cannotCaptureOwnPieceRightTop" computerName="ITSSHAW" duration="00:00:00.0010263" startTime="2013-11-28T07:43:48.4672202+02:00" endTime="2013-11-28T07:43:48.4692202+02:00" testType="13cdc9d9-ddb5-4fa4-a97d-d965ccfc6d4b" outcome="Passed" testListId="8c84fa94-04c1-424b-9868-57a2d4851a1d" relativeResultsDirectory="1c0a9fab-e592-40b9-88a1-467aad6d6fe0">
    </UnitTestResult>
    <UnitTestResult executionId="2fa27a82-1f93-4242-9344-0486e3879377" testId="3b8989d4-9468-d4f5-4fa5-0c83cef3e6e3" testName="cannotCaptureOwnPieceTopLeft" computerName="ITSSHAW" duration="00:00:00.0009979" startTime="2013-11-28T07:43:48.4712202+02:00" endTime="2013-11-28T07:43:48.4722202+02:00" testType="13cdc9d9-ddb5-4fa4-a97d-d965ccfc6d4b" outcome="Passed" testListId="8c84fa94-04c1-424b-9868-57a2d4851a1d" relativeResultsDirectory="2fa27a82-1f93-4242-9344-0486e3879377">
    </UnitTestResult>
    <UnitTestResult executionId="f0d09672-b50e-4f99-a5ab-75d483bb4793" testId="8b767757-2d46-6db2-6c72-a25020070dc1" testName="cannotCaptureOwnPieceTopRight" computerName="ITSSHAW" duration="00:00:00.0008524" startTime="2013-11-28T07:43:48.4742202+02:00" endTime="2013-11-28T07:43:48.4752202+02:00" testType="13cdc9d9-ddb5-4fa4-a97d-d965ccfc6d4b" outcome="Passed" testListId="8c84fa94-04c1-424b-9868-57a2d4851a1d" relativeResultsDirectory="f0d09672-b50e-4f99-a5ab-75d483bb4793">
    </UnitTestResult>
    <UnitTestResult executionId="da5309fe-c52d-4caf-a5be-fa795e788507" testId="f1a715f9-9cf1-9e64-a4be-97f94a04714c" testName="cannotMoveBlackKnightAnywayElse" computerName="ITSSHAW" duration="00:00:00.0075663" startTime="2013-11-28T07:43:48.4762202+02:00" endTime="2013-11-28T07:43:48.4842202+02:00" testType="13cdc9d9-ddb5-4fa4-a97d-d965ccfc6d4b" outcome="Passed" testListId="8c84fa94-04c1-424b-9868-57a2d4851a1d" relativeResultsDirectory="da5309fe-c52d-4caf-a5be-fa795e788507">
    </UnitTestResult>
    <UnitTestResult executionId="295f4bec-f929-480a-9cbc-64194b63702d" testId="98edb5da-2506-8b04-eeed-1852ef2aaf00" testName="cannotMoveWhiteKnightAnywayElse" computerName="ITSSHAW" duration="00:00:00.0068044" startTime="2013-11-28T07:43:48.4852202+02:00" endTime="2013-11-28T07:43:48.4932202+02:00" testType="13cdc9d9-ddb5-4fa4-a97d-d965ccfc6d4b" outcome="Passed" testListId="8c84fa94-04c1-424b-9868-57a2d4851a1d" relativeResultsDirectory="295f4bec-f929-480a-9cbc-64194b63702d">
    </UnitTestResult>
    <UnitTestResult executionId="e4f542b1-3d54-4a67-95db-586b7481fe5f" testId="070484d8-b78f-e4c9-05d6-cba7187facb9" testName="invalidMoveGivesCorrectPieceName" computerName="ITSSHAW" duration="00:00:00.0004165" startTime="2013-11-28T07:43:48.4942202+02:00" endTime="2013-11-28T07:43:48.4952202+02:00" testType="13cdc9d9-ddb5-4fa4-a97d-d965ccfc6d4b" outcome="Passed" testListId="8c84fa94-04c1-424b-9868-57a2d4851a1d" relativeResultsDirectory="e4f542b1-3d54-4a67-95db-586b7481fe5f">
    </UnitTestResult>
    <UnitTestResult executionId="d08dd82d-59e5-4f8a-8181-ca86040c69d6" testId="0c39fefa-5032-d364-0d53-99bb085e0982" testName="blackCannotTakeEmptyPieceLeft" computerName="ITSSHAW" duration="00:00:00.0013070" startTime="2013-11-28T07:43:48.4962202+02:00" endTime="2013-11-28T07:43:48.4982202+02:00" testType="13cdc9d9-ddb5-4fa4-a97d-d965ccfc6d4b" outcome="Passed" testListId="8c84fa94-04c1-424b-9868-57a2d4851a1d" relativeResultsDirectory="d08dd82d-59e5-4f8a-8181-ca86040c69d6">
    </UnitTestResult>
    <UnitTestResult executionId="348502cf-69ae-4784-ada2-fb12f029212f" testId="072141a6-213d-f7c1-ad94-78892f83b7a0" testName="blackPawnCanMoveTwoSpacesAtStart" computerName="ITSSHAW" duration="00:00:00.0013779" startTime="2013-11-28T07:43:48.4992202+02:00" endTime="2013-11-28T07:43:48.5012202+02:00" testType="13cdc9d9-ddb5-4fa4-a97d-d965ccfc6d4b" outcome="Passed" testListId="8c84fa94-04c1-424b-9868-57a2d4851a1d" relativeResultsDirectory="348502cf-69ae-4784-ada2-fb12f029212f">
    </UnitTestResult>
    <UnitTestResult executionId="982d7f58-1f0d-408a-a5d1-1e12d5e2003e" testId="cb78d65f-db30-1067-6355-33912c9c98b3" testName="blackPawnCannotMoveBackwards" computerName="ITSSHAW" duration="00:00:00.0011059" startTime="2013-11-28T07:43:48.5022202+02:00" endTime="2013-11-28T07:43:48.5042202+02:00" testType="13cdc9d9-ddb5-4fa4-a97d-d965ccfc6d4b" outcome="Passed" testListId="8c84fa94-04c1-424b-9868-57a2d4851a1d" relativeResultsDirectory="982d7f58-1f0d-408a-a5d1-1e12d5e2003e">
    </UnitTestResult>
    <UnitTestResult executionId="e2e49854-db23-4703-a660-f1241f4385af" testId="8e7b2879-f716-116d-99dc-23f8e18ae182" testName="blackPawnCannotMoveTwoSpacesAfterStart" computerName="ITSSHAW" duration="00:00:00.0009611" startTime="2013-11-28T07:43:48.5042202+02:00" endTime="2013-11-28T07:43:48.5062202+02:00" testType="13cdc9d9-ddb5-4fa4-a97d-d965ccfc6d4b" outcome="Passed" testListId="8c84fa94-04c1-424b-9868-57a2d4851a1d" relativeResultsDirectory="e2e49854-db23-4703-a660-f1241f4385af">
    </UnitTestResult>
    <UnitTestResult executionId="138b2116-746b-485f-b9bd-87cb388bb4cb" testId="d6be978c-e15f-fa6c-2dca-55f439cdf674" testName="blackPawnCannotTakeEmptyPieceRight" computerName="ITSSHAW" duration="00:00:00.0009085" startTime="2013-11-28T07:43:48.5072202+02:00" endTime="2013-11-28T07:43:48.5082202+02:00" testType="13cdc9d9-ddb5-4fa4-a97d-d965ccfc6d4b" outcome="Passed" testListId="8c84fa94-04c1-424b-9868-57a2d4851a1d" relativeResultsDirectory="138b2116-746b-485f-b9bd-87cb388bb4cb">
    </UnitTestResult>
    <UnitTestResult executionId="09b3502b-b60c-45ec-b04c-8ac7b0901630" testId="31f39857-46fe-cad3-eea6-de16b677be95" testName="blackPawnCanTakePieceLeft" computerName="ITSSHAW" duration="00:00:00.0014591" startTime="2013-11-28T07:43:48.5092202+02:00" endTime="2013-11-28T07:43:48.5112202+02:00" testType="13cdc9d9-ddb5-4fa4-a97d-d965ccfc6d4b" outcome="Passed" testListId="8c84fa94-04c1-424b-9868-57a2d4851a1d" relativeResultsDirectory="09b3502b-b60c-45ec-b04c-8ac7b0901630">
    </UnitTestResult>
    <UnitTestResult executionId="e9f352c2-b518-455e-ae22-19e0aac21625" testId="af7199b0-e83f-767d-57c7-bef2cae34aa3" testName="blackPawnCanTakePieceRight" computerName="ITSSHAW" duration="00:00:00.0007646" startTime="2013-11-28T07:43:48.5122202+02:00" endTime="2013-11-28T07:43:48.5142202+02:00" testType="13cdc9d9-ddb5-4fa4-a97d-d965ccfc6d4b" outcome="Passed" testListId="8c84fa94-04c1-424b-9868-57a2d4851a1d" relativeResultsDirectory="e9f352c2-b518-455e-ae22-19e0aac21625">
    </UnitTestResult>
    <UnitTestResult executionId="152ca6d5-bf4b-4d5b-8b49-dd887baa76d2" testId="74218563-c78e-d800-7101-79460a2a54a4" testName="canBlackPawnMoveOneSpaceForward" computerName="ITSSHAW" duration="00:00:00.0006574" startTime="2013-11-28T07:43:48.5152202+02:00" endTime="2013-11-28T07:43:48.5162202+02:00" testType="13cdc9d9-ddb5-4fa4-a97d-d965ccfc6d4b" outcome="Passed" testListId="8c84fa94-04c1-424b-9868-57a2d4851a1d" relativeResultsDirectory="152ca6d5-bf4b-4d5b-8b49-dd887baa76d2">
    </UnitTestResult>
    <UnitTestResult executionId="6b669b4c-4fa6-4331-b0a6-7cdef8415bea" testId="2ead5f87-4f49-9731-8b7d-274f7728f6ce" testName="cannotMove2AtStartIfPieceInTheWay" computerName="ITSSHAW" duration="00:00:00.0014030" startTime="2013-11-28T07:43:48.5172202+02:00" endTime="2013-11-28T07:43:48.5192202+02:00" testType="13cdc9d9-ddb5-4fa4-a97d-d965ccfc6d4b" outcome="Passed" testListId="8c84fa94-04c1-424b-9868-57a2d4851a1d" relativeResultsDirectory="6b669b4c-4fa6-4331-b0a6-7cdef8415bea">
    </UnitTestResult>
    <UnitTestResult executionId="06659ca3-1eac-42bd-8f66-3fabde44a35e" testId="f4345ccc-f7f8-a9d0-d85f-f34d1eaed95e" testName="cannotMove2AtStartIfPieceJustInFront" computerName="ITSSHAW" duration="00:00:00.0016469" startTime="2013-11-28T07:43:48.5202202+02:00" endTime="2013-11-28T07:43:48.5222202+02:00" testType="13cdc9d9-ddb5-4fa4-a97d-d965ccfc6d4b" outcome="Passed" testListId="8c84fa94-04c1-424b-9868-57a2d4851a1d" relativeResultsDirectory="06659ca3-1eac-42bd-8f66-3fabde44a35e">
    </UnitTestResult>
    <UnitTestResult executionId="e27dc708-afe3-4b0c-aabe-0da691ef7042" testId="1889f775-0977-2f85-bcf9-6dc4aeb0834c" testName="cannotMoveEnPassantIfOtherPieceNotAPawn" computerName="ITSSHAW" duration="00:00:00.0013975" startTime="2013-11-28T07:43:48.5232202+02:00" endTime="2013-11-28T07:43:48.5252202+02:00" testType="13cdc9d9-ddb5-4fa4-a97d-d965ccfc6d4b" outcome="Passed" testListId="8c84fa94-04c1-424b-9868-57a2d4851a1d" relativeResultsDirectory="e27dc708-afe3-4b0c-aabe-0da691ef7042">
    </UnitTestResult>
    <UnitTestResult executionId="8a605085-66a9-4dc6-b88d-8efb4f26694a" testId="e4425b0f-0cb4-e465-5faf-5fa77fa81a46" testName="cannotMoveOneForwardWhenPieceInTheWay" computerName="ITSSHAW" duration="00:00:00.0009049" startTime="2013-11-28T07:43:48.5262202+02:00" endTime="2013-11-28T07:43:48.5302202+02:00" testType="13cdc9d9-ddb5-4fa4-a97d-d965ccfc6d4b" outcome="Passed" testListId="8c84fa94-04c1-424b-9868-57a2d4851a1d" relativeResultsDirectory="8a605085-66a9-4dc6-b88d-8efb4f26694a">
    </UnitTestResult>
    <UnitTestResult executionId="c4be4a51-60bd-4dac-9f1e-60e2020e2a74" testId="17c89217-fc60-adea-d5e7-d8f5759cacf3" testName="cannotTakeOwnPieceDiagLeft" computerName="ITSSHAW" duration="00:00:00.0008584" startTime="2013-11-28T07:43:48.5312202+02:00" endTime="2013-11-28T07:43:48.5332202+02:00" testType="13cdc9d9-ddb5-4fa4-a97d-d965ccfc6d4b" outcome="Passed" testListId="8c84fa94-04c1-424b-9868-57a2d4851a1d" relativeResultsDirectory="c4be4a51-60bd-4dac-9f1e-60e2020e2a74">
    </UnitTestResult>
    <UnitTestResult executionId="9427d25c-6d88-44ae-933c-69399f383fca" testId="557ea181-0881-47c7-90a7-baa142d9c0b1" testName="cannotTakeOwnPieceDiagRight" computerName="ITSSHAW" duration="00:00:00.0008044" startTime="2013-11-28T07:43:48.5342202+02:00" endTime="2013-11-28T07:43:48.5352202+02:00" testType="13cdc9d9-ddb5-4fa4-a97d-d965ccfc6d4b" outcome="Passed" testListId="8c84fa94-04c1-424b-9868-57a2d4851a1d" relativeResultsDirectory="9427d25c-6d88-44ae-933c-69399f383fca">
    </UnitTestResult>
    <UnitTestResult executionId="aa990c06-826c-4092-9d76-ee4c65b2af6e" testId="72153cfe-4389-9773-f6fd-6685bb51f896" testName="canTakePawnEnPassantLeft" computerName="ITSSHAW" duration="00:00:00.0009955" startTime="2013-11-28T07:43:48.5362202+02:00" endTime="2013-11-28T07:43:48.5372202+02:00" testType="13cdc9d9-ddb5-4fa4-a97d-d965ccfc6d4b" outcome="Passed" testListId="8c84fa94-04c1-424b-9868-57a2d4851a1d" relativeResultsDirectory="aa990c06-826c-4092-9d76-ee4c65b2af6e">
    </UnitTestResult>
    <UnitTestResult executionId="4aa89b0a-ecae-4231-b859-207999462e56" testId="77a8b315-06d4-5fac-05d9-90fcccdac88f" testName="canTakePawnEnPassantRight" computerName="ITSSHAW" duration="00:00:00.0010890" startTime="2013-11-28T07:43:48.5382202+02:00" endTime="2013-11-28T07:43:48.5402202+02:00" testType="13cdc9d9-ddb5-4fa4-a97d-d965ccfc6d4b" outcome="Passed" testListId="8c84fa94-04c1-424b-9868-57a2d4851a1d" relativeResultsDirectory="4aa89b0a-ecae-4231-b859-207999462e56">
    </UnitTestResult>
    <UnitTestResult executionId="c51e5dcd-6426-45cd-82bd-5d5249034bc7" testId="276aeaf4-94bd-7cc4-0bfa-fd1b795b8f09" testName="canWhitePawnMoveOneSpaceForward" computerName="ITSSHAW" duration="00:00:00.0007848" startTime="2013-11-28T07:43:48.5402202+02:00" endTime="2013-11-28T07:43:48.5422202+02:00" testType="13cdc9d9-ddb5-4fa4-a97d-d965ccfc6d4b" outcome="Passed" testListId="8c84fa94-04c1-424b-9868-57a2d4851a1d" relativeResultsDirectory="c51e5dcd-6426-45cd-82bd-5d5249034bc7">
    </UnitTestResult>
    <UnitTestResult executionId="051b0bff-904a-4595-8d3b-269ed9a2cd9c" testId="c9fb8199-30a5-e351-264b-e657ae13b916" testName="invalidMoveGivesCorrectPieceName" computerName="ITSSHAW" duration="00:00:00.0004198" startTime="2013-11-28T07:43:48.5422202+02:00" endTime="2013-11-28T07:43:48.5442202+02:00" testType="13cdc9d9-ddb5-4fa4-a97d-d965ccfc6d4b" outcome="Passed" testListId="8c84fa94-04c1-424b-9868-57a2d4851a1d" relativeResultsDirectory="051b0bff-904a-4595-8d3b-269ed9a2cd9c">
    </UnitTestResult>
    <UnitTestResult executionId="6f68b78b-1b2c-4b1f-a282-1c789e32d22d" testId="6d29da73-1392-f864-ac11-db455215ce75" testName="moveEnPassantLeftNotImmediateThrowError" computerName="ITSSHAW" duration="00:00:00.0015506" startTime="2013-11-28T07:43:48.5442202+02:00" endTime="2013-11-28T07:43:48.5462202+02:00" testType="13cdc9d9-ddb5-4fa4-a97d-d965ccfc6d4b" outcome="Passed" testListId="8c84fa94-04c1-424b-9868-57a2d4851a1d" relativeResultsDirectory="6f68b78b-1b2c-4b1f-a282-1c789e32d22d">
    </UnitTestResult>
    <UnitTestResult executionId="5d4f199a-dbc0-4bab-a2a7-a28552aaaee8" testId="4f8f2480-799b-0be7-4437-c1ecf75fbaa1" testName="moveEnPassantLeftRemovesPiece" computerName="ITSSHAW" duration="00:00:00.0010664" startTime="2013-11-28T07:43:48.5472202+02:00" endTime="2013-11-28T07:43:48.5492202+02:00" testType="13cdc9d9-ddb5-4fa4-a97d-d965ccfc6d4b" outcome="Passed" testListId="8c84fa94-04c1-424b-9868-57a2d4851a1d" relativeResultsDirectory="5d4f199a-dbc0-4bab-a2a7-a28552aaaee8">
    </UnitTestResult>
    <UnitTestResult executionId="e5f2c8cd-34a3-4377-8dac-946671211c2e" testId="1ae802a5-bb94-ae3c-980c-cf0121da8a4a" testName="moveEnPassantRightNotImmediateThrowsError" computerName="ITSSHAW" duration="00:00:00.0015307" startTime="2013-11-28T07:43:48.5502202+02:00" endTime="2013-11-28T07:43:48.5522202+02:00" testType="13cdc9d9-ddb5-4fa4-a97d-d965ccfc6d4b" outcome="Passed" testListId="8c84fa94-04c1-424b-9868-57a2d4851a1d" relativeResultsDirectory="e5f2c8cd-34a3-4377-8dac-946671211c2e">
    </UnitTestResult>
    <UnitTestResult executionId="013cb98f-7242-4f14-937c-988bb68a2c80" testId="978c0671-8eb9-8633-411e-8b65bb821d6c" testName="moveEnPassantRightRemovesPiece" computerName="ITSSHAW" duration="00:00:00.0008439" startTime="2013-11-28T07:43:48.5532202+02:00" endTime="2013-11-28T07:43:48.5542202+02:00" testType="13cdc9d9-ddb5-4fa4-a97d-d965ccfc6d4b" outcome="Passed" testListId="8c84fa94-04c1-424b-9868-57a2d4851a1d" relativeResultsDirectory="013cb98f-7242-4f14-937c-988bb68a2c80">
    </UnitTestResult>
    <UnitTestResult executionId="7f72616d-e786-4d52-8904-98d9898bca56" testId="31b640ce-2e58-2f38-568e-804147d116f8" testName="whitePawnCanMoveTwoSpacesAtStart" computerName="ITSSHAW" duration="00:00:00.0005487" startTime="2013-11-28T07:43:48.5552202+02:00" endTime="2013-11-28T07:43:48.5562202+02:00" testType="13cdc9d9-ddb5-4fa4-a97d-d965ccfc6d4b" outcome="Passed" testListId="8c84fa94-04c1-424b-9868-57a2d4851a1d" relativeResultsDirectory="7f72616d-e786-4d52-8904-98d9898bca56">
    </UnitTestResult>
    <UnitTestResult executionId="490e7e7f-e0df-4831-925a-3585d33c46e7" testId="5e0522cb-aa6a-a547-6b61-65ded7b9398a" testName="whitePawnCannotMoveBackwards" computerName="ITSSHAW" duration="00:00:00.0009762" startTime="2013-11-28T07:43:48.5572202+02:00" endTime="2013-11-28T07:43:48.5582202+02:00" testType="13cdc9d9-ddb5-4fa4-a97d-d965ccfc6d4b" outcome="Passed" testListId="8c84fa94-04c1-424b-9868-57a2d4851a1d" relativeResultsDirectory="490e7e7f-e0df-4831-925a-3585d33c46e7">
    </UnitTestResult>
    <UnitTestResult executionId="3ef636d5-d602-4f3d-84a9-66232ea9afb7" testId="35ff0ac0-4840-970b-a280-9a148d7f7af4" testName="whitePawnCannotMoveTwoSpacesAfterStart" computerName="ITSSHAW" duration="00:00:00.0010326" startTime="2013-11-28T07:43:48.5592202+02:00" endTime="2013-11-28T07:43:48.5602202+02:00" testType="13cdc9d9-ddb5-4fa4-a97d-d965ccfc6d4b" outcome="Passed" testListId="8c84fa94-04c1-424b-9868-57a2d4851a1d" relativeResultsDirectory="3ef636d5-d602-4f3d-84a9-66232ea9afb7">
    </UnitTestResult>
    <UnitTestResult executionId="04878acf-bca3-4181-a927-3aa4beb62fd0" testId="76d2cb65-6735-d8b0-b056-6bd2e46786ef" testName="whitePawnCannotTakeEmptyPieceLeft" computerName="ITSSHAW" duration="00:00:00.0011307" startTime="2013-11-28T07:43:48.5612202+02:00" endTime="2013-11-28T07:43:48.5632202+02:00" testType="13cdc9d9-ddb5-4fa4-a97d-d965ccfc6d4b" outcome="Passed" testListId="8c84fa94-04c1-424b-9868-57a2d4851a1d" relativeResultsDirectory="04878acf-bca3-4181-a927-3aa4beb62fd0">
    </UnitTestResult>
    <UnitTestResult executionId="21393554-54b2-4ebe-8a00-96b4d318b0ac" testId="85ab3335-8bf0-ecfa-98f7-0db700370fe2" testName="whitePawnCannotTakeEmptyPieceRight" computerName="ITSSHAW" duration="00:00:00.0010755" startTime="2013-11-28T07:43:48.5632202+02:00" endTime="2013-11-28T07:43:48.5652202+02:00" testType="13cdc9d9-ddb5-4fa4-a97d-d965ccfc6d4b" outcome="Passed" testListId="8c84fa94-04c1-424b-9868-57a2d4851a1d" relativeResultsDirectory="21393554-54b2-4ebe-8a00-96b4d318b0ac">
    </UnitTestResult>
    <UnitTestResult executionId="aaeff39b-9bf6-4b07-b0f1-250860f178ff" testId="f1502619-456c-8ace-3118-e479f255cb31" testName="whitePawnCannotTakeTwoRowsForwardAtStart" computerName="ITSSHAW" duration="00:00:00.0014235" startTime="2013-11-28T07:43:48.5662202+02:00" endTime="2013-11-28T07:43:48.5682202+02:00" testType="13cdc9d9-ddb5-4fa4-a97d-d965ccfc6d4b" outcome="Passed" testListId="8c84fa94-04c1-424b-9868-57a2d4851a1d" relativeResultsDirectory="aaeff39b-9bf6-4b07-b0f1-250860f178ff">
    </UnitTestResult>
    <UnitTestResult executionId="2ae6540a-8ced-4784-91fc-d174a6ff4271" testId="f9b6fa3b-c686-0e22-5a5c-d78c0f5f065a" testName="whitePawnCanTakePieceLeft" computerName="ITSSHAW" duration="00:00:00.0009185" startTime="2013-11-28T07:43:48.5692202+02:00" endTime="2013-11-28T07:43:48.5702202+02:00" testType="13cdc9d9-ddb5-4fa4-a97d-d965ccfc6d4b" outcome="Passed" testListId="8c84fa94-04c1-424b-9868-57a2d4851a1d" relativeResultsDirectory="2ae6540a-8ced-4784-91fc-d174a6ff4271">
    </UnitTestResult>
    <UnitTestResult executionId="d1bf407d-6c47-4ee4-9075-272243ee25ce" testId="efc90440-a3c1-87f7-fff9-787ea282e06e" testName="whitePawnCanTakePieceRight" computerName="ITSSHAW" duration="00:00:00.0007181" startTime="2013-11-28T07:43:48.5712202+02:00" endTime="2013-11-28T07:43:48.5722202+02:00" testType="13cdc9d9-ddb5-4fa4-a97d-d965ccfc6d4b" outcome="Passed" testListId="8c84fa94-04c1-424b-9868-57a2d4851a1d" relativeResultsDirectory="d1bf407d-6c47-4ee4-9075-272243ee25ce">
    </UnitTestResult>
    <UnitTestResult executionId="7fcec770-0ce7-4138-84a2-c18efc7fd018" testId="2d6867c6-934d-12ca-881f-8ca2af17d2e4" testName="canMoveQueenDiagDownLeft" computerName="ITSSHAW" duration="00:00:00.0057047" startTime="2013-11-28T07:43:48.5732202+02:00" endTime="2013-11-28T07:43:48.5792202+02:00" testType="13cdc9d9-ddb5-4fa4-a97d-d965ccfc6d4b" outcome="Passed" testListId="8c84fa94-04c1-424b-9868-57a2d4851a1d" relativeResultsDirectory="7fcec770-0ce7-4138-84a2-c18efc7fd018">
    </UnitTestResult>
    <UnitTestResult executionId="e8a90900-3f08-4ef9-a005-9ff8861e7686" testId="e7f23f39-7057-048c-f8c3-7322c51edfe0" testName="canMoveQueenDiagDownRight" computerName="ITSSHAW" duration="00:00:00.0014473" startTime="2013-11-28T07:43:48.5812202+02:00" endTime="2013-11-28T07:43:48.5832202+02:00" testType="13cdc9d9-ddb5-4fa4-a97d-d965ccfc6d4b" outcome="Passed" testListId="8c84fa94-04c1-424b-9868-57a2d4851a1d" relativeResultsDirectory="e8a90900-3f08-4ef9-a005-9ff8861e7686">
    </UnitTestResult>
    <UnitTestResult executionId="1e6374ad-e5cc-4f77-ac48-409de9537031" testId="2a82fa15-d608-6e25-a9ff-4f118775d58a" testName="canMoveQueenDiagUpLeft" computerName="ITSSHAW" duration="00:00:00.0010619" startTime="2013-11-28T07:43:48.5842202+02:00" endTime="2013-11-28T07:43:48.5862202+02:00" testType="13cdc9d9-ddb5-4fa4-a97d-d965ccfc6d4b" outcome="Passed" testListId="8c84fa94-04c1-424b-9868-57a2d4851a1d" relativeResultsDirectory="1e6374ad-e5cc-4f77-ac48-409de9537031">
    </UnitTestResult>
    <UnitTestResult executionId="4fbe8ddc-7762-428e-8428-dd260435f4e8" testId="e3792867-8253-4fa3-d7e9-04dbc55b7bd0" testName="canMoveQueenDiagUpRight" computerName="ITSSHAW" duration="00:00:00.0012874" startTime="2013-11-28T07:43:48.5872202+02:00" endTime="2013-11-28T07:43:48.5882202+02:00" testType="13cdc9d9-ddb5-4fa4-a97d-d965ccfc6d4b" outcome="Passed" testListId="8c84fa94-04c1-424b-9868-57a2d4851a1d" relativeResultsDirectory="4fbe8ddc-7762-428e-8428-dd260435f4e8">
    </UnitTestResult>
    <UnitTestResult executionId="9e0dd1d0-820f-4315-b9f6-286cfe76ad66" testId="62090d81-bf34-b23d-be59-e474692bb2bb" testName="canMoveQueenHorizontallyLeft" computerName="ITSSHAW" duration="00:00:00.0011056" startTime="2013-11-28T07:43:48.5892202+02:00" endTime="2013-11-28T07:43:48.5912202+02:00" testType="13cdc9d9-ddb5-4fa4-a97d-d965ccfc6d4b" outcome="Passed" testListId="8c84fa94-04c1-424b-9868-57a2d4851a1d" relativeResultsDirectory="9e0dd1d0-820f-4315-b9f6-286cfe76ad66">
    </UnitTestResult>
    <UnitTestResult executionId="fe8d2a27-f02f-462e-ba11-6abc29548c69" testId="4a2195e8-be6f-2084-7664-243a4cb97e3b" testName="canMoveQueenHorizontallyRight" computerName="ITSSHAW" duration="00:00:00.0012729" startTime="2013-11-28T07:43:48.5912202+02:00" endTime="2013-11-28T07:43:48.5932202+02:00" testType="13cdc9d9-ddb5-4fa4-a97d-d965ccfc6d4b" outcome="Passed" testListId="8c84fa94-04c1-424b-9868-57a2d4851a1d" relativeResultsDirectory="fe8d2a27-f02f-462e-ba11-6abc29548c69">
    </UnitTestResult>
    <UnitTestResult executionId="89eebfdc-712a-4d47-9712-2c3ae770c505" testId="01079ac0-f339-2360-8171-8d0e80010056" testName="canMoveQueenVerticallyDown" computerName="ITSSHAW" duration="00:00:00.0009583" startTime="2013-11-28T07:43:48.5942202+02:00" endTime="2013-11-28T07:43:48.5952202+02:00" testType="13cdc9d9-ddb5-4fa4-a97d-d965ccfc6d4b" outcome="Passed" testListId="8c84fa94-04c1-424b-9868-57a2d4851a1d" relativeResultsDirectory="89eebfdc-712a-4d47-9712-2c3ae770c505">
    </UnitTestResult>
    <UnitTestResult executionId="8f44c933-e597-4907-b08a-c6c1be449218" testId="61071a05-3bb9-84f7-1063-093a7badabca" testName="canMoveQueenVerticallyUp" computerName="ITSSHAW" duration="00:00:00.0011947" startTime="2013-11-28T07:43:48.5962202+02:00" endTime="2013-11-28T07:43:48.5982202+02:00" testType="13cdc9d9-ddb5-4fa4-a97d-d965ccfc6d4b" outcome="Passed" testListId="8c84fa94-04c1-424b-9868-57a2d4851a1d" relativeResultsDirectory="8f44c933-e597-4907-b08a-c6c1be449218">
    </UnitTestResult>
    <UnitTestResult executionId="c5990059-5a08-462f-a00a-ca201d9c04b3" testId="c402f9ec-8f13-951f-df43-c12680e572ae" testName="invalidMoveGivesCorrectPieceName" computerName="ITSSHAW" duration="00:00:00.0007860" startTime="2013-11-28T07:43:48.5992202+02:00" endTime="2013-11-28T07:43:48.6002202+02:00" testType="13cdc9d9-ddb5-4fa4-a97d-d965ccfc6d4b" outcome="Passed" testListId="8c84fa94-04c1-424b-9868-57a2d4851a1d" relativeResultsDirectory="c5990059-5a08-462f-a00a-ca201d9c04b3">
    </UnitTestResult>
    <UnitTestResult executionId="290f9797-1010-486a-9ee2-3c927fe137db" testId="d4b4b6b0-fdac-28f8-f2f7-9327c017f9a7" testName="canMoveBlackRookeHorizonallyLeft" computerName="ITSSHAW" duration="00:00:00.0018977" startTime="2013-11-28T07:43:48.6012202+02:00" endTime="2013-11-28T07:43:48.6032202+02:00" testType="13cdc9d9-ddb5-4fa4-a97d-d965ccfc6d4b" outcome="Passed" testListId="8c84fa94-04c1-424b-9868-57a2d4851a1d" relativeResultsDirectory="290f9797-1010-486a-9ee2-3c927fe137db">
    </UnitTestResult>
    <UnitTestResult executionId="a076f03c-0e1a-435e-9f7b-bc684ce19abc" testId="e4fdf7b7-fbc8-2aec-924b-d61622bf4a88" testName="canMoveBlackRookeHorizontallyRight" computerName="ITSSHAW" duration="00:00:00.0008234" startTime="2013-11-28T07:43:48.6042202+02:00" endTime="2013-11-28T07:43:48.6062202+02:00" testType="13cdc9d9-ddb5-4fa4-a97d-d965ccfc6d4b" outcome="Passed" testListId="8c84fa94-04c1-424b-9868-57a2d4851a1d" relativeResultsDirectory="a076f03c-0e1a-435e-9f7b-bc684ce19abc">
    </UnitTestResult>
    <UnitTestResult executionId="e0b92177-6d01-4048-8feb-6afdb49b05fd" testId="e792f20f-71d7-a991-5d57-f2e7cd212d47" testName="canMoveBlackRookeVerticallyDown" computerName="ITSSHAW" duration="00:00:00.0009668" startTime="2013-11-28T07:43:48.6072202+02:00" endTime="2013-11-28T07:43:48.6082202+02:00" testType="13cdc9d9-ddb5-4fa4-a97d-d965ccfc6d4b" outcome="Passed" testListId="8c84fa94-04c1-424b-9868-57a2d4851a1d" relativeResultsDirectory="e0b92177-6d01-4048-8feb-6afdb49b05fd">
    </UnitTestResult>
    <UnitTestResult executionId="b414c6d0-d823-410f-a798-d8d7b324c850" testId="c1c27b4b-7a33-214b-6362-9bd66a9e7aaf" testName="canMoveBlackRookeVerticallyUp" computerName="ITSSHAW" duration="00:00:00.0007537" startTime="2013-11-28T07:43:48.6092202+02:00" endTime="2013-11-28T07:43:48.6102202+02:00" testType="13cdc9d9-ddb5-4fa4-a97d-d965ccfc6d4b" outcome="Passed" testListId="8c84fa94-04c1-424b-9868-57a2d4851a1d" relativeResultsDirectory="b414c6d0-d823-410f-a798-d8d7b324c850">
    </UnitTestResult>
    <UnitTestResult executionId="4eafcdb1-76bf-4f55-b21a-decf51b375da" testId="b9c436ed-8dd8-bc86-8f71-4fabbe67047a" testName="canMoveWhiteRookeHorizontallyLeft" computerName="ITSSHAW" duration="00:00:00.0007824" startTime="2013-11-28T07:43:48.6112202+02:00" endTime="2013-11-28T07:43:48.6122202+02:00" testType="13cdc9d9-ddb5-4fa4-a97d-d965ccfc6d4b" outcome="Passed" testListId="8c84fa94-04c1-424b-9868-57a2d4851a1d" relativeResultsDirectory="4eafcdb1-76bf-4f55-b21a-decf51b375da">
    </UnitTestResult>
    <UnitTestResult executionId="8a1ec47e-18e9-4fe8-b237-bee32a7ce213" testId="64d13654-89e5-88f2-72b5-dc67279b010a" testName="canMoveWhiteRookeHorizontallyRight" computerName="ITSSHAW" duration="00:00:00.0010332" startTime="2013-11-28T07:43:48.6132202+02:00" endTime="2013-11-28T07:43:48.6152202+02:00" testType="13cdc9d9-ddb5-4fa4-a97d-d965ccfc6d4b" outcome="Passed" testListId="8c84fa94-04c1-424b-9868-57a2d4851a1d" relativeResultsDirectory="8a1ec47e-18e9-4fe8-b237-bee32a7ce213">
    </UnitTestResult>
    <UnitTestResult executionId="6bd6cd75-5d9a-4c41-b326-1659ea85b57e" testId="90e85dc8-3adb-5026-5221-e60e1c8ff937" testName="canMoveWhiteRookeVerticallyDown" computerName="ITSSHAW" duration="00:00:00.0008113" startTime="2013-11-28T07:43:48.6162202+02:00" endTime="2013-11-28T07:43:48.6172202+02:00" testType="13cdc9d9-ddb5-4fa4-a97d-d965ccfc6d4b" outcome="Passed" testListId="8c84fa94-04c1-424b-9868-57a2d4851a1d" relativeResultsDirectory="6bd6cd75-5d9a-4c41-b326-1659ea85b57e">
    </UnitTestResult>
    <UnitTestResult executionId="ff4bd592-21e2-4218-8955-ab7dc8dda214" testId="67083cf0-0995-a4e7-7fdc-a7119196534e" testName="canMoveWhiteRookeVerticallyUp" computerName="ITSSHAW" duration="00:00:00.0011385" startTime="2013-11-28T07:43:48.6182202+02:00" endTime="2013-11-28T07:43:48.6202202+02:00" testType="13cdc9d9-ddb5-4fa4-a97d-d965ccfc6d4b" outcome="Passed" testListId="8c84fa94-04c1-424b-9868-57a2d4851a1d" relativeResultsDirectory="ff4bd592-21e2-4218-8955-ab7dc8dda214">
    </UnitTestResult>
    <UnitTestResult executionId="b6e5cc30-9f1a-4cfb-b51c-0834a969df95" testId="cb05a3a8-7e11-2daa-70ae-bb6f6a2d1beb" testName="cannotCaptureOwnPieceHorizontallyLeft" computerName="ITSSHAW" duration="00:00:00.0011349" startTime="2013-11-28T07:43:48.6222202+02:00" endTime="2013-11-28T07:43:48.6232202+02:00" testType="13cdc9d9-ddb5-4fa4-a97d-d965ccfc6d4b" outcome="Passed" testListId="8c84fa94-04c1-424b-9868-57a2d4851a1d" relativeResultsDirectory="b6e5cc30-9f1a-4cfb-b51c-0834a969df95">
    </UnitTestResult>
    <UnitTestResult executionId="1f7077b4-a78f-469b-b24a-eb49ecd382ba" testId="4211946f-1506-577f-195b-18cb2fdd61ad" testName="cannotCaptureOwnPieceHorizontallyRight" computerName="ITSSHAW" duration="00:00:00.0007597" startTime="2013-11-28T07:43:48.6242202+02:00" endTime="2013-11-28T07:43:48.6262202+02:00" testType="13cdc9d9-ddb5-4fa4-a97d-d965ccfc6d4b" outcome="Passed" testListId="8c84fa94-04c1-424b-9868-57a2d4851a1d" relativeResultsDirectory="1f7077b4-a78f-469b-b24a-eb49ecd382ba">
    </UnitTestResult>
    <UnitTestResult executionId="0ddd9118-cbf6-4399-abd1-8fea5b78df95" testId="bf075d77-5fe1-ee4d-fe49-2ee12940b16b" testName="cannotCaptureOwnPieceVerticallyDown" computerName="ITSSHAW" duration="00:00:00.0009291" startTime="2013-11-28T07:43:48.6272202+02:00" endTime="2013-11-28T07:43:48.6282202+02:00" testType="13cdc9d9-ddb5-4fa4-a97d-d965ccfc6d4b" outcome="Passed" testListId="8c84fa94-04c1-424b-9868-57a2d4851a1d" relativeResultsDirectory="0ddd9118-cbf6-4399-abd1-8fea5b78df95">
    </UnitTestResult>
    <UnitTestResult executionId="0657a3f7-222c-41d6-ad8e-b4157804cf65" testId="0e7eb3a4-171d-8697-3451-91c26cec15db" testName="cannotCaptureOwnPieceVerticallyUp" computerName="ITSSHAW" duration="00:00:00.0007498" startTime="2013-11-28T07:43:48.6302202+02:00" endTime="2013-11-28T07:43:48.6312202+02:00" testType="13cdc9d9-ddb5-4fa4-a97d-d965ccfc6d4b" outcome="Passed" testListId="8c84fa94-04c1-424b-9868-57a2d4851a1d" relativeResultsDirectory="0657a3f7-222c-41d6-ad8e-b4157804cf65">
    </UnitTestResult>
    <UnitTestResult executionId="08def3b2-9429-4707-a87c-3ce5cb5eb975" testId="025d6265-5376-21a5-89b8-81799288836d" testName="cannotMoveRookePastCaptureHorizontallyLeft" computerName="ITSSHAW" duration="00:00:00.0007787" startTime="2013-11-28T07:43:48.6322202+02:00" endTime="2013-11-28T07:43:48.6332202+02:00" testType="13cdc9d9-ddb5-4fa4-a97d-d965ccfc6d4b" outcome="Passed" testListId="8c84fa94-04c1-424b-9868-57a2d4851a1d" relativeResultsDirectory="08def3b2-9429-4707-a87c-3ce5cb5eb975">
    </UnitTestResult>
    <UnitTestResult executionId="a30ccb49-91d1-4ff2-93da-bac3ee34d7ee" testId="97677ad5-5979-7bdf-4362-02ea31bbd819" testName="cannotMoveRookePastCaptureHorizontallyRight" computerName="ITSSHAW" duration="00:00:00.0009436" startTime="2013-11-28T07:43:48.6342202+02:00" endTime="2013-11-28T07:43:48.6362202+02:00" testType="13cdc9d9-ddb5-4fa4-a97d-d965ccfc6d4b" outcome="Passed" testListId="8c84fa94-04c1-424b-9868-57a2d4851a1d" relativeResultsDirectory="a30ccb49-91d1-4ff2-93da-bac3ee34d7ee">
    </UnitTestResult>
    <UnitTestResult executionId="b1ee8e95-4285-4dd5-94af-d0706de65769" testId="9b99d74a-4f4b-0f7d-6cef-f2c04b2263df" testName="cannotMoveRookePastCaptureVerticallyDown" computerName="ITSSHAW" duration="00:00:00.0007470" startTime="2013-11-28T07:43:48.6372202+02:00" endTime="2013-11-28T07:43:48.6382202+02:00" testType="13cdc9d9-ddb5-4fa4-a97d-d965ccfc6d4b" outcome="Passed" testListId="8c84fa94-04c1-424b-9868-57a2d4851a1d" relativeResultsDirectory="b1ee8e95-4285-4dd5-94af-d0706de65769">
    </UnitTestResult>
    <UnitTestResult executionId="8c4912e0-1203-4b6d-9cd5-fe4111c71121" testId="5de48dbd-0fe5-af4c-0872-0ab8a96d15fa" testName="cannotMoveRookePastCaptureVerticallyUp" computerName="ITSSHAW" duration="00:00:00.0008394" startTime="2013-11-28T07:43:48.6392202+02:00" endTime="2013-11-28T07:43:48.6402202+02:00" testType="13cdc9d9-ddb5-4fa4-a97d-d965ccfc6d4b" outcome="Passed" testListId="8c84fa94-04c1-424b-9868-57a2d4851a1d" relativeResultsDirectory="8c4912e0-1203-4b6d-9cd5-fe4111c71121">
    </UnitTestResult>
    <UnitTestResult executionId="f33c3434-7675-446a-86e5-432f209aa490" testId="3cb9b942-8fee-88ba-c03b-002cdc761005" testName="invalidMoveGivesCorrectPieceName" computerName="ITSSHAW" duration="00:00:00.0004126" startTime="2013-11-28T07:43:48.6412202+02:00" endTime="2013-11-28T07:43:48.6422202+02:00" testType="13cdc9d9-ddb5-4fa4-a97d-d965ccfc6d4b" outcome="Passed" testListId="8c84fa94-04c1-424b-9868-57a2d4851a1d" relativeResultsDirectory="f33c3434-7675-446a-86e5-432f209aa490">
    </UnitTestResult>
  </Results>
</TestRun>