<?xml version="1.0" encoding="UTF-8"?>
<TestRun id="b578405f-5a31-4f0e-8d08-923676d5f271" name="Shaneh@ITSSHAW 2014-02-04 13:28:42" runUser="NETWORK\Shaneh" xmlns="http://microsoft.com/schemas/VisualStudio/TeamTest/2010">
  <TestSettings name="Default Test Settings" id="f0670688-a3da-4525-8402-775f82f7fc8f">
    <Execution>
      <TestTypeSpecific />
      <AgentRule name="Execution Agents">
      </AgentRule>
    </Execution>
    <Deployment runDeploymentRoot="Shaneh_ITSSHAW 2014-02-04 13_28_42" />
  </TestSettings>
  <Times creation="2014-02-04T13:28:42.9593777+02:00" queuing="2014-02-04T13:28:44.5037642+02:00" start="2014-02-04T13:28:44.6362262+02:00" finish="2014-02-04T13:28:46.6582787+02:00" />
  <ResultSummary outcome="Completed">
    <Counters total="177" executed="177" passed="177" error="0" failed="0" timeout="0" aborted="0" inconclusive="0" passedButRunAborted="0" notRunnable="0" notExecuted="0" disconnected="0" warning="0" completed="0" inProgress="0" pending="0" />
  </ResultSummary>
  <TestDefinitions>
    <UnitTest name="areKingsSetup" storage="..\chesstests\bin\debug\chesstests.dll" id="f4c8b637-ea9c-8efa-a91b-fbb27555fab4">
      <Execution timeOut="1800000" id="0459bc7b-faad-4194-be74-dba79b931900" />
      <TestMethod codeBase="C:/Users/ShaneH/Documents/Visual Studio 2012/Projects/Chess/ChessTests/bin/Debug/ChessTests.dll" adapterTypeName="Microsoft.VisualStudio.TestTools.TestTypes.Unit.UnitTestAdapter, Microsoft.VisualStudio.QualityTools.Tips.UnitTest.Adapter, Version=11.0.0.0, Culture=neutral, PublicKeyToken=b03f5f7f11d50a3a" className="ChessTests.ChessTests, ChessTests, Version=1.0.0.0, Culture=neutral, PublicKeyToken=null" name="areKingsSetup" />
    </UnitTest>
    <UnitTest name="canTakeOppositionPieceMovingRight" storage="..\chesstests\bin\debug\chesstests.dll" id="8a3cfb9c-5e17-9d45-b2bc-1a740a423650">
      <Execution timeOut="1800000" id="d4676653-6820-4f54-836b-ebcecb9c7047" />
      <TestMethod codeBase="C:/Users/ShaneH/Documents/Visual Studio 2012/Projects/Chess/ChessTests/bin/Debug/ChessTests.dll" adapterTypeName="Microsoft.VisualStudio.TestTools.TestTypes.Unit.UnitTestAdapter, Microsoft.VisualStudio.QualityTools.Tips.UnitTest.Adapter, Version=11.0.0.0, Culture=neutral, PublicKeyToken=b03f5f7f11d50a3a" className="ChessTests.KingTests, ChessTests, Version=1.0.0.0, Culture=neutral, PublicKeyToken=null" name="canTakeOppositionPieceMovingRight" />
    </UnitTest>
    <UnitTest name="cannotMoveRookPastCaptureVerticallyDown" storage="..\chesstests\bin\debug\chesstests.dll" id="47054227-bef7-8a81-5406-698a72b51579">
      <Execution timeOut="1800000" id="1582e96d-0bcf-48b8-bb2a-95c2d025edfc" />
      <TestMethod codeBase="C:/Users/ShaneH/Documents/Visual Studio 2012/Projects/Chess/ChessTests/bin/Debug/ChessTests.dll" adapterTypeName="Microsoft.VisualStudio.TestTools.TestTypes.Unit.UnitTestAdapter, Microsoft.VisualStudio.QualityTools.Tips.UnitTest.Adapter, Version=11.0.0.0, Culture=neutral, PublicKeyToken=b03f5f7f11d50a3a" className="ChessTests.RookTests, ChessTests, Version=1.0.0.0, Culture=neutral, PublicKeyToken=null" name="cannotMoveRookPastCaptureVerticallyDown" />
    </UnitTest>
    <UnitTest name="canMoveWhiteKnightDownRight" storage="..\chesstests\bin\debug\chesstests.dll" id="3d0b3fd5-ed3e-b00a-e692-69db01d97037">
      <Execution timeOut="1800000" id="6f9aafc8-e23e-4ae5-9073-21f1fd776da5" />
      <TestMethod codeBase="C:/Users/ShaneH/Documents/Visual Studio 2012/Projects/Chess/ChessTests/bin/Debug/ChessTests.dll" adapterTypeName="Microsoft.VisualStudio.TestTools.TestTypes.Unit.UnitTestAdapter, Microsoft.VisualStudio.QualityTools.Tips.UnitTest.Adapter, Version=11.0.0.0, Culture=neutral, PublicKeyToken=b03f5f7f11d50a3a" className="ChessTests.KnightTests, ChessTests, Version=1.0.0.0, Culture=neutral, PublicKeyToken=null" name="canMoveWhiteKnightDownRight" />
    </UnitTest>
    <UnitTest name="cannotMoveBlackKnightAnywayElse" storage="..\chesstests\bin\debug\chesstests.dll" id="f1a715f9-9cf1-9e64-a4be-97f94a04714c">
      <Execution timeOut="1800000" id="e9f0421f-e081-4e8b-96df-a36ea676e7cc" />
      <TestMethod codeBase="C:/Users/ShaneH/Documents/Visual Studio 2012/Projects/Chess/ChessTests/bin/Debug/ChessTests.dll" adapterTypeName="Microsoft.VisualStudio.TestTools.TestTypes.Unit.UnitTestAdapter, Microsoft.VisualStudio.QualityTools.Tips.UnitTest.Adapter, Version=11.0.0.0, Culture=neutral, PublicKeyToken=b03f5f7f11d50a3a" className="ChessTests.KnightTests, ChessTests, Version=1.0.0.0, Culture=neutral, PublicKeyToken=null" name="cannotMoveBlackKnightAnywayElse" />
    </UnitTest>
    <UnitTest name="cannotCaptureOwnPieceBottomRight" storage="..\chesstests\bin\debug\chesstests.dll" id="12e63596-1c4e-b553-8314-65281f6114b3">
      <Execution timeOut="1800000" id="54cf414a-9027-4509-acc5-6af680be2e9f" />
      <TestMethod codeBase="C:/Users/ShaneH/Documents/Visual Studio 2012/Projects/Chess/ChessTests/bin/Debug/ChessTests.dll" adapterTypeName="Microsoft.VisualStudio.TestTools.TestTypes.Unit.UnitTestAdapter, Microsoft.VisualStudio.QualityTools.Tips.UnitTest.Adapter, Version=11.0.0.0, Culture=neutral, PublicKeyToken=b03f5f7f11d50a3a" className="ChessTests.KnightTests, ChessTests, Version=1.0.0.0, Culture=neutral, PublicKeyToken=null" name="cannotCaptureOwnPieceBottomRight" />
    </UnitTest>
    <UnitTest name="canTakePawnEnPassantRight" storage="..\chesstests\bin\debug\chesstests.dll" id="77a8b315-06d4-5fac-05d9-90fcccdac88f">
      <Execution timeOut="1800000" id="83e83331-dae1-420b-a7fc-1e722dcab856" />
      <TestMethod codeBase="C:/Users/ShaneH/Documents/Visual Studio 2012/Projects/Chess/ChessTests/bin/Debug/ChessTests.dll" adapterTypeName="Microsoft.VisualStudio.TestTools.TestTypes.Unit.UnitTestAdapter, Microsoft.VisualStudio.QualityTools.Tips.UnitTest.Adapter, Version=11.0.0.0, Culture=neutral, PublicKeyToken=b03f5f7f11d50a3a" className="ChessTests.PawnTests, ChessTests, Version=1.0.0.0, Culture=neutral, PublicKeyToken=null" name="canTakePawnEnPassantRight" />
    </UnitTest>
    <UnitTest name="canTakePawnEnPassantLeft" storage="..\chesstests\bin\debug\chesstests.dll" id="72153cfe-4389-9773-f6fd-6685bb51f896">
      <Execution timeOut="1800000" id="24cc839d-6d14-4920-88a5-f4ae07577036" />
      <TestMethod codeBase="C:/Users/ShaneH/Documents/Visual Studio 2012/Projects/Chess/ChessTests/bin/Debug/ChessTests.dll" adapterTypeName="Microsoft.VisualStudio.TestTools.TestTypes.Unit.UnitTestAdapter, Microsoft.VisualStudio.QualityTools.Tips.UnitTest.Adapter, Version=11.0.0.0, Culture=neutral, PublicKeyToken=b03f5f7f11d50a3a" className="ChessTests.PawnTests, ChessTests, Version=1.0.0.0, Culture=neutral, PublicKeyToken=null" name="canTakePawnEnPassantLeft" />
    </UnitTest>
    <UnitTest name="canMoveQueenDiagDownRight" storage="..\chesstests\bin\debug\chesstests.dll" id="e7f23f39-7057-048c-f8c3-7322c51edfe0">
      <Execution timeOut="1800000" id="5c1c1cf3-c896-4066-837b-c899ce1688da" />
      <TestMethod codeBase="C:/Users/ShaneH/Documents/Visual Studio 2012/Projects/Chess/ChessTests/bin/Debug/ChessTests.dll" adapterTypeName="Microsoft.VisualStudio.TestTools.TestTypes.Unit.UnitTestAdapter, Microsoft.VisualStudio.QualityTools.Tips.UnitTest.Adapter, Version=11.0.0.0, Culture=neutral, PublicKeyToken=b03f5f7f11d50a3a" className="ChessTests.QueenTests, ChessTests, Version=1.0.0.0, Culture=neutral, PublicKeyToken=null" name="canMoveQueenDiagDownRight" />
    </UnitTest>
    <UnitTest name="canMoveKingDownLeft" storage="..\chesstests\bin\debug\chesstests.dll" id="73015d04-f4f5-eb53-f909-b8aae7bb4119">
      <Execution timeOut="1800000" id="0de4d63d-d6c0-4e0f-89a4-49fca6cd9c72" />
      <TestMethod codeBase="C:/Users/ShaneH/Documents/Visual Studio 2012/Projects/Chess/ChessTests/bin/Debug/ChessTests.dll" adapterTypeName="Microsoft.VisualStudio.TestTools.TestTypes.Unit.UnitTestAdapter, Microsoft.VisualStudio.QualityTools.Tips.UnitTest.Adapter, Version=11.0.0.0, Culture=neutral, PublicKeyToken=b03f5f7f11d50a3a" className="ChessTests.KingTests, ChessTests, Version=1.0.0.0, Culture=neutral, PublicKeyToken=null" name="canMoveKingDownLeft" />
    </UnitTest>
    <UnitTest name="cannotCaptureOwnPieceVerticallyUp" storage="..\chesstests\bin\debug\chesstests.dll" id="40c80f36-2521-e262-e128-84747b64c92c">
      <Execution timeOut="1800000" id="6b883f15-88cc-4fad-9af9-46f3882ef4fd" />
      <TestMethod codeBase="C:/Users/ShaneH/Documents/Visual Studio 2012/Projects/Chess/ChessTests/bin/Debug/ChessTests.dll" adapterTypeName="Microsoft.VisualStudio.TestTools.TestTypes.Unit.UnitTestAdapter, Microsoft.VisualStudio.QualityTools.Tips.UnitTest.Adapter, Version=11.0.0.0, Culture=neutral, PublicKeyToken=b03f5f7f11d50a3a" className="ChessTests.RookTests, ChessTests, Version=1.0.0.0, Culture=neutral, PublicKeyToken=null" name="cannotCaptureOwnPieceVerticallyUp" />
    </UnitTest>
    <UnitTest name="canMoveWhiteBishopDiagonallyDownRightNoObstructions" storage="..\chesstests\bin\debug\chesstests.dll" id="7b64562e-3d29-ccc9-9a6a-4aaf39707ed4">
      <Execution timeOut="1800000" id="eec44d2a-d62d-4c1a-825c-531e36f8cff2" />
      <TestMethod codeBase="C:/Users/ShaneH/Documents/Visual Studio 2012/Projects/Chess/ChessTests/bin/Debug/ChessTests.dll" adapterTypeName="Microsoft.VisualStudio.TestTools.TestTypes.Unit.UnitTestAdapter, Microsoft.VisualStudio.QualityTools.Tips.UnitTest.Adapter, Version=11.0.0.0, Culture=neutral, PublicKeyToken=b03f5f7f11d50a3a" className="ChessTests.BishopTests, ChessTests, Version=1.0.0.0, Culture=neutral, PublicKeyToken=null" name="canMoveWhiteBishopDiagonallyDownRightNoObstructions" />
    </UnitTest>
    <UnitTest name="blackPawnCanTakePieceLeft" storage="..\chesstests\bin\debug\chesstests.dll" id="31f39857-46fe-cad3-eea6-de16b677be95">
      <Execution timeOut="1800000" id="87d6276d-0715-4d8c-a7ed-e4a4b8d92091" />
      <TestMethod codeBase="C:/Users/ShaneH/Documents/Visual Studio 2012/Projects/Chess/ChessTests/bin/Debug/ChessTests.dll" adapterTypeName="Microsoft.VisualStudio.TestTools.TestTypes.Unit.UnitTestAdapter, Microsoft.VisualStudio.QualityTools.Tips.UnitTest.Adapter, Version=11.0.0.0, Culture=neutral, PublicKeyToken=b03f5f7f11d50a3a" className="ChessTests.PawnTests, ChessTests, Version=1.0.0.0, Culture=neutral, PublicKeyToken=null" name="blackPawnCanTakePieceLeft" />
    </UnitTest>
    <UnitTest name="kingDefaultNotInCheck" storage="..\chesstests\bin\debug\chesstests.dll" id="3125acd5-3d68-5084-a6d1-b90ea83d13e6">
      <Execution timeOut="1800000" id="bb754c70-7388-4fd4-b4fd-9d3eabd607ae" />
      <TestMethod codeBase="C:/Users/ShaneH/Documents/Visual Studio 2012/Projects/Chess/ChessTests/bin/Debug/ChessTests.dll" adapterTypeName="Microsoft.VisualStudio.TestTools.TestTypes.Unit.UnitTestAdapter, Microsoft.VisualStudio.QualityTools.Tips.UnitTest.Adapter, Version=11.0.0.0, Culture=neutral, PublicKeyToken=b03f5f7f11d50a3a" className="ChessTests.CheckTests, ChessTests, Version=1.0.0.0, Culture=neutral, PublicKeyToken=null" name="kingDefaultNotInCheck" />
    </UnitTest>
    <UnitTest name="areOddRowColoursSetup" storage="..\chesstests\bin\debug\chesstests.dll" id="d4ac55cd-7290-4fbf-9991-5ab16bc1fda2">
      <Execution timeOut="1800000" id="cc30bda5-c3a8-4e3c-bb22-84950a600b9d" />
      <TestMethod codeBase="C:/Users/ShaneH/Documents/Visual Studio 2012/Projects/Chess/ChessTests/bin/Debug/ChessTests.dll" adapterTypeName="Microsoft.VisualStudio.TestTools.TestTypes.Unit.UnitTestAdapter, Microsoft.VisualStudio.QualityTools.Tips.UnitTest.Adapter, Version=11.0.0.0, Culture=neutral, PublicKeyToken=b03f5f7f11d50a3a" className="ChessTests.ChessTests, ChessTests, Version=1.0.0.0, Culture=neutral, PublicKeyToken=null" name="areOddRowColoursSetup" />
    </UnitTest>
    <UnitTest name="cannotMoveSidewaysWhenInCheck" storage="..\chesstests\bin\debug\chesstests.dll" id="58f47b40-1f4e-dda1-7e49-4571a6d9b259">
      <Execution timeOut="1800000" id="92e19f4a-3eb7-4db9-aa52-93921df4c937" />
      <TestMethod codeBase="C:/Users/ShaneH/Documents/Visual Studio 2012/Projects/Chess/ChessTests/bin/Debug/ChessTests.dll" adapterTypeName="Microsoft.VisualStudio.TestTools.TestTypes.Unit.UnitTestAdapter, Microsoft.VisualStudio.QualityTools.Tips.UnitTest.Adapter, Version=11.0.0.0, Culture=neutral, PublicKeyToken=b03f5f7f11d50a3a" className="ChessTests.KingTests, ChessTests, Version=1.0.0.0, Culture=neutral, PublicKeyToken=null" name="cannotMoveSidewaysWhenInCheck" />
    </UnitTest>
    <UnitTest name="cannotCaptureOwnPieceHorizontallyRight" storage="..\chesstests\bin\debug\chesstests.dll" id="e12fb60a-f115-e1f0-522a-512140600c5d">
      <Execution timeOut="1800000" id="034e1087-4055-4d1d-a629-3b73d54076bd" />
      <TestMethod codeBase="C:/Users/ShaneH/Documents/Visual Studio 2012/Projects/Chess/ChessTests/bin/Debug/ChessTests.dll" adapterTypeName="Microsoft.VisualStudio.TestTools.TestTypes.Unit.UnitTestAdapter, Microsoft.VisualStudio.QualityTools.Tips.UnitTest.Adapter, Version=11.0.0.0, Culture=neutral, PublicKeyToken=b03f5f7f11d50a3a" className="ChessTests.RookTests, ChessTests, Version=1.0.0.0, Culture=neutral, PublicKeyToken=null" name="cannotCaptureOwnPieceHorizontallyRight" />
    </UnitTest>
    <UnitTest name="canMoveBlackKnightDownRight" storage="..\chesstests\bin\debug\chesstests.dll" id="5e1118ed-9b53-f770-8503-6b91f9e32547">
      <Execution timeOut="1800000" id="ee454e26-05ae-49da-b278-457ff9739221" />
      <TestMethod codeBase="C:/Users/ShaneH/Documents/Visual Studio 2012/Projects/Chess/ChessTests/bin/Debug/ChessTests.dll" adapterTypeName="Microsoft.VisualStudio.TestTools.TestTypes.Unit.UnitTestAdapter, Microsoft.VisualStudio.QualityTools.Tips.UnitTest.Adapter, Version=11.0.0.0, Culture=neutral, PublicKeyToken=b03f5f7f11d50a3a" className="ChessTests.KnightTests, ChessTests, Version=1.0.0.0, Culture=neutral, PublicKeyToken=null" name="canMoveBlackKnightDownRight" />
    </UnitTest>
    <UnitTest name="invalidMoveGivesCorrectPieceName" storage="..\chesstests\bin\debug\chesstests.dll" id="c9fb8199-30a5-e351-264b-e657ae13b916">
      <Execution timeOut="1800000" id="09783af2-dfa9-4b81-b7fa-53c6eafbe783" />
      <TestMethod codeBase="C:/Users/ShaneH/Documents/Visual Studio 2012/Projects/Chess/ChessTests/bin/Debug/ChessTests.dll" adapterTypeName="Microsoft.VisualStudio.TestTools.TestTypes.Unit.UnitTestAdapter, Microsoft.VisualStudio.QualityTools.Tips.UnitTest.Adapter, Version=11.0.0.0, Culture=neutral, PublicKeyToken=b03f5f7f11d50a3a" className="ChessTests.PawnTests, ChessTests, Version=1.0.0.0, Culture=neutral, PublicKeyToken=null" name="invalidMoveGivesCorrectPieceName" />
    </UnitTest>
    <UnitTest name="canMoveBlackKnightDownLeft" storage="..\chesstests\bin\debug\chesstests.dll" id="708e0fda-e1a5-7f8b-3069-c1364aee94b5">
      <Execution timeOut="1800000" id="5349819e-6e4c-4d9f-ad53-31acb3823a8b" />
      <TestMethod codeBase="C:/Users/ShaneH/Documents/Visual Studio 2012/Projects/Chess/ChessTests/bin/Debug/ChessTests.dll" adapterTypeName="Microsoft.VisualStudio.TestTools.TestTypes.Unit.UnitTestAdapter, Microsoft.VisualStudio.QualityTools.Tips.UnitTest.Adapter, Version=11.0.0.0, Culture=neutral, PublicKeyToken=b03f5f7f11d50a3a" className="ChessTests.KnightTests, ChessTests, Version=1.0.0.0, Culture=neutral, PublicKeyToken=null" name="canMoveBlackKnightDownLeft" />
    </UnitTest>
    <UnitTest name="canTakeOppositionPieceMovingForward" storage="..\chesstests\bin\debug\chesstests.dll" id="6043af01-0728-5b9e-9c02-bbb4296a7b49">
      <Execution timeOut="1800000" id="a3c58ac9-aecb-4782-8d97-42306fbb3da9" />
      <TestMethod codeBase="C:/Users/ShaneH/Documents/Visual Studio 2012/Projects/Chess/ChessTests/bin/Debug/ChessTests.dll" adapterTypeName="Microsoft.VisualStudio.TestTools.TestTypes.Unit.UnitTestAdapter, Microsoft.VisualStudio.QualityTools.Tips.UnitTest.Adapter, Version=11.0.0.0, Culture=neutral, PublicKeyToken=b03f5f7f11d50a3a" className="ChessTests.KingTests, ChessTests, Version=1.0.0.0, Culture=neutral, PublicKeyToken=null" name="canTakeOppositionPieceMovingForward" />
    </UnitTest>
    <UnitTest name="moveEnPassantLeftRemovesPiece" storage="..\chesstests\bin\debug\chesstests.dll" id="4f8f2480-799b-0be7-4437-c1ecf75fbaa1">
      <Execution timeOut="1800000" id="09c905d3-4a4c-4c1f-8c74-7b8072b9b303" />
      <TestMethod codeBase="C:/Users/ShaneH/Documents/Visual Studio 2012/Projects/Chess/ChessTests/bin/Debug/ChessTests.dll" adapterTypeName="Microsoft.VisualStudio.TestTools.TestTypes.Unit.UnitTestAdapter, Microsoft.VisualStudio.QualityTools.Tips.UnitTest.Adapter, Version=11.0.0.0, Culture=neutral, PublicKeyToken=b03f5f7f11d50a3a" className="ChessTests.PawnTests, ChessTests, Version=1.0.0.0, Culture=neutral, PublicKeyToken=null" name="moveEnPassantLeftRemovesPiece" />
    </UnitTest>
    <UnitTest name="canMoveQueenDiagDownLeft" storage="..\chesstests\bin\debug\chesstests.dll" id="2d6867c6-934d-12ca-881f-8ca2af17d2e4">
      <Execution timeOut="1800000" id="859fd074-b947-45de-97ed-9f2919f087a7" />
      <TestMethod codeBase="C:/Users/ShaneH/Documents/Visual Studio 2012/Projects/Chess/ChessTests/bin/Debug/ChessTests.dll" adapterTypeName="Microsoft.VisualStudio.TestTools.TestTypes.Unit.UnitTestAdapter, Microsoft.VisualStudio.QualityTools.Tips.UnitTest.Adapter, Version=11.0.0.0, Culture=neutral, PublicKeyToken=b03f5f7f11d50a3a" className="ChessTests.QueenTests, ChessTests, Version=1.0.0.0, Culture=neutral, PublicKeyToken=null" name="canMoveQueenDiagDownLeft" />
    </UnitTest>
    <UnitTest name="noErrorOnTopRight" storage="..\chesstests\bin\debug\chesstests.dll" id="4981dea8-f169-664c-472f-78db2ae78861">
      <Execution timeOut="1800000" id="22174c33-b50c-42d6-ab96-875855e82e70" />
      <TestMethod codeBase="C:/Users/ShaneH/Documents/Visual Studio 2012/Projects/Chess/ChessTests/bin/Debug/ChessTests.dll" adapterTypeName="Microsoft.VisualStudio.TestTools.TestTypes.Unit.UnitTestAdapter, Microsoft.VisualStudio.QualityTools.Tips.UnitTest.Adapter, Version=11.0.0.0, Culture=neutral, PublicKeyToken=b03f5f7f11d50a3a" className="ChessTests.KnightTests, ChessTests, Version=1.0.0.0, Culture=neutral, PublicKeyToken=null" name="noErrorOnTopRight" />
    </UnitTest>
    <UnitTest name="cannotCaptureOwnPieceVerticallyDown" storage="..\chesstests\bin\debug\chesstests.dll" id="9f249bfa-9307-bb63-1468-401f06cff04f">
      <Execution timeOut="1800000" id="612da4f5-3a22-4f12-9a86-68c979c2a19a" />
      <TestMethod codeBase="C:/Users/ShaneH/Documents/Visual Studio 2012/Projects/Chess/ChessTests/bin/Debug/ChessTests.dll" adapterTypeName="Microsoft.VisualStudio.TestTools.TestTypes.Unit.UnitTestAdapter, Microsoft.VisualStudio.QualityTools.Tips.UnitTest.Adapter, Version=11.0.0.0, Culture=neutral, PublicKeyToken=b03f5f7f11d50a3a" className="ChessTests.RookTests, ChessTests, Version=1.0.0.0, Culture=neutral, PublicKeyToken=null" name="cannotCaptureOwnPieceVerticallyDown" />
    </UnitTest>
    <UnitTest name="canMoveWhiteBishopDiagonallyDownLeftNoObstructions" storage="..\chesstests\bin\debug\chesstests.dll" id="cbde31ee-3d88-9411-c095-9535119853f5">
      <Execution timeOut="1800000" id="a812eed3-209d-47d6-91c6-b1f992601beb" />
      <TestMethod codeBase="C:/Users/ShaneH/Documents/Visual Studio 2012/Projects/Chess/ChessTests/bin/Debug/ChessTests.dll" adapterTypeName="Microsoft.VisualStudio.TestTools.TestTypes.Unit.UnitTestAdapter, Microsoft.VisualStudio.QualityTools.Tips.UnitTest.Adapter, Version=11.0.0.0, Culture=neutral, PublicKeyToken=b03f5f7f11d50a3a" className="ChessTests.BishopTests, ChessTests, Version=1.0.0.0, Culture=neutral, PublicKeyToken=null" name="canMoveWhiteBishopDiagonallyDownLeftNoObstructions" />
    </UnitTest>
    <UnitTest name="cannotJumpOppositionDiagDownLeft" storage="..\chesstests\bin\debug\chesstests.dll" id="fd4c62da-b4fc-b947-da46-845314dd7c18">
      <Execution timeOut="1800000" id="cc564634-e261-41dc-bf81-23a32bbea72e" />
      <TestMethod codeBase="C:/Users/ShaneH/Documents/Visual Studio 2012/Projects/Chess/ChessTests/bin/Debug/ChessTests.dll" adapterTypeName="Microsoft.VisualStudio.TestTools.TestTypes.Unit.UnitTestAdapter, Microsoft.VisualStudio.QualityTools.Tips.UnitTest.Adapter, Version=11.0.0.0, Culture=neutral, PublicKeyToken=b03f5f7f11d50a3a" className="ChessTests.BishopTests, ChessTests, Version=1.0.0.0, Culture=neutral, PublicKeyToken=null" name="cannotJumpOppositionDiagDownLeft" />
    </UnitTest>
    <UnitTest name="whitePawnCannotMoveBackwards" storage="..\chesstests\bin\debug\chesstests.dll" id="5e0522cb-aa6a-a547-6b61-65ded7b9398a">
      <Execution timeOut="1800000" id="21d3aeb4-91fb-4c0b-b8fd-d88e3eaad6d0" />
      <TestMethod codeBase="C:/Users/ShaneH/Documents/Visual Studio 2012/Projects/Chess/ChessTests/bin/Debug/ChessTests.dll" adapterTypeName="Microsoft.VisualStudio.TestTools.TestTypes.Unit.UnitTestAdapter, Microsoft.VisualStudio.QualityTools.Tips.UnitTest.Adapter, Version=11.0.0.0, Culture=neutral, PublicKeyToken=b03f5f7f11d50a3a" className="ChessTests.PawnTests, ChessTests, Version=1.0.0.0, Culture=neutral, PublicKeyToken=null" name="whitePawnCannotMoveBackwards" />
    </UnitTest>
    <UnitTest name="areBishopsSetup" storage="..\chesstests\bin\debug\chesstests.dll" id="59322b24-fed2-1448-d0b4-50356cfcbb98">
      <Execution timeOut="1800000" id="3218507d-8a57-4bfa-8d4a-d6fd9f2e5a5a" />
      <TestMethod codeBase="C:/Users/ShaneH/Documents/Visual Studio 2012/Projects/Chess/ChessTests/bin/Debug/ChessTests.dll" adapterTypeName="Microsoft.VisualStudio.TestTools.TestTypes.Unit.UnitTestAdapter, Microsoft.VisualStudio.QualityTools.Tips.UnitTest.Adapter, Version=11.0.0.0, Culture=neutral, PublicKeyToken=b03f5f7f11d50a3a" className="ChessTests.ChessTests, ChessTests, Version=1.0.0.0, Culture=neutral, PublicKeyToken=null" name="areBishopsSetup" />
    </UnitTest>
    <UnitTest name="cannotTakeOwnPieceDiagLeft" storage="..\chesstests\bin\debug\chesstests.dll" id="17c89217-fc60-adea-d5e7-d8f5759cacf3">
      <Execution timeOut="1800000" id="e88ae4ff-7df7-4d28-9841-b2abde5706ef" />
      <TestMethod codeBase="C:/Users/ShaneH/Documents/Visual Studio 2012/Projects/Chess/ChessTests/bin/Debug/ChessTests.dll" adapterTypeName="Microsoft.VisualStudio.TestTools.TestTypes.Unit.UnitTestAdapter, Microsoft.VisualStudio.QualityTools.Tips.UnitTest.Adapter, Version=11.0.0.0, Culture=neutral, PublicKeyToken=b03f5f7f11d50a3a" className="ChessTests.PawnTests, ChessTests, Version=1.0.0.0, Culture=neutral, PublicKeyToken=null" name="cannotTakeOwnPieceDiagLeft" />
    </UnitTest>
    <UnitTest name="canTakeOppositionPieceMovingLeft" storage="..\chesstests\bin\debug\chesstests.dll" id="cdb353a5-fbfe-08cc-ac19-32e4bc7ee0af">
      <Execution timeOut="1800000" id="5be4bf51-b27d-4085-9d18-abc8bf266013" />
      <TestMethod codeBase="C:/Users/ShaneH/Documents/Visual Studio 2012/Projects/Chess/ChessTests/bin/Debug/ChessTests.dll" adapterTypeName="Microsoft.VisualStudio.TestTools.TestTypes.Unit.UnitTestAdapter, Microsoft.VisualStudio.QualityTools.Tips.UnitTest.Adapter, Version=11.0.0.0, Culture=neutral, PublicKeyToken=b03f5f7f11d50a3a" className="ChessTests.KingTests, ChessTests, Version=1.0.0.0, Culture=neutral, PublicKeyToken=null" name="canTakeOppositionPieceMovingLeft" />
    </UnitTest>
    <UnitTest name="canMoveBlackRookVerticallyDown" storage="..\chesstests\bin\debug\chesstests.dll" id="80cf12b5-407d-385e-fa57-ce82569f7e4e">
      <Execution timeOut="1800000" id="0efc276a-c5b1-4651-86d9-00101517f204" />
      <TestMethod codeBase="C:/Users/ShaneH/Documents/Visual Studio 2012/Projects/Chess/ChessTests/bin/Debug/ChessTests.dll" adapterTypeName="Microsoft.VisualStudio.TestTools.TestTypes.Unit.UnitTestAdapter, Microsoft.VisualStudio.QualityTools.Tips.UnitTest.Adapter, Version=11.0.0.0, Culture=neutral, PublicKeyToken=b03f5f7f11d50a3a" className="ChessTests.RookTests, ChessTests, Version=1.0.0.0, Culture=neutral, PublicKeyToken=null" name="canMoveBlackRookVerticallyDown" />
    </UnitTest>
    <UnitTest name="canMoveWhiteRookHorizontallyRight" storage="..\chesstests\bin\debug\chesstests.dll" id="cd30a197-746f-89fa-f26c-aad357b6347f">
      <Execution timeOut="1800000" id="5065765c-2d9e-41e8-88fc-2b4db7dede27" />
      <TestMethod codeBase="C:/Users/ShaneH/Documents/Visual Studio 2012/Projects/Chess/ChessTests/bin/Debug/ChessTests.dll" adapterTypeName="Microsoft.VisualStudio.TestTools.TestTypes.Unit.UnitTestAdapter, Microsoft.VisualStudio.QualityTools.Tips.UnitTest.Adapter, Version=11.0.0.0, Culture=neutral, PublicKeyToken=b03f5f7f11d50a3a" className="ChessTests.RookTests, ChessTests, Version=1.0.0.0, Culture=neutral, PublicKeyToken=null" name="canMoveWhiteRookHorizontallyRight" />
    </UnitTest>
    <UnitTest name="cannotMoveRookPastCaptureHorizontallyLeft" storage="..\chesstests\bin\debug\chesstests.dll" id="e3b4f7d1-fd34-7000-16fb-2198b034047c">
      <Execution timeOut="1800000" id="0a531411-25de-43da-b0cb-891e3ac539a3" />
      <TestMethod codeBase="C:/Users/ShaneH/Documents/Visual Studio 2012/Projects/Chess/ChessTests/bin/Debug/ChessTests.dll" adapterTypeName="Microsoft.VisualStudio.TestTools.TestTypes.Unit.UnitTestAdapter, Microsoft.VisualStudio.QualityTools.Tips.UnitTest.Adapter, Version=11.0.0.0, Culture=neutral, PublicKeyToken=b03f5f7f11d50a3a" className="ChessTests.RookTests, ChessTests, Version=1.0.0.0, Culture=neutral, PublicKeyToken=null" name="cannotMoveRookPastCaptureHorizontallyLeft" />
    </UnitTest>
    <UnitTest name="cannotMoveRookPastCaptureVerticallyUp" storage="..\chesstests\bin\debug\chesstests.dll" id="a0f3f893-c4ef-ab53-8734-d2a1d7c9bd6f">
      <Execution timeOut="1800000" id="027d8a6b-ed96-469f-b028-53da57277594" />
      <TestMethod codeBase="C:/Users/ShaneH/Documents/Visual Studio 2012/Projects/Chess/ChessTests/bin/Debug/ChessTests.dll" adapterTypeName="Microsoft.VisualStudio.TestTools.TestTypes.Unit.UnitTestAdapter, Microsoft.VisualStudio.QualityTools.Tips.UnitTest.Adapter, Version=11.0.0.0, Culture=neutral, PublicKeyToken=b03f5f7f11d50a3a" className="ChessTests.RookTests, ChessTests, Version=1.0.0.0, Culture=neutral, PublicKeyToken=null" name="cannotMoveRookPastCaptureVerticallyUp" />
    </UnitTest>
    <UnitTest name="cannotTakeOwnPieceDiagDownLeft" storage="..\chesstests\bin\debug\chesstests.dll" id="11146e4e-bbf4-ec57-67f8-0efcf6651dcd">
      <Execution timeOut="1800000" id="c16b6290-b637-46e9-ab63-ebf0b13c06fd" />
      <TestMethod codeBase="C:/Users/ShaneH/Documents/Visual Studio 2012/Projects/Chess/ChessTests/bin/Debug/ChessTests.dll" adapterTypeName="Microsoft.VisualStudio.TestTools.TestTypes.Unit.UnitTestAdapter, Microsoft.VisualStudio.QualityTools.Tips.UnitTest.Adapter, Version=11.0.0.0, Culture=neutral, PublicKeyToken=b03f5f7f11d50a3a" className="ChessTests.BishopTests, ChessTests, Version=1.0.0.0, Culture=neutral, PublicKeyToken=null" name="cannotTakeOwnPieceDiagDownLeft" />
    </UnitTest>
    <UnitTest name="blackPawnCannotTakeEmptyPieceRight" storage="..\chesstests\bin\debug\chesstests.dll" id="d6be978c-e15f-fa6c-2dca-55f439cdf674">
      <Execution timeOut="1800000" id="c3a02944-cb02-4219-a3f0-26fa8ead2698" />
      <TestMethod codeBase="C:/Users/ShaneH/Documents/Visual Studio 2012/Projects/Chess/ChessTests/bin/Debug/ChessTests.dll" adapterTypeName="Microsoft.VisualStudio.TestTools.TestTypes.Unit.UnitTestAdapter, Microsoft.VisualStudio.QualityTools.Tips.UnitTest.Adapter, Version=11.0.0.0, Culture=neutral, PublicKeyToken=b03f5f7f11d50a3a" className="ChessTests.PawnTests, ChessTests, Version=1.0.0.0, Culture=neutral, PublicKeyToken=null" name="blackPawnCannotTakeEmptyPieceRight" />
    </UnitTest>
    <UnitTest name="areRooksSetup" storage="..\chesstests\bin\debug\chesstests.dll" id="9ea0817e-195f-4525-9215-e116df1a5f63">
      <Execution timeOut="1800000" id="122a51fd-2b41-45a2-9284-328f29018f9f" />
      <TestMethod codeBase="C:/Users/ShaneH/Documents/Visual Studio 2012/Projects/Chess/ChessTests/bin/Debug/ChessTests.dll" adapterTypeName="Microsoft.VisualStudio.TestTools.TestTypes.Unit.UnitTestAdapter, Microsoft.VisualStudio.QualityTools.Tips.UnitTest.Adapter, Version=11.0.0.0, Culture=neutral, PublicKeyToken=b03f5f7f11d50a3a" className="ChessTests.ChessTests, ChessTests, Version=1.0.0.0, Culture=neutral, PublicKeyToken=null" name="areRooksSetup" />
    </UnitTest>
    <UnitTest name="moveEnPassantLeftNotImmediateThrowError" storage="..\chesstests\bin\debug\chesstests.dll" id="6d29da73-1392-f864-ac11-db455215ce75">
      <Execution timeOut="1800000" id="4a40afca-c949-4094-9a1f-073ac8463740" />
      <TestMethod codeBase="C:/Users/ShaneH/Documents/Visual Studio 2012/Projects/Chess/ChessTests/bin/Debug/ChessTests.dll" adapterTypeName="Microsoft.VisualStudio.TestTools.TestTypes.Unit.UnitTestAdapter, Microsoft.VisualStudio.QualityTools.Tips.UnitTest.Adapter, Version=11.0.0.0, Culture=neutral, PublicKeyToken=b03f5f7f11d50a3a" className="ChessTests.PawnTests, ChessTests, Version=1.0.0.0, Culture=neutral, PublicKeyToken=null" name="moveEnPassantLeftNotImmediateThrowError" />
    </UnitTest>
    <UnitTest name="cannotCaptureOwnPieceHorizontallyLeft" storage="..\chesstests\bin\debug\chesstests.dll" id="a5b7c6bb-ac35-2bcc-b00a-fa06ab788ad9">
      <Execution timeOut="1800000" id="21cb399b-7a01-4c25-b59f-5ff1cedbf107" />
      <TestMethod codeBase="C:/Users/ShaneH/Documents/Visual Studio 2012/Projects/Chess/ChessTests/bin/Debug/ChessTests.dll" adapterTypeName="Microsoft.VisualStudio.TestTools.TestTypes.Unit.UnitTestAdapter, Microsoft.VisualStudio.QualityTools.Tips.UnitTest.Adapter, Version=11.0.0.0, Culture=neutral, PublicKeyToken=b03f5f7f11d50a3a" className="ChessTests.RookTests, ChessTests, Version=1.0.0.0, Culture=neutral, PublicKeyToken=null" name="cannotCaptureOwnPieceHorizontallyLeft" />
    </UnitTest>
    <UnitTest name="canMoveBlackBishopDiagonallyDownLeftNoObstructions" storage="..\chesstests\bin\debug\chesstests.dll" id="b1d1289f-9e7e-87c4-873a-568aec1ab10b">
      <Execution timeOut="1800000" id="2af8fcf3-15f3-4fac-91cb-332d8c34b4d4" />
      <TestMethod codeBase="C:/Users/ShaneH/Documents/Visual Studio 2012/Projects/Chess/ChessTests/bin/Debug/ChessTests.dll" adapterTypeName="Microsoft.VisualStudio.TestTools.TestTypes.Unit.UnitTestAdapter, Microsoft.VisualStudio.QualityTools.Tips.UnitTest.Adapter, Version=11.0.0.0, Culture=neutral, PublicKeyToken=b03f5f7f11d50a3a" className="ChessTests.BishopTests, ChessTests, Version=1.0.0.0, Culture=neutral, PublicKeyToken=null" name="canMoveBlackBishopDiagonallyDownLeftNoObstructions" />
    </UnitTest>
    <UnitTest name="canMoveQueenVerticallyUp" storage="..\chesstests\bin\debug\chesstests.dll" id="61071a05-3bb9-84f7-1063-093a7badabca">
      <Execution timeOut="1800000" id="7a7cf61f-a5dc-40e3-9ff2-8a351712bdee" />
      <TestMethod codeBase="C:/Users/ShaneH/Documents/Visual Studio 2012/Projects/Chess/ChessTests/bin/Debug/ChessTests.dll" adapterTypeName="Microsoft.VisualStudio.TestTools.TestTypes.Unit.UnitTestAdapter, Microsoft.VisualStudio.QualityTools.Tips.UnitTest.Adapter, Version=11.0.0.0, Culture=neutral, PublicKeyToken=b03f5f7f11d50a3a" className="ChessTests.QueenTests, ChessTests, Version=1.0.0.0, Culture=neutral, PublicKeyToken=null" name="canMoveQueenVerticallyUp" />
    </UnitTest>
    <UnitTest name="kingInCheckWhenPieceCanTakeIt" storage="..\chesstests\bin\debug\chesstests.dll" id="33482fef-758b-1261-3338-25b0735acc2c">
      <Execution timeOut="1800000" id="2b4180d5-0f91-4ef2-b81a-bca8590aa8d2" />
      <TestMethod codeBase="C:/Users/ShaneH/Documents/Visual Studio 2012/Projects/Chess/ChessTests/bin/Debug/ChessTests.dll" adapterTypeName="Microsoft.VisualStudio.TestTools.TestTypes.Unit.UnitTestAdapter, Microsoft.VisualStudio.QualityTools.Tips.UnitTest.Adapter, Version=11.0.0.0, Culture=neutral, PublicKeyToken=b03f5f7f11d50a3a" className="ChessTests.CheckTests, ChessTests, Version=1.0.0.0, Culture=neutral, PublicKeyToken=null" name="kingInCheckWhenPieceCanTakeIt" />
    </UnitTest>
    <UnitTest name="cannotTakeOwnPieceMovingForwardLeft" storage="..\chesstests\bin\debug\chesstests.dll" id="2d3cec0c-59b8-0bcd-556a-64d52e28cae3">
      <Execution timeOut="1800000" id="b8615e56-8fe6-4dc5-8958-59deda2b0faa" />
      <TestMethod codeBase="C:/Users/ShaneH/Documents/Visual Studio 2012/Projects/Chess/ChessTests/bin/Debug/ChessTests.dll" adapterTypeName="Microsoft.VisualStudio.TestTools.TestTypes.Unit.UnitTestAdapter, Microsoft.VisualStudio.QualityTools.Tips.UnitTest.Adapter, Version=11.0.0.0, Culture=neutral, PublicKeyToken=b03f5f7f11d50a3a" className="ChessTests.KingTests, ChessTests, Version=1.0.0.0, Culture=neutral, PublicKeyToken=null" name="cannotTakeOwnPieceMovingForwardLeft" />
    </UnitTest>
    <UnitTest name="colourInStalemateWhenHasNoPossibleMoves" storage="..\chesstests\bin\debug\chesstests.dll" id="fb3e120a-0549-92c5-8757-f1b18f0c8dad">
      <Execution timeOut="1800000" id="23ea1cca-b586-4a52-96f2-5e8caab8b684" />
      <TestMethod codeBase="C:/Users/ShaneH/Documents/Visual Studio 2012/Projects/Chess/ChessTests/bin/Debug/ChessTests.dll" adapterTypeName="Microsoft.VisualStudio.TestTools.TestTypes.Unit.UnitTestAdapter, Microsoft.VisualStudio.QualityTools.Tips.UnitTest.Adapter, Version=11.0.0.0, Culture=neutral, PublicKeyToken=b03f5f7f11d50a3a" className="ChessTests.CheckTests, ChessTests, Version=1.0.0.0, Culture=neutral, PublicKeyToken=null" name="colourInStalemateWhenHasNoPossibleMoves" />
    </UnitTest>
    <UnitTest name="areEvenRowColoursSetup" storage="..\chesstests\bin\debug\chesstests.dll" id="64ef643a-95e0-b1de-5aee-37e849e90430">
      <Execution timeOut="1800000" id="425f1c16-6941-4e43-a886-b63ee7e247b7" />
      <TestMethod codeBase="C:/Users/ShaneH/Documents/Visual Studio 2012/Projects/Chess/ChessTests/bin/Debug/ChessTests.dll" adapterTypeName="Microsoft.VisualStudio.TestTools.TestTypes.Unit.UnitTestAdapter, Microsoft.VisualStudio.QualityTools.Tips.UnitTest.Adapter, Version=11.0.0.0, Culture=neutral, PublicKeyToken=b03f5f7f11d50a3a" className="ChessTests.ChessTests, ChessTests, Version=1.0.0.0, Culture=neutral, PublicKeyToken=null" name="areEvenRowColoursSetup" />
    </UnitTest>
    <UnitTest name="pieceMovesWithMove" storage="..\chesstests\bin\debug\chesstests.dll" id="db17ca7a-fdcd-e135-ff66-0041667888a6">
      <Execution timeOut="1800000" id="850cd88b-9fe6-4899-8571-11dab5bbb8c8" />
      <TestMethod codeBase="C:/Users/ShaneH/Documents/Visual Studio 2012/Projects/Chess/ChessTests/bin/Debug/ChessTests.dll" adapterTypeName="Microsoft.VisualStudio.TestTools.TestTypes.Unit.UnitTestAdapter, Microsoft.VisualStudio.QualityTools.Tips.UnitTest.Adapter, Version=11.0.0.0, Culture=neutral, PublicKeyToken=b03f5f7f11d50a3a" className="ChessTests.ChessTests, ChessTests, Version=1.0.0.0, Culture=neutral, PublicKeyToken=null" name="pieceMovesWithMove" />
    </UnitTest>
    <UnitTest name="cannotTakeOwnPieceMovingDown" storage="..\chesstests\bin\debug\chesstests.dll" id="d4181de0-82b5-2bf4-4e2d-51f91ba36e4c">
      <Execution timeOut="1800000" id="039f2d30-a262-4e25-82fc-512fd4829873" />
      <TestMethod codeBase="C:/Users/ShaneH/Documents/Visual Studio 2012/Projects/Chess/ChessTests/bin/Debug/ChessTests.dll" adapterTypeName="Microsoft.VisualStudio.TestTools.TestTypes.Unit.UnitTestAdapter, Microsoft.VisualStudio.QualityTools.Tips.UnitTest.Adapter, Version=11.0.0.0, Culture=neutral, PublicKeyToken=b03f5f7f11d50a3a" className="ChessTests.KingTests, ChessTests, Version=1.0.0.0, Culture=neutral, PublicKeyToken=null" name="cannotTakeOwnPieceMovingDown" />
    </UnitTest>
    <UnitTest name="areMiddleCellsEmpty" storage="..\chesstests\bin\debug\chesstests.dll" id="9d752e3a-962f-b4d2-f688-e9e19ffd27bf">
      <Execution timeOut="1800000" id="9aa7fab3-cd83-46bb-b65b-089b5ed856af" />
      <TestMethod codeBase="C:/Users/ShaneH/Documents/Visual Studio 2012/Projects/Chess/ChessTests/bin/Debug/ChessTests.dll" adapterTypeName="Microsoft.VisualStudio.TestTools.TestTypes.Unit.UnitTestAdapter, Microsoft.VisualStudio.QualityTools.Tips.UnitTest.Adapter, Version=11.0.0.0, Culture=neutral, PublicKeyToken=b03f5f7f11d50a3a" className="ChessTests.ChessTests, ChessTests, Version=1.0.0.0, Culture=neutral, PublicKeyToken=null" name="areMiddleCellsEmpty" />
    </UnitTest>
    <UnitTest name="moveEnPassantRightRemovesPiece" storage="..\chesstests\bin\debug\chesstests.dll" id="978c0671-8eb9-8633-411e-8b65bb821d6c">
      <Execution timeOut="1800000" id="53f9bf44-fb22-4de1-8929-bdad5ea03aa0" />
      <TestMethod codeBase="C:/Users/ShaneH/Documents/Visual Studio 2012/Projects/Chess/ChessTests/bin/Debug/ChessTests.dll" adapterTypeName="Microsoft.VisualStudio.TestTools.TestTypes.Unit.UnitTestAdapter, Microsoft.VisualStudio.QualityTools.Tips.UnitTest.Adapter, Version=11.0.0.0, Culture=neutral, PublicKeyToken=b03f5f7f11d50a3a" className="ChessTests.PawnTests, ChessTests, Version=1.0.0.0, Culture=neutral, PublicKeyToken=null" name="moveEnPassantRightRemovesPiece" />
    </UnitTest>
    <UnitTest name="cannotMoveIntoCheckWithPawn" storage="..\chesstests\bin\debug\chesstests.dll" id="5e863a04-2f1d-691e-a9dc-a4e1b154660d">
      <Execution timeOut="1800000" id="d096eae5-087a-467c-821b-83ae7048708d" />
      <TestMethod codeBase="C:/Users/ShaneH/Documents/Visual Studio 2012/Projects/Chess/ChessTests/bin/Debug/ChessTests.dll" adapterTypeName="Microsoft.VisualStudio.TestTools.TestTypes.Unit.UnitTestAdapter, Microsoft.VisualStudio.QualityTools.Tips.UnitTest.Adapter, Version=11.0.0.0, Culture=neutral, PublicKeyToken=b03f5f7f11d50a3a" className="ChessTests.CheckTests, ChessTests, Version=1.0.0.0, Culture=neutral, PublicKeyToken=null" name="cannotMoveIntoCheckWithPawn" />
    </UnitTest>
    <UnitTest name="canMoveWhiteRookHorizontallyLeft" storage="..\chesstests\bin\debug\chesstests.dll" id="59555551-2870-ef13-6be7-cabc129b6b60">
      <Execution timeOut="1800000" id="a06aab3d-70ba-4ce9-925d-1861c26fd1c0" />
      <TestMethod codeBase="C:/Users/ShaneH/Documents/Visual Studio 2012/Projects/Chess/ChessTests/bin/Debug/ChessTests.dll" adapterTypeName="Microsoft.VisualStudio.TestTools.TestTypes.Unit.UnitTestAdapter, Microsoft.VisualStudio.QualityTools.Tips.UnitTest.Adapter, Version=11.0.0.0, Culture=neutral, PublicKeyToken=b03f5f7f11d50a3a" className="ChessTests.RookTests, ChessTests, Version=1.0.0.0, Culture=neutral, PublicKeyToken=null" name="canMoveWhiteRookHorizontallyLeft" />
    </UnitTest>
    <UnitTest name="cannotTakeOwnPieceDiagRight" storage="..\chesstests\bin\debug\chesstests.dll" id="557ea181-0881-47c7-90a7-baa142d9c0b1">
      <Execution timeOut="1800000" id="b53512b0-4283-4aa0-a0ff-8abefe4216e7" />
      <TestMethod codeBase="C:/Users/ShaneH/Documents/Visual Studio 2012/Projects/Chess/ChessTests/bin/Debug/ChessTests.dll" adapterTypeName="Microsoft.VisualStudio.TestTools.TestTypes.Unit.UnitTestAdapter, Microsoft.VisualStudio.QualityTools.Tips.UnitTest.Adapter, Version=11.0.0.0, Culture=neutral, PublicKeyToken=b03f5f7f11d50a3a" className="ChessTests.PawnTests, ChessTests, Version=1.0.0.0, Culture=neutral, PublicKeyToken=null" name="cannotTakeOwnPieceDiagRight" />
    </UnitTest>
    <UnitTest name="noErrorWhenOnBottomLeft" storage="..\chesstests\bin\debug\chesstests.dll" id="a64ca845-c01a-2574-9dc9-d481b1eb66ae">
      <Execution timeOut="1800000" id="a66ab07c-39a2-41e8-b10e-0bc21aa94e33" />
      <TestMethod codeBase="C:/Users/ShaneH/Documents/Visual Studio 2012/Projects/Chess/ChessTests/bin/Debug/ChessTests.dll" adapterTypeName="Microsoft.VisualStudio.TestTools.TestTypes.Unit.UnitTestAdapter, Microsoft.VisualStudio.QualityTools.Tips.UnitTest.Adapter, Version=11.0.0.0, Culture=neutral, PublicKeyToken=b03f5f7f11d50a3a" className="ChessTests.KnightTests, ChessTests, Version=1.0.0.0, Culture=neutral, PublicKeyToken=null" name="noErrorWhenOnBottomLeft" />
    </UnitTest>
    <UnitTest name="canMoveKingOneDown" storage="..\chesstests\bin\debug\chesstests.dll" id="09b9970f-5bc4-c7f2-6dce-33edfb74fb47">
      <Execution timeOut="1800000" id="c1f319e9-a319-441e-8555-c506cd7a28e8" />
      <TestMethod codeBase="C:/Users/ShaneH/Documents/Visual Studio 2012/Projects/Chess/ChessTests/bin/Debug/ChessTests.dll" adapterTypeName="Microsoft.VisualStudio.TestTools.TestTypes.Unit.UnitTestAdapter, Microsoft.VisualStudio.QualityTools.Tips.UnitTest.Adapter, Version=11.0.0.0, Culture=neutral, PublicKeyToken=b03f5f7f11d50a3a" className="ChessTests.KingTests, ChessTests, Version=1.0.0.0, Culture=neutral, PublicKeyToken=null" name="canMoveKingOneDown" />
    </UnitTest>
    <UnitTest name="canMoveBlackBishopDiagonalUpLeftNoObstructions" storage="..\chesstests\bin\debug\chesstests.dll" id="f758d7bc-486f-01b2-cb64-d4b549c6a040">
      <Execution timeOut="1800000" id="ac4d4a7a-a4c4-42c9-a27a-1b80bf54bee7" />
      <TestMethod codeBase="C:/Users/ShaneH/Documents/Visual Studio 2012/Projects/Chess/ChessTests/bin/Debug/ChessTests.dll" adapterTypeName="Microsoft.VisualStudio.TestTools.TestTypes.Unit.UnitTestAdapter, Microsoft.VisualStudio.QualityTools.Tips.UnitTest.Adapter, Version=11.0.0.0, Culture=neutral, PublicKeyToken=b03f5f7f11d50a3a" className="ChessTests.BishopTests, ChessTests, Version=1.0.0.0, Culture=neutral, PublicKeyToken=null" name="canMoveBlackBishopDiagonalUpLeftNoObstructions" />
    </UnitTest>
    <UnitTest name="canMoveWhiteKnightLeftDown" storage="..\chesstests\bin\debug\chesstests.dll" id="cf3b5912-6ae6-e0a1-b350-a9a883f44204">
      <Execution timeOut="1800000" id="27ea464e-905f-48df-ad90-5cee2b82c37b" />
      <TestMethod codeBase="C:/Users/ShaneH/Documents/Visual Studio 2012/Projects/Chess/ChessTests/bin/Debug/ChessTests.dll" adapterTypeName="Microsoft.VisualStudio.TestTools.TestTypes.Unit.UnitTestAdapter, Microsoft.VisualStudio.QualityTools.Tips.UnitTest.Adapter, Version=11.0.0.0, Culture=neutral, PublicKeyToken=b03f5f7f11d50a3a" className="ChessTests.KnightTests, ChessTests, Version=1.0.0.0, Culture=neutral, PublicKeyToken=null" name="canMoveWhiteKnightLeftDown" />
    </UnitTest>
    <UnitTest name="cannotJumpOppositionDiagUpRight" storage="..\chesstests\bin\debug\chesstests.dll" id="6569eff2-7f15-ccb7-f02b-db4adb59c7db">
      <Execution timeOut="1800000" id="8d7de169-bafa-4a70-a658-030e388e18a7" />
      <TestMethod codeBase="C:/Users/ShaneH/Documents/Visual Studio 2012/Projects/Chess/ChessTests/bin/Debug/ChessTests.dll" adapterTypeName="Microsoft.VisualStudio.TestTools.TestTypes.Unit.UnitTestAdapter, Microsoft.VisualStudio.QualityTools.Tips.UnitTest.Adapter, Version=11.0.0.0, Culture=neutral, PublicKeyToken=b03f5f7f11d50a3a" className="ChessTests.BishopTests, ChessTests, Version=1.0.0.0, Culture=neutral, PublicKeyToken=null" name="cannotJumpOppositionDiagUpRight" />
    </UnitTest>
    <UnitTest name="cannotCaptureOwnPieceBottomLeft" storage="..\chesstests\bin\debug\chesstests.dll" id="5549ceba-3e9a-6148-26c8-8ad403ffbfa1">
      <Execution timeOut="1800000" id="ffecaa4b-d218-47c3-b6b2-30fd2338696d" />
      <TestMethod codeBase="C:/Users/ShaneH/Documents/Visual Studio 2012/Projects/Chess/ChessTests/bin/Debug/ChessTests.dll" adapterTypeName="Microsoft.VisualStudio.TestTools.TestTypes.Unit.UnitTestAdapter, Microsoft.VisualStudio.QualityTools.Tips.UnitTest.Adapter, Version=11.0.0.0, Culture=neutral, PublicKeyToken=b03f5f7f11d50a3a" className="ChessTests.KnightTests, ChessTests, Version=1.0.0.0, Culture=neutral, PublicKeyToken=null" name="cannotCaptureOwnPieceBottomLeft" />
    </UnitTest>
    <UnitTest name="canTakeOppositionPieceMovingDownRight" storage="..\chesstests\bin\debug\chesstests.dll" id="4b659aa5-2064-7295-f3dc-47eac73b7ede">
      <Execution timeOut="1800000" id="544205b3-81d0-44f1-ada6-ee650922395d" />
      <TestMethod codeBase="C:/Users/ShaneH/Documents/Visual Studio 2012/Projects/Chess/ChessTests/bin/Debug/ChessTests.dll" adapterTypeName="Microsoft.VisualStudio.TestTools.TestTypes.Unit.UnitTestAdapter, Microsoft.VisualStudio.QualityTools.Tips.UnitTest.Adapter, Version=11.0.0.0, Culture=neutral, PublicKeyToken=b03f5f7f11d50a3a" className="ChessTests.KingTests, ChessTests, Version=1.0.0.0, Culture=neutral, PublicKeyToken=null" name="canTakeOppositionPieceMovingDownRight" />
    </UnitTest>
    <UnitTest name="cannotMove2AtStartIfPieceInTheWay" storage="..\chesstests\bin\debug\chesstests.dll" id="2ead5f87-4f49-9731-8b7d-274f7728f6ce">
      <Execution timeOut="1800000" id="e47aaac8-f621-46a7-971a-d286ce5dd0aa" />
      <TestMethod codeBase="C:/Users/ShaneH/Documents/Visual Studio 2012/Projects/Chess/ChessTests/bin/Debug/ChessTests.dll" adapterTypeName="Microsoft.VisualStudio.TestTools.TestTypes.Unit.UnitTestAdapter, Microsoft.VisualStudio.QualityTools.Tips.UnitTest.Adapter, Version=11.0.0.0, Culture=neutral, PublicKeyToken=b03f5f7f11d50a3a" className="ChessTests.PawnTests, ChessTests, Version=1.0.0.0, Culture=neutral, PublicKeyToken=null" name="cannotMove2AtStartIfPieceInTheWay" />
    </UnitTest>
    <UnitTest name="canMoveKingForwardLeft" storage="..\chesstests\bin\debug\chesstests.dll" id="325ca6ba-2af3-98aa-0d43-981348e2650a">
      <Execution timeOut="1800000" id="d6eccc44-1874-4e76-a651-7fd7a13fe3aa" />
      <TestMethod codeBase="C:/Users/ShaneH/Documents/Visual Studio 2012/Projects/Chess/ChessTests/bin/Debug/ChessTests.dll" adapterTypeName="Microsoft.VisualStudio.TestTools.TestTypes.Unit.UnitTestAdapter, Microsoft.VisualStudio.QualityTools.Tips.UnitTest.Adapter, Version=11.0.0.0, Culture=neutral, PublicKeyToken=b03f5f7f11d50a3a" className="ChessTests.KingTests, ChessTests, Version=1.0.0.0, Culture=neutral, PublicKeyToken=null" name="canMoveKingForwardLeft" />
    </UnitTest>
    <UnitTest name="cannotCaptureOwnPieceRightBottom" storage="..\chesstests\bin\debug\chesstests.dll" id="c281314e-828d-e156-cbd7-96cd2b327ed0">
      <Execution timeOut="1800000" id="4b98f5eb-445b-4de6-b4ef-907d32240c0d" />
      <TestMethod codeBase="C:/Users/ShaneH/Documents/Visual Studio 2012/Projects/Chess/ChessTests/bin/Debug/ChessTests.dll" adapterTypeName="Microsoft.VisualStudio.TestTools.TestTypes.Unit.UnitTestAdapter, Microsoft.VisualStudio.QualityTools.Tips.UnitTest.Adapter, Version=11.0.0.0, Culture=neutral, PublicKeyToken=b03f5f7f11d50a3a" className="ChessTests.KnightTests, ChessTests, Version=1.0.0.0, Culture=neutral, PublicKeyToken=null" name="cannotCaptureOwnPieceRightBottom" />
    </UnitTest>
    <UnitTest name="cannotMove2AtStartIfPieceJustInFront" storage="..\chesstests\bin\debug\chesstests.dll" id="f4345ccc-f7f8-a9d0-d85f-f34d1eaed95e">
      <Execution timeOut="1800000" id="c002dd81-63dc-453c-b92b-79457ba7d65b" />
      <TestMethod codeBase="C:/Users/ShaneH/Documents/Visual Studio 2012/Projects/Chess/ChessTests/bin/Debug/ChessTests.dll" adapterTypeName="Microsoft.VisualStudio.TestTools.TestTypes.Unit.UnitTestAdapter, Microsoft.VisualStudio.QualityTools.Tips.UnitTest.Adapter, Version=11.0.0.0, Culture=neutral, PublicKeyToken=b03f5f7f11d50a3a" className="ChessTests.PawnTests, ChessTests, Version=1.0.0.0, Culture=neutral, PublicKeyToken=null" name="cannotMove2AtStartIfPieceJustInFront" />
    </UnitTest>
    <UnitTest name="getExceptionWhenSelectCellNegativeRow" storage="..\chesstests\bin\debug\chesstests.dll" id="b899b54b-1fed-9cb3-745e-fba087b88573">
      <Execution timeOut="1800000" id="c5f553cd-7fc6-4c06-a9d3-7562c2502b98" />
      <TestMethod codeBase="C:/Users/ShaneH/Documents/Visual Studio 2012/Projects/Chess/ChessTests/bin/Debug/ChessTests.dll" adapterTypeName="Microsoft.VisualStudio.TestTools.TestTypes.Unit.UnitTestAdapter, Microsoft.VisualStudio.QualityTools.Tips.UnitTest.Adapter, Version=11.0.0.0, Culture=neutral, PublicKeyToken=b03f5f7f11d50a3a" className="ChessTests.ChessTests, ChessTests, Version=1.0.0.0, Culture=neutral, PublicKeyToken=null" name="getExceptionWhenSelectCellNegativeRow" />
    </UnitTest>
    <UnitTest name="canTakeOppositionPieceMovingDownLeft" storage="..\chesstests\bin\debug\chesstests.dll" id="f2c8f66f-5b37-9645-e49a-a041d148b602">
      <Execution timeOut="1800000" id="6cbd67c0-3f3f-4097-a4c0-7bb9381f291c" />
      <TestMethod codeBase="C:/Users/ShaneH/Documents/Visual Studio 2012/Projects/Chess/ChessTests/bin/Debug/ChessTests.dll" adapterTypeName="Microsoft.VisualStudio.TestTools.TestTypes.Unit.UnitTestAdapter, Microsoft.VisualStudio.QualityTools.Tips.UnitTest.Adapter, Version=11.0.0.0, Culture=neutral, PublicKeyToken=b03f5f7f11d50a3a" className="ChessTests.KingTests, ChessTests, Version=1.0.0.0, Culture=neutral, PublicKeyToken=null" name="canTakeOppositionPieceMovingDownLeft" />
    </UnitTest>
    <UnitTest name="canMoveKingUpRight" storage="..\chesstests\bin\debug\chesstests.dll" id="54bf5bb6-83d7-dbc0-fbb6-c50b912aca0c">
      <Execution timeOut="1800000" id="4c087e70-6a7b-48c0-9c7b-dd8545011149" />
      <TestMethod codeBase="C:/Users/ShaneH/Documents/Visual Studio 2012/Projects/Chess/ChessTests/bin/Debug/ChessTests.dll" adapterTypeName="Microsoft.VisualStudio.TestTools.TestTypes.Unit.UnitTestAdapter, Microsoft.VisualStudio.QualityTools.Tips.UnitTest.Adapter, Version=11.0.0.0, Culture=neutral, PublicKeyToken=b03f5f7f11d50a3a" className="ChessTests.KingTests, ChessTests, Version=1.0.0.0, Culture=neutral, PublicKeyToken=null" name="canMoveKingUpRight" />
    </UnitTest>
    <UnitTest name="pieceHasNoValidMoves" storage="..\chesstests\bin\debug\chesstests.dll" id="dafe7a1e-3bd2-12cf-e3a7-a7dc8926d90c">
      <Execution timeOut="1800000" id="2302900b-b889-4c42-8a47-71995f62d8f1" />
      <TestMethod codeBase="C:/Users/ShaneH/Documents/Visual Studio 2012/Projects/Chess/ChessTests/bin/Debug/ChessTests.dll" adapterTypeName="Microsoft.VisualStudio.TestTools.TestTypes.Unit.UnitTestAdapter, Microsoft.VisualStudio.QualityTools.Tips.UnitTest.Adapter, Version=11.0.0.0, Culture=neutral, PublicKeyToken=b03f5f7f11d50a3a" className="ChessTests.ChessTests, ChessTests, Version=1.0.0.0, Culture=neutral, PublicKeyToken=null" name="pieceHasNoValidMoves" />
    </UnitTest>
    <UnitTest name="exceptionWhenMoveTooLargeRow" storage="..\chesstests\bin\debug\chesstests.dll" id="2622fed3-4e63-071a-2d6d-7db13abf1a89">
      <Execution timeOut="1800000" id="63a53125-e1b3-47c5-81d0-47de8419abfe" />
      <TestMethod codeBase="C:/Users/ShaneH/Documents/Visual Studio 2012/Projects/Chess/ChessTests/bin/Debug/ChessTests.dll" adapterTypeName="Microsoft.VisualStudio.TestTools.TestTypes.Unit.UnitTestAdapter, Microsoft.VisualStudio.QualityTools.Tips.UnitTest.Adapter, Version=11.0.0.0, Culture=neutral, PublicKeyToken=b03f5f7f11d50a3a" className="ChessTests.ChessTests, ChessTests, Version=1.0.0.0, Culture=neutral, PublicKeyToken=null" name="exceptionWhenMoveTooLargeRow" />
    </UnitTest>
    <UnitTest name="canMoveWhiteRookVerticallyDown" storage="..\chesstests\bin\debug\chesstests.dll" id="7ff00668-a1d1-598b-ea2d-b4d066dc2a94">
      <Execution timeOut="1800000" id="46d7fa65-c96a-4fd8-83aa-95f15f4662b7" />
      <TestMethod codeBase="C:/Users/ShaneH/Documents/Visual Studio 2012/Projects/Chess/ChessTests/bin/Debug/ChessTests.dll" adapterTypeName="Microsoft.VisualStudio.TestTools.TestTypes.Unit.UnitTestAdapter, Microsoft.VisualStudio.QualityTools.Tips.UnitTest.Adapter, Version=11.0.0.0, Culture=neutral, PublicKeyToken=b03f5f7f11d50a3a" className="ChessTests.RookTests, ChessTests, Version=1.0.0.0, Culture=neutral, PublicKeyToken=null" name="canMoveWhiteRookVerticallyDown" />
    </UnitTest>
    <UnitTest name="kingInCheckMateWhenInCheckWithNoPossibleMoves" storage="..\chesstests\bin\debug\chesstests.dll" id="ffdb4695-667e-dd10-549e-ca3d318866c4">
      <Execution timeOut="1800000" id="99c0b5eb-437f-4266-9db8-00ceb618e1cf" />
      <TestMethod codeBase="C:/Users/ShaneH/Documents/Visual Studio 2012/Projects/Chess/ChessTests/bin/Debug/ChessTests.dll" adapterTypeName="Microsoft.VisualStudio.TestTools.TestTypes.Unit.UnitTestAdapter, Microsoft.VisualStudio.QualityTools.Tips.UnitTest.Adapter, Version=11.0.0.0, Culture=neutral, PublicKeyToken=b03f5f7f11d50a3a" className="ChessTests.CheckMateTests, ChessTests, Version=1.0.0.0, Culture=neutral, PublicKeyToken=null" name="kingInCheckMateWhenInCheckWithNoPossibleMoves" />
    </UnitTest>
    <UnitTest name="canMoveBlackRookHorizonallyLeft" storage="..\chesstests\bin\debug\chesstests.dll" id="623f0bb4-6cd6-0db1-bf8f-7a93fb8b942e">
      <Execution timeOut="1800000" id="fa72c751-d1a5-4c5e-81a9-44ef68038046" />
      <TestMethod codeBase="C:/Users/ShaneH/Documents/Visual Studio 2012/Projects/Chess/ChessTests/bin/Debug/ChessTests.dll" adapterTypeName="Microsoft.VisualStudio.TestTools.TestTypes.Unit.UnitTestAdapter, Microsoft.VisualStudio.QualityTools.Tips.UnitTest.Adapter, Version=11.0.0.0, Culture=neutral, PublicKeyToken=b03f5f7f11d50a3a" className="ChessTests.RookTests, ChessTests, Version=1.0.0.0, Culture=neutral, PublicKeyToken=null" name="canMoveBlackRookHorizonallyLeft" />
    </UnitTest>
    <UnitTest name="cannotMoveIntoCheckWithKnight" storage="..\chesstests\bin\debug\chesstests.dll" id="034cb968-1bbc-2a0a-9d7d-a0af59680564">
      <Execution timeOut="1800000" id="00e34780-0331-4dac-8daa-18c2acba0990" />
      <TestMethod codeBase="C:/Users/ShaneH/Documents/Visual Studio 2012/Projects/Chess/ChessTests/bin/Debug/ChessTests.dll" adapterTypeName="Microsoft.VisualStudio.TestTools.TestTypes.Unit.UnitTestAdapter, Microsoft.VisualStudio.QualityTools.Tips.UnitTest.Adapter, Version=11.0.0.0, Culture=neutral, PublicKeyToken=b03f5f7f11d50a3a" className="ChessTests.CheckTests, ChessTests, Version=1.0.0.0, Culture=neutral, PublicKeyToken=null" name="cannotMoveIntoCheckWithKnight" />
    </UnitTest>
    <UnitTest name="canMoveWhiteKnightDownLeft" storage="..\chesstests\bin\debug\chesstests.dll" id="129b002c-1fd8-a858-11b5-efb8011f1c66">
      <Execution timeOut="1800000" id="d295a208-cad7-4ac6-bc01-7b26de01ee67" />
      <TestMethod codeBase="C:/Users/ShaneH/Documents/Visual Studio 2012/Projects/Chess/ChessTests/bin/Debug/ChessTests.dll" adapterTypeName="Microsoft.VisualStudio.TestTools.TestTypes.Unit.UnitTestAdapter, Microsoft.VisualStudio.QualityTools.Tips.UnitTest.Adapter, Version=11.0.0.0, Culture=neutral, PublicKeyToken=b03f5f7f11d50a3a" className="ChessTests.KnightTests, ChessTests, Version=1.0.0.0, Culture=neutral, PublicKeyToken=null" name="canMoveWhiteKnightDownLeft" />
    </UnitTest>
    <UnitTest name="kingNotInCheckMateByDefault" storage="..\chesstests\bin\debug\chesstests.dll" id="f94b9858-af5f-5769-3a8b-398c9b0b4478">
      <Execution timeOut="1800000" id="2baa171b-59d6-4427-bad9-5e42fdc8cee6" />
      <TestMethod codeBase="C:/Users/ShaneH/Documents/Visual Studio 2012/Projects/Chess/ChessTests/bin/Debug/ChessTests.dll" adapterTypeName="Microsoft.VisualStudio.TestTools.TestTypes.Unit.UnitTestAdapter, Microsoft.VisualStudio.QualityTools.Tips.UnitTest.Adapter, Version=11.0.0.0, Culture=neutral, PublicKeyToken=b03f5f7f11d50a3a" className="ChessTests.CheckMateTests, ChessTests, Version=1.0.0.0, Culture=neutral, PublicKeyToken=null" name="kingNotInCheckMateByDefault" />
    </UnitTest>
    <UnitTest name="simulationReturnsCorrectNumberForQueen" storage="..\chesstests\bin\debug\chesstests.dll" id="c32496c9-f92b-1aae-b786-6539abf523eb">
      <Execution timeOut="1800000" id="9c125561-3b8b-401e-9123-ca892483bd8f" />
      <TestMethod codeBase="C:/Users/ShaneH/Documents/Visual Studio 2012/Projects/Chess/ChessTests/bin/Debug/ChessTests.dll" adapterTypeName="Microsoft.VisualStudio.TestTools.TestTypes.Unit.UnitTestAdapter, Microsoft.VisualStudio.QualityTools.Tips.UnitTest.Adapter, Version=11.0.0.0, Culture=neutral, PublicKeyToken=b03f5f7f11d50a3a" className="ChessTests.BoardSimulateTests, ChessTests, Version=1.0.0.0, Culture=neutral, PublicKeyToken=null" name="simulationReturnsCorrectNumberForQueen" />
    </UnitTest>
    <UnitTest name="invalidMoveGivesCorrectPieceName" storage="..\chesstests\bin\debug\chesstests.dll" id="cc5c40cc-583d-811b-ee50-c1611290992c">
      <Execution timeOut="1800000" id="7f57075b-cbe1-48a4-8219-7d8dd7b0e595" />
      <TestMethod codeBase="C:/Users/ShaneH/Documents/Visual Studio 2012/Projects/Chess/ChessTests/bin/Debug/ChessTests.dll" adapterTypeName="Microsoft.VisualStudio.TestTools.TestTypes.Unit.UnitTestAdapter, Microsoft.VisualStudio.QualityTools.Tips.UnitTest.Adapter, Version=11.0.0.0, Culture=neutral, PublicKeyToken=b03f5f7f11d50a3a" className="ChessTests.RookTests, ChessTests, Version=1.0.0.0, Culture=neutral, PublicKeyToken=null" name="invalidMoveGivesCorrectPieceName" />
    </UnitTest>
    <UnitTest name="canMoveBlackKnightRightDown" storage="..\chesstests\bin\debug\chesstests.dll" id="da7f9d67-6583-5b93-3103-caab5031e2e0">
      <Execution timeOut="1800000" id="20af75dd-25ee-4399-b9b0-f42e4ed49f8a" />
      <TestMethod codeBase="C:/Users/ShaneH/Documents/Visual Studio 2012/Projects/Chess/ChessTests/bin/Debug/ChessTests.dll" adapterTypeName="Microsoft.VisualStudio.TestTools.TestTypes.Unit.UnitTestAdapter, Microsoft.VisualStudio.QualityTools.Tips.UnitTest.Adapter, Version=11.0.0.0, Culture=neutral, PublicKeyToken=b03f5f7f11d50a3a" className="ChessTests.KnightTests, ChessTests, Version=1.0.0.0, Culture=neutral, PublicKeyToken=null" name="canMoveBlackKnightRightDown" />
    </UnitTest>
    <UnitTest name="invalidMoveGivesCorrectPieceName" storage="..\chesstests\bin\debug\chesstests.dll" id="070484d8-b78f-e4c9-05d6-cba7187facb9">
      <Execution timeOut="1800000" id="ef5c25e9-d735-4134-8e71-b9bbf04731ee" />
      <TestMethod codeBase="C:/Users/ShaneH/Documents/Visual Studio 2012/Projects/Chess/ChessTests/bin/Debug/ChessTests.dll" adapterTypeName="Microsoft.VisualStudio.TestTools.TestTypes.Unit.UnitTestAdapter, Microsoft.VisualStudio.QualityTools.Tips.UnitTest.Adapter, Version=11.0.0.0, Culture=neutral, PublicKeyToken=b03f5f7f11d50a3a" className="ChessTests.KnightTests, ChessTests, Version=1.0.0.0, Culture=neutral, PublicKeyToken=null" name="invalidMoveGivesCorrectPieceName" />
    </UnitTest>
    <UnitTest name="cannotMoveIntoCheck" storage="..\chesstests\bin\debug\chesstests.dll" id="f6b94837-b11e-b7fc-3b07-45030b7ef6b9">
      <Execution timeOut="1800000" id="6a7c9ede-b806-4bcb-953b-bfb4487e672f" />
      <TestMethod codeBase="C:/Users/ShaneH/Documents/Visual Studio 2012/Projects/Chess/ChessTests/bin/Debug/ChessTests.dll" adapterTypeName="Microsoft.VisualStudio.TestTools.TestTypes.Unit.UnitTestAdapter, Microsoft.VisualStudio.QualityTools.Tips.UnitTest.Adapter, Version=11.0.0.0, Culture=neutral, PublicKeyToken=b03f5f7f11d50a3a" className="ChessTests.KingTests, ChessTests, Version=1.0.0.0, Culture=neutral, PublicKeyToken=null" name="cannotMoveIntoCheck" />
    </UnitTest>
    <UnitTest name="canMoveKingLeft" storage="..\chesstests\bin\debug\chesstests.dll" id="e8e33e12-931b-128d-146d-566c8d61cfb2">
      <Execution timeOut="1800000" id="9acbcde6-30dd-4be5-afde-85c4708f8820" />
      <TestMethod codeBase="C:/Users/ShaneH/Documents/Visual Studio 2012/Projects/Chess/ChessTests/bin/Debug/ChessTests.dll" adapterTypeName="Microsoft.VisualStudio.TestTools.TestTypes.Unit.UnitTestAdapter, Microsoft.VisualStudio.QualityTools.Tips.UnitTest.Adapter, Version=11.0.0.0, Culture=neutral, PublicKeyToken=b03f5f7f11d50a3a" className="ChessTests.KingTests, ChessTests, Version=1.0.0.0, Culture=neutral, PublicKeyToken=null" name="canMoveKingLeft" />
    </UnitTest>
    <UnitTest name="cannotMoveEnPassantIfOtherPieceNotAPawn" storage="..\chesstests\bin\debug\chesstests.dll" id="1889f775-0977-2f85-bcf9-6dc4aeb0834c">
      <Execution timeOut="1800000" id="b5155ebc-7eac-4ba3-aaf5-45920c4a8d53" />
      <TestMethod codeBase="C:/Users/ShaneH/Documents/Visual Studio 2012/Projects/Chess/ChessTests/bin/Debug/ChessTests.dll" adapterTypeName="Microsoft.VisualStudio.TestTools.TestTypes.Unit.UnitTestAdapter, Microsoft.VisualStudio.QualityTools.Tips.UnitTest.Adapter, Version=11.0.0.0, Culture=neutral, PublicKeyToken=b03f5f7f11d50a3a" className="ChessTests.PawnTests, ChessTests, Version=1.0.0.0, Culture=neutral, PublicKeyToken=null" name="cannotMoveEnPassantIfOtherPieceNotAPawn" />
    </UnitTest>
    <UnitTest name="cannotTakeOwnPieceMovingForward" storage="..\chesstests\bin\debug\chesstests.dll" id="b9482e51-690d-61ad-be55-288bbe5f6ac4">
      <Execution timeOut="1800000" id="a1d63f77-21cc-48e0-bbbd-0f40c4d1699a" />
      <TestMethod codeBase="C:/Users/ShaneH/Documents/Visual Studio 2012/Projects/Chess/ChessTests/bin/Debug/ChessTests.dll" adapterTypeName="Microsoft.VisualStudio.TestTools.TestTypes.Unit.UnitTestAdapter, Microsoft.VisualStudio.QualityTools.Tips.UnitTest.Adapter, Version=11.0.0.0, Culture=neutral, PublicKeyToken=b03f5f7f11d50a3a" className="ChessTests.KingTests, ChessTests, Version=1.0.0.0, Culture=neutral, PublicKeyToken=null" name="cannotTakeOwnPieceMovingForward" />
    </UnitTest>
    <UnitTest name="cannotTakeOwnPieceDiagUpRight" storage="..\chesstests\bin\debug\chesstests.dll" id="f2547ccb-ac70-9f08-d6b9-a2ccdc08bacc">
      <Execution timeOut="1800000" id="29714ccd-fb0b-4704-a81a-28778350935c" />
      <TestMethod codeBase="C:/Users/ShaneH/Documents/Visual Studio 2012/Projects/Chess/ChessTests/bin/Debug/ChessTests.dll" adapterTypeName="Microsoft.VisualStudio.TestTools.TestTypes.Unit.UnitTestAdapter, Microsoft.VisualStudio.QualityTools.Tips.UnitTest.Adapter, Version=11.0.0.0, Culture=neutral, PublicKeyToken=b03f5f7f11d50a3a" className="ChessTests.BishopTests, ChessTests, Version=1.0.0.0, Culture=neutral, PublicKeyToken=null" name="cannotTakeOwnPieceDiagUpRight" />
    </UnitTest>
    <UnitTest name="canMoveWhiteKnightUpRight" storage="..\chesstests\bin\debug\chesstests.dll" id="020bc553-c880-41f6-e7a5-5598075d4e67">
      <Execution timeOut="1800000" id="8e608aaa-9d63-4060-9413-195e66cfd84f" />
      <TestMethod codeBase="C:/Users/ShaneH/Documents/Visual Studio 2012/Projects/Chess/ChessTests/bin/Debug/ChessTests.dll" adapterTypeName="Microsoft.VisualStudio.TestTools.TestTypes.Unit.UnitTestAdapter, Microsoft.VisualStudio.QualityTools.Tips.UnitTest.Adapter, Version=11.0.0.0, Culture=neutral, PublicKeyToken=b03f5f7f11d50a3a" className="ChessTests.KnightTests, ChessTests, Version=1.0.0.0, Culture=neutral, PublicKeyToken=null" name="canMoveWhiteKnightUpRight" />
    </UnitTest>
    <UnitTest name="blackPawnCannotMoveBackwards" storage="..\chesstests\bin\debug\chesstests.dll" id="cb78d65f-db30-1067-6355-33912c9c98b3">
      <Execution timeOut="1800000" id="25889879-821a-4ce7-a259-b9a6afda2763" />
      <TestMethod codeBase="C:/Users/ShaneH/Documents/Visual Studio 2012/Projects/Chess/ChessTests/bin/Debug/ChessTests.dll" adapterTypeName="Microsoft.VisualStudio.TestTools.TestTypes.Unit.UnitTestAdapter, Microsoft.VisualStudio.QualityTools.Tips.UnitTest.Adapter, Version=11.0.0.0, Culture=neutral, PublicKeyToken=b03f5f7f11d50a3a" className="ChessTests.PawnTests, ChessTests, Version=1.0.0.0, Culture=neutral, PublicKeyToken=null" name="blackPawnCannotMoveBackwards" />
    </UnitTest>
    <UnitTest name="areQueensSetup" storage="..\chesstests\bin\debug\chesstests.dll" id="fd75eb10-5261-cc1e-b982-ae741a061d34">
      <Execution timeOut="1800000" id="9f3ad94f-1d88-4662-a5ba-67ec3097afbb" />
      <TestMethod codeBase="C:/Users/ShaneH/Documents/Visual Studio 2012/Projects/Chess/ChessTests/bin/Debug/ChessTests.dll" adapterTypeName="Microsoft.VisualStudio.TestTools.TestTypes.Unit.UnitTestAdapter, Microsoft.VisualStudio.QualityTools.Tips.UnitTest.Adapter, Version=11.0.0.0, Culture=neutral, PublicKeyToken=b03f5f7f11d50a3a" className="ChessTests.ChessTests, ChessTests, Version=1.0.0.0, Culture=neutral, PublicKeyToken=null" name="areQueensSetup" />
    </UnitTest>
    <UnitTest name="colourNotInStalemateWhenNoPossibleMovesAndInCheck" storage="..\chesstests\bin\debug\chesstests.dll" id="7ecdaa04-80a9-8a28-648b-fdeb48a2186d">
      <Execution timeOut="1800000" id="ccb09594-0935-4160-8626-810df14a20b9" />
      <TestMethod codeBase="C:/Users/ShaneH/Documents/Visual Studio 2012/Projects/Chess/ChessTests/bin/Debug/ChessTests.dll" adapterTypeName="Microsoft.VisualStudio.TestTools.TestTypes.Unit.UnitTestAdapter, Microsoft.VisualStudio.QualityTools.Tips.UnitTest.Adapter, Version=11.0.0.0, Culture=neutral, PublicKeyToken=b03f5f7f11d50a3a" className="ChessTests.CheckTests, ChessTests, Version=1.0.0.0, Culture=neutral, PublicKeyToken=null" name="colourNotInStalemateWhenNoPossibleMovesAndInCheck" />
    </UnitTest>
    <UnitTest name="canMoveWhiteKnightRightUp" storage="..\chesstests\bin\debug\chesstests.dll" id="b48545f1-36d0-2752-215f-8475388c03a6">
      <Execution timeOut="1800000" id="990c8688-0cf3-4b1e-bac2-9010f23b9d3c" />
      <TestMethod codeBase="C:/Users/ShaneH/Documents/Visual Studio 2012/Projects/Chess/ChessTests/bin/Debug/ChessTests.dll" adapterTypeName="Microsoft.VisualStudio.TestTools.TestTypes.Unit.UnitTestAdapter, Microsoft.VisualStudio.QualityTools.Tips.UnitTest.Adapter, Version=11.0.0.0, Culture=neutral, PublicKeyToken=b03f5f7f11d50a3a" className="ChessTests.KnightTests, ChessTests, Version=1.0.0.0, Culture=neutral, PublicKeyToken=null" name="canMoveWhiteKnightRightUp" />
    </UnitTest>
    <UnitTest name="getExceptionWhenSelectCellRowTooLarge" storage="..\chesstests\bin\debug\chesstests.dll" id="56379117-1d4e-106a-e150-22beb95db5f6">
      <Execution timeOut="1800000" id="c2c6d7c4-a6fa-46f3-ad7a-2966726a05a7" />
      <TestMethod codeBase="C:/Users/ShaneH/Documents/Visual Studio 2012/Projects/Chess/ChessTests/bin/Debug/ChessTests.dll" adapterTypeName="Microsoft.VisualStudio.TestTools.TestTypes.Unit.UnitTestAdapter, Microsoft.VisualStudio.QualityTools.Tips.UnitTest.Adapter, Version=11.0.0.0, Culture=neutral, PublicKeyToken=b03f5f7f11d50a3a" className="ChessTests.ChessTests, ChessTests, Version=1.0.0.0, Culture=neutral, PublicKeyToken=null" name="getExceptionWhenSelectCellRowTooLarge" />
    </UnitTest>
    <UnitTest name="exceptionWhenMoveTooLargeCol" storage="..\chesstests\bin\debug\chesstests.dll" id="05d65582-adf5-1549-bdb6-f0e47270afd3">
      <Execution timeOut="1800000" id="77875b2d-e297-4834-9af2-e944ab1233f4" />
      <TestMethod codeBase="C:/Users/ShaneH/Documents/Visual Studio 2012/Projects/Chess/ChessTests/bin/Debug/ChessTests.dll" adapterTypeName="Microsoft.VisualStudio.TestTools.TestTypes.Unit.UnitTestAdapter, Microsoft.VisualStudio.QualityTools.Tips.UnitTest.Adapter, Version=11.0.0.0, Culture=neutral, PublicKeyToken=b03f5f7f11d50a3a" className="ChessTests.ChessTests, ChessTests, Version=1.0.0.0, Culture=neutral, PublicKeyToken=null" name="exceptionWhenMoveTooLargeCol" />
    </UnitTest>
    <UnitTest name="canMoveQueenHorizontallyRight" storage="..\chesstests\bin\debug\chesstests.dll" id="4a2195e8-be6f-2084-7664-243a4cb97e3b">
      <Execution timeOut="1800000" id="f67b67e3-dfe0-45a4-8e79-e8049e356b68" />
      <TestMethod codeBase="C:/Users/ShaneH/Documents/Visual Studio 2012/Projects/Chess/ChessTests/bin/Debug/ChessTests.dll" adapterTypeName="Microsoft.VisualStudio.TestTools.TestTypes.Unit.UnitTestAdapter, Microsoft.VisualStudio.QualityTools.Tips.UnitTest.Adapter, Version=11.0.0.0, Culture=neutral, PublicKeyToken=b03f5f7f11d50a3a" className="ChessTests.QueenTests, ChessTests, Version=1.0.0.0, Culture=neutral, PublicKeyToken=null" name="canMoveQueenHorizontallyRight" />
    </UnitTest>
    <UnitTest name="noErrorOnTopLeft" storage="..\chesstests\bin\debug\chesstests.dll" id="3a5598f0-2f6a-ab8e-56e4-280c59becd55">
      <Execution timeOut="1800000" id="9801e595-07e4-4aad-9f28-c8a02cc2b2ad" />
      <TestMethod codeBase="C:/Users/ShaneH/Documents/Visual Studio 2012/Projects/Chess/ChessTests/bin/Debug/ChessTests.dll" adapterTypeName="Microsoft.VisualStudio.TestTools.TestTypes.Unit.UnitTestAdapter, Microsoft.VisualStudio.QualityTools.Tips.UnitTest.Adapter, Version=11.0.0.0, Culture=neutral, PublicKeyToken=b03f5f7f11d50a3a" className="ChessTests.KnightTests, ChessTests, Version=1.0.0.0, Culture=neutral, PublicKeyToken=null" name="noErrorOnTopLeft" />
    </UnitTest>
    <UnitTest name="cannotTakeOwnPieceMovingRight" storage="..\chesstests\bin\debug\chesstests.dll" id="6c13f9eb-f3d4-48aa-c88b-6e9674447ef3">
      <Execution timeOut="1800000" id="200a87b0-ca69-4e47-bf6b-09cb8459ccdb" />
      <TestMethod codeBase="C:/Users/ShaneH/Documents/Visual Studio 2012/Projects/Chess/ChessTests/bin/Debug/ChessTests.dll" adapterTypeName="Microsoft.VisualStudio.TestTools.TestTypes.Unit.UnitTestAdapter, Microsoft.VisualStudio.QualityTools.Tips.UnitTest.Adapter, Version=11.0.0.0, Culture=neutral, PublicKeyToken=b03f5f7f11d50a3a" className="ChessTests.KingTests, ChessTests, Version=1.0.0.0, Culture=neutral, PublicKeyToken=null" name="cannotTakeOwnPieceMovingRight" />
    </UnitTest>
    <UnitTest name="canTakeOppositionPieceMovingDown" storage="..\chesstests\bin\debug\chesstests.dll" id="c9550b69-9fd2-3fcf-2931-2e40d497d81d">
      <Execution timeOut="1800000" id="59ae2127-ea73-46fc-b8af-8cf4ae94466d" />
      <TestMethod codeBase="C:/Users/ShaneH/Documents/Visual Studio 2012/Projects/Chess/ChessTests/bin/Debug/ChessTests.dll" adapterTypeName="Microsoft.VisualStudio.TestTools.TestTypes.Unit.UnitTestAdapter, Microsoft.VisualStudio.QualityTools.Tips.UnitTest.Adapter, Version=11.0.0.0, Culture=neutral, PublicKeyToken=b03f5f7f11d50a3a" className="ChessTests.KingTests, ChessTests, Version=1.0.0.0, Culture=neutral, PublicKeyToken=null" name="canTakeOppositionPieceMovingDown" />
    </UnitTest>
    <UnitTest name="whitePawnCannotTakeTwoRowsForwardAtStart" storage="..\chesstests\bin\debug\chesstests.dll" id="f1502619-456c-8ace-3118-e479f255cb31">
      <Execution timeOut="1800000" id="ee75fb37-851a-4c4c-9203-b108e22d364c" />
      <TestMethod codeBase="C:/Users/ShaneH/Documents/Visual Studio 2012/Projects/Chess/ChessTests/bin/Debug/ChessTests.dll" adapterTypeName="Microsoft.VisualStudio.TestTools.TestTypes.Unit.UnitTestAdapter, Microsoft.VisualStudio.QualityTools.Tips.UnitTest.Adapter, Version=11.0.0.0, Culture=neutral, PublicKeyToken=b03f5f7f11d50a3a" className="ChessTests.PawnTests, ChessTests, Version=1.0.0.0, Culture=neutral, PublicKeyToken=null" name="whitePawnCannotTakeTwoRowsForwardAtStart" />
    </UnitTest>
    <UnitTest name="arePawnsSetup" storage="..\chesstests\bin\debug\chesstests.dll" id="197972f7-6197-faf7-a2b7-9fae8c675127">
      <Execution timeOut="1800000" id="b10d260e-2582-4c86-aabe-b1d8b0cb9b0c" />
      <TestMethod codeBase="C:/Users/ShaneH/Documents/Visual Studio 2012/Projects/Chess/ChessTests/bin/Debug/ChessTests.dll" adapterTypeName="Microsoft.VisualStudio.TestTools.TestTypes.Unit.UnitTestAdapter, Microsoft.VisualStudio.QualityTools.Tips.UnitTest.Adapter, Version=11.0.0.0, Culture=neutral, PublicKeyToken=b03f5f7f11d50a3a" className="ChessTests.ChessTests, ChessTests, Version=1.0.0.0, Culture=neutral, PublicKeyToken=null" name="arePawnsSetup" />
    </UnitTest>
    <UnitTest name="canEnumeratePlayerPieces" storage="..\chesstests\bin\debug\chesstests.dll" id="9c621c1d-9ca4-65c3-87bb-d06273555fe6">
      <Execution timeOut="1800000" id="9758352f-ba85-435a-8287-3b1dfd25ba04" />
      <TestMethod codeBase="C:/Users/ShaneH/Documents/Visual Studio 2012/Projects/Chess/ChessTests/bin/Debug/ChessTests.dll" adapterTypeName="Microsoft.VisualStudio.TestTools.TestTypes.Unit.UnitTestAdapter, Microsoft.VisualStudio.QualityTools.Tips.UnitTest.Adapter, Version=11.0.0.0, Culture=neutral, PublicKeyToken=b03f5f7f11d50a3a" className="ChessTests.ChessTests, ChessTests, Version=1.0.0.0, Culture=neutral, PublicKeyToken=null" name="canEnumeratePlayerPieces" />
    </UnitTest>
    <UnitTest name="blackPawnCanTakePieceRight" storage="..\chesstests\bin\debug\chesstests.dll" id="af7199b0-e83f-767d-57c7-bef2cae34aa3">
      <Execution timeOut="1800000" id="e9a14707-3a72-4950-b8e1-7693761a95c3" />
      <TestMethod codeBase="C:/Users/ShaneH/Documents/Visual Studio 2012/Projects/Chess/ChessTests/bin/Debug/ChessTests.dll" adapterTypeName="Microsoft.VisualStudio.TestTools.TestTypes.Unit.UnitTestAdapter, Microsoft.VisualStudio.QualityTools.Tips.UnitTest.Adapter, Version=11.0.0.0, Culture=neutral, PublicKeyToken=b03f5f7f11d50a3a" className="ChessTests.PawnTests, ChessTests, Version=1.0.0.0, Culture=neutral, PublicKeyToken=null" name="blackPawnCanTakePieceRight" />
    </UnitTest>
    <UnitTest name="cannotMoveWhiteKnightAnywayElse" storage="..\chesstests\bin\debug\chesstests.dll" id="98edb5da-2506-8b04-eeed-1852ef2aaf00">
      <Execution timeOut="1800000" id="c6ff5cf2-7edc-4c2a-ad06-3aa334fe99da" />
      <TestMethod codeBase="C:/Users/ShaneH/Documents/Visual Studio 2012/Projects/Chess/ChessTests/bin/Debug/ChessTests.dll" adapterTypeName="Microsoft.VisualStudio.TestTools.TestTypes.Unit.UnitTestAdapter, Microsoft.VisualStudio.QualityTools.Tips.UnitTest.Adapter, Version=11.0.0.0, Culture=neutral, PublicKeyToken=b03f5f7f11d50a3a" className="ChessTests.KnightTests, ChessTests, Version=1.0.0.0, Culture=neutral, PublicKeyToken=null" name="cannotMoveWhiteKnightAnywayElse" />
    </UnitTest>
    <UnitTest name="cannotTakeOwnPieceMovingLeft" storage="..\chesstests\bin\debug\chesstests.dll" id="898e8b86-4e2c-3020-5dd7-7d7a30385240">
      <Execution timeOut="1800000" id="69a2bdcf-5548-44ed-9ae7-402aa6a0e798" />
      <TestMethod codeBase="C:/Users/ShaneH/Documents/Visual Studio 2012/Projects/Chess/ChessTests/bin/Debug/ChessTests.dll" adapterTypeName="Microsoft.VisualStudio.TestTools.TestTypes.Unit.UnitTestAdapter, Microsoft.VisualStudio.QualityTools.Tips.UnitTest.Adapter, Version=11.0.0.0, Culture=neutral, PublicKeyToken=b03f5f7f11d50a3a" className="ChessTests.KingTests, ChessTests, Version=1.0.0.0, Culture=neutral, PublicKeyToken=null" name="cannotTakeOwnPieceMovingLeft" />
    </UnitTest>
    <UnitTest name="invalidMoveGivesCorrectPieceName" storage="..\chesstests\bin\debug\chesstests.dll" id="0135c415-d464-98bd-b8b3-bd9c939f3dde">
      <Execution timeOut="1800000" id="0a159e4e-d41a-4ded-8c0b-839db46d26e3" />
      <TestMethod codeBase="C:/Users/ShaneH/Documents/Visual Studio 2012/Projects/Chess/ChessTests/bin/Debug/ChessTests.dll" adapterTypeName="Microsoft.VisualStudio.TestTools.TestTypes.Unit.UnitTestAdapter, Microsoft.VisualStudio.QualityTools.Tips.UnitTest.Adapter, Version=11.0.0.0, Culture=neutral, PublicKeyToken=b03f5f7f11d50a3a" className="ChessTests.BishopTests, ChessTests, Version=1.0.0.0, Culture=neutral, PublicKeyToken=null" name="invalidMoveGivesCorrectPieceName" />
    </UnitTest>
    <UnitTest name="areTop2RowsBlack" storage="..\chesstests\bin\debug\chesstests.dll" id="4ed072d2-7529-fe73-ad46-07bd95268187">
      <Execution timeOut="1800000" id="ffb012cb-bfa4-42e1-8ad3-26c3f868e123" />
      <TestMethod codeBase="C:/Users/ShaneH/Documents/Visual Studio 2012/Projects/Chess/ChessTests/bin/Debug/ChessTests.dll" adapterTypeName="Microsoft.VisualStudio.TestTools.TestTypes.Unit.UnitTestAdapter, Microsoft.VisualStudio.QualityTools.Tips.UnitTest.Adapter, Version=11.0.0.0, Culture=neutral, PublicKeyToken=b03f5f7f11d50a3a" className="ChessTests.ChessTests, ChessTests, Version=1.0.0.0, Culture=neutral, PublicKeyToken=null" name="areTop2RowsBlack" />
    </UnitTest>
    <UnitTest name="whitePawnCannotTakeEmptyPieceLeft" storage="..\chesstests\bin\debug\chesstests.dll" id="76d2cb65-6735-d8b0-b056-6bd2e46786ef">
      <Execution timeOut="1800000" id="d06ebcb6-6abf-4bde-859f-ac024942dac8" />
      <TestMethod codeBase="C:/Users/ShaneH/Documents/Visual Studio 2012/Projects/Chess/ChessTests/bin/Debug/ChessTests.dll" adapterTypeName="Microsoft.VisualStudio.TestTools.TestTypes.Unit.UnitTestAdapter, Microsoft.VisualStudio.QualityTools.Tips.UnitTest.Adapter, Version=11.0.0.0, Culture=neutral, PublicKeyToken=b03f5f7f11d50a3a" className="ChessTests.PawnTests, ChessTests, Version=1.0.0.0, Culture=neutral, PublicKeyToken=null" name="whitePawnCannotTakeEmptyPieceLeft" />
    </UnitTest>
    <UnitTest name="cannotMoveRookPastCaptureHorizontallyRight" storage="..\chesstests\bin\debug\chesstests.dll" id="55a6d228-78a5-d622-034e-b73abe2c7a6d">
      <Execution timeOut="1800000" id="c43984d2-79f2-4c30-9dc0-8b285a4b4219" />
      <TestMethod codeBase="C:/Users/ShaneH/Documents/Visual Studio 2012/Projects/Chess/ChessTests/bin/Debug/ChessTests.dll" adapterTypeName="Microsoft.VisualStudio.TestTools.TestTypes.Unit.UnitTestAdapter, Microsoft.VisualStudio.QualityTools.Tips.UnitTest.Adapter, Version=11.0.0.0, Culture=neutral, PublicKeyToken=b03f5f7f11d50a3a" className="ChessTests.RookTests, ChessTests, Version=1.0.0.0, Culture=neutral, PublicKeyToken=null" name="cannotMoveRookPastCaptureHorizontallyRight" />
    </UnitTest>
    <UnitTest name="queensSetupOnCorrectColour" storage="..\chesstests\bin\debug\chesstests.dll" id="1f0d839d-2acf-5f06-e2ce-d9eadfcf6b39">
      <Execution timeOut="1800000" id="3691e4b6-5415-4fab-8d03-77d0094e28af" />
      <TestMethod codeBase="C:/Users/ShaneH/Documents/Visual Studio 2012/Projects/Chess/ChessTests/bin/Debug/ChessTests.dll" adapterTypeName="Microsoft.VisualStudio.TestTools.TestTypes.Unit.UnitTestAdapter, Microsoft.VisualStudio.QualityTools.Tips.UnitTest.Adapter, Version=11.0.0.0, Culture=neutral, PublicKeyToken=b03f5f7f11d50a3a" className="ChessTests.ChessTests, ChessTests, Version=1.0.0.0, Culture=neutral, PublicKeyToken=null" name="queensSetupOnCorrectColour" />
    </UnitTest>
    <UnitTest name="noErrorWhenOnBottomRight" storage="..\chesstests\bin\debug\chesstests.dll" id="a39074e8-1a57-e5e3-5130-43a61b6aac16">
      <Execution timeOut="1800000" id="e59f6c7f-a244-42b7-b2cf-cc0858dad99b" />
      <TestMethod codeBase="C:/Users/ShaneH/Documents/Visual Studio 2012/Projects/Chess/ChessTests/bin/Debug/ChessTests.dll" adapterTypeName="Microsoft.VisualStudio.TestTools.TestTypes.Unit.UnitTestAdapter, Microsoft.VisualStudio.QualityTools.Tips.UnitTest.Adapter, Version=11.0.0.0, Culture=neutral, PublicKeyToken=b03f5f7f11d50a3a" className="ChessTests.KnightTests, ChessTests, Version=1.0.0.0, Culture=neutral, PublicKeyToken=null" name="noErrorWhenOnBottomRight" />
    </UnitTest>
    <UnitTest name="canMoveQueenHorizontallyLeft" storage="..\chesstests\bin\debug\chesstests.dll" id="62090d81-bf34-b23d-be59-e474692bb2bb">
      <Execution timeOut="1800000" id="e73e0221-026c-4505-b025-257222dbaa17" />
      <TestMethod codeBase="C:/Users/ShaneH/Documents/Visual Studio 2012/Projects/Chess/ChessTests/bin/Debug/ChessTests.dll" adapterTypeName="Microsoft.VisualStudio.TestTools.TestTypes.Unit.UnitTestAdapter, Microsoft.VisualStudio.QualityTools.Tips.UnitTest.Adapter, Version=11.0.0.0, Culture=neutral, PublicKeyToken=b03f5f7f11d50a3a" className="ChessTests.QueenTests, ChessTests, Version=1.0.0.0, Culture=neutral, PublicKeyToken=null" name="canMoveQueenHorizontallyLeft" />
    </UnitTest>
    <UnitTest name="canMoveWhiteRookVerticallyUp" storage="..\chesstests\bin\debug\chesstests.dll" id="6d564f94-5eaa-e990-ac62-ae2a50bad2a5">
      <Execution timeOut="1800000" id="be4c663e-df08-4b5f-8ff8-ccc22e27a32a" />
      <TestMethod codeBase="C:/Users/ShaneH/Documents/Visual Studio 2012/Projects/Chess/ChessTests/bin/Debug/ChessTests.dll" adapterTypeName="Microsoft.VisualStudio.TestTools.TestTypes.Unit.UnitTestAdapter, Microsoft.VisualStudio.QualityTools.Tips.UnitTest.Adapter, Version=11.0.0.0, Culture=neutral, PublicKeyToken=b03f5f7f11d50a3a" className="ChessTests.RookTests, ChessTests, Version=1.0.0.0, Culture=neutral, PublicKeyToken=null" name="canMoveWhiteRookVerticallyUp" />
    </UnitTest>
    <UnitTest name="simulationReturnsCorrectSimulationBoardsForPawnAtStart" storage="..\chesstests\bin\debug\chesstests.dll" id="bd525819-d0e0-163c-ef0b-ee14eb07f38c">
      <Execution timeOut="1800000" id="ee575a70-d464-4f1b-947c-7965a1dbc27d" />
      <TestMethod codeBase="C:/Users/ShaneH/Documents/Visual Studio 2012/Projects/Chess/ChessTests/bin/Debug/ChessTests.dll" adapterTypeName="Microsoft.VisualStudio.TestTools.TestTypes.Unit.UnitTestAdapter, Microsoft.VisualStudio.QualityTools.Tips.UnitTest.Adapter, Version=11.0.0.0, Culture=neutral, PublicKeyToken=b03f5f7f11d50a3a" className="ChessTests.BoardSimulateTests, ChessTests, Version=1.0.0.0, Culture=neutral, PublicKeyToken=null" name="simulationReturnsCorrectSimulationBoardsForPawnAtStart" />
    </UnitTest>
    <UnitTest name="moveEnPassantRightNotImmediateThrowsError" storage="..\chesstests\bin\debug\chesstests.dll" id="1ae802a5-bb94-ae3c-980c-cf0121da8a4a">
      <Execution timeOut="1800000" id="4f039c39-4c7d-4b8c-b506-6632219e3599" />
      <TestMethod codeBase="C:/Users/ShaneH/Documents/Visual Studio 2012/Projects/Chess/ChessTests/bin/Debug/ChessTests.dll" adapterTypeName="Microsoft.VisualStudio.TestTools.TestTypes.Unit.UnitTestAdapter, Microsoft.VisualStudio.QualityTools.Tips.UnitTest.Adapter, Version=11.0.0.0, Culture=neutral, PublicKeyToken=b03f5f7f11d50a3a" className="ChessTests.PawnTests, ChessTests, Version=1.0.0.0, Culture=neutral, PublicKeyToken=null" name="moveEnPassantRightNotImmediateThrowsError" />
    </UnitTest>
    <UnitTest name="canMoveBlackKnightLeftUp" storage="..\chesstests\bin\debug\chesstests.dll" id="89133348-f31e-9131-8497-14e1440854d8">
      <Execution timeOut="1800000" id="ef936a60-7095-4bf7-81c1-d8782ec377ce" />
      <TestMethod codeBase="C:/Users/ShaneH/Documents/Visual Studio 2012/Projects/Chess/ChessTests/bin/Debug/ChessTests.dll" adapterTypeName="Microsoft.VisualStudio.TestTools.TestTypes.Unit.UnitTestAdapter, Microsoft.VisualStudio.QualityTools.Tips.UnitTest.Adapter, Version=11.0.0.0, Culture=neutral, PublicKeyToken=b03f5f7f11d50a3a" className="ChessTests.KnightTests, ChessTests, Version=1.0.0.0, Culture=neutral, PublicKeyToken=null" name="canMoveBlackKnightLeftUp" />
    </UnitTest>
    <UnitTest name="whitePawnCannotTakeEmptyPieceRight" storage="..\chesstests\bin\debug\chesstests.dll" id="85ab3335-8bf0-ecfa-98f7-0db700370fe2">
      <Execution timeOut="1800000" id="ba50c59b-3bee-4d1d-aa1c-d8cfea671c62" />
      <TestMethod codeBase="C:/Users/ShaneH/Documents/Visual Studio 2012/Projects/Chess/ChessTests/bin/Debug/ChessTests.dll" adapterTypeName="Microsoft.VisualStudio.TestTools.TestTypes.Unit.UnitTestAdapter, Microsoft.VisualStudio.QualityTools.Tips.UnitTest.Adapter, Version=11.0.0.0, Culture=neutral, PublicKeyToken=b03f5f7f11d50a3a" className="ChessTests.PawnTests, ChessTests, Version=1.0.0.0, Culture=neutral, PublicKeyToken=null" name="whitePawnCannotTakeEmptyPieceRight" />
    </UnitTest>
    <UnitTest name="cannotMoveIntoCheckWithRook" storage="..\chesstests\bin\debug\chesstests.dll" id="dcca3c4a-4d5b-4814-e0a5-e44d018476b2">
      <Execution timeOut="1800000" id="ac7b9448-7fe6-47c0-b526-1a0bf40ac17d" />
      <TestMethod codeBase="C:/Users/ShaneH/Documents/Visual Studio 2012/Projects/Chess/ChessTests/bin/Debug/ChessTests.dll" adapterTypeName="Microsoft.VisualStudio.TestTools.TestTypes.Unit.UnitTestAdapter, Microsoft.VisualStudio.QualityTools.Tips.UnitTest.Adapter, Version=11.0.0.0, Culture=neutral, PublicKeyToken=b03f5f7f11d50a3a" className="ChessTests.CheckTests, ChessTests, Version=1.0.0.0, Culture=neutral, PublicKeyToken=null" name="cannotMoveIntoCheckWithRook" />
    </UnitTest>
    <UnitTest name="exceptionWhenMoveToNegativeRow" storage="..\chesstests\bin\debug\chesstests.dll" id="b7b09a89-f922-b298-bb69-6134762504c7">
      <Execution timeOut="1800000" id="342bde53-af39-4a0e-9164-759bb377a8f7" />
      <TestMethod codeBase="C:/Users/ShaneH/Documents/Visual Studio 2012/Projects/Chess/ChessTests/bin/Debug/ChessTests.dll" adapterTypeName="Microsoft.VisualStudio.TestTools.TestTypes.Unit.UnitTestAdapter, Microsoft.VisualStudio.QualityTools.Tips.UnitTest.Adapter, Version=11.0.0.0, Culture=neutral, PublicKeyToken=b03f5f7f11d50a3a" className="ChessTests.ChessTests, ChessTests, Version=1.0.0.0, Culture=neutral, PublicKeyToken=null" name="exceptionWhenMoveToNegativeRow" />
    </UnitTest>
    <UnitTest name="canMoveKingDownRight" storage="..\chesstests\bin\debug\chesstests.dll" id="558b53c6-969d-e366-d6b8-7fcc271542df">
      <Execution timeOut="1800000" id="b4764305-1b77-47e1-8eaa-d0c9efffafea" />
      <TestMethod codeBase="C:/Users/ShaneH/Documents/Visual Studio 2012/Projects/Chess/ChessTests/bin/Debug/ChessTests.dll" adapterTypeName="Microsoft.VisualStudio.TestTools.TestTypes.Unit.UnitTestAdapter, Microsoft.VisualStudio.QualityTools.Tips.UnitTest.Adapter, Version=11.0.0.0, Culture=neutral, PublicKeyToken=b03f5f7f11d50a3a" className="ChessTests.KingTests, ChessTests, Version=1.0.0.0, Culture=neutral, PublicKeyToken=null" name="canMoveKingDownRight" />
    </UnitTest>
    <UnitTest name="canMoveWhiteBishopDiagonalUpRightNoObstructions" storage="..\chesstests\bin\debug\chesstests.dll" id="f27377be-1934-c9f6-8d07-ac7266d1d2f6">
      <Execution timeOut="1800000" id="ea6ff11d-c602-44d8-bbf3-ca54e17a3dee" />
      <TestMethod codeBase="C:/Users/ShaneH/Documents/Visual Studio 2012/Projects/Chess/ChessTests/bin/Debug/ChessTests.dll" adapterTypeName="Microsoft.VisualStudio.TestTools.TestTypes.Unit.UnitTestAdapter, Microsoft.VisualStudio.QualityTools.Tips.UnitTest.Adapter, Version=11.0.0.0, Culture=neutral, PublicKeyToken=b03f5f7f11d50a3a" className="ChessTests.BishopTests, ChessTests, Version=1.0.0.0, Culture=neutral, PublicKeyToken=null" name="canMoveWhiteBishopDiagonalUpRightNoObstructions" />
    </UnitTest>
    <UnitTest name="getExceptionWhenSelectCellNegativeCol" storage="..\chesstests\bin\debug\chesstests.dll" id="18c1f855-99f0-d7c9-3814-1b9500d79abb">
      <Execution timeOut="1800000" id="c9e7bb53-e38a-4d47-a0e1-9cf051ec08ad" />
      <TestMethod codeBase="C:/Users/ShaneH/Documents/Visual Studio 2012/Projects/Chess/ChessTests/bin/Debug/ChessTests.dll" adapterTypeName="Microsoft.VisualStudio.TestTools.TestTypes.Unit.UnitTestAdapter, Microsoft.VisualStudio.QualityTools.Tips.UnitTest.Adapter, Version=11.0.0.0, Culture=neutral, PublicKeyToken=b03f5f7f11d50a3a" className="ChessTests.ChessTests, ChessTests, Version=1.0.0.0, Culture=neutral, PublicKeyToken=null" name="getExceptionWhenSelectCellNegativeCol" />
    </UnitTest>
    <UnitTest name="areKnightsSetup" storage="..\chesstests\bin\debug\chesstests.dll" id="46a22037-07ac-0ccf-02e3-fd7145e502cd">
      <Execution timeOut="1800000" id="3cdaafab-061f-463d-a5e2-f4ad2ec3aa40" />
      <TestMethod codeBase="C:/Users/ShaneH/Documents/Visual Studio 2012/Projects/Chess/ChessTests/bin/Debug/ChessTests.dll" adapterTypeName="Microsoft.VisualStudio.TestTools.TestTypes.Unit.UnitTestAdapter, Microsoft.VisualStudio.QualityTools.Tips.UnitTest.Adapter, Version=11.0.0.0, Culture=neutral, PublicKeyToken=b03f5f7f11d50a3a" className="ChessTests.ChessTests, ChessTests, Version=1.0.0.0, Culture=neutral, PublicKeyToken=null" name="areKnightsSetup" />
    </UnitTest>
    <UnitTest name="canMoveQueenDiagUpRight" storage="..\chesstests\bin\debug\chesstests.dll" id="e3792867-8253-4fa3-d7e9-04dbc55b7bd0">
      <Execution timeOut="1800000" id="2dcd99eb-ef2e-4aec-a728-dfd9d7be769e" />
      <TestMethod codeBase="C:/Users/ShaneH/Documents/Visual Studio 2012/Projects/Chess/ChessTests/bin/Debug/ChessTests.dll" adapterTypeName="Microsoft.VisualStudio.TestTools.TestTypes.Unit.UnitTestAdapter, Microsoft.VisualStudio.QualityTools.Tips.UnitTest.Adapter, Version=11.0.0.0, Culture=neutral, PublicKeyToken=b03f5f7f11d50a3a" className="ChessTests.QueenTests, ChessTests, Version=1.0.0.0, Culture=neutral, PublicKeyToken=null" name="canMoveQueenDiagUpRight" />
    </UnitTest>
    <UnitTest name="cannotJumpOppositionDiagDownRight" storage="..\chesstests\bin\debug\chesstests.dll" id="ee426e89-ab85-59c3-0fcf-e94b5b68ecd0">
      <Execution timeOut="1800000" id="fd190b12-61cc-4c9e-b1c8-e34ce38db897" />
      <TestMethod codeBase="C:/Users/ShaneH/Documents/Visual Studio 2012/Projects/Chess/ChessTests/bin/Debug/ChessTests.dll" adapterTypeName="Microsoft.VisualStudio.TestTools.TestTypes.Unit.UnitTestAdapter, Microsoft.VisualStudio.QualityTools.Tips.UnitTest.Adapter, Version=11.0.0.0, Culture=neutral, PublicKeyToken=b03f5f7f11d50a3a" className="ChessTests.BishopTests, ChessTests, Version=1.0.0.0, Culture=neutral, PublicKeyToken=null" name="cannotJumpOppositionDiagDownRight" />
    </UnitTest>
    <UnitTest name="canBlackPawnMoveOneSpaceForward" storage="..\chesstests\bin\debug\chesstests.dll" id="74218563-c78e-d800-7101-79460a2a54a4">
      <Execution timeOut="1800000" id="df6afbde-e299-46e2-b902-2c2e5ab0a3c0" />
      <TestMethod codeBase="C:/Users/ShaneH/Documents/Visual Studio 2012/Projects/Chess/ChessTests/bin/Debug/ChessTests.dll" adapterTypeName="Microsoft.VisualStudio.TestTools.TestTypes.Unit.UnitTestAdapter, Microsoft.VisualStudio.QualityTools.Tips.UnitTest.Adapter, Version=11.0.0.0, Culture=neutral, PublicKeyToken=b03f5f7f11d50a3a" className="ChessTests.PawnTests, ChessTests, Version=1.0.0.0, Culture=neutral, PublicKeyToken=null" name="canBlackPawnMoveOneSpaceForward" />
    </UnitTest>
    <UnitTest name="whitePawnCannotMoveTwoSpacesAfterStart" storage="..\chesstests\bin\debug\chesstests.dll" id="35ff0ac0-4840-970b-a280-9a148d7f7af4">
      <Execution timeOut="1800000" id="52659147-a200-40af-a20d-b576d14461e3" />
      <TestMethod codeBase="C:/Users/ShaneH/Documents/Visual Studio 2012/Projects/Chess/ChessTests/bin/Debug/ChessTests.dll" adapterTypeName="Microsoft.VisualStudio.TestTools.TestTypes.Unit.UnitTestAdapter, Microsoft.VisualStudio.QualityTools.Tips.UnitTest.Adapter, Version=11.0.0.0, Culture=neutral, PublicKeyToken=b03f5f7f11d50a3a" className="ChessTests.PawnTests, ChessTests, Version=1.0.0.0, Culture=neutral, PublicKeyToken=null" name="whitePawnCannotMoveTwoSpacesAfterStart" />
    </UnitTest>
    <UnitTest name="canMoveQueenVerticallyDown" storage="..\chesstests\bin\debug\chesstests.dll" id="01079ac0-f339-2360-8171-8d0e80010056">
      <Execution timeOut="1800000" id="92e13a6b-3225-4945-a424-86a270ee269e" />
      <TestMethod codeBase="C:/Users/ShaneH/Documents/Visual Studio 2012/Projects/Chess/ChessTests/bin/Debug/ChessTests.dll" adapterTypeName="Microsoft.VisualStudio.TestTools.TestTypes.Unit.UnitTestAdapter, Microsoft.VisualStudio.QualityTools.Tips.UnitTest.Adapter, Version=11.0.0.0, Culture=neutral, PublicKeyToken=b03f5f7f11d50a3a" className="ChessTests.QueenTests, ChessTests, Version=1.0.0.0, Culture=neutral, PublicKeyToken=null" name="canMoveQueenVerticallyDown" />
    </UnitTest>
    <UnitTest name="canSelectCell" storage="..\chesstests\bin\debug\chesstests.dll" id="005829d6-859e-9315-7aa3-e62df14cfd2f">
      <Execution timeOut="1800000" id="b1464cda-900c-497e-a91e-cd23ebe8bcae" />
      <TestMethod codeBase="C:/Users/ShaneH/Documents/Visual Studio 2012/Projects/Chess/ChessTests/bin/Debug/ChessTests.dll" adapterTypeName="Microsoft.VisualStudio.TestTools.TestTypes.Unit.UnitTestAdapter, Microsoft.VisualStudio.QualityTools.Tips.UnitTest.Adapter, Version=11.0.0.0, Culture=neutral, PublicKeyToken=b03f5f7f11d50a3a" className="ChessTests.ChessTests, ChessTests, Version=1.0.0.0, Culture=neutral, PublicKeyToken=null" name="canSelectCell" />
    </UnitTest>
    <UnitTest name="canMoveBlackKnightRightUp" storage="..\chesstests\bin\debug\chesstests.dll" id="b6442f0f-5bfd-8c1c-ad13-f1d69b3a8a06">
      <Execution timeOut="1800000" id="e4c8cf90-0d3a-4a21-868b-54be8b3bb370" />
      <TestMethod codeBase="C:/Users/ShaneH/Documents/Visual Studio 2012/Projects/Chess/ChessTests/bin/Debug/ChessTests.dll" adapterTypeName="Microsoft.VisualStudio.TestTools.TestTypes.Unit.UnitTestAdapter, Microsoft.VisualStudio.QualityTools.Tips.UnitTest.Adapter, Version=11.0.0.0, Culture=neutral, PublicKeyToken=b03f5f7f11d50a3a" className="ChessTests.KnightTests, ChessTests, Version=1.0.0.0, Culture=neutral, PublicKeyToken=null" name="canMoveBlackKnightRightUp" />
    </UnitTest>
    <UnitTest name="cannotCaptureOwnPieceRightTop" storage="..\chesstests\bin\debug\chesstests.dll" id="84067fc2-a576-9ac6-6f3c-59ca7fae01b3">
      <Execution timeOut="1800000" id="52c737da-ade3-4941-a663-827ef5244b2a" />
      <TestMethod codeBase="C:/Users/ShaneH/Documents/Visual Studio 2012/Projects/Chess/ChessTests/bin/Debug/ChessTests.dll" adapterTypeName="Microsoft.VisualStudio.TestTools.TestTypes.Unit.UnitTestAdapter, Microsoft.VisualStudio.QualityTools.Tips.UnitTest.Adapter, Version=11.0.0.0, Culture=neutral, PublicKeyToken=b03f5f7f11d50a3a" className="ChessTests.KnightTests, ChessTests, Version=1.0.0.0, Culture=neutral, PublicKeyToken=null" name="cannotCaptureOwnPieceRightTop" />
    </UnitTest>
    <UnitTest name="whitePawnCanTakePieceLeft" storage="..\chesstests\bin\debug\chesstests.dll" id="f9b6fa3b-c686-0e22-5a5c-d78c0f5f065a">
      <Execution timeOut="1800000" id="5aef1832-e087-43c6-ada3-e5f430ba1383" />
      <TestMethod codeBase="C:/Users/ShaneH/Documents/Visual Studio 2012/Projects/Chess/ChessTests/bin/Debug/ChessTests.dll" adapterTypeName="Microsoft.VisualStudio.TestTools.TestTypes.Unit.UnitTestAdapter, Microsoft.VisualStudio.QualityTools.Tips.UnitTest.Adapter, Version=11.0.0.0, Culture=neutral, PublicKeyToken=b03f5f7f11d50a3a" className="ChessTests.PawnTests, ChessTests, Version=1.0.0.0, Culture=neutral, PublicKeyToken=null" name="whitePawnCanTakePieceLeft" />
    </UnitTest>
    <UnitTest name="getExceptionWhenSelectCellColTooLarge" storage="..\chesstests\bin\debug\chesstests.dll" id="a5cecf0f-42c5-3103-c37e-7de0c32f1d40">
      <Execution timeOut="1800000" id="bc339c85-25ab-48b6-a1bb-e4187400d8a4" />
      <TestMethod codeBase="C:/Users/ShaneH/Documents/Visual Studio 2012/Projects/Chess/ChessTests/bin/Debug/ChessTests.dll" adapterTypeName="Microsoft.VisualStudio.TestTools.TestTypes.Unit.UnitTestAdapter, Microsoft.VisualStudio.QualityTools.Tips.UnitTest.Adapter, Version=11.0.0.0, Culture=neutral, PublicKeyToken=b03f5f7f11d50a3a" className="ChessTests.ChessTests, ChessTests, Version=1.0.0.0, Culture=neutral, PublicKeyToken=null" name="getExceptionWhenSelectCellColTooLarge" />
    </UnitTest>
    <UnitTest name="cannotMoveOneForwardWhenPieceInTheWay" storage="..\chesstests\bin\debug\chesstests.dll" id="e4425b0f-0cb4-e465-5faf-5fa77fa81a46">
      <Execution timeOut="1800000" id="21f8f6d5-a670-4c60-9d23-50194016586c" />
      <TestMethod codeBase="C:/Users/ShaneH/Documents/Visual Studio 2012/Projects/Chess/ChessTests/bin/Debug/ChessTests.dll" adapterTypeName="Microsoft.VisualStudio.TestTools.TestTypes.Unit.UnitTestAdapter, Microsoft.VisualStudio.QualityTools.Tips.UnitTest.Adapter, Version=11.0.0.0, Culture=neutral, PublicKeyToken=b03f5f7f11d50a3a" className="ChessTests.PawnTests, ChessTests, Version=1.0.0.0, Culture=neutral, PublicKeyToken=null" name="cannotMoveOneForwardWhenPieceInTheWay" />
    </UnitTest>
    <UnitTest name="nullCellNeverEqual" storage="..\chesstests\bin\debug\chesstests.dll" id="c9eef1b9-2601-24e4-e66c-677a0f68bfe9">
      <Execution timeOut="1800000" id="1eb49513-9319-4eb6-bb6c-60223511f5f3" />
      <TestMethod codeBase="C:/Users/ShaneH/Documents/Visual Studio 2012/Projects/Chess/ChessTests/bin/Debug/ChessTests.dll" adapterTypeName="Microsoft.VisualStudio.TestTools.TestTypes.Unit.UnitTestAdapter, Microsoft.VisualStudio.QualityTools.Tips.UnitTest.Adapter, Version=11.0.0.0, Culture=neutral, PublicKeyToken=b03f5f7f11d50a3a" className="ChessTests.ChessTests, ChessTests, Version=1.0.0.0, Culture=neutral, PublicKeyToken=null" name="nullCellNeverEqual" />
    </UnitTest>
    <UnitTest name="kingNotInCheckWhenOwnPieceBlockingOppositionPiece" storage="..\chesstests\bin\debug\chesstests.dll" id="f98e6c38-f08f-2d80-34cd-9cb6261351d7">
      <Execution timeOut="1800000" id="0db80d06-f5d0-4f9f-9d04-3f30b9a76308" />
      <TestMethod codeBase="C:/Users/ShaneH/Documents/Visual Studio 2012/Projects/Chess/ChessTests/bin/Debug/ChessTests.dll" adapterTypeName="Microsoft.VisualStudio.TestTools.TestTypes.Unit.UnitTestAdapter, Microsoft.VisualStudio.QualityTools.Tips.UnitTest.Adapter, Version=11.0.0.0, Culture=neutral, PublicKeyToken=b03f5f7f11d50a3a" className="ChessTests.CheckTests, ChessTests, Version=1.0.0.0, Culture=neutral, PublicKeyToken=null" name="kingNotInCheckWhenOwnPieceBlockingOppositionPiece" />
    </UnitTest>
    <UnitTest name="colourNotInStaleManteByDefault" storage="..\chesstests\bin\debug\chesstests.dll" id="9bbae2c8-e27e-d82f-411b-63cf381b699f">
      <Execution timeOut="1800000" id="8922eea5-e22d-489f-bb93-5bd3405c9922" />
      <TestMethod codeBase="C:/Users/ShaneH/Documents/Visual Studio 2012/Projects/Chess/ChessTests/bin/Debug/ChessTests.dll" adapterTypeName="Microsoft.VisualStudio.TestTools.TestTypes.Unit.UnitTestAdapter, Microsoft.VisualStudio.QualityTools.Tips.UnitTest.Adapter, Version=11.0.0.0, Culture=neutral, PublicKeyToken=b03f5f7f11d50a3a" className="ChessTests.CheckTests, ChessTests, Version=1.0.0.0, Culture=neutral, PublicKeyToken=null" name="colourNotInStaleManteByDefault" />
    </UnitTest>
    <UnitTest name="canMoveBlackKnightLeftDown" storage="..\chesstests\bin\debug\chesstests.dll" id="6cf57c02-d527-684a-9612-4d68bc5f29f6">
      <Execution timeOut="1800000" id="e900ea77-74df-4128-b9ee-c7d1dbfa665b" />
      <TestMethod codeBase="C:/Users/ShaneH/Documents/Visual Studio 2012/Projects/Chess/ChessTests/bin/Debug/ChessTests.dll" adapterTypeName="Microsoft.VisualStudio.TestTools.TestTypes.Unit.UnitTestAdapter, Microsoft.VisualStudio.QualityTools.Tips.UnitTest.Adapter, Version=11.0.0.0, Culture=neutral, PublicKeyToken=b03f5f7f11d50a3a" className="ChessTests.KnightTests, ChessTests, Version=1.0.0.0, Culture=neutral, PublicKeyToken=null" name="canMoveBlackKnightLeftDown" />
    </UnitTest>
    <UnitTest name="canMoveBlackKnightUpLeft" storage="..\chesstests\bin\debug\chesstests.dll" id="dec0744b-b5da-6a4d-ad0a-355a63963703">
      <Execution timeOut="1800000" id="807fca86-a240-4bd0-a77e-cfea750214fb" />
      <TestMethod codeBase="C:/Users/ShaneH/Documents/Visual Studio 2012/Projects/Chess/ChessTests/bin/Debug/ChessTests.dll" adapterTypeName="Microsoft.VisualStudio.TestTools.TestTypes.Unit.UnitTestAdapter, Microsoft.VisualStudio.QualityTools.Tips.UnitTest.Adapter, Version=11.0.0.0, Culture=neutral, PublicKeyToken=b03f5f7f11d50a3a" className="ChessTests.KnightTests, ChessTests, Version=1.0.0.0, Culture=neutral, PublicKeyToken=null" name="canMoveBlackKnightUpLeft" />
    </UnitTest>
    <UnitTest name="canMoveBlackRookVerticallyUp" storage="..\chesstests\bin\debug\chesstests.dll" id="4e5788c1-ada8-e773-ce47-116c6628d2aa">
      <Execution timeOut="1800000" id="2d4b7bac-7625-4288-bee0-94b0ee5bc3a9" />
      <TestMethod codeBase="C:/Users/ShaneH/Documents/Visual Studio 2012/Projects/Chess/ChessTests/bin/Debug/ChessTests.dll" adapterTypeName="Microsoft.VisualStudio.TestTools.TestTypes.Unit.UnitTestAdapter, Microsoft.VisualStudio.QualityTools.Tips.UnitTest.Adapter, Version=11.0.0.0, Culture=neutral, PublicKeyToken=b03f5f7f11d50a3a" className="ChessTests.RookTests, ChessTests, Version=1.0.0.0, Culture=neutral, PublicKeyToken=null" name="canMoveBlackRookVerticallyUp" />
    </UnitTest>
    <UnitTest name="canMoveWhiteBishopDiagonalUpLeftNoObstructions" storage="..\chesstests\bin\debug\chesstests.dll" id="87b4a0e4-779f-40d0-ae2d-3dbb1b295cb5">
      <Execution timeOut="1800000" id="477d974b-fc87-4cb4-ad98-dcdaad20a82c" />
      <TestMethod codeBase="C:/Users/ShaneH/Documents/Visual Studio 2012/Projects/Chess/ChessTests/bin/Debug/ChessTests.dll" adapterTypeName="Microsoft.VisualStudio.TestTools.TestTypes.Unit.UnitTestAdapter, Microsoft.VisualStudio.QualityTools.Tips.UnitTest.Adapter, Version=11.0.0.0, Culture=neutral, PublicKeyToken=b03f5f7f11d50a3a" className="ChessTests.BishopTests, ChessTests, Version=1.0.0.0, Culture=neutral, PublicKeyToken=null" name="canMoveWhiteBishopDiagonalUpLeftNoObstructions" />
    </UnitTest>
    <UnitTest name="cannotTakeOwnPieceDiagUpLeft" storage="..\chesstests\bin\debug\chesstests.dll" id="3562f988-caf6-e157-38af-47808bc40815">
      <Execution timeOut="1800000" id="bfb9b16c-663e-4d01-9702-187d1da106ce" />
      <TestMethod codeBase="C:/Users/ShaneH/Documents/Visual Studio 2012/Projects/Chess/ChessTests/bin/Debug/ChessTests.dll" adapterTypeName="Microsoft.VisualStudio.TestTools.TestTypes.Unit.UnitTestAdapter, Microsoft.VisualStudio.QualityTools.Tips.UnitTest.Adapter, Version=11.0.0.0, Culture=neutral, PublicKeyToken=b03f5f7f11d50a3a" className="ChessTests.BishopTests, ChessTests, Version=1.0.0.0, Culture=neutral, PublicKeyToken=null" name="cannotTakeOwnPieceDiagUpLeft" />
    </UnitTest>
    <UnitTest name="cannotTakeOwnPieceMovingDownLeft" storage="..\chesstests\bin\debug\chesstests.dll" id="989c4479-fd4d-be06-81f5-831578a55a59">
      <Execution timeOut="1800000" id="bed84b72-993d-4484-b0a5-f0e6cc5d7780" />
      <TestMethod codeBase="C:/Users/ShaneH/Documents/Visual Studio 2012/Projects/Chess/ChessTests/bin/Debug/ChessTests.dll" adapterTypeName="Microsoft.VisualStudio.TestTools.TestTypes.Unit.UnitTestAdapter, Microsoft.VisualStudio.QualityTools.Tips.UnitTest.Adapter, Version=11.0.0.0, Culture=neutral, PublicKeyToken=b03f5f7f11d50a3a" className="ChessTests.KingTests, ChessTests, Version=1.0.0.0, Culture=neutral, PublicKeyToken=null" name="cannotTakeOwnPieceMovingDownLeft" />
    </UnitTest>
    <UnitTest name="areMiddleRowsPlayerColourNone" storage="..\chesstests\bin\debug\chesstests.dll" id="b4976dbf-056c-73f6-1b78-f13c2b1d127b">
      <Execution timeOut="1800000" id="8174221e-f12b-4946-ba35-b09de5ec3fc0" />
      <TestMethod codeBase="C:/Users/ShaneH/Documents/Visual Studio 2012/Projects/Chess/ChessTests/bin/Debug/ChessTests.dll" adapterTypeName="Microsoft.VisualStudio.TestTools.TestTypes.Unit.UnitTestAdapter, Microsoft.VisualStudio.QualityTools.Tips.UnitTest.Adapter, Version=11.0.0.0, Culture=neutral, PublicKeyToken=b03f5f7f11d50a3a" className="ChessTests.ChessTests, ChessTests, Version=1.0.0.0, Culture=neutral, PublicKeyToken=null" name="areMiddleRowsPlayerColourNone" />
    </UnitTest>
    <UnitTest name="blackPawnCannotMoveTwoSpacesAfterStart" storage="..\chesstests\bin\debug\chesstests.dll" id="8e7b2879-f716-116d-99dc-23f8e18ae182">
      <Execution timeOut="1800000" id="ad193f47-e366-4022-8dda-cd049461c5bc" />
      <TestMethod codeBase="C:/Users/ShaneH/Documents/Visual Studio 2012/Projects/Chess/ChessTests/bin/Debug/ChessTests.dll" adapterTypeName="Microsoft.VisualStudio.TestTools.TestTypes.Unit.UnitTestAdapter, Microsoft.VisualStudio.QualityTools.Tips.UnitTest.Adapter, Version=11.0.0.0, Culture=neutral, PublicKeyToken=b03f5f7f11d50a3a" className="ChessTests.PawnTests, ChessTests, Version=1.0.0.0, Culture=neutral, PublicKeyToken=null" name="blackPawnCannotMoveTwoSpacesAfterStart" />
    </UnitTest>
    <UnitTest name="kingNotInCheckMateWhenOtherPieceCanMoveInTheWay" storage="..\chesstests\bin\debug\chesstests.dll" id="22fb6488-4e17-7246-9bba-eb7331638ea4">
      <Execution timeOut="1800000" id="19a49487-e8b8-4d28-914f-e8322142ef0b" />
      <TestMethod codeBase="C:/Users/ShaneH/Documents/Visual Studio 2012/Projects/Chess/ChessTests/bin/Debug/ChessTests.dll" adapterTypeName="Microsoft.VisualStudio.TestTools.TestTypes.Unit.UnitTestAdapter, Microsoft.VisualStudio.QualityTools.Tips.UnitTest.Adapter, Version=11.0.0.0, Culture=neutral, PublicKeyToken=b03f5f7f11d50a3a" className="ChessTests.CheckMateTests, ChessTests, Version=1.0.0.0, Culture=neutral, PublicKeyToken=null" name="kingNotInCheckMateWhenOtherPieceCanMoveInTheWay" />
    </UnitTest>
    <UnitTest name="cannotCaptureOwnPieceLeftTop" storage="..\chesstests\bin\debug\chesstests.dll" id="40d1b41f-84e9-0b2b-3898-954b6294bb34">
      <Execution timeOut="1800000" id="d68f9d3c-202d-4263-b795-ab8229ff645a" />
      <TestMethod codeBase="C:/Users/ShaneH/Documents/Visual Studio 2012/Projects/Chess/ChessTests/bin/Debug/ChessTests.dll" adapterTypeName="Microsoft.VisualStudio.TestTools.TestTypes.Unit.UnitTestAdapter, Microsoft.VisualStudio.QualityTools.Tips.UnitTest.Adapter, Version=11.0.0.0, Culture=neutral, PublicKeyToken=b03f5f7f11d50a3a" className="ChessTests.KnightTests, ChessTests, Version=1.0.0.0, Culture=neutral, PublicKeyToken=null" name="cannotCaptureOwnPieceLeftTop" />
    </UnitTest>
    <UnitTest name="simulationReturnsEmptyListForNoPieces" storage="..\chesstests\bin\debug\chesstests.dll" id="628632dc-14a8-67f8-6ec8-cd851ba65212">
      <Execution timeOut="1800000" id="18340661-2cee-46c1-8369-24e042bee1fe" />
      <TestMethod codeBase="C:/Users/ShaneH/Documents/Visual Studio 2012/Projects/Chess/ChessTests/bin/Debug/ChessTests.dll" adapterTypeName="Microsoft.VisualStudio.TestTools.TestTypes.Unit.UnitTestAdapter, Microsoft.VisualStudio.QualityTools.Tips.UnitTest.Adapter, Version=11.0.0.0, Culture=neutral, PublicKeyToken=b03f5f7f11d50a3a" className="ChessTests.BoardSimulateTests, ChessTests, Version=1.0.0.0, Culture=neutral, PublicKeyToken=null" name="simulationReturnsEmptyListForNoPieces" />
    </UnitTest>
    <UnitTest name="canMoveWhiteKnightRightDown" storage="..\chesstests\bin\debug\chesstests.dll" id="b1cacb72-0763-fed2-dae6-92a0ddd885e0">
      <Execution timeOut="1800000" id="e08089e2-7000-4bf5-91f1-82c972bb106d" />
      <TestMethod codeBase="C:/Users/ShaneH/Documents/Visual Studio 2012/Projects/Chess/ChessTests/bin/Debug/ChessTests.dll" adapterTypeName="Microsoft.VisualStudio.TestTools.TestTypes.Unit.UnitTestAdapter, Microsoft.VisualStudio.QualityTools.Tips.UnitTest.Adapter, Version=11.0.0.0, Culture=neutral, PublicKeyToken=b03f5f7f11d50a3a" className="ChessTests.KnightTests, ChessTests, Version=1.0.0.0, Culture=neutral, PublicKeyToken=null" name="canMoveWhiteKnightRightDown" />
    </UnitTest>
    <UnitTest name="cannotCaptureOwnPieceTopRight" storage="..\chesstests\bin\debug\chesstests.dll" id="8b767757-2d46-6db2-6c72-a25020070dc1">
      <Execution timeOut="1800000" id="950abd20-87e2-4769-8298-51171a1aab8f" />
      <TestMethod codeBase="C:/Users/ShaneH/Documents/Visual Studio 2012/Projects/Chess/ChessTests/bin/Debug/ChessTests.dll" adapterTypeName="Microsoft.VisualStudio.TestTools.TestTypes.Unit.UnitTestAdapter, Microsoft.VisualStudio.QualityTools.Tips.UnitTest.Adapter, Version=11.0.0.0, Culture=neutral, PublicKeyToken=b03f5f7f11d50a3a" className="ChessTests.KnightTests, ChessTests, Version=1.0.0.0, Culture=neutral, PublicKeyToken=null" name="cannotCaptureOwnPieceTopRight" />
    </UnitTest>
    <UnitTest name="cannotTakeOwnPieceMovingUpRight" storage="..\chesstests\bin\debug\chesstests.dll" id="f5f11ea3-767f-521f-25a8-5a047603f97f">
      <Execution timeOut="1800000" id="e1d12edf-04ba-4e0b-8a94-0f0adc0be899" />
      <TestMethod codeBase="C:/Users/ShaneH/Documents/Visual Studio 2012/Projects/Chess/ChessTests/bin/Debug/ChessTests.dll" adapterTypeName="Microsoft.VisualStudio.TestTools.TestTypes.Unit.UnitTestAdapter, Microsoft.VisualStudio.QualityTools.Tips.UnitTest.Adapter, Version=11.0.0.0, Culture=neutral, PublicKeyToken=b03f5f7f11d50a3a" className="ChessTests.KingTests, ChessTests, Version=1.0.0.0, Culture=neutral, PublicKeyToken=null" name="cannotTakeOwnPieceMovingUpRight" />
    </UnitTest>
    <UnitTest name="canMoveWhiteKnightUpLeft" storage="..\chesstests\bin\debug\chesstests.dll" id="01e1d85e-511b-f54c-a1a1-900d1b604f70">
      <Execution timeOut="1800000" id="c367bf23-b38c-4324-b6e4-4259f21e1822" />
      <TestMethod codeBase="C:/Users/ShaneH/Documents/Visual Studio 2012/Projects/Chess/ChessTests/bin/Debug/ChessTests.dll" adapterTypeName="Microsoft.VisualStudio.TestTools.TestTypes.Unit.UnitTestAdapter, Microsoft.VisualStudio.QualityTools.Tips.UnitTest.Adapter, Version=11.0.0.0, Culture=neutral, PublicKeyToken=b03f5f7f11d50a3a" className="ChessTests.KnightTests, ChessTests, Version=1.0.0.0, Culture=neutral, PublicKeyToken=null" name="canMoveWhiteKnightUpLeft" />
    </UnitTest>
    <UnitTest name="canTakeOppositionPieceMovingUpRight" storage="..\chesstests\bin\debug\chesstests.dll" id="c283c84e-12fb-1c79-3140-e564f9560517">
      <Execution timeOut="1800000" id="47b7aa66-b25d-49fe-bce4-100d46699dcc" />
      <TestMethod codeBase="C:/Users/ShaneH/Documents/Visual Studio 2012/Projects/Chess/ChessTests/bin/Debug/ChessTests.dll" adapterTypeName="Microsoft.VisualStudio.TestTools.TestTypes.Unit.UnitTestAdapter, Microsoft.VisualStudio.QualityTools.Tips.UnitTest.Adapter, Version=11.0.0.0, Culture=neutral, PublicKeyToken=b03f5f7f11d50a3a" className="ChessTests.KingTests, ChessTests, Version=1.0.0.0, Culture=neutral, PublicKeyToken=null" name="canTakeOppositionPieceMovingUpRight" />
    </UnitTest>
    <UnitTest name="invalidMoveGivesCorrectPieceName" storage="..\chesstests\bin\debug\chesstests.dll" id="c402f9ec-8f13-951f-df43-c12680e572ae">
      <Execution timeOut="1800000" id="d97b4b72-9947-4870-9380-ece80b15661f" />
      <TestMethod codeBase="C:/Users/ShaneH/Documents/Visual Studio 2012/Projects/Chess/ChessTests/bin/Debug/ChessTests.dll" adapterTypeName="Microsoft.VisualStudio.TestTools.TestTypes.Unit.UnitTestAdapter, Microsoft.VisualStudio.QualityTools.Tips.UnitTest.Adapter, Version=11.0.0.0, Culture=neutral, PublicKeyToken=b03f5f7f11d50a3a" className="ChessTests.QueenTests, ChessTests, Version=1.0.0.0, Culture=neutral, PublicKeyToken=null" name="invalidMoveGivesCorrectPieceName" />
    </UnitTest>
    <UnitTest name="simulationReturnsTwoBoardsForSinglePawnAtStart" storage="..\chesstests\bin\debug\chesstests.dll" id="4839d339-5e71-3434-0afd-67a6b7b1e036">
      <Execution timeOut="1800000" id="91652422-7310-417f-8b08-e57c817c44be" />
      <TestMethod codeBase="C:/Users/ShaneH/Documents/Visual Studio 2012/Projects/Chess/ChessTests/bin/Debug/ChessTests.dll" adapterTypeName="Microsoft.VisualStudio.TestTools.TestTypes.Unit.UnitTestAdapter, Microsoft.VisualStudio.QualityTools.Tips.UnitTest.Adapter, Version=11.0.0.0, Culture=neutral, PublicKeyToken=b03f5f7f11d50a3a" className="ChessTests.BoardSimulateTests, ChessTests, Version=1.0.0.0, Culture=neutral, PublicKeyToken=null" name="simulationReturnsTwoBoardsForSinglePawnAtStart" />
    </UnitTest>
    <UnitTest name="canTakePiece" storage="..\chesstests\bin\debug\chesstests.dll" id="88f3539a-9e52-4e5f-3a8e-6ac8f70db456">
      <Execution timeOut="1800000" id="aca076f4-4089-408f-9b73-9ab9a661c00c" />
      <TestMethod codeBase="C:/Users/ShaneH/Documents/Visual Studio 2012/Projects/Chess/ChessTests/bin/Debug/ChessTests.dll" adapterTypeName="Microsoft.VisualStudio.TestTools.TestTypes.Unit.UnitTestAdapter, Microsoft.VisualStudio.QualityTools.Tips.UnitTest.Adapter, Version=11.0.0.0, Culture=neutral, PublicKeyToken=b03f5f7f11d50a3a" className="ChessTests.BishopTests, ChessTests, Version=1.0.0.0, Culture=neutral, PublicKeyToken=null" name="canTakePiece" />
    </UnitTest>
    <UnitTest name="canMoveBlackRookHorizontallyRight" storage="..\chesstests\bin\debug\chesstests.dll" id="30e04109-c65f-2193-e674-b29f22492ca5">
      <Execution timeOut="1800000" id="dd8f6a50-75f6-4514-8b3e-5fd3a6123f15" />
      <TestMethod codeBase="C:/Users/ShaneH/Documents/Visual Studio 2012/Projects/Chess/ChessTests/bin/Debug/ChessTests.dll" adapterTypeName="Microsoft.VisualStudio.TestTools.TestTypes.Unit.UnitTestAdapter, Microsoft.VisualStudio.QualityTools.Tips.UnitTest.Adapter, Version=11.0.0.0, Culture=neutral, PublicKeyToken=b03f5f7f11d50a3a" className="ChessTests.RookTests, ChessTests, Version=1.0.0.0, Culture=neutral, PublicKeyToken=null" name="canMoveBlackRookHorizontallyRight" />
    </UnitTest>
    <UnitTest name="cannotJumpOppositionDiagUpLeft" storage="..\chesstests\bin\debug\chesstests.dll" id="a1f929ba-6b28-ee21-359e-cf5d46cf368a">
      <Execution timeOut="1800000" id="c5c68fc6-ffc7-4409-937a-26fa96da1480" />
      <TestMethod codeBase="C:/Users/ShaneH/Documents/Visual Studio 2012/Projects/Chess/ChessTests/bin/Debug/ChessTests.dll" adapterTypeName="Microsoft.VisualStudio.TestTools.TestTypes.Unit.UnitTestAdapter, Microsoft.VisualStudio.QualityTools.Tips.UnitTest.Adapter, Version=11.0.0.0, Culture=neutral, PublicKeyToken=b03f5f7f11d50a3a" className="ChessTests.BishopTests, ChessTests, Version=1.0.0.0, Culture=neutral, PublicKeyToken=null" name="cannotJumpOppositionDiagUpLeft" />
    </UnitTest>
    <UnitTest name="cannotCaptureOwnPieceTopLeft" storage="..\chesstests\bin\debug\chesstests.dll" id="3b8989d4-9468-d4f5-4fa5-0c83cef3e6e3">
      <Execution timeOut="1800000" id="34968005-12df-4c83-9208-ae4b883db8ea" />
      <TestMethod codeBase="C:/Users/ShaneH/Documents/Visual Studio 2012/Projects/Chess/ChessTests/bin/Debug/ChessTests.dll" adapterTypeName="Microsoft.VisualStudio.TestTools.TestTypes.Unit.UnitTestAdapter, Microsoft.VisualStudio.QualityTools.Tips.UnitTest.Adapter, Version=11.0.0.0, Culture=neutral, PublicKeyToken=b03f5f7f11d50a3a" className="ChessTests.KnightTests, ChessTests, Version=1.0.0.0, Culture=neutral, PublicKeyToken=null" name="cannotCaptureOwnPieceTopLeft" />
    </UnitTest>
    <UnitTest name="cannotTakeOwnPieceDiagDownRight" storage="..\chesstests\bin\debug\chesstests.dll" id="f39b25bd-516f-7ee4-27f1-d563c9037b60">
      <Execution timeOut="1800000" id="6725187c-c7e8-4ea2-9212-531c2c812af2" />
      <TestMethod codeBase="C:/Users/ShaneH/Documents/Visual Studio 2012/Projects/Chess/ChessTests/bin/Debug/ChessTests.dll" adapterTypeName="Microsoft.VisualStudio.TestTools.TestTypes.Unit.UnitTestAdapter, Microsoft.VisualStudio.QualityTools.Tips.UnitTest.Adapter, Version=11.0.0.0, Culture=neutral, PublicKeyToken=b03f5f7f11d50a3a" className="ChessTests.BishopTests, ChessTests, Version=1.0.0.0, Culture=neutral, PublicKeyToken=null" name="cannotTakeOwnPieceDiagDownRight" />
    </UnitTest>
    <UnitTest name="exceptionWhenMoveToNegativeCol" storage="..\chesstests\bin\debug\chesstests.dll" id="7d98f31d-f1f6-0621-aa93-72560fa182b3">
      <Execution timeOut="1800000" id="10c91cdf-6fc3-4f0d-a1ba-8ba16903a474" />
      <TestMethod codeBase="C:/Users/ShaneH/Documents/Visual Studio 2012/Projects/Chess/ChessTests/bin/Debug/ChessTests.dll" adapterTypeName="Microsoft.VisualStudio.TestTools.TestTypes.Unit.UnitTestAdapter, Microsoft.VisualStudio.QualityTools.Tips.UnitTest.Adapter, Version=11.0.0.0, Culture=neutral, PublicKeyToken=b03f5f7f11d50a3a" className="ChessTests.ChessTests, ChessTests, Version=1.0.0.0, Culture=neutral, PublicKeyToken=null" name="exceptionWhenMoveToNegativeCol" />
    </UnitTest>
    <UnitTest name="canMoveKingOneForward" storage="..\chesstests\bin\debug\chesstests.dll" id="d2ade540-1f1e-eb2f-4190-f97efcbbd597">
      <Execution timeOut="1800000" id="3be08a5e-1bc6-4874-9f55-744a0df02776" />
      <TestMethod codeBase="C:/Users/ShaneH/Documents/Visual Studio 2012/Projects/Chess/ChessTests/bin/Debug/ChessTests.dll" adapterTypeName="Microsoft.VisualStudio.TestTools.TestTypes.Unit.UnitTestAdapter, Microsoft.VisualStudio.QualityTools.Tips.UnitTest.Adapter, Version=11.0.0.0, Culture=neutral, PublicKeyToken=b03f5f7f11d50a3a" className="ChessTests.KingTests, ChessTests, Version=1.0.0.0, Culture=neutral, PublicKeyToken=null" name="canMoveKingOneForward" />
    </UnitTest>
    <UnitTest name="whitePawnCanMoveTwoSpacesAtStart" storage="..\chesstests\bin\debug\chesstests.dll" id="31b640ce-2e58-2f38-568e-804147d116f8">
      <Execution timeOut="1800000" id="60ed1659-4c0c-4d02-97a1-c692ec3a596d" />
      <TestMethod codeBase="C:/Users/ShaneH/Documents/Visual Studio 2012/Projects/Chess/ChessTests/bin/Debug/ChessTests.dll" adapterTypeName="Microsoft.VisualStudio.TestTools.TestTypes.Unit.UnitTestAdapter, Microsoft.VisualStudio.QualityTools.Tips.UnitTest.Adapter, Version=11.0.0.0, Culture=neutral, PublicKeyToken=b03f5f7f11d50a3a" className="ChessTests.PawnTests, ChessTests, Version=1.0.0.0, Culture=neutral, PublicKeyToken=null" name="whitePawnCanMoveTwoSpacesAtStart" />
    </UnitTest>
    <UnitTest name="canMoveKingRight" storage="..\chesstests\bin\debug\chesstests.dll" id="b1efd2e8-a10f-c78f-81ed-4637c3ceca04">
      <Execution timeOut="1800000" id="cb09b462-e459-485c-bc2b-09eb1bfcb7ce" />
      <TestMethod codeBase="C:/Users/ShaneH/Documents/Visual Studio 2012/Projects/Chess/ChessTests/bin/Debug/ChessTests.dll" adapterTypeName="Microsoft.VisualStudio.TestTools.TestTypes.Unit.UnitTestAdapter, Microsoft.VisualStudio.QualityTools.Tips.UnitTest.Adapter, Version=11.0.0.0, Culture=neutral, PublicKeyToken=b03f5f7f11d50a3a" className="ChessTests.KingTests, ChessTests, Version=1.0.0.0, Culture=neutral, PublicKeyToken=null" name="canMoveKingRight" />
    </UnitTest>
    <UnitTest name="blackPawnCanMoveTwoSpacesAtStart" storage="..\chesstests\bin\debug\chesstests.dll" id="072141a6-213d-f7c1-ad94-78892f83b7a0">
      <Execution timeOut="1800000" id="b001e425-2636-4357-bdd6-60738f501a2d" />
      <TestMethod codeBase="C:/Users/ShaneH/Documents/Visual Studio 2012/Projects/Chess/ChessTests/bin/Debug/ChessTests.dll" adapterTypeName="Microsoft.VisualStudio.TestTools.TestTypes.Unit.UnitTestAdapter, Microsoft.VisualStudio.QualityTools.Tips.UnitTest.Adapter, Version=11.0.0.0, Culture=neutral, PublicKeyToken=b03f5f7f11d50a3a" className="ChessTests.PawnTests, ChessTests, Version=1.0.0.0, Culture=neutral, PublicKeyToken=null" name="blackPawnCanMoveTwoSpacesAtStart" />
    </UnitTest>
    <UnitTest name="canWhitePawnMoveOneSpaceForward" storage="..\chesstests\bin\debug\chesstests.dll" id="276aeaf4-94bd-7cc4-0bfa-fd1b795b8f09">
      <Execution timeOut="1800000" id="e2535018-c038-4e7a-819e-819dee3c2deb" />
      <TestMethod codeBase="C:/Users/ShaneH/Documents/Visual Studio 2012/Projects/Chess/ChessTests/bin/Debug/ChessTests.dll" adapterTypeName="Microsoft.VisualStudio.TestTools.TestTypes.Unit.UnitTestAdapter, Microsoft.VisualStudio.QualityTools.Tips.UnitTest.Adapter, Version=11.0.0.0, Culture=neutral, PublicKeyToken=b03f5f7f11d50a3a" className="ChessTests.PawnTests, ChessTests, Version=1.0.0.0, Culture=neutral, PublicKeyToken=null" name="canWhitePawnMoveOneSpaceForward" />
    </UnitTest>
    <UnitTest name="cannotTakeOwnPieceMovingDownRight" storage="..\chesstests\bin\debug\chesstests.dll" id="649a4875-a4da-c184-4703-192cbc79d530">
      <Execution timeOut="1800000" id="5ca9f3d5-f19d-4360-b35d-56fadc8093d7" />
      <TestMethod codeBase="C:/Users/ShaneH/Documents/Visual Studio 2012/Projects/Chess/ChessTests/bin/Debug/ChessTests.dll" adapterTypeName="Microsoft.VisualStudio.TestTools.TestTypes.Unit.UnitTestAdapter, Microsoft.VisualStudio.QualityTools.Tips.UnitTest.Adapter, Version=11.0.0.0, Culture=neutral, PublicKeyToken=b03f5f7f11d50a3a" className="ChessTests.KingTests, ChessTests, Version=1.0.0.0, Culture=neutral, PublicKeyToken=null" name="cannotTakeOwnPieceMovingDownRight" />
    </UnitTest>
    <UnitTest name="areBottom2RowsWhite" storage="..\chesstests\bin\debug\chesstests.dll" id="689961f3-b549-c9f7-fc0a-74afd1b1e274">
      <Execution timeOut="1800000" id="8824ce82-ea15-44cf-8dd6-fe1e3471dc4d" />
      <TestMethod codeBase="C:/Users/ShaneH/Documents/Visual Studio 2012/Projects/Chess/ChessTests/bin/Debug/ChessTests.dll" adapterTypeName="Microsoft.VisualStudio.TestTools.TestTypes.Unit.UnitTestAdapter, Microsoft.VisualStudio.QualityTools.Tips.UnitTest.Adapter, Version=11.0.0.0, Culture=neutral, PublicKeyToken=b03f5f7f11d50a3a" className="ChessTests.ChessTests, ChessTests, Version=1.0.0.0, Culture=neutral, PublicKeyToken=null" name="areBottom2RowsWhite" />
    </UnitTest>
    <UnitTest name="canGetSelectedCell" storage="..\chesstests\bin\debug\chesstests.dll" id="8900ceac-b7b6-1032-98bc-f3e21d0abb21">
      <Execution timeOut="1800000" id="c6393158-fed4-44ab-b05e-e8fe01ccd6d7" />
      <TestMethod codeBase="C:/Users/ShaneH/Documents/Visual Studio 2012/Projects/Chess/ChessTests/bin/Debug/ChessTests.dll" adapterTypeName="Microsoft.VisualStudio.TestTools.TestTypes.Unit.UnitTestAdapter, Microsoft.VisualStudio.QualityTools.Tips.UnitTest.Adapter, Version=11.0.0.0, Culture=neutral, PublicKeyToken=b03f5f7f11d50a3a" className="ChessTests.ChessTests, ChessTests, Version=1.0.0.0, Culture=neutral, PublicKeyToken=null" name="canGetSelectedCell" />
    </UnitTest>
    <UnitTest name="canMoveWhiteKnightLeftUp" storage="..\chesstests\bin\debug\chesstests.dll" id="ed293079-60d8-dd36-58ca-ab1711252e1b">
      <Execution timeOut="1800000" id="79698a78-002a-4055-9862-2222aa765ff8" />
      <TestMethod codeBase="C:/Users/ShaneH/Documents/Visual Studio 2012/Projects/Chess/ChessTests/bin/Debug/ChessTests.dll" adapterTypeName="Microsoft.VisualStudio.TestTools.TestTypes.Unit.UnitTestAdapter, Microsoft.VisualStudio.QualityTools.Tips.UnitTest.Adapter, Version=11.0.0.0, Culture=neutral, PublicKeyToken=b03f5f7f11d50a3a" className="ChessTests.KnightTests, ChessTests, Version=1.0.0.0, Culture=neutral, PublicKeyToken=null" name="canMoveWhiteKnightLeftUp" />
    </UnitTest>
    <UnitTest name="simulationReturnsCorrectSimBoardsForQueen" storage="..\chesstests\bin\debug\chesstests.dll" id="657ae5ac-0b8e-9b65-4471-d72d18e9d6eb">
      <Execution timeOut="1800000" id="20aca19f-2ec6-41c7-9310-7e1642f769ae" />
      <TestMethod codeBase="C:/Users/ShaneH/Documents/Visual Studio 2012/Projects/Chess/ChessTests/bin/Debug/ChessTests.dll" adapterTypeName="Microsoft.VisualStudio.TestTools.TestTypes.Unit.UnitTestAdapter, Microsoft.VisualStudio.QualityTools.Tips.UnitTest.Adapter, Version=11.0.0.0, Culture=neutral, PublicKeyToken=b03f5f7f11d50a3a" className="ChessTests.BoardSimulateTests, ChessTests, Version=1.0.0.0, Culture=neutral, PublicKeyToken=null" name="simulationReturnsCorrectSimBoardsForQueen" />
    </UnitTest>
    <UnitTest name="canTakeOppositionPieceMovingForwardLeft" storage="..\chesstests\bin\debug\chesstests.dll" id="90898cf9-5c8b-6602-513e-7e28414b36ab">
      <Execution timeOut="1800000" id="9a8b26bc-61f3-46c9-827d-8a8522abeeec" />
      <TestMethod codeBase="C:/Users/ShaneH/Documents/Visual Studio 2012/Projects/Chess/ChessTests/bin/Debug/ChessTests.dll" adapterTypeName="Microsoft.VisualStudio.TestTools.TestTypes.Unit.UnitTestAdapter, Microsoft.VisualStudio.QualityTools.Tips.UnitTest.Adapter, Version=11.0.0.0, Culture=neutral, PublicKeyToken=b03f5f7f11d50a3a" className="ChessTests.KingTests, ChessTests, Version=1.0.0.0, Culture=neutral, PublicKeyToken=null" name="canTakeOppositionPieceMovingForwardLeft" />
    </UnitTest>
    <UnitTest name="canMoveBlackKnightUpRight" storage="..\chesstests\bin\debug\chesstests.dll" id="aec32abe-a9a4-ee33-7558-1c7c2a3fabec">
      <Execution timeOut="1800000" id="0279847d-5033-4164-8ec8-7f0e43a8a165" />
      <TestMethod codeBase="C:/Users/ShaneH/Documents/Visual Studio 2012/Projects/Chess/ChessTests/bin/Debug/ChessTests.dll" adapterTypeName="Microsoft.VisualStudio.TestTools.TestTypes.Unit.UnitTestAdapter, Microsoft.VisualStudio.QualityTools.Tips.UnitTest.Adapter, Version=11.0.0.0, Culture=neutral, PublicKeyToken=b03f5f7f11d50a3a" className="ChessTests.KnightTests, ChessTests, Version=1.0.0.0, Culture=neutral, PublicKeyToken=null" name="canMoveBlackKnightUpRight" />
    </UnitTest>
    <UnitTest name="canMoveQueenDiagUpLeft" storage="..\chesstests\bin\debug\chesstests.dll" id="2a82fa15-d608-6e25-a9ff-4f118775d58a">
      <Execution timeOut="1800000" id="0c03e4b1-adfa-4feb-9900-e40ed09ad426" />
      <TestMethod codeBase="C:/Users/ShaneH/Documents/Visual Studio 2012/Projects/Chess/ChessTests/bin/Debug/ChessTests.dll" adapterTypeName="Microsoft.VisualStudio.TestTools.TestTypes.Unit.UnitTestAdapter, Microsoft.VisualStudio.QualityTools.Tips.UnitTest.Adapter, Version=11.0.0.0, Culture=neutral, PublicKeyToken=b03f5f7f11d50a3a" className="ChessTests.QueenTests, ChessTests, Version=1.0.0.0, Culture=neutral, PublicKeyToken=null" name="canMoveQueenDiagUpLeft" />
    </UnitTest>
    <UnitTest name="cannotCaptureOwnPieceLeftBottom" storage="..\chesstests\bin\debug\chesstests.dll" id="ad975496-37d7-dfa8-72c5-ed19caf4b8d6">
      <Execution timeOut="1800000" id="1acf87ba-86ea-4dfd-98e3-6669a387e8b2" />
      <TestMethod codeBase="C:/Users/ShaneH/Documents/Visual Studio 2012/Projects/Chess/ChessTests/bin/Debug/ChessTests.dll" adapterTypeName="Microsoft.VisualStudio.TestTools.TestTypes.Unit.UnitTestAdapter, Microsoft.VisualStudio.QualityTools.Tips.UnitTest.Adapter, Version=11.0.0.0, Culture=neutral, PublicKeyToken=b03f5f7f11d50a3a" className="ChessTests.KnightTests, ChessTests, Version=1.0.0.0, Culture=neutral, PublicKeyToken=null" name="cannotCaptureOwnPieceLeftBottom" />
    </UnitTest>
    <UnitTest name="canMoveBlackBishipDiagonalUpRightNoObstructions" storage="..\chesstests\bin\debug\chesstests.dll" id="bab2dab8-39f1-b478-4ef5-4dc0427dc7d9">
      <Execution timeOut="1800000" id="85688099-3f17-48ab-9e2e-5612af74f892" />
      <TestMethod codeBase="C:/Users/ShaneH/Documents/Visual Studio 2012/Projects/Chess/ChessTests/bin/Debug/ChessTests.dll" adapterTypeName="Microsoft.VisualStudio.TestTools.TestTypes.Unit.UnitTestAdapter, Microsoft.VisualStudio.QualityTools.Tips.UnitTest.Adapter, Version=11.0.0.0, Culture=neutral, PublicKeyToken=b03f5f7f11d50a3a" className="ChessTests.BishopTests, ChessTests, Version=1.0.0.0, Culture=neutral, PublicKeyToken=null" name="canMoveBlackBishipDiagonalUpRightNoObstructions" />
    </UnitTest>
    <UnitTest name="whitePawnCanTakePieceRight" storage="..\chesstests\bin\debug\chesstests.dll" id="efc90440-a3c1-87f7-fff9-787ea282e06e">
      <Execution timeOut="1800000" id="a96c4407-581a-414b-bf43-d19ecc6ada30" />
      <TestMethod codeBase="C:/Users/ShaneH/Documents/Visual Studio 2012/Projects/Chess/ChessTests/bin/Debug/ChessTests.dll" adapterTypeName="Microsoft.VisualStudio.TestTools.TestTypes.Unit.UnitTestAdapter, Microsoft.VisualStudio.QualityTools.Tips.UnitTest.Adapter, Version=11.0.0.0, Culture=neutral, PublicKeyToken=b03f5f7f11d50a3a" className="ChessTests.PawnTests, ChessTests, Version=1.0.0.0, Culture=neutral, PublicKeyToken=null" name="whitePawnCanTakePieceRight" />
    </UnitTest>
    <UnitTest name="selectedCellIsNullAfterMove" storage="..\chesstests\bin\debug\chesstests.dll" id="5ba4e3e7-6993-ed4b-8ced-e1d13c26b064">
      <Execution timeOut="1800000" id="252f2f3d-763a-4710-a320-99f596ab6e88" />
      <TestMethod codeBase="C:/Users/ShaneH/Documents/Visual Studio 2012/Projects/Chess/ChessTests/bin/Debug/ChessTests.dll" adapterTypeName="Microsoft.VisualStudio.TestTools.TestTypes.Unit.UnitTestAdapter, Microsoft.VisualStudio.QualityTools.Tips.UnitTest.Adapter, Version=11.0.0.0, Culture=neutral, PublicKeyToken=b03f5f7f11d50a3a" className="ChessTests.ChessTests, ChessTests, Version=1.0.0.0, Culture=neutral, PublicKeyToken=null" name="selectedCellIsNullAfterMove" />
    </UnitTest>
    <UnitTest name="isCellEmptyWhenMovedOff" storage="..\chesstests\bin\debug\chesstests.dll" id="bedd4628-a316-a455-e74b-113d5ac3b3c8">
      <Execution timeOut="1800000" id="f402ff60-d619-435b-ac67-c34836980681" />
      <TestMethod codeBase="C:/Users/ShaneH/Documents/Visual Studio 2012/Projects/Chess/ChessTests/bin/Debug/ChessTests.dll" adapterTypeName="Microsoft.VisualStudio.TestTools.TestTypes.Unit.UnitTestAdapter, Microsoft.VisualStudio.QualityTools.Tips.UnitTest.Adapter, Version=11.0.0.0, Culture=neutral, PublicKeyToken=b03f5f7f11d50a3a" className="ChessTests.ChessTests, ChessTests, Version=1.0.0.0, Culture=neutral, PublicKeyToken=null" name="isCellEmptyWhenMovedOff" />
    </UnitTest>
    <UnitTest name="blackCannotTakeEmptyPieceLeft" storage="..\chesstests\bin\debug\chesstests.dll" id="0c39fefa-5032-d364-0d53-99bb085e0982">
      <Execution timeOut="1800000" id="f4dd143a-2ee8-4072-b706-53e7d3983f33" />
      <TestMethod codeBase="C:/Users/ShaneH/Documents/Visual Studio 2012/Projects/Chess/ChessTests/bin/Debug/ChessTests.dll" adapterTypeName="Microsoft.VisualStudio.TestTools.TestTypes.Unit.UnitTestAdapter, Microsoft.VisualStudio.QualityTools.Tips.UnitTest.Adapter, Version=11.0.0.0, Culture=neutral, PublicKeyToken=b03f5f7f11d50a3a" className="ChessTests.PawnTests, ChessTests, Version=1.0.0.0, Culture=neutral, PublicKeyToken=null" name="blackCannotTakeEmptyPieceLeft" />
    </UnitTest>
    <UnitTest name="canMoveBlackBishopDiagonallyDownRightNoObstructions" storage="..\chesstests\bin\debug\chesstests.dll" id="cea9a2db-b9b4-5c44-cdae-ea8c559aa5ab">
      <Execution timeOut="1800000" id="74437f32-6cd6-40ea-8fbb-074b150a0708" />
      <TestMethod codeBase="C:/Users/ShaneH/Documents/Visual Studio 2012/Projects/Chess/ChessTests/bin/Debug/ChessTests.dll" adapterTypeName="Microsoft.VisualStudio.TestTools.TestTypes.Unit.UnitTestAdapter, Microsoft.VisualStudio.QualityTools.Tips.UnitTest.Adapter, Version=11.0.0.0, Culture=neutral, PublicKeyToken=b03f5f7f11d50a3a" className="ChessTests.BishopTests, ChessTests, Version=1.0.0.0, Culture=neutral, PublicKeyToken=null" name="canMoveBlackBishopDiagonallyDownRightNoObstructions" />
    </UnitTest>
  </TestDefinitions>
  <TestLists>
    <TestList name="Results Not in a List" id="8c84fa94-04c1-424b-9868-57a2d4851a1d" />
    <TestList name="All Loaded Results" id="19431567-8539-422a-85d7-44ee4e166bda" />
  </TestLists>
  <TestEntries>
    <TestEntry testId="bab2dab8-39f1-b478-4ef5-4dc0427dc7d9" executionId="85688099-3f17-48ab-9e2e-5612af74f892" testListId="8c84fa94-04c1-424b-9868-57a2d4851a1d" />
    <TestEntry testId="b1d1289f-9e7e-87c4-873a-568aec1ab10b" executionId="2af8fcf3-15f3-4fac-91cb-332d8c34b4d4" testListId="8c84fa94-04c1-424b-9868-57a2d4851a1d" />
    <TestEntry testId="cea9a2db-b9b4-5c44-cdae-ea8c559aa5ab" executionId="74437f32-6cd6-40ea-8fbb-074b150a0708" testListId="8c84fa94-04c1-424b-9868-57a2d4851a1d" />
    <TestEntry testId="f758d7bc-486f-01b2-cb64-d4b549c6a040" executionId="ac4d4a7a-a4c4-42c9-a27a-1b80bf54bee7" testListId="8c84fa94-04c1-424b-9868-57a2d4851a1d" />
    <TestEntry testId="cbde31ee-3d88-9411-c095-9535119853f5" executionId="a812eed3-209d-47d6-91c6-b1f992601beb" testListId="8c84fa94-04c1-424b-9868-57a2d4851a1d" />
    <TestEntry testId="7b64562e-3d29-ccc9-9a6a-4aaf39707ed4" executionId="eec44d2a-d62d-4c1a-825c-531e36f8cff2" testListId="8c84fa94-04c1-424b-9868-57a2d4851a1d" />
    <TestEntry testId="87b4a0e4-779f-40d0-ae2d-3dbb1b295cb5" executionId="477d974b-fc87-4cb4-ad98-dcdaad20a82c" testListId="8c84fa94-04c1-424b-9868-57a2d4851a1d" />
    <TestEntry testId="f27377be-1934-c9f6-8d07-ac7266d1d2f6" executionId="ea6ff11d-c602-44d8-bbf3-ca54e17a3dee" testListId="8c84fa94-04c1-424b-9868-57a2d4851a1d" />
    <TestEntry testId="fd4c62da-b4fc-b947-da46-845314dd7c18" executionId="cc564634-e261-41dc-bf81-23a32bbea72e" testListId="8c84fa94-04c1-424b-9868-57a2d4851a1d" />
    <TestEntry testId="ee426e89-ab85-59c3-0fcf-e94b5b68ecd0" executionId="fd190b12-61cc-4c9e-b1c8-e34ce38db897" testListId="8c84fa94-04c1-424b-9868-57a2d4851a1d" />
    <TestEntry testId="a1f929ba-6b28-ee21-359e-cf5d46cf368a" executionId="c5c68fc6-ffc7-4409-937a-26fa96da1480" testListId="8c84fa94-04c1-424b-9868-57a2d4851a1d" />
    <TestEntry testId="6569eff2-7f15-ccb7-f02b-db4adb59c7db" executionId="8d7de169-bafa-4a70-a658-030e388e18a7" testListId="8c84fa94-04c1-424b-9868-57a2d4851a1d" />
    <TestEntry testId="11146e4e-bbf4-ec57-67f8-0efcf6651dcd" executionId="c16b6290-b637-46e9-ab63-ebf0b13c06fd" testListId="8c84fa94-04c1-424b-9868-57a2d4851a1d" />
    <TestEntry testId="f39b25bd-516f-7ee4-27f1-d563c9037b60" executionId="6725187c-c7e8-4ea2-9212-531c2c812af2" testListId="8c84fa94-04c1-424b-9868-57a2d4851a1d" />
    <TestEntry testId="3562f988-caf6-e157-38af-47808bc40815" executionId="bfb9b16c-663e-4d01-9702-187d1da106ce" testListId="8c84fa94-04c1-424b-9868-57a2d4851a1d" />
    <TestEntry testId="f2547ccb-ac70-9f08-d6b9-a2ccdc08bacc" executionId="29714ccd-fb0b-4704-a81a-28778350935c" testListId="8c84fa94-04c1-424b-9868-57a2d4851a1d" />
    <TestEntry testId="88f3539a-9e52-4e5f-3a8e-6ac8f70db456" executionId="aca076f4-4089-408f-9b73-9ab9a661c00c" testListId="8c84fa94-04c1-424b-9868-57a2d4851a1d" />
    <TestEntry testId="0135c415-d464-98bd-b8b3-bd9c939f3dde" executionId="0a159e4e-d41a-4ded-8c0b-839db46d26e3" testListId="8c84fa94-04c1-424b-9868-57a2d4851a1d" />
    <TestEntry testId="c32496c9-f92b-1aae-b786-6539abf523eb" executionId="9c125561-3b8b-401e-9123-ca892483bd8f" testListId="8c84fa94-04c1-424b-9868-57a2d4851a1d" />
    <TestEntry testId="657ae5ac-0b8e-9b65-4471-d72d18e9d6eb" executionId="20aca19f-2ec6-41c7-9310-7e1642f769ae" testListId="8c84fa94-04c1-424b-9868-57a2d4851a1d" />
    <TestEntry testId="bd525819-d0e0-163c-ef0b-ee14eb07f38c" executionId="ee575a70-d464-4f1b-947c-7965a1dbc27d" testListId="8c84fa94-04c1-424b-9868-57a2d4851a1d" />
    <TestEntry testId="628632dc-14a8-67f8-6ec8-cd851ba65212" executionId="18340661-2cee-46c1-8369-24e042bee1fe" testListId="8c84fa94-04c1-424b-9868-57a2d4851a1d" />
    <TestEntry testId="4839d339-5e71-3434-0afd-67a6b7b1e036" executionId="91652422-7310-417f-8b08-e57c817c44be" testListId="8c84fa94-04c1-424b-9868-57a2d4851a1d" />
    <TestEntry testId="ffdb4695-667e-dd10-549e-ca3d318866c4" executionId="99c0b5eb-437f-4266-9db8-00ceb618e1cf" testListId="8c84fa94-04c1-424b-9868-57a2d4851a1d" />
    <TestEntry testId="f94b9858-af5f-5769-3a8b-398c9b0b4478" executionId="2baa171b-59d6-4427-bad9-5e42fdc8cee6" testListId="8c84fa94-04c1-424b-9868-57a2d4851a1d" />
    <TestEntry testId="22fb6488-4e17-7246-9bba-eb7331638ea4" executionId="19a49487-e8b8-4d28-914f-e8322142ef0b" testListId="8c84fa94-04c1-424b-9868-57a2d4851a1d" />
    <TestEntry testId="034cb968-1bbc-2a0a-9d7d-a0af59680564" executionId="00e34780-0331-4dac-8daa-18c2acba0990" testListId="8c84fa94-04c1-424b-9868-57a2d4851a1d" />
    <TestEntry testId="5e863a04-2f1d-691e-a9dc-a4e1b154660d" executionId="d096eae5-087a-467c-821b-83ae7048708d" testListId="8c84fa94-04c1-424b-9868-57a2d4851a1d" />
    <TestEntry testId="dcca3c4a-4d5b-4814-e0a5-e44d018476b2" executionId="ac7b9448-7fe6-47c0-b526-1a0bf40ac17d" testListId="8c84fa94-04c1-424b-9868-57a2d4851a1d" />
    <TestEntry testId="fb3e120a-0549-92c5-8757-f1b18f0c8dad" executionId="23ea1cca-b586-4a52-96f2-5e8caab8b684" testListId="8c84fa94-04c1-424b-9868-57a2d4851a1d" />
    <TestEntry testId="9bbae2c8-e27e-d82f-411b-63cf381b699f" executionId="8922eea5-e22d-489f-bb93-5bd3405c9922" testListId="8c84fa94-04c1-424b-9868-57a2d4851a1d" />
    <TestEntry testId="7ecdaa04-80a9-8a28-648b-fdeb48a2186d" executionId="ccb09594-0935-4160-8626-810df14a20b9" testListId="8c84fa94-04c1-424b-9868-57a2d4851a1d" />
    <TestEntry testId="3125acd5-3d68-5084-a6d1-b90ea83d13e6" executionId="bb754c70-7388-4fd4-b4fd-9d3eabd607ae" testListId="8c84fa94-04c1-424b-9868-57a2d4851a1d" />
    <TestEntry testId="33482fef-758b-1261-3338-25b0735acc2c" executionId="2b4180d5-0f91-4ef2-b81a-bca8590aa8d2" testListId="8c84fa94-04c1-424b-9868-57a2d4851a1d" />
    <TestEntry testId="f98e6c38-f08f-2d80-34cd-9cb6261351d7" executionId="0db80d06-f5d0-4f9f-9d04-3f30b9a76308" testListId="8c84fa94-04c1-424b-9868-57a2d4851a1d" />
    <TestEntry testId="59322b24-fed2-1448-d0b4-50356cfcbb98" executionId="3218507d-8a57-4bfa-8d4a-d6fd9f2e5a5a" testListId="8c84fa94-04c1-424b-9868-57a2d4851a1d" />
    <TestEntry testId="689961f3-b549-c9f7-fc0a-74afd1b1e274" executionId="8824ce82-ea15-44cf-8dd6-fe1e3471dc4d" testListId="8c84fa94-04c1-424b-9868-57a2d4851a1d" />
    <TestEntry testId="64ef643a-95e0-b1de-5aee-37e849e90430" executionId="425f1c16-6941-4e43-a886-b63ee7e247b7" testListId="8c84fa94-04c1-424b-9868-57a2d4851a1d" />
    <TestEntry testId="f4c8b637-ea9c-8efa-a91b-fbb27555fab4" executionId="0459bc7b-faad-4194-be74-dba79b931900" testListId="8c84fa94-04c1-424b-9868-57a2d4851a1d" />
    <TestEntry testId="46a22037-07ac-0ccf-02e3-fd7145e502cd" executionId="3cdaafab-061f-463d-a5e2-f4ad2ec3aa40" testListId="8c84fa94-04c1-424b-9868-57a2d4851a1d" />
    <TestEntry testId="9d752e3a-962f-b4d2-f688-e9e19ffd27bf" executionId="9aa7fab3-cd83-46bb-b65b-089b5ed856af" testListId="8c84fa94-04c1-424b-9868-57a2d4851a1d" />
    <TestEntry testId="b4976dbf-056c-73f6-1b78-f13c2b1d127b" executionId="8174221e-f12b-4946-ba35-b09de5ec3fc0" testListId="8c84fa94-04c1-424b-9868-57a2d4851a1d" />
    <TestEntry testId="d4ac55cd-7290-4fbf-9991-5ab16bc1fda2" executionId="cc30bda5-c3a8-4e3c-bb22-84950a600b9d" testListId="8c84fa94-04c1-424b-9868-57a2d4851a1d" />
    <TestEntry testId="197972f7-6197-faf7-a2b7-9fae8c675127" executionId="b10d260e-2582-4c86-aabe-b1d8b0cb9b0c" testListId="8c84fa94-04c1-424b-9868-57a2d4851a1d" />
    <TestEntry testId="fd75eb10-5261-cc1e-b982-ae741a061d34" executionId="9f3ad94f-1d88-4662-a5ba-67ec3097afbb" testListId="8c84fa94-04c1-424b-9868-57a2d4851a1d" />
    <TestEntry testId="9ea0817e-195f-4525-9215-e116df1a5f63" executionId="122a51fd-2b41-45a2-9284-328f29018f9f" testListId="8c84fa94-04c1-424b-9868-57a2d4851a1d" />
    <TestEntry testId="4ed072d2-7529-fe73-ad46-07bd95268187" executionId="ffb012cb-bfa4-42e1-8ad3-26c3f868e123" testListId="8c84fa94-04c1-424b-9868-57a2d4851a1d" />
    <TestEntry testId="9c621c1d-9ca4-65c3-87bb-d06273555fe6" executionId="9758352f-ba85-435a-8287-3b1dfd25ba04" testListId="8c84fa94-04c1-424b-9868-57a2d4851a1d" />
    <TestEntry testId="8900ceac-b7b6-1032-98bc-f3e21d0abb21" executionId="c6393158-fed4-44ab-b05e-e8fe01ccd6d7" testListId="8c84fa94-04c1-424b-9868-57a2d4851a1d" />
    <TestEntry testId="005829d6-859e-9315-7aa3-e62df14cfd2f" executionId="b1464cda-900c-497e-a91e-cd23ebe8bcae" testListId="8c84fa94-04c1-424b-9868-57a2d4851a1d" />
    <TestEntry testId="7d98f31d-f1f6-0621-aa93-72560fa182b3" executionId="10c91cdf-6fc3-4f0d-a1ba-8ba16903a474" testListId="8c84fa94-04c1-424b-9868-57a2d4851a1d" />
    <TestEntry testId="b7b09a89-f922-b298-bb69-6134762504c7" executionId="342bde53-af39-4a0e-9164-759bb377a8f7" testListId="8c84fa94-04c1-424b-9868-57a2d4851a1d" />
    <TestEntry testId="05d65582-adf5-1549-bdb6-f0e47270afd3" executionId="77875b2d-e297-4834-9af2-e944ab1233f4" testListId="8c84fa94-04c1-424b-9868-57a2d4851a1d" />
    <TestEntry testId="2622fed3-4e63-071a-2d6d-7db13abf1a89" executionId="63a53125-e1b3-47c5-81d0-47de8419abfe" testListId="8c84fa94-04c1-424b-9868-57a2d4851a1d" />
    <TestEntry testId="a5cecf0f-42c5-3103-c37e-7de0c32f1d40" executionId="bc339c85-25ab-48b6-a1bb-e4187400d8a4" testListId="8c84fa94-04c1-424b-9868-57a2d4851a1d" />
    <TestEntry testId="18c1f855-99f0-d7c9-3814-1b9500d79abb" executionId="c9e7bb53-e38a-4d47-a0e1-9cf051ec08ad" testListId="8c84fa94-04c1-424b-9868-57a2d4851a1d" />
    <TestEntry testId="b899b54b-1fed-9cb3-745e-fba087b88573" executionId="c5f553cd-7fc6-4c06-a9d3-7562c2502b98" testListId="8c84fa94-04c1-424b-9868-57a2d4851a1d" />
    <TestEntry testId="56379117-1d4e-106a-e150-22beb95db5f6" executionId="c2c6d7c4-a6fa-46f3-ad7a-2966726a05a7" testListId="8c84fa94-04c1-424b-9868-57a2d4851a1d" />
    <TestEntry testId="bedd4628-a316-a455-e74b-113d5ac3b3c8" executionId="f402ff60-d619-435b-ac67-c34836980681" testListId="8c84fa94-04c1-424b-9868-57a2d4851a1d" />
    <TestEntry testId="c9eef1b9-2601-24e4-e66c-677a0f68bfe9" executionId="1eb49513-9319-4eb6-bb6c-60223511f5f3" testListId="8c84fa94-04c1-424b-9868-57a2d4851a1d" />
    <TestEntry testId="dafe7a1e-3bd2-12cf-e3a7-a7dc8926d90c" executionId="2302900b-b889-4c42-8a47-71995f62d8f1" testListId="8c84fa94-04c1-424b-9868-57a2d4851a1d" />
    <TestEntry testId="db17ca7a-fdcd-e135-ff66-0041667888a6" executionId="850cd88b-9fe6-4899-8571-11dab5bbb8c8" testListId="8c84fa94-04c1-424b-9868-57a2d4851a1d" />
    <TestEntry testId="1f0d839d-2acf-5f06-e2ce-d9eadfcf6b39" executionId="3691e4b6-5415-4fab-8d03-77d0094e28af" testListId="8c84fa94-04c1-424b-9868-57a2d4851a1d" />
    <TestEntry testId="5ba4e3e7-6993-ed4b-8ced-e1d13c26b064" executionId="252f2f3d-763a-4710-a320-99f596ab6e88" testListId="8c84fa94-04c1-424b-9868-57a2d4851a1d" />
    <TestEntry testId="73015d04-f4f5-eb53-f909-b8aae7bb4119" executionId="0de4d63d-d6c0-4e0f-89a4-49fca6cd9c72" testListId="8c84fa94-04c1-424b-9868-57a2d4851a1d" />
    <TestEntry testId="558b53c6-969d-e366-d6b8-7fcc271542df" executionId="b4764305-1b77-47e1-8eaa-d0c9efffafea" testListId="8c84fa94-04c1-424b-9868-57a2d4851a1d" />
    <TestEntry testId="325ca6ba-2af3-98aa-0d43-981348e2650a" executionId="d6eccc44-1874-4e76-a651-7fd7a13fe3aa" testListId="8c84fa94-04c1-424b-9868-57a2d4851a1d" />
    <TestEntry testId="e8e33e12-931b-128d-146d-566c8d61cfb2" executionId="9acbcde6-30dd-4be5-afde-85c4708f8820" testListId="8c84fa94-04c1-424b-9868-57a2d4851a1d" />
    <TestEntry testId="09b9970f-5bc4-c7f2-6dce-33edfb74fb47" executionId="c1f319e9-a319-441e-8555-c506cd7a28e8" testListId="8c84fa94-04c1-424b-9868-57a2d4851a1d" />
    <TestEntry testId="d2ade540-1f1e-eb2f-4190-f97efcbbd597" executionId="3be08a5e-1bc6-4874-9f55-744a0df02776" testListId="8c84fa94-04c1-424b-9868-57a2d4851a1d" />
    <TestEntry testId="b1efd2e8-a10f-c78f-81ed-4637c3ceca04" executionId="cb09b462-e459-485c-bc2b-09eb1bfcb7ce" testListId="8c84fa94-04c1-424b-9868-57a2d4851a1d" />
    <TestEntry testId="54bf5bb6-83d7-dbc0-fbb6-c50b912aca0c" executionId="4c087e70-6a7b-48c0-9c7b-dd8545011149" testListId="8c84fa94-04c1-424b-9868-57a2d4851a1d" />
    <TestEntry testId="f6b94837-b11e-b7fc-3b07-45030b7ef6b9" executionId="6a7c9ede-b806-4bcb-953b-bfb4487e672f" testListId="8c84fa94-04c1-424b-9868-57a2d4851a1d" />
    <TestEntry testId="58f47b40-1f4e-dda1-7e49-4571a6d9b259" executionId="92e19f4a-3eb7-4db9-aa52-93921df4c937" testListId="8c84fa94-04c1-424b-9868-57a2d4851a1d" />
    <TestEntry testId="d4181de0-82b5-2bf4-4e2d-51f91ba36e4c" executionId="039f2d30-a262-4e25-82fc-512fd4829873" testListId="8c84fa94-04c1-424b-9868-57a2d4851a1d" />
    <TestEntry testId="989c4479-fd4d-be06-81f5-831578a55a59" executionId="bed84b72-993d-4484-b0a5-f0e6cc5d7780" testListId="8c84fa94-04c1-424b-9868-57a2d4851a1d" />
    <TestEntry testId="649a4875-a4da-c184-4703-192cbc79d530" executionId="5ca9f3d5-f19d-4360-b35d-56fadc8093d7" testListId="8c84fa94-04c1-424b-9868-57a2d4851a1d" />
    <TestEntry testId="b9482e51-690d-61ad-be55-288bbe5f6ac4" executionId="a1d63f77-21cc-48e0-bbbd-0f40c4d1699a" testListId="8c84fa94-04c1-424b-9868-57a2d4851a1d" />
    <TestEntry testId="2d3cec0c-59b8-0bcd-556a-64d52e28cae3" executionId="b8615e56-8fe6-4dc5-8958-59deda2b0faa" testListId="8c84fa94-04c1-424b-9868-57a2d4851a1d" />
    <TestEntry testId="898e8b86-4e2c-3020-5dd7-7d7a30385240" executionId="69a2bdcf-5548-44ed-9ae7-402aa6a0e798" testListId="8c84fa94-04c1-424b-9868-57a2d4851a1d" />
    <TestEntry testId="6c13f9eb-f3d4-48aa-c88b-6e9674447ef3" executionId="200a87b0-ca69-4e47-bf6b-09cb8459ccdb" testListId="8c84fa94-04c1-424b-9868-57a2d4851a1d" />
    <TestEntry testId="f5f11ea3-767f-521f-25a8-5a047603f97f" executionId="e1d12edf-04ba-4e0b-8a94-0f0adc0be899" testListId="8c84fa94-04c1-424b-9868-57a2d4851a1d" />
    <TestEntry testId="c9550b69-9fd2-3fcf-2931-2e40d497d81d" executionId="59ae2127-ea73-46fc-b8af-8cf4ae94466d" testListId="8c84fa94-04c1-424b-9868-57a2d4851a1d" />
    <TestEntry testId="f2c8f66f-5b37-9645-e49a-a041d148b602" executionId="6cbd67c0-3f3f-4097-a4c0-7bb9381f291c" testListId="8c84fa94-04c1-424b-9868-57a2d4851a1d" />
    <TestEntry testId="4b659aa5-2064-7295-f3dc-47eac73b7ede" executionId="544205b3-81d0-44f1-ada6-ee650922395d" testListId="8c84fa94-04c1-424b-9868-57a2d4851a1d" />
    <TestEntry testId="6043af01-0728-5b9e-9c02-bbb4296a7b49" executionId="a3c58ac9-aecb-4782-8d97-42306fbb3da9" testListId="8c84fa94-04c1-424b-9868-57a2d4851a1d" />
    <TestEntry testId="90898cf9-5c8b-6602-513e-7e28414b36ab" executionId="9a8b26bc-61f3-46c9-827d-8a8522abeeec" testListId="8c84fa94-04c1-424b-9868-57a2d4851a1d" />
    <TestEntry testId="cdb353a5-fbfe-08cc-ac19-32e4bc7ee0af" executionId="5be4bf51-b27d-4085-9d18-abc8bf266013" testListId="8c84fa94-04c1-424b-9868-57a2d4851a1d" />
    <TestEntry testId="8a3cfb9c-5e17-9d45-b2bc-1a740a423650" executionId="d4676653-6820-4f54-836b-ebcecb9c7047" testListId="8c84fa94-04c1-424b-9868-57a2d4851a1d" />
    <TestEntry testId="c283c84e-12fb-1c79-3140-e564f9560517" executionId="47b7aa66-b25d-49fe-bce4-100d46699dcc" testListId="8c84fa94-04c1-424b-9868-57a2d4851a1d" />
    <TestEntry testId="708e0fda-e1a5-7f8b-3069-c1364aee94b5" executionId="5349819e-6e4c-4d9f-ad53-31acb3823a8b" testListId="8c84fa94-04c1-424b-9868-57a2d4851a1d" />
    <TestEntry testId="5e1118ed-9b53-f770-8503-6b91f9e32547" executionId="ee454e26-05ae-49da-b278-457ff9739221" testListId="8c84fa94-04c1-424b-9868-57a2d4851a1d" />
    <TestEntry testId="6cf57c02-d527-684a-9612-4d68bc5f29f6" executionId="e900ea77-74df-4128-b9ee-c7d1dbfa665b" testListId="8c84fa94-04c1-424b-9868-57a2d4851a1d" />
    <TestEntry testId="89133348-f31e-9131-8497-14e1440854d8" executionId="ef936a60-7095-4bf7-81c1-d8782ec377ce" testListId="8c84fa94-04c1-424b-9868-57a2d4851a1d" />
    <TestEntry testId="da7f9d67-6583-5b93-3103-caab5031e2e0" executionId="20af75dd-25ee-4399-b9b0-f42e4ed49f8a" testListId="8c84fa94-04c1-424b-9868-57a2d4851a1d" />
    <TestEntry testId="b6442f0f-5bfd-8c1c-ad13-f1d69b3a8a06" executionId="e4c8cf90-0d3a-4a21-868b-54be8b3bb370" testListId="8c84fa94-04c1-424b-9868-57a2d4851a1d" />
    <TestEntry testId="dec0744b-b5da-6a4d-ad0a-355a63963703" executionId="807fca86-a240-4bd0-a77e-cfea750214fb" testListId="8c84fa94-04c1-424b-9868-57a2d4851a1d" />
    <TestEntry testId="aec32abe-a9a4-ee33-7558-1c7c2a3fabec" executionId="0279847d-5033-4164-8ec8-7f0e43a8a165" testListId="8c84fa94-04c1-424b-9868-57a2d4851a1d" />
    <TestEntry testId="129b002c-1fd8-a858-11b5-efb8011f1c66" executionId="d295a208-cad7-4ac6-bc01-7b26de01ee67" testListId="8c84fa94-04c1-424b-9868-57a2d4851a1d" />
    <TestEntry testId="3d0b3fd5-ed3e-b00a-e692-69db01d97037" executionId="6f9aafc8-e23e-4ae5-9073-21f1fd776da5" testListId="8c84fa94-04c1-424b-9868-57a2d4851a1d" />
    <TestEntry testId="cf3b5912-6ae6-e0a1-b350-a9a883f44204" executionId="27ea464e-905f-48df-ad90-5cee2b82c37b" testListId="8c84fa94-04c1-424b-9868-57a2d4851a1d" />
    <TestEntry testId="ed293079-60d8-dd36-58ca-ab1711252e1b" executionId="79698a78-002a-4055-9862-2222aa765ff8" testListId="8c84fa94-04c1-424b-9868-57a2d4851a1d" />
    <TestEntry testId="b1cacb72-0763-fed2-dae6-92a0ddd885e0" executionId="e08089e2-7000-4bf5-91f1-82c972bb106d" testListId="8c84fa94-04c1-424b-9868-57a2d4851a1d" />
    <TestEntry testId="b48545f1-36d0-2752-215f-8475388c03a6" executionId="990c8688-0cf3-4b1e-bac2-9010f23b9d3c" testListId="8c84fa94-04c1-424b-9868-57a2d4851a1d" />
    <TestEntry testId="01e1d85e-511b-f54c-a1a1-900d1b604f70" executionId="c367bf23-b38c-4324-b6e4-4259f21e1822" testListId="8c84fa94-04c1-424b-9868-57a2d4851a1d" />
    <TestEntry testId="020bc553-c880-41f6-e7a5-5598075d4e67" executionId="8e608aaa-9d63-4060-9413-195e66cfd84f" testListId="8c84fa94-04c1-424b-9868-57a2d4851a1d" />
    <TestEntry testId="5549ceba-3e9a-6148-26c8-8ad403ffbfa1" executionId="ffecaa4b-d218-47c3-b6b2-30fd2338696d" testListId="8c84fa94-04c1-424b-9868-57a2d4851a1d" />
    <TestEntry testId="12e63596-1c4e-b553-8314-65281f6114b3" executionId="54cf414a-9027-4509-acc5-6af680be2e9f" testListId="8c84fa94-04c1-424b-9868-57a2d4851a1d" />
    <TestEntry testId="ad975496-37d7-dfa8-72c5-ed19caf4b8d6" executionId="1acf87ba-86ea-4dfd-98e3-6669a387e8b2" testListId="8c84fa94-04c1-424b-9868-57a2d4851a1d" />
    <TestEntry testId="40d1b41f-84e9-0b2b-3898-954b6294bb34" executionId="d68f9d3c-202d-4263-b795-ab8229ff645a" testListId="8c84fa94-04c1-424b-9868-57a2d4851a1d" />
    <TestEntry testId="c281314e-828d-e156-cbd7-96cd2b327ed0" executionId="4b98f5eb-445b-4de6-b4ef-907d32240c0d" testListId="8c84fa94-04c1-424b-9868-57a2d4851a1d" />
    <TestEntry testId="84067fc2-a576-9ac6-6f3c-59ca7fae01b3" executionId="52c737da-ade3-4941-a663-827ef5244b2a" testListId="8c84fa94-04c1-424b-9868-57a2d4851a1d" />
    <TestEntry testId="3b8989d4-9468-d4f5-4fa5-0c83cef3e6e3" executionId="34968005-12df-4c83-9208-ae4b883db8ea" testListId="8c84fa94-04c1-424b-9868-57a2d4851a1d" />
    <TestEntry testId="8b767757-2d46-6db2-6c72-a25020070dc1" executionId="950abd20-87e2-4769-8298-51171a1aab8f" testListId="8c84fa94-04c1-424b-9868-57a2d4851a1d" />
    <TestEntry testId="f1a715f9-9cf1-9e64-a4be-97f94a04714c" executionId="e9f0421f-e081-4e8b-96df-a36ea676e7cc" testListId="8c84fa94-04c1-424b-9868-57a2d4851a1d" />
    <TestEntry testId="98edb5da-2506-8b04-eeed-1852ef2aaf00" executionId="c6ff5cf2-7edc-4c2a-ad06-3aa334fe99da" testListId="8c84fa94-04c1-424b-9868-57a2d4851a1d" />
    <TestEntry testId="070484d8-b78f-e4c9-05d6-cba7187facb9" executionId="ef5c25e9-d735-4134-8e71-b9bbf04731ee" testListId="8c84fa94-04c1-424b-9868-57a2d4851a1d" />
    <TestEntry testId="3a5598f0-2f6a-ab8e-56e4-280c59becd55" executionId="9801e595-07e4-4aad-9f28-c8a02cc2b2ad" testListId="8c84fa94-04c1-424b-9868-57a2d4851a1d" />
    <TestEntry testId="4981dea8-f169-664c-472f-78db2ae78861" executionId="22174c33-b50c-42d6-ab96-875855e82e70" testListId="8c84fa94-04c1-424b-9868-57a2d4851a1d" />
    <TestEntry testId="a64ca845-c01a-2574-9dc9-d481b1eb66ae" executionId="a66ab07c-39a2-41e8-b10e-0bc21aa94e33" testListId="8c84fa94-04c1-424b-9868-57a2d4851a1d" />
    <TestEntry testId="a39074e8-1a57-e5e3-5130-43a61b6aac16" executionId="e59f6c7f-a244-42b7-b2cf-cc0858dad99b" testListId="8c84fa94-04c1-424b-9868-57a2d4851a1d" />
    <TestEntry testId="0c39fefa-5032-d364-0d53-99bb085e0982" executionId="f4dd143a-2ee8-4072-b706-53e7d3983f33" testListId="8c84fa94-04c1-424b-9868-57a2d4851a1d" />
    <TestEntry testId="072141a6-213d-f7c1-ad94-78892f83b7a0" executionId="b001e425-2636-4357-bdd6-60738f501a2d" testListId="8c84fa94-04c1-424b-9868-57a2d4851a1d" />
    <TestEntry testId="cb78d65f-db30-1067-6355-33912c9c98b3" executionId="25889879-821a-4ce7-a259-b9a6afda2763" testListId="8c84fa94-04c1-424b-9868-57a2d4851a1d" />
    <TestEntry testId="8e7b2879-f716-116d-99dc-23f8e18ae182" executionId="ad193f47-e366-4022-8dda-cd049461c5bc" testListId="8c84fa94-04c1-424b-9868-57a2d4851a1d" />
    <TestEntry testId="d6be978c-e15f-fa6c-2dca-55f439cdf674" executionId="c3a02944-cb02-4219-a3f0-26fa8ead2698" testListId="8c84fa94-04c1-424b-9868-57a2d4851a1d" />
    <TestEntry testId="31f39857-46fe-cad3-eea6-de16b677be95" executionId="87d6276d-0715-4d8c-a7ed-e4a4b8d92091" testListId="8c84fa94-04c1-424b-9868-57a2d4851a1d" />
    <TestEntry testId="af7199b0-e83f-767d-57c7-bef2cae34aa3" executionId="e9a14707-3a72-4950-b8e1-7693761a95c3" testListId="8c84fa94-04c1-424b-9868-57a2d4851a1d" />
    <TestEntry testId="74218563-c78e-d800-7101-79460a2a54a4" executionId="df6afbde-e299-46e2-b902-2c2e5ab0a3c0" testListId="8c84fa94-04c1-424b-9868-57a2d4851a1d" />
    <TestEntry testId="2ead5f87-4f49-9731-8b7d-274f7728f6ce" executionId="e47aaac8-f621-46a7-971a-d286ce5dd0aa" testListId="8c84fa94-04c1-424b-9868-57a2d4851a1d" />
    <TestEntry testId="f4345ccc-f7f8-a9d0-d85f-f34d1eaed95e" executionId="c002dd81-63dc-453c-b92b-79457ba7d65b" testListId="8c84fa94-04c1-424b-9868-57a2d4851a1d" />
    <TestEntry testId="1889f775-0977-2f85-bcf9-6dc4aeb0834c" executionId="b5155ebc-7eac-4ba3-aaf5-45920c4a8d53" testListId="8c84fa94-04c1-424b-9868-57a2d4851a1d" />
    <TestEntry testId="e4425b0f-0cb4-e465-5faf-5fa77fa81a46" executionId="21f8f6d5-a670-4c60-9d23-50194016586c" testListId="8c84fa94-04c1-424b-9868-57a2d4851a1d" />
    <TestEntry testId="17c89217-fc60-adea-d5e7-d8f5759cacf3" executionId="e88ae4ff-7df7-4d28-9841-b2abde5706ef" testListId="8c84fa94-04c1-424b-9868-57a2d4851a1d" />
    <TestEntry testId="557ea181-0881-47c7-90a7-baa142d9c0b1" executionId="b53512b0-4283-4aa0-a0ff-8abefe4216e7" testListId="8c84fa94-04c1-424b-9868-57a2d4851a1d" />
    <TestEntry testId="72153cfe-4389-9773-f6fd-6685bb51f896" executionId="24cc839d-6d14-4920-88a5-f4ae07577036" testListId="8c84fa94-04c1-424b-9868-57a2d4851a1d" />
    <TestEntry testId="77a8b315-06d4-5fac-05d9-90fcccdac88f" executionId="83e83331-dae1-420b-a7fc-1e722dcab856" testListId="8c84fa94-04c1-424b-9868-57a2d4851a1d" />
    <TestEntry testId="276aeaf4-94bd-7cc4-0bfa-fd1b795b8f09" executionId="e2535018-c038-4e7a-819e-819dee3c2deb" testListId="8c84fa94-04c1-424b-9868-57a2d4851a1d" />
    <TestEntry testId="c9fb8199-30a5-e351-264b-e657ae13b916" executionId="09783af2-dfa9-4b81-b7fa-53c6eafbe783" testListId="8c84fa94-04c1-424b-9868-57a2d4851a1d" />
    <TestEntry testId="6d29da73-1392-f864-ac11-db455215ce75" executionId="4a40afca-c949-4094-9a1f-073ac8463740" testListId="8c84fa94-04c1-424b-9868-57a2d4851a1d" />
    <TestEntry testId="4f8f2480-799b-0be7-4437-c1ecf75fbaa1" executionId="09c905d3-4a4c-4c1f-8c74-7b8072b9b303" testListId="8c84fa94-04c1-424b-9868-57a2d4851a1d" />
    <TestEntry testId="1ae802a5-bb94-ae3c-980c-cf0121da8a4a" executionId="4f039c39-4c7d-4b8c-b506-6632219e3599" testListId="8c84fa94-04c1-424b-9868-57a2d4851a1d" />
    <TestEntry testId="978c0671-8eb9-8633-411e-8b65bb821d6c" executionId="53f9bf44-fb22-4de1-8929-bdad5ea03aa0" testListId="8c84fa94-04c1-424b-9868-57a2d4851a1d" />
    <TestEntry testId="31b640ce-2e58-2f38-568e-804147d116f8" executionId="60ed1659-4c0c-4d02-97a1-c692ec3a596d" testListId="8c84fa94-04c1-424b-9868-57a2d4851a1d" />
    <TestEntry testId="5e0522cb-aa6a-a547-6b61-65ded7b9398a" executionId="21d3aeb4-91fb-4c0b-b8fd-d88e3eaad6d0" testListId="8c84fa94-04c1-424b-9868-57a2d4851a1d" />
    <TestEntry testId="35ff0ac0-4840-970b-a280-9a148d7f7af4" executionId="52659147-a200-40af-a20d-b576d14461e3" testListId="8c84fa94-04c1-424b-9868-57a2d4851a1d" />
    <TestEntry testId="76d2cb65-6735-d8b0-b056-6bd2e46786ef" executionId="d06ebcb6-6abf-4bde-859f-ac024942dac8" testListId="8c84fa94-04c1-424b-9868-57a2d4851a1d" />
    <TestEntry testId="85ab3335-8bf0-ecfa-98f7-0db700370fe2" executionId="ba50c59b-3bee-4d1d-aa1c-d8cfea671c62" testListId="8c84fa94-04c1-424b-9868-57a2d4851a1d" />
    <TestEntry testId="f1502619-456c-8ace-3118-e479f255cb31" executionId="ee75fb37-851a-4c4c-9203-b108e22d364c" testListId="8c84fa94-04c1-424b-9868-57a2d4851a1d" />
    <TestEntry testId="f9b6fa3b-c686-0e22-5a5c-d78c0f5f065a" executionId="5aef1832-e087-43c6-ada3-e5f430ba1383" testListId="8c84fa94-04c1-424b-9868-57a2d4851a1d" />
    <TestEntry testId="efc90440-a3c1-87f7-fff9-787ea282e06e" executionId="a96c4407-581a-414b-bf43-d19ecc6ada30" testListId="8c84fa94-04c1-424b-9868-57a2d4851a1d" />
    <TestEntry testId="2d6867c6-934d-12ca-881f-8ca2af17d2e4" executionId="859fd074-b947-45de-97ed-9f2919f087a7" testListId="8c84fa94-04c1-424b-9868-57a2d4851a1d" />
    <TestEntry testId="e7f23f39-7057-048c-f8c3-7322c51edfe0" executionId="5c1c1cf3-c896-4066-837b-c899ce1688da" testListId="8c84fa94-04c1-424b-9868-57a2d4851a1d" />
    <TestEntry testId="2a82fa15-d608-6e25-a9ff-4f118775d58a" executionId="0c03e4b1-adfa-4feb-9900-e40ed09ad426" testListId="8c84fa94-04c1-424b-9868-57a2d4851a1d" />
    <TestEntry testId="e3792867-8253-4fa3-d7e9-04dbc55b7bd0" executionId="2dcd99eb-ef2e-4aec-a728-dfd9d7be769e" testListId="8c84fa94-04c1-424b-9868-57a2d4851a1d" />
    <TestEntry testId="62090d81-bf34-b23d-be59-e474692bb2bb" executionId="e73e0221-026c-4505-b025-257222dbaa17" testListId="8c84fa94-04c1-424b-9868-57a2d4851a1d" />
    <TestEntry testId="4a2195e8-be6f-2084-7664-243a4cb97e3b" executionId="f67b67e3-dfe0-45a4-8e79-e8049e356b68" testListId="8c84fa94-04c1-424b-9868-57a2d4851a1d" />
    <TestEntry testId="01079ac0-f339-2360-8171-8d0e80010056" executionId="92e13a6b-3225-4945-a424-86a270ee269e" testListId="8c84fa94-04c1-424b-9868-57a2d4851a1d" />
    <TestEntry testId="61071a05-3bb9-84f7-1063-093a7badabca" executionId="7a7cf61f-a5dc-40e3-9ff2-8a351712bdee" testListId="8c84fa94-04c1-424b-9868-57a2d4851a1d" />
    <TestEntry testId="c402f9ec-8f13-951f-df43-c12680e572ae" executionId="d97b4b72-9947-4870-9380-ece80b15661f" testListId="8c84fa94-04c1-424b-9868-57a2d4851a1d" />
    <TestEntry testId="623f0bb4-6cd6-0db1-bf8f-7a93fb8b942e" executionId="fa72c751-d1a5-4c5e-81a9-44ef68038046" testListId="8c84fa94-04c1-424b-9868-57a2d4851a1d" />
    <TestEntry testId="30e04109-c65f-2193-e674-b29f22492ca5" executionId="dd8f6a50-75f6-4514-8b3e-5fd3a6123f15" testListId="8c84fa94-04c1-424b-9868-57a2d4851a1d" />
    <TestEntry testId="80cf12b5-407d-385e-fa57-ce82569f7e4e" executionId="0efc276a-c5b1-4651-86d9-00101517f204" testListId="8c84fa94-04c1-424b-9868-57a2d4851a1d" />
    <TestEntry testId="4e5788c1-ada8-e773-ce47-116c6628d2aa" executionId="2d4b7bac-7625-4288-bee0-94b0ee5bc3a9" testListId="8c84fa94-04c1-424b-9868-57a2d4851a1d" />
    <TestEntry testId="59555551-2870-ef13-6be7-cabc129b6b60" executionId="a06aab3d-70ba-4ce9-925d-1861c26fd1c0" testListId="8c84fa94-04c1-424b-9868-57a2d4851a1d" />
    <TestEntry testId="cd30a197-746f-89fa-f26c-aad357b6347f" executionId="5065765c-2d9e-41e8-88fc-2b4db7dede27" testListId="8c84fa94-04c1-424b-9868-57a2d4851a1d" />
    <TestEntry testId="7ff00668-a1d1-598b-ea2d-b4d066dc2a94" executionId="46d7fa65-c96a-4fd8-83aa-95f15f4662b7" testListId="8c84fa94-04c1-424b-9868-57a2d4851a1d" />
    <TestEntry testId="6d564f94-5eaa-e990-ac62-ae2a50bad2a5" executionId="be4c663e-df08-4b5f-8ff8-ccc22e27a32a" testListId="8c84fa94-04c1-424b-9868-57a2d4851a1d" />
    <TestEntry testId="a5b7c6bb-ac35-2bcc-b00a-fa06ab788ad9" executionId="21cb399b-7a01-4c25-b59f-5ff1cedbf107" testListId="8c84fa94-04c1-424b-9868-57a2d4851a1d" />
    <TestEntry testId="e12fb60a-f115-e1f0-522a-512140600c5d" executionId="034e1087-4055-4d1d-a629-3b73d54076bd" testListId="8c84fa94-04c1-424b-9868-57a2d4851a1d" />
    <TestEntry testId="9f249bfa-9307-bb63-1468-401f06cff04f" executionId="612da4f5-3a22-4f12-9a86-68c979c2a19a" testListId="8c84fa94-04c1-424b-9868-57a2d4851a1d" />
    <TestEntry testId="40c80f36-2521-e262-e128-84747b64c92c" executionId="6b883f15-88cc-4fad-9af9-46f3882ef4fd" testListId="8c84fa94-04c1-424b-9868-57a2d4851a1d" />
    <TestEntry testId="e3b4f7d1-fd34-7000-16fb-2198b034047c" executionId="0a531411-25de-43da-b0cb-891e3ac539a3" testListId="8c84fa94-04c1-424b-9868-57a2d4851a1d" />
    <TestEntry testId="55a6d228-78a5-d622-034e-b73abe2c7a6d" executionId="c43984d2-79f2-4c30-9dc0-8b285a4b4219" testListId="8c84fa94-04c1-424b-9868-57a2d4851a1d" />
    <TestEntry testId="47054227-bef7-8a81-5406-698a72b51579" executionId="1582e96d-0bcf-48b8-bb2a-95c2d025edfc" testListId="8c84fa94-04c1-424b-9868-57a2d4851a1d" />
    <TestEntry testId="a0f3f893-c4ef-ab53-8734-d2a1d7c9bd6f" executionId="027d8a6b-ed96-469f-b028-53da57277594" testListId="8c84fa94-04c1-424b-9868-57a2d4851a1d" />
    <TestEntry testId="cc5c40cc-583d-811b-ee50-c1611290992c" executionId="7f57075b-cbe1-48a4-8219-7d8dd7b0e595" testListId="8c84fa94-04c1-424b-9868-57a2d4851a1d" />
  </TestEntries>
  <Results>
    <UnitTestResult executionId="85688099-3f17-48ab-9e2e-5612af74f892" testId="bab2dab8-39f1-b478-4ef5-4dc0427dc7d9" testName="canMoveBlackBishipDiagonalUpRightNoObstructions" computerName="ITSSHAW" duration="00:00:00.0897979" startTime="2014-02-04T13:28:44.7566462+02:00" endTime="2014-02-04T13:28:44.9242307+02:00" testType="13cdc9d9-ddb5-4fa4-a97d-d965ccfc6d4b" outcome="Passed" testListId="8c84fa94-04c1-424b-9868-57a2d4851a1d" relativeResultsDirectory="85688099-3f17-48ab-9e2e-5612af74f892">
    </UnitTestResult>
    <UnitTestResult executionId="2af8fcf3-15f3-4fac-91cb-332d8c34b4d4" testId="b1d1289f-9e7e-87c4-873a-568aec1ab10b" testName="canMoveBlackBishopDiagonallyDownLeftNoObstructions" computerName="ITSSHAW" duration="00:00:00.0135330" startTime="2014-02-04T13:28:44.9262377+02:00" endTime="2014-02-04T13:28:44.9412902+02:00" testType="13cdc9d9-ddb5-4fa4-a97d-d965ccfc6d4b" outcome="Passed" testListId="8c84fa94-04c1-424b-9868-57a2d4851a1d" relativeResultsDirectory="2af8fcf3-15f3-4fac-91cb-332d8c34b4d4">
    </UnitTestResult>
    <UnitTestResult executionId="74437f32-6cd6-40ea-8fbb-074b150a0708" testId="cea9a2db-b9b4-5c44-cdae-ea8c559aa5ab" testName="canMoveBlackBishopDiagonallyDownRightNoObstructions" computerName="ITSSHAW" duration="00:00:00.0208484" startTime="2014-02-04T13:28:44.9422937+02:00" endTime="2014-02-04T13:28:44.9633672+02:00" testType="13cdc9d9-ddb5-4fa4-a97d-d965ccfc6d4b" outcome="Passed" testListId="8c84fa94-04c1-424b-9868-57a2d4851a1d" relativeResultsDirectory="74437f32-6cd6-40ea-8fbb-074b150a0708">
    </UnitTestResult>
    <UnitTestResult executionId="ac4d4a7a-a4c4-42c9-a27a-1b80bf54bee7" testId="f758d7bc-486f-01b2-cb64-d4b549c6a040" testName="canMoveBlackBishopDiagonalUpLeftNoObstructions" computerName="ITSSHAW" duration="00:00:00.0095829" startTime="2014-02-04T13:28:44.9643707+02:00" endTime="2014-02-04T13:28:44.9744057+02:00" testType="13cdc9d9-ddb5-4fa4-a97d-d965ccfc6d4b" outcome="Passed" testListId="8c84fa94-04c1-424b-9868-57a2d4851a1d" relativeResultsDirectory="ac4d4a7a-a4c4-42c9-a27a-1b80bf54bee7">
    </UnitTestResult>
    <UnitTestResult executionId="a812eed3-209d-47d6-91c6-b1f992601beb" testId="cbde31ee-3d88-9411-c095-9535119853f5" testName="canMoveWhiteBishopDiagonallyDownLeftNoObstructions" computerName="ITSSHAW" duration="00:00:00.0098048" startTime="2014-02-04T13:28:44.9754092+02:00" endTime="2014-02-04T13:28:44.9864477+02:00" testType="13cdc9d9-ddb5-4fa4-a97d-d965ccfc6d4b" outcome="Passed" testListId="8c84fa94-04c1-424b-9868-57a2d4851a1d" relativeResultsDirectory="a812eed3-209d-47d6-91c6-b1f992601beb">
    </UnitTestResult>
    <UnitTestResult executionId="eec44d2a-d62d-4c1a-825c-531e36f8cff2" testId="7b64562e-3d29-ccc9-9a6a-4aaf39707ed4" testName="canMoveWhiteBishopDiagonallyDownRightNoObstructions" computerName="ITSSHAW" duration="00:00:00.0100840" startTime="2014-02-04T13:28:44.9874512+02:00" endTime="2014-02-04T13:28:44.9984897+02:00" testType="13cdc9d9-ddb5-4fa4-a97d-d965ccfc6d4b" outcome="Passed" testListId="8c84fa94-04c1-424b-9868-57a2d4851a1d" relativeResultsDirectory="eec44d2a-d62d-4c1a-825c-531e36f8cff2">
    </UnitTestResult>
    <UnitTestResult executionId="477d974b-fc87-4cb4-ad98-dcdaad20a82c" testId="87b4a0e4-779f-40d0-ae2d-3dbb1b295cb5" testName="canMoveWhiteBishopDiagonalUpLeftNoObstructions" computerName="ITSSHAW" duration="00:00:00.0096931" startTime="2014-02-04T13:28:44.9994932+02:00" endTime="2014-02-04T13:28:45.0095282+02:00" testType="13cdc9d9-ddb5-4fa4-a97d-d965ccfc6d4b" outcome="Passed" testListId="8c84fa94-04c1-424b-9868-57a2d4851a1d" relativeResultsDirectory="477d974b-fc87-4cb4-ad98-dcdaad20a82c">
    </UnitTestResult>
    <UnitTestResult executionId="ea6ff11d-c602-44d8-bbf3-ca54e17a3dee" testId="f27377be-1934-c9f6-8d07-ac7266d1d2f6" testName="canMoveWhiteBishopDiagonalUpRightNoObstructions" computerName="ITSSHAW" duration="00:00:00.0126313" startTime="2014-02-04T13:28:45.0105317+02:00" endTime="2014-02-04T13:28:45.0235772+02:00" testType="13cdc9d9-ddb5-4fa4-a97d-d965ccfc6d4b" outcome="Passed" testListId="8c84fa94-04c1-424b-9868-57a2d4851a1d" relativeResultsDirectory="ea6ff11d-c602-44d8-bbf3-ca54e17a3dee">
    </UnitTestResult>
    <UnitTestResult executionId="cc564634-e261-41dc-bf81-23a32bbea72e" testId="fd4c62da-b4fc-b947-da46-845314dd7c18" testName="cannotJumpOppositionDiagDownLeft" computerName="ITSSHAW" duration="00:00:00.0114523" startTime="2014-02-04T13:28:45.0255842+02:00" endTime="2014-02-04T13:28:45.0376262+02:00" testType="13cdc9d9-ddb5-4fa4-a97d-d965ccfc6d4b" outcome="Passed" testListId="8c84fa94-04c1-424b-9868-57a2d4851a1d" relativeResultsDirectory="cc564634-e261-41dc-bf81-23a32bbea72e">
    </UnitTestResult>
    <UnitTestResult executionId="fd190b12-61cc-4c9e-b1c8-e34ce38db897" testId="ee426e89-ab85-59c3-0fcf-e94b5b68ecd0" testName="cannotJumpOppositionDiagDownRight" computerName="ITSSHAW" duration="00:00:00.0035887" startTime="2014-02-04T13:28:45.0386297+02:00" endTime="2014-02-04T13:28:45.0426437+02:00" testType="13cdc9d9-ddb5-4fa4-a97d-d965ccfc6d4b" outcome="Passed" testListId="8c84fa94-04c1-424b-9868-57a2d4851a1d" relativeResultsDirectory="fd190b12-61cc-4c9e-b1c8-e34ce38db897">
    </UnitTestResult>
    <UnitTestResult executionId="c5c68fc6-ffc7-4409-937a-26fa96da1480" testId="a1f929ba-6b28-ee21-359e-cf5d46cf368a" testName="cannotJumpOppositionDiagUpLeft" computerName="ITSSHAW" duration="00:00:00.0033318" startTime="2014-02-04T13:28:45.0436472+02:00" endTime="2014-02-04T13:28:45.0476612+02:00" testType="13cdc9d9-ddb5-4fa4-a97d-d965ccfc6d4b" outcome="Passed" testListId="8c84fa94-04c1-424b-9868-57a2d4851a1d" relativeResultsDirectory="c5c68fc6-ffc7-4409-937a-26fa96da1480">
    </UnitTestResult>
    <UnitTestResult executionId="8d7de169-bafa-4a70-a658-030e388e18a7" testId="6569eff2-7f15-ccb7-f02b-db4adb59c7db" testName="cannotJumpOppositionDiagUpRight" computerName="ITSSHAW" duration="00:00:00.0031567" startTime="2014-02-04T13:28:45.0486647+02:00" endTime="2014-02-04T13:28:45.0526787+02:00" testType="13cdc9d9-ddb5-4fa4-a97d-d965ccfc6d4b" outcome="Passed" testListId="8c84fa94-04c1-424b-9868-57a2d4851a1d" relativeResultsDirectory="8d7de169-bafa-4a70-a658-030e388e18a7">
    </UnitTestResult>
    <UnitTestResult executionId="c16b6290-b637-46e9-ab63-ebf0b13c06fd" testId="11146e4e-bbf4-ec57-67f8-0efcf6651dcd" testName="cannotTakeOwnPieceDiagDownLeft" computerName="ITSSHAW" duration="00:00:00.0032503" startTime="2014-02-04T13:28:45.0536822+02:00" endTime="2014-02-04T13:28:45.0566927+02:00" testType="13cdc9d9-ddb5-4fa4-a97d-d965ccfc6d4b" outcome="Passed" testListId="8c84fa94-04c1-424b-9868-57a2d4851a1d" relativeResultsDirectory="c16b6290-b637-46e9-ab63-ebf0b13c06fd">
    </UnitTestResult>
    <UnitTestResult executionId="6725187c-c7e8-4ea2-9212-531c2c812af2" testId="f39b25bd-516f-7ee4-27f1-d563c9037b60" testName="cannotTakeOwnPieceDiagDownRight" computerName="ITSSHAW" duration="00:00:00.0033831" startTime="2014-02-04T13:28:45.0586997+02:00" endTime="2014-02-04T13:28:45.0617102+02:00" testType="13cdc9d9-ddb5-4fa4-a97d-d965ccfc6d4b" outcome="Passed" testListId="8c84fa94-04c1-424b-9868-57a2d4851a1d" relativeResultsDirectory="6725187c-c7e8-4ea2-9212-531c2c812af2">
    </UnitTestResult>
    <UnitTestResult executionId="bfb9b16c-663e-4d01-9702-187d1da106ce" testId="3562f988-caf6-e157-38af-47808bc40815" testName="cannotTakeOwnPieceDiagUpLeft" computerName="ITSSHAW" duration="00:00:00.0030722" startTime="2014-02-04T13:28:45.0627137+02:00" endTime="2014-02-04T13:28:45.0667277+02:00" testType="13cdc9d9-ddb5-4fa4-a97d-d965ccfc6d4b" outcome="Passed" testListId="8c84fa94-04c1-424b-9868-57a2d4851a1d" relativeResultsDirectory="bfb9b16c-663e-4d01-9702-187d1da106ce">
    </UnitTestResult>
    <UnitTestResult executionId="29714ccd-fb0b-4704-a81a-28778350935c" testId="f2547ccb-ac70-9f08-d6b9-a2ccdc08bacc" testName="cannotTakeOwnPieceDiagUpRight" computerName="ITSSHAW" duration="00:00:00.0029485" startTime="2014-02-04T13:28:45.0677312+02:00" endTime="2014-02-04T13:28:45.0707417+02:00" testType="13cdc9d9-ddb5-4fa4-a97d-d965ccfc6d4b" outcome="Passed" testListId="8c84fa94-04c1-424b-9868-57a2d4851a1d" relativeResultsDirectory="29714ccd-fb0b-4704-a81a-28778350935c">
    </UnitTestResult>
    <UnitTestResult executionId="aca076f4-4089-408f-9b73-9ab9a661c00c" testId="88f3539a-9e52-4e5f-3a8e-6ac8f70db456" testName="canTakePiece" computerName="ITSSHAW" duration="00:00:00.0027879" startTime="2014-02-04T13:28:45.0717452+02:00" endTime="2014-02-04T13:28:45.0757592+02:00" testType="13cdc9d9-ddb5-4fa4-a97d-d965ccfc6d4b" outcome="Passed" testListId="8c84fa94-04c1-424b-9868-57a2d4851a1d" relativeResultsDirectory="aca076f4-4089-408f-9b73-9ab9a661c00c">
    </UnitTestResult>
    <UnitTestResult executionId="0a159e4e-d41a-4ded-8c0b-839db46d26e3" testId="0135c415-d464-98bd-b8b3-bd9c939f3dde" testName="invalidMoveGivesCorrectPieceName" computerName="ITSSHAW" duration="00:00:00.0039376" startTime="2014-02-04T13:28:45.0767627+02:00" endTime="2014-02-04T13:28:45.0807767+02:00" testType="13cdc9d9-ddb5-4fa4-a97d-d965ccfc6d4b" outcome="Passed" testListId="8c84fa94-04c1-424b-9868-57a2d4851a1d" relativeResultsDirectory="0a159e4e-d41a-4ded-8c0b-839db46d26e3">
    </UnitTestResult>
    <UnitTestResult executionId="9c125561-3b8b-401e-9123-ca892483bd8f" testId="c32496c9-f92b-1aae-b786-6539abf523eb" testName="simulationReturnsCorrectNumberForQueen" computerName="ITSSHAW" duration="00:00:00.0186434" startTime="2014-02-04T13:28:45.0817802+02:00" endTime="2014-02-04T13:28:45.1008467+02:00" testType="13cdc9d9-ddb5-4fa4-a97d-d965ccfc6d4b" outcome="Passed" testListId="8c84fa94-04c1-424b-9868-57a2d4851a1d" relativeResultsDirectory="9c125561-3b8b-401e-9123-ca892483bd8f">
    </UnitTestResult>
    <UnitTestResult executionId="20aca19f-2ec6-41c7-9310-7e1642f769ae" testId="657ae5ac-0b8e-9b65-4471-d72d18e9d6eb" testName="simulationReturnsCorrectSimBoardsForQueen" computerName="ITSSHAW" duration="00:00:00.0135942" startTime="2014-02-04T13:28:45.1018502+02:00" endTime="2014-02-04T13:28:45.1169027+02:00" testType="13cdc9d9-ddb5-4fa4-a97d-d965ccfc6d4b" outcome="Passed" testListId="8c84fa94-04c1-424b-9868-57a2d4851a1d" relativeResultsDirectory="20aca19f-2ec6-41c7-9310-7e1642f769ae">
    </UnitTestResult>
    <UnitTestResult executionId="ee575a70-d464-4f1b-947c-7965a1dbc27d" testId="bd525819-d0e0-163c-ef0b-ee14eb07f38c" testName="simulationReturnsCorrectSimulationBoardsForPawnAtStart" computerName="ITSSHAW" duration="00:00:00.0094365" startTime="2014-02-04T13:28:45.1179062+02:00" endTime="2014-02-04T13:28:45.1279412+02:00" testType="13cdc9d9-ddb5-4fa4-a97d-d965ccfc6d4b" outcome="Passed" testListId="8c84fa94-04c1-424b-9868-57a2d4851a1d" relativeResultsDirectory="ee575a70-d464-4f1b-947c-7965a1dbc27d">
    </UnitTestResult>
    <UnitTestResult executionId="18340661-2cee-46c1-8369-24e042bee1fe" testId="628632dc-14a8-67f8-6ec8-cd851ba65212" testName="simulationReturnsEmptyListForNoPieces" computerName="ITSSHAW" duration="00:00:00.0002795" startTime="2014-02-04T13:28:45.1289447+02:00" endTime="2014-02-04T13:28:45.1299482+02:00" testType="13cdc9d9-ddb5-4fa4-a97d-d965ccfc6d4b" outcome="Passed" testListId="8c84fa94-04c1-424b-9868-57a2d4851a1d" relativeResultsDirectory="18340661-2cee-46c1-8369-24e042bee1fe">
    </UnitTestResult>
    <UnitTestResult executionId="91652422-7310-417f-8b08-e57c817c44be" testId="4839d339-5e71-3434-0afd-67a6b7b1e036" testName="simulationReturnsTwoBoardsForSinglePawnAtStart" computerName="ITSSHAW" duration="00:00:00.0015068" startTime="2014-02-04T13:28:45.1309517+02:00" endTime="2014-02-04T13:28:45.1329587+02:00" testType="13cdc9d9-ddb5-4fa4-a97d-d965ccfc6d4b" outcome="Passed" testListId="8c84fa94-04c1-424b-9868-57a2d4851a1d" relativeResultsDirectory="91652422-7310-417f-8b08-e57c817c44be">
    </UnitTestResult>
    <UnitTestResult executionId="99c0b5eb-437f-4266-9db8-00ceb618e1cf" testId="ffdb4695-667e-dd10-549e-ca3d318866c4" testName="kingInCheckMateWhenInCheckWithNoPossibleMoves" computerName="ITSSHAW" duration="00:00:00.0100076" startTime="2014-02-04T13:28:45.1339622+02:00" endTime="2014-02-04T13:28:45.1439972+02:00" testType="13cdc9d9-ddb5-4fa4-a97d-d965ccfc6d4b" outcome="Passed" testListId="8c84fa94-04c1-424b-9868-57a2d4851a1d" relativeResultsDirectory="99c0b5eb-437f-4266-9db8-00ceb618e1cf">
    </UnitTestResult>
    <UnitTestResult executionId="2baa171b-59d6-4427-bad9-5e42fdc8cee6" testId="f94b9858-af5f-5769-3a8b-398c9b0b4478" testName="kingNotInCheckMateByDefault" computerName="ITSSHAW" duration="00:00:00.0004899" startTime="2014-02-04T13:28:45.1450007+02:00" endTime="2014-02-04T13:28:45.1460042+02:00" testType="13cdc9d9-ddb5-4fa4-a97d-d965ccfc6d4b" outcome="Passed" testListId="8c84fa94-04c1-424b-9868-57a2d4851a1d" relativeResultsDirectory="2baa171b-59d6-4427-bad9-5e42fdc8cee6">
    </UnitTestResult>
    <UnitTestResult executionId="19a49487-e8b8-4d28-914f-e8322142ef0b" testId="22fb6488-4e17-7246-9bba-eb7331638ea4" testName="kingNotInCheckMateWhenOtherPieceCanMoveInTheWay" computerName="ITSSHAW" duration="00:00:00.0079897" startTime="2014-02-04T13:28:45.1470077+02:00" endTime="2014-02-04T13:28:45.1560392+02:00" testType="13cdc9d9-ddb5-4fa4-a97d-d965ccfc6d4b" outcome="Passed" testListId="8c84fa94-04c1-424b-9868-57a2d4851a1d" relativeResultsDirectory="19a49487-e8b8-4d28-914f-e8322142ef0b">
    </UnitTestResult>
    <UnitTestResult executionId="00e34780-0331-4dac-8daa-18c2acba0990" testId="034cb968-1bbc-2a0a-9d7d-a0af59680564" testName="cannotMoveIntoCheckWithKnight" computerName="ITSSHAW" duration="00:00:00.0076574" startTime="2014-02-04T13:28:45.1570427+02:00" endTime="2014-02-04T13:28:45.1660742+02:00" testType="13cdc9d9-ddb5-4fa4-a97d-d965ccfc6d4b" outcome="Passed" testListId="8c84fa94-04c1-424b-9868-57a2d4851a1d" relativeResultsDirectory="00e34780-0331-4dac-8daa-18c2acba0990">
    </UnitTestResult>
    <UnitTestResult executionId="d096eae5-087a-467c-821b-83ae7048708d" testId="5e863a04-2f1d-691e-a9dc-a4e1b154660d" testName="cannotMoveIntoCheckWithPawn" computerName="ITSSHAW" duration="00:00:00.0044333" startTime="2014-02-04T13:28:45.1670777+02:00" endTime="2014-02-04T13:28:45.1720952+02:00" testType="13cdc9d9-ddb5-4fa4-a97d-d965ccfc6d4b" outcome="Passed" testListId="8c84fa94-04c1-424b-9868-57a2d4851a1d" relativeResultsDirectory="d096eae5-087a-467c-821b-83ae7048708d">
    </UnitTestResult>
    <UnitTestResult executionId="ac7b9448-7fe6-47c0-b526-1a0bf40ac17d" testId="dcca3c4a-4d5b-4814-e0a5-e44d018476b2" testName="cannotMoveIntoCheckWithRook" computerName="ITSSHAW" duration="00:00:00.0058390" startTime="2014-02-04T13:28:45.1741022+02:00" endTime="2014-02-04T13:28:45.1801232+02:00" testType="13cdc9d9-ddb5-4fa4-a97d-d965ccfc6d4b" outcome="Passed" testListId="8c84fa94-04c1-424b-9868-57a2d4851a1d" relativeResultsDirectory="ac7b9448-7fe6-47c0-b526-1a0bf40ac17d">
    </UnitTestResult>
    <UnitTestResult executionId="23ea1cca-b586-4a52-96f2-5e8caab8b684" testId="fb3e120a-0549-92c5-8757-f1b18f0c8dad" testName="colourInStalemateWhenHasNoPossibleMoves" computerName="ITSSHAW" duration="00:00:00.0017054" startTime="2014-02-04T13:28:45.1821302+02:00" endTime="2014-02-04T13:28:45.1841372+02:00" testType="13cdc9d9-ddb5-4fa4-a97d-d965ccfc6d4b" outcome="Passed" testListId="8c84fa94-04c1-424b-9868-57a2d4851a1d" relativeResultsDirectory="23ea1cca-b586-4a52-96f2-5e8caab8b684">
    </UnitTestResult>
    <UnitTestResult executionId="8922eea5-e22d-489f-bb93-5bd3405c9922" testId="9bbae2c8-e27e-d82f-411b-63cf381b699f" testName="colourNotInStaleManteByDefault" computerName="ITSSHAW" duration="00:00:00.0277693" startTime="2014-02-04T13:28:45.1851407+02:00" endTime="2014-02-04T13:28:45.2132387+02:00" testType="13cdc9d9-ddb5-4fa4-a97d-d965ccfc6d4b" outcome="Passed" testListId="8c84fa94-04c1-424b-9868-57a2d4851a1d" relativeResultsDirectory="8922eea5-e22d-489f-bb93-5bd3405c9922">
    </UnitTestResult>
    <UnitTestResult executionId="ccb09594-0935-4160-8626-810df14a20b9" testId="7ecdaa04-80a9-8a28-648b-fdeb48a2186d" testName="colourNotInStalemateWhenNoPossibleMovesAndInCheck" computerName="ITSSHAW" duration="00:00:00.0006203" startTime="2014-02-04T13:28:45.2142422+02:00" endTime="2014-02-04T13:28:45.2152457+02:00" testType="13cdc9d9-ddb5-4fa4-a97d-d965ccfc6d4b" outcome="Passed" testListId="8c84fa94-04c1-424b-9868-57a2d4851a1d" relativeResultsDirectory="ccb09594-0935-4160-8626-810df14a20b9">
    </UnitTestResult>
    <UnitTestResult executionId="bb754c70-7388-4fd4-b4fd-9d3eabd607ae" testId="3125acd5-3d68-5084-a6d1-b90ea83d13e6" testName="kingDefaultNotInCheck" computerName="ITSSHAW" duration="00:00:00.0003495" startTime="2014-02-04T13:28:45.2172527+02:00" endTime="2014-02-04T13:28:45.2182562+02:00" testType="13cdc9d9-ddb5-4fa4-a97d-d965ccfc6d4b" outcome="Passed" testListId="8c84fa94-04c1-424b-9868-57a2d4851a1d" relativeResultsDirectory="bb754c70-7388-4fd4-b4fd-9d3eabd607ae">
    </UnitTestResult>
    <UnitTestResult executionId="2b4180d5-0f91-4ef2-b81a-bca8590aa8d2" testId="33482fef-758b-1261-3338-25b0735acc2c" testName="kingInCheckWhenPieceCanTakeIt" computerName="ITSSHAW" duration="00:00:00.0004748" startTime="2014-02-04T13:28:45.2182562+02:00" endTime="2014-02-04T13:28:45.2192597+02:00" testType="13cdc9d9-ddb5-4fa4-a97d-d965ccfc6d4b" outcome="Passed" testListId="8c84fa94-04c1-424b-9868-57a2d4851a1d" relativeResultsDirectory="2b4180d5-0f91-4ef2-b81a-bca8590aa8d2">
    </UnitTestResult>
    <UnitTestResult executionId="0db80d06-f5d0-4f9f-9d04-3f30b9a76308" testId="f98e6c38-f08f-2d80-34cd-9cb6261351d7" testName="kingNotInCheckWhenOwnPieceBlockingOppositionPiece" computerName="ITSSHAW" duration="00:00:00.0004545" startTime="2014-02-04T13:28:45.2212667+02:00" endTime="2014-02-04T13:28:45.2212667+02:00" testType="13cdc9d9-ddb5-4fa4-a97d-d965ccfc6d4b" outcome="Passed" testListId="8c84fa94-04c1-424b-9868-57a2d4851a1d" relativeResultsDirectory="0db80d06-f5d0-4f9f-9d04-3f30b9a76308">
    </UnitTestResult>
    <UnitTestResult executionId="3218507d-8a57-4bfa-8d4a-d6fd9f2e5a5a" testId="59322b24-fed2-1448-d0b4-50356cfcbb98" testName="areBishopsSetup" computerName="ITSSHAW" duration="00:00:00.0013568" startTime="2014-02-04T13:28:45.2222702+02:00" endTime="2014-02-04T13:28:45.2242772+02:00" testType="13cdc9d9-ddb5-4fa4-a97d-d965ccfc6d4b" outcome="Passed" testListId="8c84fa94-04c1-424b-9868-57a2d4851a1d" relativeResultsDirectory="3218507d-8a57-4bfa-8d4a-d6fd9f2e5a5a">
    </UnitTestResult>
    <UnitTestResult executionId="8824ce82-ea15-44cf-8dd6-fe1e3471dc4d" testId="689961f3-b549-c9f7-fc0a-74afd1b1e274" testName="areBottom2RowsWhite" computerName="ITSSHAW" duration="00:00:00.0011147" startTime="2014-02-04T13:28:45.2252807+02:00" endTime="2014-02-04T13:28:45.2272877+02:00" testType="13cdc9d9-ddb5-4fa4-a97d-d965ccfc6d4b" outcome="Passed" testListId="8c84fa94-04c1-424b-9868-57a2d4851a1d" relativeResultsDirectory="8824ce82-ea15-44cf-8dd6-fe1e3471dc4d">
    </UnitTestResult>
    <UnitTestResult executionId="425f1c16-6941-4e43-a886-b63ee7e247b7" testId="64ef643a-95e0-b1de-5aee-37e849e90430" testName="areEvenRowColoursSetup" computerName="ITSSHAW" duration="00:00:00.0016321" startTime="2014-02-04T13:28:45.2282912+02:00" endTime="2014-02-04T13:28:45.2302982+02:00" testType="13cdc9d9-ddb5-4fa4-a97d-d965ccfc6d4b" outcome="Passed" testListId="8c84fa94-04c1-424b-9868-57a2d4851a1d" relativeResultsDirectory="425f1c16-6941-4e43-a886-b63ee7e247b7">
    </UnitTestResult>
    <UnitTestResult executionId="0459bc7b-faad-4194-be74-dba79b931900" testId="f4c8b637-ea9c-8efa-a91b-fbb27555fab4" testName="areKingsSetup" computerName="ITSSHAW" duration="00:00:00.0005532" startTime="2014-02-04T13:28:45.2313017+02:00" endTime="2014-02-04T13:28:45.2333087+02:00" testType="13cdc9d9-ddb5-4fa4-a97d-d965ccfc6d4b" outcome="Passed" testListId="8c84fa94-04c1-424b-9868-57a2d4851a1d" relativeResultsDirectory="0459bc7b-faad-4194-be74-dba79b931900">
    </UnitTestResult>
    <UnitTestResult executionId="3cdaafab-061f-463d-a5e2-f4ad2ec3aa40" testId="46a22037-07ac-0ccf-02e3-fd7145e502cd" testName="areKnightsSetup" computerName="ITSSHAW" duration="00:00:00.0006191" startTime="2014-02-04T13:28:45.2343122+02:00" endTime="2014-02-04T13:28:45.2353157+02:00" testType="13cdc9d9-ddb5-4fa4-a97d-d965ccfc6d4b" outcome="Passed" testListId="8c84fa94-04c1-424b-9868-57a2d4851a1d" relativeResultsDirectory="3cdaafab-061f-463d-a5e2-f4ad2ec3aa40">
    </UnitTestResult>
    <UnitTestResult executionId="9aa7fab3-cd83-46bb-b65b-089b5ed856af" testId="9d752e3a-962f-b4d2-f688-e9e19ffd27bf" testName="areMiddleCellsEmpty" computerName="ITSSHAW" duration="00:00:00.0005605" startTime="2014-02-04T13:28:45.2363192+02:00" endTime="2014-02-04T13:28:45.2373227+02:00" testType="13cdc9d9-ddb5-4fa4-a97d-d965ccfc6d4b" outcome="Passed" testListId="8c84fa94-04c1-424b-9868-57a2d4851a1d" relativeResultsDirectory="9aa7fab3-cd83-46bb-b65b-089b5ed856af">
    </UnitTestResult>
    <UnitTestResult executionId="8174221e-f12b-4946-ba35-b09de5ec3fc0" testId="b4976dbf-056c-73f6-1b78-f13c2b1d127b" testName="areMiddleRowsPlayerColourNone" computerName="ITSSHAW" duration="00:00:00.0005327" startTime="2014-02-04T13:28:45.2383262+02:00" endTime="2014-02-04T13:28:45.2393297+02:00" testType="13cdc9d9-ddb5-4fa4-a97d-d965ccfc6d4b" outcome="Passed" testListId="8c84fa94-04c1-424b-9868-57a2d4851a1d" relativeResultsDirectory="8174221e-f12b-4946-ba35-b09de5ec3fc0">
    </UnitTestResult>
    <UnitTestResult executionId="cc30bda5-c3a8-4e3c-bb22-84950a600b9d" testId="d4ac55cd-7290-4fbf-9991-5ab16bc1fda2" testName="areOddRowColoursSetup" computerName="ITSSHAW" duration="00:00:00.0006221" startTime="2014-02-04T13:28:45.2403332+02:00" endTime="2014-02-04T13:28:45.2413367+02:00" testType="13cdc9d9-ddb5-4fa4-a97d-d965ccfc6d4b" outcome="Passed" testListId="8c84fa94-04c1-424b-9868-57a2d4851a1d" relativeResultsDirectory="cc30bda5-c3a8-4e3c-bb22-84950a600b9d">
    </UnitTestResult>
    <UnitTestResult executionId="b10d260e-2582-4c86-aabe-b1d8b0cb9b0c" testId="197972f7-6197-faf7-a2b7-9fae8c675127" testName="arePawnsSetup" computerName="ITSSHAW" duration="00:00:00.0005901" startTime="2014-02-04T13:28:45.2423402+02:00" endTime="2014-02-04T13:28:45.2443472+02:00" testType="13cdc9d9-ddb5-4fa4-a97d-d965ccfc6d4b" outcome="Passed" testListId="8c84fa94-04c1-424b-9868-57a2d4851a1d" relativeResultsDirectory="b10d260e-2582-4c86-aabe-b1d8b0cb9b0c">
    </UnitTestResult>
    <UnitTestResult executionId="9f3ad94f-1d88-4662-a5ba-67ec3097afbb" testId="fd75eb10-5261-cc1e-b982-ae741a061d34" testName="areQueensSetup" computerName="ITSSHAW" duration="00:00:00.0005590" startTime="2014-02-04T13:28:45.2453507+02:00" endTime="2014-02-04T13:28:45.2463542+02:00" testType="13cdc9d9-ddb5-4fa4-a97d-d965ccfc6d4b" outcome="Passed" testListId="8c84fa94-04c1-424b-9868-57a2d4851a1d" relativeResultsDirectory="9f3ad94f-1d88-4662-a5ba-67ec3097afbb">
    </UnitTestResult>
    <UnitTestResult executionId="122a51fd-2b41-45a2-9284-328f29018f9f" testId="9ea0817e-195f-4525-9215-e116df1a5f63" testName="areRooksSetup" computerName="ITSSHAW" duration="00:00:00.0005750" startTime="2014-02-04T13:28:45.2473577+02:00" endTime="2014-02-04T13:28:45.2483612+02:00" testType="13cdc9d9-ddb5-4fa4-a97d-d965ccfc6d4b" outcome="Passed" testListId="8c84fa94-04c1-424b-9868-57a2d4851a1d" relativeResultsDirectory="122a51fd-2b41-45a2-9284-328f29018f9f">
    </UnitTestResult>
    <UnitTestResult executionId="ffb012cb-bfa4-42e1-8ad3-26c3f868e123" testId="4ed072d2-7529-fe73-ad46-07bd95268187" testName="areTop2RowsBlack" computerName="ITSSHAW" duration="00:00:00.0006188" startTime="2014-02-04T13:28:45.2493647+02:00" endTime="2014-02-04T13:28:45.2503682+02:00" testType="13cdc9d9-ddb5-4fa4-a97d-d965ccfc6d4b" outcome="Passed" testListId="8c84fa94-04c1-424b-9868-57a2d4851a1d" relativeResultsDirectory="ffb012cb-bfa4-42e1-8ad3-26c3f868e123">
    </UnitTestResult>
    <UnitTestResult executionId="9758352f-ba85-435a-8287-3b1dfd25ba04" testId="9c621c1d-9ca4-65c3-87bb-d06273555fe6" testName="canEnumeratePlayerPieces" computerName="ITSSHAW" duration="00:00:00.0008636" startTime="2014-02-04T13:28:45.2563892+02:00" endTime="2014-02-04T13:28:45.2583962+02:00" testType="13cdc9d9-ddb5-4fa4-a97d-d965ccfc6d4b" outcome="Passed" testListId="8c84fa94-04c1-424b-9868-57a2d4851a1d" relativeResultsDirectory="9758352f-ba85-435a-8287-3b1dfd25ba04">
    </UnitTestResult>
    <UnitTestResult executionId="c6393158-fed4-44ab-b05e-e8fe01ccd6d7" testId="8900ceac-b7b6-1032-98bc-f3e21d0abb21" testName="canGetSelectedCell" computerName="ITSSHAW" duration="00:00:00.0012071" startTime="2014-02-04T13:28:45.2593997+02:00" endTime="2014-02-04T13:28:45.2614067+02:00" testType="13cdc9d9-ddb5-4fa4-a97d-d965ccfc6d4b" outcome="Passed" testListId="8c84fa94-04c1-424b-9868-57a2d4851a1d" relativeResultsDirectory="c6393158-fed4-44ab-b05e-e8fe01ccd6d7">
    </UnitTestResult>
    <UnitTestResult executionId="b1464cda-900c-497e-a91e-cd23ebe8bcae" testId="005829d6-859e-9315-7aa3-e62df14cfd2f" testName="canSelectCell" computerName="ITSSHAW" duration="00:00:00.0004932" startTime="2014-02-04T13:28:45.2624102+02:00" endTime="2014-02-04T13:28:45.2634137+02:00" testType="13cdc9d9-ddb5-4fa4-a97d-d965ccfc6d4b" outcome="Passed" testListId="8c84fa94-04c1-424b-9868-57a2d4851a1d" relativeResultsDirectory="b1464cda-900c-497e-a91e-cd23ebe8bcae">
    </UnitTestResult>
    <UnitTestResult executionId="10c91cdf-6fc3-4f0d-a1ba-8ba16903a474" testId="7d98f31d-f1f6-0621-aa93-72560fa182b3" testName="exceptionWhenMoveToNegativeCol" computerName="ITSSHAW" duration="00:00:00.0015874" startTime="2014-02-04T13:28:45.2644172+02:00" endTime="2014-02-04T13:28:45.2664242+02:00" testType="13cdc9d9-ddb5-4fa4-a97d-d965ccfc6d4b" outcome="Passed" testListId="8c84fa94-04c1-424b-9868-57a2d4851a1d" relativeResultsDirectory="10c91cdf-6fc3-4f0d-a1ba-8ba16903a474">
    </UnitTestResult>
    <UnitTestResult executionId="342bde53-af39-4a0e-9164-759bb377a8f7" testId="b7b09a89-f922-b298-bb69-6134762504c7" testName="exceptionWhenMoveToNegativeRow" computerName="ITSSHAW" duration="00:00:00.0009523" startTime="2014-02-04T13:28:45.2684312+02:00" endTime="2014-02-04T13:28:45.2694347+02:00" testType="13cdc9d9-ddb5-4fa4-a97d-d965ccfc6d4b" outcome="Passed" testListId="8c84fa94-04c1-424b-9868-57a2d4851a1d" relativeResultsDirectory="342bde53-af39-4a0e-9164-759bb377a8f7">
    </UnitTestResult>
    <UnitTestResult executionId="77875b2d-e297-4834-9af2-e944ab1233f4" testId="05d65582-adf5-1549-bdb6-f0e47270afd3" testName="exceptionWhenMoveTooLargeCol" computerName="ITSSHAW" duration="00:00:00.0009387" startTime="2014-02-04T13:28:45.2704382+02:00" endTime="2014-02-04T13:28:45.2714417+02:00" testType="13cdc9d9-ddb5-4fa4-a97d-d965ccfc6d4b" outcome="Passed" testListId="8c84fa94-04c1-424b-9868-57a2d4851a1d" relativeResultsDirectory="77875b2d-e297-4834-9af2-e944ab1233f4">
    </UnitTestResult>
    <UnitTestResult executionId="63a53125-e1b3-47c5-81d0-47de8419abfe" testId="2622fed3-4e63-071a-2d6d-7db13abf1a89" testName="exceptionWhenMoveTooLargeRow" computerName="ITSSHAW" duration="00:00:00.0010368" startTime="2014-02-04T13:28:45.2724452+02:00" endTime="2014-02-04T13:28:45.2744522+02:00" testType="13cdc9d9-ddb5-4fa4-a97d-d965ccfc6d4b" outcome="Passed" testListId="8c84fa94-04c1-424b-9868-57a2d4851a1d" relativeResultsDirectory="63a53125-e1b3-47c5-81d0-47de8419abfe">
    </UnitTestResult>
    <UnitTestResult executionId="bc339c85-25ab-48b6-a1bb-e4187400d8a4" testId="a5cecf0f-42c5-3103-c37e-7de0c32f1d40" testName="getExceptionWhenSelectCellColTooLarge" computerName="ITSSHAW" duration="00:00:00.0012505" startTime="2014-02-04T13:28:45.2754557+02:00" endTime="2014-02-04T13:28:45.2774627+02:00" testType="13cdc9d9-ddb5-4fa4-a97d-d965ccfc6d4b" outcome="Passed" testListId="8c84fa94-04c1-424b-9868-57a2d4851a1d" relativeResultsDirectory="bc339c85-25ab-48b6-a1bb-e4187400d8a4">
    </UnitTestResult>
    <UnitTestResult executionId="c9e7bb53-e38a-4d47-a0e1-9cf051ec08ad" testId="18c1f855-99f0-d7c9-3814-1b9500d79abb" testName="getExceptionWhenSelectCellNegativeCol" computerName="ITSSHAW" duration="00:00:00.0010133" startTime="2014-02-04T13:28:45.2784662+02:00" endTime="2014-02-04T13:28:45.2804732+02:00" testType="13cdc9d9-ddb5-4fa4-a97d-d965ccfc6d4b" outcome="Passed" testListId="8c84fa94-04c1-424b-9868-57a2d4851a1d" relativeResultsDirectory="c9e7bb53-e38a-4d47-a0e1-9cf051ec08ad">
    </UnitTestResult>
    <UnitTestResult executionId="c5f553cd-7fc6-4c06-a9d3-7562c2502b98" testId="b899b54b-1fed-9cb3-745e-fba087b88573" testName="getExceptionWhenSelectCellNegativeRow" computerName="ITSSHAW" duration="00:00:00.0010075" startTime="2014-02-04T13:28:45.2824802+02:00" endTime="2014-02-04T13:28:45.2834837+02:00" testType="13cdc9d9-ddb5-4fa4-a97d-d965ccfc6d4b" outcome="Passed" testListId="8c84fa94-04c1-424b-9868-57a2d4851a1d" relativeResultsDirectory="c5f553cd-7fc6-4c06-a9d3-7562c2502b98">
    </UnitTestResult>
    <UnitTestResult executionId="c2c6d7c4-a6fa-46f3-ad7a-2966726a05a7" testId="56379117-1d4e-106a-e150-22beb95db5f6" testName="getExceptionWhenSelectCellRowTooLarge" computerName="ITSSHAW" duration="00:00:00.0009774" startTime="2014-02-04T13:28:45.2854907+02:00" endTime="2014-02-04T13:28:45.2864942+02:00" testType="13cdc9d9-ddb5-4fa4-a97d-d965ccfc6d4b" outcome="Passed" testListId="8c84fa94-04c1-424b-9868-57a2d4851a1d" relativeResultsDirectory="c2c6d7c4-a6fa-46f3-ad7a-2966726a05a7">
    </UnitTestResult>
    <UnitTestResult executionId="f402ff60-d619-435b-ac67-c34836980681" testId="bedd4628-a316-a455-e74b-113d5ac3b3c8" testName="isCellEmptyWhenMovedOff" computerName="ITSSHAW" duration="00:00:00.0023940" startTime="2014-02-04T13:28:45.2885012+02:00" endTime="2014-02-04T13:28:45.2915117+02:00" testType="13cdc9d9-ddb5-4fa4-a97d-d965ccfc6d4b" outcome="Passed" testListId="8c84fa94-04c1-424b-9868-57a2d4851a1d" relativeResultsDirectory="f402ff60-d619-435b-ac67-c34836980681">
    </UnitTestResult>
    <UnitTestResult executionId="1eb49513-9319-4eb6-bb6c-60223511f5f3" testId="c9eef1b9-2601-24e4-e66c-677a0f68bfe9" testName="nullCellNeverEqual" computerName="ITSSHAW" duration="00:00:00.0001850" startTime="2014-02-04T13:28:45.2925152+02:00" endTime="2014-02-04T13:28:45.2935187+02:00" testType="13cdc9d9-ddb5-4fa4-a97d-d965ccfc6d4b" outcome="Passed" testListId="8c84fa94-04c1-424b-9868-57a2d4851a1d" relativeResultsDirectory="1eb49513-9319-4eb6-bb6c-60223511f5f3">
    </UnitTestResult>
    <UnitTestResult executionId="2302900b-b889-4c42-8a47-71995f62d8f1" testId="dafe7a1e-3bd2-12cf-e3a7-a7dc8926d90c" testName="pieceHasNoValidMoves" computerName="ITSSHAW" duration="00:00:00.0006891" startTime="2014-02-04T13:28:45.2955257+02:00" endTime="2014-02-04T13:28:45.2965292+02:00" testType="13cdc9d9-ddb5-4fa4-a97d-d965ccfc6d4b" outcome="Passed" testListId="8c84fa94-04c1-424b-9868-57a2d4851a1d" relativeResultsDirectory="2302900b-b889-4c42-8a47-71995f62d8f1">
    </UnitTestResult>
    <UnitTestResult executionId="850cd88b-9fe6-4899-8571-11dab5bbb8c8" testId="db17ca7a-fdcd-e135-ff66-0041667888a6" testName="pieceMovesWithMove" computerName="ITSSHAW" duration="00:00:00.0022246" startTime="2014-02-04T13:28:45.2965292+02:00" endTime="2014-02-04T13:28:45.2995397+02:00" testType="13cdc9d9-ddb5-4fa4-a97d-d965ccfc6d4b" outcome="Passed" testListId="8c84fa94-04c1-424b-9868-57a2d4851a1d" relativeResultsDirectory="850cd88b-9fe6-4899-8571-11dab5bbb8c8">
    </UnitTestResult>
    <UnitTestResult executionId="3691e4b6-5415-4fab-8d03-77d0094e28af" testId="1f0d839d-2acf-5f06-e2ce-d9eadfcf6b39" testName="queensSetupOnCorrectColour" computerName="ITSSHAW" duration="00:00:00.0007887" startTime="2014-02-04T13:28:45.3005432+02:00" endTime="2014-02-04T13:28:45.3025502+02:00" testType="13cdc9d9-ddb5-4fa4-a97d-d965ccfc6d4b" outcome="Passed" testListId="8c84fa94-04c1-424b-9868-57a2d4851a1d" relativeResultsDirectory="3691e4b6-5415-4fab-8d03-77d0094e28af">
    </UnitTestResult>
    <UnitTestResult executionId="252f2f3d-763a-4710-a320-99f596ab6e88" testId="5ba4e3e7-6993-ed4b-8ced-e1d13c26b064" testName="selectedCellIsNullAfterMove" computerName="ITSSHAW" duration="00:00:00.0022910" startTime="2014-02-04T13:28:45.3035537+02:00" endTime="2014-02-04T13:28:45.3055607+02:00" testType="13cdc9d9-ddb5-4fa4-a97d-d965ccfc6d4b" outcome="Passed" testListId="8c84fa94-04c1-424b-9868-57a2d4851a1d" relativeResultsDirectory="252f2f3d-763a-4710-a320-99f596ab6e88">
    </UnitTestResult>
    <UnitTestResult executionId="0de4d63d-d6c0-4e0f-89a4-49fca6cd9c72" testId="73015d04-f4f5-eb53-f909-b8aae7bb4119" testName="canMoveKingDownLeft" computerName="ITSSHAW" duration="00:00:00.0026327" startTime="2014-02-04T13:28:45.3065642+02:00" endTime="2014-02-04T13:28:45.3105782+02:00" testType="13cdc9d9-ddb5-4fa4-a97d-d965ccfc6d4b" outcome="Passed" testListId="8c84fa94-04c1-424b-9868-57a2d4851a1d" relativeResultsDirectory="0de4d63d-d6c0-4e0f-89a4-49fca6cd9c72">
    </UnitTestResult>
    <UnitTestResult executionId="b4764305-1b77-47e1-8eaa-d0c9efffafea" testId="558b53c6-969d-e366-d6b8-7fcc271542df" testName="canMoveKingDownRight" computerName="ITSSHAW" duration="00:00:00.0025361" startTime="2014-02-04T13:28:45.3115817+02:00" endTime="2014-02-04T13:28:45.3145922+02:00" testType="13cdc9d9-ddb5-4fa4-a97d-d965ccfc6d4b" outcome="Passed" testListId="8c84fa94-04c1-424b-9868-57a2d4851a1d" relativeResultsDirectory="b4764305-1b77-47e1-8eaa-d0c9efffafea">
    </UnitTestResult>
    <UnitTestResult executionId="d6eccc44-1874-4e76-a651-7fd7a13fe3aa" testId="325ca6ba-2af3-98aa-0d43-981348e2650a" testName="canMoveKingForwardLeft" computerName="ITSSHAW" duration="00:00:00.0026134" startTime="2014-02-04T13:28:45.3155957+02:00" endTime="2014-02-04T13:28:45.3186062+02:00" testType="13cdc9d9-ddb5-4fa4-a97d-d965ccfc6d4b" outcome="Passed" testListId="8c84fa94-04c1-424b-9868-57a2d4851a1d" relativeResultsDirectory="d6eccc44-1874-4e76-a651-7fd7a13fe3aa">
    </UnitTestResult>
    <UnitTestResult executionId="9acbcde6-30dd-4be5-afde-85c4708f8820" testId="e8e33e12-931b-128d-146d-566c8d61cfb2" testName="canMoveKingLeft" computerName="ITSSHAW" duration="00:00:00.0025564" startTime="2014-02-04T13:28:45.3196097+02:00" endTime="2014-02-04T13:28:45.3236237+02:00" testType="13cdc9d9-ddb5-4fa4-a97d-d965ccfc6d4b" outcome="Passed" testListId="8c84fa94-04c1-424b-9868-57a2d4851a1d" relativeResultsDirectory="9acbcde6-30dd-4be5-afde-85c4708f8820">
    </UnitTestResult>
    <UnitTestResult executionId="c1f319e9-a319-441e-8555-c506cd7a28e8" testId="09b9970f-5bc4-c7f2-6dce-33edfb74fb47" testName="canMoveKingOneDown" computerName="ITSSHAW" duration="00:00:00.0025829" startTime="2014-02-04T13:28:45.3246272+02:00" endTime="2014-02-04T13:28:45.3276377+02:00" testType="13cdc9d9-ddb5-4fa4-a97d-d965ccfc6d4b" outcome="Passed" testListId="8c84fa94-04c1-424b-9868-57a2d4851a1d" relativeResultsDirectory="c1f319e9-a319-441e-8555-c506cd7a28e8">
    </UnitTestResult>
    <UnitTestResult executionId="3be08a5e-1bc6-4874-9f55-744a0df02776" testId="d2ade540-1f1e-eb2f-4190-f97efcbbd597" testName="canMoveKingOneForward" computerName="ITSSHAW" duration="00:00:00.0025606" startTime="2014-02-04T13:28:45.3286412+02:00" endTime="2014-02-04T13:28:45.3316517+02:00" testType="13cdc9d9-ddb5-4fa4-a97d-d965ccfc6d4b" outcome="Passed" testListId="8c84fa94-04c1-424b-9868-57a2d4851a1d" relativeResultsDirectory="3be08a5e-1bc6-4874-9f55-744a0df02776">
    </UnitTestResult>
    <UnitTestResult executionId="cb09b462-e459-485c-bc2b-09eb1bfcb7ce" testId="b1efd2e8-a10f-c78f-81ed-4637c3ceca04" testName="canMoveKingRight" computerName="ITSSHAW" duration="00:00:00.0024818" startTime="2014-02-04T13:28:45.3326552+02:00" endTime="2014-02-04T13:28:45.3356657+02:00" testType="13cdc9d9-ddb5-4fa4-a97d-d965ccfc6d4b" outcome="Passed" testListId="8c84fa94-04c1-424b-9868-57a2d4851a1d" relativeResultsDirectory="cb09b462-e459-485c-bc2b-09eb1bfcb7ce">
    </UnitTestResult>
    <UnitTestResult executionId="4c087e70-6a7b-48c0-9c7b-dd8545011149" testId="54bf5bb6-83d7-dbc0-fbb6-c50b912aca0c" testName="canMoveKingUpRight" computerName="ITSSHAW" duration="00:00:00.0025428" startTime="2014-02-04T13:28:45.3366692+02:00" endTime="2014-02-04T13:28:45.3396797+02:00" testType="13cdc9d9-ddb5-4fa4-a97d-d965ccfc6d4b" outcome="Passed" testListId="8c84fa94-04c1-424b-9868-57a2d4851a1d" relativeResultsDirectory="4c087e70-6a7b-48c0-9c7b-dd8545011149">
    </UnitTestResult>
    <UnitTestResult executionId="6a7c9ede-b806-4bcb-953b-bfb4487e672f" testId="f6b94837-b11e-b7fc-3b07-45030b7ef6b9" testName="cannotMoveIntoCheck" computerName="ITSSHAW" duration="00:00:00.0022711" startTime="2014-02-04T13:28:45.3406832+02:00" endTime="2014-02-04T13:28:45.3436937+02:00" testType="13cdc9d9-ddb5-4fa4-a97d-d965ccfc6d4b" outcome="Passed" testListId="8c84fa94-04c1-424b-9868-57a2d4851a1d" relativeResultsDirectory="6a7c9ede-b806-4bcb-953b-bfb4487e672f">
    </UnitTestResult>
    <UnitTestResult executionId="92e19f4a-3eb7-4db9-aa52-93921df4c937" testId="58f47b40-1f4e-dda1-7e49-4571a6d9b259" testName="cannotMoveSidewaysWhenInCheck" computerName="ITSSHAW" duration="00:00:00.0024410" startTime="2014-02-04T13:28:45.3446972+02:00" endTime="2014-02-04T13:28:45.3477077+02:00" testType="13cdc9d9-ddb5-4fa4-a97d-d965ccfc6d4b" outcome="Passed" testListId="8c84fa94-04c1-424b-9868-57a2d4851a1d" relativeResultsDirectory="92e19f4a-3eb7-4db9-aa52-93921df4c937">
    </UnitTestResult>
    <UnitTestResult executionId="039f2d30-a262-4e25-82fc-512fd4829873" testId="d4181de0-82b5-2bf4-4e2d-51f91ba36e4c" testName="cannotTakeOwnPieceMovingDown" computerName="ITSSHAW" duration="00:00:00.0026907" startTime="2014-02-04T13:28:45.3487112+02:00" endTime="2014-02-04T13:28:45.3517217+02:00" testType="13cdc9d9-ddb5-4fa4-a97d-d965ccfc6d4b" outcome="Passed" testListId="8c84fa94-04c1-424b-9868-57a2d4851a1d" relativeResultsDirectory="039f2d30-a262-4e25-82fc-512fd4829873">
    </UnitTestResult>
    <UnitTestResult executionId="bed84b72-993d-4484-b0a5-f0e6cc5d7780" testId="989c4479-fd4d-be06-81f5-831578a55a59" testName="cannotTakeOwnPieceMovingDownLeft" computerName="ITSSHAW" duration="00:00:00.0026149" startTime="2014-02-04T13:28:45.3517217+02:00" endTime="2014-02-04T13:28:45.3557357+02:00" testType="13cdc9d9-ddb5-4fa4-a97d-d965ccfc6d4b" outcome="Passed" testListId="8c84fa94-04c1-424b-9868-57a2d4851a1d" relativeResultsDirectory="bed84b72-993d-4484-b0a5-f0e6cc5d7780">
    </UnitTestResult>
    <UnitTestResult executionId="5ca9f3d5-f19d-4360-b35d-56fadc8093d7" testId="649a4875-a4da-c184-4703-192cbc79d530" testName="cannotTakeOwnPieceMovingDownRight" computerName="ITSSHAW" duration="00:00:00.0027773" startTime="2014-02-04T13:28:45.3557357+02:00" endTime="2014-02-04T13:28:45.3597497+02:00" testType="13cdc9d9-ddb5-4fa4-a97d-d965ccfc6d4b" outcome="Passed" testListId="8c84fa94-04c1-424b-9868-57a2d4851a1d" relativeResultsDirectory="5ca9f3d5-f19d-4360-b35d-56fadc8093d7">
    </UnitTestResult>
    <UnitTestResult executionId="a1d63f77-21cc-48e0-bbbd-0f40c4d1699a" testId="b9482e51-690d-61ad-be55-288bbe5f6ac4" testName="cannotTakeOwnPieceMovingForward" computerName="ITSSHAW" duration="00:00:00.0027363" startTime="2014-02-04T13:28:45.3607532+02:00" endTime="2014-02-04T13:28:45.3647672+02:00" testType="13cdc9d9-ddb5-4fa4-a97d-d965ccfc6d4b" outcome="Passed" testListId="8c84fa94-04c1-424b-9868-57a2d4851a1d" relativeResultsDirectory="a1d63f77-21cc-48e0-bbbd-0f40c4d1699a">
    </UnitTestResult>
    <UnitTestResult executionId="b8615e56-8fe6-4dc5-8958-59deda2b0faa" testId="2d3cec0c-59b8-0bcd-556a-64d52e28cae3" testName="cannotTakeOwnPieceMovingForwardLeft" computerName="ITSSHAW" duration="00:00:00.0027710" startTime="2014-02-04T13:28:45.3647672+02:00" endTime="2014-02-04T13:28:45.3687812+02:00" testType="13cdc9d9-ddb5-4fa4-a97d-d965ccfc6d4b" outcome="Passed" testListId="8c84fa94-04c1-424b-9868-57a2d4851a1d" relativeResultsDirectory="b8615e56-8fe6-4dc5-8958-59deda2b0faa">
    </UnitTestResult>
    <UnitTestResult executionId="69a2bdcf-5548-44ed-9ae7-402aa6a0e798" testId="898e8b86-4e2c-3020-5dd7-7d7a30385240" testName="cannotTakeOwnPieceMovingLeft" computerName="ITSSHAW" duration="00:00:00.0026970" startTime="2014-02-04T13:28:45.3697847+02:00" endTime="2014-02-04T13:28:45.3727952+02:00" testType="13cdc9d9-ddb5-4fa4-a97d-d965ccfc6d4b" outcome="Passed" testListId="8c84fa94-04c1-424b-9868-57a2d4851a1d" relativeResultsDirectory="69a2bdcf-5548-44ed-9ae7-402aa6a0e798">
    </UnitTestResult>
    <UnitTestResult executionId="200a87b0-ca69-4e47-bf6b-09cb8459ccdb" testId="6c13f9eb-f3d4-48aa-c88b-6e9674447ef3" testName="cannotTakeOwnPieceMovingRight" computerName="ITSSHAW" duration="00:00:00.0029940" startTime="2014-02-04T13:28:45.3737987+02:00" endTime="2014-02-04T13:28:45.3768092+02:00" testType="13cdc9d9-ddb5-4fa4-a97d-d965ccfc6d4b" outcome="Passed" testListId="8c84fa94-04c1-424b-9868-57a2d4851a1d" relativeResultsDirectory="200a87b0-ca69-4e47-bf6b-09cb8459ccdb">
    </UnitTestResult>
    <UnitTestResult executionId="e1d12edf-04ba-4e0b-8a94-0f0adc0be899" testId="f5f11ea3-767f-521f-25a8-5a047603f97f" testName="cannotTakeOwnPieceMovingUpRight" computerName="ITSSHAW" duration="00:00:00.0027583" startTime="2014-02-04T13:28:45.3778127+02:00" endTime="2014-02-04T13:28:45.3818267+02:00" testType="13cdc9d9-ddb5-4fa4-a97d-d965ccfc6d4b" outcome="Passed" testListId="8c84fa94-04c1-424b-9868-57a2d4851a1d" relativeResultsDirectory="e1d12edf-04ba-4e0b-8a94-0f0adc0be899">
    </UnitTestResult>
    <UnitTestResult executionId="59ae2127-ea73-46fc-b8af-8cf4ae94466d" testId="c9550b69-9fd2-3fcf-2931-2e40d497d81d" testName="canTakeOppositionPieceMovingDown" computerName="ITSSHAW" duration="00:00:00.0029771" startTime="2014-02-04T13:28:45.3838337+02:00" endTime="2014-02-04T13:28:45.3868442+02:00" testType="13cdc9d9-ddb5-4fa4-a97d-d965ccfc6d4b" outcome="Passed" testListId="8c84fa94-04c1-424b-9868-57a2d4851a1d" relativeResultsDirectory="59ae2127-ea73-46fc-b8af-8cf4ae94466d">
    </UnitTestResult>
    <UnitTestResult executionId="6cbd67c0-3f3f-4097-a4c0-7bb9381f291c" testId="f2c8f66f-5b37-9645-e49a-a041d148b602" testName="canTakeOppositionPieceMovingDownLeft" computerName="ITSSHAW" duration="00:00:00.0028498" startTime="2014-02-04T13:28:45.3878477+02:00" endTime="2014-02-04T13:28:45.3918617+02:00" testType="13cdc9d9-ddb5-4fa4-a97d-d965ccfc6d4b" outcome="Passed" testListId="8c84fa94-04c1-424b-9868-57a2d4851a1d" relativeResultsDirectory="6cbd67c0-3f3f-4097-a4c0-7bb9381f291c">
    </UnitTestResult>
    <UnitTestResult executionId="544205b3-81d0-44f1-ada6-ee650922395d" testId="4b659aa5-2064-7295-f3dc-47eac73b7ede" testName="canTakeOppositionPieceMovingDownRight" computerName="ITSSHAW" duration="00:00:00.0030351" startTime="2014-02-04T13:28:45.3918617+02:00" endTime="2014-02-04T13:28:45.3958757+02:00" testType="13cdc9d9-ddb5-4fa4-a97d-d965ccfc6d4b" outcome="Passed" testListId="8c84fa94-04c1-424b-9868-57a2d4851a1d" relativeResultsDirectory="544205b3-81d0-44f1-ada6-ee650922395d">
    </UnitTestResult>
    <UnitTestResult executionId="a3c58ac9-aecb-4782-8d97-42306fbb3da9" testId="6043af01-0728-5b9e-9c02-bbb4296a7b49" testName="canTakeOppositionPieceMovingForward" computerName="ITSSHAW" duration="00:00:00.0025769" startTime="2014-02-04T13:28:45.3968792+02:00" endTime="2014-02-04T13:28:45.4008932+02:00" testType="13cdc9d9-ddb5-4fa4-a97d-d965ccfc6d4b" outcome="Passed" testListId="8c84fa94-04c1-424b-9868-57a2d4851a1d" relativeResultsDirectory="a3c58ac9-aecb-4782-8d97-42306fbb3da9">
    </UnitTestResult>
    <UnitTestResult executionId="9a8b26bc-61f3-46c9-827d-8a8522abeeec" testId="90898cf9-5c8b-6602-513e-7e28414b36ab" testName="canTakeOppositionPieceMovingForwardLeft" computerName="ITSSHAW" duration="00:00:00.0023514" startTime="2014-02-04T13:28:45.4018967+02:00" endTime="2014-02-04T13:28:45.4049072+02:00" testType="13cdc9d9-ddb5-4fa4-a97d-d965ccfc6d4b" outcome="Passed" testListId="8c84fa94-04c1-424b-9868-57a2d4851a1d" relativeResultsDirectory="9a8b26bc-61f3-46c9-827d-8a8522abeeec">
    </UnitTestResult>
    <UnitTestResult executionId="5be4bf51-b27d-4085-9d18-abc8bf266013" testId="cdb353a5-fbfe-08cc-ac19-32e4bc7ee0af" testName="canTakeOppositionPieceMovingLeft" computerName="ITSSHAW" duration="00:00:00.0025760" startTime="2014-02-04T13:28:45.4059107+02:00" endTime="2014-02-04T13:28:45.4089212+02:00" testType="13cdc9d9-ddb5-4fa4-a97d-d965ccfc6d4b" outcome="Passed" testListId="8c84fa94-04c1-424b-9868-57a2d4851a1d" relativeResultsDirectory="5be4bf51-b27d-4085-9d18-abc8bf266013">
    </UnitTestResult>
    <UnitTestResult executionId="d4676653-6820-4f54-836b-ebcecb9c7047" testId="8a3cfb9c-5e17-9d45-b2bc-1a740a423650" testName="canTakeOppositionPieceMovingRight" computerName="ITSSHAW" duration="00:00:00.0028654" startTime="2014-02-04T13:28:45.4099247+02:00" endTime="2014-02-04T13:28:45.4129352+02:00" testType="13cdc9d9-ddb5-4fa4-a97d-d965ccfc6d4b" outcome="Passed" testListId="8c84fa94-04c1-424b-9868-57a2d4851a1d" relativeResultsDirectory="d4676653-6820-4f54-836b-ebcecb9c7047">
    </UnitTestResult>
    <UnitTestResult executionId="47b7aa66-b25d-49fe-bce4-100d46699dcc" testId="c283c84e-12fb-1c79-3140-e564f9560517" testName="canTakeOppositionPieceMovingUpRight" computerName="ITSSHAW" duration="00:00:00.0023511" startTime="2014-02-04T13:28:45.4139387+02:00" endTime="2014-02-04T13:28:45.4169492+02:00" testType="13cdc9d9-ddb5-4fa4-a97d-d965ccfc6d4b" outcome="Passed" testListId="8c84fa94-04c1-424b-9868-57a2d4851a1d" relativeResultsDirectory="47b7aa66-b25d-49fe-bce4-100d46699dcc">
    </UnitTestResult>
    <UnitTestResult executionId="5349819e-6e4c-4d9f-ad53-31acb3823a8b" testId="708e0fda-e1a5-7f8b-3069-c1364aee94b5" testName="canMoveBlackKnightDownLeft" computerName="ITSSHAW" duration="00:00:00.0022276" startTime="2014-02-04T13:28:45.4179527+02:00" endTime="2014-02-04T13:28:45.4209632+02:00" testType="13cdc9d9-ddb5-4fa4-a97d-d965ccfc6d4b" outcome="Passed" testListId="8c84fa94-04c1-424b-9868-57a2d4851a1d" relativeResultsDirectory="5349819e-6e4c-4d9f-ad53-31acb3823a8b">
    </UnitTestResult>
    <UnitTestResult executionId="ee454e26-05ae-49da-b278-457ff9739221" testId="5e1118ed-9b53-f770-8503-6b91f9e32547" testName="canMoveBlackKnightDownRight" computerName="ITSSHAW" duration="00:00:00.0020341" startTime="2014-02-04T13:28:45.4219667+02:00" endTime="2014-02-04T13:28:45.4249772+02:00" testType="13cdc9d9-ddb5-4fa4-a97d-d965ccfc6d4b" outcome="Passed" testListId="8c84fa94-04c1-424b-9868-57a2d4851a1d" relativeResultsDirectory="ee454e26-05ae-49da-b278-457ff9739221">
    </UnitTestResult>
    <UnitTestResult executionId="e900ea77-74df-4128-b9ee-c7d1dbfa665b" testId="6cf57c02-d527-684a-9612-4d68bc5f29f6" testName="canMoveBlackKnightLeftDown" computerName="ITSSHAW" duration="00:00:00.0020870" startTime="2014-02-04T13:28:45.4249772+02:00" endTime="2014-02-04T13:28:45.4279877+02:00" testType="13cdc9d9-ddb5-4fa4-a97d-d965ccfc6d4b" outcome="Passed" testListId="8c84fa94-04c1-424b-9868-57a2d4851a1d" relativeResultsDirectory="e900ea77-74df-4128-b9ee-c7d1dbfa665b">
    </UnitTestResult>
    <UnitTestResult executionId="ef936a60-7095-4bf7-81c1-d8782ec377ce" testId="89133348-f31e-9131-8497-14e1440854d8" testName="canMoveBlackKnightLeftUp" computerName="ITSSHAW" duration="00:00:00.0021984" startTime="2014-02-04T13:28:45.4289912+02:00" endTime="2014-02-04T13:28:45.4320017+02:00" testType="13cdc9d9-ddb5-4fa4-a97d-d965ccfc6d4b" outcome="Passed" testListId="8c84fa94-04c1-424b-9868-57a2d4851a1d" relativeResultsDirectory="ef936a60-7095-4bf7-81c1-d8782ec377ce">
    </UnitTestResult>
    <UnitTestResult executionId="20af75dd-25ee-4399-b9b0-f42e4ed49f8a" testId="da7f9d67-6583-5b93-3103-caab5031e2e0" testName="canMoveBlackKnightRightDown" computerName="ITSSHAW" duration="00:00:00.0020833" startTime="2014-02-04T13:28:45.4340087+02:00" endTime="2014-02-04T13:28:45.4360157+02:00" testType="13cdc9d9-ddb5-4fa4-a97d-d965ccfc6d4b" outcome="Passed" testListId="8c84fa94-04c1-424b-9868-57a2d4851a1d" relativeResultsDirectory="20af75dd-25ee-4399-b9b0-f42e4ed49f8a">
    </UnitTestResult>
    <UnitTestResult executionId="e4c8cf90-0d3a-4a21-868b-54be8b3bb370" testId="b6442f0f-5bfd-8c1c-ad13-f1d69b3a8a06" testName="canMoveBlackKnightRightUp" computerName="ITSSHAW" duration="00:00:00.0021087" startTime="2014-02-04T13:28:45.4370192+02:00" endTime="2014-02-04T13:28:45.4400297+02:00" testType="13cdc9d9-ddb5-4fa4-a97d-d965ccfc6d4b" outcome="Passed" testListId="8c84fa94-04c1-424b-9868-57a2d4851a1d" relativeResultsDirectory="e4c8cf90-0d3a-4a21-868b-54be8b3bb370">
    </UnitTestResult>
    <UnitTestResult executionId="807fca86-a240-4bd0-a77e-cfea750214fb" testId="dec0744b-b5da-6a4d-ad0a-355a63963703" testName="canMoveBlackKnightUpLeft" computerName="ITSSHAW" duration="00:00:00.0020670" startTime="2014-02-04T13:28:45.4400297+02:00" endTime="2014-02-04T13:28:45.4430402+02:00" testType="13cdc9d9-ddb5-4fa4-a97d-d965ccfc6d4b" outcome="Passed" testListId="8c84fa94-04c1-424b-9868-57a2d4851a1d" relativeResultsDirectory="807fca86-a240-4bd0-a77e-cfea750214fb">
    </UnitTestResult>
    <UnitTestResult executionId="0279847d-5033-4164-8ec8-7f0e43a8a165" testId="aec32abe-a9a4-ee33-7558-1c7c2a3fabec" testName="canMoveBlackKnightUpRight" computerName="ITSSHAW" duration="00:00:00.0025639" startTime="2014-02-04T13:28:45.4440437+02:00" endTime="2014-02-04T13:28:45.4470542+02:00" testType="13cdc9d9-ddb5-4fa4-a97d-d965ccfc6d4b" outcome="Passed" testListId="8c84fa94-04c1-424b-9868-57a2d4851a1d" relativeResultsDirectory="0279847d-5033-4164-8ec8-7f0e43a8a165">
    </UnitTestResult>
    <UnitTestResult executionId="d295a208-cad7-4ac6-bc01-7b26de01ee67" testId="129b002c-1fd8-a858-11b5-efb8011f1c66" testName="canMoveWhiteKnightDownLeft" computerName="ITSSHAW" duration="00:00:00.0021292" startTime="2014-02-04T13:28:45.4480577+02:00" endTime="2014-02-04T13:28:45.4510682+02:00" testType="13cdc9d9-ddb5-4fa4-a97d-d965ccfc6d4b" outcome="Passed" testListId="8c84fa94-04c1-424b-9868-57a2d4851a1d" relativeResultsDirectory="d295a208-cad7-4ac6-bc01-7b26de01ee67">
    </UnitTestResult>
    <UnitTestResult executionId="6f9aafc8-e23e-4ae5-9073-21f1fd776da5" testId="3d0b3fd5-ed3e-b00a-e692-69db01d97037" testName="canMoveWhiteKnightDownRight" computerName="ITSSHAW" duration="00:00:00.0020761" startTime="2014-02-04T13:28:45.4520717+02:00" endTime="2014-02-04T13:28:45.4550822+02:00" testType="13cdc9d9-ddb5-4fa4-a97d-d965ccfc6d4b" outcome="Passed" testListId="8c84fa94-04c1-424b-9868-57a2d4851a1d" relativeResultsDirectory="6f9aafc8-e23e-4ae5-9073-21f1fd776da5">
    </UnitTestResult>
    <UnitTestResult executionId="27ea464e-905f-48df-ad90-5cee2b82c37b" testId="cf3b5912-6ae6-e0a1-b350-a9a883f44204" testName="canMoveWhiteKnightLeftDown" computerName="ITSSHAW" duration="00:00:00.0020945" startTime="2014-02-04T13:28:45.4560857+02:00" endTime="2014-02-04T13:28:45.4590962+02:00" testType="13cdc9d9-ddb5-4fa4-a97d-d965ccfc6d4b" outcome="Passed" testListId="8c84fa94-04c1-424b-9868-57a2d4851a1d" relativeResultsDirectory="27ea464e-905f-48df-ad90-5cee2b82c37b">
    </UnitTestResult>
    <UnitTestResult executionId="79698a78-002a-4055-9862-2222aa765ff8" testId="ed293079-60d8-dd36-58ca-ab1711252e1b" testName="canMoveWhiteKnightLeftUp" computerName="ITSSHAW" duration="00:00:00.0021144" startTime="2014-02-04T13:28:45.4590962+02:00" endTime="2014-02-04T13:28:45.4631102+02:00" testType="13cdc9d9-ddb5-4fa4-a97d-d965ccfc6d4b" outcome="Passed" testListId="8c84fa94-04c1-424b-9868-57a2d4851a1d" relativeResultsDirectory="79698a78-002a-4055-9862-2222aa765ff8">
    </UnitTestResult>
    <UnitTestResult executionId="e08089e2-7000-4bf5-91f1-82c972bb106d" testId="b1cacb72-0763-fed2-dae6-92a0ddd885e0" testName="canMoveWhiteKnightRightDown" computerName="ITSSHAW" duration="00:00:00.0020782" startTime="2014-02-04T13:28:45.4641137+02:00" endTime="2014-02-04T13:28:45.4661207+02:00" testType="13cdc9d9-ddb5-4fa4-a97d-d965ccfc6d4b" outcome="Passed" testListId="8c84fa94-04c1-424b-9868-57a2d4851a1d" relativeResultsDirectory="e08089e2-7000-4bf5-91f1-82c972bb106d">
    </UnitTestResult>
    <UnitTestResult executionId="990c8688-0cf3-4b1e-bac2-9010f23b9d3c" testId="b48545f1-36d0-2752-215f-8475388c03a6" testName="canMoveWhiteKnightRightUp" computerName="ITSSHAW" duration="00:00:00.0020284" startTime="2014-02-04T13:28:45.4671242+02:00" endTime="2014-02-04T13:28:45.4691312+02:00" testType="13cdc9d9-ddb5-4fa4-a97d-d965ccfc6d4b" outcome="Passed" testListId="8c84fa94-04c1-424b-9868-57a2d4851a1d" relativeResultsDirectory="990c8688-0cf3-4b1e-bac2-9010f23b9d3c">
    </UnitTestResult>
    <UnitTestResult executionId="c367bf23-b38c-4324-b6e4-4259f21e1822" testId="01e1d85e-511b-f54c-a1a1-900d1b604f70" testName="canMoveWhiteKnightUpLeft" computerName="ITSSHAW" duration="00:00:00.0020646" startTime="2014-02-04T13:28:45.4701347+02:00" endTime="2014-02-04T13:28:45.4731452+02:00" testType="13cdc9d9-ddb5-4fa4-a97d-d965ccfc6d4b" outcome="Passed" testListId="8c84fa94-04c1-424b-9868-57a2d4851a1d" relativeResultsDirectory="c367bf23-b38c-4324-b6e4-4259f21e1822">
    </UnitTestResult>
    <UnitTestResult executionId="8e608aaa-9d63-4060-9413-195e66cfd84f" testId="020bc553-c880-41f6-e7a5-5598075d4e67" testName="canMoveWhiteKnightUpRight" computerName="ITSSHAW" duration="00:00:00.0020507" startTime="2014-02-04T13:28:45.4741487+02:00" endTime="2014-02-04T13:28:45.4761557+02:00" testType="13cdc9d9-ddb5-4fa4-a97d-d965ccfc6d4b" outcome="Passed" testListId="8c84fa94-04c1-424b-9868-57a2d4851a1d" relativeResultsDirectory="8e608aaa-9d63-4060-9413-195e66cfd84f">
    </UnitTestResult>
    <UnitTestResult executionId="ffecaa4b-d218-47c3-b6b2-30fd2338696d" testId="5549ceba-3e9a-6148-26c8-8ad403ffbfa1" testName="cannotCaptureOwnPieceBottomLeft" computerName="ITSSHAW" duration="00:00:00.0024471" startTime="2014-02-04T13:28:45.4771592+02:00" endTime="2014-02-04T13:28:45.4811732+02:00" testType="13cdc9d9-ddb5-4fa4-a97d-d965ccfc6d4b" outcome="Passed" testListId="8c84fa94-04c1-424b-9868-57a2d4851a1d" relativeResultsDirectory="ffecaa4b-d218-47c3-b6b2-30fd2338696d">
    </UnitTestResult>
    <UnitTestResult executionId="54cf414a-9027-4509-acc5-6af680be2e9f" testId="12e63596-1c4e-b553-8314-65281f6114b3" testName="cannotCaptureOwnPieceBottomRight" computerName="ITSSHAW" duration="00:00:00.0023025" startTime="2014-02-04T13:28:45.4821767+02:00" endTime="2014-02-04T13:28:45.4851872+02:00" testType="13cdc9d9-ddb5-4fa4-a97d-d965ccfc6d4b" outcome="Passed" testListId="8c84fa94-04c1-424b-9868-57a2d4851a1d" relativeResultsDirectory="54cf414a-9027-4509-acc5-6af680be2e9f">
    </UnitTestResult>
    <UnitTestResult executionId="1acf87ba-86ea-4dfd-98e3-6669a387e8b2" testId="ad975496-37d7-dfa8-72c5-ed19caf4b8d6" testName="cannotCaptureOwnPieceLeftBottom" computerName="ITSSHAW" duration="00:00:00.0023203" startTime="2014-02-04T13:28:45.4851872+02:00" endTime="2014-02-04T13:28:45.4892012+02:00" testType="13cdc9d9-ddb5-4fa4-a97d-d965ccfc6d4b" outcome="Passed" testListId="8c84fa94-04c1-424b-9868-57a2d4851a1d" relativeResultsDirectory="1acf87ba-86ea-4dfd-98e3-6669a387e8b2">
    </UnitTestResult>
    <UnitTestResult executionId="d68f9d3c-202d-4263-b795-ab8229ff645a" testId="40d1b41f-84e9-0b2b-3898-954b6294bb34" testName="cannotCaptureOwnPieceLeftTop" computerName="ITSSHAW" duration="00:00:00.0025479" startTime="2014-02-04T13:28:45.4902047+02:00" endTime="2014-02-04T13:28:45.4932152+02:00" testType="13cdc9d9-ddb5-4fa4-a97d-d965ccfc6d4b" outcome="Passed" testListId="8c84fa94-04c1-424b-9868-57a2d4851a1d" relativeResultsDirectory="d68f9d3c-202d-4263-b795-ab8229ff645a">
    </UnitTestResult>
    <UnitTestResult executionId="4b98f5eb-445b-4de6-b4ef-907d32240c0d" testId="c281314e-828d-e156-cbd7-96cd2b327ed0" testName="cannotCaptureOwnPieceRightBottom" computerName="ITSSHAW" duration="00:00:00.0025349" startTime="2014-02-04T13:28:45.4942187+02:00" endTime="2014-02-04T13:28:45.4972292+02:00" testType="13cdc9d9-ddb5-4fa4-a97d-d965ccfc6d4b" outcome="Passed" testListId="8c84fa94-04c1-424b-9868-57a2d4851a1d" relativeResultsDirectory="4b98f5eb-445b-4de6-b4ef-907d32240c0d">
    </UnitTestResult>
    <UnitTestResult executionId="52c737da-ade3-4941-a663-827ef5244b2a" testId="84067fc2-a576-9ac6-6f3c-59ca7fae01b3" testName="cannotCaptureOwnPieceRightTop" computerName="ITSSHAW" duration="00:00:00.0023327" startTime="2014-02-04T13:28:45.4982327+02:00" endTime="2014-02-04T13:28:45.5012432+02:00" testType="13cdc9d9-ddb5-4fa4-a97d-d965ccfc6d4b" outcome="Passed" testListId="8c84fa94-04c1-424b-9868-57a2d4851a1d" relativeResultsDirectory="52c737da-ade3-4941-a663-827ef5244b2a">
    </UnitTestResult>
    <UnitTestResult executionId="34968005-12df-4c83-9208-ae4b883db8ea" testId="3b8989d4-9468-d4f5-4fa5-0c83cef3e6e3" testName="cannotCaptureOwnPieceTopLeft" computerName="ITSSHAW" duration="00:00:00.0023209" startTime="2014-02-04T13:28:45.5022467+02:00" endTime="2014-02-04T13:28:45.5052572+02:00" testType="13cdc9d9-ddb5-4fa4-a97d-d965ccfc6d4b" outcome="Passed" testListId="8c84fa94-04c1-424b-9868-57a2d4851a1d" relativeResultsDirectory="34968005-12df-4c83-9208-ae4b883db8ea">
    </UnitTestResult>
    <UnitTestResult executionId="950abd20-87e2-4769-8298-51171a1aab8f" testId="8b767757-2d46-6db2-6c72-a25020070dc1" testName="cannotCaptureOwnPieceTopRight" computerName="ITSSHAW" duration="00:00:00.0023804" startTime="2014-02-04T13:28:45.5062607+02:00" endTime="2014-02-04T13:28:45.5092712+02:00" testType="13cdc9d9-ddb5-4fa4-a97d-d965ccfc6d4b" outcome="Passed" testListId="8c84fa94-04c1-424b-9868-57a2d4851a1d" relativeResultsDirectory="950abd20-87e2-4769-8298-51171a1aab8f">
    </UnitTestResult>
    <UnitTestResult executionId="e9f0421f-e081-4e8b-96df-a36ea676e7cc" testId="f1a715f9-9cf1-9e64-a4be-97f94a04714c" testName="cannotMoveBlackKnightAnywayElse" computerName="ITSSHAW" duration="00:00:00.3008656" startTime="2014-02-04T13:28:45.5102747+02:00" endTime="2014-02-04T13:28:45.8133317+02:00" testType="13cdc9d9-ddb5-4fa4-a97d-d965ccfc6d4b" outcome="Passed" testListId="8c84fa94-04c1-424b-9868-57a2d4851a1d" relativeResultsDirectory="e9f0421f-e081-4e8b-96df-a36ea676e7cc">
    </UnitTestResult>
    <UnitTestResult executionId="c6ff5cf2-7edc-4c2a-ad06-3aa334fe99da" testId="98edb5da-2506-8b04-eeed-1852ef2aaf00" testName="cannotMoveWhiteKnightAnywayElse" computerName="ITSSHAW" duration="00:00:00.2256176" startTime="2014-02-04T13:28:45.8143352+02:00" endTime="2014-02-04T13:28:46.0411262+02:00" testType="13cdc9d9-ddb5-4fa4-a97d-d965ccfc6d4b" outcome="Passed" testListId="8c84fa94-04c1-424b-9868-57a2d4851a1d" relativeResultsDirectory="c6ff5cf2-7edc-4c2a-ad06-3aa334fe99da">
    </UnitTestResult>
    <UnitTestResult executionId="ef5c25e9-d735-4134-8e71-b9bbf04731ee" testId="070484d8-b78f-e4c9-05d6-cba7187facb9" testName="invalidMoveGivesCorrectPieceName" computerName="ITSSHAW" duration="00:00:00.0022171" startTime="2014-02-04T13:28:46.0431332+02:00" endTime="2014-02-04T13:28:46.0461437+02:00" testType="13cdc9d9-ddb5-4fa4-a97d-d965ccfc6d4b" outcome="Passed" testListId="8c84fa94-04c1-424b-9868-57a2d4851a1d" relativeResultsDirectory="ef5c25e9-d735-4134-8e71-b9bbf04731ee">
    </UnitTestResult>
    <UnitTestResult executionId="9801e595-07e4-4aad-9f28-c8a02cc2b2ad" testId="3a5598f0-2f6a-ab8e-56e4-280c59becd55" testName="noErrorOnTopLeft" computerName="ITSSHAW" duration="00:00:00.0007298" startTime="2014-02-04T13:28:46.0471472+02:00" endTime="2014-02-04T13:28:46.0481507+02:00" testType="13cdc9d9-ddb5-4fa4-a97d-d965ccfc6d4b" outcome="Passed" testListId="8c84fa94-04c1-424b-9868-57a2d4851a1d" relativeResultsDirectory="9801e595-07e4-4aad-9f28-c8a02cc2b2ad">
    </UnitTestResult>
    <UnitTestResult executionId="22174c33-b50c-42d6-ab96-875855e82e70" testId="4981dea8-f169-664c-472f-78db2ae78861" testName="noErrorOnTopRight" computerName="ITSSHAW" duration="00:00:00.0007108" startTime="2014-02-04T13:28:46.0491542+02:00" endTime="2014-02-04T13:28:46.0501577+02:00" testType="13cdc9d9-ddb5-4fa4-a97d-d965ccfc6d4b" outcome="Passed" testListId="8c84fa94-04c1-424b-9868-57a2d4851a1d" relativeResultsDirectory="22174c33-b50c-42d6-ab96-875855e82e70">
    </UnitTestResult>
    <UnitTestResult executionId="a66ab07c-39a2-41e8-b10e-0bc21aa94e33" testId="a64ca845-c01a-2574-9dc9-d481b1eb66ae" testName="noErrorWhenOnBottomLeft" computerName="ITSSHAW" duration="00:00:00.0009846" startTime="2014-02-04T13:28:46.0521647+02:00" endTime="2014-02-04T13:28:46.0531682+02:00" testType="13cdc9d9-ddb5-4fa4-a97d-d965ccfc6d4b" outcome="Passed" testListId="8c84fa94-04c1-424b-9868-57a2d4851a1d" relativeResultsDirectory="a66ab07c-39a2-41e8-b10e-0bc21aa94e33">
    </UnitTestResult>
    <UnitTestResult executionId="e59f6c7f-a244-42b7-b2cf-cc0858dad99b" testId="a39074e8-1a57-e5e3-5130-43a61b6aac16" testName="noErrorWhenOnBottomRight" computerName="ITSSHAW" duration="00:00:00.0008965" startTime="2014-02-04T13:28:46.0541717+02:00" endTime="2014-02-04T13:28:46.0561787+02:00" testType="13cdc9d9-ddb5-4fa4-a97d-d965ccfc6d4b" outcome="Passed" testListId="8c84fa94-04c1-424b-9868-57a2d4851a1d" relativeResultsDirectory="e59f6c7f-a244-42b7-b2cf-cc0858dad99b">
    </UnitTestResult>
    <UnitTestResult executionId="f4dd143a-2ee8-4072-b706-53e7d3983f33" testId="0c39fefa-5032-d364-0d53-99bb085e0982" testName="blackCannotTakeEmptyPieceLeft" computerName="ITSSHAW" duration="00:00:00.0018494" startTime="2014-02-04T13:28:46.0571822+02:00" endTime="2014-02-04T13:28:46.0591892+02:00" testType="13cdc9d9-ddb5-4fa4-a97d-d965ccfc6d4b" outcome="Passed" testListId="8c84fa94-04c1-424b-9868-57a2d4851a1d" relativeResultsDirectory="f4dd143a-2ee8-4072-b706-53e7d3983f33">
    </UnitTestResult>
    <UnitTestResult executionId="b001e425-2636-4357-bdd6-60738f501a2d" testId="072141a6-213d-f7c1-ad94-78892f83b7a0" testName="blackPawnCanMoveTwoSpacesAtStart" computerName="ITSSHAW" duration="00:00:00.0028410" startTime="2014-02-04T13:28:46.0611962+02:00" endTime="2014-02-04T13:28:46.0652102+02:00" testType="13cdc9d9-ddb5-4fa4-a97d-d965ccfc6d4b" outcome="Passed" testListId="8c84fa94-04c1-424b-9868-57a2d4851a1d" relativeResultsDirectory="b001e425-2636-4357-bdd6-60738f501a2d">
    </UnitTestResult>
    <UnitTestResult executionId="25889879-821a-4ce7-a259-b9a6afda2763" testId="cb78d65f-db30-1067-6355-33912c9c98b3" testName="blackPawnCannotMoveBackwards" computerName="ITSSHAW" duration="00:00:00.0025014" startTime="2014-02-04T13:28:46.0662137+02:00" endTime="2014-02-04T13:28:46.0692242+02:00" testType="13cdc9d9-ddb5-4fa4-a97d-d965ccfc6d4b" outcome="Passed" testListId="8c84fa94-04c1-424b-9868-57a2d4851a1d" relativeResultsDirectory="25889879-821a-4ce7-a259-b9a6afda2763">
    </UnitTestResult>
    <UnitTestResult executionId="ad193f47-e366-4022-8dda-cd049461c5bc" testId="8e7b2879-f716-116d-99dc-23f8e18ae182" testName="blackPawnCannotMoveTwoSpacesAfterStart" computerName="ITSSHAW" duration="00:00:00.0032244" startTime="2014-02-04T13:28:46.0702277+02:00" endTime="2014-02-04T13:28:46.0742417+02:00" testType="13cdc9d9-ddb5-4fa4-a97d-d965ccfc6d4b" outcome="Passed" testListId="8c84fa94-04c1-424b-9868-57a2d4851a1d" relativeResultsDirectory="ad193f47-e366-4022-8dda-cd049461c5bc">
    </UnitTestResult>
    <UnitTestResult executionId="c3a02944-cb02-4219-a3f0-26fa8ead2698" testId="d6be978c-e15f-fa6c-2dca-55f439cdf674" testName="blackPawnCannotTakeEmptyPieceRight" computerName="ITSSHAW" duration="00:00:00.0025675" startTime="2014-02-04T13:28:46.0762487+02:00" endTime="2014-02-04T13:28:46.0792592+02:00" testType="13cdc9d9-ddb5-4fa4-a97d-d965ccfc6d4b" outcome="Passed" testListId="8c84fa94-04c1-424b-9868-57a2d4851a1d" relativeResultsDirectory="c3a02944-cb02-4219-a3f0-26fa8ead2698">
    </UnitTestResult>
    <UnitTestResult executionId="87d6276d-0715-4d8c-a7ed-e4a4b8d92091" testId="31f39857-46fe-cad3-eea6-de16b677be95" testName="blackPawnCanTakePieceLeft" computerName="ITSSHAW" duration="00:00:00.0057143" startTime="2014-02-04T13:28:46.0802627+02:00" endTime="2014-02-04T13:28:46.0872872+02:00" testType="13cdc9d9-ddb5-4fa4-a97d-d965ccfc6d4b" outcome="Passed" testListId="8c84fa94-04c1-424b-9868-57a2d4851a1d" relativeResultsDirectory="87d6276d-0715-4d8c-a7ed-e4a4b8d92091">
    </UnitTestResult>
    <UnitTestResult executionId="e9a14707-3a72-4950-b8e1-7693761a95c3" testId="af7199b0-e83f-767d-57c7-bef2cae34aa3" testName="blackPawnCanTakePieceRight" computerName="ITSSHAW" duration="00:00:00.0051037" startTime="2014-02-04T13:28:46.0882907+02:00" endTime="2014-02-04T13:28:46.0943117+02:00" testType="13cdc9d9-ddb5-4fa4-a97d-d965ccfc6d4b" outcome="Passed" testListId="8c84fa94-04c1-424b-9868-57a2d4851a1d" relativeResultsDirectory="e9a14707-3a72-4950-b8e1-7693761a95c3">
    </UnitTestResult>
    <UnitTestResult executionId="df6afbde-e299-46e2-b902-2c2e5ab0a3c0" testId="74218563-c78e-d800-7101-79460a2a54a4" testName="canBlackPawnMoveOneSpaceForward" computerName="ITSSHAW" duration="00:00:00.0019671" startTime="2014-02-04T13:28:46.0953152+02:00" endTime="2014-02-04T13:28:46.0983257+02:00" testType="13cdc9d9-ddb5-4fa4-a97d-d965ccfc6d4b" outcome="Passed" testListId="8c84fa94-04c1-424b-9868-57a2d4851a1d" relativeResultsDirectory="df6afbde-e299-46e2-b902-2c2e5ab0a3c0">
    </UnitTestResult>
    <UnitTestResult executionId="e47aaac8-f621-46a7-971a-d286ce5dd0aa" testId="2ead5f87-4f49-9731-8b7d-274f7728f6ce" testName="cannotMove2AtStartIfPieceInTheWay" computerName="ITSSHAW" duration="00:00:00.0077700" startTime="2014-02-04T13:28:46.0993292+02:00" endTime="2014-02-04T13:28:46.1083607+02:00" testType="13cdc9d9-ddb5-4fa4-a97d-d965ccfc6d4b" outcome="Passed" testListId="8c84fa94-04c1-424b-9868-57a2d4851a1d" relativeResultsDirectory="e47aaac8-f621-46a7-971a-d286ce5dd0aa">
    </UnitTestResult>
    <UnitTestResult executionId="c002dd81-63dc-453c-b92b-79457ba7d65b" testId="f4345ccc-f7f8-a9d0-d85f-f34d1eaed95e" testName="cannotMove2AtStartIfPieceJustInFront" computerName="ITSSHAW" duration="00:00:00.0099273" startTime="2014-02-04T13:28:46.1083607+02:00" endTime="2014-02-04T13:28:46.1204027+02:00" testType="13cdc9d9-ddb5-4fa4-a97d-d965ccfc6d4b" outcome="Passed" testListId="8c84fa94-04c1-424b-9868-57a2d4851a1d" relativeResultsDirectory="c002dd81-63dc-453c-b92b-79457ba7d65b">
    </UnitTestResult>
    <UnitTestResult executionId="b5155ebc-7eac-4ba3-aaf5-45920c4a8d53" testId="1889f775-0977-2f85-bcf9-6dc4aeb0834c" testName="cannotMoveEnPassantIfOtherPieceNotAPawn" computerName="ITSSHAW" duration="00:00:00.0075804" startTime="2014-02-04T13:28:46.1204027+02:00" endTime="2014-02-04T13:28:46.1284307+02:00" testType="13cdc9d9-ddb5-4fa4-a97d-d965ccfc6d4b" outcome="Passed" testListId="8c84fa94-04c1-424b-9868-57a2d4851a1d" relativeResultsDirectory="b5155ebc-7eac-4ba3-aaf5-45920c4a8d53">
    </UnitTestResult>
    <UnitTestResult executionId="21f8f6d5-a670-4c60-9d23-50194016586c" testId="e4425b0f-0cb4-e465-5faf-5fa77fa81a46" testName="cannotMoveOneForwardWhenPieceInTheWay" computerName="ITSSHAW" duration="00:00:00.0008119" startTime="2014-02-04T13:28:46.1294342+02:00" endTime="2014-02-04T13:28:46.1314412+02:00" testType="13cdc9d9-ddb5-4fa4-a97d-d965ccfc6d4b" outcome="Passed" testListId="8c84fa94-04c1-424b-9868-57a2d4851a1d" relativeResultsDirectory="21f8f6d5-a670-4c60-9d23-50194016586c">
    </UnitTestResult>
    <UnitTestResult executionId="e88ae4ff-7df7-4d28-9841-b2abde5706ef" testId="17c89217-fc60-adea-d5e7-d8f5759cacf3" testName="cannotTakeOwnPieceDiagLeft" computerName="ITSSHAW" duration="00:00:00.0012976" startTime="2014-02-04T13:28:46.1324447+02:00" endTime="2014-02-04T13:28:46.1344517+02:00" testType="13cdc9d9-ddb5-4fa4-a97d-d965ccfc6d4b" outcome="Passed" testListId="8c84fa94-04c1-424b-9868-57a2d4851a1d" relativeResultsDirectory="e88ae4ff-7df7-4d28-9841-b2abde5706ef">
    </UnitTestResult>
    <UnitTestResult executionId="b53512b0-4283-4aa0-a0ff-8abefe4216e7" testId="557ea181-0881-47c7-90a7-baa142d9c0b1" testName="cannotTakeOwnPieceDiagRight" computerName="ITSSHAW" duration="00:00:00.0015666" startTime="2014-02-04T13:28:46.1354552+02:00" endTime="2014-02-04T13:28:46.1374622+02:00" testType="13cdc9d9-ddb5-4fa4-a97d-d965ccfc6d4b" outcome="Passed" testListId="8c84fa94-04c1-424b-9868-57a2d4851a1d" relativeResultsDirectory="b53512b0-4283-4aa0-a0ff-8abefe4216e7">
    </UnitTestResult>
    <UnitTestResult executionId="24cc839d-6d14-4920-88a5-f4ae07577036" testId="72153cfe-4389-9773-f6fd-6685bb51f896" testName="canTakePawnEnPassantLeft" computerName="ITSSHAW" duration="00:00:00.0077905" startTime="2014-02-04T13:28:46.1394692+02:00" endTime="2014-02-04T13:28:46.1485007+02:00" testType="13cdc9d9-ddb5-4fa4-a97d-d965ccfc6d4b" outcome="Passed" testListId="8c84fa94-04c1-424b-9868-57a2d4851a1d" relativeResultsDirectory="24cc839d-6d14-4920-88a5-f4ae07577036">
    </UnitTestResult>
    <UnitTestResult executionId="83e83331-dae1-420b-a7fc-1e722dcab856" testId="77a8b315-06d4-5fac-05d9-90fcccdac88f" testName="canTakePawnEnPassantRight" computerName="ITSSHAW" duration="00:00:00.0075372" startTime="2014-02-04T13:28:46.1495042+02:00" endTime="2014-02-04T13:28:46.1575322+02:00" testType="13cdc9d9-ddb5-4fa4-a97d-d965ccfc6d4b" outcome="Passed" testListId="8c84fa94-04c1-424b-9868-57a2d4851a1d" relativeResultsDirectory="83e83331-dae1-420b-a7fc-1e722dcab856">
    </UnitTestResult>
    <UnitTestResult executionId="e2535018-c038-4e7a-819e-819dee3c2deb" testId="276aeaf4-94bd-7cc4-0bfa-fd1b795b8f09" testName="canWhitePawnMoveOneSpaceForward" computerName="ITSSHAW" duration="00:00:00.0021872" startTime="2014-02-04T13:28:46.1585357+02:00" endTime="2014-02-04T13:28:46.1615462+02:00" testType="13cdc9d9-ddb5-4fa4-a97d-d965ccfc6d4b" outcome="Passed" testListId="8c84fa94-04c1-424b-9868-57a2d4851a1d" relativeResultsDirectory="e2535018-c038-4e7a-819e-819dee3c2deb">
    </UnitTestResult>
    <UnitTestResult executionId="09783af2-dfa9-4b81-b7fa-53c6eafbe783" testId="c9fb8199-30a5-e351-264b-e657ae13b916" testName="invalidMoveGivesCorrectPieceName" computerName="ITSSHAW" duration="00:00:00.0010009" startTime="2014-02-04T13:28:46.1625497+02:00" endTime="2014-02-04T13:28:46.1645567+02:00" testType="13cdc9d9-ddb5-4fa4-a97d-d965ccfc6d4b" outcome="Passed" testListId="8c84fa94-04c1-424b-9868-57a2d4851a1d" relativeResultsDirectory="09783af2-dfa9-4b81-b7fa-53c6eafbe783">
    </UnitTestResult>
    <UnitTestResult executionId="4a40afca-c949-4094-9a1f-073ac8463740" testId="6d29da73-1392-f864-ac11-db455215ce75" testName="moveEnPassantLeftNotImmediateThrowError" computerName="ITSSHAW" duration="00:00:00.0109748" startTime="2014-02-04T13:28:46.1655602+02:00" endTime="2014-02-04T13:28:46.1765987+02:00" testType="13cdc9d9-ddb5-4fa4-a97d-d965ccfc6d4b" outcome="Passed" testListId="8c84fa94-04c1-424b-9868-57a2d4851a1d" relativeResultsDirectory="4a40afca-c949-4094-9a1f-073ac8463740">
    </UnitTestResult>
    <UnitTestResult executionId="09c905d3-4a4c-4c1f-8c74-7b8072b9b303" testId="4f8f2480-799b-0be7-4437-c1ecf75fbaa1" testName="moveEnPassantLeftRemovesPiece" computerName="ITSSHAW" duration="00:00:00.0075394" startTime="2014-02-04T13:28:46.1786057+02:00" endTime="2014-02-04T13:28:46.1866337+02:00" testType="13cdc9d9-ddb5-4fa4-a97d-d965ccfc6d4b" outcome="Passed" testListId="8c84fa94-04c1-424b-9868-57a2d4851a1d" relativeResultsDirectory="09c905d3-4a4c-4c1f-8c74-7b8072b9b303">
    </UnitTestResult>
    <UnitTestResult executionId="4f039c39-4c7d-4b8c-b506-6632219e3599" testId="1ae802a5-bb94-ae3c-980c-cf0121da8a4a" testName="moveEnPassantRightNotImmediateThrowsError" computerName="ITSSHAW" duration="00:00:00.0109781" startTime="2014-02-04T13:28:46.1876372+02:00" endTime="2014-02-04T13:28:46.1996792+02:00" testType="13cdc9d9-ddb5-4fa4-a97d-d965ccfc6d4b" outcome="Passed" testListId="8c84fa94-04c1-424b-9868-57a2d4851a1d" relativeResultsDirectory="4f039c39-4c7d-4b8c-b506-6632219e3599">
    </UnitTestResult>
    <UnitTestResult executionId="53f9bf44-fb22-4de1-8929-bdad5ea03aa0" testId="978c0671-8eb9-8633-411e-8b65bb821d6c" testName="moveEnPassantRightRemovesPiece" computerName="ITSSHAW" duration="00:00:00.0078955" startTime="2014-02-04T13:28:46.2006827+02:00" endTime="2014-02-04T13:28:46.2097142+02:00" testType="13cdc9d9-ddb5-4fa4-a97d-d965ccfc6d4b" outcome="Passed" testListId="8c84fa94-04c1-424b-9868-57a2d4851a1d" relativeResultsDirectory="53f9bf44-fb22-4de1-8929-bdad5ea03aa0">
    </UnitTestResult>
    <UnitTestResult executionId="60ed1659-4c0c-4d02-97a1-c692ec3a596d" testId="31b640ce-2e58-2f38-568e-804147d116f8" testName="whitePawnCanMoveTwoSpacesAtStart" computerName="ITSSHAW" duration="00:00:00.0021274" startTime="2014-02-04T13:28:46.2107177+02:00" endTime="2014-02-04T13:28:46.2127247+02:00" testType="13cdc9d9-ddb5-4fa4-a97d-d965ccfc6d4b" outcome="Passed" testListId="8c84fa94-04c1-424b-9868-57a2d4851a1d" relativeResultsDirectory="60ed1659-4c0c-4d02-97a1-c692ec3a596d">
    </UnitTestResult>
    <UnitTestResult executionId="21d3aeb4-91fb-4c0b-b8fd-d88e3eaad6d0" testId="5e0522cb-aa6a-a547-6b61-65ded7b9398a" testName="whitePawnCannotMoveBackwards" computerName="ITSSHAW" duration="00:00:00.0027664" startTime="2014-02-04T13:28:46.2147317+02:00" endTime="2014-02-04T13:28:46.2177422+02:00" testType="13cdc9d9-ddb5-4fa4-a97d-d965ccfc6d4b" outcome="Passed" testListId="8c84fa94-04c1-424b-9868-57a2d4851a1d" relativeResultsDirectory="21d3aeb4-91fb-4c0b-b8fd-d88e3eaad6d0">
    </UnitTestResult>
    <UnitTestResult executionId="52659147-a200-40af-a20d-b576d14461e3" testId="35ff0ac0-4840-970b-a280-9a148d7f7af4" testName="whitePawnCannotMoveTwoSpacesAfterStart" computerName="ITSSHAW" duration="00:00:00.0035033" startTime="2014-02-04T13:28:46.2187457+02:00" endTime="2014-02-04T13:28:46.2237632+02:00" testType="13cdc9d9-ddb5-4fa4-a97d-d965ccfc6d4b" outcome="Passed" testListId="8c84fa94-04c1-424b-9868-57a2d4851a1d" relativeResultsDirectory="52659147-a200-40af-a20d-b576d14461e3">
    </UnitTestResult>
    <UnitTestResult executionId="d06ebcb6-6abf-4bde-859f-ac024942dac8" testId="76d2cb65-6735-d8b0-b056-6bd2e46786ef" testName="whitePawnCannotTakeEmptyPieceLeft" computerName="ITSSHAW" duration="00:00:00.0026095" startTime="2014-02-04T13:28:46.2237632+02:00" endTime="2014-02-04T13:28:46.2277772+02:00" testType="13cdc9d9-ddb5-4fa4-a97d-d965ccfc6d4b" outcome="Passed" testListId="8c84fa94-04c1-424b-9868-57a2d4851a1d" relativeResultsDirectory="d06ebcb6-6abf-4bde-859f-ac024942dac8">
    </UnitTestResult>
    <UnitTestResult executionId="ba50c59b-3bee-4d1d-aa1c-d8cfea671c62" testId="85ab3335-8bf0-ecfa-98f7-0db700370fe2" testName="whitePawnCannotTakeEmptyPieceRight" computerName="ITSSHAW" duration="00:00:00.0027686" startTime="2014-02-04T13:28:46.2287807+02:00" endTime="2014-02-04T13:28:46.2327947+02:00" testType="13cdc9d9-ddb5-4fa4-a97d-d965ccfc6d4b" outcome="Passed" testListId="8c84fa94-04c1-424b-9868-57a2d4851a1d" relativeResultsDirectory="ba50c59b-3bee-4d1d-aa1c-d8cfea671c62">
    </UnitTestResult>
    <UnitTestResult executionId="ee75fb37-851a-4c4c-9203-b108e22d364c" testId="f1502619-456c-8ace-3118-e479f255cb31" testName="whitePawnCannotTakeTwoRowsForwardAtStart" computerName="ITSSHAW" duration="00:00:00.0107447" startTime="2014-02-04T13:28:46.2327947+02:00" endTime="2014-02-04T13:28:46.2448367+02:00" testType="13cdc9d9-ddb5-4fa4-a97d-d965ccfc6d4b" outcome="Passed" testListId="8c84fa94-04c1-424b-9868-57a2d4851a1d" relativeResultsDirectory="ee75fb37-851a-4c4c-9203-b108e22d364c">
    </UnitTestResult>
    <UnitTestResult executionId="5aef1832-e087-43c6-ada3-e5f430ba1383" testId="f9b6fa3b-c686-0e22-5a5c-d78c0f5f065a" testName="whitePawnCanTakePieceLeft" computerName="ITSSHAW" duration="00:00:00.0050418" startTime="2014-02-04T13:28:46.2458402+02:00" endTime="2014-02-04T13:28:46.2518612+02:00" testType="13cdc9d9-ddb5-4fa4-a97d-d965ccfc6d4b" outcome="Passed" testListId="8c84fa94-04c1-424b-9868-57a2d4851a1d" relativeResultsDirectory="5aef1832-e087-43c6-ada3-e5f430ba1383">
    </UnitTestResult>
    <UnitTestResult executionId="a96c4407-581a-414b-bf43-d19ecc6ada30" testId="efc90440-a3c1-87f7-fff9-787ea282e06e" testName="whitePawnCanTakePieceRight" computerName="ITSSHAW" duration="00:00:00.0053219" startTime="2014-02-04T13:28:46.2528647+02:00" endTime="2014-02-04T13:28:46.2588857+02:00" testType="13cdc9d9-ddb5-4fa4-a97d-d965ccfc6d4b" outcome="Passed" testListId="8c84fa94-04c1-424b-9868-57a2d4851a1d" relativeResultsDirectory="a96c4407-581a-414b-bf43-d19ecc6ada30">
    </UnitTestResult>
    <UnitTestResult executionId="859fd074-b947-45de-97ed-9f2919f087a7" testId="2d6867c6-934d-12ca-881f-8ca2af17d2e4" testName="canMoveQueenDiagDownLeft" computerName="ITSSHAW" duration="00:00:00.0191906" startTime="2014-02-04T13:28:46.2598892+02:00" endTime="2014-02-04T13:28:46.2799592+02:00" testType="13cdc9d9-ddb5-4fa4-a97d-d965ccfc6d4b" outcome="Passed" testListId="8c84fa94-04c1-424b-9868-57a2d4851a1d" relativeResultsDirectory="859fd074-b947-45de-97ed-9f2919f087a7">
    </UnitTestResult>
    <UnitTestResult executionId="5c1c1cf3-c896-4066-837b-c899ce1688da" testId="e7f23f39-7057-048c-f8c3-7322c51edfe0" testName="canMoveQueenDiagDownRight" computerName="ITSSHAW" duration="00:00:00.0188070" startTime="2014-02-04T13:28:46.2819662+02:00" endTime="2014-02-04T13:28:46.3010327+02:00" testType="13cdc9d9-ddb5-4fa4-a97d-d965ccfc6d4b" outcome="Passed" testListId="8c84fa94-04c1-424b-9868-57a2d4851a1d" relativeResultsDirectory="5c1c1cf3-c896-4066-837b-c899ce1688da">
    </UnitTestResult>
    <UnitTestResult executionId="0c03e4b1-adfa-4feb-9900-e40ed09ad426" testId="2a82fa15-d608-6e25-a9ff-4f118775d58a" testName="canMoveQueenDiagUpLeft" computerName="ITSSHAW" duration="00:00:00.0187348" startTime="2014-02-04T13:28:46.3020362+02:00" endTime="2014-02-04T13:28:46.3221062+02:00" testType="13cdc9d9-ddb5-4fa4-a97d-d965ccfc6d4b" outcome="Passed" testListId="8c84fa94-04c1-424b-9868-57a2d4851a1d" relativeResultsDirectory="0c03e4b1-adfa-4feb-9900-e40ed09ad426">
    </UnitTestResult>
    <UnitTestResult executionId="2dcd99eb-ef2e-4aec-a728-dfd9d7be769e" testId="e3792867-8253-4fa3-d7e9-04dbc55b7bd0" testName="canMoveQueenDiagUpRight" computerName="ITSSHAW" duration="00:00:00.0252902" startTime="2014-02-04T13:28:46.3231097+02:00" endTime="2014-02-04T13:28:46.3492007+02:00" testType="13cdc9d9-ddb5-4fa4-a97d-d965ccfc6d4b" outcome="Passed" testListId="8c84fa94-04c1-424b-9868-57a2d4851a1d" relativeResultsDirectory="2dcd99eb-ef2e-4aec-a728-dfd9d7be769e">
    </UnitTestResult>
    <UnitTestResult executionId="e73e0221-026c-4505-b025-257222dbaa17" testId="62090d81-bf34-b23d-be59-e474692bb2bb" testName="canMoveQueenHorizontallyLeft" computerName="ITSSHAW" duration="00:00:00.0184788" startTime="2014-02-04T13:28:46.3512077+02:00" endTime="2014-02-04T13:28:46.3702742+02:00" testType="13cdc9d9-ddb5-4fa4-a97d-d965ccfc6d4b" outcome="Passed" testListId="8c84fa94-04c1-424b-9868-57a2d4851a1d" relativeResultsDirectory="e73e0221-026c-4505-b025-257222dbaa17">
    </UnitTestResult>
    <UnitTestResult executionId="f67b67e3-dfe0-45a4-8e79-e8049e356b68" testId="4a2195e8-be6f-2084-7664-243a4cb97e3b" testName="canMoveQueenHorizontallyRight" computerName="ITSSHAW" duration="00:00:00.0255380" startTime="2014-02-04T13:28:46.3712777+02:00" endTime="2014-02-04T13:28:46.3973687+02:00" testType="13cdc9d9-ddb5-4fa4-a97d-d965ccfc6d4b" outcome="Passed" testListId="8c84fa94-04c1-424b-9868-57a2d4851a1d" relativeResultsDirectory="f67b67e3-dfe0-45a4-8e79-e8049e356b68">
    </UnitTestResult>
    <UnitTestResult executionId="92e13a6b-3225-4945-a424-86a270ee269e" testId="01079ac0-f339-2360-8171-8d0e80010056" testName="canMoveQueenVerticallyDown" computerName="ITSSHAW" duration="00:00:00.0196844" startTime="2014-02-04T13:28:46.3993757+02:00" endTime="2014-02-04T13:28:46.4204492+02:00" testType="13cdc9d9-ddb5-4fa4-a97d-d965ccfc6d4b" outcome="Passed" testListId="8c84fa94-04c1-424b-9868-57a2d4851a1d" relativeResultsDirectory="92e13a6b-3225-4945-a424-86a270ee269e">
    </UnitTestResult>
    <UnitTestResult executionId="7a7cf61f-a5dc-40e3-9ff2-8a351712bdee" testId="61071a05-3bb9-84f7-1063-093a7badabca" testName="canMoveQueenVerticallyUp" computerName="ITSSHAW" duration="00:00:00.0255600" startTime="2014-02-04T13:28:46.4214527+02:00" endTime="2014-02-04T13:28:46.4475437+02:00" testType="13cdc9d9-ddb5-4fa4-a97d-d965ccfc6d4b" outcome="Passed" testListId="8c84fa94-04c1-424b-9868-57a2d4851a1d" relativeResultsDirectory="7a7cf61f-a5dc-40e3-9ff2-8a351712bdee">
    </UnitTestResult>
    <UnitTestResult executionId="d97b4b72-9947-4870-9380-ece80b15661f" testId="c402f9ec-8f13-951f-df43-c12680e572ae" testName="invalidMoveGivesCorrectPieceName" computerName="ITSSHAW" duration="00:00:00.0074684" startTime="2014-02-04T13:28:46.4495507+02:00" endTime="2014-02-04T13:28:46.4575787+02:00" testType="13cdc9d9-ddb5-4fa4-a97d-d965ccfc6d4b" outcome="Passed" testListId="8c84fa94-04c1-424b-9868-57a2d4851a1d" relativeResultsDirectory="d97b4b72-9947-4870-9380-ece80b15661f">
    </UnitTestResult>
    <UnitTestResult executionId="fa72c751-d1a5-4c5e-81a9-44ef68038046" testId="623f0bb4-6cd6-0db1-bf8f-7a93fb8b942e" testName="canMoveBlackRookHorizonallyLeft" computerName="ITSSHAW" duration="00:00:00.0137385" startTime="2014-02-04T13:28:46.4585822+02:00" endTime="2014-02-04T13:28:46.4726312+02:00" testType="13cdc9d9-ddb5-4fa4-a97d-d965ccfc6d4b" outcome="Passed" testListId="8c84fa94-04c1-424b-9868-57a2d4851a1d" relativeResultsDirectory="fa72c751-d1a5-4c5e-81a9-44ef68038046">
    </UnitTestResult>
    <UnitTestResult executionId="dd8f6a50-75f6-4514-8b3e-5fd3a6123f15" testId="30e04109-c65f-2193-e674-b29f22492ca5" testName="canMoveBlackRookHorizontallyRight" computerName="ITSSHAW" duration="00:00:00.0104130" startTime="2014-02-04T13:28:46.4736347+02:00" endTime="2014-02-04T13:28:46.4846732+02:00" testType="13cdc9d9-ddb5-4fa4-a97d-d965ccfc6d4b" outcome="Passed" testListId="8c84fa94-04c1-424b-9868-57a2d4851a1d" relativeResultsDirectory="dd8f6a50-75f6-4514-8b3e-5fd3a6123f15">
    </UnitTestResult>
    <UnitTestResult executionId="0efc276a-c5b1-4651-86d9-00101517f204" testId="80cf12b5-407d-385e-fa57-ce82569f7e4e" testName="canMoveBlackRookVerticallyDown" computerName="ITSSHAW" duration="00:00:00.0136833" startTime="2014-02-04T13:28:46.4856767+02:00" endTime="2014-02-04T13:28:46.4997257+02:00" testType="13cdc9d9-ddb5-4fa4-a97d-d965ccfc6d4b" outcome="Passed" testListId="8c84fa94-04c1-424b-9868-57a2d4851a1d" relativeResultsDirectory="0efc276a-c5b1-4651-86d9-00101517f204">
    </UnitTestResult>
    <UnitTestResult executionId="2d4b7bac-7625-4288-bee0-94b0ee5bc3a9" testId="4e5788c1-ada8-e773-ce47-116c6628d2aa" testName="canMoveBlackRookVerticallyUp" computerName="ITSSHAW" duration="00:00:00.0106352" startTime="2014-02-04T13:28:46.5017327+02:00" endTime="2014-02-04T13:28:46.5127712+02:00" testType="13cdc9d9-ddb5-4fa4-a97d-d965ccfc6d4b" outcome="Passed" testListId="8c84fa94-04c1-424b-9868-57a2d4851a1d" relativeResultsDirectory="2d4b7bac-7625-4288-bee0-94b0ee5bc3a9">
    </UnitTestResult>
    <UnitTestResult executionId="a06aab3d-70ba-4ce9-925d-1861c26fd1c0" testId="59555551-2870-ef13-6be7-cabc129b6b60" testName="canMoveWhiteRookHorizontallyLeft" computerName="ITSSHAW" duration="00:00:00.0110695" startTime="2014-02-04T13:28:46.5137747+02:00" endTime="2014-02-04T13:28:46.5258167+02:00" testType="13cdc9d9-ddb5-4fa4-a97d-d965ccfc6d4b" outcome="Passed" testListId="8c84fa94-04c1-424b-9868-57a2d4851a1d" relativeResultsDirectory="a06aab3d-70ba-4ce9-925d-1861c26fd1c0">
    </UnitTestResult>
    <UnitTestResult executionId="5065765c-2d9e-41e8-88fc-2b4db7dede27" testId="cd30a197-746f-89fa-f26c-aad357b6347f" testName="canMoveWhiteRookHorizontallyRight" computerName="ITSSHAW" duration="00:00:00.0137711" startTime="2014-02-04T13:28:46.5278237+02:00" endTime="2014-02-04T13:28:46.5418727+02:00" testType="13cdc9d9-ddb5-4fa4-a97d-d965ccfc6d4b" outcome="Passed" testListId="8c84fa94-04c1-424b-9868-57a2d4851a1d" relativeResultsDirectory="5065765c-2d9e-41e8-88fc-2b4db7dede27">
    </UnitTestResult>
    <UnitTestResult executionId="46d7fa65-c96a-4fd8-83aa-95f15f4662b7" testId="7ff00668-a1d1-598b-ea2d-b4d066dc2a94" testName="canMoveWhiteRookVerticallyDown" computerName="ITSSHAW" duration="00:00:00.0102083" startTime="2014-02-04T13:28:46.5428762+02:00" endTime="2014-02-04T13:28:46.5549182+02:00" testType="13cdc9d9-ddb5-4fa4-a97d-d965ccfc6d4b" outcome="Passed" testListId="8c84fa94-04c1-424b-9868-57a2d4851a1d" relativeResultsDirectory="46d7fa65-c96a-4fd8-83aa-95f15f4662b7">
    </UnitTestResult>
    <UnitTestResult executionId="be4c663e-df08-4b5f-8ff8-ccc22e27a32a" testId="6d564f94-5eaa-e990-ac62-ae2a50bad2a5" testName="canMoveWhiteRookVerticallyUp" computerName="ITSSHAW" duration="00:00:00.0131840" startTime="2014-02-04T13:28:46.5559217+02:00" endTime="2014-02-04T13:28:46.5699707+02:00" testType="13cdc9d9-ddb5-4fa4-a97d-d965ccfc6d4b" outcome="Passed" testListId="8c84fa94-04c1-424b-9868-57a2d4851a1d" relativeResultsDirectory="be4c663e-df08-4b5f-8ff8-ccc22e27a32a">
    </UnitTestResult>
    <UnitTestResult executionId="21cb399b-7a01-4c25-b59f-5ff1cedbf107" testId="a5b7c6bb-ac35-2bcc-b00a-fa06ab788ad9" testName="cannotCaptureOwnPieceHorizontallyLeft" computerName="ITSSHAW" duration="00:00:00.0036071" startTime="2014-02-04T13:28:46.5709742+02:00" endTime="2014-02-04T13:28:46.5749882+02:00" testType="13cdc9d9-ddb5-4fa4-a97d-d965ccfc6d4b" outcome="Passed" testListId="8c84fa94-04c1-424b-9868-57a2d4851a1d" relativeResultsDirectory="21cb399b-7a01-4c25-b59f-5ff1cedbf107">
    </UnitTestResult>
    <UnitTestResult executionId="034e1087-4055-4d1d-a629-3b73d54076bd" testId="e12fb60a-f115-e1f0-522a-512140600c5d" testName="cannotCaptureOwnPieceHorizontallyRight" computerName="ITSSHAW" duration="00:00:00.0032570" startTime="2014-02-04T13:28:46.5759917+02:00" endTime="2014-02-04T13:28:46.5800057+02:00" testType="13cdc9d9-ddb5-4fa4-a97d-d965ccfc6d4b" outcome="Passed" testListId="8c84fa94-04c1-424b-9868-57a2d4851a1d" relativeResultsDirectory="034e1087-4055-4d1d-a629-3b73d54076bd">
    </UnitTestResult>
    <UnitTestResult executionId="612da4f5-3a22-4f12-9a86-68c979c2a19a" testId="9f249bfa-9307-bb63-1468-401f06cff04f" testName="cannotCaptureOwnPieceVerticallyDown" computerName="ITSSHAW" duration="00:00:00.0036020" startTime="2014-02-04T13:28:46.5810092+02:00" endTime="2014-02-04T13:28:46.5860267+02:00" testType="13cdc9d9-ddb5-4fa4-a97d-d965ccfc6d4b" outcome="Passed" testListId="8c84fa94-04c1-424b-9868-57a2d4851a1d" relativeResultsDirectory="612da4f5-3a22-4f12-9a86-68c979c2a19a">
    </UnitTestResult>
    <UnitTestResult executionId="6b883f15-88cc-4fad-9af9-46f3882ef4fd" testId="40c80f36-2521-e262-e128-84747b64c92c" testName="cannotCaptureOwnPieceVerticallyUp" computerName="ITSSHAW" duration="00:00:00.0033442" startTime="2014-02-04T13:28:46.5870302+02:00" endTime="2014-02-04T13:28:46.5910442+02:00" testType="13cdc9d9-ddb5-4fa4-a97d-d965ccfc6d4b" outcome="Passed" testListId="8c84fa94-04c1-424b-9868-57a2d4851a1d" relativeResultsDirectory="6b883f15-88cc-4fad-9af9-46f3882ef4fd">
    </UnitTestResult>
    <UnitTestResult executionId="0a531411-25de-43da-b0cb-891e3ac539a3" testId="e3b4f7d1-fd34-7000-16fb-2198b034047c" testName="cannotMoveRookPastCaptureHorizontallyLeft" computerName="ITSSHAW" duration="00:00:00.0035573" startTime="2014-02-04T13:28:46.5930512+02:00" endTime="2014-02-04T13:28:46.5970652+02:00" testType="13cdc9d9-ddb5-4fa4-a97d-d965ccfc6d4b" outcome="Passed" testListId="8c84fa94-04c1-424b-9868-57a2d4851a1d" relativeResultsDirectory="0a531411-25de-43da-b0cb-891e3ac539a3">
    </UnitTestResult>
    <UnitTestResult executionId="c43984d2-79f2-4c30-9dc0-8b285a4b4219" testId="55a6d228-78a5-d622-034e-b73abe2c7a6d" testName="cannotMoveRookPastCaptureHorizontallyRight" computerName="ITSSHAW" duration="00:00:00.0037810" startTime="2014-02-04T13:28:46.5980687+02:00" endTime="2014-02-04T13:28:46.6030862+02:00" testType="13cdc9d9-ddb5-4fa4-a97d-d965ccfc6d4b" outcome="Passed" testListId="8c84fa94-04c1-424b-9868-57a2d4851a1d" relativeResultsDirectory="c43984d2-79f2-4c30-9dc0-8b285a4b4219">
    </UnitTestResult>
    <UnitTestResult executionId="1582e96d-0bcf-48b8-bb2a-95c2d025edfc" testId="47054227-bef7-8a81-5406-698a72b51579" testName="cannotMoveRookPastCaptureVerticallyDown" computerName="ITSSHAW" duration="00:00:00.0035872" startTime="2014-02-04T13:28:46.6040897+02:00" endTime="2014-02-04T13:28:46.6091072+02:00" testType="13cdc9d9-ddb5-4fa4-a97d-d965ccfc6d4b" outcome="Passed" testListId="8c84fa94-04c1-424b-9868-57a2d4851a1d" relativeResultsDirectory="1582e96d-0bcf-48b8-bb2a-95c2d025edfc">
    </UnitTestResult>
    <UnitTestResult executionId="027d8a6b-ed96-469f-b028-53da57277594" testId="a0f3f893-c4ef-ab53-8734-d2a1d7c9bd6f" testName="cannotMoveRookPastCaptureVerticallyUp" computerName="ITSSHAW" duration="00:00:00.0035313" startTime="2014-02-04T13:28:46.6111142+02:00" endTime="2014-02-04T13:28:46.6151282+02:00" testType="13cdc9d9-ddb5-4fa4-a97d-d965ccfc6d4b" outcome="Passed" testListId="8c84fa94-04c1-424b-9868-57a2d4851a1d" relativeResultsDirectory="027d8a6b-ed96-469f-b028-53da57277594">
    </UnitTestResult>
    <UnitTestResult executionId="7f57075b-cbe1-48a4-8219-7d8dd7b0e595" testId="cc5c40cc-583d-811b-ee50-c1611290992c" testName="invalidMoveGivesCorrectPieceName" computerName="ITSSHAW" duration="00:00:00.0035857" startTime="2014-02-04T13:28:46.6171352+02:00" endTime="2014-02-04T13:28:46.6211492+02:00" testType="13cdc9d9-ddb5-4fa4-a97d-d965ccfc6d4b" outcome="Passed" testListId="8c84fa94-04c1-424b-9868-57a2d4851a1d" relativeResultsDirectory="7f57075b-cbe1-48a4-8219-7d8dd7b0e595">
    </UnitTestResult>
  </Results>
</TestRun>