<?xml version="1.0" encoding="UTF-8"?>
<TestRun id="da471ebe-4559-4061-81e4-881ba029de66" name="Shaneh@ITSSHAW 2014-02-04 13:43:45" runUser="NETWORK\Shaneh" xmlns="http://microsoft.com/schemas/VisualStudio/TeamTest/2010">
  <TestSettings name="Default Test Settings" id="dc74085e-d236-4e5c-be8e-73a11ddd8507">
    <Execution>
      <TestTypeSpecific />
      <AgentRule name="Execution Agents">
      </AgentRule>
    </Execution>
    <Deployment runDeploymentRoot="Shaneh_ITSSHAW 2014-02-04 13_43_45" />
  </TestSettings>
  <Times creation="2014-02-04T13:43:45.7989346+02:00" queuing="2014-02-04T13:43:46.6711090+02:00" start="2014-02-04T13:43:46.7851318+02:00" finish="2014-02-04T13:43:48.7215190+02:00" />
  <ResultSummary outcome="Completed">
    <Counters total="179" executed="179" passed="179" error="0" failed="0" timeout="0" aborted="0" inconclusive="0" passedButRunAborted="0" notRunnable="0" notExecuted="0" disconnected="0" warning="0" completed="0" inProgress="0" pending="0" />
  </ResultSummary>
  <TestDefinitions>
    <UnitTest name="areKingsSetup" storage="..\chesstests\bin\debug\chesstests.dll" id="f4c8b637-ea9c-8efa-a91b-fbb27555fab4">
      <Execution timeOut="1800000" id="6e2c603a-b262-4fb7-a74d-5fef10c7c272" />
      <TestMethod codeBase="C:/Users/ShaneH/Documents/Visual Studio 2012/Projects/Chess/ChessTests/bin/Debug/ChessTests.dll" adapterTypeName="Microsoft.VisualStudio.TestTools.TestTypes.Unit.UnitTestAdapter, Microsoft.VisualStudio.QualityTools.Tips.UnitTest.Adapter, Version=11.0.0.0, Culture=neutral, PublicKeyToken=b03f5f7f11d50a3a" className="ChessTests.ChessTests, ChessTests, Version=1.0.0.0, Culture=neutral, PublicKeyToken=null" name="areKingsSetup" />
    </UnitTest>
    <UnitTest name="cannotMoveIntoCheckWithKnight" storage="..\chesstests\bin\debug\chesstests.dll" id="034cb968-1bbc-2a0a-9d7d-a0af59680564">
      <Execution timeOut="1800000" id="67e5ef75-2973-4720-936d-1f0aa27c4961" />
      <TestMethod codeBase="C:/Users/ShaneH/Documents/Visual Studio 2012/Projects/Chess/ChessTests/bin/Debug/ChessTests.dll" adapterTypeName="Microsoft.VisualStudio.TestTools.TestTypes.Unit.UnitTestAdapter, Microsoft.VisualStudio.QualityTools.Tips.UnitTest.Adapter, Version=11.0.0.0, Culture=neutral, PublicKeyToken=b03f5f7f11d50a3a" className="ChessTests.CheckTests, ChessTests, Version=1.0.0.0, Culture=neutral, PublicKeyToken=null" name="cannotMoveIntoCheckWithKnight" />
    </UnitTest>
    <UnitTest name="cannotMoveRookPastCaptureVerticallyDown" storage="..\chesstests\bin\debug\chesstests.dll" id="47054227-bef7-8a81-5406-698a72b51579">
      <Execution timeOut="1800000" id="4b040f4a-e7d2-4ce6-a18a-0ac743324cc5" />
      <TestMethod codeBase="C:/Users/ShaneH/Documents/Visual Studio 2012/Projects/Chess/ChessTests/bin/Debug/ChessTests.dll" adapterTypeName="Microsoft.VisualStudio.TestTools.TestTypes.Unit.UnitTestAdapter, Microsoft.VisualStudio.QualityTools.Tips.UnitTest.Adapter, Version=11.0.0.0, Culture=neutral, PublicKeyToken=b03f5f7f11d50a3a" className="ChessTests.RookTests, ChessTests, Version=1.0.0.0, Culture=neutral, PublicKeyToken=null" name="cannotMoveRookPastCaptureVerticallyDown" />
    </UnitTest>
    <UnitTest name="canMoveWhiteKnightDownRight" storage="..\chesstests\bin\debug\chesstests.dll" id="3d0b3fd5-ed3e-b00a-e692-69db01d97037">
      <Execution timeOut="1800000" id="e158f7b2-0299-4c4b-bd7b-b6a543a19261" />
      <TestMethod codeBase="C:/Users/ShaneH/Documents/Visual Studio 2012/Projects/Chess/ChessTests/bin/Debug/ChessTests.dll" adapterTypeName="Microsoft.VisualStudio.TestTools.TestTypes.Unit.UnitTestAdapter, Microsoft.VisualStudio.QualityTools.Tips.UnitTest.Adapter, Version=11.0.0.0, Culture=neutral, PublicKeyToken=b03f5f7f11d50a3a" className="ChessTests.KnightTests, ChessTests, Version=1.0.0.0, Culture=neutral, PublicKeyToken=null" name="canMoveWhiteKnightDownRight" />
    </UnitTest>
    <UnitTest name="cannotMoveBlackKnightAnywayElse" storage="..\chesstests\bin\debug\chesstests.dll" id="f1a715f9-9cf1-9e64-a4be-97f94a04714c">
      <Execution timeOut="1800000" id="f1463842-a773-4555-8ebc-06446b8f1cba" />
      <TestMethod codeBase="C:/Users/ShaneH/Documents/Visual Studio 2012/Projects/Chess/ChessTests/bin/Debug/ChessTests.dll" adapterTypeName="Microsoft.VisualStudio.TestTools.TestTypes.Unit.UnitTestAdapter, Microsoft.VisualStudio.QualityTools.Tips.UnitTest.Adapter, Version=11.0.0.0, Culture=neutral, PublicKeyToken=b03f5f7f11d50a3a" className="ChessTests.KnightTests, ChessTests, Version=1.0.0.0, Culture=neutral, PublicKeyToken=null" name="cannotMoveBlackKnightAnywayElse" />
    </UnitTest>
    <UnitTest name="cannotCaptureOwnPieceBottomRight" storage="..\chesstests\bin\debug\chesstests.dll" id="12e63596-1c4e-b553-8314-65281f6114b3">
      <Execution timeOut="1800000" id="c9b1a2ff-9a12-48e9-b707-c9ca8af45849" />
      <TestMethod codeBase="C:/Users/ShaneH/Documents/Visual Studio 2012/Projects/Chess/ChessTests/bin/Debug/ChessTests.dll" adapterTypeName="Microsoft.VisualStudio.TestTools.TestTypes.Unit.UnitTestAdapter, Microsoft.VisualStudio.QualityTools.Tips.UnitTest.Adapter, Version=11.0.0.0, Culture=neutral, PublicKeyToken=b03f5f7f11d50a3a" className="ChessTests.KnightTests, ChessTests, Version=1.0.0.0, Culture=neutral, PublicKeyToken=null" name="cannotCaptureOwnPieceBottomRight" />
    </UnitTest>
    <UnitTest name="canTakePawnEnPassantRight" storage="..\chesstests\bin\debug\chesstests.dll" id="77a8b315-06d4-5fac-05d9-90fcccdac88f">
      <Execution timeOut="1800000" id="6e70a59c-b768-4358-b248-f3c15d5e6154" />
      <TestMethod codeBase="C:/Users/ShaneH/Documents/Visual Studio 2012/Projects/Chess/ChessTests/bin/Debug/ChessTests.dll" adapterTypeName="Microsoft.VisualStudio.TestTools.TestTypes.Unit.UnitTestAdapter, Microsoft.VisualStudio.QualityTools.Tips.UnitTest.Adapter, Version=11.0.0.0, Culture=neutral, PublicKeyToken=b03f5f7f11d50a3a" className="ChessTests.PawnTests, ChessTests, Version=1.0.0.0, Culture=neutral, PublicKeyToken=null" name="canTakePawnEnPassantRight" />
    </UnitTest>
    <UnitTest name="canTakePawnEnPassantLeft" storage="..\chesstests\bin\debug\chesstests.dll" id="72153cfe-4389-9773-f6fd-6685bb51f896">
      <Execution timeOut="1800000" id="a12dcf06-4ff7-4900-85af-6c5f2277b9e8" />
      <TestMethod codeBase="C:/Users/ShaneH/Documents/Visual Studio 2012/Projects/Chess/ChessTests/bin/Debug/ChessTests.dll" adapterTypeName="Microsoft.VisualStudio.TestTools.TestTypes.Unit.UnitTestAdapter, Microsoft.VisualStudio.QualityTools.Tips.UnitTest.Adapter, Version=11.0.0.0, Culture=neutral, PublicKeyToken=b03f5f7f11d50a3a" className="ChessTests.PawnTests, ChessTests, Version=1.0.0.0, Culture=neutral, PublicKeyToken=null" name="canTakePawnEnPassantLeft" />
    </UnitTest>
    <UnitTest name="canMoveQueenDiagDownRight" storage="..\chesstests\bin\debug\chesstests.dll" id="e7f23f39-7057-048c-f8c3-7322c51edfe0">
      <Execution timeOut="1800000" id="e4adba08-6fef-4fd3-b2af-9536b16deb83" />
      <TestMethod codeBase="C:/Users/ShaneH/Documents/Visual Studio 2012/Projects/Chess/ChessTests/bin/Debug/ChessTests.dll" adapterTypeName="Microsoft.VisualStudio.TestTools.TestTypes.Unit.UnitTestAdapter, Microsoft.VisualStudio.QualityTools.Tips.UnitTest.Adapter, Version=11.0.0.0, Culture=neutral, PublicKeyToken=b03f5f7f11d50a3a" className="ChessTests.QueenTests, ChessTests, Version=1.0.0.0, Culture=neutral, PublicKeyToken=null" name="canMoveQueenDiagDownRight" />
    </UnitTest>
    <UnitTest name="canMoveKingDownLeft" storage="..\chesstests\bin\debug\chesstests.dll" id="73015d04-f4f5-eb53-f909-b8aae7bb4119">
      <Execution timeOut="1800000" id="02cc9f6a-5d40-4149-98eb-1c2612cc307e" />
      <TestMethod codeBase="C:/Users/ShaneH/Documents/Visual Studio 2012/Projects/Chess/ChessTests/bin/Debug/ChessTests.dll" adapterTypeName="Microsoft.VisualStudio.TestTools.TestTypes.Unit.UnitTestAdapter, Microsoft.VisualStudio.QualityTools.Tips.UnitTest.Adapter, Version=11.0.0.0, Culture=neutral, PublicKeyToken=b03f5f7f11d50a3a" className="ChessTests.KingTests, ChessTests, Version=1.0.0.0, Culture=neutral, PublicKeyToken=null" name="canMoveKingDownLeft" />
    </UnitTest>
    <UnitTest name="whitePawnCannotMoveBackwards" storage="..\chesstests\bin\debug\chesstests.dll" id="5e0522cb-aa6a-a547-6b61-65ded7b9398a">
      <Execution timeOut="1800000" id="0c080407-90e4-4126-843b-9adb224069b4" />
      <TestMethod codeBase="C:/Users/ShaneH/Documents/Visual Studio 2012/Projects/Chess/ChessTests/bin/Debug/ChessTests.dll" adapterTypeName="Microsoft.VisualStudio.TestTools.TestTypes.Unit.UnitTestAdapter, Microsoft.VisualStudio.QualityTools.Tips.UnitTest.Adapter, Version=11.0.0.0, Culture=neutral, PublicKeyToken=b03f5f7f11d50a3a" className="ChessTests.PawnTests, ChessTests, Version=1.0.0.0, Culture=neutral, PublicKeyToken=null" name="whitePawnCannotMoveBackwards" />
    </UnitTest>
    <UnitTest name="cannotCaptureOwnPieceVerticallyUp" storage="..\chesstests\bin\debug\chesstests.dll" id="40c80f36-2521-e262-e128-84747b64c92c">
      <Execution timeOut="1800000" id="3f7b2471-2238-4650-91ef-20043fd274c6" />
      <TestMethod codeBase="C:/Users/ShaneH/Documents/Visual Studio 2012/Projects/Chess/ChessTests/bin/Debug/ChessTests.dll" adapterTypeName="Microsoft.VisualStudio.TestTools.TestTypes.Unit.UnitTestAdapter, Microsoft.VisualStudio.QualityTools.Tips.UnitTest.Adapter, Version=11.0.0.0, Culture=neutral, PublicKeyToken=b03f5f7f11d50a3a" className="ChessTests.RookTests, ChessTests, Version=1.0.0.0, Culture=neutral, PublicKeyToken=null" name="cannotCaptureOwnPieceVerticallyUp" />
    </UnitTest>
    <UnitTest name="canMoveWhiteBishopDiagonallyDownRightNoObstructions" storage="..\chesstests\bin\debug\chesstests.dll" id="7b64562e-3d29-ccc9-9a6a-4aaf39707ed4">
      <Execution timeOut="1800000" id="bbff729e-2b56-4b74-869b-cdd3455331d7" />
      <TestMethod codeBase="C:/Users/ShaneH/Documents/Visual Studio 2012/Projects/Chess/ChessTests/bin/Debug/ChessTests.dll" adapterTypeName="Microsoft.VisualStudio.TestTools.TestTypes.Unit.UnitTestAdapter, Microsoft.VisualStudio.QualityTools.Tips.UnitTest.Adapter, Version=11.0.0.0, Culture=neutral, PublicKeyToken=b03f5f7f11d50a3a" className="ChessTests.BishopTests, ChessTests, Version=1.0.0.0, Culture=neutral, PublicKeyToken=null" name="canMoveWhiteBishopDiagonallyDownRightNoObstructions" />
    </UnitTest>
    <UnitTest name="blackPawnCanTakePieceLeft" storage="..\chesstests\bin\debug\chesstests.dll" id="31f39857-46fe-cad3-eea6-de16b677be95">
      <Execution timeOut="1800000" id="2e73aef4-12de-4163-a8ec-47ab269bfd8e" />
      <TestMethod codeBase="C:/Users/ShaneH/Documents/Visual Studio 2012/Projects/Chess/ChessTests/bin/Debug/ChessTests.dll" adapterTypeName="Microsoft.VisualStudio.TestTools.TestTypes.Unit.UnitTestAdapter, Microsoft.VisualStudio.QualityTools.Tips.UnitTest.Adapter, Version=11.0.0.0, Culture=neutral, PublicKeyToken=b03f5f7f11d50a3a" className="ChessTests.PawnTests, ChessTests, Version=1.0.0.0, Culture=neutral, PublicKeyToken=null" name="blackPawnCanTakePieceLeft" />
    </UnitTest>
    <UnitTest name="kingDefaultNotInCheck" storage="..\chesstests\bin\debug\chesstests.dll" id="3125acd5-3d68-5084-a6d1-b90ea83d13e6">
      <Execution timeOut="1800000" id="1feeb337-0130-4d67-b57f-28a8b0785a03" />
      <TestMethod codeBase="C:/Users/ShaneH/Documents/Visual Studio 2012/Projects/Chess/ChessTests/bin/Debug/ChessTests.dll" adapterTypeName="Microsoft.VisualStudio.TestTools.TestTypes.Unit.UnitTestAdapter, Microsoft.VisualStudio.QualityTools.Tips.UnitTest.Adapter, Version=11.0.0.0, Culture=neutral, PublicKeyToken=b03f5f7f11d50a3a" className="ChessTests.CheckTests, ChessTests, Version=1.0.0.0, Culture=neutral, PublicKeyToken=null" name="kingDefaultNotInCheck" />
    </UnitTest>
    <UnitTest name="areOddRowColoursSetup" storage="..\chesstests\bin\debug\chesstests.dll" id="d4ac55cd-7290-4fbf-9991-5ab16bc1fda2">
      <Execution timeOut="1800000" id="8d5c2953-cf56-44bc-b679-1707981b4135" />
      <TestMethod codeBase="C:/Users/ShaneH/Documents/Visual Studio 2012/Projects/Chess/ChessTests/bin/Debug/ChessTests.dll" adapterTypeName="Microsoft.VisualStudio.TestTools.TestTypes.Unit.UnitTestAdapter, Microsoft.VisualStudio.QualityTools.Tips.UnitTest.Adapter, Version=11.0.0.0, Culture=neutral, PublicKeyToken=b03f5f7f11d50a3a" className="ChessTests.ChessTests, ChessTests, Version=1.0.0.0, Culture=neutral, PublicKeyToken=null" name="areOddRowColoursSetup" />
    </UnitTest>
    <UnitTest name="cannotMoveSidewaysWhenInCheck" storage="..\chesstests\bin\debug\chesstests.dll" id="58f47b40-1f4e-dda1-7e49-4571a6d9b259">
      <Execution timeOut="1800000" id="0d150958-0960-4624-b582-7ed3e68824e7" />
      <TestMethod codeBase="C:/Users/ShaneH/Documents/Visual Studio 2012/Projects/Chess/ChessTests/bin/Debug/ChessTests.dll" adapterTypeName="Microsoft.VisualStudio.TestTools.TestTypes.Unit.UnitTestAdapter, Microsoft.VisualStudio.QualityTools.Tips.UnitTest.Adapter, Version=11.0.0.0, Culture=neutral, PublicKeyToken=b03f5f7f11d50a3a" className="ChessTests.KingTests, ChessTests, Version=1.0.0.0, Culture=neutral, PublicKeyToken=null" name="cannotMoveSidewaysWhenInCheck" />
    </UnitTest>
    <UnitTest name="cannotCaptureOwnPieceHorizontallyRight" storage="..\chesstests\bin\debug\chesstests.dll" id="e12fb60a-f115-e1f0-522a-512140600c5d">
      <Execution timeOut="1800000" id="04bb838d-803b-4bac-b720-5abb4fbbba89" />
      <TestMethod codeBase="C:/Users/ShaneH/Documents/Visual Studio 2012/Projects/Chess/ChessTests/bin/Debug/ChessTests.dll" adapterTypeName="Microsoft.VisualStudio.TestTools.TestTypes.Unit.UnitTestAdapter, Microsoft.VisualStudio.QualityTools.Tips.UnitTest.Adapter, Version=11.0.0.0, Culture=neutral, PublicKeyToken=b03f5f7f11d50a3a" className="ChessTests.RookTests, ChessTests, Version=1.0.0.0, Culture=neutral, PublicKeyToken=null" name="cannotCaptureOwnPieceHorizontallyRight" />
    </UnitTest>
    <UnitTest name="canMoveBlackKnightDownRight" storage="..\chesstests\bin\debug\chesstests.dll" id="5e1118ed-9b53-f770-8503-6b91f9e32547">
      <Execution timeOut="1800000" id="6c194e33-7710-4f92-a159-b850567c98ed" />
      <TestMethod codeBase="C:/Users/ShaneH/Documents/Visual Studio 2012/Projects/Chess/ChessTests/bin/Debug/ChessTests.dll" adapterTypeName="Microsoft.VisualStudio.TestTools.TestTypes.Unit.UnitTestAdapter, Microsoft.VisualStudio.QualityTools.Tips.UnitTest.Adapter, Version=11.0.0.0, Culture=neutral, PublicKeyToken=b03f5f7f11d50a3a" className="ChessTests.KnightTests, ChessTests, Version=1.0.0.0, Culture=neutral, PublicKeyToken=null" name="canMoveBlackKnightDownRight" />
    </UnitTest>
    <UnitTest name="cannotCaptureOwnPieceHorizontallyLeft" storage="..\chesstests\bin\debug\chesstests.dll" id="a5b7c6bb-ac35-2bcc-b00a-fa06ab788ad9">
      <Execution timeOut="1800000" id="a76d3f97-7416-441a-b32e-c62ea0591895" />
      <TestMethod codeBase="C:/Users/ShaneH/Documents/Visual Studio 2012/Projects/Chess/ChessTests/bin/Debug/ChessTests.dll" adapterTypeName="Microsoft.VisualStudio.TestTools.TestTypes.Unit.UnitTestAdapter, Microsoft.VisualStudio.QualityTools.Tips.UnitTest.Adapter, Version=11.0.0.0, Culture=neutral, PublicKeyToken=b03f5f7f11d50a3a" className="ChessTests.RookTests, ChessTests, Version=1.0.0.0, Culture=neutral, PublicKeyToken=null" name="cannotCaptureOwnPieceHorizontallyLeft" />
    </UnitTest>
    <UnitTest name="invalidMoveGivesCorrectPieceName" storage="..\chesstests\bin\debug\chesstests.dll" id="c9fb8199-30a5-e351-264b-e657ae13b916">
      <Execution timeOut="1800000" id="1370a62f-53fb-4711-bcf4-c77929464ff5" />
      <TestMethod codeBase="C:/Users/ShaneH/Documents/Visual Studio 2012/Projects/Chess/ChessTests/bin/Debug/ChessTests.dll" adapterTypeName="Microsoft.VisualStudio.TestTools.TestTypes.Unit.UnitTestAdapter, Microsoft.VisualStudio.QualityTools.Tips.UnitTest.Adapter, Version=11.0.0.0, Culture=neutral, PublicKeyToken=b03f5f7f11d50a3a" className="ChessTests.PawnTests, ChessTests, Version=1.0.0.0, Culture=neutral, PublicKeyToken=null" name="invalidMoveGivesCorrectPieceName" />
    </UnitTest>
    <UnitTest name="canMoveBlackKnightDownLeft" storage="..\chesstests\bin\debug\chesstests.dll" id="708e0fda-e1a5-7f8b-3069-c1364aee94b5">
      <Execution timeOut="1800000" id="369b17c4-98f1-41d6-b180-ced0b2adf6fe" />
      <TestMethod codeBase="C:/Users/ShaneH/Documents/Visual Studio 2012/Projects/Chess/ChessTests/bin/Debug/ChessTests.dll" adapterTypeName="Microsoft.VisualStudio.TestTools.TestTypes.Unit.UnitTestAdapter, Microsoft.VisualStudio.QualityTools.Tips.UnitTest.Adapter, Version=11.0.0.0, Culture=neutral, PublicKeyToken=b03f5f7f11d50a3a" className="ChessTests.KnightTests, ChessTests, Version=1.0.0.0, Culture=neutral, PublicKeyToken=null" name="canMoveBlackKnightDownLeft" />
    </UnitTest>
    <UnitTest name="canTakeOppositionPieceMovingForward" storage="..\chesstests\bin\debug\chesstests.dll" id="6043af01-0728-5b9e-9c02-bbb4296a7b49">
      <Execution timeOut="1800000" id="9fa8efd9-b4a2-4479-aef3-40e270e7b7aa" />
      <TestMethod codeBase="C:/Users/ShaneH/Documents/Visual Studio 2012/Projects/Chess/ChessTests/bin/Debug/ChessTests.dll" adapterTypeName="Microsoft.VisualStudio.TestTools.TestTypes.Unit.UnitTestAdapter, Microsoft.VisualStudio.QualityTools.Tips.UnitTest.Adapter, Version=11.0.0.0, Culture=neutral, PublicKeyToken=b03f5f7f11d50a3a" className="ChessTests.KingTests, ChessTests, Version=1.0.0.0, Culture=neutral, PublicKeyToken=null" name="canTakeOppositionPieceMovingForward" />
    </UnitTest>
    <UnitTest name="moveEnPassantLeftRemovesPiece" storage="..\chesstests\bin\debug\chesstests.dll" id="4f8f2480-799b-0be7-4437-c1ecf75fbaa1">
      <Execution timeOut="1800000" id="69d91b75-666d-4622-be13-5d6ebef9157f" />
      <TestMethod codeBase="C:/Users/ShaneH/Documents/Visual Studio 2012/Projects/Chess/ChessTests/bin/Debug/ChessTests.dll" adapterTypeName="Microsoft.VisualStudio.TestTools.TestTypes.Unit.UnitTestAdapter, Microsoft.VisualStudio.QualityTools.Tips.UnitTest.Adapter, Version=11.0.0.0, Culture=neutral, PublicKeyToken=b03f5f7f11d50a3a" className="ChessTests.PawnTests, ChessTests, Version=1.0.0.0, Culture=neutral, PublicKeyToken=null" name="moveEnPassantLeftRemovesPiece" />
    </UnitTest>
    <UnitTest name="canMoveQueenDiagDownLeft" storage="..\chesstests\bin\debug\chesstests.dll" id="2d6867c6-934d-12ca-881f-8ca2af17d2e4">
      <Execution timeOut="1800000" id="8230a7d3-4b14-41aa-bacf-801efa4730b7" />
      <TestMethod codeBase="C:/Users/ShaneH/Documents/Visual Studio 2012/Projects/Chess/ChessTests/bin/Debug/ChessTests.dll" adapterTypeName="Microsoft.VisualStudio.TestTools.TestTypes.Unit.UnitTestAdapter, Microsoft.VisualStudio.QualityTools.Tips.UnitTest.Adapter, Version=11.0.0.0, Culture=neutral, PublicKeyToken=b03f5f7f11d50a3a" className="ChessTests.QueenTests, ChessTests, Version=1.0.0.0, Culture=neutral, PublicKeyToken=null" name="canMoveQueenDiagDownLeft" />
    </UnitTest>
    <UnitTest name="noErrorOnTopRight" storage="..\chesstests\bin\debug\chesstests.dll" id="4981dea8-f169-664c-472f-78db2ae78861">
      <Execution timeOut="1800000" id="d99aaef1-e2a5-4696-81eb-9531db2da945" />
      <TestMethod codeBase="C:/Users/ShaneH/Documents/Visual Studio 2012/Projects/Chess/ChessTests/bin/Debug/ChessTests.dll" adapterTypeName="Microsoft.VisualStudio.TestTools.TestTypes.Unit.UnitTestAdapter, Microsoft.VisualStudio.QualityTools.Tips.UnitTest.Adapter, Version=11.0.0.0, Culture=neutral, PublicKeyToken=b03f5f7f11d50a3a" className="ChessTests.KnightTests, ChessTests, Version=1.0.0.0, Culture=neutral, PublicKeyToken=null" name="noErrorOnTopRight" />
    </UnitTest>
    <UnitTest name="cannotCaptureOwnPieceVerticallyDown" storage="..\chesstests\bin\debug\chesstests.dll" id="9f249bfa-9307-bb63-1468-401f06cff04f">
      <Execution timeOut="1800000" id="34e5651c-905c-41d0-ba47-2592886e4ea2" />
      <TestMethod codeBase="C:/Users/ShaneH/Documents/Visual Studio 2012/Projects/Chess/ChessTests/bin/Debug/ChessTests.dll" adapterTypeName="Microsoft.VisualStudio.TestTools.TestTypes.Unit.UnitTestAdapter, Microsoft.VisualStudio.QualityTools.Tips.UnitTest.Adapter, Version=11.0.0.0, Culture=neutral, PublicKeyToken=b03f5f7f11d50a3a" className="ChessTests.RookTests, ChessTests, Version=1.0.0.0, Culture=neutral, PublicKeyToken=null" name="cannotCaptureOwnPieceVerticallyDown" />
    </UnitTest>
    <UnitTest name="canMoveWhiteBishopDiagonallyDownLeftNoObstructions" storage="..\chesstests\bin\debug\chesstests.dll" id="cbde31ee-3d88-9411-c095-9535119853f5">
      <Execution timeOut="1800000" id="570eb841-c525-478d-ae58-37deb7726ddd" />
      <TestMethod codeBase="C:/Users/ShaneH/Documents/Visual Studio 2012/Projects/Chess/ChessTests/bin/Debug/ChessTests.dll" adapterTypeName="Microsoft.VisualStudio.TestTools.TestTypes.Unit.UnitTestAdapter, Microsoft.VisualStudio.QualityTools.Tips.UnitTest.Adapter, Version=11.0.0.0, Culture=neutral, PublicKeyToken=b03f5f7f11d50a3a" className="ChessTests.BishopTests, ChessTests, Version=1.0.0.0, Culture=neutral, PublicKeyToken=null" name="canMoveWhiteBishopDiagonallyDownLeftNoObstructions" />
    </UnitTest>
    <UnitTest name="cannotJumpOppositionDiagDownLeft" storage="..\chesstests\bin\debug\chesstests.dll" id="fd4c62da-b4fc-b947-da46-845314dd7c18">
      <Execution timeOut="1800000" id="9e470050-407f-4937-bf6f-994a4c8b6b35" />
      <TestMethod codeBase="C:/Users/ShaneH/Documents/Visual Studio 2012/Projects/Chess/ChessTests/bin/Debug/ChessTests.dll" adapterTypeName="Microsoft.VisualStudio.TestTools.TestTypes.Unit.UnitTestAdapter, Microsoft.VisualStudio.QualityTools.Tips.UnitTest.Adapter, Version=11.0.0.0, Culture=neutral, PublicKeyToken=b03f5f7f11d50a3a" className="ChessTests.BishopTests, ChessTests, Version=1.0.0.0, Culture=neutral, PublicKeyToken=null" name="cannotJumpOppositionDiagDownLeft" />
    </UnitTest>
    <UnitTest name="canMoveKingForwardLeft" storage="..\chesstests\bin\debug\chesstests.dll" id="325ca6ba-2af3-98aa-0d43-981348e2650a">
      <Execution timeOut="1800000" id="88997090-a223-40c0-addf-6cb50be6ab81" />
      <TestMethod codeBase="C:/Users/ShaneH/Documents/Visual Studio 2012/Projects/Chess/ChessTests/bin/Debug/ChessTests.dll" adapterTypeName="Microsoft.VisualStudio.TestTools.TestTypes.Unit.UnitTestAdapter, Microsoft.VisualStudio.QualityTools.Tips.UnitTest.Adapter, Version=11.0.0.0, Culture=neutral, PublicKeyToken=b03f5f7f11d50a3a" className="ChessTests.KingTests, ChessTests, Version=1.0.0.0, Culture=neutral, PublicKeyToken=null" name="canMoveKingForwardLeft" />
    </UnitTest>
    <UnitTest name="areBishopsSetup" storage="..\chesstests\bin\debug\chesstests.dll" id="59322b24-fed2-1448-d0b4-50356cfcbb98">
      <Execution timeOut="1800000" id="9966fd0f-8da2-456a-bd17-6b48a5afc776" />
      <TestMethod codeBase="C:/Users/ShaneH/Documents/Visual Studio 2012/Projects/Chess/ChessTests/bin/Debug/ChessTests.dll" adapterTypeName="Microsoft.VisualStudio.TestTools.TestTypes.Unit.UnitTestAdapter, Microsoft.VisualStudio.QualityTools.Tips.UnitTest.Adapter, Version=11.0.0.0, Culture=neutral, PublicKeyToken=b03f5f7f11d50a3a" className="ChessTests.ChessTests, ChessTests, Version=1.0.0.0, Culture=neutral, PublicKeyToken=null" name="areBishopsSetup" />
    </UnitTest>
    <UnitTest name="cannotTakeOwnPieceDiagLeft" storage="..\chesstests\bin\debug\chesstests.dll" id="17c89217-fc60-adea-d5e7-d8f5759cacf3">
      <Execution timeOut="1800000" id="36bfd341-bf37-4f3c-b0be-bdd99d713281" />
      <TestMethod codeBase="C:/Users/ShaneH/Documents/Visual Studio 2012/Projects/Chess/ChessTests/bin/Debug/ChessTests.dll" adapterTypeName="Microsoft.VisualStudio.TestTools.TestTypes.Unit.UnitTestAdapter, Microsoft.VisualStudio.QualityTools.Tips.UnitTest.Adapter, Version=11.0.0.0, Culture=neutral, PublicKeyToken=b03f5f7f11d50a3a" className="ChessTests.PawnTests, ChessTests, Version=1.0.0.0, Culture=neutral, PublicKeyToken=null" name="cannotTakeOwnPieceDiagLeft" />
    </UnitTest>
    <UnitTest name="canTakeOppositionPieceMovingLeft" storage="..\chesstests\bin\debug\chesstests.dll" id="cdb353a5-fbfe-08cc-ac19-32e4bc7ee0af">
      <Execution timeOut="1800000" id="476496d1-cb7e-49ae-9728-125b3f5e1ff5" />
      <TestMethod codeBase="C:/Users/ShaneH/Documents/Visual Studio 2012/Projects/Chess/ChessTests/bin/Debug/ChessTests.dll" adapterTypeName="Microsoft.VisualStudio.TestTools.TestTypes.Unit.UnitTestAdapter, Microsoft.VisualStudio.QualityTools.Tips.UnitTest.Adapter, Version=11.0.0.0, Culture=neutral, PublicKeyToken=b03f5f7f11d50a3a" className="ChessTests.KingTests, ChessTests, Version=1.0.0.0, Culture=neutral, PublicKeyToken=null" name="canTakeOppositionPieceMovingLeft" />
    </UnitTest>
    <UnitTest name="canMoveBlackRookVerticallyDown" storage="..\chesstests\bin\debug\chesstests.dll" id="80cf12b5-407d-385e-fa57-ce82569f7e4e">
      <Execution timeOut="1800000" id="cca3f1c4-c7a5-4a18-a161-6103ff9aad1f" />
      <TestMethod codeBase="C:/Users/ShaneH/Documents/Visual Studio 2012/Projects/Chess/ChessTests/bin/Debug/ChessTests.dll" adapterTypeName="Microsoft.VisualStudio.TestTools.TestTypes.Unit.UnitTestAdapter, Microsoft.VisualStudio.QualityTools.Tips.UnitTest.Adapter, Version=11.0.0.0, Culture=neutral, PublicKeyToken=b03f5f7f11d50a3a" className="ChessTests.RookTests, ChessTests, Version=1.0.0.0, Culture=neutral, PublicKeyToken=null" name="canMoveBlackRookVerticallyDown" />
    </UnitTest>
    <UnitTest name="canMoveWhiteRookHorizontallyRight" storage="..\chesstests\bin\debug\chesstests.dll" id="cd30a197-746f-89fa-f26c-aad357b6347f">
      <Execution timeOut="1800000" id="171c4c7e-1271-4ca2-8e8e-dfe9cdde0628" />
      <TestMethod codeBase="C:/Users/ShaneH/Documents/Visual Studio 2012/Projects/Chess/ChessTests/bin/Debug/ChessTests.dll" adapterTypeName="Microsoft.VisualStudio.TestTools.TestTypes.Unit.UnitTestAdapter, Microsoft.VisualStudio.QualityTools.Tips.UnitTest.Adapter, Version=11.0.0.0, Culture=neutral, PublicKeyToken=b03f5f7f11d50a3a" className="ChessTests.RookTests, ChessTests, Version=1.0.0.0, Culture=neutral, PublicKeyToken=null" name="canMoveWhiteRookHorizontallyRight" />
    </UnitTest>
    <UnitTest name="cannotMoveRookPastCaptureHorizontallyLeft" storage="..\chesstests\bin\debug\chesstests.dll" id="e3b4f7d1-fd34-7000-16fb-2198b034047c">
      <Execution timeOut="1800000" id="3635fc11-c682-4584-8131-07a15d97420c" />
      <TestMethod codeBase="C:/Users/ShaneH/Documents/Visual Studio 2012/Projects/Chess/ChessTests/bin/Debug/ChessTests.dll" adapterTypeName="Microsoft.VisualStudio.TestTools.TestTypes.Unit.UnitTestAdapter, Microsoft.VisualStudio.QualityTools.Tips.UnitTest.Adapter, Version=11.0.0.0, Culture=neutral, PublicKeyToken=b03f5f7f11d50a3a" className="ChessTests.RookTests, ChessTests, Version=1.0.0.0, Culture=neutral, PublicKeyToken=null" name="cannotMoveRookPastCaptureHorizontallyLeft" />
    </UnitTest>
    <UnitTest name="cannotMoveRookPastCaptureVerticallyUp" storage="..\chesstests\bin\debug\chesstests.dll" id="a0f3f893-c4ef-ab53-8734-d2a1d7c9bd6f">
      <Execution timeOut="1800000" id="b6a32d63-e34c-4ce2-ba8b-baf13c7f81ee" />
      <TestMethod codeBase="C:/Users/ShaneH/Documents/Visual Studio 2012/Projects/Chess/ChessTests/bin/Debug/ChessTests.dll" adapterTypeName="Microsoft.VisualStudio.TestTools.TestTypes.Unit.UnitTestAdapter, Microsoft.VisualStudio.QualityTools.Tips.UnitTest.Adapter, Version=11.0.0.0, Culture=neutral, PublicKeyToken=b03f5f7f11d50a3a" className="ChessTests.RookTests, ChessTests, Version=1.0.0.0, Culture=neutral, PublicKeyToken=null" name="cannotMoveRookPastCaptureVerticallyUp" />
    </UnitTest>
    <UnitTest name="cannotTakeOwnPieceDiagDownLeft" storage="..\chesstests\bin\debug\chesstests.dll" id="11146e4e-bbf4-ec57-67f8-0efcf6651dcd">
      <Execution timeOut="1800000" id="8b893e46-e6d6-48bc-bf62-cd35b58de03b" />
      <TestMethod codeBase="C:/Users/ShaneH/Documents/Visual Studio 2012/Projects/Chess/ChessTests/bin/Debug/ChessTests.dll" adapterTypeName="Microsoft.VisualStudio.TestTools.TestTypes.Unit.UnitTestAdapter, Microsoft.VisualStudio.QualityTools.Tips.UnitTest.Adapter, Version=11.0.0.0, Culture=neutral, PublicKeyToken=b03f5f7f11d50a3a" className="ChessTests.BishopTests, ChessTests, Version=1.0.0.0, Culture=neutral, PublicKeyToken=null" name="cannotTakeOwnPieceDiagDownLeft" />
    </UnitTest>
    <UnitTest name="blackPawnCannotTakeEmptyPieceRight" storage="..\chesstests\bin\debug\chesstests.dll" id="d6be978c-e15f-fa6c-2dca-55f439cdf674">
      <Execution timeOut="1800000" id="b6d35e63-d294-4335-af72-1fc596baae50" />
      <TestMethod codeBase="C:/Users/ShaneH/Documents/Visual Studio 2012/Projects/Chess/ChessTests/bin/Debug/ChessTests.dll" adapterTypeName="Microsoft.VisualStudio.TestTools.TestTypes.Unit.UnitTestAdapter, Microsoft.VisualStudio.QualityTools.Tips.UnitTest.Adapter, Version=11.0.0.0, Culture=neutral, PublicKeyToken=b03f5f7f11d50a3a" className="ChessTests.PawnTests, ChessTests, Version=1.0.0.0, Culture=neutral, PublicKeyToken=null" name="blackPawnCannotTakeEmptyPieceRight" />
    </UnitTest>
    <UnitTest name="areRooksSetup" storage="..\chesstests\bin\debug\chesstests.dll" id="9ea0817e-195f-4525-9215-e116df1a5f63">
      <Execution timeOut="1800000" id="d04e605c-0c67-4b9a-879a-7e81db1c4b9a" />
      <TestMethod codeBase="C:/Users/ShaneH/Documents/Visual Studio 2012/Projects/Chess/ChessTests/bin/Debug/ChessTests.dll" adapterTypeName="Microsoft.VisualStudio.TestTools.TestTypes.Unit.UnitTestAdapter, Microsoft.VisualStudio.QualityTools.Tips.UnitTest.Adapter, Version=11.0.0.0, Culture=neutral, PublicKeyToken=b03f5f7f11d50a3a" className="ChessTests.ChessTests, ChessTests, Version=1.0.0.0, Culture=neutral, PublicKeyToken=null" name="areRooksSetup" />
    </UnitTest>
    <UnitTest name="moveEnPassantLeftNotImmediateThrowError" storage="..\chesstests\bin\debug\chesstests.dll" id="6d29da73-1392-f864-ac11-db455215ce75">
      <Execution timeOut="1800000" id="dd059bd0-9aa3-43cd-bff8-7c005ba12fc9" />
      <TestMethod codeBase="C:/Users/ShaneH/Documents/Visual Studio 2012/Projects/Chess/ChessTests/bin/Debug/ChessTests.dll" adapterTypeName="Microsoft.VisualStudio.TestTools.TestTypes.Unit.UnitTestAdapter, Microsoft.VisualStudio.QualityTools.Tips.UnitTest.Adapter, Version=11.0.0.0, Culture=neutral, PublicKeyToken=b03f5f7f11d50a3a" className="ChessTests.PawnTests, ChessTests, Version=1.0.0.0, Culture=neutral, PublicKeyToken=null" name="moveEnPassantLeftNotImmediateThrowError" />
    </UnitTest>
    <UnitTest name="canTakeOppositionPieceMovingRight" storage="..\chesstests\bin\debug\chesstests.dll" id="8a3cfb9c-5e17-9d45-b2bc-1a740a423650">
      <Execution timeOut="1800000" id="e33625d5-df81-41f1-914c-05456bb04532" />
      <TestMethod codeBase="C:/Users/ShaneH/Documents/Visual Studio 2012/Projects/Chess/ChessTests/bin/Debug/ChessTests.dll" adapterTypeName="Microsoft.VisualStudio.TestTools.TestTypes.Unit.UnitTestAdapter, Microsoft.VisualStudio.QualityTools.Tips.UnitTest.Adapter, Version=11.0.0.0, Culture=neutral, PublicKeyToken=b03f5f7f11d50a3a" className="ChessTests.KingTests, ChessTests, Version=1.0.0.0, Culture=neutral, PublicKeyToken=null" name="canTakeOppositionPieceMovingRight" />
    </UnitTest>
    <UnitTest name="canMoveBlackBishopDiagonallyDownLeftNoObstructions" storage="..\chesstests\bin\debug\chesstests.dll" id="b1d1289f-9e7e-87c4-873a-568aec1ab10b">
      <Execution timeOut="1800000" id="23ed845c-174a-42b3-ae3f-6bcf61c9aa3e" />
      <TestMethod codeBase="C:/Users/ShaneH/Documents/Visual Studio 2012/Projects/Chess/ChessTests/bin/Debug/ChessTests.dll" adapterTypeName="Microsoft.VisualStudio.TestTools.TestTypes.Unit.UnitTestAdapter, Microsoft.VisualStudio.QualityTools.Tips.UnitTest.Adapter, Version=11.0.0.0, Culture=neutral, PublicKeyToken=b03f5f7f11d50a3a" className="ChessTests.BishopTests, ChessTests, Version=1.0.0.0, Culture=neutral, PublicKeyToken=null" name="canMoveBlackBishopDiagonallyDownLeftNoObstructions" />
    </UnitTest>
    <UnitTest name="canMoveQueenVerticallyUp" storage="..\chesstests\bin\debug\chesstests.dll" id="61071a05-3bb9-84f7-1063-093a7badabca">
      <Execution timeOut="1800000" id="8d83d442-5c6e-475b-825c-a83b8bfe2f54" />
      <TestMethod codeBase="C:/Users/ShaneH/Documents/Visual Studio 2012/Projects/Chess/ChessTests/bin/Debug/ChessTests.dll" adapterTypeName="Microsoft.VisualStudio.TestTools.TestTypes.Unit.UnitTestAdapter, Microsoft.VisualStudio.QualityTools.Tips.UnitTest.Adapter, Version=11.0.0.0, Culture=neutral, PublicKeyToken=b03f5f7f11d50a3a" className="ChessTests.QueenTests, ChessTests, Version=1.0.0.0, Culture=neutral, PublicKeyToken=null" name="canMoveQueenVerticallyUp" />
    </UnitTest>
    <UnitTest name="kingInCheckWhenPieceCanTakeIt" storage="..\chesstests\bin\debug\chesstests.dll" id="33482fef-758b-1261-3338-25b0735acc2c">
      <Execution timeOut="1800000" id="50d54540-042d-46fd-a40b-c50047fe49ee" />
      <TestMethod codeBase="C:/Users/ShaneH/Documents/Visual Studio 2012/Projects/Chess/ChessTests/bin/Debug/ChessTests.dll" adapterTypeName="Microsoft.VisualStudio.TestTools.TestTypes.Unit.UnitTestAdapter, Microsoft.VisualStudio.QualityTools.Tips.UnitTest.Adapter, Version=11.0.0.0, Culture=neutral, PublicKeyToken=b03f5f7f11d50a3a" className="ChessTests.CheckTests, ChessTests, Version=1.0.0.0, Culture=neutral, PublicKeyToken=null" name="kingInCheckWhenPieceCanTakeIt" />
    </UnitTest>
    <UnitTest name="cannotTakeOwnPieceMovingForwardLeft" storage="..\chesstests\bin\debug\chesstests.dll" id="2d3cec0c-59b8-0bcd-556a-64d52e28cae3">
      <Execution timeOut="1800000" id="e19af069-b5c6-4a72-a4ea-c34b0bfc74de" />
      <TestMethod codeBase="C:/Users/ShaneH/Documents/Visual Studio 2012/Projects/Chess/ChessTests/bin/Debug/ChessTests.dll" adapterTypeName="Microsoft.VisualStudio.TestTools.TestTypes.Unit.UnitTestAdapter, Microsoft.VisualStudio.QualityTools.Tips.UnitTest.Adapter, Version=11.0.0.0, Culture=neutral, PublicKeyToken=b03f5f7f11d50a3a" className="ChessTests.KingTests, ChessTests, Version=1.0.0.0, Culture=neutral, PublicKeyToken=null" name="cannotTakeOwnPieceMovingForwardLeft" />
    </UnitTest>
    <UnitTest name="colourInStalemateWhenHasNoPossibleMoves" storage="..\chesstests\bin\debug\chesstests.dll" id="fb3e120a-0549-92c5-8757-f1b18f0c8dad">
      <Execution timeOut="1800000" id="f1e609e5-f9f9-495d-bff4-27e536723909" />
      <TestMethod codeBase="C:/Users/ShaneH/Documents/Visual Studio 2012/Projects/Chess/ChessTests/bin/Debug/ChessTests.dll" adapterTypeName="Microsoft.VisualStudio.TestTools.TestTypes.Unit.UnitTestAdapter, Microsoft.VisualStudio.QualityTools.Tips.UnitTest.Adapter, Version=11.0.0.0, Culture=neutral, PublicKeyToken=b03f5f7f11d50a3a" className="ChessTests.CheckTests, ChessTests, Version=1.0.0.0, Culture=neutral, PublicKeyToken=null" name="colourInStalemateWhenHasNoPossibleMoves" />
    </UnitTest>
    <UnitTest name="areEvenRowColoursSetup" storage="..\chesstests\bin\debug\chesstests.dll" id="64ef643a-95e0-b1de-5aee-37e849e90430">
      <Execution timeOut="1800000" id="2f8ccf0a-b510-46a7-b2cd-5de563e590c2" />
      <TestMethod codeBase="C:/Users/ShaneH/Documents/Visual Studio 2012/Projects/Chess/ChessTests/bin/Debug/ChessTests.dll" adapterTypeName="Microsoft.VisualStudio.TestTools.TestTypes.Unit.UnitTestAdapter, Microsoft.VisualStudio.QualityTools.Tips.UnitTest.Adapter, Version=11.0.0.0, Culture=neutral, PublicKeyToken=b03f5f7f11d50a3a" className="ChessTests.ChessTests, ChessTests, Version=1.0.0.0, Culture=neutral, PublicKeyToken=null" name="areEvenRowColoursSetup" />
    </UnitTest>
    <UnitTest name="pieceMovesWithMove" storage="..\chesstests\bin\debug\chesstests.dll" id="db17ca7a-fdcd-e135-ff66-0041667888a6">
      <Execution timeOut="1800000" id="ecd9df12-7a19-4402-862d-402b39417206" />
      <TestMethod codeBase="C:/Users/ShaneH/Documents/Visual Studio 2012/Projects/Chess/ChessTests/bin/Debug/ChessTests.dll" adapterTypeName="Microsoft.VisualStudio.TestTools.TestTypes.Unit.UnitTestAdapter, Microsoft.VisualStudio.QualityTools.Tips.UnitTest.Adapter, Version=11.0.0.0, Culture=neutral, PublicKeyToken=b03f5f7f11d50a3a" className="ChessTests.ChessTests, ChessTests, Version=1.0.0.0, Culture=neutral, PublicKeyToken=null" name="pieceMovesWithMove" />
    </UnitTest>
    <UnitTest name="cannotTakeOwnPieceMovingDown" storage="..\chesstests\bin\debug\chesstests.dll" id="d4181de0-82b5-2bf4-4e2d-51f91ba36e4c">
      <Execution timeOut="1800000" id="011168bf-85e6-4367-837a-732900312834" />
      <TestMethod codeBase="C:/Users/ShaneH/Documents/Visual Studio 2012/Projects/Chess/ChessTests/bin/Debug/ChessTests.dll" adapterTypeName="Microsoft.VisualStudio.TestTools.TestTypes.Unit.UnitTestAdapter, Microsoft.VisualStudio.QualityTools.Tips.UnitTest.Adapter, Version=11.0.0.0, Culture=neutral, PublicKeyToken=b03f5f7f11d50a3a" className="ChessTests.KingTests, ChessTests, Version=1.0.0.0, Culture=neutral, PublicKeyToken=null" name="cannotTakeOwnPieceMovingDown" />
    </UnitTest>
    <UnitTest name="areMiddleCellsEmpty" storage="..\chesstests\bin\debug\chesstests.dll" id="9d752e3a-962f-b4d2-f688-e9e19ffd27bf">
      <Execution timeOut="1800000" id="e9355a43-d85e-45f2-ac8e-b3cbb7061fa7" />
      <TestMethod codeBase="C:/Users/ShaneH/Documents/Visual Studio 2012/Projects/Chess/ChessTests/bin/Debug/ChessTests.dll" adapterTypeName="Microsoft.VisualStudio.TestTools.TestTypes.Unit.UnitTestAdapter, Microsoft.VisualStudio.QualityTools.Tips.UnitTest.Adapter, Version=11.0.0.0, Culture=neutral, PublicKeyToken=b03f5f7f11d50a3a" className="ChessTests.ChessTests, ChessTests, Version=1.0.0.0, Culture=neutral, PublicKeyToken=null" name="areMiddleCellsEmpty" />
    </UnitTest>
    <UnitTest name="moveEnPassantRightRemovesPiece" storage="..\chesstests\bin\debug\chesstests.dll" id="978c0671-8eb9-8633-411e-8b65bb821d6c">
      <Execution timeOut="1800000" id="1264f243-b606-4de2-88c8-5d5acd73fd6a" />
      <TestMethod codeBase="C:/Users/ShaneH/Documents/Visual Studio 2012/Projects/Chess/ChessTests/bin/Debug/ChessTests.dll" adapterTypeName="Microsoft.VisualStudio.TestTools.TestTypes.Unit.UnitTestAdapter, Microsoft.VisualStudio.QualityTools.Tips.UnitTest.Adapter, Version=11.0.0.0, Culture=neutral, PublicKeyToken=b03f5f7f11d50a3a" className="ChessTests.PawnTests, ChessTests, Version=1.0.0.0, Culture=neutral, PublicKeyToken=null" name="moveEnPassantRightRemovesPiece" />
    </UnitTest>
    <UnitTest name="cannotMoveIntoCheckWithPawn" storage="..\chesstests\bin\debug\chesstests.dll" id="5e863a04-2f1d-691e-a9dc-a4e1b154660d">
      <Execution timeOut="1800000" id="3a21d511-e66b-4121-9fd4-a9810c1f7c30" />
      <TestMethod codeBase="C:/Users/ShaneH/Documents/Visual Studio 2012/Projects/Chess/ChessTests/bin/Debug/ChessTests.dll" adapterTypeName="Microsoft.VisualStudio.TestTools.TestTypes.Unit.UnitTestAdapter, Microsoft.VisualStudio.QualityTools.Tips.UnitTest.Adapter, Version=11.0.0.0, Culture=neutral, PublicKeyToken=b03f5f7f11d50a3a" className="ChessTests.CheckTests, ChessTests, Version=1.0.0.0, Culture=neutral, PublicKeyToken=null" name="cannotMoveIntoCheckWithPawn" />
    </UnitTest>
    <UnitTest name="canMoveWhiteRookHorizontallyLeft" storage="..\chesstests\bin\debug\chesstests.dll" id="59555551-2870-ef13-6be7-cabc129b6b60">
      <Execution timeOut="1800000" id="c781da62-9428-4e20-a8ec-bbc1e37cf212" />
      <TestMethod codeBase="C:/Users/ShaneH/Documents/Visual Studio 2012/Projects/Chess/ChessTests/bin/Debug/ChessTests.dll" adapterTypeName="Microsoft.VisualStudio.TestTools.TestTypes.Unit.UnitTestAdapter, Microsoft.VisualStudio.QualityTools.Tips.UnitTest.Adapter, Version=11.0.0.0, Culture=neutral, PublicKeyToken=b03f5f7f11d50a3a" className="ChessTests.RookTests, ChessTests, Version=1.0.0.0, Culture=neutral, PublicKeyToken=null" name="canMoveWhiteRookHorizontallyLeft" />
    </UnitTest>
    <UnitTest name="cannotTakeOwnPieceDiagRight" storage="..\chesstests\bin\debug\chesstests.dll" id="557ea181-0881-47c7-90a7-baa142d9c0b1">
      <Execution timeOut="1800000" id="db74d390-2117-4390-8ad1-86ecc2cd06d7" />
      <TestMethod codeBase="C:/Users/ShaneH/Documents/Visual Studio 2012/Projects/Chess/ChessTests/bin/Debug/ChessTests.dll" adapterTypeName="Microsoft.VisualStudio.TestTools.TestTypes.Unit.UnitTestAdapter, Microsoft.VisualStudio.QualityTools.Tips.UnitTest.Adapter, Version=11.0.0.0, Culture=neutral, PublicKeyToken=b03f5f7f11d50a3a" className="ChessTests.PawnTests, ChessTests, Version=1.0.0.0, Culture=neutral, PublicKeyToken=null" name="cannotTakeOwnPieceDiagRight" />
    </UnitTest>
    <UnitTest name="noErrorWhenOnBottomLeft" storage="..\chesstests\bin\debug\chesstests.dll" id="a64ca845-c01a-2574-9dc9-d481b1eb66ae">
      <Execution timeOut="1800000" id="6f580026-0abe-4e06-bb20-9403df0c9e92" />
      <TestMethod codeBase="C:/Users/ShaneH/Documents/Visual Studio 2012/Projects/Chess/ChessTests/bin/Debug/ChessTests.dll" adapterTypeName="Microsoft.VisualStudio.TestTools.TestTypes.Unit.UnitTestAdapter, Microsoft.VisualStudio.QualityTools.Tips.UnitTest.Adapter, Version=11.0.0.0, Culture=neutral, PublicKeyToken=b03f5f7f11d50a3a" className="ChessTests.KnightTests, ChessTests, Version=1.0.0.0, Culture=neutral, PublicKeyToken=null" name="noErrorWhenOnBottomLeft" />
    </UnitTest>
    <UnitTest name="canMoveKingOneDown" storage="..\chesstests\bin\debug\chesstests.dll" id="09b9970f-5bc4-c7f2-6dce-33edfb74fb47">
      <Execution timeOut="1800000" id="9ce68103-c889-44a6-ba74-c035eb76cb4a" />
      <TestMethod codeBase="C:/Users/ShaneH/Documents/Visual Studio 2012/Projects/Chess/ChessTests/bin/Debug/ChessTests.dll" adapterTypeName="Microsoft.VisualStudio.TestTools.TestTypes.Unit.UnitTestAdapter, Microsoft.VisualStudio.QualityTools.Tips.UnitTest.Adapter, Version=11.0.0.0, Culture=neutral, PublicKeyToken=b03f5f7f11d50a3a" className="ChessTests.KingTests, ChessTests, Version=1.0.0.0, Culture=neutral, PublicKeyToken=null" name="canMoveKingOneDown" />
    </UnitTest>
    <UnitTest name="canMoveBlackBishopDiagonalUpLeftNoObstructions" storage="..\chesstests\bin\debug\chesstests.dll" id="f758d7bc-486f-01b2-cb64-d4b549c6a040">
      <Execution timeOut="1800000" id="6ccc5b37-3e9a-444a-a32f-24818b7d3fd1" />
      <TestMethod codeBase="C:/Users/ShaneH/Documents/Visual Studio 2012/Projects/Chess/ChessTests/bin/Debug/ChessTests.dll" adapterTypeName="Microsoft.VisualStudio.TestTools.TestTypes.Unit.UnitTestAdapter, Microsoft.VisualStudio.QualityTools.Tips.UnitTest.Adapter, Version=11.0.0.0, Culture=neutral, PublicKeyToken=b03f5f7f11d50a3a" className="ChessTests.BishopTests, ChessTests, Version=1.0.0.0, Culture=neutral, PublicKeyToken=null" name="canMoveBlackBishopDiagonalUpLeftNoObstructions" />
    </UnitTest>
    <UnitTest name="canMoveWhiteKnightLeftDown" storage="..\chesstests\bin\debug\chesstests.dll" id="cf3b5912-6ae6-e0a1-b350-a9a883f44204">
      <Execution timeOut="1800000" id="c0db5121-d276-4307-aad6-3008386c8e9c" />
      <TestMethod codeBase="C:/Users/ShaneH/Documents/Visual Studio 2012/Projects/Chess/ChessTests/bin/Debug/ChessTests.dll" adapterTypeName="Microsoft.VisualStudio.TestTools.TestTypes.Unit.UnitTestAdapter, Microsoft.VisualStudio.QualityTools.Tips.UnitTest.Adapter, Version=11.0.0.0, Culture=neutral, PublicKeyToken=b03f5f7f11d50a3a" className="ChessTests.KnightTests, ChessTests, Version=1.0.0.0, Culture=neutral, PublicKeyToken=null" name="canMoveWhiteKnightLeftDown" />
    </UnitTest>
    <UnitTest name="cannotJumpOppositionDiagUpRight" storage="..\chesstests\bin\debug\chesstests.dll" id="6569eff2-7f15-ccb7-f02b-db4adb59c7db">
      <Execution timeOut="1800000" id="56822929-2ed3-4256-b9c1-a82aea4f7b69" />
      <TestMethod codeBase="C:/Users/ShaneH/Documents/Visual Studio 2012/Projects/Chess/ChessTests/bin/Debug/ChessTests.dll" adapterTypeName="Microsoft.VisualStudio.TestTools.TestTypes.Unit.UnitTestAdapter, Microsoft.VisualStudio.QualityTools.Tips.UnitTest.Adapter, Version=11.0.0.0, Culture=neutral, PublicKeyToken=b03f5f7f11d50a3a" className="ChessTests.BishopTests, ChessTests, Version=1.0.0.0, Culture=neutral, PublicKeyToken=null" name="cannotJumpOppositionDiagUpRight" />
    </UnitTest>
    <UnitTest name="cannotCaptureOwnPieceBottomLeft" storage="..\chesstests\bin\debug\chesstests.dll" id="5549ceba-3e9a-6148-26c8-8ad403ffbfa1">
      <Execution timeOut="1800000" id="590b706e-71c4-4b1c-b8f8-3e86b627c89f" />
      <TestMethod codeBase="C:/Users/ShaneH/Documents/Visual Studio 2012/Projects/Chess/ChessTests/bin/Debug/ChessTests.dll" adapterTypeName="Microsoft.VisualStudio.TestTools.TestTypes.Unit.UnitTestAdapter, Microsoft.VisualStudio.QualityTools.Tips.UnitTest.Adapter, Version=11.0.0.0, Culture=neutral, PublicKeyToken=b03f5f7f11d50a3a" className="ChessTests.KnightTests, ChessTests, Version=1.0.0.0, Culture=neutral, PublicKeyToken=null" name="cannotCaptureOwnPieceBottomLeft" />
    </UnitTest>
    <UnitTest name="canTakeOppositionPieceMovingDownRight" storage="..\chesstests\bin\debug\chesstests.dll" id="4b659aa5-2064-7295-f3dc-47eac73b7ede">
      <Execution timeOut="1800000" id="5d653a15-7cf6-471f-a048-1c6aa493c334" />
      <TestMethod codeBase="C:/Users/ShaneH/Documents/Visual Studio 2012/Projects/Chess/ChessTests/bin/Debug/ChessTests.dll" adapterTypeName="Microsoft.VisualStudio.TestTools.TestTypes.Unit.UnitTestAdapter, Microsoft.VisualStudio.QualityTools.Tips.UnitTest.Adapter, Version=11.0.0.0, Culture=neutral, PublicKeyToken=b03f5f7f11d50a3a" className="ChessTests.KingTests, ChessTests, Version=1.0.0.0, Culture=neutral, PublicKeyToken=null" name="canTakeOppositionPieceMovingDownRight" />
    </UnitTest>
    <UnitTest name="cannotMove2AtStartIfPieceInTheWay" storage="..\chesstests\bin\debug\chesstests.dll" id="2ead5f87-4f49-9731-8b7d-274f7728f6ce">
      <Execution timeOut="1800000" id="c0fb79fe-92cc-4e0a-b289-8dbbfe4ba653" />
      <TestMethod codeBase="C:/Users/ShaneH/Documents/Visual Studio 2012/Projects/Chess/ChessTests/bin/Debug/ChessTests.dll" adapterTypeName="Microsoft.VisualStudio.TestTools.TestTypes.Unit.UnitTestAdapter, Microsoft.VisualStudio.QualityTools.Tips.UnitTest.Adapter, Version=11.0.0.0, Culture=neutral, PublicKeyToken=b03f5f7f11d50a3a" className="ChessTests.PawnTests, ChessTests, Version=1.0.0.0, Culture=neutral, PublicKeyToken=null" name="cannotMove2AtStartIfPieceInTheWay" />
    </UnitTest>
    <UnitTest name="colourNotInStalemateWhenNoKing" storage="..\chesstests\bin\debug\chesstests.dll" id="4803cba5-3e50-3f44-98b3-8a7b2e589c5a">
      <Execution timeOut="1800000" id="a23b4f97-8131-47d5-a6e0-eb806691149e" />
      <TestMethod codeBase="C:/Users/ShaneH/Documents/Visual Studio 2012/Projects/Chess/ChessTests/bin/Debug/ChessTests.dll" adapterTypeName="Microsoft.VisualStudio.TestTools.TestTypes.Unit.UnitTestAdapter, Microsoft.VisualStudio.QualityTools.Tips.UnitTest.Adapter, Version=11.0.0.0, Culture=neutral, PublicKeyToken=b03f5f7f11d50a3a" className="ChessTests.CheckTests, ChessTests, Version=1.0.0.0, Culture=neutral, PublicKeyToken=null" name="colourNotInStalemateWhenNoKing" />
    </UnitTest>
    <UnitTest name="cannotCaptureOwnPieceRightBottom" storage="..\chesstests\bin\debug\chesstests.dll" id="c281314e-828d-e156-cbd7-96cd2b327ed0">
      <Execution timeOut="1800000" id="7448b75e-e4ca-43da-a5b2-ac31dde19674" />
      <TestMethod codeBase="C:/Users/ShaneH/Documents/Visual Studio 2012/Projects/Chess/ChessTests/bin/Debug/ChessTests.dll" adapterTypeName="Microsoft.VisualStudio.TestTools.TestTypes.Unit.UnitTestAdapter, Microsoft.VisualStudio.QualityTools.Tips.UnitTest.Adapter, Version=11.0.0.0, Culture=neutral, PublicKeyToken=b03f5f7f11d50a3a" className="ChessTests.KnightTests, ChessTests, Version=1.0.0.0, Culture=neutral, PublicKeyToken=null" name="cannotCaptureOwnPieceRightBottom" />
    </UnitTest>
    <UnitTest name="cannotMove2AtStartIfPieceJustInFront" storage="..\chesstests\bin\debug\chesstests.dll" id="f4345ccc-f7f8-a9d0-d85f-f34d1eaed95e">
      <Execution timeOut="1800000" id="88ed3ea3-07e3-4037-ad52-c1af32128255" />
      <TestMethod codeBase="C:/Users/ShaneH/Documents/Visual Studio 2012/Projects/Chess/ChessTests/bin/Debug/ChessTests.dll" adapterTypeName="Microsoft.VisualStudio.TestTools.TestTypes.Unit.UnitTestAdapter, Microsoft.VisualStudio.QualityTools.Tips.UnitTest.Adapter, Version=11.0.0.0, Culture=neutral, PublicKeyToken=b03f5f7f11d50a3a" className="ChessTests.PawnTests, ChessTests, Version=1.0.0.0, Culture=neutral, PublicKeyToken=null" name="cannotMove2AtStartIfPieceJustInFront" />
    </UnitTest>
    <UnitTest name="getExceptionWhenSelectCellNegativeRow" storage="..\chesstests\bin\debug\chesstests.dll" id="b899b54b-1fed-9cb3-745e-fba087b88573">
      <Execution timeOut="1800000" id="31a75494-29c0-4203-ae3e-d359c8f4a0a3" />
      <TestMethod codeBase="C:/Users/ShaneH/Documents/Visual Studio 2012/Projects/Chess/ChessTests/bin/Debug/ChessTests.dll" adapterTypeName="Microsoft.VisualStudio.TestTools.TestTypes.Unit.UnitTestAdapter, Microsoft.VisualStudio.QualityTools.Tips.UnitTest.Adapter, Version=11.0.0.0, Culture=neutral, PublicKeyToken=b03f5f7f11d50a3a" className="ChessTests.ChessTests, ChessTests, Version=1.0.0.0, Culture=neutral, PublicKeyToken=null" name="getExceptionWhenSelectCellNegativeRow" />
    </UnitTest>
    <UnitTest name="canTakeOppositionPieceMovingDownLeft" storage="..\chesstests\bin\debug\chesstests.dll" id="f2c8f66f-5b37-9645-e49a-a041d148b602">
      <Execution timeOut="1800000" id="0732bc0d-f548-4644-aa14-3fb7c9abfb0a" />
      <TestMethod codeBase="C:/Users/ShaneH/Documents/Visual Studio 2012/Projects/Chess/ChessTests/bin/Debug/ChessTests.dll" adapterTypeName="Microsoft.VisualStudio.TestTools.TestTypes.Unit.UnitTestAdapter, Microsoft.VisualStudio.QualityTools.Tips.UnitTest.Adapter, Version=11.0.0.0, Culture=neutral, PublicKeyToken=b03f5f7f11d50a3a" className="ChessTests.KingTests, ChessTests, Version=1.0.0.0, Culture=neutral, PublicKeyToken=null" name="canTakeOppositionPieceMovingDownLeft" />
    </UnitTest>
    <UnitTest name="canMoveKingUpRight" storage="..\chesstests\bin\debug\chesstests.dll" id="54bf5bb6-83d7-dbc0-fbb6-c50b912aca0c">
      <Execution timeOut="1800000" id="99dbd916-695b-43f6-9680-6cc13dcc4391" />
      <TestMethod codeBase="C:/Users/ShaneH/Documents/Visual Studio 2012/Projects/Chess/ChessTests/bin/Debug/ChessTests.dll" adapterTypeName="Microsoft.VisualStudio.TestTools.TestTypes.Unit.UnitTestAdapter, Microsoft.VisualStudio.QualityTools.Tips.UnitTest.Adapter, Version=11.0.0.0, Culture=neutral, PublicKeyToken=b03f5f7f11d50a3a" className="ChessTests.KingTests, ChessTests, Version=1.0.0.0, Culture=neutral, PublicKeyToken=null" name="canMoveKingUpRight" />
    </UnitTest>
    <UnitTest name="pieceHasNoValidMoves" storage="..\chesstests\bin\debug\chesstests.dll" id="dafe7a1e-3bd2-12cf-e3a7-a7dc8926d90c">
      <Execution timeOut="1800000" id="bbdd4d69-40c4-4637-b108-d6e7d07d231e" />
      <TestMethod codeBase="C:/Users/ShaneH/Documents/Visual Studio 2012/Projects/Chess/ChessTests/bin/Debug/ChessTests.dll" adapterTypeName="Microsoft.VisualStudio.TestTools.TestTypes.Unit.UnitTestAdapter, Microsoft.VisualStudio.QualityTools.Tips.UnitTest.Adapter, Version=11.0.0.0, Culture=neutral, PublicKeyToken=b03f5f7f11d50a3a" className="ChessTests.ChessTests, ChessTests, Version=1.0.0.0, Culture=neutral, PublicKeyToken=null" name="pieceHasNoValidMoves" />
    </UnitTest>
    <UnitTest name="exceptionWhenMoveTooLargeRow" storage="..\chesstests\bin\debug\chesstests.dll" id="2622fed3-4e63-071a-2d6d-7db13abf1a89">
      <Execution timeOut="1800000" id="be3a6cee-1497-40d0-982e-be6fb5f3bcc3" />
      <TestMethod codeBase="C:/Users/ShaneH/Documents/Visual Studio 2012/Projects/Chess/ChessTests/bin/Debug/ChessTests.dll" adapterTypeName="Microsoft.VisualStudio.TestTools.TestTypes.Unit.UnitTestAdapter, Microsoft.VisualStudio.QualityTools.Tips.UnitTest.Adapter, Version=11.0.0.0, Culture=neutral, PublicKeyToken=b03f5f7f11d50a3a" className="ChessTests.ChessTests, ChessTests, Version=1.0.0.0, Culture=neutral, PublicKeyToken=null" name="exceptionWhenMoveTooLargeRow" />
    </UnitTest>
    <UnitTest name="canMoveWhiteRookVerticallyDown" storage="..\chesstests\bin\debug\chesstests.dll" id="7ff00668-a1d1-598b-ea2d-b4d066dc2a94">
      <Execution timeOut="1800000" id="4ae5d6ef-8149-4ef7-92fc-d60a8237e2c8" />
      <TestMethod codeBase="C:/Users/ShaneH/Documents/Visual Studio 2012/Projects/Chess/ChessTests/bin/Debug/ChessTests.dll" adapterTypeName="Microsoft.VisualStudio.TestTools.TestTypes.Unit.UnitTestAdapter, Microsoft.VisualStudio.QualityTools.Tips.UnitTest.Adapter, Version=11.0.0.0, Culture=neutral, PublicKeyToken=b03f5f7f11d50a3a" className="ChessTests.RookTests, ChessTests, Version=1.0.0.0, Culture=neutral, PublicKeyToken=null" name="canMoveWhiteRookVerticallyDown" />
    </UnitTest>
    <UnitTest name="kingInCheckMateWhenInCheckWithNoPossibleMoves" storage="..\chesstests\bin\debug\chesstests.dll" id="ffdb4695-667e-dd10-549e-ca3d318866c4">
      <Execution timeOut="1800000" id="12d6003a-1426-4888-bee3-408d74b7c4d9" />
      <TestMethod codeBase="C:/Users/ShaneH/Documents/Visual Studio 2012/Projects/Chess/ChessTests/bin/Debug/ChessTests.dll" adapterTypeName="Microsoft.VisualStudio.TestTools.TestTypes.Unit.UnitTestAdapter, Microsoft.VisualStudio.QualityTools.Tips.UnitTest.Adapter, Version=11.0.0.0, Culture=neutral, PublicKeyToken=b03f5f7f11d50a3a" className="ChessTests.CheckMateTests, ChessTests, Version=1.0.0.0, Culture=neutral, PublicKeyToken=null" name="kingInCheckMateWhenInCheckWithNoPossibleMoves" />
    </UnitTest>
    <UnitTest name="canMoveBlackRookHorizonallyLeft" storage="..\chesstests\bin\debug\chesstests.dll" id="623f0bb4-6cd6-0db1-bf8f-7a93fb8b942e">
      <Execution timeOut="1800000" id="ff9044ed-c1ff-4008-96e9-21e6384b25a7" />
      <TestMethod codeBase="C:/Users/ShaneH/Documents/Visual Studio 2012/Projects/Chess/ChessTests/bin/Debug/ChessTests.dll" adapterTypeName="Microsoft.VisualStudio.TestTools.TestTypes.Unit.UnitTestAdapter, Microsoft.VisualStudio.QualityTools.Tips.UnitTest.Adapter, Version=11.0.0.0, Culture=neutral, PublicKeyToken=b03f5f7f11d50a3a" className="ChessTests.RookTests, ChessTests, Version=1.0.0.0, Culture=neutral, PublicKeyToken=null" name="canMoveBlackRookHorizonallyLeft" />
    </UnitTest>
    <UnitTest name="canMoveWhiteKnightDownLeft" storage="..\chesstests\bin\debug\chesstests.dll" id="129b002c-1fd8-a858-11b5-efb8011f1c66">
      <Execution timeOut="1800000" id="7cbcb8db-476e-4496-a4b8-f00beb38049a" />
      <TestMethod codeBase="C:/Users/ShaneH/Documents/Visual Studio 2012/Projects/Chess/ChessTests/bin/Debug/ChessTests.dll" adapterTypeName="Microsoft.VisualStudio.TestTools.TestTypes.Unit.UnitTestAdapter, Microsoft.VisualStudio.QualityTools.Tips.UnitTest.Adapter, Version=11.0.0.0, Culture=neutral, PublicKeyToken=b03f5f7f11d50a3a" className="ChessTests.KnightTests, ChessTests, Version=1.0.0.0, Culture=neutral, PublicKeyToken=null" name="canMoveWhiteKnightDownLeft" />
    </UnitTest>
    <UnitTest name="kingNotInCheckMateByDefault" storage="..\chesstests\bin\debug\chesstests.dll" id="f94b9858-af5f-5769-3a8b-398c9b0b4478">
      <Execution timeOut="1800000" id="cf7cda12-63ae-450a-b3a2-88f2286b322a" />
      <TestMethod codeBase="C:/Users/ShaneH/Documents/Visual Studio 2012/Projects/Chess/ChessTests/bin/Debug/ChessTests.dll" adapterTypeName="Microsoft.VisualStudio.TestTools.TestTypes.Unit.UnitTestAdapter, Microsoft.VisualStudio.QualityTools.Tips.UnitTest.Adapter, Version=11.0.0.0, Culture=neutral, PublicKeyToken=b03f5f7f11d50a3a" className="ChessTests.CheckMateTests, ChessTests, Version=1.0.0.0, Culture=neutral, PublicKeyToken=null" name="kingNotInCheckMateByDefault" />
    </UnitTest>
    <UnitTest name="simulationReturnsCorrectNumberForQueen" storage="..\chesstests\bin\debug\chesstests.dll" id="c32496c9-f92b-1aae-b786-6539abf523eb">
      <Execution timeOut="1800000" id="8649ee3c-1424-4803-9b08-ca46355eba17" />
      <TestMethod codeBase="C:/Users/ShaneH/Documents/Visual Studio 2012/Projects/Chess/ChessTests/bin/Debug/ChessTests.dll" adapterTypeName="Microsoft.VisualStudio.TestTools.TestTypes.Unit.UnitTestAdapter, Microsoft.VisualStudio.QualityTools.Tips.UnitTest.Adapter, Version=11.0.0.0, Culture=neutral, PublicKeyToken=b03f5f7f11d50a3a" className="ChessTests.BoardSimulateTests, ChessTests, Version=1.0.0.0, Culture=neutral, PublicKeyToken=null" name="simulationReturnsCorrectNumberForQueen" />
    </UnitTest>
    <UnitTest name="invalidMoveGivesCorrectPieceName" storage="..\chesstests\bin\debug\chesstests.dll" id="cc5c40cc-583d-811b-ee50-c1611290992c">
      <Execution timeOut="1800000" id="5665fb49-e1e8-4be6-b48c-e63407252e74" />
      <TestMethod codeBase="C:/Users/ShaneH/Documents/Visual Studio 2012/Projects/Chess/ChessTests/bin/Debug/ChessTests.dll" adapterTypeName="Microsoft.VisualStudio.TestTools.TestTypes.Unit.UnitTestAdapter, Microsoft.VisualStudio.QualityTools.Tips.UnitTest.Adapter, Version=11.0.0.0, Culture=neutral, PublicKeyToken=b03f5f7f11d50a3a" className="ChessTests.RookTests, ChessTests, Version=1.0.0.0, Culture=neutral, PublicKeyToken=null" name="invalidMoveGivesCorrectPieceName" />
    </UnitTest>
    <UnitTest name="emptyPieceDoesNothingWhenCopyingToBoard" storage="..\chesstests\bin\debug\chesstests.dll" id="1be779d0-7d79-a70d-dad3-321f550d401f">
      <Execution timeOut="1800000" id="1b8cea37-aa15-4909-b33c-da31eb0abae8" />
      <TestMethod codeBase="C:/Users/ShaneH/Documents/Visual Studio 2012/Projects/Chess/ChessTests/bin/Debug/ChessTests.dll" adapterTypeName="Microsoft.VisualStudio.TestTools.TestTypes.Unit.UnitTestAdapter, Microsoft.VisualStudio.QualityTools.Tips.UnitTest.Adapter, Version=11.0.0.0, Culture=neutral, PublicKeyToken=b03f5f7f11d50a3a" className="ChessTests.ChessTests, ChessTests, Version=1.0.0.0, Culture=neutral, PublicKeyToken=null" name="emptyPieceDoesNothingWhenCopyingToBoard" />
    </UnitTest>
    <UnitTest name="canMoveBlackKnightRightDown" storage="..\chesstests\bin\debug\chesstests.dll" id="da7f9d67-6583-5b93-3103-caab5031e2e0">
      <Execution timeOut="1800000" id="ea27d35e-5555-47a7-95e5-b876a2111653" />
      <TestMethod codeBase="C:/Users/ShaneH/Documents/Visual Studio 2012/Projects/Chess/ChessTests/bin/Debug/ChessTests.dll" adapterTypeName="Microsoft.VisualStudio.TestTools.TestTypes.Unit.UnitTestAdapter, Microsoft.VisualStudio.QualityTools.Tips.UnitTest.Adapter, Version=11.0.0.0, Culture=neutral, PublicKeyToken=b03f5f7f11d50a3a" className="ChessTests.KnightTests, ChessTests, Version=1.0.0.0, Culture=neutral, PublicKeyToken=null" name="canMoveBlackKnightRightDown" />
    </UnitTest>
    <UnitTest name="invalidMoveGivesCorrectPieceName" storage="..\chesstests\bin\debug\chesstests.dll" id="070484d8-b78f-e4c9-05d6-cba7187facb9">
      <Execution timeOut="1800000" id="333ce8cd-ab79-49ef-956c-1644045a9c1b" />
      <TestMethod codeBase="C:/Users/ShaneH/Documents/Visual Studio 2012/Projects/Chess/ChessTests/bin/Debug/ChessTests.dll" adapterTypeName="Microsoft.VisualStudio.TestTools.TestTypes.Unit.UnitTestAdapter, Microsoft.VisualStudio.QualityTools.Tips.UnitTest.Adapter, Version=11.0.0.0, Culture=neutral, PublicKeyToken=b03f5f7f11d50a3a" className="ChessTests.KnightTests, ChessTests, Version=1.0.0.0, Culture=neutral, PublicKeyToken=null" name="invalidMoveGivesCorrectPieceName" />
    </UnitTest>
    <UnitTest name="cannotMoveIntoCheck" storage="..\chesstests\bin\debug\chesstests.dll" id="f6b94837-b11e-b7fc-3b07-45030b7ef6b9">
      <Execution timeOut="1800000" id="0933b25a-f6cc-4774-8422-9afbaaf9fd3b" />
      <TestMethod codeBase="C:/Users/ShaneH/Documents/Visual Studio 2012/Projects/Chess/ChessTests/bin/Debug/ChessTests.dll" adapterTypeName="Microsoft.VisualStudio.TestTools.TestTypes.Unit.UnitTestAdapter, Microsoft.VisualStudio.QualityTools.Tips.UnitTest.Adapter, Version=11.0.0.0, Culture=neutral, PublicKeyToken=b03f5f7f11d50a3a" className="ChessTests.KingTests, ChessTests, Version=1.0.0.0, Culture=neutral, PublicKeyToken=null" name="cannotMoveIntoCheck" />
    </UnitTest>
    <UnitTest name="canMoveKingLeft" storage="..\chesstests\bin\debug\chesstests.dll" id="e8e33e12-931b-128d-146d-566c8d61cfb2">
      <Execution timeOut="1800000" id="48885020-feb8-4676-82ba-214d94fbea50" />
      <TestMethod codeBase="C:/Users/ShaneH/Documents/Visual Studio 2012/Projects/Chess/ChessTests/bin/Debug/ChessTests.dll" adapterTypeName="Microsoft.VisualStudio.TestTools.TestTypes.Unit.UnitTestAdapter, Microsoft.VisualStudio.QualityTools.Tips.UnitTest.Adapter, Version=11.0.0.0, Culture=neutral, PublicKeyToken=b03f5f7f11d50a3a" className="ChessTests.KingTests, ChessTests, Version=1.0.0.0, Culture=neutral, PublicKeyToken=null" name="canMoveKingLeft" />
    </UnitTest>
    <UnitTest name="cannotMoveEnPassantIfOtherPieceNotAPawn" storage="..\chesstests\bin\debug\chesstests.dll" id="1889f775-0977-2f85-bcf9-6dc4aeb0834c">
      <Execution timeOut="1800000" id="ecd49d5b-26f9-4c6a-ba22-0e09fe68b93b" />
      <TestMethod codeBase="C:/Users/ShaneH/Documents/Visual Studio 2012/Projects/Chess/ChessTests/bin/Debug/ChessTests.dll" adapterTypeName="Microsoft.VisualStudio.TestTools.TestTypes.Unit.UnitTestAdapter, Microsoft.VisualStudio.QualityTools.Tips.UnitTest.Adapter, Version=11.0.0.0, Culture=neutral, PublicKeyToken=b03f5f7f11d50a3a" className="ChessTests.PawnTests, ChessTests, Version=1.0.0.0, Culture=neutral, PublicKeyToken=null" name="cannotMoveEnPassantIfOtherPieceNotAPawn" />
    </UnitTest>
    <UnitTest name="cannotTakeOwnPieceMovingForward" storage="..\chesstests\bin\debug\chesstests.dll" id="b9482e51-690d-61ad-be55-288bbe5f6ac4">
      <Execution timeOut="1800000" id="7f802462-7abf-4862-abe5-411b517708c5" />
      <TestMethod codeBase="C:/Users/ShaneH/Documents/Visual Studio 2012/Projects/Chess/ChessTests/bin/Debug/ChessTests.dll" adapterTypeName="Microsoft.VisualStudio.TestTools.TestTypes.Unit.UnitTestAdapter, Microsoft.VisualStudio.QualityTools.Tips.UnitTest.Adapter, Version=11.0.0.0, Culture=neutral, PublicKeyToken=b03f5f7f11d50a3a" className="ChessTests.KingTests, ChessTests, Version=1.0.0.0, Culture=neutral, PublicKeyToken=null" name="cannotTakeOwnPieceMovingForward" />
    </UnitTest>
    <UnitTest name="cannotTakeOwnPieceDiagUpRight" storage="..\chesstests\bin\debug\chesstests.dll" id="f2547ccb-ac70-9f08-d6b9-a2ccdc08bacc">
      <Execution timeOut="1800000" id="93da04a4-0f21-41f2-9eb5-4454067829b1" />
      <TestMethod codeBase="C:/Users/ShaneH/Documents/Visual Studio 2012/Projects/Chess/ChessTests/bin/Debug/ChessTests.dll" adapterTypeName="Microsoft.VisualStudio.TestTools.TestTypes.Unit.UnitTestAdapter, Microsoft.VisualStudio.QualityTools.Tips.UnitTest.Adapter, Version=11.0.0.0, Culture=neutral, PublicKeyToken=b03f5f7f11d50a3a" className="ChessTests.BishopTests, ChessTests, Version=1.0.0.0, Culture=neutral, PublicKeyToken=null" name="cannotTakeOwnPieceDiagUpRight" />
    </UnitTest>
    <UnitTest name="canMoveQueenHorizontallyRight" storage="..\chesstests\bin\debug\chesstests.dll" id="4a2195e8-be6f-2084-7664-243a4cb97e3b">
      <Execution timeOut="1800000" id="258cf2e4-93ae-4468-ad2c-b312800199a8" />
      <TestMethod codeBase="C:/Users/ShaneH/Documents/Visual Studio 2012/Projects/Chess/ChessTests/bin/Debug/ChessTests.dll" adapterTypeName="Microsoft.VisualStudio.TestTools.TestTypes.Unit.UnitTestAdapter, Microsoft.VisualStudio.QualityTools.Tips.UnitTest.Adapter, Version=11.0.0.0, Culture=neutral, PublicKeyToken=b03f5f7f11d50a3a" className="ChessTests.QueenTests, ChessTests, Version=1.0.0.0, Culture=neutral, PublicKeyToken=null" name="canMoveQueenHorizontallyRight" />
    </UnitTest>
    <UnitTest name="canMoveWhiteKnightUpRight" storage="..\chesstests\bin\debug\chesstests.dll" id="020bc553-c880-41f6-e7a5-5598075d4e67">
      <Execution timeOut="1800000" id="6acb4463-99fc-43e1-87de-0539d3358342" />
      <TestMethod codeBase="C:/Users/ShaneH/Documents/Visual Studio 2012/Projects/Chess/ChessTests/bin/Debug/ChessTests.dll" adapterTypeName="Microsoft.VisualStudio.TestTools.TestTypes.Unit.UnitTestAdapter, Microsoft.VisualStudio.QualityTools.Tips.UnitTest.Adapter, Version=11.0.0.0, Culture=neutral, PublicKeyToken=b03f5f7f11d50a3a" className="ChessTests.KnightTests, ChessTests, Version=1.0.0.0, Culture=neutral, PublicKeyToken=null" name="canMoveWhiteKnightUpRight" />
    </UnitTest>
    <UnitTest name="blackPawnCannotMoveBackwards" storage="..\chesstests\bin\debug\chesstests.dll" id="cb78d65f-db30-1067-6355-33912c9c98b3">
      <Execution timeOut="1800000" id="3d0dacb8-f1dc-4846-a2c4-435aeb5a9d7d" />
      <TestMethod codeBase="C:/Users/ShaneH/Documents/Visual Studio 2012/Projects/Chess/ChessTests/bin/Debug/ChessTests.dll" adapterTypeName="Microsoft.VisualStudio.TestTools.TestTypes.Unit.UnitTestAdapter, Microsoft.VisualStudio.QualityTools.Tips.UnitTest.Adapter, Version=11.0.0.0, Culture=neutral, PublicKeyToken=b03f5f7f11d50a3a" className="ChessTests.PawnTests, ChessTests, Version=1.0.0.0, Culture=neutral, PublicKeyToken=null" name="blackPawnCannotMoveBackwards" />
    </UnitTest>
    <UnitTest name="areQueensSetup" storage="..\chesstests\bin\debug\chesstests.dll" id="fd75eb10-5261-cc1e-b982-ae741a061d34">
      <Execution timeOut="1800000" id="0a204196-9f13-42c7-a616-6643ef6311a8" />
      <TestMethod codeBase="C:/Users/ShaneH/Documents/Visual Studio 2012/Projects/Chess/ChessTests/bin/Debug/ChessTests.dll" adapterTypeName="Microsoft.VisualStudio.TestTools.TestTypes.Unit.UnitTestAdapter, Microsoft.VisualStudio.QualityTools.Tips.UnitTest.Adapter, Version=11.0.0.0, Culture=neutral, PublicKeyToken=b03f5f7f11d50a3a" className="ChessTests.ChessTests, ChessTests, Version=1.0.0.0, Culture=neutral, PublicKeyToken=null" name="areQueensSetup" />
    </UnitTest>
    <UnitTest name="colourNotInStalemateWhenNoPossibleMovesAndInCheck" storage="..\chesstests\bin\debug\chesstests.dll" id="7ecdaa04-80a9-8a28-648b-fdeb48a2186d">
      <Execution timeOut="1800000" id="6dfc06f2-6d75-4c5b-a68e-f38098606326" />
      <TestMethod codeBase="C:/Users/ShaneH/Documents/Visual Studio 2012/Projects/Chess/ChessTests/bin/Debug/ChessTests.dll" adapterTypeName="Microsoft.VisualStudio.TestTools.TestTypes.Unit.UnitTestAdapter, Microsoft.VisualStudio.QualityTools.Tips.UnitTest.Adapter, Version=11.0.0.0, Culture=neutral, PublicKeyToken=b03f5f7f11d50a3a" className="ChessTests.CheckTests, ChessTests, Version=1.0.0.0, Culture=neutral, PublicKeyToken=null" name="colourNotInStalemateWhenNoPossibleMovesAndInCheck" />
    </UnitTest>
    <UnitTest name="canMoveWhiteKnightRightUp" storage="..\chesstests\bin\debug\chesstests.dll" id="b48545f1-36d0-2752-215f-8475388c03a6">
      <Execution timeOut="1800000" id="8a1bc4fe-93d9-4658-96dc-38ebb2043242" />
      <TestMethod codeBase="C:/Users/ShaneH/Documents/Visual Studio 2012/Projects/Chess/ChessTests/bin/Debug/ChessTests.dll" adapterTypeName="Microsoft.VisualStudio.TestTools.TestTypes.Unit.UnitTestAdapter, Microsoft.VisualStudio.QualityTools.Tips.UnitTest.Adapter, Version=11.0.0.0, Culture=neutral, PublicKeyToken=b03f5f7f11d50a3a" className="ChessTests.KnightTests, ChessTests, Version=1.0.0.0, Culture=neutral, PublicKeyToken=null" name="canMoveWhiteKnightRightUp" />
    </UnitTest>
    <UnitTest name="getExceptionWhenSelectCellRowTooLarge" storage="..\chesstests\bin\debug\chesstests.dll" id="56379117-1d4e-106a-e150-22beb95db5f6">
      <Execution timeOut="1800000" id="fc9b5809-12ab-45d8-b529-1dbfbfe52b85" />
      <TestMethod codeBase="C:/Users/ShaneH/Documents/Visual Studio 2012/Projects/Chess/ChessTests/bin/Debug/ChessTests.dll" adapterTypeName="Microsoft.VisualStudio.TestTools.TestTypes.Unit.UnitTestAdapter, Microsoft.VisualStudio.QualityTools.Tips.UnitTest.Adapter, Version=11.0.0.0, Culture=neutral, PublicKeyToken=b03f5f7f11d50a3a" className="ChessTests.ChessTests, ChessTests, Version=1.0.0.0, Culture=neutral, PublicKeyToken=null" name="getExceptionWhenSelectCellRowTooLarge" />
    </UnitTest>
    <UnitTest name="exceptionWhenMoveTooLargeCol" storage="..\chesstests\bin\debug\chesstests.dll" id="05d65582-adf5-1549-bdb6-f0e47270afd3">
      <Execution timeOut="1800000" id="f5511867-f97d-488b-94fe-c5a598fb5057" />
      <TestMethod codeBase="C:/Users/ShaneH/Documents/Visual Studio 2012/Projects/Chess/ChessTests/bin/Debug/ChessTests.dll" adapterTypeName="Microsoft.VisualStudio.TestTools.TestTypes.Unit.UnitTestAdapter, Microsoft.VisualStudio.QualityTools.Tips.UnitTest.Adapter, Version=11.0.0.0, Culture=neutral, PublicKeyToken=b03f5f7f11d50a3a" className="ChessTests.ChessTests, ChessTests, Version=1.0.0.0, Culture=neutral, PublicKeyToken=null" name="exceptionWhenMoveTooLargeCol" />
    </UnitTest>
    <UnitTest name="canMoveBlackKnightUpLeft" storage="..\chesstests\bin\debug\chesstests.dll" id="dec0744b-b5da-6a4d-ad0a-355a63963703">
      <Execution timeOut="1800000" id="be09c1f1-3ad3-420a-b618-dfa7b9df0bab" />
      <TestMethod codeBase="C:/Users/ShaneH/Documents/Visual Studio 2012/Projects/Chess/ChessTests/bin/Debug/ChessTests.dll" adapterTypeName="Microsoft.VisualStudio.TestTools.TestTypes.Unit.UnitTestAdapter, Microsoft.VisualStudio.QualityTools.Tips.UnitTest.Adapter, Version=11.0.0.0, Culture=neutral, PublicKeyToken=b03f5f7f11d50a3a" className="ChessTests.KnightTests, ChessTests, Version=1.0.0.0, Culture=neutral, PublicKeyToken=null" name="canMoveBlackKnightUpLeft" />
    </UnitTest>
    <UnitTest name="kingNotInCheckMateWhenOtherPieceCanMoveInTheWay" storage="..\chesstests\bin\debug\chesstests.dll" id="22fb6488-4e17-7246-9bba-eb7331638ea4">
      <Execution timeOut="1800000" id="a394aae0-0e6b-42a8-b0d2-99b59502445d" />
      <TestMethod codeBase="C:/Users/ShaneH/Documents/Visual Studio 2012/Projects/Chess/ChessTests/bin/Debug/ChessTests.dll" adapterTypeName="Microsoft.VisualStudio.TestTools.TestTypes.Unit.UnitTestAdapter, Microsoft.VisualStudio.QualityTools.Tips.UnitTest.Adapter, Version=11.0.0.0, Culture=neutral, PublicKeyToken=b03f5f7f11d50a3a" className="ChessTests.CheckMateTests, ChessTests, Version=1.0.0.0, Culture=neutral, PublicKeyToken=null" name="kingNotInCheckMateWhenOtherPieceCanMoveInTheWay" />
    </UnitTest>
    <UnitTest name="noErrorOnTopLeft" storage="..\chesstests\bin\debug\chesstests.dll" id="3a5598f0-2f6a-ab8e-56e4-280c59becd55">
      <Execution timeOut="1800000" id="15a78c63-5543-437c-b5b7-ba0ca64b7a52" />
      <TestMethod codeBase="C:/Users/ShaneH/Documents/Visual Studio 2012/Projects/Chess/ChessTests/bin/Debug/ChessTests.dll" adapterTypeName="Microsoft.VisualStudio.TestTools.TestTypes.Unit.UnitTestAdapter, Microsoft.VisualStudio.QualityTools.Tips.UnitTest.Adapter, Version=11.0.0.0, Culture=neutral, PublicKeyToken=b03f5f7f11d50a3a" className="ChessTests.KnightTests, ChessTests, Version=1.0.0.0, Culture=neutral, PublicKeyToken=null" name="noErrorOnTopLeft" />
    </UnitTest>
    <UnitTest name="cannotTakeOwnPieceMovingRight" storage="..\chesstests\bin\debug\chesstests.dll" id="6c13f9eb-f3d4-48aa-c88b-6e9674447ef3">
      <Execution timeOut="1800000" id="04885795-d65b-4d1d-8a81-bc2769b7ef50" />
      <TestMethod codeBase="C:/Users/ShaneH/Documents/Visual Studio 2012/Projects/Chess/ChessTests/bin/Debug/ChessTests.dll" adapterTypeName="Microsoft.VisualStudio.TestTools.TestTypes.Unit.UnitTestAdapter, Microsoft.VisualStudio.QualityTools.Tips.UnitTest.Adapter, Version=11.0.0.0, Culture=neutral, PublicKeyToken=b03f5f7f11d50a3a" className="ChessTests.KingTests, ChessTests, Version=1.0.0.0, Culture=neutral, PublicKeyToken=null" name="cannotTakeOwnPieceMovingRight" />
    </UnitTest>
    <UnitTest name="canTakeOppositionPieceMovingDown" storage="..\chesstests\bin\debug\chesstests.dll" id="c9550b69-9fd2-3fcf-2931-2e40d497d81d">
      <Execution timeOut="1800000" id="7e48e064-4988-4e6f-af8e-3fdb6777ef58" />
      <TestMethod codeBase="C:/Users/ShaneH/Documents/Visual Studio 2012/Projects/Chess/ChessTests/bin/Debug/ChessTests.dll" adapterTypeName="Microsoft.VisualStudio.TestTools.TestTypes.Unit.UnitTestAdapter, Microsoft.VisualStudio.QualityTools.Tips.UnitTest.Adapter, Version=11.0.0.0, Culture=neutral, PublicKeyToken=b03f5f7f11d50a3a" className="ChessTests.KingTests, ChessTests, Version=1.0.0.0, Culture=neutral, PublicKeyToken=null" name="canTakeOppositionPieceMovingDown" />
    </UnitTest>
    <UnitTest name="whitePawnCannotTakeTwoRowsForwardAtStart" storage="..\chesstests\bin\debug\chesstests.dll" id="f1502619-456c-8ace-3118-e479f255cb31">
      <Execution timeOut="1800000" id="de6c8c34-8656-4d22-84bf-e3f057cbd326" />
      <TestMethod codeBase="C:/Users/ShaneH/Documents/Visual Studio 2012/Projects/Chess/ChessTests/bin/Debug/ChessTests.dll" adapterTypeName="Microsoft.VisualStudio.TestTools.TestTypes.Unit.UnitTestAdapter, Microsoft.VisualStudio.QualityTools.Tips.UnitTest.Adapter, Version=11.0.0.0, Culture=neutral, PublicKeyToken=b03f5f7f11d50a3a" className="ChessTests.PawnTests, ChessTests, Version=1.0.0.0, Culture=neutral, PublicKeyToken=null" name="whitePawnCannotTakeTwoRowsForwardAtStart" />
    </UnitTest>
    <UnitTest name="canEnumeratePlayerPieces" storage="..\chesstests\bin\debug\chesstests.dll" id="9c621c1d-9ca4-65c3-87bb-d06273555fe6">
      <Execution timeOut="1800000" id="ef4cdd9b-8ac5-458f-aa77-855061517a67" />
      <TestMethod codeBase="C:/Users/ShaneH/Documents/Visual Studio 2012/Projects/Chess/ChessTests/bin/Debug/ChessTests.dll" adapterTypeName="Microsoft.VisualStudio.TestTools.TestTypes.Unit.UnitTestAdapter, Microsoft.VisualStudio.QualityTools.Tips.UnitTest.Adapter, Version=11.0.0.0, Culture=neutral, PublicKeyToken=b03f5f7f11d50a3a" className="ChessTests.ChessTests, ChessTests, Version=1.0.0.0, Culture=neutral, PublicKeyToken=null" name="canEnumeratePlayerPieces" />
    </UnitTest>
    <UnitTest name="blackPawnCanTakePieceRight" storage="..\chesstests\bin\debug\chesstests.dll" id="af7199b0-e83f-767d-57c7-bef2cae34aa3">
      <Execution timeOut="1800000" id="c6cd550f-4107-4d2d-aa37-7590dba64356" />
      <TestMethod codeBase="C:/Users/ShaneH/Documents/Visual Studio 2012/Projects/Chess/ChessTests/bin/Debug/ChessTests.dll" adapterTypeName="Microsoft.VisualStudio.TestTools.TestTypes.Unit.UnitTestAdapter, Microsoft.VisualStudio.QualityTools.Tips.UnitTest.Adapter, Version=11.0.0.0, Culture=neutral, PublicKeyToken=b03f5f7f11d50a3a" className="ChessTests.PawnTests, ChessTests, Version=1.0.0.0, Culture=neutral, PublicKeyToken=null" name="blackPawnCanTakePieceRight" />
    </UnitTest>
    <UnitTest name="cannotMoveWhiteKnightAnywayElse" storage="..\chesstests\bin\debug\chesstests.dll" id="98edb5da-2506-8b04-eeed-1852ef2aaf00">
      <Execution timeOut="1800000" id="7875c7ab-2a55-4e97-a55d-c95531e77438" />
      <TestMethod codeBase="C:/Users/ShaneH/Documents/Visual Studio 2012/Projects/Chess/ChessTests/bin/Debug/ChessTests.dll" adapterTypeName="Microsoft.VisualStudio.TestTools.TestTypes.Unit.UnitTestAdapter, Microsoft.VisualStudio.QualityTools.Tips.UnitTest.Adapter, Version=11.0.0.0, Culture=neutral, PublicKeyToken=b03f5f7f11d50a3a" className="ChessTests.KnightTests, ChessTests, Version=1.0.0.0, Culture=neutral, PublicKeyToken=null" name="cannotMoveWhiteKnightAnywayElse" />
    </UnitTest>
    <UnitTest name="cannotTakeOwnPieceMovingLeft" storage="..\chesstests\bin\debug\chesstests.dll" id="898e8b86-4e2c-3020-5dd7-7d7a30385240">
      <Execution timeOut="1800000" id="9599d54e-36a1-41f8-90ff-8a7e398045cf" />
      <TestMethod codeBase="C:/Users/ShaneH/Documents/Visual Studio 2012/Projects/Chess/ChessTests/bin/Debug/ChessTests.dll" adapterTypeName="Microsoft.VisualStudio.TestTools.TestTypes.Unit.UnitTestAdapter, Microsoft.VisualStudio.QualityTools.Tips.UnitTest.Adapter, Version=11.0.0.0, Culture=neutral, PublicKeyToken=b03f5f7f11d50a3a" className="ChessTests.KingTests, ChessTests, Version=1.0.0.0, Culture=neutral, PublicKeyToken=null" name="cannotTakeOwnPieceMovingLeft" />
    </UnitTest>
    <UnitTest name="invalidMoveGivesCorrectPieceName" storage="..\chesstests\bin\debug\chesstests.dll" id="0135c415-d464-98bd-b8b3-bd9c939f3dde">
      <Execution timeOut="1800000" id="42df24df-ec89-461e-a619-c67b42ab12c1" />
      <TestMethod codeBase="C:/Users/ShaneH/Documents/Visual Studio 2012/Projects/Chess/ChessTests/bin/Debug/ChessTests.dll" adapterTypeName="Microsoft.VisualStudio.TestTools.TestTypes.Unit.UnitTestAdapter, Microsoft.VisualStudio.QualityTools.Tips.UnitTest.Adapter, Version=11.0.0.0, Culture=neutral, PublicKeyToken=b03f5f7f11d50a3a" className="ChessTests.BishopTests, ChessTests, Version=1.0.0.0, Culture=neutral, PublicKeyToken=null" name="invalidMoveGivesCorrectPieceName" />
    </UnitTest>
    <UnitTest name="areTop2RowsBlack" storage="..\chesstests\bin\debug\chesstests.dll" id="4ed072d2-7529-fe73-ad46-07bd95268187">
      <Execution timeOut="1800000" id="31c2ba45-2daa-400c-9da5-bb30ad7ac871" />
      <TestMethod codeBase="C:/Users/ShaneH/Documents/Visual Studio 2012/Projects/Chess/ChessTests/bin/Debug/ChessTests.dll" adapterTypeName="Microsoft.VisualStudio.TestTools.TestTypes.Unit.UnitTestAdapter, Microsoft.VisualStudio.QualityTools.Tips.UnitTest.Adapter, Version=11.0.0.0, Culture=neutral, PublicKeyToken=b03f5f7f11d50a3a" className="ChessTests.ChessTests, ChessTests, Version=1.0.0.0, Culture=neutral, PublicKeyToken=null" name="areTop2RowsBlack" />
    </UnitTest>
    <UnitTest name="whitePawnCannotTakeEmptyPieceLeft" storage="..\chesstests\bin\debug\chesstests.dll" id="76d2cb65-6735-d8b0-b056-6bd2e46786ef">
      <Execution timeOut="1800000" id="a1f8fcb1-33e5-4544-8def-a4d2814c84f6" />
      <TestMethod codeBase="C:/Users/ShaneH/Documents/Visual Studio 2012/Projects/Chess/ChessTests/bin/Debug/ChessTests.dll" adapterTypeName="Microsoft.VisualStudio.TestTools.TestTypes.Unit.UnitTestAdapter, Microsoft.VisualStudio.QualityTools.Tips.UnitTest.Adapter, Version=11.0.0.0, Culture=neutral, PublicKeyToken=b03f5f7f11d50a3a" className="ChessTests.PawnTests, ChessTests, Version=1.0.0.0, Culture=neutral, PublicKeyToken=null" name="whitePawnCannotTakeEmptyPieceLeft" />
    </UnitTest>
    <UnitTest name="cannotMoveRookPastCaptureHorizontallyRight" storage="..\chesstests\bin\debug\chesstests.dll" id="55a6d228-78a5-d622-034e-b73abe2c7a6d">
      <Execution timeOut="1800000" id="595f926c-2d6a-4572-a031-75b20f3a52a9" />
      <TestMethod codeBase="C:/Users/ShaneH/Documents/Visual Studio 2012/Projects/Chess/ChessTests/bin/Debug/ChessTests.dll" adapterTypeName="Microsoft.VisualStudio.TestTools.TestTypes.Unit.UnitTestAdapter, Microsoft.VisualStudio.QualityTools.Tips.UnitTest.Adapter, Version=11.0.0.0, Culture=neutral, PublicKeyToken=b03f5f7f11d50a3a" className="ChessTests.RookTests, ChessTests, Version=1.0.0.0, Culture=neutral, PublicKeyToken=null" name="cannotMoveRookPastCaptureHorizontallyRight" />
    </UnitTest>
    <UnitTest name="queensSetupOnCorrectColour" storage="..\chesstests\bin\debug\chesstests.dll" id="1f0d839d-2acf-5f06-e2ce-d9eadfcf6b39">
      <Execution timeOut="1800000" id="7a15d196-a384-47cf-b495-9d2a409cb251" />
      <TestMethod codeBase="C:/Users/ShaneH/Documents/Visual Studio 2012/Projects/Chess/ChessTests/bin/Debug/ChessTests.dll" adapterTypeName="Microsoft.VisualStudio.TestTools.TestTypes.Unit.UnitTestAdapter, Microsoft.VisualStudio.QualityTools.Tips.UnitTest.Adapter, Version=11.0.0.0, Culture=neutral, PublicKeyToken=b03f5f7f11d50a3a" className="ChessTests.ChessTests, ChessTests, Version=1.0.0.0, Culture=neutral, PublicKeyToken=null" name="queensSetupOnCorrectColour" />
    </UnitTest>
    <UnitTest name="arePawnsSetup" storage="..\chesstests\bin\debug\chesstests.dll" id="197972f7-6197-faf7-a2b7-9fae8c675127">
      <Execution timeOut="1800000" id="16a6f772-1fb4-4c7c-ab80-7b4d6ed48cb4" />
      <TestMethod codeBase="C:/Users/ShaneH/Documents/Visual Studio 2012/Projects/Chess/ChessTests/bin/Debug/ChessTests.dll" adapterTypeName="Microsoft.VisualStudio.TestTools.TestTypes.Unit.UnitTestAdapter, Microsoft.VisualStudio.QualityTools.Tips.UnitTest.Adapter, Version=11.0.0.0, Culture=neutral, PublicKeyToken=b03f5f7f11d50a3a" className="ChessTests.ChessTests, ChessTests, Version=1.0.0.0, Culture=neutral, PublicKeyToken=null" name="arePawnsSetup" />
    </UnitTest>
    <UnitTest name="canMoveQueenHorizontallyLeft" storage="..\chesstests\bin\debug\chesstests.dll" id="62090d81-bf34-b23d-be59-e474692bb2bb">
      <Execution timeOut="1800000" id="969f68d8-3a38-4745-8888-02b4c21668a3" />
      <TestMethod codeBase="C:/Users/ShaneH/Documents/Visual Studio 2012/Projects/Chess/ChessTests/bin/Debug/ChessTests.dll" adapterTypeName="Microsoft.VisualStudio.TestTools.TestTypes.Unit.UnitTestAdapter, Microsoft.VisualStudio.QualityTools.Tips.UnitTest.Adapter, Version=11.0.0.0, Culture=neutral, PublicKeyToken=b03f5f7f11d50a3a" className="ChessTests.QueenTests, ChessTests, Version=1.0.0.0, Culture=neutral, PublicKeyToken=null" name="canMoveQueenHorizontallyLeft" />
    </UnitTest>
    <UnitTest name="canMoveWhiteRookVerticallyUp" storage="..\chesstests\bin\debug\chesstests.dll" id="6d564f94-5eaa-e990-ac62-ae2a50bad2a5">
      <Execution timeOut="1800000" id="26d575ed-63a4-4886-bc08-7d3cc1d4da4b" />
      <TestMethod codeBase="C:/Users/ShaneH/Documents/Visual Studio 2012/Projects/Chess/ChessTests/bin/Debug/ChessTests.dll" adapterTypeName="Microsoft.VisualStudio.TestTools.TestTypes.Unit.UnitTestAdapter, Microsoft.VisualStudio.QualityTools.Tips.UnitTest.Adapter, Version=11.0.0.0, Culture=neutral, PublicKeyToken=b03f5f7f11d50a3a" className="ChessTests.RookTests, ChessTests, Version=1.0.0.0, Culture=neutral, PublicKeyToken=null" name="canMoveWhiteRookVerticallyUp" />
    </UnitTest>
    <UnitTest name="simulationReturnsCorrectSimulationBoardsForPawnAtStart" storage="..\chesstests\bin\debug\chesstests.dll" id="bd525819-d0e0-163c-ef0b-ee14eb07f38c">
      <Execution timeOut="1800000" id="e060ec0d-c662-40b1-876c-640448a915aa" />
      <TestMethod codeBase="C:/Users/ShaneH/Documents/Visual Studio 2012/Projects/Chess/ChessTests/bin/Debug/ChessTests.dll" adapterTypeName="Microsoft.VisualStudio.TestTools.TestTypes.Unit.UnitTestAdapter, Microsoft.VisualStudio.QualityTools.Tips.UnitTest.Adapter, Version=11.0.0.0, Culture=neutral, PublicKeyToken=b03f5f7f11d50a3a" className="ChessTests.BoardSimulateTests, ChessTests, Version=1.0.0.0, Culture=neutral, PublicKeyToken=null" name="simulationReturnsCorrectSimulationBoardsForPawnAtStart" />
    </UnitTest>
    <UnitTest name="moveEnPassantRightNotImmediateThrowsError" storage="..\chesstests\bin\debug\chesstests.dll" id="1ae802a5-bb94-ae3c-980c-cf0121da8a4a">
      <Execution timeOut="1800000" id="6d6da7cb-0a4b-4067-91c9-dfcb700b67af" />
      <TestMethod codeBase="C:/Users/ShaneH/Documents/Visual Studio 2012/Projects/Chess/ChessTests/bin/Debug/ChessTests.dll" adapterTypeName="Microsoft.VisualStudio.TestTools.TestTypes.Unit.UnitTestAdapter, Microsoft.VisualStudio.QualityTools.Tips.UnitTest.Adapter, Version=11.0.0.0, Culture=neutral, PublicKeyToken=b03f5f7f11d50a3a" className="ChessTests.PawnTests, ChessTests, Version=1.0.0.0, Culture=neutral, PublicKeyToken=null" name="moveEnPassantRightNotImmediateThrowsError" />
    </UnitTest>
    <UnitTest name="canMoveBlackKnightLeftUp" storage="..\chesstests\bin\debug\chesstests.dll" id="89133348-f31e-9131-8497-14e1440854d8">
      <Execution timeOut="1800000" id="3e179c76-d894-48ad-ba8c-780e432d8adb" />
      <TestMethod codeBase="C:/Users/ShaneH/Documents/Visual Studio 2012/Projects/Chess/ChessTests/bin/Debug/ChessTests.dll" adapterTypeName="Microsoft.VisualStudio.TestTools.TestTypes.Unit.UnitTestAdapter, Microsoft.VisualStudio.QualityTools.Tips.UnitTest.Adapter, Version=11.0.0.0, Culture=neutral, PublicKeyToken=b03f5f7f11d50a3a" className="ChessTests.KnightTests, ChessTests, Version=1.0.0.0, Culture=neutral, PublicKeyToken=null" name="canMoveBlackKnightLeftUp" />
    </UnitTest>
    <UnitTest name="whitePawnCannotTakeEmptyPieceRight" storage="..\chesstests\bin\debug\chesstests.dll" id="85ab3335-8bf0-ecfa-98f7-0db700370fe2">
      <Execution timeOut="1800000" id="d3da9158-1be1-4782-8862-8f3cba7edbef" />
      <TestMethod codeBase="C:/Users/ShaneH/Documents/Visual Studio 2012/Projects/Chess/ChessTests/bin/Debug/ChessTests.dll" adapterTypeName="Microsoft.VisualStudio.TestTools.TestTypes.Unit.UnitTestAdapter, Microsoft.VisualStudio.QualityTools.Tips.UnitTest.Adapter, Version=11.0.0.0, Culture=neutral, PublicKeyToken=b03f5f7f11d50a3a" className="ChessTests.PawnTests, ChessTests, Version=1.0.0.0, Culture=neutral, PublicKeyToken=null" name="whitePawnCannotTakeEmptyPieceRight" />
    </UnitTest>
    <UnitTest name="cannotMoveIntoCheckWithRook" storage="..\chesstests\bin\debug\chesstests.dll" id="dcca3c4a-4d5b-4814-e0a5-e44d018476b2">
      <Execution timeOut="1800000" id="d362a846-aa8d-4a7c-87c3-a2dbc6e6975d" />
      <TestMethod codeBase="C:/Users/ShaneH/Documents/Visual Studio 2012/Projects/Chess/ChessTests/bin/Debug/ChessTests.dll" adapterTypeName="Microsoft.VisualStudio.TestTools.TestTypes.Unit.UnitTestAdapter, Microsoft.VisualStudio.QualityTools.Tips.UnitTest.Adapter, Version=11.0.0.0, Culture=neutral, PublicKeyToken=b03f5f7f11d50a3a" className="ChessTests.CheckTests, ChessTests, Version=1.0.0.0, Culture=neutral, PublicKeyToken=null" name="cannotMoveIntoCheckWithRook" />
    </UnitTest>
    <UnitTest name="exceptionWhenMoveToNegativeRow" storage="..\chesstests\bin\debug\chesstests.dll" id="b7b09a89-f922-b298-bb69-6134762504c7">
      <Execution timeOut="1800000" id="0269124f-3a4b-414a-9af8-fcafaa16a572" />
      <TestMethod codeBase="C:/Users/ShaneH/Documents/Visual Studio 2012/Projects/Chess/ChessTests/bin/Debug/ChessTests.dll" adapterTypeName="Microsoft.VisualStudio.TestTools.TestTypes.Unit.UnitTestAdapter, Microsoft.VisualStudio.QualityTools.Tips.UnitTest.Adapter, Version=11.0.0.0, Culture=neutral, PublicKeyToken=b03f5f7f11d50a3a" className="ChessTests.ChessTests, ChessTests, Version=1.0.0.0, Culture=neutral, PublicKeyToken=null" name="exceptionWhenMoveToNegativeRow" />
    </UnitTest>
    <UnitTest name="canMoveKingDownRight" storage="..\chesstests\bin\debug\chesstests.dll" id="558b53c6-969d-e366-d6b8-7fcc271542df">
      <Execution timeOut="1800000" id="cb931313-e029-42e0-8470-111c999f2b2a" />
      <TestMethod codeBase="C:/Users/ShaneH/Documents/Visual Studio 2012/Projects/Chess/ChessTests/bin/Debug/ChessTests.dll" adapterTypeName="Microsoft.VisualStudio.TestTools.TestTypes.Unit.UnitTestAdapter, Microsoft.VisualStudio.QualityTools.Tips.UnitTest.Adapter, Version=11.0.0.0, Culture=neutral, PublicKeyToken=b03f5f7f11d50a3a" className="ChessTests.KingTests, ChessTests, Version=1.0.0.0, Culture=neutral, PublicKeyToken=null" name="canMoveKingDownRight" />
    </UnitTest>
    <UnitTest name="canMoveWhiteBishopDiagonalUpRightNoObstructions" storage="..\chesstests\bin\debug\chesstests.dll" id="f27377be-1934-c9f6-8d07-ac7266d1d2f6">
      <Execution timeOut="1800000" id="57ddc334-c544-45e8-874c-ca9654fe4896" />
      <TestMethod codeBase="C:/Users/ShaneH/Documents/Visual Studio 2012/Projects/Chess/ChessTests/bin/Debug/ChessTests.dll" adapterTypeName="Microsoft.VisualStudio.TestTools.TestTypes.Unit.UnitTestAdapter, Microsoft.VisualStudio.QualityTools.Tips.UnitTest.Adapter, Version=11.0.0.0, Culture=neutral, PublicKeyToken=b03f5f7f11d50a3a" className="ChessTests.BishopTests, ChessTests, Version=1.0.0.0, Culture=neutral, PublicKeyToken=null" name="canMoveWhiteBishopDiagonalUpRightNoObstructions" />
    </UnitTest>
    <UnitTest name="getExceptionWhenSelectCellNegativeCol" storage="..\chesstests\bin\debug\chesstests.dll" id="18c1f855-99f0-d7c9-3814-1b9500d79abb">
      <Execution timeOut="1800000" id="fbafdaae-ef8d-4f25-8d30-1c599b451827" />
      <TestMethod codeBase="C:/Users/ShaneH/Documents/Visual Studio 2012/Projects/Chess/ChessTests/bin/Debug/ChessTests.dll" adapterTypeName="Microsoft.VisualStudio.TestTools.TestTypes.Unit.UnitTestAdapter, Microsoft.VisualStudio.QualityTools.Tips.UnitTest.Adapter, Version=11.0.0.0, Culture=neutral, PublicKeyToken=b03f5f7f11d50a3a" className="ChessTests.ChessTests, ChessTests, Version=1.0.0.0, Culture=neutral, PublicKeyToken=null" name="getExceptionWhenSelectCellNegativeCol" />
    </UnitTest>
    <UnitTest name="areKnightsSetup" storage="..\chesstests\bin\debug\chesstests.dll" id="46a22037-07ac-0ccf-02e3-fd7145e502cd">
      <Execution timeOut="1800000" id="08acf147-e3da-4cfe-b65c-99e86cd3af15" />
      <TestMethod codeBase="C:/Users/ShaneH/Documents/Visual Studio 2012/Projects/Chess/ChessTests/bin/Debug/ChessTests.dll" adapterTypeName="Microsoft.VisualStudio.TestTools.TestTypes.Unit.UnitTestAdapter, Microsoft.VisualStudio.QualityTools.Tips.UnitTest.Adapter, Version=11.0.0.0, Culture=neutral, PublicKeyToken=b03f5f7f11d50a3a" className="ChessTests.ChessTests, ChessTests, Version=1.0.0.0, Culture=neutral, PublicKeyToken=null" name="areKnightsSetup" />
    </UnitTest>
    <UnitTest name="canMoveQueenDiagUpRight" storage="..\chesstests\bin\debug\chesstests.dll" id="e3792867-8253-4fa3-d7e9-04dbc55b7bd0">
      <Execution timeOut="1800000" id="589c4bb9-51c5-4bae-9f01-57323798be2a" />
      <TestMethod codeBase="C:/Users/ShaneH/Documents/Visual Studio 2012/Projects/Chess/ChessTests/bin/Debug/ChessTests.dll" adapterTypeName="Microsoft.VisualStudio.TestTools.TestTypes.Unit.UnitTestAdapter, Microsoft.VisualStudio.QualityTools.Tips.UnitTest.Adapter, Version=11.0.0.0, Culture=neutral, PublicKeyToken=b03f5f7f11d50a3a" className="ChessTests.QueenTests, ChessTests, Version=1.0.0.0, Culture=neutral, PublicKeyToken=null" name="canMoveQueenDiagUpRight" />
    </UnitTest>
    <UnitTest name="cannotJumpOppositionDiagDownRight" storage="..\chesstests\bin\debug\chesstests.dll" id="ee426e89-ab85-59c3-0fcf-e94b5b68ecd0">
      <Execution timeOut="1800000" id="69c0e7b3-cf73-4b7a-b7a9-b6d9836c373b" />
      <TestMethod codeBase="C:/Users/ShaneH/Documents/Visual Studio 2012/Projects/Chess/ChessTests/bin/Debug/ChessTests.dll" adapterTypeName="Microsoft.VisualStudio.TestTools.TestTypes.Unit.UnitTestAdapter, Microsoft.VisualStudio.QualityTools.Tips.UnitTest.Adapter, Version=11.0.0.0, Culture=neutral, PublicKeyToken=b03f5f7f11d50a3a" className="ChessTests.BishopTests, ChessTests, Version=1.0.0.0, Culture=neutral, PublicKeyToken=null" name="cannotJumpOppositionDiagDownRight" />
    </UnitTest>
    <UnitTest name="canBlackPawnMoveOneSpaceForward" storage="..\chesstests\bin\debug\chesstests.dll" id="74218563-c78e-d800-7101-79460a2a54a4">
      <Execution timeOut="1800000" id="ab5195e1-ef87-4ad9-b8c4-1853d5b511f5" />
      <TestMethod codeBase="C:/Users/ShaneH/Documents/Visual Studio 2012/Projects/Chess/ChessTests/bin/Debug/ChessTests.dll" adapterTypeName="Microsoft.VisualStudio.TestTools.TestTypes.Unit.UnitTestAdapter, Microsoft.VisualStudio.QualityTools.Tips.UnitTest.Adapter, Version=11.0.0.0, Culture=neutral, PublicKeyToken=b03f5f7f11d50a3a" className="ChessTests.PawnTests, ChessTests, Version=1.0.0.0, Culture=neutral, PublicKeyToken=null" name="canBlackPawnMoveOneSpaceForward" />
    </UnitTest>
    <UnitTest name="whitePawnCannotMoveTwoSpacesAfterStart" storage="..\chesstests\bin\debug\chesstests.dll" id="35ff0ac0-4840-970b-a280-9a148d7f7af4">
      <Execution timeOut="1800000" id="65516c0d-fed6-43a7-bb25-b97de31b7089" />
      <TestMethod codeBase="C:/Users/ShaneH/Documents/Visual Studio 2012/Projects/Chess/ChessTests/bin/Debug/ChessTests.dll" adapterTypeName="Microsoft.VisualStudio.TestTools.TestTypes.Unit.UnitTestAdapter, Microsoft.VisualStudio.QualityTools.Tips.UnitTest.Adapter, Version=11.0.0.0, Culture=neutral, PublicKeyToken=b03f5f7f11d50a3a" className="ChessTests.PawnTests, ChessTests, Version=1.0.0.0, Culture=neutral, PublicKeyToken=null" name="whitePawnCannotMoveTwoSpacesAfterStart" />
    </UnitTest>
    <UnitTest name="canMoveQueenVerticallyDown" storage="..\chesstests\bin\debug\chesstests.dll" id="01079ac0-f339-2360-8171-8d0e80010056">
      <Execution timeOut="1800000" id="d93dad1a-660e-4f85-8810-f680080a00c9" />
      <TestMethod codeBase="C:/Users/ShaneH/Documents/Visual Studio 2012/Projects/Chess/ChessTests/bin/Debug/ChessTests.dll" adapterTypeName="Microsoft.VisualStudio.TestTools.TestTypes.Unit.UnitTestAdapter, Microsoft.VisualStudio.QualityTools.Tips.UnitTest.Adapter, Version=11.0.0.0, Culture=neutral, PublicKeyToken=b03f5f7f11d50a3a" className="ChessTests.QueenTests, ChessTests, Version=1.0.0.0, Culture=neutral, PublicKeyToken=null" name="canMoveQueenVerticallyDown" />
    </UnitTest>
    <UnitTest name="canSelectCell" storage="..\chesstests\bin\debug\chesstests.dll" id="005829d6-859e-9315-7aa3-e62df14cfd2f">
      <Execution timeOut="1800000" id="d36abfc6-e7d9-442c-8603-4fb62086f82e" />
      <TestMethod codeBase="C:/Users/ShaneH/Documents/Visual Studio 2012/Projects/Chess/ChessTests/bin/Debug/ChessTests.dll" adapterTypeName="Microsoft.VisualStudio.TestTools.TestTypes.Unit.UnitTestAdapter, Microsoft.VisualStudio.QualityTools.Tips.UnitTest.Adapter, Version=11.0.0.0, Culture=neutral, PublicKeyToken=b03f5f7f11d50a3a" className="ChessTests.ChessTests, ChessTests, Version=1.0.0.0, Culture=neutral, PublicKeyToken=null" name="canSelectCell" />
    </UnitTest>
    <UnitTest name="canMoveBlackKnightRightUp" storage="..\chesstests\bin\debug\chesstests.dll" id="b6442f0f-5bfd-8c1c-ad13-f1d69b3a8a06">
      <Execution timeOut="1800000" id="c4b6ae07-405c-48ea-9e48-1b43ca300355" />
      <TestMethod codeBase="C:/Users/ShaneH/Documents/Visual Studio 2012/Projects/Chess/ChessTests/bin/Debug/ChessTests.dll" adapterTypeName="Microsoft.VisualStudio.TestTools.TestTypes.Unit.UnitTestAdapter, Microsoft.VisualStudio.QualityTools.Tips.UnitTest.Adapter, Version=11.0.0.0, Culture=neutral, PublicKeyToken=b03f5f7f11d50a3a" className="ChessTests.KnightTests, ChessTests, Version=1.0.0.0, Culture=neutral, PublicKeyToken=null" name="canMoveBlackKnightRightUp" />
    </UnitTest>
    <UnitTest name="cannotCaptureOwnPieceRightTop" storage="..\chesstests\bin\debug\chesstests.dll" id="84067fc2-a576-9ac6-6f3c-59ca7fae01b3">
      <Execution timeOut="1800000" id="d6db5317-5f1e-4eb3-914a-c7f1ede965c3" />
      <TestMethod codeBase="C:/Users/ShaneH/Documents/Visual Studio 2012/Projects/Chess/ChessTests/bin/Debug/ChessTests.dll" adapterTypeName="Microsoft.VisualStudio.TestTools.TestTypes.Unit.UnitTestAdapter, Microsoft.VisualStudio.QualityTools.Tips.UnitTest.Adapter, Version=11.0.0.0, Culture=neutral, PublicKeyToken=b03f5f7f11d50a3a" className="ChessTests.KnightTests, ChessTests, Version=1.0.0.0, Culture=neutral, PublicKeyToken=null" name="cannotCaptureOwnPieceRightTop" />
    </UnitTest>
    <UnitTest name="whitePawnCanTakePieceLeft" storage="..\chesstests\bin\debug\chesstests.dll" id="f9b6fa3b-c686-0e22-5a5c-d78c0f5f065a">
      <Execution timeOut="1800000" id="d8ea6692-8cb4-49af-a1fc-04b9ca329dfe" />
      <TestMethod codeBase="C:/Users/ShaneH/Documents/Visual Studio 2012/Projects/Chess/ChessTests/bin/Debug/ChessTests.dll" adapterTypeName="Microsoft.VisualStudio.TestTools.TestTypes.Unit.UnitTestAdapter, Microsoft.VisualStudio.QualityTools.Tips.UnitTest.Adapter, Version=11.0.0.0, Culture=neutral, PublicKeyToken=b03f5f7f11d50a3a" className="ChessTests.PawnTests, ChessTests, Version=1.0.0.0, Culture=neutral, PublicKeyToken=null" name="whitePawnCanTakePieceLeft" />
    </UnitTest>
    <UnitTest name="getExceptionWhenSelectCellColTooLarge" storage="..\chesstests\bin\debug\chesstests.dll" id="a5cecf0f-42c5-3103-c37e-7de0c32f1d40">
      <Execution timeOut="1800000" id="bf600208-f2f8-4211-b650-aaf33f3b4f5e" />
      <TestMethod codeBase="C:/Users/ShaneH/Documents/Visual Studio 2012/Projects/Chess/ChessTests/bin/Debug/ChessTests.dll" adapterTypeName="Microsoft.VisualStudio.TestTools.TestTypes.Unit.UnitTestAdapter, Microsoft.VisualStudio.QualityTools.Tips.UnitTest.Adapter, Version=11.0.0.0, Culture=neutral, PublicKeyToken=b03f5f7f11d50a3a" className="ChessTests.ChessTests, ChessTests, Version=1.0.0.0, Culture=neutral, PublicKeyToken=null" name="getExceptionWhenSelectCellColTooLarge" />
    </UnitTest>
    <UnitTest name="cannotMoveOneForwardWhenPieceInTheWay" storage="..\chesstests\bin\debug\chesstests.dll" id="e4425b0f-0cb4-e465-5faf-5fa77fa81a46">
      <Execution timeOut="1800000" id="f0094a91-33a7-4247-8127-a3858f13a939" />
      <TestMethod codeBase="C:/Users/ShaneH/Documents/Visual Studio 2012/Projects/Chess/ChessTests/bin/Debug/ChessTests.dll" adapterTypeName="Microsoft.VisualStudio.TestTools.TestTypes.Unit.UnitTestAdapter, Microsoft.VisualStudio.QualityTools.Tips.UnitTest.Adapter, Version=11.0.0.0, Culture=neutral, PublicKeyToken=b03f5f7f11d50a3a" className="ChessTests.PawnTests, ChessTests, Version=1.0.0.0, Culture=neutral, PublicKeyToken=null" name="cannotMoveOneForwardWhenPieceInTheWay" />
    </UnitTest>
    <UnitTest name="nullCellNeverEqual" storage="..\chesstests\bin\debug\chesstests.dll" id="c9eef1b9-2601-24e4-e66c-677a0f68bfe9">
      <Execution timeOut="1800000" id="a9c15682-7810-4c95-bcff-6457156e815d" />
      <TestMethod codeBase="C:/Users/ShaneH/Documents/Visual Studio 2012/Projects/Chess/ChessTests/bin/Debug/ChessTests.dll" adapterTypeName="Microsoft.VisualStudio.TestTools.TestTypes.Unit.UnitTestAdapter, Microsoft.VisualStudio.QualityTools.Tips.UnitTest.Adapter, Version=11.0.0.0, Culture=neutral, PublicKeyToken=b03f5f7f11d50a3a" className="ChessTests.ChessTests, ChessTests, Version=1.0.0.0, Culture=neutral, PublicKeyToken=null" name="nullCellNeverEqual" />
    </UnitTest>
    <UnitTest name="kingNotInCheckWhenOwnPieceBlockingOppositionPiece" storage="..\chesstests\bin\debug\chesstests.dll" id="f98e6c38-f08f-2d80-34cd-9cb6261351d7">
      <Execution timeOut="1800000" id="e152a2f3-7cbb-4dba-90bd-e810686deda2" />
      <TestMethod codeBase="C:/Users/ShaneH/Documents/Visual Studio 2012/Projects/Chess/ChessTests/bin/Debug/ChessTests.dll" adapterTypeName="Microsoft.VisualStudio.TestTools.TestTypes.Unit.UnitTestAdapter, Microsoft.VisualStudio.QualityTools.Tips.UnitTest.Adapter, Version=11.0.0.0, Culture=neutral, PublicKeyToken=b03f5f7f11d50a3a" className="ChessTests.CheckTests, ChessTests, Version=1.0.0.0, Culture=neutral, PublicKeyToken=null" name="kingNotInCheckWhenOwnPieceBlockingOppositionPiece" />
    </UnitTest>
    <UnitTest name="colourNotInStaleManteByDefault" storage="..\chesstests\bin\debug\chesstests.dll" id="9bbae2c8-e27e-d82f-411b-63cf381b699f">
      <Execution timeOut="1800000" id="07705f96-0fa5-4d29-afbc-444059fc738e" />
      <TestMethod codeBase="C:/Users/ShaneH/Documents/Visual Studio 2012/Projects/Chess/ChessTests/bin/Debug/ChessTests.dll" adapterTypeName="Microsoft.VisualStudio.TestTools.TestTypes.Unit.UnitTestAdapter, Microsoft.VisualStudio.QualityTools.Tips.UnitTest.Adapter, Version=11.0.0.0, Culture=neutral, PublicKeyToken=b03f5f7f11d50a3a" className="ChessTests.CheckTests, ChessTests, Version=1.0.0.0, Culture=neutral, PublicKeyToken=null" name="colourNotInStaleManteByDefault" />
    </UnitTest>
    <UnitTest name="canMoveBlackKnightLeftDown" storage="..\chesstests\bin\debug\chesstests.dll" id="6cf57c02-d527-684a-9612-4d68bc5f29f6">
      <Execution timeOut="1800000" id="57cfb443-4f5f-4226-86ee-3688e112bb7b" />
      <TestMethod codeBase="C:/Users/ShaneH/Documents/Visual Studio 2012/Projects/Chess/ChessTests/bin/Debug/ChessTests.dll" adapterTypeName="Microsoft.VisualStudio.TestTools.TestTypes.Unit.UnitTestAdapter, Microsoft.VisualStudio.QualityTools.Tips.UnitTest.Adapter, Version=11.0.0.0, Culture=neutral, PublicKeyToken=b03f5f7f11d50a3a" className="ChessTests.KnightTests, ChessTests, Version=1.0.0.0, Culture=neutral, PublicKeyToken=null" name="canMoveBlackKnightLeftDown" />
    </UnitTest>
    <UnitTest name="canMoveBlackKnightUpRight" storage="..\chesstests\bin\debug\chesstests.dll" id="aec32abe-a9a4-ee33-7558-1c7c2a3fabec">
      <Execution timeOut="1800000" id="bbe63f3c-5b69-428d-b6a4-50de6e3ee311" />
      <TestMethod codeBase="C:/Users/ShaneH/Documents/Visual Studio 2012/Projects/Chess/ChessTests/bin/Debug/ChessTests.dll" adapterTypeName="Microsoft.VisualStudio.TestTools.TestTypes.Unit.UnitTestAdapter, Microsoft.VisualStudio.QualityTools.Tips.UnitTest.Adapter, Version=11.0.0.0, Culture=neutral, PublicKeyToken=b03f5f7f11d50a3a" className="ChessTests.KnightTests, ChessTests, Version=1.0.0.0, Culture=neutral, PublicKeyToken=null" name="canMoveBlackKnightUpRight" />
    </UnitTest>
    <UnitTest name="canMoveBlackRookVerticallyUp" storage="..\chesstests\bin\debug\chesstests.dll" id="4e5788c1-ada8-e773-ce47-116c6628d2aa">
      <Execution timeOut="1800000" id="d2d05c01-99e2-4a76-a394-28a24cfa0dc1" />
      <TestMethod codeBase="C:/Users/ShaneH/Documents/Visual Studio 2012/Projects/Chess/ChessTests/bin/Debug/ChessTests.dll" adapterTypeName="Microsoft.VisualStudio.TestTools.TestTypes.Unit.UnitTestAdapter, Microsoft.VisualStudio.QualityTools.Tips.UnitTest.Adapter, Version=11.0.0.0, Culture=neutral, PublicKeyToken=b03f5f7f11d50a3a" className="ChessTests.RookTests, ChessTests, Version=1.0.0.0, Culture=neutral, PublicKeyToken=null" name="canMoveBlackRookVerticallyUp" />
    </UnitTest>
    <UnitTest name="canMoveWhiteBishopDiagonalUpLeftNoObstructions" storage="..\chesstests\bin\debug\chesstests.dll" id="87b4a0e4-779f-40d0-ae2d-3dbb1b295cb5">
      <Execution timeOut="1800000" id="99941223-8fa1-4e55-a576-7e802d43ce92" />
      <TestMethod codeBase="C:/Users/ShaneH/Documents/Visual Studio 2012/Projects/Chess/ChessTests/bin/Debug/ChessTests.dll" adapterTypeName="Microsoft.VisualStudio.TestTools.TestTypes.Unit.UnitTestAdapter, Microsoft.VisualStudio.QualityTools.Tips.UnitTest.Adapter, Version=11.0.0.0, Culture=neutral, PublicKeyToken=b03f5f7f11d50a3a" className="ChessTests.BishopTests, ChessTests, Version=1.0.0.0, Culture=neutral, PublicKeyToken=null" name="canMoveWhiteBishopDiagonalUpLeftNoObstructions" />
    </UnitTest>
    <UnitTest name="cannotTakeOwnPieceDiagUpLeft" storage="..\chesstests\bin\debug\chesstests.dll" id="3562f988-caf6-e157-38af-47808bc40815">
      <Execution timeOut="1800000" id="effde6f2-4403-4ca5-bef7-cdf72569c27f" />
      <TestMethod codeBase="C:/Users/ShaneH/Documents/Visual Studio 2012/Projects/Chess/ChessTests/bin/Debug/ChessTests.dll" adapterTypeName="Microsoft.VisualStudio.TestTools.TestTypes.Unit.UnitTestAdapter, Microsoft.VisualStudio.QualityTools.Tips.UnitTest.Adapter, Version=11.0.0.0, Culture=neutral, PublicKeyToken=b03f5f7f11d50a3a" className="ChessTests.BishopTests, ChessTests, Version=1.0.0.0, Culture=neutral, PublicKeyToken=null" name="cannotTakeOwnPieceDiagUpLeft" />
    </UnitTest>
    <UnitTest name="cannotTakeOwnPieceMovingDownLeft" storage="..\chesstests\bin\debug\chesstests.dll" id="989c4479-fd4d-be06-81f5-831578a55a59">
      <Execution timeOut="1800000" id="b8c18d21-93dc-4836-9126-ccd5c8e682ca" />
      <TestMethod codeBase="C:/Users/ShaneH/Documents/Visual Studio 2012/Projects/Chess/ChessTests/bin/Debug/ChessTests.dll" adapterTypeName="Microsoft.VisualStudio.TestTools.TestTypes.Unit.UnitTestAdapter, Microsoft.VisualStudio.QualityTools.Tips.UnitTest.Adapter, Version=11.0.0.0, Culture=neutral, PublicKeyToken=b03f5f7f11d50a3a" className="ChessTests.KingTests, ChessTests, Version=1.0.0.0, Culture=neutral, PublicKeyToken=null" name="cannotTakeOwnPieceMovingDownLeft" />
    </UnitTest>
    <UnitTest name="areMiddleRowsPlayerColourNone" storage="..\chesstests\bin\debug\chesstests.dll" id="b4976dbf-056c-73f6-1b78-f13c2b1d127b">
      <Execution timeOut="1800000" id="3e9b3f5c-8a0a-454a-a1fe-04a8b02289e8" />
      <TestMethod codeBase="C:/Users/ShaneH/Documents/Visual Studio 2012/Projects/Chess/ChessTests/bin/Debug/ChessTests.dll" adapterTypeName="Microsoft.VisualStudio.TestTools.TestTypes.Unit.UnitTestAdapter, Microsoft.VisualStudio.QualityTools.Tips.UnitTest.Adapter, Version=11.0.0.0, Culture=neutral, PublicKeyToken=b03f5f7f11d50a3a" className="ChessTests.ChessTests, ChessTests, Version=1.0.0.0, Culture=neutral, PublicKeyToken=null" name="areMiddleRowsPlayerColourNone" />
    </UnitTest>
    <UnitTest name="blackPawnCannotMoveTwoSpacesAfterStart" storage="..\chesstests\bin\debug\chesstests.dll" id="8e7b2879-f716-116d-99dc-23f8e18ae182">
      <Execution timeOut="1800000" id="8a99cfc6-a742-4b03-8248-8638b3050797" />
      <TestMethod codeBase="C:/Users/ShaneH/Documents/Visual Studio 2012/Projects/Chess/ChessTests/bin/Debug/ChessTests.dll" adapterTypeName="Microsoft.VisualStudio.TestTools.TestTypes.Unit.UnitTestAdapter, Microsoft.VisualStudio.QualityTools.Tips.UnitTest.Adapter, Version=11.0.0.0, Culture=neutral, PublicKeyToken=b03f5f7f11d50a3a" className="ChessTests.PawnTests, ChessTests, Version=1.0.0.0, Culture=neutral, PublicKeyToken=null" name="blackPawnCannotMoveTwoSpacesAfterStart" />
    </UnitTest>
    <UnitTest name="noErrorWhenOnBottomRight" storage="..\chesstests\bin\debug\chesstests.dll" id="a39074e8-1a57-e5e3-5130-43a61b6aac16">
      <Execution timeOut="1800000" id="d5f4f739-f1fa-49f6-a5a3-a4d8c935bc10" />
      <TestMethod codeBase="C:/Users/ShaneH/Documents/Visual Studio 2012/Projects/Chess/ChessTests/bin/Debug/ChessTests.dll" adapterTypeName="Microsoft.VisualStudio.TestTools.TestTypes.Unit.UnitTestAdapter, Microsoft.VisualStudio.QualityTools.Tips.UnitTest.Adapter, Version=11.0.0.0, Culture=neutral, PublicKeyToken=b03f5f7f11d50a3a" className="ChessTests.KnightTests, ChessTests, Version=1.0.0.0, Culture=neutral, PublicKeyToken=null" name="noErrorWhenOnBottomRight" />
    </UnitTest>
    <UnitTest name="cannotCaptureOwnPieceLeftTop" storage="..\chesstests\bin\debug\chesstests.dll" id="40d1b41f-84e9-0b2b-3898-954b6294bb34">
      <Execution timeOut="1800000" id="17390d17-4d2f-4620-b311-82b01f7495e4" />
      <TestMethod codeBase="C:/Users/ShaneH/Documents/Visual Studio 2012/Projects/Chess/ChessTests/bin/Debug/ChessTests.dll" adapterTypeName="Microsoft.VisualStudio.TestTools.TestTypes.Unit.UnitTestAdapter, Microsoft.VisualStudio.QualityTools.Tips.UnitTest.Adapter, Version=11.0.0.0, Culture=neutral, PublicKeyToken=b03f5f7f11d50a3a" className="ChessTests.KnightTests, ChessTests, Version=1.0.0.0, Culture=neutral, PublicKeyToken=null" name="cannotCaptureOwnPieceLeftTop" />
    </UnitTest>
    <UnitTest name="simulationReturnsEmptyListForNoPieces" storage="..\chesstests\bin\debug\chesstests.dll" id="628632dc-14a8-67f8-6ec8-cd851ba65212">
      <Execution timeOut="1800000" id="b8b8e941-3d53-4e0e-ab9a-d1dc698e292c" />
      <TestMethod codeBase="C:/Users/ShaneH/Documents/Visual Studio 2012/Projects/Chess/ChessTests/bin/Debug/ChessTests.dll" adapterTypeName="Microsoft.VisualStudio.TestTools.TestTypes.Unit.UnitTestAdapter, Microsoft.VisualStudio.QualityTools.Tips.UnitTest.Adapter, Version=11.0.0.0, Culture=neutral, PublicKeyToken=b03f5f7f11d50a3a" className="ChessTests.BoardSimulateTests, ChessTests, Version=1.0.0.0, Culture=neutral, PublicKeyToken=null" name="simulationReturnsEmptyListForNoPieces" />
    </UnitTest>
    <UnitTest name="canMoveWhiteKnightRightDown" storage="..\chesstests\bin\debug\chesstests.dll" id="b1cacb72-0763-fed2-dae6-92a0ddd885e0">
      <Execution timeOut="1800000" id="3e1f1754-873d-4ba5-b471-bbcba55e3ce4" />
      <TestMethod codeBase="C:/Users/ShaneH/Documents/Visual Studio 2012/Projects/Chess/ChessTests/bin/Debug/ChessTests.dll" adapterTypeName="Microsoft.VisualStudio.TestTools.TestTypes.Unit.UnitTestAdapter, Microsoft.VisualStudio.QualityTools.Tips.UnitTest.Adapter, Version=11.0.0.0, Culture=neutral, PublicKeyToken=b03f5f7f11d50a3a" className="ChessTests.KnightTests, ChessTests, Version=1.0.0.0, Culture=neutral, PublicKeyToken=null" name="canMoveWhiteKnightRightDown" />
    </UnitTest>
    <UnitTest name="cannotCaptureOwnPieceTopRight" storage="..\chesstests\bin\debug\chesstests.dll" id="8b767757-2d46-6db2-6c72-a25020070dc1">
      <Execution timeOut="1800000" id="2dbd7ef9-341e-4929-ac54-95c78877905d" />
      <TestMethod codeBase="C:/Users/ShaneH/Documents/Visual Studio 2012/Projects/Chess/ChessTests/bin/Debug/ChessTests.dll" adapterTypeName="Microsoft.VisualStudio.TestTools.TestTypes.Unit.UnitTestAdapter, Microsoft.VisualStudio.QualityTools.Tips.UnitTest.Adapter, Version=11.0.0.0, Culture=neutral, PublicKeyToken=b03f5f7f11d50a3a" className="ChessTests.KnightTests, ChessTests, Version=1.0.0.0, Culture=neutral, PublicKeyToken=null" name="cannotCaptureOwnPieceTopRight" />
    </UnitTest>
    <UnitTest name="cannotTakeOwnPieceMovingUpRight" storage="..\chesstests\bin\debug\chesstests.dll" id="f5f11ea3-767f-521f-25a8-5a047603f97f">
      <Execution timeOut="1800000" id="7f8e2b90-8388-4a1b-b4f6-ef013540157d" />
      <TestMethod codeBase="C:/Users/ShaneH/Documents/Visual Studio 2012/Projects/Chess/ChessTests/bin/Debug/ChessTests.dll" adapterTypeName="Microsoft.VisualStudio.TestTools.TestTypes.Unit.UnitTestAdapter, Microsoft.VisualStudio.QualityTools.Tips.UnitTest.Adapter, Version=11.0.0.0, Culture=neutral, PublicKeyToken=b03f5f7f11d50a3a" className="ChessTests.KingTests, ChessTests, Version=1.0.0.0, Culture=neutral, PublicKeyToken=null" name="cannotTakeOwnPieceMovingUpRight" />
    </UnitTest>
    <UnitTest name="canMoveWhiteKnightUpLeft" storage="..\chesstests\bin\debug\chesstests.dll" id="01e1d85e-511b-f54c-a1a1-900d1b604f70">
      <Execution timeOut="1800000" id="ce64ba6f-07a9-468b-b230-6fe2771819bb" />
      <TestMethod codeBase="C:/Users/ShaneH/Documents/Visual Studio 2012/Projects/Chess/ChessTests/bin/Debug/ChessTests.dll" adapterTypeName="Microsoft.VisualStudio.TestTools.TestTypes.Unit.UnitTestAdapter, Microsoft.VisualStudio.QualityTools.Tips.UnitTest.Adapter, Version=11.0.0.0, Culture=neutral, PublicKeyToken=b03f5f7f11d50a3a" className="ChessTests.KnightTests, ChessTests, Version=1.0.0.0, Culture=neutral, PublicKeyToken=null" name="canMoveWhiteKnightUpLeft" />
    </UnitTest>
    <UnitTest name="canTakeOppositionPieceMovingUpRight" storage="..\chesstests\bin\debug\chesstests.dll" id="c283c84e-12fb-1c79-3140-e564f9560517">
      <Execution timeOut="1800000" id="482ae8ce-5dfb-4c84-b530-4aef19aed8b3" />
      <TestMethod codeBase="C:/Users/ShaneH/Documents/Visual Studio 2012/Projects/Chess/ChessTests/bin/Debug/ChessTests.dll" adapterTypeName="Microsoft.VisualStudio.TestTools.TestTypes.Unit.UnitTestAdapter, Microsoft.VisualStudio.QualityTools.Tips.UnitTest.Adapter, Version=11.0.0.0, Culture=neutral, PublicKeyToken=b03f5f7f11d50a3a" className="ChessTests.KingTests, ChessTests, Version=1.0.0.0, Culture=neutral, PublicKeyToken=null" name="canTakeOppositionPieceMovingUpRight" />
    </UnitTest>
    <UnitTest name="invalidMoveGivesCorrectPieceName" storage="..\chesstests\bin\debug\chesstests.dll" id="c402f9ec-8f13-951f-df43-c12680e572ae">
      <Execution timeOut="1800000" id="6e77275e-9462-4c05-8a75-58111a6c5bb6" />
      <TestMethod codeBase="C:/Users/ShaneH/Documents/Visual Studio 2012/Projects/Chess/ChessTests/bin/Debug/ChessTests.dll" adapterTypeName="Microsoft.VisualStudio.TestTools.TestTypes.Unit.UnitTestAdapter, Microsoft.VisualStudio.QualityTools.Tips.UnitTest.Adapter, Version=11.0.0.0, Culture=neutral, PublicKeyToken=b03f5f7f11d50a3a" className="ChessTests.QueenTests, ChessTests, Version=1.0.0.0, Culture=neutral, PublicKeyToken=null" name="invalidMoveGivesCorrectPieceName" />
    </UnitTest>
    <UnitTest name="simulationReturnsTwoBoardsForSinglePawnAtStart" storage="..\chesstests\bin\debug\chesstests.dll" id="4839d339-5e71-3434-0afd-67a6b7b1e036">
      <Execution timeOut="1800000" id="c89b8c67-17d1-41d9-b4c1-5d426b309209" />
      <TestMethod codeBase="C:/Users/ShaneH/Documents/Visual Studio 2012/Projects/Chess/ChessTests/bin/Debug/ChessTests.dll" adapterTypeName="Microsoft.VisualStudio.TestTools.TestTypes.Unit.UnitTestAdapter, Microsoft.VisualStudio.QualityTools.Tips.UnitTest.Adapter, Version=11.0.0.0, Culture=neutral, PublicKeyToken=b03f5f7f11d50a3a" className="ChessTests.BoardSimulateTests, ChessTests, Version=1.0.0.0, Culture=neutral, PublicKeyToken=null" name="simulationReturnsTwoBoardsForSinglePawnAtStart" />
    </UnitTest>
    <UnitTest name="canTakePiece" storage="..\chesstests\bin\debug\chesstests.dll" id="88f3539a-9e52-4e5f-3a8e-6ac8f70db456">
      <Execution timeOut="1800000" id="753d1cd1-6752-4b30-8e57-62f1deee47f9" />
      <TestMethod codeBase="C:/Users/ShaneH/Documents/Visual Studio 2012/Projects/Chess/ChessTests/bin/Debug/ChessTests.dll" adapterTypeName="Microsoft.VisualStudio.TestTools.TestTypes.Unit.UnitTestAdapter, Microsoft.VisualStudio.QualityTools.Tips.UnitTest.Adapter, Version=11.0.0.0, Culture=neutral, PublicKeyToken=b03f5f7f11d50a3a" className="ChessTests.BishopTests, ChessTests, Version=1.0.0.0, Culture=neutral, PublicKeyToken=null" name="canTakePiece" />
    </UnitTest>
    <UnitTest name="canMoveBlackRookHorizontallyRight" storage="..\chesstests\bin\debug\chesstests.dll" id="30e04109-c65f-2193-e674-b29f22492ca5">
      <Execution timeOut="1800000" id="60e72a66-457f-450c-a9a7-52818d00460b" />
      <TestMethod codeBase="C:/Users/ShaneH/Documents/Visual Studio 2012/Projects/Chess/ChessTests/bin/Debug/ChessTests.dll" adapterTypeName="Microsoft.VisualStudio.TestTools.TestTypes.Unit.UnitTestAdapter, Microsoft.VisualStudio.QualityTools.Tips.UnitTest.Adapter, Version=11.0.0.0, Culture=neutral, PublicKeyToken=b03f5f7f11d50a3a" className="ChessTests.RookTests, ChessTests, Version=1.0.0.0, Culture=neutral, PublicKeyToken=null" name="canMoveBlackRookHorizontallyRight" />
    </UnitTest>
    <UnitTest name="cannotJumpOppositionDiagUpLeft" storage="..\chesstests\bin\debug\chesstests.dll" id="a1f929ba-6b28-ee21-359e-cf5d46cf368a">
      <Execution timeOut="1800000" id="5b6d4357-c630-41c4-a01a-1e938327e486" />
      <TestMethod codeBase="C:/Users/ShaneH/Documents/Visual Studio 2012/Projects/Chess/ChessTests/bin/Debug/ChessTests.dll" adapterTypeName="Microsoft.VisualStudio.TestTools.TestTypes.Unit.UnitTestAdapter, Microsoft.VisualStudio.QualityTools.Tips.UnitTest.Adapter, Version=11.0.0.0, Culture=neutral, PublicKeyToken=b03f5f7f11d50a3a" className="ChessTests.BishopTests, ChessTests, Version=1.0.0.0, Culture=neutral, PublicKeyToken=null" name="cannotJumpOppositionDiagUpLeft" />
    </UnitTest>
    <UnitTest name="cannotCaptureOwnPieceTopLeft" storage="..\chesstests\bin\debug\chesstests.dll" id="3b8989d4-9468-d4f5-4fa5-0c83cef3e6e3">
      <Execution timeOut="1800000" id="a5b76e13-764c-4a45-9183-c097eb263bf1" />
      <TestMethod codeBase="C:/Users/ShaneH/Documents/Visual Studio 2012/Projects/Chess/ChessTests/bin/Debug/ChessTests.dll" adapterTypeName="Microsoft.VisualStudio.TestTools.TestTypes.Unit.UnitTestAdapter, Microsoft.VisualStudio.QualityTools.Tips.UnitTest.Adapter, Version=11.0.0.0, Culture=neutral, PublicKeyToken=b03f5f7f11d50a3a" className="ChessTests.KnightTests, ChessTests, Version=1.0.0.0, Culture=neutral, PublicKeyToken=null" name="cannotCaptureOwnPieceTopLeft" />
    </UnitTest>
    <UnitTest name="cannotTakeOwnPieceDiagDownRight" storage="..\chesstests\bin\debug\chesstests.dll" id="f39b25bd-516f-7ee4-27f1-d563c9037b60">
      <Execution timeOut="1800000" id="f0d58daa-2c04-4ea8-989f-d2a296399c43" />
      <TestMethod codeBase="C:/Users/ShaneH/Documents/Visual Studio 2012/Projects/Chess/ChessTests/bin/Debug/ChessTests.dll" adapterTypeName="Microsoft.VisualStudio.TestTools.TestTypes.Unit.UnitTestAdapter, Microsoft.VisualStudio.QualityTools.Tips.UnitTest.Adapter, Version=11.0.0.0, Culture=neutral, PublicKeyToken=b03f5f7f11d50a3a" className="ChessTests.BishopTests, ChessTests, Version=1.0.0.0, Culture=neutral, PublicKeyToken=null" name="cannotTakeOwnPieceDiagDownRight" />
    </UnitTest>
    <UnitTest name="exceptionWhenMoveToNegativeCol" storage="..\chesstests\bin\debug\chesstests.dll" id="7d98f31d-f1f6-0621-aa93-72560fa182b3">
      <Execution timeOut="1800000" id="f98a54fb-c905-4514-9b00-3a1ef4666163" />
      <TestMethod codeBase="C:/Users/ShaneH/Documents/Visual Studio 2012/Projects/Chess/ChessTests/bin/Debug/ChessTests.dll" adapterTypeName="Microsoft.VisualStudio.TestTools.TestTypes.Unit.UnitTestAdapter, Microsoft.VisualStudio.QualityTools.Tips.UnitTest.Adapter, Version=11.0.0.0, Culture=neutral, PublicKeyToken=b03f5f7f11d50a3a" className="ChessTests.ChessTests, ChessTests, Version=1.0.0.0, Culture=neutral, PublicKeyToken=null" name="exceptionWhenMoveToNegativeCol" />
    </UnitTest>
    <UnitTest name="canMoveKingOneForward" storage="..\chesstests\bin\debug\chesstests.dll" id="d2ade540-1f1e-eb2f-4190-f97efcbbd597">
      <Execution timeOut="1800000" id="03722317-17d9-4339-86e6-ef8f7fce545d" />
      <TestMethod codeBase="C:/Users/ShaneH/Documents/Visual Studio 2012/Projects/Chess/ChessTests/bin/Debug/ChessTests.dll" adapterTypeName="Microsoft.VisualStudio.TestTools.TestTypes.Unit.UnitTestAdapter, Microsoft.VisualStudio.QualityTools.Tips.UnitTest.Adapter, Version=11.0.0.0, Culture=neutral, PublicKeyToken=b03f5f7f11d50a3a" className="ChessTests.KingTests, ChessTests, Version=1.0.0.0, Culture=neutral, PublicKeyToken=null" name="canMoveKingOneForward" />
    </UnitTest>
    <UnitTest name="whitePawnCanMoveTwoSpacesAtStart" storage="..\chesstests\bin\debug\chesstests.dll" id="31b640ce-2e58-2f38-568e-804147d116f8">
      <Execution timeOut="1800000" id="2488dd94-52b1-4ffa-9806-c4558eb8e249" />
      <TestMethod codeBase="C:/Users/ShaneH/Documents/Visual Studio 2012/Projects/Chess/ChessTests/bin/Debug/ChessTests.dll" adapterTypeName="Microsoft.VisualStudio.TestTools.TestTypes.Unit.UnitTestAdapter, Microsoft.VisualStudio.QualityTools.Tips.UnitTest.Adapter, Version=11.0.0.0, Culture=neutral, PublicKeyToken=b03f5f7f11d50a3a" className="ChessTests.PawnTests, ChessTests, Version=1.0.0.0, Culture=neutral, PublicKeyToken=null" name="whitePawnCanMoveTwoSpacesAtStart" />
    </UnitTest>
    <UnitTest name="canMoveKingRight" storage="..\chesstests\bin\debug\chesstests.dll" id="b1efd2e8-a10f-c78f-81ed-4637c3ceca04">
      <Execution timeOut="1800000" id="67d4125b-c389-4292-aa0f-4d6f5e07c210" />
      <TestMethod codeBase="C:/Users/ShaneH/Documents/Visual Studio 2012/Projects/Chess/ChessTests/bin/Debug/ChessTests.dll" adapterTypeName="Microsoft.VisualStudio.TestTools.TestTypes.Unit.UnitTestAdapter, Microsoft.VisualStudio.QualityTools.Tips.UnitTest.Adapter, Version=11.0.0.0, Culture=neutral, PublicKeyToken=b03f5f7f11d50a3a" className="ChessTests.KingTests, ChessTests, Version=1.0.0.0, Culture=neutral, PublicKeyToken=null" name="canMoveKingRight" />
    </UnitTest>
    <UnitTest name="blackPawnCanMoveTwoSpacesAtStart" storage="..\chesstests\bin\debug\chesstests.dll" id="072141a6-213d-f7c1-ad94-78892f83b7a0">
      <Execution timeOut="1800000" id="9245129e-6061-458e-9a82-b78a224dd1dd" />
      <TestMethod codeBase="C:/Users/ShaneH/Documents/Visual Studio 2012/Projects/Chess/ChessTests/bin/Debug/ChessTests.dll" adapterTypeName="Microsoft.VisualStudio.TestTools.TestTypes.Unit.UnitTestAdapter, Microsoft.VisualStudio.QualityTools.Tips.UnitTest.Adapter, Version=11.0.0.0, Culture=neutral, PublicKeyToken=b03f5f7f11d50a3a" className="ChessTests.PawnTests, ChessTests, Version=1.0.0.0, Culture=neutral, PublicKeyToken=null" name="blackPawnCanMoveTwoSpacesAtStart" />
    </UnitTest>
    <UnitTest name="canWhitePawnMoveOneSpaceForward" storage="..\chesstests\bin\debug\chesstests.dll" id="276aeaf4-94bd-7cc4-0bfa-fd1b795b8f09">
      <Execution timeOut="1800000" id="3c20240d-55cd-43b7-90da-826b12d5d07e" />
      <TestMethod codeBase="C:/Users/ShaneH/Documents/Visual Studio 2012/Projects/Chess/ChessTests/bin/Debug/ChessTests.dll" adapterTypeName="Microsoft.VisualStudio.TestTools.TestTypes.Unit.UnitTestAdapter, Microsoft.VisualStudio.QualityTools.Tips.UnitTest.Adapter, Version=11.0.0.0, Culture=neutral, PublicKeyToken=b03f5f7f11d50a3a" className="ChessTests.PawnTests, ChessTests, Version=1.0.0.0, Culture=neutral, PublicKeyToken=null" name="canWhitePawnMoveOneSpaceForward" />
    </UnitTest>
    <UnitTest name="cannotTakeOwnPieceMovingDownRight" storage="..\chesstests\bin\debug\chesstests.dll" id="649a4875-a4da-c184-4703-192cbc79d530">
      <Execution timeOut="1800000" id="5dbe0c7d-2088-411c-ac39-134c1ae29d26" />
      <TestMethod codeBase="C:/Users/ShaneH/Documents/Visual Studio 2012/Projects/Chess/ChessTests/bin/Debug/ChessTests.dll" adapterTypeName="Microsoft.VisualStudio.TestTools.TestTypes.Unit.UnitTestAdapter, Microsoft.VisualStudio.QualityTools.Tips.UnitTest.Adapter, Version=11.0.0.0, Culture=neutral, PublicKeyToken=b03f5f7f11d50a3a" className="ChessTests.KingTests, ChessTests, Version=1.0.0.0, Culture=neutral, PublicKeyToken=null" name="cannotTakeOwnPieceMovingDownRight" />
    </UnitTest>
    <UnitTest name="areBottom2RowsWhite" storage="..\chesstests\bin\debug\chesstests.dll" id="689961f3-b549-c9f7-fc0a-74afd1b1e274">
      <Execution timeOut="1800000" id="3d962ee9-9d24-49eb-abc3-4dd6e364fde4" />
      <TestMethod codeBase="C:/Users/ShaneH/Documents/Visual Studio 2012/Projects/Chess/ChessTests/bin/Debug/ChessTests.dll" adapterTypeName="Microsoft.VisualStudio.TestTools.TestTypes.Unit.UnitTestAdapter, Microsoft.VisualStudio.QualityTools.Tips.UnitTest.Adapter, Version=11.0.0.0, Culture=neutral, PublicKeyToken=b03f5f7f11d50a3a" className="ChessTests.ChessTests, ChessTests, Version=1.0.0.0, Culture=neutral, PublicKeyToken=null" name="areBottom2RowsWhite" />
    </UnitTest>
    <UnitTest name="canGetSelectedCell" storage="..\chesstests\bin\debug\chesstests.dll" id="8900ceac-b7b6-1032-98bc-f3e21d0abb21">
      <Execution timeOut="1800000" id="4dd0be9a-db7c-467b-bddc-5e94d72e4e7a" />
      <TestMethod codeBase="C:/Users/ShaneH/Documents/Visual Studio 2012/Projects/Chess/ChessTests/bin/Debug/ChessTests.dll" adapterTypeName="Microsoft.VisualStudio.TestTools.TestTypes.Unit.UnitTestAdapter, Microsoft.VisualStudio.QualityTools.Tips.UnitTest.Adapter, Version=11.0.0.0, Culture=neutral, PublicKeyToken=b03f5f7f11d50a3a" className="ChessTests.ChessTests, ChessTests, Version=1.0.0.0, Culture=neutral, PublicKeyToken=null" name="canGetSelectedCell" />
    </UnitTest>
    <UnitTest name="canMoveWhiteKnightLeftUp" storage="..\chesstests\bin\debug\chesstests.dll" id="ed293079-60d8-dd36-58ca-ab1711252e1b">
      <Execution timeOut="1800000" id="086d9d7d-5905-41e2-918d-6a8fb4dfce5e" />
      <TestMethod codeBase="C:/Users/ShaneH/Documents/Visual Studio 2012/Projects/Chess/ChessTests/bin/Debug/ChessTests.dll" adapterTypeName="Microsoft.VisualStudio.TestTools.TestTypes.Unit.UnitTestAdapter, Microsoft.VisualStudio.QualityTools.Tips.UnitTest.Adapter, Version=11.0.0.0, Culture=neutral, PublicKeyToken=b03f5f7f11d50a3a" className="ChessTests.KnightTests, ChessTests, Version=1.0.0.0, Culture=neutral, PublicKeyToken=null" name="canMoveWhiteKnightLeftUp" />
    </UnitTest>
    <UnitTest name="simulationReturnsCorrectSimBoardsForQueen" storage="..\chesstests\bin\debug\chesstests.dll" id="657ae5ac-0b8e-9b65-4471-d72d18e9d6eb">
      <Execution timeOut="1800000" id="fab3a476-6e99-49dd-bc28-3b0d638ece6b" />
      <TestMethod codeBase="C:/Users/ShaneH/Documents/Visual Studio 2012/Projects/Chess/ChessTests/bin/Debug/ChessTests.dll" adapterTypeName="Microsoft.VisualStudio.TestTools.TestTypes.Unit.UnitTestAdapter, Microsoft.VisualStudio.QualityTools.Tips.UnitTest.Adapter, Version=11.0.0.0, Culture=neutral, PublicKeyToken=b03f5f7f11d50a3a" className="ChessTests.BoardSimulateTests, ChessTests, Version=1.0.0.0, Culture=neutral, PublicKeyToken=null" name="simulationReturnsCorrectSimBoardsForQueen" />
    </UnitTest>
    <UnitTest name="canTakeOppositionPieceMovingForwardLeft" storage="..\chesstests\bin\debug\chesstests.dll" id="90898cf9-5c8b-6602-513e-7e28414b36ab">
      <Execution timeOut="1800000" id="477cf87c-7072-4ed3-a518-b437b30e549a" />
      <TestMethod codeBase="C:/Users/ShaneH/Documents/Visual Studio 2012/Projects/Chess/ChessTests/bin/Debug/ChessTests.dll" adapterTypeName="Microsoft.VisualStudio.TestTools.TestTypes.Unit.UnitTestAdapter, Microsoft.VisualStudio.QualityTools.Tips.UnitTest.Adapter, Version=11.0.0.0, Culture=neutral, PublicKeyToken=b03f5f7f11d50a3a" className="ChessTests.KingTests, ChessTests, Version=1.0.0.0, Culture=neutral, PublicKeyToken=null" name="canTakeOppositionPieceMovingForwardLeft" />
    </UnitTest>
    <UnitTest name="canMoveQueenDiagUpLeft" storage="..\chesstests\bin\debug\chesstests.dll" id="2a82fa15-d608-6e25-a9ff-4f118775d58a">
      <Execution timeOut="1800000" id="d138efb5-b232-4db8-a313-a9a61bce2a86" />
      <TestMethod codeBase="C:/Users/ShaneH/Documents/Visual Studio 2012/Projects/Chess/ChessTests/bin/Debug/ChessTests.dll" adapterTypeName="Microsoft.VisualStudio.TestTools.TestTypes.Unit.UnitTestAdapter, Microsoft.VisualStudio.QualityTools.Tips.UnitTest.Adapter, Version=11.0.0.0, Culture=neutral, PublicKeyToken=b03f5f7f11d50a3a" className="ChessTests.QueenTests, ChessTests, Version=1.0.0.0, Culture=neutral, PublicKeyToken=null" name="canMoveQueenDiagUpLeft" />
    </UnitTest>
    <UnitTest name="cannotCaptureOwnPieceLeftBottom" storage="..\chesstests\bin\debug\chesstests.dll" id="ad975496-37d7-dfa8-72c5-ed19caf4b8d6">
      <Execution timeOut="1800000" id="4f654192-8307-4f69-b0c2-6e7fcc53505c" />
      <TestMethod codeBase="C:/Users/ShaneH/Documents/Visual Studio 2012/Projects/Chess/ChessTests/bin/Debug/ChessTests.dll" adapterTypeName="Microsoft.VisualStudio.TestTools.TestTypes.Unit.UnitTestAdapter, Microsoft.VisualStudio.QualityTools.Tips.UnitTest.Adapter, Version=11.0.0.0, Culture=neutral, PublicKeyToken=b03f5f7f11d50a3a" className="ChessTests.KnightTests, ChessTests, Version=1.0.0.0, Culture=neutral, PublicKeyToken=null" name="cannotCaptureOwnPieceLeftBottom" />
    </UnitTest>
    <UnitTest name="canMoveBlackBishipDiagonalUpRightNoObstructions" storage="..\chesstests\bin\debug\chesstests.dll" id="bab2dab8-39f1-b478-4ef5-4dc0427dc7d9">
      <Execution timeOut="1800000" id="9abdbc4a-5c7e-49cc-870f-a580c75c8b70" />
      <TestMethod codeBase="C:/Users/ShaneH/Documents/Visual Studio 2012/Projects/Chess/ChessTests/bin/Debug/ChessTests.dll" adapterTypeName="Microsoft.VisualStudio.TestTools.TestTypes.Unit.UnitTestAdapter, Microsoft.VisualStudio.QualityTools.Tips.UnitTest.Adapter, Version=11.0.0.0, Culture=neutral, PublicKeyToken=b03f5f7f11d50a3a" className="ChessTests.BishopTests, ChessTests, Version=1.0.0.0, Culture=neutral, PublicKeyToken=null" name="canMoveBlackBishipDiagonalUpRightNoObstructions" />
    </UnitTest>
    <UnitTest name="whitePawnCanTakePieceRight" storage="..\chesstests\bin\debug\chesstests.dll" id="efc90440-a3c1-87f7-fff9-787ea282e06e">
      <Execution timeOut="1800000" id="c73a231b-a334-47d7-a87d-b7df525b73a6" />
      <TestMethod codeBase="C:/Users/ShaneH/Documents/Visual Studio 2012/Projects/Chess/ChessTests/bin/Debug/ChessTests.dll" adapterTypeName="Microsoft.VisualStudio.TestTools.TestTypes.Unit.UnitTestAdapter, Microsoft.VisualStudio.QualityTools.Tips.UnitTest.Adapter, Version=11.0.0.0, Culture=neutral, PublicKeyToken=b03f5f7f11d50a3a" className="ChessTests.PawnTests, ChessTests, Version=1.0.0.0, Culture=neutral, PublicKeyToken=null" name="whitePawnCanTakePieceRight" />
    </UnitTest>
    <UnitTest name="selectedCellIsNullAfterMove" storage="..\chesstests\bin\debug\chesstests.dll" id="5ba4e3e7-6993-ed4b-8ced-e1d13c26b064">
      <Execution timeOut="1800000" id="1cf4a270-fcfe-43c7-acbf-00ec548e3a45" />
      <TestMethod codeBase="C:/Users/ShaneH/Documents/Visual Studio 2012/Projects/Chess/ChessTests/bin/Debug/ChessTests.dll" adapterTypeName="Microsoft.VisualStudio.TestTools.TestTypes.Unit.UnitTestAdapter, Microsoft.VisualStudio.QualityTools.Tips.UnitTest.Adapter, Version=11.0.0.0, Culture=neutral, PublicKeyToken=b03f5f7f11d50a3a" className="ChessTests.ChessTests, ChessTests, Version=1.0.0.0, Culture=neutral, PublicKeyToken=null" name="selectedCellIsNullAfterMove" />
    </UnitTest>
    <UnitTest name="isCellEmptyWhenMovedOff" storage="..\chesstests\bin\debug\chesstests.dll" id="bedd4628-a316-a455-e74b-113d5ac3b3c8">
      <Execution timeOut="1800000" id="3718a184-b100-4c80-84b0-e9910860ce0f" />
      <TestMethod codeBase="C:/Users/ShaneH/Documents/Visual Studio 2012/Projects/Chess/ChessTests/bin/Debug/ChessTests.dll" adapterTypeName="Microsoft.VisualStudio.TestTools.TestTypes.Unit.UnitTestAdapter, Microsoft.VisualStudio.QualityTools.Tips.UnitTest.Adapter, Version=11.0.0.0, Culture=neutral, PublicKeyToken=b03f5f7f11d50a3a" className="ChessTests.ChessTests, ChessTests, Version=1.0.0.0, Culture=neutral, PublicKeyToken=null" name="isCellEmptyWhenMovedOff" />
    </UnitTest>
    <UnitTest name="blackCannotTakeEmptyPieceLeft" storage="..\chesstests\bin\debug\chesstests.dll" id="0c39fefa-5032-d364-0d53-99bb085e0982">
      <Execution timeOut="1800000" id="8028b3eb-25ae-430f-a5a5-242b69a38ecc" />
      <TestMethod codeBase="C:/Users/ShaneH/Documents/Visual Studio 2012/Projects/Chess/ChessTests/bin/Debug/ChessTests.dll" adapterTypeName="Microsoft.VisualStudio.TestTools.TestTypes.Unit.UnitTestAdapter, Microsoft.VisualStudio.QualityTools.Tips.UnitTest.Adapter, Version=11.0.0.0, Culture=neutral, PublicKeyToken=b03f5f7f11d50a3a" className="ChessTests.PawnTests, ChessTests, Version=1.0.0.0, Culture=neutral, PublicKeyToken=null" name="blackCannotTakeEmptyPieceLeft" />
    </UnitTest>
    <UnitTest name="canMoveBlackBishopDiagonallyDownRightNoObstructions" storage="..\chesstests\bin\debug\chesstests.dll" id="cea9a2db-b9b4-5c44-cdae-ea8c559aa5ab">
      <Execution timeOut="1800000" id="0aeba4b0-6cb4-4a5f-b33d-37ecab3a9b5e" />
      <TestMethod codeBase="C:/Users/ShaneH/Documents/Visual Studio 2012/Projects/Chess/ChessTests/bin/Debug/ChessTests.dll" adapterTypeName="Microsoft.VisualStudio.TestTools.TestTypes.Unit.UnitTestAdapter, Microsoft.VisualStudio.QualityTools.Tips.UnitTest.Adapter, Version=11.0.0.0, Culture=neutral, PublicKeyToken=b03f5f7f11d50a3a" className="ChessTests.BishopTests, ChessTests, Version=1.0.0.0, Culture=neutral, PublicKeyToken=null" name="canMoveBlackBishopDiagonallyDownRightNoObstructions" />
    </UnitTest>
  </TestDefinitions>
  <TestLists>
    <TestList name="Results Not in a List" id="8c84fa94-04c1-424b-9868-57a2d4851a1d" />
    <TestList name="All Loaded Results" id="19431567-8539-422a-85d7-44ee4e166bda" />
  </TestLists>
  <TestEntries>
    <TestEntry testId="bab2dab8-39f1-b478-4ef5-4dc0427dc7d9" executionId="9abdbc4a-5c7e-49cc-870f-a580c75c8b70" testListId="8c84fa94-04c1-424b-9868-57a2d4851a1d" />
    <TestEntry testId="b1d1289f-9e7e-87c4-873a-568aec1ab10b" executionId="23ed845c-174a-42b3-ae3f-6bcf61c9aa3e" testListId="8c84fa94-04c1-424b-9868-57a2d4851a1d" />
    <TestEntry testId="cea9a2db-b9b4-5c44-cdae-ea8c559aa5ab" executionId="0aeba4b0-6cb4-4a5f-b33d-37ecab3a9b5e" testListId="8c84fa94-04c1-424b-9868-57a2d4851a1d" />
    <TestEntry testId="f758d7bc-486f-01b2-cb64-d4b549c6a040" executionId="6ccc5b37-3e9a-444a-a32f-24818b7d3fd1" testListId="8c84fa94-04c1-424b-9868-57a2d4851a1d" />
    <TestEntry testId="cbde31ee-3d88-9411-c095-9535119853f5" executionId="570eb841-c525-478d-ae58-37deb7726ddd" testListId="8c84fa94-04c1-424b-9868-57a2d4851a1d" />
    <TestEntry testId="7b64562e-3d29-ccc9-9a6a-4aaf39707ed4" executionId="bbff729e-2b56-4b74-869b-cdd3455331d7" testListId="8c84fa94-04c1-424b-9868-57a2d4851a1d" />
    <TestEntry testId="87b4a0e4-779f-40d0-ae2d-3dbb1b295cb5" executionId="99941223-8fa1-4e55-a576-7e802d43ce92" testListId="8c84fa94-04c1-424b-9868-57a2d4851a1d" />
    <TestEntry testId="f27377be-1934-c9f6-8d07-ac7266d1d2f6" executionId="57ddc334-c544-45e8-874c-ca9654fe4896" testListId="8c84fa94-04c1-424b-9868-57a2d4851a1d" />
    <TestEntry testId="fd4c62da-b4fc-b947-da46-845314dd7c18" executionId="9e470050-407f-4937-bf6f-994a4c8b6b35" testListId="8c84fa94-04c1-424b-9868-57a2d4851a1d" />
    <TestEntry testId="ee426e89-ab85-59c3-0fcf-e94b5b68ecd0" executionId="69c0e7b3-cf73-4b7a-b7a9-b6d9836c373b" testListId="8c84fa94-04c1-424b-9868-57a2d4851a1d" />
    <TestEntry testId="a1f929ba-6b28-ee21-359e-cf5d46cf368a" executionId="5b6d4357-c630-41c4-a01a-1e938327e486" testListId="8c84fa94-04c1-424b-9868-57a2d4851a1d" />
    <TestEntry testId="6569eff2-7f15-ccb7-f02b-db4adb59c7db" executionId="56822929-2ed3-4256-b9c1-a82aea4f7b69" testListId="8c84fa94-04c1-424b-9868-57a2d4851a1d" />
    <TestEntry testId="11146e4e-bbf4-ec57-67f8-0efcf6651dcd" executionId="8b893e46-e6d6-48bc-bf62-cd35b58de03b" testListId="8c84fa94-04c1-424b-9868-57a2d4851a1d" />
    <TestEntry testId="f39b25bd-516f-7ee4-27f1-d563c9037b60" executionId="f0d58daa-2c04-4ea8-989f-d2a296399c43" testListId="8c84fa94-04c1-424b-9868-57a2d4851a1d" />
    <TestEntry testId="3562f988-caf6-e157-38af-47808bc40815" executionId="effde6f2-4403-4ca5-bef7-cdf72569c27f" testListId="8c84fa94-04c1-424b-9868-57a2d4851a1d" />
    <TestEntry testId="f2547ccb-ac70-9f08-d6b9-a2ccdc08bacc" executionId="93da04a4-0f21-41f2-9eb5-4454067829b1" testListId="8c84fa94-04c1-424b-9868-57a2d4851a1d" />
    <TestEntry testId="88f3539a-9e52-4e5f-3a8e-6ac8f70db456" executionId="753d1cd1-6752-4b30-8e57-62f1deee47f9" testListId="8c84fa94-04c1-424b-9868-57a2d4851a1d" />
    <TestEntry testId="0135c415-d464-98bd-b8b3-bd9c939f3dde" executionId="42df24df-ec89-461e-a619-c67b42ab12c1" testListId="8c84fa94-04c1-424b-9868-57a2d4851a1d" />
    <TestEntry testId="c32496c9-f92b-1aae-b786-6539abf523eb" executionId="8649ee3c-1424-4803-9b08-ca46355eba17" testListId="8c84fa94-04c1-424b-9868-57a2d4851a1d" />
    <TestEntry testId="657ae5ac-0b8e-9b65-4471-d72d18e9d6eb" executionId="fab3a476-6e99-49dd-bc28-3b0d638ece6b" testListId="8c84fa94-04c1-424b-9868-57a2d4851a1d" />
    <TestEntry testId="bd525819-d0e0-163c-ef0b-ee14eb07f38c" executionId="e060ec0d-c662-40b1-876c-640448a915aa" testListId="8c84fa94-04c1-424b-9868-57a2d4851a1d" />
    <TestEntry testId="628632dc-14a8-67f8-6ec8-cd851ba65212" executionId="b8b8e941-3d53-4e0e-ab9a-d1dc698e292c" testListId="8c84fa94-04c1-424b-9868-57a2d4851a1d" />
    <TestEntry testId="4839d339-5e71-3434-0afd-67a6b7b1e036" executionId="c89b8c67-17d1-41d9-b4c1-5d426b309209" testListId="8c84fa94-04c1-424b-9868-57a2d4851a1d" />
    <TestEntry testId="ffdb4695-667e-dd10-549e-ca3d318866c4" executionId="12d6003a-1426-4888-bee3-408d74b7c4d9" testListId="8c84fa94-04c1-424b-9868-57a2d4851a1d" />
    <TestEntry testId="f94b9858-af5f-5769-3a8b-398c9b0b4478" executionId="cf7cda12-63ae-450a-b3a2-88f2286b322a" testListId="8c84fa94-04c1-424b-9868-57a2d4851a1d" />
    <TestEntry testId="22fb6488-4e17-7246-9bba-eb7331638ea4" executionId="a394aae0-0e6b-42a8-b0d2-99b59502445d" testListId="8c84fa94-04c1-424b-9868-57a2d4851a1d" />
    <TestEntry testId="034cb968-1bbc-2a0a-9d7d-a0af59680564" executionId="67e5ef75-2973-4720-936d-1f0aa27c4961" testListId="8c84fa94-04c1-424b-9868-57a2d4851a1d" />
    <TestEntry testId="5e863a04-2f1d-691e-a9dc-a4e1b154660d" executionId="3a21d511-e66b-4121-9fd4-a9810c1f7c30" testListId="8c84fa94-04c1-424b-9868-57a2d4851a1d" />
    <TestEntry testId="dcca3c4a-4d5b-4814-e0a5-e44d018476b2" executionId="d362a846-aa8d-4a7c-87c3-a2dbc6e6975d" testListId="8c84fa94-04c1-424b-9868-57a2d4851a1d" />
    <TestEntry testId="fb3e120a-0549-92c5-8757-f1b18f0c8dad" executionId="f1e609e5-f9f9-495d-bff4-27e536723909" testListId="8c84fa94-04c1-424b-9868-57a2d4851a1d" />
    <TestEntry testId="9bbae2c8-e27e-d82f-411b-63cf381b699f" executionId="07705f96-0fa5-4d29-afbc-444059fc738e" testListId="8c84fa94-04c1-424b-9868-57a2d4851a1d" />
    <TestEntry testId="4803cba5-3e50-3f44-98b3-8a7b2e589c5a" executionId="a23b4f97-8131-47d5-a6e0-eb806691149e" testListId="8c84fa94-04c1-424b-9868-57a2d4851a1d" />
    <TestEntry testId="7ecdaa04-80a9-8a28-648b-fdeb48a2186d" executionId="6dfc06f2-6d75-4c5b-a68e-f38098606326" testListId="8c84fa94-04c1-424b-9868-57a2d4851a1d" />
    <TestEntry testId="3125acd5-3d68-5084-a6d1-b90ea83d13e6" executionId="1feeb337-0130-4d67-b57f-28a8b0785a03" testListId="8c84fa94-04c1-424b-9868-57a2d4851a1d" />
    <TestEntry testId="33482fef-758b-1261-3338-25b0735acc2c" executionId="50d54540-042d-46fd-a40b-c50047fe49ee" testListId="8c84fa94-04c1-424b-9868-57a2d4851a1d" />
    <TestEntry testId="f98e6c38-f08f-2d80-34cd-9cb6261351d7" executionId="e152a2f3-7cbb-4dba-90bd-e810686deda2" testListId="8c84fa94-04c1-424b-9868-57a2d4851a1d" />
    <TestEntry testId="59322b24-fed2-1448-d0b4-50356cfcbb98" executionId="9966fd0f-8da2-456a-bd17-6b48a5afc776" testListId="8c84fa94-04c1-424b-9868-57a2d4851a1d" />
    <TestEntry testId="689961f3-b549-c9f7-fc0a-74afd1b1e274" executionId="3d962ee9-9d24-49eb-abc3-4dd6e364fde4" testListId="8c84fa94-04c1-424b-9868-57a2d4851a1d" />
    <TestEntry testId="64ef643a-95e0-b1de-5aee-37e849e90430" executionId="2f8ccf0a-b510-46a7-b2cd-5de563e590c2" testListId="8c84fa94-04c1-424b-9868-57a2d4851a1d" />
    <TestEntry testId="f4c8b637-ea9c-8efa-a91b-fbb27555fab4" executionId="6e2c603a-b262-4fb7-a74d-5fef10c7c272" testListId="8c84fa94-04c1-424b-9868-57a2d4851a1d" />
    <TestEntry testId="46a22037-07ac-0ccf-02e3-fd7145e502cd" executionId="08acf147-e3da-4cfe-b65c-99e86cd3af15" testListId="8c84fa94-04c1-424b-9868-57a2d4851a1d" />
    <TestEntry testId="9d752e3a-962f-b4d2-f688-e9e19ffd27bf" executionId="e9355a43-d85e-45f2-ac8e-b3cbb7061fa7" testListId="8c84fa94-04c1-424b-9868-57a2d4851a1d" />
    <TestEntry testId="b4976dbf-056c-73f6-1b78-f13c2b1d127b" executionId="3e9b3f5c-8a0a-454a-a1fe-04a8b02289e8" testListId="8c84fa94-04c1-424b-9868-57a2d4851a1d" />
    <TestEntry testId="d4ac55cd-7290-4fbf-9991-5ab16bc1fda2" executionId="8d5c2953-cf56-44bc-b679-1707981b4135" testListId="8c84fa94-04c1-424b-9868-57a2d4851a1d" />
    <TestEntry testId="197972f7-6197-faf7-a2b7-9fae8c675127" executionId="16a6f772-1fb4-4c7c-ab80-7b4d6ed48cb4" testListId="8c84fa94-04c1-424b-9868-57a2d4851a1d" />
    <TestEntry testId="fd75eb10-5261-cc1e-b982-ae741a061d34" executionId="0a204196-9f13-42c7-a616-6643ef6311a8" testListId="8c84fa94-04c1-424b-9868-57a2d4851a1d" />
    <TestEntry testId="9ea0817e-195f-4525-9215-e116df1a5f63" executionId="d04e605c-0c67-4b9a-879a-7e81db1c4b9a" testListId="8c84fa94-04c1-424b-9868-57a2d4851a1d" />
    <TestEntry testId="4ed072d2-7529-fe73-ad46-07bd95268187" executionId="31c2ba45-2daa-400c-9da5-bb30ad7ac871" testListId="8c84fa94-04c1-424b-9868-57a2d4851a1d" />
    <TestEntry testId="9c621c1d-9ca4-65c3-87bb-d06273555fe6" executionId="ef4cdd9b-8ac5-458f-aa77-855061517a67" testListId="8c84fa94-04c1-424b-9868-57a2d4851a1d" />
    <TestEntry testId="8900ceac-b7b6-1032-98bc-f3e21d0abb21" executionId="4dd0be9a-db7c-467b-bddc-5e94d72e4e7a" testListId="8c84fa94-04c1-424b-9868-57a2d4851a1d" />
    <TestEntry testId="005829d6-859e-9315-7aa3-e62df14cfd2f" executionId="d36abfc6-e7d9-442c-8603-4fb62086f82e" testListId="8c84fa94-04c1-424b-9868-57a2d4851a1d" />
    <TestEntry testId="1be779d0-7d79-a70d-dad3-321f550d401f" executionId="1b8cea37-aa15-4909-b33c-da31eb0abae8" testListId="8c84fa94-04c1-424b-9868-57a2d4851a1d" />
    <TestEntry testId="7d98f31d-f1f6-0621-aa93-72560fa182b3" executionId="f98a54fb-c905-4514-9b00-3a1ef4666163" testListId="8c84fa94-04c1-424b-9868-57a2d4851a1d" />
    <TestEntry testId="b7b09a89-f922-b298-bb69-6134762504c7" executionId="0269124f-3a4b-414a-9af8-fcafaa16a572" testListId="8c84fa94-04c1-424b-9868-57a2d4851a1d" />
    <TestEntry testId="05d65582-adf5-1549-bdb6-f0e47270afd3" executionId="f5511867-f97d-488b-94fe-c5a598fb5057" testListId="8c84fa94-04c1-424b-9868-57a2d4851a1d" />
    <TestEntry testId="2622fed3-4e63-071a-2d6d-7db13abf1a89" executionId="be3a6cee-1497-40d0-982e-be6fb5f3bcc3" testListId="8c84fa94-04c1-424b-9868-57a2d4851a1d" />
    <TestEntry testId="a5cecf0f-42c5-3103-c37e-7de0c32f1d40" executionId="bf600208-f2f8-4211-b650-aaf33f3b4f5e" testListId="8c84fa94-04c1-424b-9868-57a2d4851a1d" />
    <TestEntry testId="18c1f855-99f0-d7c9-3814-1b9500d79abb" executionId="fbafdaae-ef8d-4f25-8d30-1c599b451827" testListId="8c84fa94-04c1-424b-9868-57a2d4851a1d" />
    <TestEntry testId="b899b54b-1fed-9cb3-745e-fba087b88573" executionId="31a75494-29c0-4203-ae3e-d359c8f4a0a3" testListId="8c84fa94-04c1-424b-9868-57a2d4851a1d" />
    <TestEntry testId="56379117-1d4e-106a-e150-22beb95db5f6" executionId="fc9b5809-12ab-45d8-b529-1dbfbfe52b85" testListId="8c84fa94-04c1-424b-9868-57a2d4851a1d" />
    <TestEntry testId="bedd4628-a316-a455-e74b-113d5ac3b3c8" executionId="3718a184-b100-4c80-84b0-e9910860ce0f" testListId="8c84fa94-04c1-424b-9868-57a2d4851a1d" />
    <TestEntry testId="c9eef1b9-2601-24e4-e66c-677a0f68bfe9" executionId="a9c15682-7810-4c95-bcff-6457156e815d" testListId="8c84fa94-04c1-424b-9868-57a2d4851a1d" />
    <TestEntry testId="dafe7a1e-3bd2-12cf-e3a7-a7dc8926d90c" executionId="bbdd4d69-40c4-4637-b108-d6e7d07d231e" testListId="8c84fa94-04c1-424b-9868-57a2d4851a1d" />
    <TestEntry testId="db17ca7a-fdcd-e135-ff66-0041667888a6" executionId="ecd9df12-7a19-4402-862d-402b39417206" testListId="8c84fa94-04c1-424b-9868-57a2d4851a1d" />
    <TestEntry testId="1f0d839d-2acf-5f06-e2ce-d9eadfcf6b39" executionId="7a15d196-a384-47cf-b495-9d2a409cb251" testListId="8c84fa94-04c1-424b-9868-57a2d4851a1d" />
    <TestEntry testId="5ba4e3e7-6993-ed4b-8ced-e1d13c26b064" executionId="1cf4a270-fcfe-43c7-acbf-00ec548e3a45" testListId="8c84fa94-04c1-424b-9868-57a2d4851a1d" />
    <TestEntry testId="73015d04-f4f5-eb53-f909-b8aae7bb4119" executionId="02cc9f6a-5d40-4149-98eb-1c2612cc307e" testListId="8c84fa94-04c1-424b-9868-57a2d4851a1d" />
    <TestEntry testId="558b53c6-969d-e366-d6b8-7fcc271542df" executionId="cb931313-e029-42e0-8470-111c999f2b2a" testListId="8c84fa94-04c1-424b-9868-57a2d4851a1d" />
    <TestEntry testId="325ca6ba-2af3-98aa-0d43-981348e2650a" executionId="88997090-a223-40c0-addf-6cb50be6ab81" testListId="8c84fa94-04c1-424b-9868-57a2d4851a1d" />
    <TestEntry testId="e8e33e12-931b-128d-146d-566c8d61cfb2" executionId="48885020-feb8-4676-82ba-214d94fbea50" testListId="8c84fa94-04c1-424b-9868-57a2d4851a1d" />
    <TestEntry testId="09b9970f-5bc4-c7f2-6dce-33edfb74fb47" executionId="9ce68103-c889-44a6-ba74-c035eb76cb4a" testListId="8c84fa94-04c1-424b-9868-57a2d4851a1d" />
    <TestEntry testId="d2ade540-1f1e-eb2f-4190-f97efcbbd597" executionId="03722317-17d9-4339-86e6-ef8f7fce545d" testListId="8c84fa94-04c1-424b-9868-57a2d4851a1d" />
    <TestEntry testId="b1efd2e8-a10f-c78f-81ed-4637c3ceca04" executionId="67d4125b-c389-4292-aa0f-4d6f5e07c210" testListId="8c84fa94-04c1-424b-9868-57a2d4851a1d" />
    <TestEntry testId="54bf5bb6-83d7-dbc0-fbb6-c50b912aca0c" executionId="99dbd916-695b-43f6-9680-6cc13dcc4391" testListId="8c84fa94-04c1-424b-9868-57a2d4851a1d" />
    <TestEntry testId="f6b94837-b11e-b7fc-3b07-45030b7ef6b9" executionId="0933b25a-f6cc-4774-8422-9afbaaf9fd3b" testListId="8c84fa94-04c1-424b-9868-57a2d4851a1d" />
    <TestEntry testId="58f47b40-1f4e-dda1-7e49-4571a6d9b259" executionId="0d150958-0960-4624-b582-7ed3e68824e7" testListId="8c84fa94-04c1-424b-9868-57a2d4851a1d" />
    <TestEntry testId="d4181de0-82b5-2bf4-4e2d-51f91ba36e4c" executionId="011168bf-85e6-4367-837a-732900312834" testListId="8c84fa94-04c1-424b-9868-57a2d4851a1d" />
    <TestEntry testId="989c4479-fd4d-be06-81f5-831578a55a59" executionId="b8c18d21-93dc-4836-9126-ccd5c8e682ca" testListId="8c84fa94-04c1-424b-9868-57a2d4851a1d" />
    <TestEntry testId="649a4875-a4da-c184-4703-192cbc79d530" executionId="5dbe0c7d-2088-411c-ac39-134c1ae29d26" testListId="8c84fa94-04c1-424b-9868-57a2d4851a1d" />
    <TestEntry testId="b9482e51-690d-61ad-be55-288bbe5f6ac4" executionId="7f802462-7abf-4862-abe5-411b517708c5" testListId="8c84fa94-04c1-424b-9868-57a2d4851a1d" />
    <TestEntry testId="2d3cec0c-59b8-0bcd-556a-64d52e28cae3" executionId="e19af069-b5c6-4a72-a4ea-c34b0bfc74de" testListId="8c84fa94-04c1-424b-9868-57a2d4851a1d" />
    <TestEntry testId="898e8b86-4e2c-3020-5dd7-7d7a30385240" executionId="9599d54e-36a1-41f8-90ff-8a7e398045cf" testListId="8c84fa94-04c1-424b-9868-57a2d4851a1d" />
    <TestEntry testId="6c13f9eb-f3d4-48aa-c88b-6e9674447ef3" executionId="04885795-d65b-4d1d-8a81-bc2769b7ef50" testListId="8c84fa94-04c1-424b-9868-57a2d4851a1d" />
    <TestEntry testId="f5f11ea3-767f-521f-25a8-5a047603f97f" executionId="7f8e2b90-8388-4a1b-b4f6-ef013540157d" testListId="8c84fa94-04c1-424b-9868-57a2d4851a1d" />
    <TestEntry testId="c9550b69-9fd2-3fcf-2931-2e40d497d81d" executionId="7e48e064-4988-4e6f-af8e-3fdb6777ef58" testListId="8c84fa94-04c1-424b-9868-57a2d4851a1d" />
    <TestEntry testId="f2c8f66f-5b37-9645-e49a-a041d148b602" executionId="0732bc0d-f548-4644-aa14-3fb7c9abfb0a" testListId="8c84fa94-04c1-424b-9868-57a2d4851a1d" />
    <TestEntry testId="4b659aa5-2064-7295-f3dc-47eac73b7ede" executionId="5d653a15-7cf6-471f-a048-1c6aa493c334" testListId="8c84fa94-04c1-424b-9868-57a2d4851a1d" />
    <TestEntry testId="6043af01-0728-5b9e-9c02-bbb4296a7b49" executionId="9fa8efd9-b4a2-4479-aef3-40e270e7b7aa" testListId="8c84fa94-04c1-424b-9868-57a2d4851a1d" />
    <TestEntry testId="90898cf9-5c8b-6602-513e-7e28414b36ab" executionId="477cf87c-7072-4ed3-a518-b437b30e549a" testListId="8c84fa94-04c1-424b-9868-57a2d4851a1d" />
    <TestEntry testId="cdb353a5-fbfe-08cc-ac19-32e4bc7ee0af" executionId="476496d1-cb7e-49ae-9728-125b3f5e1ff5" testListId="8c84fa94-04c1-424b-9868-57a2d4851a1d" />
    <TestEntry testId="8a3cfb9c-5e17-9d45-b2bc-1a740a423650" executionId="e33625d5-df81-41f1-914c-05456bb04532" testListId="8c84fa94-04c1-424b-9868-57a2d4851a1d" />
    <TestEntry testId="c283c84e-12fb-1c79-3140-e564f9560517" executionId="482ae8ce-5dfb-4c84-b530-4aef19aed8b3" testListId="8c84fa94-04c1-424b-9868-57a2d4851a1d" />
    <TestEntry testId="708e0fda-e1a5-7f8b-3069-c1364aee94b5" executionId="369b17c4-98f1-41d6-b180-ced0b2adf6fe" testListId="8c84fa94-04c1-424b-9868-57a2d4851a1d" />
    <TestEntry testId="5e1118ed-9b53-f770-8503-6b91f9e32547" executionId="6c194e33-7710-4f92-a159-b850567c98ed" testListId="8c84fa94-04c1-424b-9868-57a2d4851a1d" />
    <TestEntry testId="6cf57c02-d527-684a-9612-4d68bc5f29f6" executionId="57cfb443-4f5f-4226-86ee-3688e112bb7b" testListId="8c84fa94-04c1-424b-9868-57a2d4851a1d" />
    <TestEntry testId="89133348-f31e-9131-8497-14e1440854d8" executionId="3e179c76-d894-48ad-ba8c-780e432d8adb" testListId="8c84fa94-04c1-424b-9868-57a2d4851a1d" />
    <TestEntry testId="da7f9d67-6583-5b93-3103-caab5031e2e0" executionId="ea27d35e-5555-47a7-95e5-b876a2111653" testListId="8c84fa94-04c1-424b-9868-57a2d4851a1d" />
    <TestEntry testId="b6442f0f-5bfd-8c1c-ad13-f1d69b3a8a06" executionId="c4b6ae07-405c-48ea-9e48-1b43ca300355" testListId="8c84fa94-04c1-424b-9868-57a2d4851a1d" />
    <TestEntry testId="dec0744b-b5da-6a4d-ad0a-355a63963703" executionId="be09c1f1-3ad3-420a-b618-dfa7b9df0bab" testListId="8c84fa94-04c1-424b-9868-57a2d4851a1d" />
    <TestEntry testId="aec32abe-a9a4-ee33-7558-1c7c2a3fabec" executionId="bbe63f3c-5b69-428d-b6a4-50de6e3ee311" testListId="8c84fa94-04c1-424b-9868-57a2d4851a1d" />
    <TestEntry testId="129b002c-1fd8-a858-11b5-efb8011f1c66" executionId="7cbcb8db-476e-4496-a4b8-f00beb38049a" testListId="8c84fa94-04c1-424b-9868-57a2d4851a1d" />
    <TestEntry testId="3d0b3fd5-ed3e-b00a-e692-69db01d97037" executionId="e158f7b2-0299-4c4b-bd7b-b6a543a19261" testListId="8c84fa94-04c1-424b-9868-57a2d4851a1d" />
    <TestEntry testId="cf3b5912-6ae6-e0a1-b350-a9a883f44204" executionId="c0db5121-d276-4307-aad6-3008386c8e9c" testListId="8c84fa94-04c1-424b-9868-57a2d4851a1d" />
    <TestEntry testId="ed293079-60d8-dd36-58ca-ab1711252e1b" executionId="086d9d7d-5905-41e2-918d-6a8fb4dfce5e" testListId="8c84fa94-04c1-424b-9868-57a2d4851a1d" />
    <TestEntry testId="b1cacb72-0763-fed2-dae6-92a0ddd885e0" executionId="3e1f1754-873d-4ba5-b471-bbcba55e3ce4" testListId="8c84fa94-04c1-424b-9868-57a2d4851a1d" />
    <TestEntry testId="b48545f1-36d0-2752-215f-8475388c03a6" executionId="8a1bc4fe-93d9-4658-96dc-38ebb2043242" testListId="8c84fa94-04c1-424b-9868-57a2d4851a1d" />
    <TestEntry testId="01e1d85e-511b-f54c-a1a1-900d1b604f70" executionId="ce64ba6f-07a9-468b-b230-6fe2771819bb" testListId="8c84fa94-04c1-424b-9868-57a2d4851a1d" />
    <TestEntry testId="020bc553-c880-41f6-e7a5-5598075d4e67" executionId="6acb4463-99fc-43e1-87de-0539d3358342" testListId="8c84fa94-04c1-424b-9868-57a2d4851a1d" />
    <TestEntry testId="5549ceba-3e9a-6148-26c8-8ad403ffbfa1" executionId="590b706e-71c4-4b1c-b8f8-3e86b627c89f" testListId="8c84fa94-04c1-424b-9868-57a2d4851a1d" />
    <TestEntry testId="12e63596-1c4e-b553-8314-65281f6114b3" executionId="c9b1a2ff-9a12-48e9-b707-c9ca8af45849" testListId="8c84fa94-04c1-424b-9868-57a2d4851a1d" />
    <TestEntry testId="ad975496-37d7-dfa8-72c5-ed19caf4b8d6" executionId="4f654192-8307-4f69-b0c2-6e7fcc53505c" testListId="8c84fa94-04c1-424b-9868-57a2d4851a1d" />
    <TestEntry testId="40d1b41f-84e9-0b2b-3898-954b6294bb34" executionId="17390d17-4d2f-4620-b311-82b01f7495e4" testListId="8c84fa94-04c1-424b-9868-57a2d4851a1d" />
    <TestEntry testId="c281314e-828d-e156-cbd7-96cd2b327ed0" executionId="7448b75e-e4ca-43da-a5b2-ac31dde19674" testListId="8c84fa94-04c1-424b-9868-57a2d4851a1d" />
    <TestEntry testId="84067fc2-a576-9ac6-6f3c-59ca7fae01b3" executionId="d6db5317-5f1e-4eb3-914a-c7f1ede965c3" testListId="8c84fa94-04c1-424b-9868-57a2d4851a1d" />
    <TestEntry testId="3b8989d4-9468-d4f5-4fa5-0c83cef3e6e3" executionId="a5b76e13-764c-4a45-9183-c097eb263bf1" testListId="8c84fa94-04c1-424b-9868-57a2d4851a1d" />
    <TestEntry testId="8b767757-2d46-6db2-6c72-a25020070dc1" executionId="2dbd7ef9-341e-4929-ac54-95c78877905d" testListId="8c84fa94-04c1-424b-9868-57a2d4851a1d" />
    <TestEntry testId="f1a715f9-9cf1-9e64-a4be-97f94a04714c" executionId="f1463842-a773-4555-8ebc-06446b8f1cba" testListId="8c84fa94-04c1-424b-9868-57a2d4851a1d" />
    <TestEntry testId="98edb5da-2506-8b04-eeed-1852ef2aaf00" executionId="7875c7ab-2a55-4e97-a55d-c95531e77438" testListId="8c84fa94-04c1-424b-9868-57a2d4851a1d" />
    <TestEntry testId="070484d8-b78f-e4c9-05d6-cba7187facb9" executionId="333ce8cd-ab79-49ef-956c-1644045a9c1b" testListId="8c84fa94-04c1-424b-9868-57a2d4851a1d" />
    <TestEntry testId="3a5598f0-2f6a-ab8e-56e4-280c59becd55" executionId="15a78c63-5543-437c-b5b7-ba0ca64b7a52" testListId="8c84fa94-04c1-424b-9868-57a2d4851a1d" />
    <TestEntry testId="4981dea8-f169-664c-472f-78db2ae78861" executionId="d99aaef1-e2a5-4696-81eb-9531db2da945" testListId="8c84fa94-04c1-424b-9868-57a2d4851a1d" />
    <TestEntry testId="a64ca845-c01a-2574-9dc9-d481b1eb66ae" executionId="6f580026-0abe-4e06-bb20-9403df0c9e92" testListId="8c84fa94-04c1-424b-9868-57a2d4851a1d" />
    <TestEntry testId="a39074e8-1a57-e5e3-5130-43a61b6aac16" executionId="d5f4f739-f1fa-49f6-a5a3-a4d8c935bc10" testListId="8c84fa94-04c1-424b-9868-57a2d4851a1d" />
    <TestEntry testId="0c39fefa-5032-d364-0d53-99bb085e0982" executionId="8028b3eb-25ae-430f-a5a5-242b69a38ecc" testListId="8c84fa94-04c1-424b-9868-57a2d4851a1d" />
    <TestEntry testId="072141a6-213d-f7c1-ad94-78892f83b7a0" executionId="9245129e-6061-458e-9a82-b78a224dd1dd" testListId="8c84fa94-04c1-424b-9868-57a2d4851a1d" />
    <TestEntry testId="cb78d65f-db30-1067-6355-33912c9c98b3" executionId="3d0dacb8-f1dc-4846-a2c4-435aeb5a9d7d" testListId="8c84fa94-04c1-424b-9868-57a2d4851a1d" />
    <TestEntry testId="8e7b2879-f716-116d-99dc-23f8e18ae182" executionId="8a99cfc6-a742-4b03-8248-8638b3050797" testListId="8c84fa94-04c1-424b-9868-57a2d4851a1d" />
    <TestEntry testId="d6be978c-e15f-fa6c-2dca-55f439cdf674" executionId="b6d35e63-d294-4335-af72-1fc596baae50" testListId="8c84fa94-04c1-424b-9868-57a2d4851a1d" />
    <TestEntry testId="31f39857-46fe-cad3-eea6-de16b677be95" executionId="2e73aef4-12de-4163-a8ec-47ab269bfd8e" testListId="8c84fa94-04c1-424b-9868-57a2d4851a1d" />
    <TestEntry testId="af7199b0-e83f-767d-57c7-bef2cae34aa3" executionId="c6cd550f-4107-4d2d-aa37-7590dba64356" testListId="8c84fa94-04c1-424b-9868-57a2d4851a1d" />
    <TestEntry testId="74218563-c78e-d800-7101-79460a2a54a4" executionId="ab5195e1-ef87-4ad9-b8c4-1853d5b511f5" testListId="8c84fa94-04c1-424b-9868-57a2d4851a1d" />
    <TestEntry testId="2ead5f87-4f49-9731-8b7d-274f7728f6ce" executionId="c0fb79fe-92cc-4e0a-b289-8dbbfe4ba653" testListId="8c84fa94-04c1-424b-9868-57a2d4851a1d" />
    <TestEntry testId="f4345ccc-f7f8-a9d0-d85f-f34d1eaed95e" executionId="88ed3ea3-07e3-4037-ad52-c1af32128255" testListId="8c84fa94-04c1-424b-9868-57a2d4851a1d" />
    <TestEntry testId="1889f775-0977-2f85-bcf9-6dc4aeb0834c" executionId="ecd49d5b-26f9-4c6a-ba22-0e09fe68b93b" testListId="8c84fa94-04c1-424b-9868-57a2d4851a1d" />
    <TestEntry testId="e4425b0f-0cb4-e465-5faf-5fa77fa81a46" executionId="f0094a91-33a7-4247-8127-a3858f13a939" testListId="8c84fa94-04c1-424b-9868-57a2d4851a1d" />
    <TestEntry testId="17c89217-fc60-adea-d5e7-d8f5759cacf3" executionId="36bfd341-bf37-4f3c-b0be-bdd99d713281" testListId="8c84fa94-04c1-424b-9868-57a2d4851a1d" />
    <TestEntry testId="557ea181-0881-47c7-90a7-baa142d9c0b1" executionId="db74d390-2117-4390-8ad1-86ecc2cd06d7" testListId="8c84fa94-04c1-424b-9868-57a2d4851a1d" />
    <TestEntry testId="72153cfe-4389-9773-f6fd-6685bb51f896" executionId="a12dcf06-4ff7-4900-85af-6c5f2277b9e8" testListId="8c84fa94-04c1-424b-9868-57a2d4851a1d" />
    <TestEntry testId="77a8b315-06d4-5fac-05d9-90fcccdac88f" executionId="6e70a59c-b768-4358-b248-f3c15d5e6154" testListId="8c84fa94-04c1-424b-9868-57a2d4851a1d" />
    <TestEntry testId="276aeaf4-94bd-7cc4-0bfa-fd1b795b8f09" executionId="3c20240d-55cd-43b7-90da-826b12d5d07e" testListId="8c84fa94-04c1-424b-9868-57a2d4851a1d" />
    <TestEntry testId="c9fb8199-30a5-e351-264b-e657ae13b916" executionId="1370a62f-53fb-4711-bcf4-c77929464ff5" testListId="8c84fa94-04c1-424b-9868-57a2d4851a1d" />
    <TestEntry testId="6d29da73-1392-f864-ac11-db455215ce75" executionId="dd059bd0-9aa3-43cd-bff8-7c005ba12fc9" testListId="8c84fa94-04c1-424b-9868-57a2d4851a1d" />
    <TestEntry testId="4f8f2480-799b-0be7-4437-c1ecf75fbaa1" executionId="69d91b75-666d-4622-be13-5d6ebef9157f" testListId="8c84fa94-04c1-424b-9868-57a2d4851a1d" />
    <TestEntry testId="1ae802a5-bb94-ae3c-980c-cf0121da8a4a" executionId="6d6da7cb-0a4b-4067-91c9-dfcb700b67af" testListId="8c84fa94-04c1-424b-9868-57a2d4851a1d" />
    <TestEntry testId="978c0671-8eb9-8633-411e-8b65bb821d6c" executionId="1264f243-b606-4de2-88c8-5d5acd73fd6a" testListId="8c84fa94-04c1-424b-9868-57a2d4851a1d" />
    <TestEntry testId="31b640ce-2e58-2f38-568e-804147d116f8" executionId="2488dd94-52b1-4ffa-9806-c4558eb8e249" testListId="8c84fa94-04c1-424b-9868-57a2d4851a1d" />
    <TestEntry testId="5e0522cb-aa6a-a547-6b61-65ded7b9398a" executionId="0c080407-90e4-4126-843b-9adb224069b4" testListId="8c84fa94-04c1-424b-9868-57a2d4851a1d" />
    <TestEntry testId="35ff0ac0-4840-970b-a280-9a148d7f7af4" executionId="65516c0d-fed6-43a7-bb25-b97de31b7089" testListId="8c84fa94-04c1-424b-9868-57a2d4851a1d" />
    <TestEntry testId="76d2cb65-6735-d8b0-b056-6bd2e46786ef" executionId="a1f8fcb1-33e5-4544-8def-a4d2814c84f6" testListId="8c84fa94-04c1-424b-9868-57a2d4851a1d" />
    <TestEntry testId="85ab3335-8bf0-ecfa-98f7-0db700370fe2" executionId="d3da9158-1be1-4782-8862-8f3cba7edbef" testListId="8c84fa94-04c1-424b-9868-57a2d4851a1d" />
    <TestEntry testId="f1502619-456c-8ace-3118-e479f255cb31" executionId="de6c8c34-8656-4d22-84bf-e3f057cbd326" testListId="8c84fa94-04c1-424b-9868-57a2d4851a1d" />
    <TestEntry testId="f9b6fa3b-c686-0e22-5a5c-d78c0f5f065a" executionId="d8ea6692-8cb4-49af-a1fc-04b9ca329dfe" testListId="8c84fa94-04c1-424b-9868-57a2d4851a1d" />
    <TestEntry testId="efc90440-a3c1-87f7-fff9-787ea282e06e" executionId="c73a231b-a334-47d7-a87d-b7df525b73a6" testListId="8c84fa94-04c1-424b-9868-57a2d4851a1d" />
    <TestEntry testId="2d6867c6-934d-12ca-881f-8ca2af17d2e4" executionId="8230a7d3-4b14-41aa-bacf-801efa4730b7" testListId="8c84fa94-04c1-424b-9868-57a2d4851a1d" />
    <TestEntry testId="e7f23f39-7057-048c-f8c3-7322c51edfe0" executionId="e4adba08-6fef-4fd3-b2af-9536b16deb83" testListId="8c84fa94-04c1-424b-9868-57a2d4851a1d" />
    <TestEntry testId="2a82fa15-d608-6e25-a9ff-4f118775d58a" executionId="d138efb5-b232-4db8-a313-a9a61bce2a86" testListId="8c84fa94-04c1-424b-9868-57a2d4851a1d" />
    <TestEntry testId="e3792867-8253-4fa3-d7e9-04dbc55b7bd0" executionId="589c4bb9-51c5-4bae-9f01-57323798be2a" testListId="8c84fa94-04c1-424b-9868-57a2d4851a1d" />
    <TestEntry testId="62090d81-bf34-b23d-be59-e474692bb2bb" executionId="969f68d8-3a38-4745-8888-02b4c21668a3" testListId="8c84fa94-04c1-424b-9868-57a2d4851a1d" />
    <TestEntry testId="4a2195e8-be6f-2084-7664-243a4cb97e3b" executionId="258cf2e4-93ae-4468-ad2c-b312800199a8" testListId="8c84fa94-04c1-424b-9868-57a2d4851a1d" />
    <TestEntry testId="01079ac0-f339-2360-8171-8d0e80010056" executionId="d93dad1a-660e-4f85-8810-f680080a00c9" testListId="8c84fa94-04c1-424b-9868-57a2d4851a1d" />
    <TestEntry testId="61071a05-3bb9-84f7-1063-093a7badabca" executionId="8d83d442-5c6e-475b-825c-a83b8bfe2f54" testListId="8c84fa94-04c1-424b-9868-57a2d4851a1d" />
    <TestEntry testId="c402f9ec-8f13-951f-df43-c12680e572ae" executionId="6e77275e-9462-4c05-8a75-58111a6c5bb6" testListId="8c84fa94-04c1-424b-9868-57a2d4851a1d" />
    <TestEntry testId="623f0bb4-6cd6-0db1-bf8f-7a93fb8b942e" executionId="ff9044ed-c1ff-4008-96e9-21e6384b25a7" testListId="8c84fa94-04c1-424b-9868-57a2d4851a1d" />
    <TestEntry testId="30e04109-c65f-2193-e674-b29f22492ca5" executionId="60e72a66-457f-450c-a9a7-52818d00460b" testListId="8c84fa94-04c1-424b-9868-57a2d4851a1d" />
    <TestEntry testId="80cf12b5-407d-385e-fa57-ce82569f7e4e" executionId="cca3f1c4-c7a5-4a18-a161-6103ff9aad1f" testListId="8c84fa94-04c1-424b-9868-57a2d4851a1d" />
    <TestEntry testId="4e5788c1-ada8-e773-ce47-116c6628d2aa" executionId="d2d05c01-99e2-4a76-a394-28a24cfa0dc1" testListId="8c84fa94-04c1-424b-9868-57a2d4851a1d" />
    <TestEntry testId="59555551-2870-ef13-6be7-cabc129b6b60" executionId="c781da62-9428-4e20-a8ec-bbc1e37cf212" testListId="8c84fa94-04c1-424b-9868-57a2d4851a1d" />
    <TestEntry testId="cd30a197-746f-89fa-f26c-aad357b6347f" executionId="171c4c7e-1271-4ca2-8e8e-dfe9cdde0628" testListId="8c84fa94-04c1-424b-9868-57a2d4851a1d" />
    <TestEntry testId="7ff00668-a1d1-598b-ea2d-b4d066dc2a94" executionId="4ae5d6ef-8149-4ef7-92fc-d60a8237e2c8" testListId="8c84fa94-04c1-424b-9868-57a2d4851a1d" />
    <TestEntry testId="6d564f94-5eaa-e990-ac62-ae2a50bad2a5" executionId="26d575ed-63a4-4886-bc08-7d3cc1d4da4b" testListId="8c84fa94-04c1-424b-9868-57a2d4851a1d" />
    <TestEntry testId="a5b7c6bb-ac35-2bcc-b00a-fa06ab788ad9" executionId="a76d3f97-7416-441a-b32e-c62ea0591895" testListId="8c84fa94-04c1-424b-9868-57a2d4851a1d" />
    <TestEntry testId="e12fb60a-f115-e1f0-522a-512140600c5d" executionId="04bb838d-803b-4bac-b720-5abb4fbbba89" testListId="8c84fa94-04c1-424b-9868-57a2d4851a1d" />
    <TestEntry testId="9f249bfa-9307-bb63-1468-401f06cff04f" executionId="34e5651c-905c-41d0-ba47-2592886e4ea2" testListId="8c84fa94-04c1-424b-9868-57a2d4851a1d" />
    <TestEntry testId="40c80f36-2521-e262-e128-84747b64c92c" executionId="3f7b2471-2238-4650-91ef-20043fd274c6" testListId="8c84fa94-04c1-424b-9868-57a2d4851a1d" />
    <TestEntry testId="e3b4f7d1-fd34-7000-16fb-2198b034047c" executionId="3635fc11-c682-4584-8131-07a15d97420c" testListId="8c84fa94-04c1-424b-9868-57a2d4851a1d" />
    <TestEntry testId="55a6d228-78a5-d622-034e-b73abe2c7a6d" executionId="595f926c-2d6a-4572-a031-75b20f3a52a9" testListId="8c84fa94-04c1-424b-9868-57a2d4851a1d" />
    <TestEntry testId="47054227-bef7-8a81-5406-698a72b51579" executionId="4b040f4a-e7d2-4ce6-a18a-0ac743324cc5" testListId="8c84fa94-04c1-424b-9868-57a2d4851a1d" />
    <TestEntry testId="a0f3f893-c4ef-ab53-8734-d2a1d7c9bd6f" executionId="b6a32d63-e34c-4ce2-ba8b-baf13c7f81ee" testListId="8c84fa94-04c1-424b-9868-57a2d4851a1d" />
    <TestEntry testId="cc5c40cc-583d-811b-ee50-c1611290992c" executionId="5665fb49-e1e8-4be6-b48c-e63407252e74" testListId="8c84fa94-04c1-424b-9868-57a2d4851a1d" />
  </TestEntries>
  <Results>
    <UnitTestResult executionId="9abdbc4a-5c7e-49cc-870f-a580c75c8b70" testId="bab2dab8-39f1-b478-4ef5-4dc0427dc7d9" testName="canMoveBlackBishipDiagonalUpRightNoObstructions" computerName="ITSSHAW" duration="00:00:00.0662774" startTime="2014-02-04T13:43:46.8111370+02:00" endTime="2014-02-04T13:43:46.9461640+02:00" testType="13cdc9d9-ddb5-4fa4-a97d-d965ccfc6d4b" outcome="Passed" testListId="8c84fa94-04c1-424b-9868-57a2d4851a1d" relativeResultsDirectory="9abdbc4a-5c7e-49cc-870f-a580c75c8b70">
    </UnitTestResult>
    <UnitTestResult executionId="23ed845c-174a-42b3-ae3f-6bcf61c9aa3e" testId="b1d1289f-9e7e-87c4-873a-568aec1ab10b" testName="canMoveBlackBishopDiagonallyDownLeftNoObstructions" computerName="ITSSHAW" duration="00:00:00.0331834" startTime="2014-02-04T13:43:46.9481644+02:00" endTime="2014-02-04T13:43:46.9821712+02:00" testType="13cdc9d9-ddb5-4fa4-a97d-d965ccfc6d4b" outcome="Passed" testListId="8c84fa94-04c1-424b-9868-57a2d4851a1d" relativeResultsDirectory="23ed845c-174a-42b3-ae3f-6bcf61c9aa3e">
    </UnitTestResult>
    <UnitTestResult executionId="0aeba4b0-6cb4-4a5f-b33d-37ecab3a9b5e" testId="cea9a2db-b9b4-5c44-cdae-ea8c559aa5ab" testName="canMoveBlackBishopDiagonallyDownRightNoObstructions" computerName="ITSSHAW" duration="00:00:00.0156936" startTime="2014-02-04T13:43:46.9841716+02:00" endTime="2014-02-04T13:43:47.0001748+02:00" testType="13cdc9d9-ddb5-4fa4-a97d-d965ccfc6d4b" outcome="Passed" testListId="8c84fa94-04c1-424b-9868-57a2d4851a1d" relativeResultsDirectory="0aeba4b0-6cb4-4a5f-b33d-37ecab3a9b5e">
    </UnitTestResult>
    <UnitTestResult executionId="6ccc5b37-3e9a-444a-a32f-24818b7d3fd1" testId="f758d7bc-486f-01b2-cb64-d4b549c6a040" testName="canMoveBlackBishopDiagonalUpLeftNoObstructions" computerName="ITSSHAW" duration="00:00:00.0112011" startTime="2014-02-04T13:43:47.0011750+02:00" endTime="2014-02-04T13:43:47.0131774+02:00" testType="13cdc9d9-ddb5-4fa4-a97d-d965ccfc6d4b" outcome="Passed" testListId="8c84fa94-04c1-424b-9868-57a2d4851a1d" relativeResultsDirectory="6ccc5b37-3e9a-444a-a32f-24818b7d3fd1">
    </UnitTestResult>
    <UnitTestResult executionId="570eb841-c525-478d-ae58-37deb7726ddd" testId="cbde31ee-3d88-9411-c095-9535119853f5" testName="canMoveWhiteBishopDiagonallyDownLeftNoObstructions" computerName="ITSSHAW" duration="00:00:00.0099539" startTime="2014-02-04T13:43:47.0141776+02:00" endTime="2014-02-04T13:43:47.0241796+02:00" testType="13cdc9d9-ddb5-4fa4-a97d-d965ccfc6d4b" outcome="Passed" testListId="8c84fa94-04c1-424b-9868-57a2d4851a1d" relativeResultsDirectory="570eb841-c525-478d-ae58-37deb7726ddd">
    </UnitTestResult>
    <UnitTestResult executionId="bbff729e-2b56-4b74-869b-cdd3455331d7" testId="7b64562e-3d29-ccc9-9a6a-4aaf39707ed4" testName="canMoveWhiteBishopDiagonallyDownRightNoObstructions" computerName="ITSSHAW" duration="00:00:00.0096976" startTime="2014-02-04T13:43:47.0251798+02:00" endTime="2014-02-04T13:43:47.0361820+02:00" testType="13cdc9d9-ddb5-4fa4-a97d-d965ccfc6d4b" outcome="Passed" testListId="8c84fa94-04c1-424b-9868-57a2d4851a1d" relativeResultsDirectory="bbff729e-2b56-4b74-869b-cdd3455331d7">
    </UnitTestResult>
    <UnitTestResult executionId="99941223-8fa1-4e55-a576-7e802d43ce92" testId="87b4a0e4-779f-40d0-ae2d-3dbb1b295cb5" testName="canMoveWhiteBishopDiagonalUpLeftNoObstructions" computerName="ITSSHAW" duration="00:00:00.0093653" startTime="2014-02-04T13:43:47.0371822+02:00" endTime="2014-02-04T13:43:47.0471842+02:00" testType="13cdc9d9-ddb5-4fa4-a97d-d965ccfc6d4b" outcome="Passed" testListId="8c84fa94-04c1-424b-9868-57a2d4851a1d" relativeResultsDirectory="99941223-8fa1-4e55-a576-7e802d43ce92">
    </UnitTestResult>
    <UnitTestResult executionId="57ddc334-c544-45e8-874c-ca9654fe4896" testId="f27377be-1934-c9f6-8d07-ac7266d1d2f6" testName="canMoveWhiteBishopDiagonalUpRightNoObstructions" computerName="ITSSHAW" duration="00:00:00.0126612" startTime="2014-02-04T13:43:47.0481844+02:00" endTime="2014-02-04T13:43:47.0611870+02:00" testType="13cdc9d9-ddb5-4fa4-a97d-d965ccfc6d4b" outcome="Passed" testListId="8c84fa94-04c1-424b-9868-57a2d4851a1d" relativeResultsDirectory="57ddc334-c544-45e8-874c-ca9654fe4896">
    </UnitTestResult>
    <UnitTestResult executionId="9e470050-407f-4937-bf6f-994a4c8b6b35" testId="fd4c62da-b4fc-b947-da46-845314dd7c18" testName="cannotJumpOppositionDiagDownLeft" computerName="ITSSHAW" duration="00:00:00.0108178" startTime="2014-02-04T13:43:47.0621872+02:00" endTime="2014-02-04T13:43:47.0741896+02:00" testType="13cdc9d9-ddb5-4fa4-a97d-d965ccfc6d4b" outcome="Passed" testListId="8c84fa94-04c1-424b-9868-57a2d4851a1d" relativeResultsDirectory="9e470050-407f-4937-bf6f-994a4c8b6b35">
    </UnitTestResult>
    <UnitTestResult executionId="69c0e7b3-cf73-4b7a-b7a9-b6d9836c373b" testId="ee426e89-ab85-59c3-0fcf-e94b5b68ecd0" testName="cannotJumpOppositionDiagDownRight" computerName="ITSSHAW" duration="00:00:00.0032763" startTime="2014-02-04T13:43:47.0751898+02:00" endTime="2014-02-04T13:43:47.0791906+02:00" testType="13cdc9d9-ddb5-4fa4-a97d-d965ccfc6d4b" outcome="Passed" testListId="8c84fa94-04c1-424b-9868-57a2d4851a1d" relativeResultsDirectory="69c0e7b3-cf73-4b7a-b7a9-b6d9836c373b">
    </UnitTestResult>
    <UnitTestResult executionId="5b6d4357-c630-41c4-a01a-1e938327e486" testId="a1f929ba-6b28-ee21-359e-cf5d46cf368a" testName="cannotJumpOppositionDiagUpLeft" computerName="ITSSHAW" duration="00:00:00.0035223" startTime="2014-02-04T13:43:47.0801908+02:00" endTime="2014-02-04T13:43:47.0841916+02:00" testType="13cdc9d9-ddb5-4fa4-a97d-d965ccfc6d4b" outcome="Passed" testListId="8c84fa94-04c1-424b-9868-57a2d4851a1d" relativeResultsDirectory="5b6d4357-c630-41c4-a01a-1e938327e486">
    </UnitTestResult>
    <UnitTestResult executionId="56822929-2ed3-4256-b9c1-a82aea4f7b69" testId="6569eff2-7f15-ccb7-f02b-db4adb59c7db" testName="cannotJumpOppositionDiagUpRight" computerName="ITSSHAW" duration="00:00:00.0033765" startTime="2014-02-04T13:43:47.0851918+02:00" endTime="2014-02-04T13:43:47.0891926+02:00" testType="13cdc9d9-ddb5-4fa4-a97d-d965ccfc6d4b" outcome="Passed" testListId="8c84fa94-04c1-424b-9868-57a2d4851a1d" relativeResultsDirectory="56822929-2ed3-4256-b9c1-a82aea4f7b69">
    </UnitTestResult>
    <UnitTestResult executionId="8b893e46-e6d6-48bc-bf62-cd35b58de03b" testId="11146e4e-bbf4-ec57-67f8-0efcf6651dcd" testName="cannotTakeOwnPieceDiagDownLeft" computerName="ITSSHAW" duration="00:00:00.0031682" startTime="2014-02-04T13:43:47.0901928+02:00" endTime="2014-02-04T13:43:47.0941936+02:00" testType="13cdc9d9-ddb5-4fa4-a97d-d965ccfc6d4b" outcome="Passed" testListId="8c84fa94-04c1-424b-9868-57a2d4851a1d" relativeResultsDirectory="8b893e46-e6d6-48bc-bf62-cd35b58de03b">
    </UnitTestResult>
    <UnitTestResult executionId="f0d58daa-2c04-4ea8-989f-d2a296399c43" testId="f39b25bd-516f-7ee4-27f1-d563c9037b60" testName="cannotTakeOwnPieceDiagDownRight" computerName="ITSSHAW" duration="00:00:00.0036300" startTime="2014-02-04T13:43:47.0951938+02:00" endTime="2014-02-04T13:43:47.0991946+02:00" testType="13cdc9d9-ddb5-4fa4-a97d-d965ccfc6d4b" outcome="Passed" testListId="8c84fa94-04c1-424b-9868-57a2d4851a1d" relativeResultsDirectory="f0d58daa-2c04-4ea8-989f-d2a296399c43">
    </UnitTestResult>
    <UnitTestResult executionId="effde6f2-4403-4ca5-bef7-cdf72569c27f" testId="3562f988-caf6-e157-38af-47808bc40815" testName="cannotTakeOwnPieceDiagUpLeft" computerName="ITSSHAW" duration="00:00:00.0033007" startTime="2014-02-04T13:43:47.1021952+02:00" endTime="2014-02-04T13:43:47.1061960+02:00" testType="13cdc9d9-ddb5-4fa4-a97d-d965ccfc6d4b" outcome="Passed" testListId="8c84fa94-04c1-424b-9868-57a2d4851a1d" relativeResultsDirectory="effde6f2-4403-4ca5-bef7-cdf72569c27f">
    </UnitTestResult>
    <UnitTestResult executionId="93da04a4-0f21-41f2-9eb5-4454067829b1" testId="f2547ccb-ac70-9f08-d6b9-a2ccdc08bacc" testName="cannotTakeOwnPieceDiagUpRight" computerName="ITSSHAW" duration="00:00:00.0047967" startTime="2014-02-04T13:43:47.1071962+02:00" endTime="2014-02-04T13:43:47.1121972+02:00" testType="13cdc9d9-ddb5-4fa4-a97d-d965ccfc6d4b" outcome="Passed" testListId="8c84fa94-04c1-424b-9868-57a2d4851a1d" relativeResultsDirectory="93da04a4-0f21-41f2-9eb5-4454067829b1">
    </UnitTestResult>
    <UnitTestResult executionId="753d1cd1-6752-4b30-8e57-62f1deee47f9" testId="88f3539a-9e52-4e5f-3a8e-6ac8f70db456" testName="canTakePiece" computerName="ITSSHAW" duration="00:00:00.0027936" startTime="2014-02-04T13:43:47.1131974+02:00" endTime="2014-02-04T13:43:47.1171982+02:00" testType="13cdc9d9-ddb5-4fa4-a97d-d965ccfc6d4b" outcome="Passed" testListId="8c84fa94-04c1-424b-9868-57a2d4851a1d" relativeResultsDirectory="753d1cd1-6752-4b30-8e57-62f1deee47f9">
    </UnitTestResult>
    <UnitTestResult executionId="42df24df-ec89-461e-a619-c67b42ab12c1" testId="0135c415-d464-98bd-b8b3-bd9c939f3dde" testName="invalidMoveGivesCorrectPieceName" computerName="ITSSHAW" duration="00:00:00.0038748" startTime="2014-02-04T13:43:47.1181984+02:00" endTime="2014-02-04T13:43:47.1221992+02:00" testType="13cdc9d9-ddb5-4fa4-a97d-d965ccfc6d4b" outcome="Passed" testListId="8c84fa94-04c1-424b-9868-57a2d4851a1d" relativeResultsDirectory="42df24df-ec89-461e-a619-c67b42ab12c1">
    </UnitTestResult>
    <UnitTestResult executionId="8649ee3c-1424-4803-9b08-ca46355eba17" testId="c32496c9-f92b-1aae-b786-6539abf523eb" testName="simulationReturnsCorrectNumberForQueen" computerName="ITSSHAW" duration="00:00:00.0185148" startTime="2014-02-04T13:43:47.1231994+02:00" endTime="2014-02-04T13:43:47.1422032+02:00" testType="13cdc9d9-ddb5-4fa4-a97d-d965ccfc6d4b" outcome="Passed" testListId="8c84fa94-04c1-424b-9868-57a2d4851a1d" relativeResultsDirectory="8649ee3c-1424-4803-9b08-ca46355eba17">
    </UnitTestResult>
    <UnitTestResult executionId="fab3a476-6e99-49dd-bc28-3b0d638ece6b" testId="657ae5ac-0b8e-9b65-4471-d72d18e9d6eb" testName="simulationReturnsCorrectSimBoardsForQueen" computerName="ITSSHAW" duration="00:00:00.0148666" startTime="2014-02-04T13:43:47.1442036+02:00" endTime="2014-02-04T13:43:47.1592066+02:00" testType="13cdc9d9-ddb5-4fa4-a97d-d965ccfc6d4b" outcome="Passed" testListId="8c84fa94-04c1-424b-9868-57a2d4851a1d" relativeResultsDirectory="fab3a476-6e99-49dd-bc28-3b0d638ece6b">
    </UnitTestResult>
    <UnitTestResult executionId="e060ec0d-c662-40b1-876c-640448a915aa" testId="bd525819-d0e0-163c-ef0b-ee14eb07f38c" testName="simulationReturnsCorrectSimulationBoardsForPawnAtStart" computerName="ITSSHAW" duration="00:00:00.0095035" startTime="2014-02-04T13:43:47.1612070+02:00" endTime="2014-02-04T13:43:47.1712090+02:00" testType="13cdc9d9-ddb5-4fa4-a97d-d965ccfc6d4b" outcome="Passed" testListId="8c84fa94-04c1-424b-9868-57a2d4851a1d" relativeResultsDirectory="e060ec0d-c662-40b1-876c-640448a915aa">
    </UnitTestResult>
    <UnitTestResult executionId="b8b8e941-3d53-4e0e-ab9a-d1dc698e292c" testId="628632dc-14a8-67f8-6ec8-cd851ba65212" testName="simulationReturnsEmptyListForNoPieces" computerName="ITSSHAW" duration="00:00:00.0003244" startTime="2014-02-04T13:43:47.1722092+02:00" endTime="2014-02-04T13:43:47.1732094+02:00" testType="13cdc9d9-ddb5-4fa4-a97d-d965ccfc6d4b" outcome="Passed" testListId="8c84fa94-04c1-424b-9868-57a2d4851a1d" relativeResultsDirectory="b8b8e941-3d53-4e0e-ab9a-d1dc698e292c">
    </UnitTestResult>
    <UnitTestResult executionId="c89b8c67-17d1-41d9-b4c1-5d426b309209" testId="4839d339-5e71-3434-0afd-67a6b7b1e036" testName="simulationReturnsTwoBoardsForSinglePawnAtStart" computerName="ITSSHAW" duration="00:00:00.0016049" startTime="2014-02-04T13:43:47.1902128+02:00" endTime="2014-02-04T13:43:47.1942136+02:00" testType="13cdc9d9-ddb5-4fa4-a97d-d965ccfc6d4b" outcome="Passed" testListId="8c84fa94-04c1-424b-9868-57a2d4851a1d" relativeResultsDirectory="c89b8c67-17d1-41d9-b4c1-5d426b309209">
    </UnitTestResult>
    <UnitTestResult executionId="12d6003a-1426-4888-bee3-408d74b7c4d9" testId="ffdb4695-667e-dd10-549e-ca3d318866c4" testName="kingInCheckMateWhenInCheckWithNoPossibleMoves" computerName="ITSSHAW" duration="00:00:00.0095274" startTime="2014-02-04T13:43:47.1952138+02:00" endTime="2014-02-04T13:43:47.2052158+02:00" testType="13cdc9d9-ddb5-4fa4-a97d-d965ccfc6d4b" outcome="Passed" testListId="8c84fa94-04c1-424b-9868-57a2d4851a1d" relativeResultsDirectory="12d6003a-1426-4888-bee3-408d74b7c4d9">
    </UnitTestResult>
    <UnitTestResult executionId="cf7cda12-63ae-450a-b3a2-88f2286b322a" testId="f94b9858-af5f-5769-3a8b-398c9b0b4478" testName="kingNotInCheckMateByDefault" computerName="ITSSHAW" duration="00:00:00.0091045" startTime="2014-02-04T13:43:47.2072162+02:00" endTime="2014-02-04T13:43:47.2172182+02:00" testType="13cdc9d9-ddb5-4fa4-a97d-d965ccfc6d4b" outcome="Passed" testListId="8c84fa94-04c1-424b-9868-57a2d4851a1d" relativeResultsDirectory="cf7cda12-63ae-450a-b3a2-88f2286b322a">
    </UnitTestResult>
    <UnitTestResult executionId="a394aae0-0e6b-42a8-b0d2-99b59502445d" testId="22fb6488-4e17-7246-9bba-eb7331638ea4" testName="kingNotInCheckMateWhenOtherPieceCanMoveInTheWay" computerName="ITSSHAW" duration="00:00:00.0082771" startTime="2014-02-04T13:43:47.2172182+02:00" endTime="2014-02-04T13:43:47.2332214+02:00" testType="13cdc9d9-ddb5-4fa4-a97d-d965ccfc6d4b" outcome="Passed" testListId="8c84fa94-04c1-424b-9868-57a2d4851a1d" relativeResultsDirectory="a394aae0-0e6b-42a8-b0d2-99b59502445d">
    </UnitTestResult>
    <UnitTestResult executionId="67e5ef75-2973-4720-936d-1f0aa27c4961" testId="034cb968-1bbc-2a0a-9d7d-a0af59680564" testName="cannotMoveIntoCheckWithKnight" computerName="ITSSHAW" duration="00:00:00.0629612" startTime="2014-02-04T13:43:47.2332214+02:00" endTime="2014-02-04T13:43:47.2982344+02:00" testType="13cdc9d9-ddb5-4fa4-a97d-d965ccfc6d4b" outcome="Passed" testListId="8c84fa94-04c1-424b-9868-57a2d4851a1d" relativeResultsDirectory="67e5ef75-2973-4720-936d-1f0aa27c4961">
    </UnitTestResult>
    <UnitTestResult executionId="3a21d511-e66b-4121-9fd4-a9810c1f7c30" testId="5e863a04-2f1d-691e-a9dc-a4e1b154660d" testName="cannotMoveIntoCheckWithPawn" computerName="ITSSHAW" duration="00:00:00.0047644" startTime="2014-02-04T13:43:47.3002348+02:00" endTime="2014-02-04T13:43:47.3062360+02:00" testType="13cdc9d9-ddb5-4fa4-a97d-d965ccfc6d4b" outcome="Passed" testListId="8c84fa94-04c1-424b-9868-57a2d4851a1d" relativeResultsDirectory="3a21d511-e66b-4121-9fd4-a9810c1f7c30">
    </UnitTestResult>
    <UnitTestResult executionId="d362a846-aa8d-4a7c-87c3-a2dbc6e6975d" testId="dcca3c4a-4d5b-4814-e0a5-e44d018476b2" testName="cannotMoveIntoCheckWithRook" computerName="ITSSHAW" duration="00:00:00.0242835" startTime="2014-02-04T13:43:47.3082364+02:00" endTime="2014-02-04T13:43:47.3332414+02:00" testType="13cdc9d9-ddb5-4fa4-a97d-d965ccfc6d4b" outcome="Passed" testListId="8c84fa94-04c1-424b-9868-57a2d4851a1d" relativeResultsDirectory="d362a846-aa8d-4a7c-87c3-a2dbc6e6975d">
    </UnitTestResult>
    <UnitTestResult executionId="f1e609e5-f9f9-495d-bff4-27e536723909" testId="fb3e120a-0549-92c5-8757-f1b18f0c8dad" testName="colourInStalemateWhenHasNoPossibleMoves" computerName="ITSSHAW" duration="00:00:00.0015955" startTime="2014-02-04T13:43:47.3342416+02:00" endTime="2014-02-04T13:43:47.3362420+02:00" testType="13cdc9d9-ddb5-4fa4-a97d-d965ccfc6d4b" outcome="Passed" testListId="8c84fa94-04c1-424b-9868-57a2d4851a1d" relativeResultsDirectory="f1e609e5-f9f9-495d-bff4-27e536723909">
    </UnitTestResult>
    <UnitTestResult executionId="07705f96-0fa5-4d29-afbc-444059fc738e" testId="9bbae2c8-e27e-d82f-411b-63cf381b699f" testName="colourNotInStaleManteByDefault" computerName="ITSSHAW" duration="00:00:00.0246512" startTime="2014-02-04T13:43:47.3382424+02:00" endTime="2014-02-04T13:43:47.3632474+02:00" testType="13cdc9d9-ddb5-4fa4-a97d-d965ccfc6d4b" outcome="Passed" testListId="8c84fa94-04c1-424b-9868-57a2d4851a1d" relativeResultsDirectory="07705f96-0fa5-4d29-afbc-444059fc738e">
    </UnitTestResult>
    <UnitTestResult executionId="a23b4f97-8131-47d5-a6e0-eb806691149e" testId="4803cba5-3e50-3f44-98b3-8a7b2e589c5a" testName="colourNotInStalemateWhenNoKing" computerName="ITSSHAW" duration="00:00:00.0002768" startTime="2014-02-04T13:43:47.3642476+02:00" endTime="2014-02-04T13:43:47.3652478+02:00" testType="13cdc9d9-ddb5-4fa4-a97d-d965ccfc6d4b" outcome="Passed" testListId="8c84fa94-04c1-424b-9868-57a2d4851a1d" relativeResultsDirectory="a23b4f97-8131-47d5-a6e0-eb806691149e">
    </UnitTestResult>
    <UnitTestResult executionId="6dfc06f2-6d75-4c5b-a68e-f38098606326" testId="7ecdaa04-80a9-8a28-648b-fdeb48a2186d" testName="colourNotInStalemateWhenNoPossibleMovesAndInCheck" computerName="ITSSHAW" duration="00:00:00.0006788" startTime="2014-02-04T13:43:47.3652478+02:00" endTime="2014-02-04T13:43:47.3672482+02:00" testType="13cdc9d9-ddb5-4fa4-a97d-d965ccfc6d4b" outcome="Passed" testListId="8c84fa94-04c1-424b-9868-57a2d4851a1d" relativeResultsDirectory="6dfc06f2-6d75-4c5b-a68e-f38098606326">
    </UnitTestResult>
    <UnitTestResult executionId="1feeb337-0130-4d67-b57f-28a8b0785a03" testId="3125acd5-3d68-5084-a6d1-b90ea83d13e6" testName="kingDefaultNotInCheck" computerName="ITSSHAW" duration="00:00:00.0003516" startTime="2014-02-04T13:43:47.3682484+02:00" endTime="2014-02-04T13:43:47.3692486+02:00" testType="13cdc9d9-ddb5-4fa4-a97d-d965ccfc6d4b" outcome="Passed" testListId="8c84fa94-04c1-424b-9868-57a2d4851a1d" relativeResultsDirectory="1feeb337-0130-4d67-b57f-28a8b0785a03">
    </UnitTestResult>
    <UnitTestResult executionId="50d54540-042d-46fd-a40b-c50047fe49ee" testId="33482fef-758b-1261-3338-25b0735acc2c" testName="kingInCheckWhenPieceCanTakeIt" computerName="ITSSHAW" duration="00:00:00.0004407" startTime="2014-02-04T13:43:47.3692486+02:00" endTime="2014-02-04T13:43:47.3702488+02:00" testType="13cdc9d9-ddb5-4fa4-a97d-d965ccfc6d4b" outcome="Passed" testListId="8c84fa94-04c1-424b-9868-57a2d4851a1d" relativeResultsDirectory="50d54540-042d-46fd-a40b-c50047fe49ee">
    </UnitTestResult>
    <UnitTestResult executionId="e152a2f3-7cbb-4dba-90bd-e810686deda2" testId="f98e6c38-f08f-2d80-34cd-9cb6261351d7" testName="kingNotInCheckWhenOwnPieceBlockingOppositionPiece" computerName="ITSSHAW" duration="00:00:00.0004425" startTime="2014-02-04T13:43:47.3712490+02:00" endTime="2014-02-04T13:43:47.3722492+02:00" testType="13cdc9d9-ddb5-4fa4-a97d-d965ccfc6d4b" outcome="Passed" testListId="8c84fa94-04c1-424b-9868-57a2d4851a1d" relativeResultsDirectory="e152a2f3-7cbb-4dba-90bd-e810686deda2">
    </UnitTestResult>
    <UnitTestResult executionId="9966fd0f-8da2-456a-bd17-6b48a5afc776" testId="59322b24-fed2-1448-d0b4-50356cfcbb98" testName="areBishopsSetup" computerName="ITSSHAW" duration="00:00:00.0013073" startTime="2014-02-04T13:43:47.3732494+02:00" endTime="2014-02-04T13:43:47.3752498+02:00" testType="13cdc9d9-ddb5-4fa4-a97d-d965ccfc6d4b" outcome="Passed" testListId="8c84fa94-04c1-424b-9868-57a2d4851a1d" relativeResultsDirectory="9966fd0f-8da2-456a-bd17-6b48a5afc776">
    </UnitTestResult>
    <UnitTestResult executionId="3d962ee9-9d24-49eb-abc3-4dd6e364fde4" testId="689961f3-b549-c9f7-fc0a-74afd1b1e274" testName="areBottom2RowsWhite" computerName="ITSSHAW" duration="00:00:00.0009604" startTime="2014-02-04T13:43:47.3772502+02:00" endTime="2014-02-04T13:43:47.3782504+02:00" testType="13cdc9d9-ddb5-4fa4-a97d-d965ccfc6d4b" outcome="Passed" testListId="8c84fa94-04c1-424b-9868-57a2d4851a1d" relativeResultsDirectory="3d962ee9-9d24-49eb-abc3-4dd6e364fde4">
    </UnitTestResult>
    <UnitTestResult executionId="2f8ccf0a-b510-46a7-b2cd-5de563e590c2" testId="64ef643a-95e0-b1de-5aee-37e849e90430" testName="areEvenRowColoursSetup" computerName="ITSSHAW" duration="00:00:00.0015998" startTime="2014-02-04T13:43:47.3792506+02:00" endTime="2014-02-04T13:43:47.3812510+02:00" testType="13cdc9d9-ddb5-4fa4-a97d-d965ccfc6d4b" outcome="Passed" testListId="8c84fa94-04c1-424b-9868-57a2d4851a1d" relativeResultsDirectory="2f8ccf0a-b510-46a7-b2cd-5de563e590c2">
    </UnitTestResult>
    <UnitTestResult executionId="6e2c603a-b262-4fb7-a74d-5fef10c7c272" testId="f4c8b637-ea9c-8efa-a91b-fbb27555fab4" testName="areKingsSetup" computerName="ITSSHAW" duration="00:00:00.0006658" startTime="2014-02-04T13:43:47.3822512+02:00" endTime="2014-02-04T13:43:47.3892526+02:00" testType="13cdc9d9-ddb5-4fa4-a97d-d965ccfc6d4b" outcome="Passed" testListId="8c84fa94-04c1-424b-9868-57a2d4851a1d" relativeResultsDirectory="6e2c603a-b262-4fb7-a74d-5fef10c7c272">
    </UnitTestResult>
    <UnitTestResult executionId="08acf147-e3da-4cfe-b65c-99e86cd3af15" testId="46a22037-07ac-0ccf-02e3-fd7145e502cd" testName="areKnightsSetup" computerName="ITSSHAW" duration="00:00:00.0006402" startTime="2014-02-04T13:43:47.3922532+02:00" endTime="2014-02-04T13:43:47.3932534+02:00" testType="13cdc9d9-ddb5-4fa4-a97d-d965ccfc6d4b" outcome="Passed" testListId="8c84fa94-04c1-424b-9868-57a2d4851a1d" relativeResultsDirectory="08acf147-e3da-4cfe-b65c-99e86cd3af15">
    </UnitTestResult>
    <UnitTestResult executionId="e9355a43-d85e-45f2-ac8e-b3cbb7061fa7" testId="9d752e3a-962f-b4d2-f688-e9e19ffd27bf" testName="areMiddleCellsEmpty" computerName="ITSSHAW" duration="00:00:00.0005949" startTime="2014-02-04T13:43:47.3942536+02:00" endTime="2014-02-04T13:43:47.3952538+02:00" testType="13cdc9d9-ddb5-4fa4-a97d-d965ccfc6d4b" outcome="Passed" testListId="8c84fa94-04c1-424b-9868-57a2d4851a1d" relativeResultsDirectory="e9355a43-d85e-45f2-ac8e-b3cbb7061fa7">
    </UnitTestResult>
    <UnitTestResult executionId="3e9b3f5c-8a0a-454a-a1fe-04a8b02289e8" testId="b4976dbf-056c-73f6-1b78-f13c2b1d127b" testName="areMiddleRowsPlayerColourNone" computerName="ITSSHAW" duration="00:00:00.0005155" startTime="2014-02-04T13:43:47.3962540+02:00" endTime="2014-02-04T13:43:47.3972542+02:00" testType="13cdc9d9-ddb5-4fa4-a97d-d965ccfc6d4b" outcome="Passed" testListId="8c84fa94-04c1-424b-9868-57a2d4851a1d" relativeResultsDirectory="3e9b3f5c-8a0a-454a-a1fe-04a8b02289e8">
    </UnitTestResult>
    <UnitTestResult executionId="8d5c2953-cf56-44bc-b679-1707981b4135" testId="d4ac55cd-7290-4fbf-9991-5ab16bc1fda2" testName="areOddRowColoursSetup" computerName="ITSSHAW" duration="00:00:00.0006197" startTime="2014-02-04T13:43:47.3972542+02:00" endTime="2014-02-04T13:43:47.3982544+02:00" testType="13cdc9d9-ddb5-4fa4-a97d-d965ccfc6d4b" outcome="Passed" testListId="8c84fa94-04c1-424b-9868-57a2d4851a1d" relativeResultsDirectory="8d5c2953-cf56-44bc-b679-1707981b4135">
    </UnitTestResult>
    <UnitTestResult executionId="16a6f772-1fb4-4c7c-ab80-7b4d6ed48cb4" testId="197972f7-6197-faf7-a2b7-9fae8c675127" testName="arePawnsSetup" computerName="ITSSHAW" duration="00:00:00.0005164" startTime="2014-02-04T13:43:47.3992546+02:00" endTime="2014-02-04T13:43:47.4012550+02:00" testType="13cdc9d9-ddb5-4fa4-a97d-d965ccfc6d4b" outcome="Passed" testListId="8c84fa94-04c1-424b-9868-57a2d4851a1d" relativeResultsDirectory="16a6f772-1fb4-4c7c-ab80-7b4d6ed48cb4">
    </UnitTestResult>
    <UnitTestResult executionId="0a204196-9f13-42c7-a616-6643ef6311a8" testId="fd75eb10-5261-cc1e-b982-ae741a061d34" testName="areQueensSetup" computerName="ITSSHAW" duration="00:00:00.0005409" startTime="2014-02-04T13:43:47.4012550+02:00" endTime="2014-02-04T13:43:47.4022552+02:00" testType="13cdc9d9-ddb5-4fa4-a97d-d965ccfc6d4b" outcome="Passed" testListId="8c84fa94-04c1-424b-9868-57a2d4851a1d" relativeResultsDirectory="0a204196-9f13-42c7-a616-6643ef6311a8">
    </UnitTestResult>
    <UnitTestResult executionId="d04e605c-0c67-4b9a-879a-7e81db1c4b9a" testId="9ea0817e-195f-4525-9215-e116df1a5f63" testName="areRooksSetup" computerName="ITSSHAW" duration="00:00:00.0005475" startTime="2014-02-04T13:43:47.4032554+02:00" endTime="2014-02-04T13:43:47.4042556+02:00" testType="13cdc9d9-ddb5-4fa4-a97d-d965ccfc6d4b" outcome="Passed" testListId="8c84fa94-04c1-424b-9868-57a2d4851a1d" relativeResultsDirectory="d04e605c-0c67-4b9a-879a-7e81db1c4b9a">
    </UnitTestResult>
    <UnitTestResult executionId="31c2ba45-2daa-400c-9da5-bb30ad7ac871" testId="4ed072d2-7529-fe73-ad46-07bd95268187" testName="areTop2RowsBlack" computerName="ITSSHAW" duration="00:00:00.0005216" startTime="2014-02-04T13:43:47.4052558+02:00" endTime="2014-02-04T13:43:47.4052558+02:00" testType="13cdc9d9-ddb5-4fa4-a97d-d965ccfc6d4b" outcome="Passed" testListId="8c84fa94-04c1-424b-9868-57a2d4851a1d" relativeResultsDirectory="31c2ba45-2daa-400c-9da5-bb30ad7ac871">
    </UnitTestResult>
    <UnitTestResult executionId="ef4cdd9b-8ac5-458f-aa77-855061517a67" testId="9c621c1d-9ca4-65c3-87bb-d06273555fe6" testName="canEnumeratePlayerPieces" computerName="ITSSHAW" duration="00:00:00.0015584" startTime="2014-02-04T13:43:47.4062560+02:00" endTime="2014-02-04T13:43:47.4092566+02:00" testType="13cdc9d9-ddb5-4fa4-a97d-d965ccfc6d4b" outcome="Passed" testListId="8c84fa94-04c1-424b-9868-57a2d4851a1d" relativeResultsDirectory="ef4cdd9b-8ac5-458f-aa77-855061517a67">
    </UnitTestResult>
    <UnitTestResult executionId="4dd0be9a-db7c-467b-bddc-5e94d72e4e7a" testId="8900ceac-b7b6-1032-98bc-f3e21d0abb21" testName="canGetSelectedCell" computerName="ITSSHAW" duration="00:00:00.0009294" startTime="2014-02-04T13:43:47.4102568+02:00" endTime="2014-02-04T13:43:47.4112570+02:00" testType="13cdc9d9-ddb5-4fa4-a97d-d965ccfc6d4b" outcome="Passed" testListId="8c84fa94-04c1-424b-9868-57a2d4851a1d" relativeResultsDirectory="4dd0be9a-db7c-467b-bddc-5e94d72e4e7a">
    </UnitTestResult>
    <UnitTestResult executionId="d36abfc6-e7d9-442c-8603-4fb62086f82e" testId="005829d6-859e-9315-7aa3-e62df14cfd2f" testName="canSelectCell" computerName="ITSSHAW" duration="00:00:00.0004820" startTime="2014-02-04T13:43:47.4122572+02:00" endTime="2014-02-04T13:43:47.4132574+02:00" testType="13cdc9d9-ddb5-4fa4-a97d-d965ccfc6d4b" outcome="Passed" testListId="8c84fa94-04c1-424b-9868-57a2d4851a1d" relativeResultsDirectory="d36abfc6-e7d9-442c-8603-4fb62086f82e">
    </UnitTestResult>
    <UnitTestResult executionId="1b8cea37-aa15-4909-b33c-da31eb0abae8" testId="1be779d0-7d79-a70d-dad3-321f550d401f" testName="emptyPieceDoesNothingWhenCopyingToBoard" computerName="ITSSHAW" duration="00:00:00.0008062" startTime="2014-02-04T13:43:47.4142576+02:00" endTime="2014-02-04T13:43:47.4152578+02:00" testType="13cdc9d9-ddb5-4fa4-a97d-d965ccfc6d4b" outcome="Passed" testListId="8c84fa94-04c1-424b-9868-57a2d4851a1d" relativeResultsDirectory="1b8cea37-aa15-4909-b33c-da31eb0abae8">
    </UnitTestResult>
    <UnitTestResult executionId="f98a54fb-c905-4514-9b00-3a1ef4666163" testId="7d98f31d-f1f6-0621-aa93-72560fa182b3" testName="exceptionWhenMoveToNegativeCol" computerName="ITSSHAW" duration="00:00:00.0013963" startTime="2014-02-04T13:43:47.4162580+02:00" endTime="2014-02-04T13:43:47.4182584+02:00" testType="13cdc9d9-ddb5-4fa4-a97d-d965ccfc6d4b" outcome="Passed" testListId="8c84fa94-04c1-424b-9868-57a2d4851a1d" relativeResultsDirectory="f98a54fb-c905-4514-9b00-3a1ef4666163">
    </UnitTestResult>
    <UnitTestResult executionId="0269124f-3a4b-414a-9af8-fcafaa16a572" testId="b7b09a89-f922-b298-bb69-6134762504c7" testName="exceptionWhenMoveToNegativeRow" computerName="ITSSHAW" duration="00:00:00.0009001" startTime="2014-02-04T13:43:47.4182584+02:00" endTime="2014-02-04T13:43:47.4202588+02:00" testType="13cdc9d9-ddb5-4fa4-a97d-d965ccfc6d4b" outcome="Passed" testListId="8c84fa94-04c1-424b-9868-57a2d4851a1d" relativeResultsDirectory="0269124f-3a4b-414a-9af8-fcafaa16a572">
    </UnitTestResult>
    <UnitTestResult executionId="f5511867-f97d-488b-94fe-c5a598fb5057" testId="05d65582-adf5-1549-bdb6-f0e47270afd3" testName="exceptionWhenMoveTooLargeCol" computerName="ITSSHAW" duration="00:00:00.0009460" startTime="2014-02-04T13:43:47.4212590+02:00" endTime="2014-02-04T13:43:47.4222592+02:00" testType="13cdc9d9-ddb5-4fa4-a97d-d965ccfc6d4b" outcome="Passed" testListId="8c84fa94-04c1-424b-9868-57a2d4851a1d" relativeResultsDirectory="f5511867-f97d-488b-94fe-c5a598fb5057">
    </UnitTestResult>
    <UnitTestResult executionId="be3a6cee-1497-40d0-982e-be6fb5f3bcc3" testId="2622fed3-4e63-071a-2d6d-7db13abf1a89" testName="exceptionWhenMoveTooLargeRow" computerName="ITSSHAW" duration="00:00:00.0010308" startTime="2014-02-04T13:43:47.4232594+02:00" endTime="2014-02-04T13:43:47.4252598+02:00" testType="13cdc9d9-ddb5-4fa4-a97d-d965ccfc6d4b" outcome="Passed" testListId="8c84fa94-04c1-424b-9868-57a2d4851a1d" relativeResultsDirectory="be3a6cee-1497-40d0-982e-be6fb5f3bcc3">
    </UnitTestResult>
    <UnitTestResult executionId="bf600208-f2f8-4211-b650-aaf33f3b4f5e" testId="a5cecf0f-42c5-3103-c37e-7de0c32f1d40" testName="getExceptionWhenSelectCellColTooLarge" computerName="ITSSHAW" duration="00:00:00.0009300" startTime="2014-02-04T13:43:47.4262600+02:00" endTime="2014-02-04T13:43:47.4272602+02:00" testType="13cdc9d9-ddb5-4fa4-a97d-d965ccfc6d4b" outcome="Passed" testListId="8c84fa94-04c1-424b-9868-57a2d4851a1d" relativeResultsDirectory="bf600208-f2f8-4211-b650-aaf33f3b4f5e">
    </UnitTestResult>
    <UnitTestResult executionId="fbafdaae-ef8d-4f25-8d30-1c599b451827" testId="18c1f855-99f0-d7c9-3814-1b9500d79abb" testName="getExceptionWhenSelectCellNegativeCol" computerName="ITSSHAW" duration="00:00:00.0008977" startTime="2014-02-04T13:43:47.4282604+02:00" endTime="2014-02-04T13:43:47.4292606+02:00" testType="13cdc9d9-ddb5-4fa4-a97d-d965ccfc6d4b" outcome="Passed" testListId="8c84fa94-04c1-424b-9868-57a2d4851a1d" relativeResultsDirectory="fbafdaae-ef8d-4f25-8d30-1c599b451827">
    </UnitTestResult>
    <UnitTestResult executionId="31a75494-29c0-4203-ae3e-d359c8f4a0a3" testId="b899b54b-1fed-9cb3-745e-fba087b88573" testName="getExceptionWhenSelectCellNegativeRow" computerName="ITSSHAW" duration="00:00:00.0008657" startTime="2014-02-04T13:43:47.4302608+02:00" endTime="2014-02-04T13:43:47.4312610+02:00" testType="13cdc9d9-ddb5-4fa4-a97d-d965ccfc6d4b" outcome="Passed" testListId="8c84fa94-04c1-424b-9868-57a2d4851a1d" relativeResultsDirectory="31a75494-29c0-4203-ae3e-d359c8f4a0a3">
    </UnitTestResult>
    <UnitTestResult executionId="fc9b5809-12ab-45d8-b529-1dbfbfe52b85" testId="56379117-1d4e-106a-e150-22beb95db5f6" testName="getExceptionWhenSelectCellRowTooLarge" computerName="ITSSHAW" duration="00:00:00.0008907" startTime="2014-02-04T13:43:47.4322612+02:00" endTime="2014-02-04T13:43:47.4332614+02:00" testType="13cdc9d9-ddb5-4fa4-a97d-d965ccfc6d4b" outcome="Passed" testListId="8c84fa94-04c1-424b-9868-57a2d4851a1d" relativeResultsDirectory="fc9b5809-12ab-45d8-b529-1dbfbfe52b85">
    </UnitTestResult>
    <UnitTestResult executionId="3718a184-b100-4c80-84b0-e9910860ce0f" testId="bedd4628-a316-a455-e74b-113d5ac3b3c8" testName="isCellEmptyWhenMovedOff" computerName="ITSSHAW" duration="00:00:00.0021479" startTime="2014-02-04T13:43:47.4342616+02:00" endTime="2014-02-04T13:43:47.4372622+02:00" testType="13cdc9d9-ddb5-4fa4-a97d-d965ccfc6d4b" outcome="Passed" testListId="8c84fa94-04c1-424b-9868-57a2d4851a1d" relativeResultsDirectory="3718a184-b100-4c80-84b0-e9910860ce0f">
    </UnitTestResult>
    <UnitTestResult executionId="a9c15682-7810-4c95-bcff-6457156e815d" testId="c9eef1b9-2601-24e4-e66c-677a0f68bfe9" testName="nullCellNeverEqual" computerName="ITSSHAW" duration="00:00:00.0001548" startTime="2014-02-04T13:43:47.4372622+02:00" endTime="2014-02-04T13:43:47.4382624+02:00" testType="13cdc9d9-ddb5-4fa4-a97d-d965ccfc6d4b" outcome="Passed" testListId="8c84fa94-04c1-424b-9868-57a2d4851a1d" relativeResultsDirectory="a9c15682-7810-4c95-bcff-6457156e815d">
    </UnitTestResult>
    <UnitTestResult executionId="bbdd4d69-40c4-4637-b108-d6e7d07d231e" testId="dafe7a1e-3bd2-12cf-e3a7-a7dc8926d90c" testName="pieceHasNoValidMoves" computerName="ITSSHAW" duration="00:00:00.0009502" startTime="2014-02-04T13:43:47.4392626+02:00" endTime="2014-02-04T13:43:47.4412630+02:00" testType="13cdc9d9-ddb5-4fa4-a97d-d965ccfc6d4b" outcome="Passed" testListId="8c84fa94-04c1-424b-9868-57a2d4851a1d" relativeResultsDirectory="bbdd4d69-40c4-4637-b108-d6e7d07d231e">
    </UnitTestResult>
    <UnitTestResult executionId="ecd9df12-7a19-4402-862d-402b39417206" testId="db17ca7a-fdcd-e135-ff66-0041667888a6" testName="pieceMovesWithMove" computerName="ITSSHAW" duration="00:00:00.0022131" startTime="2014-02-04T13:43:47.4422632+02:00" endTime="2014-02-04T13:43:47.4452638+02:00" testType="13cdc9d9-ddb5-4fa4-a97d-d965ccfc6d4b" outcome="Passed" testListId="8c84fa94-04c1-424b-9868-57a2d4851a1d" relativeResultsDirectory="ecd9df12-7a19-4402-862d-402b39417206">
    </UnitTestResult>
    <UnitTestResult executionId="7a15d196-a384-47cf-b495-9d2a409cb251" testId="1f0d839d-2acf-5f06-e2ce-d9eadfcf6b39" testName="queensSetupOnCorrectColour" computerName="ITSSHAW" duration="00:00:00.0005705" startTime="2014-02-04T13:43:47.4462640+02:00" endTime="2014-02-04T13:43:47.4472642+02:00" testType="13cdc9d9-ddb5-4fa4-a97d-d965ccfc6d4b" outcome="Passed" testListId="8c84fa94-04c1-424b-9868-57a2d4851a1d" relativeResultsDirectory="7a15d196-a384-47cf-b495-9d2a409cb251">
    </UnitTestResult>
    <UnitTestResult executionId="1cf4a270-fcfe-43c7-acbf-00ec548e3a45" testId="5ba4e3e7-6993-ed4b-8ced-e1d13c26b064" testName="selectedCellIsNullAfterMove" computerName="ITSSHAW" duration="00:00:00.0022783" startTime="2014-02-04T13:43:47.4482644+02:00" endTime="2014-02-04T13:43:47.4502648+02:00" testType="13cdc9d9-ddb5-4fa4-a97d-d965ccfc6d4b" outcome="Passed" testListId="8c84fa94-04c1-424b-9868-57a2d4851a1d" relativeResultsDirectory="1cf4a270-fcfe-43c7-acbf-00ec548e3a45">
    </UnitTestResult>
    <UnitTestResult executionId="02cc9f6a-5d40-4149-98eb-1c2612cc307e" testId="73015d04-f4f5-eb53-f909-b8aae7bb4119" testName="canMoveKingDownLeft" computerName="ITSSHAW" duration="00:00:00.0024987" startTime="2014-02-04T13:43:47.4522652+02:00" endTime="2014-02-04T13:43:47.4552658+02:00" testType="13cdc9d9-ddb5-4fa4-a97d-d965ccfc6d4b" outcome="Passed" testListId="8c84fa94-04c1-424b-9868-57a2d4851a1d" relativeResultsDirectory="02cc9f6a-5d40-4149-98eb-1c2612cc307e">
    </UnitTestResult>
    <UnitTestResult executionId="cb931313-e029-42e0-8470-111c999f2b2a" testId="558b53c6-969d-e366-d6b8-7fcc271542df" testName="canMoveKingDownRight" computerName="ITSSHAW" duration="00:00:00.0025071" startTime="2014-02-04T13:43:47.4562660+02:00" endTime="2014-02-04T13:43:47.4612670+02:00" testType="13cdc9d9-ddb5-4fa4-a97d-d965ccfc6d4b" outcome="Passed" testListId="8c84fa94-04c1-424b-9868-57a2d4851a1d" relativeResultsDirectory="cb931313-e029-42e0-8470-111c999f2b2a">
    </UnitTestResult>
    <UnitTestResult executionId="88997090-a223-40c0-addf-6cb50be6ab81" testId="325ca6ba-2af3-98aa-0d43-981348e2650a" testName="canMoveKingForwardLeft" computerName="ITSSHAW" duration="00:00:00.0024842" startTime="2014-02-04T13:43:47.4622672+02:00" endTime="2014-02-04T13:43:47.4652678+02:00" testType="13cdc9d9-ddb5-4fa4-a97d-d965ccfc6d4b" outcome="Passed" testListId="8c84fa94-04c1-424b-9868-57a2d4851a1d" relativeResultsDirectory="88997090-a223-40c0-addf-6cb50be6ab81">
    </UnitTestResult>
    <UnitTestResult executionId="48885020-feb8-4676-82ba-214d94fbea50" testId="e8e33e12-931b-128d-146d-566c8d61cfb2" testName="canMoveKingLeft" computerName="ITSSHAW" duration="00:00:00.0024960" startTime="2014-02-04T13:43:47.4662680+02:00" endTime="2014-02-04T13:43:47.4692686+02:00" testType="13cdc9d9-ddb5-4fa4-a97d-d965ccfc6d4b" outcome="Passed" testListId="8c84fa94-04c1-424b-9868-57a2d4851a1d" relativeResultsDirectory="48885020-feb8-4676-82ba-214d94fbea50">
    </UnitTestResult>
    <UnitTestResult executionId="9ce68103-c889-44a6-ba74-c035eb76cb4a" testId="09b9970f-5bc4-c7f2-6dce-33edfb74fb47" testName="canMoveKingOneDown" computerName="ITSSHAW" duration="00:00:00.0024794" startTime="2014-02-04T13:43:47.4702688+02:00" endTime="2014-02-04T13:43:47.4732694+02:00" testType="13cdc9d9-ddb5-4fa4-a97d-d965ccfc6d4b" outcome="Passed" testListId="8c84fa94-04c1-424b-9868-57a2d4851a1d" relativeResultsDirectory="9ce68103-c889-44a6-ba74-c035eb76cb4a">
    </UnitTestResult>
    <UnitTestResult executionId="03722317-17d9-4339-86e6-ef8f7fce545d" testId="d2ade540-1f1e-eb2f-4190-f97efcbbd597" testName="canMoveKingOneForward" computerName="ITSSHAW" duration="00:00:00.0024960" startTime="2014-02-04T13:43:47.4742696+02:00" endTime="2014-02-04T13:43:47.4772702+02:00" testType="13cdc9d9-ddb5-4fa4-a97d-d965ccfc6d4b" outcome="Passed" testListId="8c84fa94-04c1-424b-9868-57a2d4851a1d" relativeResultsDirectory="03722317-17d9-4339-86e6-ef8f7fce545d">
    </UnitTestResult>
    <UnitTestResult executionId="67d4125b-c389-4292-aa0f-4d6f5e07c210" testId="b1efd2e8-a10f-c78f-81ed-4637c3ceca04" testName="canMoveKingRight" computerName="ITSSHAW" duration="00:00:00.0024691" startTime="2014-02-04T13:43:47.4782704+02:00" endTime="2014-02-04T13:43:47.4812710+02:00" testType="13cdc9d9-ddb5-4fa4-a97d-d965ccfc6d4b" outcome="Passed" testListId="8c84fa94-04c1-424b-9868-57a2d4851a1d" relativeResultsDirectory="67d4125b-c389-4292-aa0f-4d6f5e07c210">
    </UnitTestResult>
    <UnitTestResult executionId="99dbd916-695b-43f6-9680-6cc13dcc4391" testId="54bf5bb6-83d7-dbc0-fbb6-c50b912aca0c" testName="canMoveKingUpRight" computerName="ITSSHAW" duration="00:00:00.0025491" startTime="2014-02-04T13:43:47.4822712+02:00" endTime="2014-02-04T13:43:47.4852718+02:00" testType="13cdc9d9-ddb5-4fa4-a97d-d965ccfc6d4b" outcome="Passed" testListId="8c84fa94-04c1-424b-9868-57a2d4851a1d" relativeResultsDirectory="99dbd916-695b-43f6-9680-6cc13dcc4391">
    </UnitTestResult>
    <UnitTestResult executionId="0933b25a-f6cc-4774-8422-9afbaaf9fd3b" testId="f6b94837-b11e-b7fc-3b07-45030b7ef6b9" testName="cannotMoveIntoCheck" computerName="ITSSHAW" duration="00:00:00.0023903" startTime="2014-02-04T13:43:47.4862720+02:00" endTime="2014-02-04T13:43:47.4892726+02:00" testType="13cdc9d9-ddb5-4fa4-a97d-d965ccfc6d4b" outcome="Passed" testListId="8c84fa94-04c1-424b-9868-57a2d4851a1d" relativeResultsDirectory="0933b25a-f6cc-4774-8422-9afbaaf9fd3b">
    </UnitTestResult>
    <UnitTestResult executionId="0d150958-0960-4624-b582-7ed3e68824e7" testId="58f47b40-1f4e-dda1-7e49-4571a6d9b259" testName="cannotMoveSidewaysWhenInCheck" computerName="ITSSHAW" duration="00:00:00.0024323" startTime="2014-02-04T13:43:47.4902728+02:00" endTime="2014-02-04T13:43:47.4932734+02:00" testType="13cdc9d9-ddb5-4fa4-a97d-d965ccfc6d4b" outcome="Passed" testListId="8c84fa94-04c1-424b-9868-57a2d4851a1d" relativeResultsDirectory="0d150958-0960-4624-b582-7ed3e68824e7">
    </UnitTestResult>
    <UnitTestResult executionId="011168bf-85e6-4367-837a-732900312834" testId="d4181de0-82b5-2bf4-4e2d-51f91ba36e4c" testName="cannotTakeOwnPieceMovingDown" computerName="ITSSHAW" duration="00:00:00.0028178" startTime="2014-02-04T13:43:47.4942736+02:00" endTime="2014-02-04T13:43:47.4982744+02:00" testType="13cdc9d9-ddb5-4fa4-a97d-d965ccfc6d4b" outcome="Passed" testListId="8c84fa94-04c1-424b-9868-57a2d4851a1d" relativeResultsDirectory="011168bf-85e6-4367-837a-732900312834">
    </UnitTestResult>
    <UnitTestResult executionId="b8c18d21-93dc-4836-9126-ccd5c8e682ca" testId="989c4479-fd4d-be06-81f5-831578a55a59" testName="cannotTakeOwnPieceMovingDownLeft" computerName="ITSSHAW" duration="00:00:00.0026309" startTime="2014-02-04T13:43:47.4982744+02:00" endTime="2014-02-04T13:43:47.5022752+02:00" testType="13cdc9d9-ddb5-4fa4-a97d-d965ccfc6d4b" outcome="Passed" testListId="8c84fa94-04c1-424b-9868-57a2d4851a1d" relativeResultsDirectory="b8c18d21-93dc-4836-9126-ccd5c8e682ca">
    </UnitTestResult>
    <UnitTestResult executionId="5dbe0c7d-2088-411c-ac39-134c1ae29d26" testId="649a4875-a4da-c184-4703-192cbc79d530" testName="cannotTakeOwnPieceMovingDownRight" computerName="ITSSHAW" duration="00:00:00.0027625" startTime="2014-02-04T13:43:47.5022752+02:00" endTime="2014-02-04T13:43:47.5062760+02:00" testType="13cdc9d9-ddb5-4fa4-a97d-d965ccfc6d4b" outcome="Passed" testListId="8c84fa94-04c1-424b-9868-57a2d4851a1d" relativeResultsDirectory="5dbe0c7d-2088-411c-ac39-134c1ae29d26">
    </UnitTestResult>
    <UnitTestResult executionId="7f802462-7abf-4862-abe5-411b517708c5" testId="b9482e51-690d-61ad-be55-288bbe5f6ac4" testName="cannotTakeOwnPieceMovingForward" computerName="ITSSHAW" duration="00:00:00.0029521" startTime="2014-02-04T13:43:47.5082764+02:00" endTime="2014-02-04T13:43:47.5112770+02:00" testType="13cdc9d9-ddb5-4fa4-a97d-d965ccfc6d4b" outcome="Passed" testListId="8c84fa94-04c1-424b-9868-57a2d4851a1d" relativeResultsDirectory="7f802462-7abf-4862-abe5-411b517708c5">
    </UnitTestResult>
    <UnitTestResult executionId="e19af069-b5c6-4a72-a4ea-c34b0bfc74de" testId="2d3cec0c-59b8-0bcd-556a-64d52e28cae3" testName="cannotTakeOwnPieceMovingForwardLeft" computerName="ITSSHAW" duration="00:00:00.0027040" startTime="2014-02-04T13:43:47.5122772+02:00" endTime="2014-02-04T13:43:47.5162780+02:00" testType="13cdc9d9-ddb5-4fa4-a97d-d965ccfc6d4b" outcome="Passed" testListId="8c84fa94-04c1-424b-9868-57a2d4851a1d" relativeResultsDirectory="e19af069-b5c6-4a72-a4ea-c34b0bfc74de">
    </UnitTestResult>
    <UnitTestResult executionId="9599d54e-36a1-41f8-90ff-8a7e398045cf" testId="898e8b86-4e2c-3020-5dd7-7d7a30385240" testName="cannotTakeOwnPieceMovingLeft" computerName="ITSSHAW" duration="00:00:00.0027049" startTime="2014-02-04T13:43:47.5172782+02:00" endTime="2014-02-04T13:43:47.5202788+02:00" testType="13cdc9d9-ddb5-4fa4-a97d-d965ccfc6d4b" outcome="Passed" testListId="8c84fa94-04c1-424b-9868-57a2d4851a1d" relativeResultsDirectory="9599d54e-36a1-41f8-90ff-8a7e398045cf">
    </UnitTestResult>
    <UnitTestResult executionId="04885795-d65b-4d1d-8a81-bc2769b7ef50" testId="6c13f9eb-f3d4-48aa-c88b-6e9674447ef3" testName="cannotTakeOwnPieceMovingRight" computerName="ITSSHAW" duration="00:00:00.0028772" startTime="2014-02-04T13:43:47.5212790+02:00" endTime="2014-02-04T13:43:47.5252798+02:00" testType="13cdc9d9-ddb5-4fa4-a97d-d965ccfc6d4b" outcome="Passed" testListId="8c84fa94-04c1-424b-9868-57a2d4851a1d" relativeResultsDirectory="04885795-d65b-4d1d-8a81-bc2769b7ef50">
    </UnitTestResult>
    <UnitTestResult executionId="7f8e2b90-8388-4a1b-b4f6-ef013540157d" testId="f5f11ea3-767f-521f-25a8-5a047603f97f" testName="cannotTakeOwnPieceMovingUpRight" computerName="ITSSHAW" duration="00:00:00.0027121" startTime="2014-02-04T13:43:47.5262800+02:00" endTime="2014-02-04T13:43:47.5292806+02:00" testType="13cdc9d9-ddb5-4fa4-a97d-d965ccfc6d4b" outcome="Passed" testListId="8c84fa94-04c1-424b-9868-57a2d4851a1d" relativeResultsDirectory="7f8e2b90-8388-4a1b-b4f6-ef013540157d">
    </UnitTestResult>
    <UnitTestResult executionId="7e48e064-4988-4e6f-af8e-3fdb6777ef58" testId="c9550b69-9fd2-3fcf-2931-2e40d497d81d" testName="canTakeOppositionPieceMovingDown" computerName="ITSSHAW" duration="00:00:00.0029636" startTime="2014-02-04T13:43:47.5302808+02:00" endTime="2014-02-04T13:43:47.5332814+02:00" testType="13cdc9d9-ddb5-4fa4-a97d-d965ccfc6d4b" outcome="Passed" testListId="8c84fa94-04c1-424b-9868-57a2d4851a1d" relativeResultsDirectory="7e48e064-4988-4e6f-af8e-3fdb6777ef58">
    </UnitTestResult>
    <UnitTestResult executionId="0732bc0d-f548-4644-aa14-3fb7c9abfb0a" testId="f2c8f66f-5b37-9645-e49a-a041d148b602" testName="canTakeOppositionPieceMovingDownLeft" computerName="ITSSHAW" duration="00:00:00.0028854" startTime="2014-02-04T13:43:47.5342816+02:00" endTime="2014-02-04T13:43:47.5382824+02:00" testType="13cdc9d9-ddb5-4fa4-a97d-d965ccfc6d4b" outcome="Passed" testListId="8c84fa94-04c1-424b-9868-57a2d4851a1d" relativeResultsDirectory="0732bc0d-f548-4644-aa14-3fb7c9abfb0a">
    </UnitTestResult>
    <UnitTestResult executionId="5d653a15-7cf6-471f-a048-1c6aa493c334" testId="4b659aa5-2064-7295-f3dc-47eac73b7ede" testName="canTakeOppositionPieceMovingDownRight" computerName="ITSSHAW" duration="00:00:00.0029234" startTime="2014-02-04T13:43:47.5392826+02:00" endTime="2014-02-04T13:43:47.5422832+02:00" testType="13cdc9d9-ddb5-4fa4-a97d-d965ccfc6d4b" outcome="Passed" testListId="8c84fa94-04c1-424b-9868-57a2d4851a1d" relativeResultsDirectory="5d653a15-7cf6-471f-a048-1c6aa493c334">
    </UnitTestResult>
    <UnitTestResult executionId="9fa8efd9-b4a2-4479-aef3-40e270e7b7aa" testId="6043af01-0728-5b9e-9c02-bbb4296a7b49" testName="canTakeOppositionPieceMovingForward" computerName="ITSSHAW" duration="00:00:00.0027939" startTime="2014-02-04T13:43:47.5432834+02:00" endTime="2014-02-04T13:43:47.5472842+02:00" testType="13cdc9d9-ddb5-4fa4-a97d-d965ccfc6d4b" outcome="Passed" testListId="8c84fa94-04c1-424b-9868-57a2d4851a1d" relativeResultsDirectory="9fa8efd9-b4a2-4479-aef3-40e270e7b7aa">
    </UnitTestResult>
    <UnitTestResult executionId="477cf87c-7072-4ed3-a518-b437b30e549a" testId="90898cf9-5c8b-6602-513e-7e28414b36ab" testName="canTakeOppositionPieceMovingForwardLeft" computerName="ITSSHAW" duration="00:00:00.0024637" startTime="2014-02-04T13:43:47.5472842+02:00" endTime="2014-02-04T13:43:47.5502848+02:00" testType="13cdc9d9-ddb5-4fa4-a97d-d965ccfc6d4b" outcome="Passed" testListId="8c84fa94-04c1-424b-9868-57a2d4851a1d" relativeResultsDirectory="477cf87c-7072-4ed3-a518-b437b30e549a">
    </UnitTestResult>
    <UnitTestResult executionId="476496d1-cb7e-49ae-9728-125b3f5e1ff5" testId="cdb353a5-fbfe-08cc-ac19-32e4bc7ee0af" testName="canTakeOppositionPieceMovingLeft" computerName="ITSSHAW" duration="00:00:00.0025723" startTime="2014-02-04T13:43:47.5512850+02:00" endTime="2014-02-04T13:43:47.5552858+02:00" testType="13cdc9d9-ddb5-4fa4-a97d-d965ccfc6d4b" outcome="Passed" testListId="8c84fa94-04c1-424b-9868-57a2d4851a1d" relativeResultsDirectory="476496d1-cb7e-49ae-9728-125b3f5e1ff5">
    </UnitTestResult>
    <UnitTestResult executionId="e33625d5-df81-41f1-914c-05456bb04532" testId="8a3cfb9c-5e17-9d45-b2bc-1a740a423650" testName="canTakeOppositionPieceMovingRight" computerName="ITSSHAW" duration="00:00:00.0026780" startTime="2014-02-04T13:43:47.5562860+02:00" endTime="2014-02-04T13:43:47.5592866+02:00" testType="13cdc9d9-ddb5-4fa4-a97d-d965ccfc6d4b" outcome="Passed" testListId="8c84fa94-04c1-424b-9868-57a2d4851a1d" relativeResultsDirectory="e33625d5-df81-41f1-914c-05456bb04532">
    </UnitTestResult>
    <UnitTestResult executionId="482ae8ce-5dfb-4c84-b530-4aef19aed8b3" testId="c283c84e-12fb-1c79-3140-e564f9560517" testName="canTakeOppositionPieceMovingUpRight" computerName="ITSSHAW" duration="00:00:00.0023635" startTime="2014-02-04T13:43:47.5602868+02:00" endTime="2014-02-04T13:43:47.5632874+02:00" testType="13cdc9d9-ddb5-4fa4-a97d-d965ccfc6d4b" outcome="Passed" testListId="8c84fa94-04c1-424b-9868-57a2d4851a1d" relativeResultsDirectory="482ae8ce-5dfb-4c84-b530-4aef19aed8b3">
    </UnitTestResult>
    <UnitTestResult executionId="369b17c4-98f1-41d6-b180-ced0b2adf6fe" testId="708e0fda-e1a5-7f8b-3069-c1364aee94b5" testName="canMoveBlackKnightDownLeft" computerName="ITSSHAW" duration="00:00:00.0023173" startTime="2014-02-04T13:43:47.5642876+02:00" endTime="2014-02-04T13:43:47.5672882+02:00" testType="13cdc9d9-ddb5-4fa4-a97d-d965ccfc6d4b" outcome="Passed" testListId="8c84fa94-04c1-424b-9868-57a2d4851a1d" relativeResultsDirectory="369b17c4-98f1-41d6-b180-ced0b2adf6fe">
    </UnitTestResult>
    <UnitTestResult executionId="6c194e33-7710-4f92-a159-b850567c98ed" testId="5e1118ed-9b53-f770-8503-6b91f9e32547" testName="canMoveBlackKnightDownRight" computerName="ITSSHAW" duration="00:00:00.0020622" startTime="2014-02-04T13:43:47.5682884+02:00" endTime="2014-02-04T13:43:47.5712890+02:00" testType="13cdc9d9-ddb5-4fa4-a97d-d965ccfc6d4b" outcome="Passed" testListId="8c84fa94-04c1-424b-9868-57a2d4851a1d" relativeResultsDirectory="6c194e33-7710-4f92-a159-b850567c98ed">
    </UnitTestResult>
    <UnitTestResult executionId="57cfb443-4f5f-4226-86ee-3688e112bb7b" testId="6cf57c02-d527-684a-9612-4d68bc5f29f6" testName="canMoveBlackKnightLeftDown" computerName="ITSSHAW" duration="00:00:00.0021181" startTime="2014-02-04T13:43:47.5722892+02:00" endTime="2014-02-04T13:43:47.5742896+02:00" testType="13cdc9d9-ddb5-4fa4-a97d-d965ccfc6d4b" outcome="Passed" testListId="8c84fa94-04c1-424b-9868-57a2d4851a1d" relativeResultsDirectory="57cfb443-4f5f-4226-86ee-3688e112bb7b">
    </UnitTestResult>
    <UnitTestResult executionId="3e179c76-d894-48ad-ba8c-780e432d8adb" testId="89133348-f31e-9131-8497-14e1440854d8" testName="canMoveBlackKnightLeftUp" computerName="ITSSHAW" duration="00:00:00.0020523" startTime="2014-02-04T13:43:47.5752898+02:00" endTime="2014-02-04T13:43:47.5782904+02:00" testType="13cdc9d9-ddb5-4fa4-a97d-d965ccfc6d4b" outcome="Passed" testListId="8c84fa94-04c1-424b-9868-57a2d4851a1d" relativeResultsDirectory="3e179c76-d894-48ad-ba8c-780e432d8adb">
    </UnitTestResult>
    <UnitTestResult executionId="ea27d35e-5555-47a7-95e5-b876a2111653" testId="da7f9d67-6583-5b93-3103-caab5031e2e0" testName="canMoveBlackKnightRightDown" computerName="ITSSHAW" duration="00:00:00.0020782" startTime="2014-02-04T13:43:47.5802908+02:00" endTime="2014-02-04T13:43:47.5822912+02:00" testType="13cdc9d9-ddb5-4fa4-a97d-d965ccfc6d4b" outcome="Passed" testListId="8c84fa94-04c1-424b-9868-57a2d4851a1d" relativeResultsDirectory="ea27d35e-5555-47a7-95e5-b876a2111653">
    </UnitTestResult>
    <UnitTestResult executionId="c4b6ae07-405c-48ea-9e48-1b43ca300355" testId="b6442f0f-5bfd-8c1c-ad13-f1d69b3a8a06" testName="canMoveBlackKnightRightUp" computerName="ITSSHAW" duration="00:00:00.0020670" startTime="2014-02-04T13:43:47.5832914+02:00" endTime="2014-02-04T13:43:47.5862920+02:00" testType="13cdc9d9-ddb5-4fa4-a97d-d965ccfc6d4b" outcome="Passed" testListId="8c84fa94-04c1-424b-9868-57a2d4851a1d" relativeResultsDirectory="c4b6ae07-405c-48ea-9e48-1b43ca300355">
    </UnitTestResult>
    <UnitTestResult executionId="be09c1f1-3ad3-420a-b618-dfa7b9df0bab" testId="dec0744b-b5da-6a4d-ad0a-355a63963703" testName="canMoveBlackKnightUpLeft" computerName="ITSSHAW" duration="00:00:00.0021845" startTime="2014-02-04T13:43:47.5872922+02:00" endTime="2014-02-04T13:43:47.5892926+02:00" testType="13cdc9d9-ddb5-4fa4-a97d-d965ccfc6d4b" outcome="Passed" testListId="8c84fa94-04c1-424b-9868-57a2d4851a1d" relativeResultsDirectory="be09c1f1-3ad3-420a-b618-dfa7b9df0bab">
    </UnitTestResult>
    <UnitTestResult executionId="bbe63f3c-5b69-428d-b6a4-50de6e3ee311" testId="aec32abe-a9a4-ee33-7558-1c7c2a3fabec" testName="canMoveBlackKnightUpRight" computerName="ITSSHAW" duration="00:00:00.0021081" startTime="2014-02-04T13:43:47.5902928+02:00" endTime="2014-02-04T13:43:47.5932934+02:00" testType="13cdc9d9-ddb5-4fa4-a97d-d965ccfc6d4b" outcome="Passed" testListId="8c84fa94-04c1-424b-9868-57a2d4851a1d" relativeResultsDirectory="bbe63f3c-5b69-428d-b6a4-50de6e3ee311">
    </UnitTestResult>
    <UnitTestResult executionId="7cbcb8db-476e-4496-a4b8-f00beb38049a" testId="129b002c-1fd8-a858-11b5-efb8011f1c66" testName="canMoveWhiteKnightDownLeft" computerName="ITSSHAW" duration="00:00:00.0021036" startTime="2014-02-04T13:43:47.5942936+02:00" endTime="2014-02-04T13:43:47.5972942+02:00" testType="13cdc9d9-ddb5-4fa4-a97d-d965ccfc6d4b" outcome="Passed" testListId="8c84fa94-04c1-424b-9868-57a2d4851a1d" relativeResultsDirectory="7cbcb8db-476e-4496-a4b8-f00beb38049a">
    </UnitTestResult>
    <UnitTestResult executionId="e158f7b2-0299-4c4b-bd7b-b6a543a19261" testId="3d0b3fd5-ed3e-b00a-e692-69db01d97037" testName="canMoveWhiteKnightDownRight" computerName="ITSSHAW" duration="00:00:00.0022068" startTime="2014-02-04T13:43:47.5982944+02:00" endTime="2014-02-04T13:43:47.6012950+02:00" testType="13cdc9d9-ddb5-4fa4-a97d-d965ccfc6d4b" outcome="Passed" testListId="8c84fa94-04c1-424b-9868-57a2d4851a1d" relativeResultsDirectory="e158f7b2-0299-4c4b-bd7b-b6a543a19261">
    </UnitTestResult>
    <UnitTestResult executionId="c0db5121-d276-4307-aad6-3008386c8e9c" testId="cf3b5912-6ae6-e0a1-b350-a9a883f44204" testName="canMoveWhiteKnightLeftDown" computerName="ITSSHAW" duration="00:00:00.0020779" startTime="2014-02-04T13:43:47.6012950+02:00" endTime="2014-02-04T13:43:47.6042956+02:00" testType="13cdc9d9-ddb5-4fa4-a97d-d965ccfc6d4b" outcome="Passed" testListId="8c84fa94-04c1-424b-9868-57a2d4851a1d" relativeResultsDirectory="c0db5121-d276-4307-aad6-3008386c8e9c">
    </UnitTestResult>
    <UnitTestResult executionId="086d9d7d-5905-41e2-918d-6a8fb4dfce5e" testId="ed293079-60d8-dd36-58ca-ab1711252e1b" testName="canMoveWhiteKnightLeftUp" computerName="ITSSHAW" duration="00:00:00.0020450" startTime="2014-02-04T13:43:47.6052958+02:00" endTime="2014-02-04T13:43:47.6072962+02:00" testType="13cdc9d9-ddb5-4fa4-a97d-d965ccfc6d4b" outcome="Passed" testListId="8c84fa94-04c1-424b-9868-57a2d4851a1d" relativeResultsDirectory="086d9d7d-5905-41e2-918d-6a8fb4dfce5e">
    </UnitTestResult>
    <UnitTestResult executionId="3e1f1754-873d-4ba5-b471-bbcba55e3ce4" testId="b1cacb72-0763-fed2-dae6-92a0ddd885e0" testName="canMoveWhiteKnightRightDown" computerName="ITSSHAW" duration="00:00:00.0020984" startTime="2014-02-04T13:43:47.6102968+02:00" endTime="2014-02-04T13:43:47.6132974+02:00" testType="13cdc9d9-ddb5-4fa4-a97d-d965ccfc6d4b" outcome="Passed" testListId="8c84fa94-04c1-424b-9868-57a2d4851a1d" relativeResultsDirectory="3e1f1754-873d-4ba5-b471-bbcba55e3ce4">
    </UnitTestResult>
    <UnitTestResult executionId="8a1bc4fe-93d9-4658-96dc-38ebb2043242" testId="b48545f1-36d0-2752-215f-8475388c03a6" testName="canMoveWhiteKnightRightUp" computerName="ITSSHAW" duration="00:00:00.0020507" startTime="2014-02-04T13:43:47.6132974+02:00" endTime="2014-02-04T13:43:47.6172982+02:00" testType="13cdc9d9-ddb5-4fa4-a97d-d965ccfc6d4b" outcome="Passed" testListId="8c84fa94-04c1-424b-9868-57a2d4851a1d" relativeResultsDirectory="8a1bc4fe-93d9-4658-96dc-38ebb2043242">
    </UnitTestResult>
    <UnitTestResult executionId="ce64ba6f-07a9-468b-b230-6fe2771819bb" testId="01e1d85e-511b-f54c-a1a1-900d1b604f70" testName="canMoveWhiteKnightUpLeft" computerName="ITSSHAW" duration="00:00:00.0020390" startTime="2014-02-04T13:43:47.6182984+02:00" endTime="2014-02-04T13:43:47.6202988+02:00" testType="13cdc9d9-ddb5-4fa4-a97d-d965ccfc6d4b" outcome="Passed" testListId="8c84fa94-04c1-424b-9868-57a2d4851a1d" relativeResultsDirectory="ce64ba6f-07a9-468b-b230-6fe2771819bb">
    </UnitTestResult>
    <UnitTestResult executionId="6acb4463-99fc-43e1-87de-0539d3358342" testId="020bc553-c880-41f6-e7a5-5598075d4e67" testName="canMoveWhiteKnightUpRight" computerName="ITSSHAW" duration="00:00:00.0021223" startTime="2014-02-04T13:43:47.6212990+02:00" endTime="2014-02-04T13:43:47.6242996+02:00" testType="13cdc9d9-ddb5-4fa4-a97d-d965ccfc6d4b" outcome="Passed" testListId="8c84fa94-04c1-424b-9868-57a2d4851a1d" relativeResultsDirectory="6acb4463-99fc-43e1-87de-0539d3358342">
    </UnitTestResult>
    <UnitTestResult executionId="590b706e-71c4-4b1c-b8f8-3e86b627c89f" testId="5549ceba-3e9a-6148-26c8-8ad403ffbfa1" testName="cannotCaptureOwnPieceBottomLeft" computerName="ITSSHAW" duration="00:00:00.0023801" startTime="2014-02-04T13:43:47.6252998+02:00" endTime="2014-02-04T13:43:47.6283004+02:00" testType="13cdc9d9-ddb5-4fa4-a97d-d965ccfc6d4b" outcome="Passed" testListId="8c84fa94-04c1-424b-9868-57a2d4851a1d" relativeResultsDirectory="590b706e-71c4-4b1c-b8f8-3e86b627c89f">
    </UnitTestResult>
    <UnitTestResult executionId="c9b1a2ff-9a12-48e9-b707-c9ca8af45849" testId="12e63596-1c4e-b553-8314-65281f6114b3" testName="cannotCaptureOwnPieceBottomRight" computerName="ITSSHAW" duration="00:00:00.0023354" startTime="2014-02-04T13:43:47.6293006+02:00" endTime="2014-02-04T13:43:47.6323012+02:00" testType="13cdc9d9-ddb5-4fa4-a97d-d965ccfc6d4b" outcome="Passed" testListId="8c84fa94-04c1-424b-9868-57a2d4851a1d" relativeResultsDirectory="c9b1a2ff-9a12-48e9-b707-c9ca8af45849">
    </UnitTestResult>
    <UnitTestResult executionId="4f654192-8307-4f69-b0c2-6e7fcc53505c" testId="ad975496-37d7-dfa8-72c5-ed19caf4b8d6" testName="cannotCaptureOwnPieceLeftBottom" computerName="ITSSHAW" duration="00:00:00.0023043" startTime="2014-02-04T13:43:47.6333014+02:00" endTime="2014-02-04T13:43:47.6353018+02:00" testType="13cdc9d9-ddb5-4fa4-a97d-d965ccfc6d4b" outcome="Passed" testListId="8c84fa94-04c1-424b-9868-57a2d4851a1d" relativeResultsDirectory="4f654192-8307-4f69-b0c2-6e7fcc53505c">
    </UnitTestResult>
    <UnitTestResult executionId="17390d17-4d2f-4620-b311-82b01f7495e4" testId="40d1b41f-84e9-0b2b-3898-954b6294bb34" testName="cannotCaptureOwnPieceLeftTop" computerName="ITSSHAW" duration="00:00:00.0023973" startTime="2014-02-04T13:43:47.6363020+02:00" endTime="2014-02-04T13:43:47.6393026+02:00" testType="13cdc9d9-ddb5-4fa4-a97d-d965ccfc6d4b" outcome="Passed" testListId="8c84fa94-04c1-424b-9868-57a2d4851a1d" relativeResultsDirectory="17390d17-4d2f-4620-b311-82b01f7495e4">
    </UnitTestResult>
    <UnitTestResult executionId="7448b75e-e4ca-43da-a5b2-ac31dde19674" testId="c281314e-828d-e156-cbd7-96cd2b327ed0" testName="cannotCaptureOwnPieceRightBottom" computerName="ITSSHAW" duration="00:00:00.0023964" startTime="2014-02-04T13:43:47.6403028+02:00" endTime="2014-02-04T13:43:47.6433034+02:00" testType="13cdc9d9-ddb5-4fa4-a97d-d965ccfc6d4b" outcome="Passed" testListId="8c84fa94-04c1-424b-9868-57a2d4851a1d" relativeResultsDirectory="7448b75e-e4ca-43da-a5b2-ac31dde19674">
    </UnitTestResult>
    <UnitTestResult executionId="d6db5317-5f1e-4eb3-914a-c7f1ede965c3" testId="84067fc2-a576-9ac6-6f3c-59ca7fae01b3" testName="cannotCaptureOwnPieceRightTop" computerName="ITSSHAW" duration="00:00:00.0023414" startTime="2014-02-04T13:43:47.6453038+02:00" endTime="2014-02-04T13:43:47.6473042+02:00" testType="13cdc9d9-ddb5-4fa4-a97d-d965ccfc6d4b" outcome="Passed" testListId="8c84fa94-04c1-424b-9868-57a2d4851a1d" relativeResultsDirectory="d6db5317-5f1e-4eb3-914a-c7f1ede965c3">
    </UnitTestResult>
    <UnitTestResult executionId="a5b76e13-764c-4a45-9183-c097eb263bf1" testId="3b8989d4-9468-d4f5-4fa5-0c83cef3e6e3" testName="cannotCaptureOwnPieceTopLeft" computerName="ITSSHAW" duration="00:00:00.0023049" startTime="2014-02-04T13:43:47.6483044+02:00" endTime="2014-02-04T13:43:47.6513050+02:00" testType="13cdc9d9-ddb5-4fa4-a97d-d965ccfc6d4b" outcome="Passed" testListId="8c84fa94-04c1-424b-9868-57a2d4851a1d" relativeResultsDirectory="a5b76e13-764c-4a45-9183-c097eb263bf1">
    </UnitTestResult>
    <UnitTestResult executionId="2dbd7ef9-341e-4929-ac54-95c78877905d" testId="8b767757-2d46-6db2-6c72-a25020070dc1" testName="cannotCaptureOwnPieceTopRight" computerName="ITSSHAW" duration="00:00:00.0023517" startTime="2014-02-04T13:43:47.6523052+02:00" endTime="2014-02-04T13:43:47.6553058+02:00" testType="13cdc9d9-ddb5-4fa4-a97d-d965ccfc6d4b" outcome="Passed" testListId="8c84fa94-04c1-424b-9868-57a2d4851a1d" relativeResultsDirectory="2dbd7ef9-341e-4929-ac54-95c78877905d">
    </UnitTestResult>
    <UnitTestResult executionId="f1463842-a773-4555-8ebc-06446b8f1cba" testId="f1a715f9-9cf1-9e64-a4be-97f94a04714c" testName="cannotMoveBlackKnightAnywayElse" computerName="ITSSHAW" duration="00:00:00.2267858" startTime="2014-02-04T13:43:47.6563060+02:00" endTime="2014-02-04T13:43:47.8833514+02:00" testType="13cdc9d9-ddb5-4fa4-a97d-d965ccfc6d4b" outcome="Passed" testListId="8c84fa94-04c1-424b-9868-57a2d4851a1d" relativeResultsDirectory="f1463842-a773-4555-8ebc-06446b8f1cba">
    </UnitTestResult>
    <UnitTestResult executionId="7875c7ab-2a55-4e97-a55d-c95531e77438" testId="98edb5da-2506-8b04-eeed-1852ef2aaf00" testName="cannotMoveWhiteKnightAnywayElse" computerName="ITSSHAW" duration="00:00:00.2256442" startTime="2014-02-04T13:43:47.8853518+02:00" endTime="2014-02-04T13:43:48.1113970+02:00" testType="13cdc9d9-ddb5-4fa4-a97d-d965ccfc6d4b" outcome="Passed" testListId="8c84fa94-04c1-424b-9868-57a2d4851a1d" relativeResultsDirectory="7875c7ab-2a55-4e97-a55d-c95531e77438">
    </UnitTestResult>
    <UnitTestResult executionId="333ce8cd-ab79-49ef-956c-1644045a9c1b" testId="070484d8-b78f-e4c9-05d6-cba7187facb9" testName="invalidMoveGivesCorrectPieceName" computerName="ITSSHAW" duration="00:00:00.0023463" startTime="2014-02-04T13:43:48.1133974+02:00" endTime="2014-02-04T13:43:48.1163980+02:00" testType="13cdc9d9-ddb5-4fa4-a97d-d965ccfc6d4b" outcome="Passed" testListId="8c84fa94-04c1-424b-9868-57a2d4851a1d" relativeResultsDirectory="333ce8cd-ab79-49ef-956c-1644045a9c1b">
    </UnitTestResult>
    <UnitTestResult executionId="15a78c63-5543-437c-b5b7-ba0ca64b7a52" testId="3a5598f0-2f6a-ab8e-56e4-280c59becd55" testName="noErrorOnTopLeft" computerName="ITSSHAW" duration="00:00:00.0006689" startTime="2014-02-04T13:43:48.1173982+02:00" endTime="2014-02-04T13:43:48.1183984+02:00" testType="13cdc9d9-ddb5-4fa4-a97d-d965ccfc6d4b" outcome="Passed" testListId="8c84fa94-04c1-424b-9868-57a2d4851a1d" relativeResultsDirectory="15a78c63-5543-437c-b5b7-ba0ca64b7a52">
    </UnitTestResult>
    <UnitTestResult executionId="d99aaef1-e2a5-4696-81eb-9531db2da945" testId="4981dea8-f169-664c-472f-78db2ae78861" testName="noErrorOnTopRight" computerName="ITSSHAW" duration="00:00:00.0007214" startTime="2014-02-04T13:43:48.1203988+02:00" endTime="2014-02-04T13:43:48.1213990+02:00" testType="13cdc9d9-ddb5-4fa4-a97d-d965ccfc6d4b" outcome="Passed" testListId="8c84fa94-04c1-424b-9868-57a2d4851a1d" relativeResultsDirectory="d99aaef1-e2a5-4696-81eb-9531db2da945">
    </UnitTestResult>
    <UnitTestResult executionId="6f580026-0abe-4e06-bb20-9403df0c9e92" testId="a64ca845-c01a-2574-9dc9-d481b1eb66ae" testName="noErrorWhenOnBottomLeft" computerName="ITSSHAW" duration="00:00:00.0009058" startTime="2014-02-04T13:43:48.1223992+02:00" endTime="2014-02-04T13:43:48.1243996+02:00" testType="13cdc9d9-ddb5-4fa4-a97d-d965ccfc6d4b" outcome="Passed" testListId="8c84fa94-04c1-424b-9868-57a2d4851a1d" relativeResultsDirectory="6f580026-0abe-4e06-bb20-9403df0c9e92">
    </UnitTestResult>
    <UnitTestResult executionId="d5f4f739-f1fa-49f6-a5a3-a4d8c935bc10" testId="a39074e8-1a57-e5e3-5130-43a61b6aac16" testName="noErrorWhenOnBottomRight" computerName="ITSSHAW" duration="00:00:00.0009888" startTime="2014-02-04T13:43:48.1264000+02:00" endTime="2014-02-04T13:43:48.1274002+02:00" testType="13cdc9d9-ddb5-4fa4-a97d-d965ccfc6d4b" outcome="Passed" testListId="8c84fa94-04c1-424b-9868-57a2d4851a1d" relativeResultsDirectory="d5f4f739-f1fa-49f6-a5a3-a4d8c935bc10">
    </UnitTestResult>
    <UnitTestResult executionId="8028b3eb-25ae-430f-a5a5-242b69a38ecc" testId="0c39fefa-5032-d364-0d53-99bb085e0982" testName="blackCannotTakeEmptyPieceLeft" computerName="ITSSHAW" duration="00:00:00.0016438" startTime="2014-02-04T13:43:48.1294006+02:00" endTime="2014-02-04T13:43:48.1324012+02:00" testType="13cdc9d9-ddb5-4fa4-a97d-d965ccfc6d4b" outcome="Passed" testListId="8c84fa94-04c1-424b-9868-57a2d4851a1d" relativeResultsDirectory="8028b3eb-25ae-430f-a5a5-242b69a38ecc">
    </UnitTestResult>
    <UnitTestResult executionId="9245129e-6061-458e-9a82-b78a224dd1dd" testId="072141a6-213d-f7c1-ad94-78892f83b7a0" testName="blackPawnCanMoveTwoSpacesAtStart" computerName="ITSSHAW" duration="00:00:00.0020335" startTime="2014-02-04T13:43:48.1334014+02:00" endTime="2014-02-04T13:43:48.1364020+02:00" testType="13cdc9d9-ddb5-4fa4-a97d-d965ccfc6d4b" outcome="Passed" testListId="8c84fa94-04c1-424b-9868-57a2d4851a1d" relativeResultsDirectory="9245129e-6061-458e-9a82-b78a224dd1dd">
    </UnitTestResult>
    <UnitTestResult executionId="3d0dacb8-f1dc-4846-a2c4-435aeb5a9d7d" testId="cb78d65f-db30-1067-6355-33912c9c98b3" testName="blackPawnCannotMoveBackwards" computerName="ITSSHAW" duration="00:00:00.0025890" startTime="2014-02-04T13:43:48.1364020+02:00" endTime="2014-02-04T13:43:48.1404028+02:00" testType="13cdc9d9-ddb5-4fa4-a97d-d965ccfc6d4b" outcome="Passed" testListId="8c84fa94-04c1-424b-9868-57a2d4851a1d" relativeResultsDirectory="3d0dacb8-f1dc-4846-a2c4-435aeb5a9d7d">
    </UnitTestResult>
    <UnitTestResult executionId="8a99cfc6-a742-4b03-8248-8638b3050797" testId="8e7b2879-f716-116d-99dc-23f8e18ae182" testName="blackPawnCannotMoveTwoSpacesAfterStart" computerName="ITSSHAW" duration="00:00:00.0032736" startTime="2014-02-04T13:43:48.1414030+02:00" endTime="2014-02-04T13:43:48.1454038+02:00" testType="13cdc9d9-ddb5-4fa4-a97d-d965ccfc6d4b" outcome="Passed" testListId="8c84fa94-04c1-424b-9868-57a2d4851a1d" relativeResultsDirectory="8a99cfc6-a742-4b03-8248-8638b3050797">
    </UnitTestResult>
    <UnitTestResult executionId="b6d35e63-d294-4335-af72-1fc596baae50" testId="d6be978c-e15f-fa6c-2dca-55f439cdf674" testName="blackPawnCannotTakeEmptyPieceRight" computerName="ITSSHAW" duration="00:00:00.0025189" startTime="2014-02-04T13:43:48.1474042+02:00" endTime="2014-02-04T13:43:48.1504048+02:00" testType="13cdc9d9-ddb5-4fa4-a97d-d965ccfc6d4b" outcome="Passed" testListId="8c84fa94-04c1-424b-9868-57a2d4851a1d" relativeResultsDirectory="b6d35e63-d294-4335-af72-1fc596baae50">
    </UnitTestResult>
    <UnitTestResult executionId="2e73aef4-12de-4163-a8ec-47ab269bfd8e" testId="31f39857-46fe-cad3-eea6-de16b677be95" testName="blackPawnCanTakePieceLeft" computerName="ITSSHAW" duration="00:00:00.0055649" startTime="2014-02-04T13:43:48.1524052+02:00" endTime="2014-02-04T13:43:48.1584064+02:00" testType="13cdc9d9-ddb5-4fa4-a97d-d965ccfc6d4b" outcome="Passed" testListId="8c84fa94-04c1-424b-9868-57a2d4851a1d" relativeResultsDirectory="2e73aef4-12de-4163-a8ec-47ab269bfd8e">
    </UnitTestResult>
    <UnitTestResult executionId="c6cd550f-4107-4d2d-aa37-7590dba64356" testId="af7199b0-e83f-767d-57c7-bef2cae34aa3" testName="blackPawnCanTakePieceRight" computerName="ITSSHAW" duration="00:00:00.0050983" startTime="2014-02-04T13:43:48.1594066+02:00" endTime="2014-02-04T13:43:48.1654078+02:00" testType="13cdc9d9-ddb5-4fa4-a97d-d965ccfc6d4b" outcome="Passed" testListId="8c84fa94-04c1-424b-9868-57a2d4851a1d" relativeResultsDirectory="c6cd550f-4107-4d2d-aa37-7590dba64356">
    </UnitTestResult>
    <UnitTestResult executionId="ab5195e1-ef87-4ad9-b8c4-1853d5b511f5" testId="74218563-c78e-d800-7101-79460a2a54a4" testName="canBlackPawnMoveOneSpaceForward" computerName="ITSSHAW" duration="00:00:00.0023949" startTime="2014-02-04T13:43:48.1664080+02:00" endTime="2014-02-04T13:43:48.1704088+02:00" testType="13cdc9d9-ddb5-4fa4-a97d-d965ccfc6d4b" outcome="Passed" testListId="8c84fa94-04c1-424b-9868-57a2d4851a1d" relativeResultsDirectory="ab5195e1-ef87-4ad9-b8c4-1853d5b511f5">
    </UnitTestResult>
    <UnitTestResult executionId="c0fb79fe-92cc-4e0a-b289-8dbbfe4ba653" testId="2ead5f87-4f49-9731-8b7d-274f7728f6ce" testName="cannotMove2AtStartIfPieceInTheWay" computerName="ITSSHAW" duration="00:00:00.0074880" startTime="2014-02-04T13:43:48.1714090+02:00" endTime="2014-02-04T13:43:48.1794106+02:00" testType="13cdc9d9-ddb5-4fa4-a97d-d965ccfc6d4b" outcome="Passed" testListId="8c84fa94-04c1-424b-9868-57a2d4851a1d" relativeResultsDirectory="c0fb79fe-92cc-4e0a-b289-8dbbfe4ba653">
    </UnitTestResult>
    <UnitTestResult executionId="88ed3ea3-07e3-4037-ad52-c1af32128255" testId="f4345ccc-f7f8-a9d0-d85f-f34d1eaed95e" testName="cannotMove2AtStartIfPieceJustInFront" computerName="ITSSHAW" duration="00:00:00.0100435" startTime="2014-02-04T13:43:48.1804108+02:00" endTime="2014-02-04T13:43:48.1914130+02:00" testType="13cdc9d9-ddb5-4fa4-a97d-d965ccfc6d4b" outcome="Passed" testListId="8c84fa94-04c1-424b-9868-57a2d4851a1d" relativeResultsDirectory="88ed3ea3-07e3-4037-ad52-c1af32128255">
    </UnitTestResult>
    <UnitTestResult executionId="ecd49d5b-26f9-4c6a-ba22-0e09fe68b93b" testId="1889f775-0977-2f85-bcf9-6dc4aeb0834c" testName="cannotMoveEnPassantIfOtherPieceNotAPawn" computerName="ITSSHAW" duration="00:00:00.0074310" startTime="2014-02-04T13:43:48.1924132+02:00" endTime="2014-02-04T13:43:48.2004148+02:00" testType="13cdc9d9-ddb5-4fa4-a97d-d965ccfc6d4b" outcome="Passed" testListId="8c84fa94-04c1-424b-9868-57a2d4851a1d" relativeResultsDirectory="ecd49d5b-26f9-4c6a-ba22-0e09fe68b93b">
    </UnitTestResult>
    <UnitTestResult executionId="f0094a91-33a7-4247-8127-a3858f13a939" testId="e4425b0f-0cb4-e465-5faf-5fa77fa81a46" testName="cannotMoveOneForwardWhenPieceInTheWay" computerName="ITSSHAW" duration="00:00:00.0008150" startTime="2014-02-04T13:43:48.2024152+02:00" endTime="2014-02-04T13:43:48.2034154+02:00" testType="13cdc9d9-ddb5-4fa4-a97d-d965ccfc6d4b" outcome="Passed" testListId="8c84fa94-04c1-424b-9868-57a2d4851a1d" relativeResultsDirectory="f0094a91-33a7-4247-8127-a3858f13a939">
    </UnitTestResult>
    <UnitTestResult executionId="36bfd341-bf37-4f3c-b0be-bdd99d713281" testId="17c89217-fc60-adea-d5e7-d8f5759cacf3" testName="cannotTakeOwnPieceDiagLeft" computerName="ITSSHAW" duration="00:00:00.0013583" startTime="2014-02-04T13:43:48.2054158+02:00" endTime="2014-02-04T13:43:48.2074162+02:00" testType="13cdc9d9-ddb5-4fa4-a97d-d965ccfc6d4b" outcome="Passed" testListId="8c84fa94-04c1-424b-9868-57a2d4851a1d" relativeResultsDirectory="36bfd341-bf37-4f3c-b0be-bdd99d713281">
    </UnitTestResult>
    <UnitTestResult executionId="db74d390-2117-4390-8ad1-86ecc2cd06d7" testId="557ea181-0881-47c7-90a7-baa142d9c0b1" testName="cannotTakeOwnPieceDiagRight" computerName="ITSSHAW" duration="00:00:00.0020477" startTime="2014-02-04T13:43:48.2084164+02:00" endTime="2014-02-04T13:43:48.2124172+02:00" testType="13cdc9d9-ddb5-4fa4-a97d-d965ccfc6d4b" outcome="Passed" testListId="8c84fa94-04c1-424b-9868-57a2d4851a1d" relativeResultsDirectory="db74d390-2117-4390-8ad1-86ecc2cd06d7">
    </UnitTestResult>
    <UnitTestResult executionId="a12dcf06-4ff7-4900-85af-6c5f2277b9e8" testId="72153cfe-4389-9773-f6fd-6685bb51f896" testName="canTakePawnEnPassantLeft" computerName="ITSSHAW" duration="00:00:00.0079399" startTime="2014-02-04T13:43:48.2134174+02:00" endTime="2014-02-04T13:43:48.2214190+02:00" testType="13cdc9d9-ddb5-4fa4-a97d-d965ccfc6d4b" outcome="Passed" testListId="8c84fa94-04c1-424b-9868-57a2d4851a1d" relativeResultsDirectory="a12dcf06-4ff7-4900-85af-6c5f2277b9e8">
    </UnitTestResult>
    <UnitTestResult executionId="6e70a59c-b768-4358-b248-f3c15d5e6154" testId="77a8b315-06d4-5fac-05d9-90fcccdac88f" testName="canTakePawnEnPassantRight" computerName="ITSSHAW" duration="00:00:00.0078509" startTime="2014-02-04T13:43:48.2224192+02:00" endTime="2014-02-04T13:43:48.2314210+02:00" testType="13cdc9d9-ddb5-4fa4-a97d-d965ccfc6d4b" outcome="Passed" testListId="8c84fa94-04c1-424b-9868-57a2d4851a1d" relativeResultsDirectory="6e70a59c-b768-4358-b248-f3c15d5e6154">
    </UnitTestResult>
    <UnitTestResult executionId="3c20240d-55cd-43b7-90da-826b12d5d07e" testId="276aeaf4-94bd-7cc4-0bfa-fd1b795b8f09" testName="canWhitePawnMoveOneSpaceForward" computerName="ITSSHAW" duration="00:00:00.0021434" startTime="2014-02-04T13:43:48.2324212+02:00" endTime="2014-02-04T13:43:48.2344216+02:00" testType="13cdc9d9-ddb5-4fa4-a97d-d965ccfc6d4b" outcome="Passed" testListId="8c84fa94-04c1-424b-9868-57a2d4851a1d" relativeResultsDirectory="3c20240d-55cd-43b7-90da-826b12d5d07e">
    </UnitTestResult>
    <UnitTestResult executionId="1370a62f-53fb-4711-bcf4-c77929464ff5" testId="c9fb8199-30a5-e351-264b-e657ae13b916" testName="invalidMoveGivesCorrectPieceName" computerName="ITSSHAW" duration="00:00:00.0009046" startTime="2014-02-04T13:43:48.2364220+02:00" endTime="2014-02-04T13:43:48.2374222+02:00" testType="13cdc9d9-ddb5-4fa4-a97d-d965ccfc6d4b" outcome="Passed" testListId="8c84fa94-04c1-424b-9868-57a2d4851a1d" relativeResultsDirectory="1370a62f-53fb-4711-bcf4-c77929464ff5">
    </UnitTestResult>
    <UnitTestResult executionId="dd059bd0-9aa3-43cd-bff8-7c005ba12fc9" testId="6d29da73-1392-f864-ac11-db455215ce75" testName="moveEnPassantLeftNotImmediateThrowError" computerName="ITSSHAW" duration="00:00:00.0108531" startTime="2014-02-04T13:43:48.2384224+02:00" endTime="2014-02-04T13:43:48.2504248+02:00" testType="13cdc9d9-ddb5-4fa4-a97d-d965ccfc6d4b" outcome="Passed" testListId="8c84fa94-04c1-424b-9868-57a2d4851a1d" relativeResultsDirectory="dd059bd0-9aa3-43cd-bff8-7c005ba12fc9">
    </UnitTestResult>
    <UnitTestResult executionId="69d91b75-666d-4622-be13-5d6ebef9157f" testId="4f8f2480-799b-0be7-4437-c1ecf75fbaa1" testName="moveEnPassantLeftRemovesPiece" computerName="ITSSHAW" duration="00:00:00.0074274" startTime="2014-02-04T13:43:48.2514250+02:00" endTime="2014-02-04T13:43:48.2594266+02:00" testType="13cdc9d9-ddb5-4fa4-a97d-d965ccfc6d4b" outcome="Passed" testListId="8c84fa94-04c1-424b-9868-57a2d4851a1d" relativeResultsDirectory="69d91b75-666d-4622-be13-5d6ebef9157f">
    </UnitTestResult>
    <UnitTestResult executionId="6d6da7cb-0a4b-4067-91c9-dfcb700b67af" testId="1ae802a5-bb94-ae3c-980c-cf0121da8a4a" testName="moveEnPassantRightNotImmediateThrowsError" computerName="ITSSHAW" duration="00:00:00.0106204" startTime="2014-02-04T13:43:48.2604268+02:00" endTime="2014-02-04T13:43:48.2724292+02:00" testType="13cdc9d9-ddb5-4fa4-a97d-d965ccfc6d4b" outcome="Passed" testListId="8c84fa94-04c1-424b-9868-57a2d4851a1d" relativeResultsDirectory="6d6da7cb-0a4b-4067-91c9-dfcb700b67af">
    </UnitTestResult>
    <UnitTestResult executionId="1264f243-b606-4de2-88c8-5d5acd73fd6a" testId="978c0671-8eb9-8633-411e-8b65bb821d6c" testName="moveEnPassantRightRemovesPiece" computerName="ITSSHAW" duration="00:00:00.0076728" startTime="2014-02-04T13:43:48.2734294+02:00" endTime="2014-02-04T13:43:48.2814310+02:00" testType="13cdc9d9-ddb5-4fa4-a97d-d965ccfc6d4b" outcome="Passed" testListId="8c84fa94-04c1-424b-9868-57a2d4851a1d" relativeResultsDirectory="1264f243-b606-4de2-88c8-5d5acd73fd6a">
    </UnitTestResult>
    <UnitTestResult executionId="2488dd94-52b1-4ffa-9806-c4558eb8e249" testId="31b640ce-2e58-2f38-568e-804147d116f8" testName="whitePawnCanMoveTwoSpacesAtStart" computerName="ITSSHAW" duration="00:00:00.0022457" startTime="2014-02-04T13:43:48.2834314+02:00" endTime="2014-02-04T13:43:48.2854318+02:00" testType="13cdc9d9-ddb5-4fa4-a97d-d965ccfc6d4b" outcome="Passed" testListId="8c84fa94-04c1-424b-9868-57a2d4851a1d" relativeResultsDirectory="2488dd94-52b1-4ffa-9806-c4558eb8e249">
    </UnitTestResult>
    <UnitTestResult executionId="0c080407-90e4-4126-843b-9adb224069b4" testId="5e0522cb-aa6a-a547-6b61-65ded7b9398a" testName="whitePawnCannotMoveBackwards" computerName="ITSSHAW" duration="00:00:00.0026629" startTime="2014-02-04T13:43:48.2874322+02:00" endTime="2014-02-04T13:43:48.2904328+02:00" testType="13cdc9d9-ddb5-4fa4-a97d-d965ccfc6d4b" outcome="Passed" testListId="8c84fa94-04c1-424b-9868-57a2d4851a1d" relativeResultsDirectory="0c080407-90e4-4126-843b-9adb224069b4">
    </UnitTestResult>
    <UnitTestResult executionId="65516c0d-fed6-43a7-bb25-b97de31b7089" testId="35ff0ac0-4840-970b-a280-9a148d7f7af4" testName="whitePawnCannotMoveTwoSpacesAfterStart" computerName="ITSSHAW" duration="00:00:00.0035591" startTime="2014-02-04T13:43:48.2914330+02:00" endTime="2014-02-04T13:43:48.2954338+02:00" testType="13cdc9d9-ddb5-4fa4-a97d-d965ccfc6d4b" outcome="Passed" testListId="8c84fa94-04c1-424b-9868-57a2d4851a1d" relativeResultsDirectory="65516c0d-fed6-43a7-bb25-b97de31b7089">
    </UnitTestResult>
    <UnitTestResult executionId="a1f8fcb1-33e5-4544-8def-a4d2814c84f6" testId="76d2cb65-6735-d8b0-b056-6bd2e46786ef" testName="whitePawnCannotTakeEmptyPieceLeft" computerName="ITSSHAW" duration="00:00:00.0025035" startTime="2014-02-04T13:43:48.2964340+02:00" endTime="2014-02-04T13:43:48.2994346+02:00" testType="13cdc9d9-ddb5-4fa4-a97d-d965ccfc6d4b" outcome="Passed" testListId="8c84fa94-04c1-424b-9868-57a2d4851a1d" relativeResultsDirectory="a1f8fcb1-33e5-4544-8def-a4d2814c84f6">
    </UnitTestResult>
    <UnitTestResult executionId="d3da9158-1be1-4782-8862-8f3cba7edbef" testId="85ab3335-8bf0-ecfa-98f7-0db700370fe2" testName="whitePawnCannotTakeEmptyPieceRight" computerName="ITSSHAW" duration="00:00:00.0026246" startTime="2014-02-04T13:43:48.3004348+02:00" endTime="2014-02-04T13:43:48.3034354+02:00" testType="13cdc9d9-ddb5-4fa4-a97d-d965ccfc6d4b" outcome="Passed" testListId="8c84fa94-04c1-424b-9868-57a2d4851a1d" relativeResultsDirectory="d3da9158-1be1-4782-8862-8f3cba7edbef">
    </UnitTestResult>
    <UnitTestResult executionId="de6c8c34-8656-4d22-84bf-e3f057cbd326" testId="f1502619-456c-8ace-3118-e479f255cb31" testName="whitePawnCannotTakeTwoRowsForwardAtStart" computerName="ITSSHAW" duration="00:00:00.0111127" startTime="2014-02-04T13:43:48.3044356+02:00" endTime="2014-02-04T13:43:48.3164380+02:00" testType="13cdc9d9-ddb5-4fa4-a97d-d965ccfc6d4b" outcome="Passed" testListId="8c84fa94-04c1-424b-9868-57a2d4851a1d" relativeResultsDirectory="de6c8c34-8656-4d22-84bf-e3f057cbd326">
    </UnitTestResult>
    <UnitTestResult executionId="d8ea6692-8cb4-49af-a1fc-04b9ca329dfe" testId="f9b6fa3b-c686-0e22-5a5c-d78c0f5f065a" testName="whitePawnCanTakePieceLeft" computerName="ITSSHAW" duration="00:00:00.0050971" startTime="2014-02-04T13:43:48.3174382+02:00" endTime="2014-02-04T13:43:48.3234394+02:00" testType="13cdc9d9-ddb5-4fa4-a97d-d965ccfc6d4b" outcome="Passed" testListId="8c84fa94-04c1-424b-9868-57a2d4851a1d" relativeResultsDirectory="d8ea6692-8cb4-49af-a1fc-04b9ca329dfe">
    </UnitTestResult>
    <UnitTestResult executionId="c73a231b-a334-47d7-a87d-b7df525b73a6" testId="efc90440-a3c1-87f7-fff9-787ea282e06e" testName="whitePawnCanTakePieceRight" computerName="ITSSHAW" duration="00:00:00.0055963" startTime="2014-02-04T13:43:48.3244396+02:00" endTime="2014-02-04T13:43:48.3314410+02:00" testType="13cdc9d9-ddb5-4fa4-a97d-d965ccfc6d4b" outcome="Passed" testListId="8c84fa94-04c1-424b-9868-57a2d4851a1d" relativeResultsDirectory="c73a231b-a334-47d7-a87d-b7df525b73a6">
    </UnitTestResult>
    <UnitTestResult executionId="8230a7d3-4b14-41aa-bacf-801efa4730b7" testId="2d6867c6-934d-12ca-881f-8ca2af17d2e4" testName="canMoveQueenDiagDownLeft" computerName="ITSSHAW" duration="00:00:00.0187079" startTime="2014-02-04T13:43:48.3324412+02:00" endTime="2014-02-04T13:43:48.3514450+02:00" testType="13cdc9d9-ddb5-4fa4-a97d-d965ccfc6d4b" outcome="Passed" testListId="8c84fa94-04c1-424b-9868-57a2d4851a1d" relativeResultsDirectory="8230a7d3-4b14-41aa-bacf-801efa4730b7">
    </UnitTestResult>
    <UnitTestResult executionId="e4adba08-6fef-4fd3-b2af-9536b16deb83" testId="e7f23f39-7057-048c-f8c3-7322c51edfe0" testName="canMoveQueenDiagDownRight" computerName="ITSSHAW" duration="00:00:00.0189923" startTime="2014-02-04T13:43:48.3524452+02:00" endTime="2014-02-04T13:43:48.3734494+02:00" testType="13cdc9d9-ddb5-4fa4-a97d-d965ccfc6d4b" outcome="Passed" testListId="8c84fa94-04c1-424b-9868-57a2d4851a1d" relativeResultsDirectory="e4adba08-6fef-4fd3-b2af-9536b16deb83">
    </UnitTestResult>
    <UnitTestResult executionId="d138efb5-b232-4db8-a313-a9a61bce2a86" testId="2a82fa15-d608-6e25-a9ff-4f118775d58a" testName="canMoveQueenDiagUpLeft" computerName="ITSSHAW" duration="00:00:00.0187505" startTime="2014-02-04T13:43:48.3744496+02:00" endTime="2014-02-04T13:43:48.3934534+02:00" testType="13cdc9d9-ddb5-4fa4-a97d-d965ccfc6d4b" outcome="Passed" testListId="8c84fa94-04c1-424b-9868-57a2d4851a1d" relativeResultsDirectory="d138efb5-b232-4db8-a313-a9a61bce2a86">
    </UnitTestResult>
    <UnitTestResult executionId="589c4bb9-51c5-4bae-9f01-57323798be2a" testId="e3792867-8253-4fa3-d7e9-04dbc55b7bd0" testName="canMoveQueenDiagUpRight" computerName="ITSSHAW" duration="00:00:00.0256002" startTime="2014-02-04T13:43:48.3954538+02:00" endTime="2014-02-04T13:43:48.4214590+02:00" testType="13cdc9d9-ddb5-4fa4-a97d-d965ccfc6d4b" outcome="Passed" testListId="8c84fa94-04c1-424b-9868-57a2d4851a1d" relativeResultsDirectory="589c4bb9-51c5-4bae-9f01-57323798be2a">
    </UnitTestResult>
    <UnitTestResult executionId="969f68d8-3a38-4745-8888-02b4c21668a3" testId="62090d81-bf34-b23d-be59-e474692bb2bb" testName="canMoveQueenHorizontallyLeft" computerName="ITSSHAW" duration="00:00:00.0191641" startTime="2014-02-04T13:43:48.4224592+02:00" endTime="2014-02-04T13:43:48.4424632+02:00" testType="13cdc9d9-ddb5-4fa4-a97d-d965ccfc6d4b" outcome="Passed" testListId="8c84fa94-04c1-424b-9868-57a2d4851a1d" relativeResultsDirectory="969f68d8-3a38-4745-8888-02b4c21668a3">
    </UnitTestResult>
    <UnitTestResult executionId="258cf2e4-93ae-4468-ad2c-b312800199a8" testId="4a2195e8-be6f-2084-7664-243a4cb97e3b" testName="canMoveQueenHorizontallyRight" computerName="ITSSHAW" duration="00:00:00.0260566" startTime="2014-02-04T13:43:48.4434634+02:00" endTime="2014-02-04T13:43:48.4704688+02:00" testType="13cdc9d9-ddb5-4fa4-a97d-d965ccfc6d4b" outcome="Passed" testListId="8c84fa94-04c1-424b-9868-57a2d4851a1d" relativeResultsDirectory="258cf2e4-93ae-4468-ad2c-b312800199a8">
    </UnitTestResult>
    <UnitTestResult executionId="d93dad1a-660e-4f85-8810-f680080a00c9" testId="01079ac0-f339-2360-8171-8d0e80010056" testName="canMoveQueenVerticallyDown" computerName="ITSSHAW" duration="00:00:00.0188148" startTime="2014-02-04T13:43:48.4724692+02:00" endTime="2014-02-04T13:43:48.4914730+02:00" testType="13cdc9d9-ddb5-4fa4-a97d-d965ccfc6d4b" outcome="Passed" testListId="8c84fa94-04c1-424b-9868-57a2d4851a1d" relativeResultsDirectory="d93dad1a-660e-4f85-8810-f680080a00c9">
    </UnitTestResult>
    <UnitTestResult executionId="8d83d442-5c6e-475b-825c-a83b8bfe2f54" testId="61071a05-3bb9-84f7-1063-093a7badabca" testName="canMoveQueenVerticallyUp" computerName="ITSSHAW" duration="00:00:00.0249778" startTime="2014-02-04T13:43:48.4924732+02:00" endTime="2014-02-04T13:43:48.5184784+02:00" testType="13cdc9d9-ddb5-4fa4-a97d-d965ccfc6d4b" outcome="Passed" testListId="8c84fa94-04c1-424b-9868-57a2d4851a1d" relativeResultsDirectory="8d83d442-5c6e-475b-825c-a83b8bfe2f54">
    </UnitTestResult>
    <UnitTestResult executionId="6e77275e-9462-4c05-8a75-58111a6c5bb6" testId="c402f9ec-8f13-951f-df43-c12680e572ae" testName="invalidMoveGivesCorrectPieceName" computerName="ITSSHAW" duration="00:00:00.0069713" startTime="2014-02-04T13:43:48.5194786+02:00" endTime="2014-02-04T13:43:48.5274802+02:00" testType="13cdc9d9-ddb5-4fa4-a97d-d965ccfc6d4b" outcome="Passed" testListId="8c84fa94-04c1-424b-9868-57a2d4851a1d" relativeResultsDirectory="6e77275e-9462-4c05-8a75-58111a6c5bb6">
    </UnitTestResult>
    <UnitTestResult executionId="ff9044ed-c1ff-4008-96e9-21e6384b25a7" testId="623f0bb4-6cd6-0db1-bf8f-7a93fb8b942e" testName="canMoveBlackRookHorizonallyLeft" computerName="ITSSHAW" duration="00:00:00.0134065" startTime="2014-02-04T13:43:48.5284804+02:00" endTime="2014-02-04T13:43:48.5424832+02:00" testType="13cdc9d9-ddb5-4fa4-a97d-d965ccfc6d4b" outcome="Passed" testListId="8c84fa94-04c1-424b-9868-57a2d4851a1d" relativeResultsDirectory="ff9044ed-c1ff-4008-96e9-21e6384b25a7">
    </UnitTestResult>
    <UnitTestResult executionId="60e72a66-457f-450c-a9a7-52818d00460b" testId="30e04109-c65f-2193-e674-b29f22492ca5" testName="canMoveBlackRookHorizontallyRight" computerName="ITSSHAW" duration="00:00:00.0099207" startTime="2014-02-04T13:43:48.5434834+02:00" endTime="2014-02-04T13:43:48.5544856+02:00" testType="13cdc9d9-ddb5-4fa4-a97d-d965ccfc6d4b" outcome="Passed" testListId="8c84fa94-04c1-424b-9868-57a2d4851a1d" relativeResultsDirectory="60e72a66-457f-450c-a9a7-52818d00460b">
    </UnitTestResult>
    <UnitTestResult executionId="cca3f1c4-c7a5-4a18-a161-6103ff9aad1f" testId="80cf12b5-407d-385e-fa57-ce82569f7e4e" testName="canMoveBlackRookVerticallyDown" computerName="ITSSHAW" duration="00:00:00.0136015" startTime="2014-02-04T13:43:48.5554858+02:00" endTime="2014-02-04T13:43:48.5694886+02:00" testType="13cdc9d9-ddb5-4fa4-a97d-d965ccfc6d4b" outcome="Passed" testListId="8c84fa94-04c1-424b-9868-57a2d4851a1d" relativeResultsDirectory="cca3f1c4-c7a5-4a18-a161-6103ff9aad1f">
    </UnitTestResult>
    <UnitTestResult executionId="d2d05c01-99e2-4a76-a394-28a24cfa0dc1" testId="4e5788c1-ada8-e773-ce47-116c6628d2aa" testName="canMoveBlackRookVerticallyUp" computerName="ITSSHAW" duration="00:00:00.0102814" startTime="2014-02-04T13:43:48.5714890+02:00" endTime="2014-02-04T13:43:48.5814910+02:00" testType="13cdc9d9-ddb5-4fa4-a97d-d965ccfc6d4b" outcome="Passed" testListId="8c84fa94-04c1-424b-9868-57a2d4851a1d" relativeResultsDirectory="d2d05c01-99e2-4a76-a394-28a24cfa0dc1">
    </UnitTestResult>
    <UnitTestResult executionId="c781da62-9428-4e20-a8ec-bbc1e37cf212" testId="59555551-2870-ef13-6be7-cabc129b6b60" testName="canMoveWhiteRookHorizontallyLeft" computerName="ITSSHAW" duration="00:00:00.0103372" startTime="2014-02-04T13:43:48.5824912+02:00" endTime="2014-02-04T13:43:48.5944936+02:00" testType="13cdc9d9-ddb5-4fa4-a97d-d965ccfc6d4b" outcome="Passed" testListId="8c84fa94-04c1-424b-9868-57a2d4851a1d" relativeResultsDirectory="c781da62-9428-4e20-a8ec-bbc1e37cf212">
    </UnitTestResult>
    <UnitTestResult executionId="171c4c7e-1271-4ca2-8e8e-dfe9cdde0628" testId="cd30a197-746f-89fa-f26c-aad357b6347f" testName="canMoveWhiteRookHorizontallyRight" computerName="ITSSHAW" duration="00:00:00.0131928" startTime="2014-02-04T13:43:48.5954938+02:00" endTime="2014-02-04T13:43:48.6094966+02:00" testType="13cdc9d9-ddb5-4fa4-a97d-d965ccfc6d4b" outcome="Passed" testListId="8c84fa94-04c1-424b-9868-57a2d4851a1d" relativeResultsDirectory="171c4c7e-1271-4ca2-8e8e-dfe9cdde0628">
    </UnitTestResult>
    <UnitTestResult executionId="4ae5d6ef-8149-4ef7-92fc-d60a8237e2c8" testId="7ff00668-a1d1-598b-ea2d-b4d066dc2a94" testName="canMoveWhiteRookVerticallyDown" computerName="ITSSHAW" duration="00:00:00.0102844" startTime="2014-02-04T13:43:48.6114970+02:00" endTime="2014-02-04T13:43:48.6214990+02:00" testType="13cdc9d9-ddb5-4fa4-a97d-d965ccfc6d4b" outcome="Passed" testListId="8c84fa94-04c1-424b-9868-57a2d4851a1d" relativeResultsDirectory="4ae5d6ef-8149-4ef7-92fc-d60a8237e2c8">
    </UnitTestResult>
    <UnitTestResult executionId="26d575ed-63a4-4886-bc08-7d3cc1d4da4b" testId="6d564f94-5eaa-e990-ac62-ae2a50bad2a5" testName="canMoveWhiteRookVerticallyUp" computerName="ITSSHAW" duration="00:00:00.0136462" startTime="2014-02-04T13:43:48.6234994+02:00" endTime="2014-02-04T13:43:48.6375022+02:00" testType="13cdc9d9-ddb5-4fa4-a97d-d965ccfc6d4b" outcome="Passed" testListId="8c84fa94-04c1-424b-9868-57a2d4851a1d" relativeResultsDirectory="26d575ed-63a4-4886-bc08-7d3cc1d4da4b">
    </UnitTestResult>
    <UnitTestResult executionId="a76d3f97-7416-441a-b32e-c62ea0591895" testId="a5b7c6bb-ac35-2bcc-b00a-fa06ab788ad9" testName="cannotCaptureOwnPieceHorizontallyLeft" computerName="ITSSHAW" duration="00:00:00.0038513" startTime="2014-02-04T13:43:48.6385024+02:00" endTime="2014-02-04T13:43:48.6435034+02:00" testType="13cdc9d9-ddb5-4fa4-a97d-d965ccfc6d4b" outcome="Passed" testListId="8c84fa94-04c1-424b-9868-57a2d4851a1d" relativeResultsDirectory="a76d3f97-7416-441a-b32e-c62ea0591895">
    </UnitTestResult>
    <UnitTestResult executionId="04bb838d-803b-4bac-b720-5abb4fbbba89" testId="e12fb60a-f115-e1f0-522a-512140600c5d" testName="cannotCaptureOwnPieceHorizontallyRight" computerName="ITSSHAW" duration="00:00:00.0033049" startTime="2014-02-04T13:43:48.6445036+02:00" endTime="2014-02-04T13:43:48.6475042+02:00" testType="13cdc9d9-ddb5-4fa4-a97d-d965ccfc6d4b" outcome="Passed" testListId="8c84fa94-04c1-424b-9868-57a2d4851a1d" relativeResultsDirectory="04bb838d-803b-4bac-b720-5abb4fbbba89">
    </UnitTestResult>
    <UnitTestResult executionId="34e5651c-905c-41d0-ba47-2592886e4ea2" testId="9f249bfa-9307-bb63-1468-401f06cff04f" testName="cannotCaptureOwnPieceVerticallyDown" computerName="ITSSHAW" duration="00:00:00.0036297" startTime="2014-02-04T13:43:48.6495046+02:00" endTime="2014-02-04T13:43:48.6535054+02:00" testType="13cdc9d9-ddb5-4fa4-a97d-d965ccfc6d4b" outcome="Passed" testListId="8c84fa94-04c1-424b-9868-57a2d4851a1d" relativeResultsDirectory="34e5651c-905c-41d0-ba47-2592886e4ea2">
    </UnitTestResult>
    <UnitTestResult executionId="3f7b2471-2238-4650-91ef-20043fd274c6" testId="40c80f36-2521-e262-e128-84747b64c92c" testName="cannotCaptureOwnPieceVerticallyUp" computerName="ITSSHAW" duration="00:00:00.0034767" startTime="2014-02-04T13:43:48.6545056+02:00" endTime="2014-02-04T13:43:48.6585064+02:00" testType="13cdc9d9-ddb5-4fa4-a97d-d965ccfc6d4b" outcome="Passed" testListId="8c84fa94-04c1-424b-9868-57a2d4851a1d" relativeResultsDirectory="3f7b2471-2238-4650-91ef-20043fd274c6">
    </UnitTestResult>
    <UnitTestResult executionId="3635fc11-c682-4584-8131-07a15d97420c" testId="e3b4f7d1-fd34-7000-16fb-2198b034047c" testName="cannotMoveRookPastCaptureHorizontallyLeft" computerName="ITSSHAW" duration="00:00:00.0036832" startTime="2014-02-04T13:43:48.6605068+02:00" endTime="2014-02-04T13:43:48.6645076+02:00" testType="13cdc9d9-ddb5-4fa4-a97d-d965ccfc6d4b" outcome="Passed" testListId="8c84fa94-04c1-424b-9868-57a2d4851a1d" relativeResultsDirectory="3635fc11-c682-4584-8131-07a15d97420c">
    </UnitTestResult>
    <UnitTestResult executionId="595f926c-2d6a-4572-a031-75b20f3a52a9" testId="55a6d228-78a5-d622-034e-b73abe2c7a6d" testName="cannotMoveRookPastCaptureHorizontallyRight" computerName="ITSSHAW" duration="00:00:00.0033689" startTime="2014-02-04T13:43:48.6655078+02:00" endTime="2014-02-04T13:43:48.6695086+02:00" testType="13cdc9d9-ddb5-4fa4-a97d-d965ccfc6d4b" outcome="Passed" testListId="8c84fa94-04c1-424b-9868-57a2d4851a1d" relativeResultsDirectory="595f926c-2d6a-4572-a031-75b20f3a52a9">
    </UnitTestResult>
    <UnitTestResult executionId="4b040f4a-e7d2-4ce6-a18a-0ac743324cc5" testId="47054227-bef7-8a81-5406-698a72b51579" testName="cannotMoveRookPastCaptureVerticallyDown" computerName="ITSSHAW" duration="00:00:00.0035875" startTime="2014-02-04T13:43:48.6695086+02:00" endTime="2014-02-04T13:43:48.6745096+02:00" testType="13cdc9d9-ddb5-4fa4-a97d-d965ccfc6d4b" outcome="Passed" testListId="8c84fa94-04c1-424b-9868-57a2d4851a1d" relativeResultsDirectory="4b040f4a-e7d2-4ce6-a18a-0ac743324cc5">
    </UnitTestResult>
    <UnitTestResult executionId="b6a32d63-e34c-4ce2-ba8b-baf13c7f81ee" testId="a0f3f893-c4ef-ab53-8734-d2a1d7c9bd6f" testName="cannotMoveRookPastCaptureVerticallyUp" computerName="ITSSHAW" duration="00:00:00.0035437" startTime="2014-02-04T13:43:48.6745096+02:00" endTime="2014-02-04T13:43:48.6805108+02:00" testType="13cdc9d9-ddb5-4fa4-a97d-d965ccfc6d4b" outcome="Passed" testListId="8c84fa94-04c1-424b-9868-57a2d4851a1d" relativeResultsDirectory="b6a32d63-e34c-4ce2-ba8b-baf13c7f81ee">
    </UnitTestResult>
    <UnitTestResult executionId="5665fb49-e1e8-4be6-b48c-e63407252e74" testId="cc5c40cc-583d-811b-ee50-c1611290992c" testName="invalidMoveGivesCorrectPieceName" computerName="ITSSHAW" duration="00:00:00.0036880" startTime="2014-02-04T13:43:48.6805108+02:00" endTime="2014-02-04T13:43:48.6855118+02:00" testType="13cdc9d9-ddb5-4fa4-a97d-d965ccfc6d4b" outcome="Passed" testListId="8c84fa94-04c1-424b-9868-57a2d4851a1d" relativeResultsDirectory="5665fb49-e1e8-4be6-b48c-e63407252e74">
    </UnitTestResult>
  </Results>
</TestRun>