<?xml version="1.0" encoding="UTF-8"?>
<TestRun id="ab6b2d7b-3458-47a8-811d-1ddc44f73291" name="Shaneh@ITSSHAW 2014-02-04 13:33:21" runUser="NETWORK\Shaneh" xmlns="http://microsoft.com/schemas/VisualStudio/TeamTest/2010">
  <TestSettings name="Default Test Settings" id="baea6950-c97c-4861-9490-ccbe2541a62b">
    <Execution>
      <TestTypeSpecific />
      <AgentRule name="Execution Agents">
      </AgentRule>
    </Execution>
    <Deployment runDeploymentRoot="Shaneh_ITSSHAW 2014-02-04 13_33_21" />
  </TestSettings>
  <Times creation="2014-02-04T13:33:21.9092972+02:00" queuing="2014-02-04T13:33:22.9097867+02:00" start="2014-02-04T13:33:23.0241857+02:00" finish="2014-02-04T13:33:24.9097622+02:00" />
  <ResultSummary outcome="Completed">
    <Counters total="177" executed="177" passed="177" error="0" failed="0" timeout="0" aborted="0" inconclusive="0" passedButRunAborted="0" notRunnable="0" notExecuted="0" disconnected="0" warning="0" completed="0" inProgress="0" pending="0" />
  </ResultSummary>
  <TestDefinitions>
    <UnitTest name="areKingsSetup" storage="..\chesstests\bin\debug\chesstests.dll" id="f4c8b637-ea9c-8efa-a91b-fbb27555fab4">
      <Execution timeOut="1800000" id="83070075-12dd-49cd-a261-97edecc2f33d" />
      <TestMethod codeBase="C:/Users/ShaneH/Documents/Visual Studio 2012/Projects/Chess/ChessTests/bin/Debug/ChessTests.dll" adapterTypeName="Microsoft.VisualStudio.TestTools.TestTypes.Unit.UnitTestAdapter, Microsoft.VisualStudio.QualityTools.Tips.UnitTest.Adapter, Version=11.0.0.0, Culture=neutral, PublicKeyToken=b03f5f7f11d50a3a" className="ChessTests.ChessTests, ChessTests, Version=1.0.0.0, Culture=neutral, PublicKeyToken=null" name="areKingsSetup" />
    </UnitTest>
    <UnitTest name="canTakeOppositionPieceMovingRight" storage="..\chesstests\bin\debug\chesstests.dll" id="8a3cfb9c-5e17-9d45-b2bc-1a740a423650">
      <Execution timeOut="1800000" id="5326cef8-9836-4bd8-96a0-014502730da6" />
      <TestMethod codeBase="C:/Users/ShaneH/Documents/Visual Studio 2012/Projects/Chess/ChessTests/bin/Debug/ChessTests.dll" adapterTypeName="Microsoft.VisualStudio.TestTools.TestTypes.Unit.UnitTestAdapter, Microsoft.VisualStudio.QualityTools.Tips.UnitTest.Adapter, Version=11.0.0.0, Culture=neutral, PublicKeyToken=b03f5f7f11d50a3a" className="ChessTests.KingTests, ChessTests, Version=1.0.0.0, Culture=neutral, PublicKeyToken=null" name="canTakeOppositionPieceMovingRight" />
    </UnitTest>
    <UnitTest name="cannotMoveRookPastCaptureVerticallyDown" storage="..\chesstests\bin\debug\chesstests.dll" id="47054227-bef7-8a81-5406-698a72b51579">
      <Execution timeOut="1800000" id="8dd7c113-b984-40c6-ab17-de713ac18bd3" />
      <TestMethod codeBase="C:/Users/ShaneH/Documents/Visual Studio 2012/Projects/Chess/ChessTests/bin/Debug/ChessTests.dll" adapterTypeName="Microsoft.VisualStudio.TestTools.TestTypes.Unit.UnitTestAdapter, Microsoft.VisualStudio.QualityTools.Tips.UnitTest.Adapter, Version=11.0.0.0, Culture=neutral, PublicKeyToken=b03f5f7f11d50a3a" className="ChessTests.RookTests, ChessTests, Version=1.0.0.0, Culture=neutral, PublicKeyToken=null" name="cannotMoveRookPastCaptureVerticallyDown" />
    </UnitTest>
    <UnitTest name="canMoveWhiteKnightDownRight" storage="..\chesstests\bin\debug\chesstests.dll" id="3d0b3fd5-ed3e-b00a-e692-69db01d97037">
      <Execution timeOut="1800000" id="c8fb5672-298d-4122-a6aa-d746de41ef8b" />
      <TestMethod codeBase="C:/Users/ShaneH/Documents/Visual Studio 2012/Projects/Chess/ChessTests/bin/Debug/ChessTests.dll" adapterTypeName="Microsoft.VisualStudio.TestTools.TestTypes.Unit.UnitTestAdapter, Microsoft.VisualStudio.QualityTools.Tips.UnitTest.Adapter, Version=11.0.0.0, Culture=neutral, PublicKeyToken=b03f5f7f11d50a3a" className="ChessTests.KnightTests, ChessTests, Version=1.0.0.0, Culture=neutral, PublicKeyToken=null" name="canMoveWhiteKnightDownRight" />
    </UnitTest>
    <UnitTest name="cannotMoveBlackKnightAnywayElse" storage="..\chesstests\bin\debug\chesstests.dll" id="f1a715f9-9cf1-9e64-a4be-97f94a04714c">
      <Execution timeOut="1800000" id="f8a77593-5ff2-4fd5-bc96-d63a8abd650a" />
      <TestMethod codeBase="C:/Users/ShaneH/Documents/Visual Studio 2012/Projects/Chess/ChessTests/bin/Debug/ChessTests.dll" adapterTypeName="Microsoft.VisualStudio.TestTools.TestTypes.Unit.UnitTestAdapter, Microsoft.VisualStudio.QualityTools.Tips.UnitTest.Adapter, Version=11.0.0.0, Culture=neutral, PublicKeyToken=b03f5f7f11d50a3a" className="ChessTests.KnightTests, ChessTests, Version=1.0.0.0, Culture=neutral, PublicKeyToken=null" name="cannotMoveBlackKnightAnywayElse" />
    </UnitTest>
    <UnitTest name="cannotCaptureOwnPieceBottomRight" storage="..\chesstests\bin\debug\chesstests.dll" id="12e63596-1c4e-b553-8314-65281f6114b3">
      <Execution timeOut="1800000" id="eb2ef57f-8817-4b81-8b84-5a82de31893b" />
      <TestMethod codeBase="C:/Users/ShaneH/Documents/Visual Studio 2012/Projects/Chess/ChessTests/bin/Debug/ChessTests.dll" adapterTypeName="Microsoft.VisualStudio.TestTools.TestTypes.Unit.UnitTestAdapter, Microsoft.VisualStudio.QualityTools.Tips.UnitTest.Adapter, Version=11.0.0.0, Culture=neutral, PublicKeyToken=b03f5f7f11d50a3a" className="ChessTests.KnightTests, ChessTests, Version=1.0.0.0, Culture=neutral, PublicKeyToken=null" name="cannotCaptureOwnPieceBottomRight" />
    </UnitTest>
    <UnitTest name="canTakePawnEnPassantRight" storage="..\chesstests\bin\debug\chesstests.dll" id="77a8b315-06d4-5fac-05d9-90fcccdac88f">
      <Execution timeOut="1800000" id="c3363a01-a581-481a-b188-c337c39e6ab1" />
      <TestMethod codeBase="C:/Users/ShaneH/Documents/Visual Studio 2012/Projects/Chess/ChessTests/bin/Debug/ChessTests.dll" adapterTypeName="Microsoft.VisualStudio.TestTools.TestTypes.Unit.UnitTestAdapter, Microsoft.VisualStudio.QualityTools.Tips.UnitTest.Adapter, Version=11.0.0.0, Culture=neutral, PublicKeyToken=b03f5f7f11d50a3a" className="ChessTests.PawnTests, ChessTests, Version=1.0.0.0, Culture=neutral, PublicKeyToken=null" name="canTakePawnEnPassantRight" />
    </UnitTest>
    <UnitTest name="canTakePawnEnPassantLeft" storage="..\chesstests\bin\debug\chesstests.dll" id="72153cfe-4389-9773-f6fd-6685bb51f896">
      <Execution timeOut="1800000" id="a1fcea51-dc40-4cac-a87e-70e6719d792c" />
      <TestMethod codeBase="C:/Users/ShaneH/Documents/Visual Studio 2012/Projects/Chess/ChessTests/bin/Debug/ChessTests.dll" adapterTypeName="Microsoft.VisualStudio.TestTools.TestTypes.Unit.UnitTestAdapter, Microsoft.VisualStudio.QualityTools.Tips.UnitTest.Adapter, Version=11.0.0.0, Culture=neutral, PublicKeyToken=b03f5f7f11d50a3a" className="ChessTests.PawnTests, ChessTests, Version=1.0.0.0, Culture=neutral, PublicKeyToken=null" name="canTakePawnEnPassantLeft" />
    </UnitTest>
    <UnitTest name="canMoveQueenDiagDownRight" storage="..\chesstests\bin\debug\chesstests.dll" id="e7f23f39-7057-048c-f8c3-7322c51edfe0">
      <Execution timeOut="1800000" id="d5ea25ef-854e-4332-8ce4-611799905703" />
      <TestMethod codeBase="C:/Users/ShaneH/Documents/Visual Studio 2012/Projects/Chess/ChessTests/bin/Debug/ChessTests.dll" adapterTypeName="Microsoft.VisualStudio.TestTools.TestTypes.Unit.UnitTestAdapter, Microsoft.VisualStudio.QualityTools.Tips.UnitTest.Adapter, Version=11.0.0.0, Culture=neutral, PublicKeyToken=b03f5f7f11d50a3a" className="ChessTests.QueenTests, ChessTests, Version=1.0.0.0, Culture=neutral, PublicKeyToken=null" name="canMoveQueenDiagDownRight" />
    </UnitTest>
    <UnitTest name="canMoveKingDownLeft" storage="..\chesstests\bin\debug\chesstests.dll" id="73015d04-f4f5-eb53-f909-b8aae7bb4119">
      <Execution timeOut="1800000" id="8ea7cf71-3189-4cad-bfa7-6fdacdc6a44b" />
      <TestMethod codeBase="C:/Users/ShaneH/Documents/Visual Studio 2012/Projects/Chess/ChessTests/bin/Debug/ChessTests.dll" adapterTypeName="Microsoft.VisualStudio.TestTools.TestTypes.Unit.UnitTestAdapter, Microsoft.VisualStudio.QualityTools.Tips.UnitTest.Adapter, Version=11.0.0.0, Culture=neutral, PublicKeyToken=b03f5f7f11d50a3a" className="ChessTests.KingTests, ChessTests, Version=1.0.0.0, Culture=neutral, PublicKeyToken=null" name="canMoveKingDownLeft" />
    </UnitTest>
    <UnitTest name="cannotCaptureOwnPieceVerticallyUp" storage="..\chesstests\bin\debug\chesstests.dll" id="40c80f36-2521-e262-e128-84747b64c92c">
      <Execution timeOut="1800000" id="4060a05f-5ede-43b9-84e4-b7d5c0042083" />
      <TestMethod codeBase="C:/Users/ShaneH/Documents/Visual Studio 2012/Projects/Chess/ChessTests/bin/Debug/ChessTests.dll" adapterTypeName="Microsoft.VisualStudio.TestTools.TestTypes.Unit.UnitTestAdapter, Microsoft.VisualStudio.QualityTools.Tips.UnitTest.Adapter, Version=11.0.0.0, Culture=neutral, PublicKeyToken=b03f5f7f11d50a3a" className="ChessTests.RookTests, ChessTests, Version=1.0.0.0, Culture=neutral, PublicKeyToken=null" name="cannotCaptureOwnPieceVerticallyUp" />
    </UnitTest>
    <UnitTest name="canMoveWhiteBishopDiagonallyDownRightNoObstructions" storage="..\chesstests\bin\debug\chesstests.dll" id="7b64562e-3d29-ccc9-9a6a-4aaf39707ed4">
      <Execution timeOut="1800000" id="2cb585e2-5353-4e85-9436-1d38f2ad46e9" />
      <TestMethod codeBase="C:/Users/ShaneH/Documents/Visual Studio 2012/Projects/Chess/ChessTests/bin/Debug/ChessTests.dll" adapterTypeName="Microsoft.VisualStudio.TestTools.TestTypes.Unit.UnitTestAdapter, Microsoft.VisualStudio.QualityTools.Tips.UnitTest.Adapter, Version=11.0.0.0, Culture=neutral, PublicKeyToken=b03f5f7f11d50a3a" className="ChessTests.BishopTests, ChessTests, Version=1.0.0.0, Culture=neutral, PublicKeyToken=null" name="canMoveWhiteBishopDiagonallyDownRightNoObstructions" />
    </UnitTest>
    <UnitTest name="blackPawnCanTakePieceLeft" storage="..\chesstests\bin\debug\chesstests.dll" id="31f39857-46fe-cad3-eea6-de16b677be95">
      <Execution timeOut="1800000" id="54eec416-f51a-40ac-98cf-e96efd952483" />
      <TestMethod codeBase="C:/Users/ShaneH/Documents/Visual Studio 2012/Projects/Chess/ChessTests/bin/Debug/ChessTests.dll" adapterTypeName="Microsoft.VisualStudio.TestTools.TestTypes.Unit.UnitTestAdapter, Microsoft.VisualStudio.QualityTools.Tips.UnitTest.Adapter, Version=11.0.0.0, Culture=neutral, PublicKeyToken=b03f5f7f11d50a3a" className="ChessTests.PawnTests, ChessTests, Version=1.0.0.0, Culture=neutral, PublicKeyToken=null" name="blackPawnCanTakePieceLeft" />
    </UnitTest>
    <UnitTest name="kingDefaultNotInCheck" storage="..\chesstests\bin\debug\chesstests.dll" id="3125acd5-3d68-5084-a6d1-b90ea83d13e6">
      <Execution timeOut="1800000" id="8f4cccbf-a9b6-4599-b1a6-602313e68bb6" />
      <TestMethod codeBase="C:/Users/ShaneH/Documents/Visual Studio 2012/Projects/Chess/ChessTests/bin/Debug/ChessTests.dll" adapterTypeName="Microsoft.VisualStudio.TestTools.TestTypes.Unit.UnitTestAdapter, Microsoft.VisualStudio.QualityTools.Tips.UnitTest.Adapter, Version=11.0.0.0, Culture=neutral, PublicKeyToken=b03f5f7f11d50a3a" className="ChessTests.CheckTests, ChessTests, Version=1.0.0.0, Culture=neutral, PublicKeyToken=null" name="kingDefaultNotInCheck" />
    </UnitTest>
    <UnitTest name="areOddRowColoursSetup" storage="..\chesstests\bin\debug\chesstests.dll" id="d4ac55cd-7290-4fbf-9991-5ab16bc1fda2">
      <Execution timeOut="1800000" id="c82bd42e-d8f8-44de-b58b-f32ebc6aee98" />
      <TestMethod codeBase="C:/Users/ShaneH/Documents/Visual Studio 2012/Projects/Chess/ChessTests/bin/Debug/ChessTests.dll" adapterTypeName="Microsoft.VisualStudio.TestTools.TestTypes.Unit.UnitTestAdapter, Microsoft.VisualStudio.QualityTools.Tips.UnitTest.Adapter, Version=11.0.0.0, Culture=neutral, PublicKeyToken=b03f5f7f11d50a3a" className="ChessTests.ChessTests, ChessTests, Version=1.0.0.0, Culture=neutral, PublicKeyToken=null" name="areOddRowColoursSetup" />
    </UnitTest>
    <UnitTest name="cannotMoveSidewaysWhenInCheck" storage="..\chesstests\bin\debug\chesstests.dll" id="58f47b40-1f4e-dda1-7e49-4571a6d9b259">
      <Execution timeOut="1800000" id="94ed7de6-7bc4-4509-9801-c45cdd174092" />
      <TestMethod codeBase="C:/Users/ShaneH/Documents/Visual Studio 2012/Projects/Chess/ChessTests/bin/Debug/ChessTests.dll" adapterTypeName="Microsoft.VisualStudio.TestTools.TestTypes.Unit.UnitTestAdapter, Microsoft.VisualStudio.QualityTools.Tips.UnitTest.Adapter, Version=11.0.0.0, Culture=neutral, PublicKeyToken=b03f5f7f11d50a3a" className="ChessTests.KingTests, ChessTests, Version=1.0.0.0, Culture=neutral, PublicKeyToken=null" name="cannotMoveSidewaysWhenInCheck" />
    </UnitTest>
    <UnitTest name="cannotCaptureOwnPieceHorizontallyRight" storage="..\chesstests\bin\debug\chesstests.dll" id="e12fb60a-f115-e1f0-522a-512140600c5d">
      <Execution timeOut="1800000" id="7377e9ba-2c85-4556-baf2-51a43ec3691e" />
      <TestMethod codeBase="C:/Users/ShaneH/Documents/Visual Studio 2012/Projects/Chess/ChessTests/bin/Debug/ChessTests.dll" adapterTypeName="Microsoft.VisualStudio.TestTools.TestTypes.Unit.UnitTestAdapter, Microsoft.VisualStudio.QualityTools.Tips.UnitTest.Adapter, Version=11.0.0.0, Culture=neutral, PublicKeyToken=b03f5f7f11d50a3a" className="ChessTests.RookTests, ChessTests, Version=1.0.0.0, Culture=neutral, PublicKeyToken=null" name="cannotCaptureOwnPieceHorizontallyRight" />
    </UnitTest>
    <UnitTest name="canMoveBlackKnightDownRight" storage="..\chesstests\bin\debug\chesstests.dll" id="5e1118ed-9b53-f770-8503-6b91f9e32547">
      <Execution timeOut="1800000" id="91f20d1b-f73a-4943-ad52-2febf510890a" />
      <TestMethod codeBase="C:/Users/ShaneH/Documents/Visual Studio 2012/Projects/Chess/ChessTests/bin/Debug/ChessTests.dll" adapterTypeName="Microsoft.VisualStudio.TestTools.TestTypes.Unit.UnitTestAdapter, Microsoft.VisualStudio.QualityTools.Tips.UnitTest.Adapter, Version=11.0.0.0, Culture=neutral, PublicKeyToken=b03f5f7f11d50a3a" className="ChessTests.KnightTests, ChessTests, Version=1.0.0.0, Culture=neutral, PublicKeyToken=null" name="canMoveBlackKnightDownRight" />
    </UnitTest>
    <UnitTest name="invalidMoveGivesCorrectPieceName" storage="..\chesstests\bin\debug\chesstests.dll" id="c9fb8199-30a5-e351-264b-e657ae13b916">
      <Execution timeOut="1800000" id="9f61d953-65d3-4217-a6cc-5248f1a1200e" />
      <TestMethod codeBase="C:/Users/ShaneH/Documents/Visual Studio 2012/Projects/Chess/ChessTests/bin/Debug/ChessTests.dll" adapterTypeName="Microsoft.VisualStudio.TestTools.TestTypes.Unit.UnitTestAdapter, Microsoft.VisualStudio.QualityTools.Tips.UnitTest.Adapter, Version=11.0.0.0, Culture=neutral, PublicKeyToken=b03f5f7f11d50a3a" className="ChessTests.PawnTests, ChessTests, Version=1.0.0.0, Culture=neutral, PublicKeyToken=null" name="invalidMoveGivesCorrectPieceName" />
    </UnitTest>
    <UnitTest name="canMoveBlackKnightDownLeft" storage="..\chesstests\bin\debug\chesstests.dll" id="708e0fda-e1a5-7f8b-3069-c1364aee94b5">
      <Execution timeOut="1800000" id="906afc2d-b0b2-45c7-b0bf-2e02ed72019d" />
      <TestMethod codeBase="C:/Users/ShaneH/Documents/Visual Studio 2012/Projects/Chess/ChessTests/bin/Debug/ChessTests.dll" adapterTypeName="Microsoft.VisualStudio.TestTools.TestTypes.Unit.UnitTestAdapter, Microsoft.VisualStudio.QualityTools.Tips.UnitTest.Adapter, Version=11.0.0.0, Culture=neutral, PublicKeyToken=b03f5f7f11d50a3a" className="ChessTests.KnightTests, ChessTests, Version=1.0.0.0, Culture=neutral, PublicKeyToken=null" name="canMoveBlackKnightDownLeft" />
    </UnitTest>
    <UnitTest name="canTakeOppositionPieceMovingForward" storage="..\chesstests\bin\debug\chesstests.dll" id="6043af01-0728-5b9e-9c02-bbb4296a7b49">
      <Execution timeOut="1800000" id="45a9c779-7f70-4218-a914-12829bf871d5" />
      <TestMethod codeBase="C:/Users/ShaneH/Documents/Visual Studio 2012/Projects/Chess/ChessTests/bin/Debug/ChessTests.dll" adapterTypeName="Microsoft.VisualStudio.TestTools.TestTypes.Unit.UnitTestAdapter, Microsoft.VisualStudio.QualityTools.Tips.UnitTest.Adapter, Version=11.0.0.0, Culture=neutral, PublicKeyToken=b03f5f7f11d50a3a" className="ChessTests.KingTests, ChessTests, Version=1.0.0.0, Culture=neutral, PublicKeyToken=null" name="canTakeOppositionPieceMovingForward" />
    </UnitTest>
    <UnitTest name="moveEnPassantLeftRemovesPiece" storage="..\chesstests\bin\debug\chesstests.dll" id="4f8f2480-799b-0be7-4437-c1ecf75fbaa1">
      <Execution timeOut="1800000" id="d34e560e-f0f2-41b8-b8ce-7dd84189126e" />
      <TestMethod codeBase="C:/Users/ShaneH/Documents/Visual Studio 2012/Projects/Chess/ChessTests/bin/Debug/ChessTests.dll" adapterTypeName="Microsoft.VisualStudio.TestTools.TestTypes.Unit.UnitTestAdapter, Microsoft.VisualStudio.QualityTools.Tips.UnitTest.Adapter, Version=11.0.0.0, Culture=neutral, PublicKeyToken=b03f5f7f11d50a3a" className="ChessTests.PawnTests, ChessTests, Version=1.0.0.0, Culture=neutral, PublicKeyToken=null" name="moveEnPassantLeftRemovesPiece" />
    </UnitTest>
    <UnitTest name="canMoveQueenDiagDownLeft" storage="..\chesstests\bin\debug\chesstests.dll" id="2d6867c6-934d-12ca-881f-8ca2af17d2e4">
      <Execution timeOut="1800000" id="124b0ee2-1713-4b9f-9439-6d9f3959b912" />
      <TestMethod codeBase="C:/Users/ShaneH/Documents/Visual Studio 2012/Projects/Chess/ChessTests/bin/Debug/ChessTests.dll" adapterTypeName="Microsoft.VisualStudio.TestTools.TestTypes.Unit.UnitTestAdapter, Microsoft.VisualStudio.QualityTools.Tips.UnitTest.Adapter, Version=11.0.0.0, Culture=neutral, PublicKeyToken=b03f5f7f11d50a3a" className="ChessTests.QueenTests, ChessTests, Version=1.0.0.0, Culture=neutral, PublicKeyToken=null" name="canMoveQueenDiagDownLeft" />
    </UnitTest>
    <UnitTest name="noErrorOnTopRight" storage="..\chesstests\bin\debug\chesstests.dll" id="4981dea8-f169-664c-472f-78db2ae78861">
      <Execution timeOut="1800000" id="0d45c66f-8edd-4b13-8393-9ecd1bdcd68d" />
      <TestMethod codeBase="C:/Users/ShaneH/Documents/Visual Studio 2012/Projects/Chess/ChessTests/bin/Debug/ChessTests.dll" adapterTypeName="Microsoft.VisualStudio.TestTools.TestTypes.Unit.UnitTestAdapter, Microsoft.VisualStudio.QualityTools.Tips.UnitTest.Adapter, Version=11.0.0.0, Culture=neutral, PublicKeyToken=b03f5f7f11d50a3a" className="ChessTests.KnightTests, ChessTests, Version=1.0.0.0, Culture=neutral, PublicKeyToken=null" name="noErrorOnTopRight" />
    </UnitTest>
    <UnitTest name="cannotCaptureOwnPieceVerticallyDown" storage="..\chesstests\bin\debug\chesstests.dll" id="9f249bfa-9307-bb63-1468-401f06cff04f">
      <Execution timeOut="1800000" id="c212245b-0c2a-409d-9ad8-99da3a1206c3" />
      <TestMethod codeBase="C:/Users/ShaneH/Documents/Visual Studio 2012/Projects/Chess/ChessTests/bin/Debug/ChessTests.dll" adapterTypeName="Microsoft.VisualStudio.TestTools.TestTypes.Unit.UnitTestAdapter, Microsoft.VisualStudio.QualityTools.Tips.UnitTest.Adapter, Version=11.0.0.0, Culture=neutral, PublicKeyToken=b03f5f7f11d50a3a" className="ChessTests.RookTests, ChessTests, Version=1.0.0.0, Culture=neutral, PublicKeyToken=null" name="cannotCaptureOwnPieceVerticallyDown" />
    </UnitTest>
    <UnitTest name="canMoveWhiteBishopDiagonallyDownLeftNoObstructions" storage="..\chesstests\bin\debug\chesstests.dll" id="cbde31ee-3d88-9411-c095-9535119853f5">
      <Execution timeOut="1800000" id="956d61b0-1456-4ef0-9e52-7809d8b01af9" />
      <TestMethod codeBase="C:/Users/ShaneH/Documents/Visual Studio 2012/Projects/Chess/ChessTests/bin/Debug/ChessTests.dll" adapterTypeName="Microsoft.VisualStudio.TestTools.TestTypes.Unit.UnitTestAdapter, Microsoft.VisualStudio.QualityTools.Tips.UnitTest.Adapter, Version=11.0.0.0, Culture=neutral, PublicKeyToken=b03f5f7f11d50a3a" className="ChessTests.BishopTests, ChessTests, Version=1.0.0.0, Culture=neutral, PublicKeyToken=null" name="canMoveWhiteBishopDiagonallyDownLeftNoObstructions" />
    </UnitTest>
    <UnitTest name="cannotJumpOppositionDiagDownLeft" storage="..\chesstests\bin\debug\chesstests.dll" id="fd4c62da-b4fc-b947-da46-845314dd7c18">
      <Execution timeOut="1800000" id="f317a200-4d5f-419d-aa00-a61929583acc" />
      <TestMethod codeBase="C:/Users/ShaneH/Documents/Visual Studio 2012/Projects/Chess/ChessTests/bin/Debug/ChessTests.dll" adapterTypeName="Microsoft.VisualStudio.TestTools.TestTypes.Unit.UnitTestAdapter, Microsoft.VisualStudio.QualityTools.Tips.UnitTest.Adapter, Version=11.0.0.0, Culture=neutral, PublicKeyToken=b03f5f7f11d50a3a" className="ChessTests.BishopTests, ChessTests, Version=1.0.0.0, Culture=neutral, PublicKeyToken=null" name="cannotJumpOppositionDiagDownLeft" />
    </UnitTest>
    <UnitTest name="whitePawnCannotMoveBackwards" storage="..\chesstests\bin\debug\chesstests.dll" id="5e0522cb-aa6a-a547-6b61-65ded7b9398a">
      <Execution timeOut="1800000" id="aa1fdeea-235d-4e96-80b8-e3eca6cb4891" />
      <TestMethod codeBase="C:/Users/ShaneH/Documents/Visual Studio 2012/Projects/Chess/ChessTests/bin/Debug/ChessTests.dll" adapterTypeName="Microsoft.VisualStudio.TestTools.TestTypes.Unit.UnitTestAdapter, Microsoft.VisualStudio.QualityTools.Tips.UnitTest.Adapter, Version=11.0.0.0, Culture=neutral, PublicKeyToken=b03f5f7f11d50a3a" className="ChessTests.PawnTests, ChessTests, Version=1.0.0.0, Culture=neutral, PublicKeyToken=null" name="whitePawnCannotMoveBackwards" />
    </UnitTest>
    <UnitTest name="areBishopsSetup" storage="..\chesstests\bin\debug\chesstests.dll" id="59322b24-fed2-1448-d0b4-50356cfcbb98">
      <Execution timeOut="1800000" id="4bc39b38-b548-4f7a-9cf5-9a61707f2b9f" />
      <TestMethod codeBase="C:/Users/ShaneH/Documents/Visual Studio 2012/Projects/Chess/ChessTests/bin/Debug/ChessTests.dll" adapterTypeName="Microsoft.VisualStudio.TestTools.TestTypes.Unit.UnitTestAdapter, Microsoft.VisualStudio.QualityTools.Tips.UnitTest.Adapter, Version=11.0.0.0, Culture=neutral, PublicKeyToken=b03f5f7f11d50a3a" className="ChessTests.ChessTests, ChessTests, Version=1.0.0.0, Culture=neutral, PublicKeyToken=null" name="areBishopsSetup" />
    </UnitTest>
    <UnitTest name="cannotTakeOwnPieceDiagLeft" storage="..\chesstests\bin\debug\chesstests.dll" id="17c89217-fc60-adea-d5e7-d8f5759cacf3">
      <Execution timeOut="1800000" id="2db18d5c-3eca-45c4-8b61-9d73758c09e8" />
      <TestMethod codeBase="C:/Users/ShaneH/Documents/Visual Studio 2012/Projects/Chess/ChessTests/bin/Debug/ChessTests.dll" adapterTypeName="Microsoft.VisualStudio.TestTools.TestTypes.Unit.UnitTestAdapter, Microsoft.VisualStudio.QualityTools.Tips.UnitTest.Adapter, Version=11.0.0.0, Culture=neutral, PublicKeyToken=b03f5f7f11d50a3a" className="ChessTests.PawnTests, ChessTests, Version=1.0.0.0, Culture=neutral, PublicKeyToken=null" name="cannotTakeOwnPieceDiagLeft" />
    </UnitTest>
    <UnitTest name="canTakeOppositionPieceMovingLeft" storage="..\chesstests\bin\debug\chesstests.dll" id="cdb353a5-fbfe-08cc-ac19-32e4bc7ee0af">
      <Execution timeOut="1800000" id="f784a0d5-c6ad-4e3b-a65e-1c5bc6026083" />
      <TestMethod codeBase="C:/Users/ShaneH/Documents/Visual Studio 2012/Projects/Chess/ChessTests/bin/Debug/ChessTests.dll" adapterTypeName="Microsoft.VisualStudio.TestTools.TestTypes.Unit.UnitTestAdapter, Microsoft.VisualStudio.QualityTools.Tips.UnitTest.Adapter, Version=11.0.0.0, Culture=neutral, PublicKeyToken=b03f5f7f11d50a3a" className="ChessTests.KingTests, ChessTests, Version=1.0.0.0, Culture=neutral, PublicKeyToken=null" name="canTakeOppositionPieceMovingLeft" />
    </UnitTest>
    <UnitTest name="canMoveBlackRookVerticallyDown" storage="..\chesstests\bin\debug\chesstests.dll" id="80cf12b5-407d-385e-fa57-ce82569f7e4e">
      <Execution timeOut="1800000" id="cd07990a-3427-4fd0-9823-6b114211631f" />
      <TestMethod codeBase="C:/Users/ShaneH/Documents/Visual Studio 2012/Projects/Chess/ChessTests/bin/Debug/ChessTests.dll" adapterTypeName="Microsoft.VisualStudio.TestTools.TestTypes.Unit.UnitTestAdapter, Microsoft.VisualStudio.QualityTools.Tips.UnitTest.Adapter, Version=11.0.0.0, Culture=neutral, PublicKeyToken=b03f5f7f11d50a3a" className="ChessTests.RookTests, ChessTests, Version=1.0.0.0, Culture=neutral, PublicKeyToken=null" name="canMoveBlackRookVerticallyDown" />
    </UnitTest>
    <UnitTest name="canMoveWhiteRookHorizontallyRight" storage="..\chesstests\bin\debug\chesstests.dll" id="cd30a197-746f-89fa-f26c-aad357b6347f">
      <Execution timeOut="1800000" id="94d5d935-b798-4627-9bfc-86f7d28e4f9b" />
      <TestMethod codeBase="C:/Users/ShaneH/Documents/Visual Studio 2012/Projects/Chess/ChessTests/bin/Debug/ChessTests.dll" adapterTypeName="Microsoft.VisualStudio.TestTools.TestTypes.Unit.UnitTestAdapter, Microsoft.VisualStudio.QualityTools.Tips.UnitTest.Adapter, Version=11.0.0.0, Culture=neutral, PublicKeyToken=b03f5f7f11d50a3a" className="ChessTests.RookTests, ChessTests, Version=1.0.0.0, Culture=neutral, PublicKeyToken=null" name="canMoveWhiteRookHorizontallyRight" />
    </UnitTest>
    <UnitTest name="cannotMoveRookPastCaptureHorizontallyLeft" storage="..\chesstests\bin\debug\chesstests.dll" id="e3b4f7d1-fd34-7000-16fb-2198b034047c">
      <Execution timeOut="1800000" id="000fc80d-8b63-4969-8738-9c8dfd3bf083" />
      <TestMethod codeBase="C:/Users/ShaneH/Documents/Visual Studio 2012/Projects/Chess/ChessTests/bin/Debug/ChessTests.dll" adapterTypeName="Microsoft.VisualStudio.TestTools.TestTypes.Unit.UnitTestAdapter, Microsoft.VisualStudio.QualityTools.Tips.UnitTest.Adapter, Version=11.0.0.0, Culture=neutral, PublicKeyToken=b03f5f7f11d50a3a" className="ChessTests.RookTests, ChessTests, Version=1.0.0.0, Culture=neutral, PublicKeyToken=null" name="cannotMoveRookPastCaptureHorizontallyLeft" />
    </UnitTest>
    <UnitTest name="cannotMoveRookPastCaptureVerticallyUp" storage="..\chesstests\bin\debug\chesstests.dll" id="a0f3f893-c4ef-ab53-8734-d2a1d7c9bd6f">
      <Execution timeOut="1800000" id="1da2c01a-de21-4e31-abf3-247a3623e912" />
      <TestMethod codeBase="C:/Users/ShaneH/Documents/Visual Studio 2012/Projects/Chess/ChessTests/bin/Debug/ChessTests.dll" adapterTypeName="Microsoft.VisualStudio.TestTools.TestTypes.Unit.UnitTestAdapter, Microsoft.VisualStudio.QualityTools.Tips.UnitTest.Adapter, Version=11.0.0.0, Culture=neutral, PublicKeyToken=b03f5f7f11d50a3a" className="ChessTests.RookTests, ChessTests, Version=1.0.0.0, Culture=neutral, PublicKeyToken=null" name="cannotMoveRookPastCaptureVerticallyUp" />
    </UnitTest>
    <UnitTest name="cannotTakeOwnPieceDiagDownLeft" storage="..\chesstests\bin\debug\chesstests.dll" id="11146e4e-bbf4-ec57-67f8-0efcf6651dcd">
      <Execution timeOut="1800000" id="50bb02fc-ad01-41d8-9eac-8a25b0c05048" />
      <TestMethod codeBase="C:/Users/ShaneH/Documents/Visual Studio 2012/Projects/Chess/ChessTests/bin/Debug/ChessTests.dll" adapterTypeName="Microsoft.VisualStudio.TestTools.TestTypes.Unit.UnitTestAdapter, Microsoft.VisualStudio.QualityTools.Tips.UnitTest.Adapter, Version=11.0.0.0, Culture=neutral, PublicKeyToken=b03f5f7f11d50a3a" className="ChessTests.BishopTests, ChessTests, Version=1.0.0.0, Culture=neutral, PublicKeyToken=null" name="cannotTakeOwnPieceDiagDownLeft" />
    </UnitTest>
    <UnitTest name="blackPawnCannotTakeEmptyPieceRight" storage="..\chesstests\bin\debug\chesstests.dll" id="d6be978c-e15f-fa6c-2dca-55f439cdf674">
      <Execution timeOut="1800000" id="c283f996-edfa-4037-9126-e3d9abecb9e4" />
      <TestMethod codeBase="C:/Users/ShaneH/Documents/Visual Studio 2012/Projects/Chess/ChessTests/bin/Debug/ChessTests.dll" adapterTypeName="Microsoft.VisualStudio.TestTools.TestTypes.Unit.UnitTestAdapter, Microsoft.VisualStudio.QualityTools.Tips.UnitTest.Adapter, Version=11.0.0.0, Culture=neutral, PublicKeyToken=b03f5f7f11d50a3a" className="ChessTests.PawnTests, ChessTests, Version=1.0.0.0, Culture=neutral, PublicKeyToken=null" name="blackPawnCannotTakeEmptyPieceRight" />
    </UnitTest>
    <UnitTest name="areRooksSetup" storage="..\chesstests\bin\debug\chesstests.dll" id="9ea0817e-195f-4525-9215-e116df1a5f63">
      <Execution timeOut="1800000" id="2b583f90-8a16-4436-9665-cbd8c291f005" />
      <TestMethod codeBase="C:/Users/ShaneH/Documents/Visual Studio 2012/Projects/Chess/ChessTests/bin/Debug/ChessTests.dll" adapterTypeName="Microsoft.VisualStudio.TestTools.TestTypes.Unit.UnitTestAdapter, Microsoft.VisualStudio.QualityTools.Tips.UnitTest.Adapter, Version=11.0.0.0, Culture=neutral, PublicKeyToken=b03f5f7f11d50a3a" className="ChessTests.ChessTests, ChessTests, Version=1.0.0.0, Culture=neutral, PublicKeyToken=null" name="areRooksSetup" />
    </UnitTest>
    <UnitTest name="moveEnPassantLeftNotImmediateThrowError" storage="..\chesstests\bin\debug\chesstests.dll" id="6d29da73-1392-f864-ac11-db455215ce75">
      <Execution timeOut="1800000" id="34dcc96a-9a7c-4277-8a74-3feb911fd819" />
      <TestMethod codeBase="C:/Users/ShaneH/Documents/Visual Studio 2012/Projects/Chess/ChessTests/bin/Debug/ChessTests.dll" adapterTypeName="Microsoft.VisualStudio.TestTools.TestTypes.Unit.UnitTestAdapter, Microsoft.VisualStudio.QualityTools.Tips.UnitTest.Adapter, Version=11.0.0.0, Culture=neutral, PublicKeyToken=b03f5f7f11d50a3a" className="ChessTests.PawnTests, ChessTests, Version=1.0.0.0, Culture=neutral, PublicKeyToken=null" name="moveEnPassantLeftNotImmediateThrowError" />
    </UnitTest>
    <UnitTest name="cannotCaptureOwnPieceHorizontallyLeft" storage="..\chesstests\bin\debug\chesstests.dll" id="a5b7c6bb-ac35-2bcc-b00a-fa06ab788ad9">
      <Execution timeOut="1800000" id="6dcbd26d-070a-4d1c-aa76-4a5a572f9ee5" />
      <TestMethod codeBase="C:/Users/ShaneH/Documents/Visual Studio 2012/Projects/Chess/ChessTests/bin/Debug/ChessTests.dll" adapterTypeName="Microsoft.VisualStudio.TestTools.TestTypes.Unit.UnitTestAdapter, Microsoft.VisualStudio.QualityTools.Tips.UnitTest.Adapter, Version=11.0.0.0, Culture=neutral, PublicKeyToken=b03f5f7f11d50a3a" className="ChessTests.RookTests, ChessTests, Version=1.0.0.0, Culture=neutral, PublicKeyToken=null" name="cannotCaptureOwnPieceHorizontallyLeft" />
    </UnitTest>
    <UnitTest name="canMoveBlackBishopDiagonallyDownLeftNoObstructions" storage="..\chesstests\bin\debug\chesstests.dll" id="b1d1289f-9e7e-87c4-873a-568aec1ab10b">
      <Execution timeOut="1800000" id="265b2e1d-8a6d-4f46-9c98-469235e14895" />
      <TestMethod codeBase="C:/Users/ShaneH/Documents/Visual Studio 2012/Projects/Chess/ChessTests/bin/Debug/ChessTests.dll" adapterTypeName="Microsoft.VisualStudio.TestTools.TestTypes.Unit.UnitTestAdapter, Microsoft.VisualStudio.QualityTools.Tips.UnitTest.Adapter, Version=11.0.0.0, Culture=neutral, PublicKeyToken=b03f5f7f11d50a3a" className="ChessTests.BishopTests, ChessTests, Version=1.0.0.0, Culture=neutral, PublicKeyToken=null" name="canMoveBlackBishopDiagonallyDownLeftNoObstructions" />
    </UnitTest>
    <UnitTest name="canMoveQueenVerticallyUp" storage="..\chesstests\bin\debug\chesstests.dll" id="61071a05-3bb9-84f7-1063-093a7badabca">
      <Execution timeOut="1800000" id="b5b01a32-bcd7-49aa-a4cd-d48817eb262f" />
      <TestMethod codeBase="C:/Users/ShaneH/Documents/Visual Studio 2012/Projects/Chess/ChessTests/bin/Debug/ChessTests.dll" adapterTypeName="Microsoft.VisualStudio.TestTools.TestTypes.Unit.UnitTestAdapter, Microsoft.VisualStudio.QualityTools.Tips.UnitTest.Adapter, Version=11.0.0.0, Culture=neutral, PublicKeyToken=b03f5f7f11d50a3a" className="ChessTests.QueenTests, ChessTests, Version=1.0.0.0, Culture=neutral, PublicKeyToken=null" name="canMoveQueenVerticallyUp" />
    </UnitTest>
    <UnitTest name="kingInCheckWhenPieceCanTakeIt" storage="..\chesstests\bin\debug\chesstests.dll" id="33482fef-758b-1261-3338-25b0735acc2c">
      <Execution timeOut="1800000" id="6d9a1c90-77e7-4046-ac29-56d7162f5d4f" />
      <TestMethod codeBase="C:/Users/ShaneH/Documents/Visual Studio 2012/Projects/Chess/ChessTests/bin/Debug/ChessTests.dll" adapterTypeName="Microsoft.VisualStudio.TestTools.TestTypes.Unit.UnitTestAdapter, Microsoft.VisualStudio.QualityTools.Tips.UnitTest.Adapter, Version=11.0.0.0, Culture=neutral, PublicKeyToken=b03f5f7f11d50a3a" className="ChessTests.CheckTests, ChessTests, Version=1.0.0.0, Culture=neutral, PublicKeyToken=null" name="kingInCheckWhenPieceCanTakeIt" />
    </UnitTest>
    <UnitTest name="cannotTakeOwnPieceMovingForwardLeft" storage="..\chesstests\bin\debug\chesstests.dll" id="2d3cec0c-59b8-0bcd-556a-64d52e28cae3">
      <Execution timeOut="1800000" id="609c53f6-c129-4bc3-8f7d-0a7a1fbf5b53" />
      <TestMethod codeBase="C:/Users/ShaneH/Documents/Visual Studio 2012/Projects/Chess/ChessTests/bin/Debug/ChessTests.dll" adapterTypeName="Microsoft.VisualStudio.TestTools.TestTypes.Unit.UnitTestAdapter, Microsoft.VisualStudio.QualityTools.Tips.UnitTest.Adapter, Version=11.0.0.0, Culture=neutral, PublicKeyToken=b03f5f7f11d50a3a" className="ChessTests.KingTests, ChessTests, Version=1.0.0.0, Culture=neutral, PublicKeyToken=null" name="cannotTakeOwnPieceMovingForwardLeft" />
    </UnitTest>
    <UnitTest name="colourInStalemateWhenHasNoPossibleMoves" storage="..\chesstests\bin\debug\chesstests.dll" id="fb3e120a-0549-92c5-8757-f1b18f0c8dad">
      <Execution timeOut="1800000" id="3ec104a7-b94f-4abe-948a-0551cdd261d5" />
      <TestMethod codeBase="C:/Users/ShaneH/Documents/Visual Studio 2012/Projects/Chess/ChessTests/bin/Debug/ChessTests.dll" adapterTypeName="Microsoft.VisualStudio.TestTools.TestTypes.Unit.UnitTestAdapter, Microsoft.VisualStudio.QualityTools.Tips.UnitTest.Adapter, Version=11.0.0.0, Culture=neutral, PublicKeyToken=b03f5f7f11d50a3a" className="ChessTests.CheckTests, ChessTests, Version=1.0.0.0, Culture=neutral, PublicKeyToken=null" name="colourInStalemateWhenHasNoPossibleMoves" />
    </UnitTest>
    <UnitTest name="areEvenRowColoursSetup" storage="..\chesstests\bin\debug\chesstests.dll" id="64ef643a-95e0-b1de-5aee-37e849e90430">
      <Execution timeOut="1800000" id="19885a64-748c-47b5-aaf6-d10b694f0e3b" />
      <TestMethod codeBase="C:/Users/ShaneH/Documents/Visual Studio 2012/Projects/Chess/ChessTests/bin/Debug/ChessTests.dll" adapterTypeName="Microsoft.VisualStudio.TestTools.TestTypes.Unit.UnitTestAdapter, Microsoft.VisualStudio.QualityTools.Tips.UnitTest.Adapter, Version=11.0.0.0, Culture=neutral, PublicKeyToken=b03f5f7f11d50a3a" className="ChessTests.ChessTests, ChessTests, Version=1.0.0.0, Culture=neutral, PublicKeyToken=null" name="areEvenRowColoursSetup" />
    </UnitTest>
    <UnitTest name="pieceMovesWithMove" storage="..\chesstests\bin\debug\chesstests.dll" id="db17ca7a-fdcd-e135-ff66-0041667888a6">
      <Execution timeOut="1800000" id="f6429520-4a12-4f90-9b24-67a754dc76d7" />
      <TestMethod codeBase="C:/Users/ShaneH/Documents/Visual Studio 2012/Projects/Chess/ChessTests/bin/Debug/ChessTests.dll" adapterTypeName="Microsoft.VisualStudio.TestTools.TestTypes.Unit.UnitTestAdapter, Microsoft.VisualStudio.QualityTools.Tips.UnitTest.Adapter, Version=11.0.0.0, Culture=neutral, PublicKeyToken=b03f5f7f11d50a3a" className="ChessTests.ChessTests, ChessTests, Version=1.0.0.0, Culture=neutral, PublicKeyToken=null" name="pieceMovesWithMove" />
    </UnitTest>
    <UnitTest name="cannotTakeOwnPieceMovingDown" storage="..\chesstests\bin\debug\chesstests.dll" id="d4181de0-82b5-2bf4-4e2d-51f91ba36e4c">
      <Execution timeOut="1800000" id="b43f4622-7235-4373-b1ef-ced07d74742b" />
      <TestMethod codeBase="C:/Users/ShaneH/Documents/Visual Studio 2012/Projects/Chess/ChessTests/bin/Debug/ChessTests.dll" adapterTypeName="Microsoft.VisualStudio.TestTools.TestTypes.Unit.UnitTestAdapter, Microsoft.VisualStudio.QualityTools.Tips.UnitTest.Adapter, Version=11.0.0.0, Culture=neutral, PublicKeyToken=b03f5f7f11d50a3a" className="ChessTests.KingTests, ChessTests, Version=1.0.0.0, Culture=neutral, PublicKeyToken=null" name="cannotTakeOwnPieceMovingDown" />
    </UnitTest>
    <UnitTest name="areMiddleCellsEmpty" storage="..\chesstests\bin\debug\chesstests.dll" id="9d752e3a-962f-b4d2-f688-e9e19ffd27bf">
      <Execution timeOut="1800000" id="7042b2f2-0b5a-4a0d-8f27-e80ee72f2d5d" />
      <TestMethod codeBase="C:/Users/ShaneH/Documents/Visual Studio 2012/Projects/Chess/ChessTests/bin/Debug/ChessTests.dll" adapterTypeName="Microsoft.VisualStudio.TestTools.TestTypes.Unit.UnitTestAdapter, Microsoft.VisualStudio.QualityTools.Tips.UnitTest.Adapter, Version=11.0.0.0, Culture=neutral, PublicKeyToken=b03f5f7f11d50a3a" className="ChessTests.ChessTests, ChessTests, Version=1.0.0.0, Culture=neutral, PublicKeyToken=null" name="areMiddleCellsEmpty" />
    </UnitTest>
    <UnitTest name="moveEnPassantRightRemovesPiece" storage="..\chesstests\bin\debug\chesstests.dll" id="978c0671-8eb9-8633-411e-8b65bb821d6c">
      <Execution timeOut="1800000" id="d14d18ba-a08c-4e60-bb26-78377a78913e" />
      <TestMethod codeBase="C:/Users/ShaneH/Documents/Visual Studio 2012/Projects/Chess/ChessTests/bin/Debug/ChessTests.dll" adapterTypeName="Microsoft.VisualStudio.TestTools.TestTypes.Unit.UnitTestAdapter, Microsoft.VisualStudio.QualityTools.Tips.UnitTest.Adapter, Version=11.0.0.0, Culture=neutral, PublicKeyToken=b03f5f7f11d50a3a" className="ChessTests.PawnTests, ChessTests, Version=1.0.0.0, Culture=neutral, PublicKeyToken=null" name="moveEnPassantRightRemovesPiece" />
    </UnitTest>
    <UnitTest name="cannotMoveIntoCheckWithPawn" storage="..\chesstests\bin\debug\chesstests.dll" id="5e863a04-2f1d-691e-a9dc-a4e1b154660d">
      <Execution timeOut="1800000" id="9f6097d9-f6d1-4936-acdb-f9257bfaed91" />
      <TestMethod codeBase="C:/Users/ShaneH/Documents/Visual Studio 2012/Projects/Chess/ChessTests/bin/Debug/ChessTests.dll" adapterTypeName="Microsoft.VisualStudio.TestTools.TestTypes.Unit.UnitTestAdapter, Microsoft.VisualStudio.QualityTools.Tips.UnitTest.Adapter, Version=11.0.0.0, Culture=neutral, PublicKeyToken=b03f5f7f11d50a3a" className="ChessTests.CheckTests, ChessTests, Version=1.0.0.0, Culture=neutral, PublicKeyToken=null" name="cannotMoveIntoCheckWithPawn" />
    </UnitTest>
    <UnitTest name="canMoveWhiteRookHorizontallyLeft" storage="..\chesstests\bin\debug\chesstests.dll" id="59555551-2870-ef13-6be7-cabc129b6b60">
      <Execution timeOut="1800000" id="85955187-447e-4c89-b19c-ef0a0fb0df03" />
      <TestMethod codeBase="C:/Users/ShaneH/Documents/Visual Studio 2012/Projects/Chess/ChessTests/bin/Debug/ChessTests.dll" adapterTypeName="Microsoft.VisualStudio.TestTools.TestTypes.Unit.UnitTestAdapter, Microsoft.VisualStudio.QualityTools.Tips.UnitTest.Adapter, Version=11.0.0.0, Culture=neutral, PublicKeyToken=b03f5f7f11d50a3a" className="ChessTests.RookTests, ChessTests, Version=1.0.0.0, Culture=neutral, PublicKeyToken=null" name="canMoveWhiteRookHorizontallyLeft" />
    </UnitTest>
    <UnitTest name="cannotTakeOwnPieceDiagRight" storage="..\chesstests\bin\debug\chesstests.dll" id="557ea181-0881-47c7-90a7-baa142d9c0b1">
      <Execution timeOut="1800000" id="f32059b0-7b42-4c6a-9c4d-75efd6b0f276" />
      <TestMethod codeBase="C:/Users/ShaneH/Documents/Visual Studio 2012/Projects/Chess/ChessTests/bin/Debug/ChessTests.dll" adapterTypeName="Microsoft.VisualStudio.TestTools.TestTypes.Unit.UnitTestAdapter, Microsoft.VisualStudio.QualityTools.Tips.UnitTest.Adapter, Version=11.0.0.0, Culture=neutral, PublicKeyToken=b03f5f7f11d50a3a" className="ChessTests.PawnTests, ChessTests, Version=1.0.0.0, Culture=neutral, PublicKeyToken=null" name="cannotTakeOwnPieceDiagRight" />
    </UnitTest>
    <UnitTest name="noErrorWhenOnBottomLeft" storage="..\chesstests\bin\debug\chesstests.dll" id="a64ca845-c01a-2574-9dc9-d481b1eb66ae">
      <Execution timeOut="1800000" id="4a96cb6a-60a4-4f90-a5b4-6021e1ab2286" />
      <TestMethod codeBase="C:/Users/ShaneH/Documents/Visual Studio 2012/Projects/Chess/ChessTests/bin/Debug/ChessTests.dll" adapterTypeName="Microsoft.VisualStudio.TestTools.TestTypes.Unit.UnitTestAdapter, Microsoft.VisualStudio.QualityTools.Tips.UnitTest.Adapter, Version=11.0.0.0, Culture=neutral, PublicKeyToken=b03f5f7f11d50a3a" className="ChessTests.KnightTests, ChessTests, Version=1.0.0.0, Culture=neutral, PublicKeyToken=null" name="noErrorWhenOnBottomLeft" />
    </UnitTest>
    <UnitTest name="canMoveKingOneDown" storage="..\chesstests\bin\debug\chesstests.dll" id="09b9970f-5bc4-c7f2-6dce-33edfb74fb47">
      <Execution timeOut="1800000" id="8e0c1b9c-1d47-454c-a57e-0a9dbedce7d2" />
      <TestMethod codeBase="C:/Users/ShaneH/Documents/Visual Studio 2012/Projects/Chess/ChessTests/bin/Debug/ChessTests.dll" adapterTypeName="Microsoft.VisualStudio.TestTools.TestTypes.Unit.UnitTestAdapter, Microsoft.VisualStudio.QualityTools.Tips.UnitTest.Adapter, Version=11.0.0.0, Culture=neutral, PublicKeyToken=b03f5f7f11d50a3a" className="ChessTests.KingTests, ChessTests, Version=1.0.0.0, Culture=neutral, PublicKeyToken=null" name="canMoveKingOneDown" />
    </UnitTest>
    <UnitTest name="canMoveBlackBishopDiagonalUpLeftNoObstructions" storage="..\chesstests\bin\debug\chesstests.dll" id="f758d7bc-486f-01b2-cb64-d4b549c6a040">
      <Execution timeOut="1800000" id="8583ca38-587c-4f3f-aa2d-00cd2f322012" />
      <TestMethod codeBase="C:/Users/ShaneH/Documents/Visual Studio 2012/Projects/Chess/ChessTests/bin/Debug/ChessTests.dll" adapterTypeName="Microsoft.VisualStudio.TestTools.TestTypes.Unit.UnitTestAdapter, Microsoft.VisualStudio.QualityTools.Tips.UnitTest.Adapter, Version=11.0.0.0, Culture=neutral, PublicKeyToken=b03f5f7f11d50a3a" className="ChessTests.BishopTests, ChessTests, Version=1.0.0.0, Culture=neutral, PublicKeyToken=null" name="canMoveBlackBishopDiagonalUpLeftNoObstructions" />
    </UnitTest>
    <UnitTest name="canMoveWhiteKnightLeftDown" storage="..\chesstests\bin\debug\chesstests.dll" id="cf3b5912-6ae6-e0a1-b350-a9a883f44204">
      <Execution timeOut="1800000" id="4e6226f5-d9da-4035-9f52-8cc74adcc24c" />
      <TestMethod codeBase="C:/Users/ShaneH/Documents/Visual Studio 2012/Projects/Chess/ChessTests/bin/Debug/ChessTests.dll" adapterTypeName="Microsoft.VisualStudio.TestTools.TestTypes.Unit.UnitTestAdapter, Microsoft.VisualStudio.QualityTools.Tips.UnitTest.Adapter, Version=11.0.0.0, Culture=neutral, PublicKeyToken=b03f5f7f11d50a3a" className="ChessTests.KnightTests, ChessTests, Version=1.0.0.0, Culture=neutral, PublicKeyToken=null" name="canMoveWhiteKnightLeftDown" />
    </UnitTest>
    <UnitTest name="cannotJumpOppositionDiagUpRight" storage="..\chesstests\bin\debug\chesstests.dll" id="6569eff2-7f15-ccb7-f02b-db4adb59c7db">
      <Execution timeOut="1800000" id="13c78b28-9b03-4351-a23d-d49979d69d28" />
      <TestMethod codeBase="C:/Users/ShaneH/Documents/Visual Studio 2012/Projects/Chess/ChessTests/bin/Debug/ChessTests.dll" adapterTypeName="Microsoft.VisualStudio.TestTools.TestTypes.Unit.UnitTestAdapter, Microsoft.VisualStudio.QualityTools.Tips.UnitTest.Adapter, Version=11.0.0.0, Culture=neutral, PublicKeyToken=b03f5f7f11d50a3a" className="ChessTests.BishopTests, ChessTests, Version=1.0.0.0, Culture=neutral, PublicKeyToken=null" name="cannotJumpOppositionDiagUpRight" />
    </UnitTest>
    <UnitTest name="cannotCaptureOwnPieceBottomLeft" storage="..\chesstests\bin\debug\chesstests.dll" id="5549ceba-3e9a-6148-26c8-8ad403ffbfa1">
      <Execution timeOut="1800000" id="64c2568b-776e-47f9-82e9-2b2a516bbe66" />
      <TestMethod codeBase="C:/Users/ShaneH/Documents/Visual Studio 2012/Projects/Chess/ChessTests/bin/Debug/ChessTests.dll" adapterTypeName="Microsoft.VisualStudio.TestTools.TestTypes.Unit.UnitTestAdapter, Microsoft.VisualStudio.QualityTools.Tips.UnitTest.Adapter, Version=11.0.0.0, Culture=neutral, PublicKeyToken=b03f5f7f11d50a3a" className="ChessTests.KnightTests, ChessTests, Version=1.0.0.0, Culture=neutral, PublicKeyToken=null" name="cannotCaptureOwnPieceBottomLeft" />
    </UnitTest>
    <UnitTest name="canTakeOppositionPieceMovingDownRight" storage="..\chesstests\bin\debug\chesstests.dll" id="4b659aa5-2064-7295-f3dc-47eac73b7ede">
      <Execution timeOut="1800000" id="49cdb791-bea5-4868-a61d-49ff51566295" />
      <TestMethod codeBase="C:/Users/ShaneH/Documents/Visual Studio 2012/Projects/Chess/ChessTests/bin/Debug/ChessTests.dll" adapterTypeName="Microsoft.VisualStudio.TestTools.TestTypes.Unit.UnitTestAdapter, Microsoft.VisualStudio.QualityTools.Tips.UnitTest.Adapter, Version=11.0.0.0, Culture=neutral, PublicKeyToken=b03f5f7f11d50a3a" className="ChessTests.KingTests, ChessTests, Version=1.0.0.0, Culture=neutral, PublicKeyToken=null" name="canTakeOppositionPieceMovingDownRight" />
    </UnitTest>
    <UnitTest name="cannotMove2AtStartIfPieceInTheWay" storage="..\chesstests\bin\debug\chesstests.dll" id="2ead5f87-4f49-9731-8b7d-274f7728f6ce">
      <Execution timeOut="1800000" id="90b2d703-cfe7-4f01-a836-fa089483ac8c" />
      <TestMethod codeBase="C:/Users/ShaneH/Documents/Visual Studio 2012/Projects/Chess/ChessTests/bin/Debug/ChessTests.dll" adapterTypeName="Microsoft.VisualStudio.TestTools.TestTypes.Unit.UnitTestAdapter, Microsoft.VisualStudio.QualityTools.Tips.UnitTest.Adapter, Version=11.0.0.0, Culture=neutral, PublicKeyToken=b03f5f7f11d50a3a" className="ChessTests.PawnTests, ChessTests, Version=1.0.0.0, Culture=neutral, PublicKeyToken=null" name="cannotMove2AtStartIfPieceInTheWay" />
    </UnitTest>
    <UnitTest name="canMoveKingForwardLeft" storage="..\chesstests\bin\debug\chesstests.dll" id="325ca6ba-2af3-98aa-0d43-981348e2650a">
      <Execution timeOut="1800000" id="ce7f3e2c-523b-4bd5-b5d6-cb2f5e03142a" />
      <TestMethod codeBase="C:/Users/ShaneH/Documents/Visual Studio 2012/Projects/Chess/ChessTests/bin/Debug/ChessTests.dll" adapterTypeName="Microsoft.VisualStudio.TestTools.TestTypes.Unit.UnitTestAdapter, Microsoft.VisualStudio.QualityTools.Tips.UnitTest.Adapter, Version=11.0.0.0, Culture=neutral, PublicKeyToken=b03f5f7f11d50a3a" className="ChessTests.KingTests, ChessTests, Version=1.0.0.0, Culture=neutral, PublicKeyToken=null" name="canMoveKingForwardLeft" />
    </UnitTest>
    <UnitTest name="cannotCaptureOwnPieceRightBottom" storage="..\chesstests\bin\debug\chesstests.dll" id="c281314e-828d-e156-cbd7-96cd2b327ed0">
      <Execution timeOut="1800000" id="eeedf463-dc50-4f51-b7fa-0cc47a4b64a5" />
      <TestMethod codeBase="C:/Users/ShaneH/Documents/Visual Studio 2012/Projects/Chess/ChessTests/bin/Debug/ChessTests.dll" adapterTypeName="Microsoft.VisualStudio.TestTools.TestTypes.Unit.UnitTestAdapter, Microsoft.VisualStudio.QualityTools.Tips.UnitTest.Adapter, Version=11.0.0.0, Culture=neutral, PublicKeyToken=b03f5f7f11d50a3a" className="ChessTests.KnightTests, ChessTests, Version=1.0.0.0, Culture=neutral, PublicKeyToken=null" name="cannotCaptureOwnPieceRightBottom" />
    </UnitTest>
    <UnitTest name="cannotMove2AtStartIfPieceJustInFront" storage="..\chesstests\bin\debug\chesstests.dll" id="f4345ccc-f7f8-a9d0-d85f-f34d1eaed95e">
      <Execution timeOut="1800000" id="6bad7a0a-dfa5-434c-ac72-04502e6b0d5b" />
      <TestMethod codeBase="C:/Users/ShaneH/Documents/Visual Studio 2012/Projects/Chess/ChessTests/bin/Debug/ChessTests.dll" adapterTypeName="Microsoft.VisualStudio.TestTools.TestTypes.Unit.UnitTestAdapter, Microsoft.VisualStudio.QualityTools.Tips.UnitTest.Adapter, Version=11.0.0.0, Culture=neutral, PublicKeyToken=b03f5f7f11d50a3a" className="ChessTests.PawnTests, ChessTests, Version=1.0.0.0, Culture=neutral, PublicKeyToken=null" name="cannotMove2AtStartIfPieceJustInFront" />
    </UnitTest>
    <UnitTest name="getExceptionWhenSelectCellNegativeRow" storage="..\chesstests\bin\debug\chesstests.dll" id="b899b54b-1fed-9cb3-745e-fba087b88573">
      <Execution timeOut="1800000" id="2f934d1f-0978-47f6-b0a7-ea7194d53ba3" />
      <TestMethod codeBase="C:/Users/ShaneH/Documents/Visual Studio 2012/Projects/Chess/ChessTests/bin/Debug/ChessTests.dll" adapterTypeName="Microsoft.VisualStudio.TestTools.TestTypes.Unit.UnitTestAdapter, Microsoft.VisualStudio.QualityTools.Tips.UnitTest.Adapter, Version=11.0.0.0, Culture=neutral, PublicKeyToken=b03f5f7f11d50a3a" className="ChessTests.ChessTests, ChessTests, Version=1.0.0.0, Culture=neutral, PublicKeyToken=null" name="getExceptionWhenSelectCellNegativeRow" />
    </UnitTest>
    <UnitTest name="canTakeOppositionPieceMovingDownLeft" storage="..\chesstests\bin\debug\chesstests.dll" id="f2c8f66f-5b37-9645-e49a-a041d148b602">
      <Execution timeOut="1800000" id="f3e75351-837e-45eb-8f11-16696872a236" />
      <TestMethod codeBase="C:/Users/ShaneH/Documents/Visual Studio 2012/Projects/Chess/ChessTests/bin/Debug/ChessTests.dll" adapterTypeName="Microsoft.VisualStudio.TestTools.TestTypes.Unit.UnitTestAdapter, Microsoft.VisualStudio.QualityTools.Tips.UnitTest.Adapter, Version=11.0.0.0, Culture=neutral, PublicKeyToken=b03f5f7f11d50a3a" className="ChessTests.KingTests, ChessTests, Version=1.0.0.0, Culture=neutral, PublicKeyToken=null" name="canTakeOppositionPieceMovingDownLeft" />
    </UnitTest>
    <UnitTest name="canMoveKingUpRight" storage="..\chesstests\bin\debug\chesstests.dll" id="54bf5bb6-83d7-dbc0-fbb6-c50b912aca0c">
      <Execution timeOut="1800000" id="14a8af9a-8bb5-415b-b4a6-4b97d75860dc" />
      <TestMethod codeBase="C:/Users/ShaneH/Documents/Visual Studio 2012/Projects/Chess/ChessTests/bin/Debug/ChessTests.dll" adapterTypeName="Microsoft.VisualStudio.TestTools.TestTypes.Unit.UnitTestAdapter, Microsoft.VisualStudio.QualityTools.Tips.UnitTest.Adapter, Version=11.0.0.0, Culture=neutral, PublicKeyToken=b03f5f7f11d50a3a" className="ChessTests.KingTests, ChessTests, Version=1.0.0.0, Culture=neutral, PublicKeyToken=null" name="canMoveKingUpRight" />
    </UnitTest>
    <UnitTest name="pieceHasNoValidMoves" storage="..\chesstests\bin\debug\chesstests.dll" id="dafe7a1e-3bd2-12cf-e3a7-a7dc8926d90c">
      <Execution timeOut="1800000" id="66b6532e-6bfd-49cc-abb9-c5939cd29437" />
      <TestMethod codeBase="C:/Users/ShaneH/Documents/Visual Studio 2012/Projects/Chess/ChessTests/bin/Debug/ChessTests.dll" adapterTypeName="Microsoft.VisualStudio.TestTools.TestTypes.Unit.UnitTestAdapter, Microsoft.VisualStudio.QualityTools.Tips.UnitTest.Adapter, Version=11.0.0.0, Culture=neutral, PublicKeyToken=b03f5f7f11d50a3a" className="ChessTests.ChessTests, ChessTests, Version=1.0.0.0, Culture=neutral, PublicKeyToken=null" name="pieceHasNoValidMoves" />
    </UnitTest>
    <UnitTest name="exceptionWhenMoveTooLargeRow" storage="..\chesstests\bin\debug\chesstests.dll" id="2622fed3-4e63-071a-2d6d-7db13abf1a89">
      <Execution timeOut="1800000" id="59dbbce5-22c1-4e27-9bd7-dbae75cbaa4a" />
      <TestMethod codeBase="C:/Users/ShaneH/Documents/Visual Studio 2012/Projects/Chess/ChessTests/bin/Debug/ChessTests.dll" adapterTypeName="Microsoft.VisualStudio.TestTools.TestTypes.Unit.UnitTestAdapter, Microsoft.VisualStudio.QualityTools.Tips.UnitTest.Adapter, Version=11.0.0.0, Culture=neutral, PublicKeyToken=b03f5f7f11d50a3a" className="ChessTests.ChessTests, ChessTests, Version=1.0.0.0, Culture=neutral, PublicKeyToken=null" name="exceptionWhenMoveTooLargeRow" />
    </UnitTest>
    <UnitTest name="canMoveWhiteRookVerticallyDown" storage="..\chesstests\bin\debug\chesstests.dll" id="7ff00668-a1d1-598b-ea2d-b4d066dc2a94">
      <Execution timeOut="1800000" id="b323501e-1e47-4e62-82f7-77838cfac7f7" />
      <TestMethod codeBase="C:/Users/ShaneH/Documents/Visual Studio 2012/Projects/Chess/ChessTests/bin/Debug/ChessTests.dll" adapterTypeName="Microsoft.VisualStudio.TestTools.TestTypes.Unit.UnitTestAdapter, Microsoft.VisualStudio.QualityTools.Tips.UnitTest.Adapter, Version=11.0.0.0, Culture=neutral, PublicKeyToken=b03f5f7f11d50a3a" className="ChessTests.RookTests, ChessTests, Version=1.0.0.0, Culture=neutral, PublicKeyToken=null" name="canMoveWhiteRookVerticallyDown" />
    </UnitTest>
    <UnitTest name="kingInCheckMateWhenInCheckWithNoPossibleMoves" storage="..\chesstests\bin\debug\chesstests.dll" id="ffdb4695-667e-dd10-549e-ca3d318866c4">
      <Execution timeOut="1800000" id="69950944-cda2-46b7-bd1e-cc1d8e3ad357" />
      <TestMethod codeBase="C:/Users/ShaneH/Documents/Visual Studio 2012/Projects/Chess/ChessTests/bin/Debug/ChessTests.dll" adapterTypeName="Microsoft.VisualStudio.TestTools.TestTypes.Unit.UnitTestAdapter, Microsoft.VisualStudio.QualityTools.Tips.UnitTest.Adapter, Version=11.0.0.0, Culture=neutral, PublicKeyToken=b03f5f7f11d50a3a" className="ChessTests.CheckMateTests, ChessTests, Version=1.0.0.0, Culture=neutral, PublicKeyToken=null" name="kingInCheckMateWhenInCheckWithNoPossibleMoves" />
    </UnitTest>
    <UnitTest name="canMoveBlackRookHorizonallyLeft" storage="..\chesstests\bin\debug\chesstests.dll" id="623f0bb4-6cd6-0db1-bf8f-7a93fb8b942e">
      <Execution timeOut="1800000" id="5e0f3330-092a-40a8-9777-1c697bb34631" />
      <TestMethod codeBase="C:/Users/ShaneH/Documents/Visual Studio 2012/Projects/Chess/ChessTests/bin/Debug/ChessTests.dll" adapterTypeName="Microsoft.VisualStudio.TestTools.TestTypes.Unit.UnitTestAdapter, Microsoft.VisualStudio.QualityTools.Tips.UnitTest.Adapter, Version=11.0.0.0, Culture=neutral, PublicKeyToken=b03f5f7f11d50a3a" className="ChessTests.RookTests, ChessTests, Version=1.0.0.0, Culture=neutral, PublicKeyToken=null" name="canMoveBlackRookHorizonallyLeft" />
    </UnitTest>
    <UnitTest name="cannotMoveIntoCheckWithKnight" storage="..\chesstests\bin\debug\chesstests.dll" id="034cb968-1bbc-2a0a-9d7d-a0af59680564">
      <Execution timeOut="1800000" id="790bcf5b-7522-4a07-9905-d8f2901e7dbe" />
      <TestMethod codeBase="C:/Users/ShaneH/Documents/Visual Studio 2012/Projects/Chess/ChessTests/bin/Debug/ChessTests.dll" adapterTypeName="Microsoft.VisualStudio.TestTools.TestTypes.Unit.UnitTestAdapter, Microsoft.VisualStudio.QualityTools.Tips.UnitTest.Adapter, Version=11.0.0.0, Culture=neutral, PublicKeyToken=b03f5f7f11d50a3a" className="ChessTests.CheckTests, ChessTests, Version=1.0.0.0, Culture=neutral, PublicKeyToken=null" name="cannotMoveIntoCheckWithKnight" />
    </UnitTest>
    <UnitTest name="canMoveWhiteKnightDownLeft" storage="..\chesstests\bin\debug\chesstests.dll" id="129b002c-1fd8-a858-11b5-efb8011f1c66">
      <Execution timeOut="1800000" id="f811e15b-e0c0-434e-bf07-11851b0fe123" />
      <TestMethod codeBase="C:/Users/ShaneH/Documents/Visual Studio 2012/Projects/Chess/ChessTests/bin/Debug/ChessTests.dll" adapterTypeName="Microsoft.VisualStudio.TestTools.TestTypes.Unit.UnitTestAdapter, Microsoft.VisualStudio.QualityTools.Tips.UnitTest.Adapter, Version=11.0.0.0, Culture=neutral, PublicKeyToken=b03f5f7f11d50a3a" className="ChessTests.KnightTests, ChessTests, Version=1.0.0.0, Culture=neutral, PublicKeyToken=null" name="canMoveWhiteKnightDownLeft" />
    </UnitTest>
    <UnitTest name="kingNotInCheckMateByDefault" storage="..\chesstests\bin\debug\chesstests.dll" id="f94b9858-af5f-5769-3a8b-398c9b0b4478">
      <Execution timeOut="1800000" id="6be09b72-a69b-4cfb-83d6-bd55bd644b88" />
      <TestMethod codeBase="C:/Users/ShaneH/Documents/Visual Studio 2012/Projects/Chess/ChessTests/bin/Debug/ChessTests.dll" adapterTypeName="Microsoft.VisualStudio.TestTools.TestTypes.Unit.UnitTestAdapter, Microsoft.VisualStudio.QualityTools.Tips.UnitTest.Adapter, Version=11.0.0.0, Culture=neutral, PublicKeyToken=b03f5f7f11d50a3a" className="ChessTests.CheckMateTests, ChessTests, Version=1.0.0.0, Culture=neutral, PublicKeyToken=null" name="kingNotInCheckMateByDefault" />
    </UnitTest>
    <UnitTest name="simulationReturnsCorrectNumberForQueen" storage="..\chesstests\bin\debug\chesstests.dll" id="c32496c9-f92b-1aae-b786-6539abf523eb">
      <Execution timeOut="1800000" id="75abe22c-47fd-467c-9f99-ae83ce7243c8" />
      <TestMethod codeBase="C:/Users/ShaneH/Documents/Visual Studio 2012/Projects/Chess/ChessTests/bin/Debug/ChessTests.dll" adapterTypeName="Microsoft.VisualStudio.TestTools.TestTypes.Unit.UnitTestAdapter, Microsoft.VisualStudio.QualityTools.Tips.UnitTest.Adapter, Version=11.0.0.0, Culture=neutral, PublicKeyToken=b03f5f7f11d50a3a" className="ChessTests.BoardSimulateTests, ChessTests, Version=1.0.0.0, Culture=neutral, PublicKeyToken=null" name="simulationReturnsCorrectNumberForQueen" />
    </UnitTest>
    <UnitTest name="invalidMoveGivesCorrectPieceName" storage="..\chesstests\bin\debug\chesstests.dll" id="cc5c40cc-583d-811b-ee50-c1611290992c">
      <Execution timeOut="1800000" id="b0cf9e6c-be06-446c-9b46-64ffdc66c9da" />
      <TestMethod codeBase="C:/Users/ShaneH/Documents/Visual Studio 2012/Projects/Chess/ChessTests/bin/Debug/ChessTests.dll" adapterTypeName="Microsoft.VisualStudio.TestTools.TestTypes.Unit.UnitTestAdapter, Microsoft.VisualStudio.QualityTools.Tips.UnitTest.Adapter, Version=11.0.0.0, Culture=neutral, PublicKeyToken=b03f5f7f11d50a3a" className="ChessTests.RookTests, ChessTests, Version=1.0.0.0, Culture=neutral, PublicKeyToken=null" name="invalidMoveGivesCorrectPieceName" />
    </UnitTest>
    <UnitTest name="canMoveBlackKnightRightDown" storage="..\chesstests\bin\debug\chesstests.dll" id="da7f9d67-6583-5b93-3103-caab5031e2e0">
      <Execution timeOut="1800000" id="2caceb39-0433-4d68-ac7b-67c2ebbcfd3a" />
      <TestMethod codeBase="C:/Users/ShaneH/Documents/Visual Studio 2012/Projects/Chess/ChessTests/bin/Debug/ChessTests.dll" adapterTypeName="Microsoft.VisualStudio.TestTools.TestTypes.Unit.UnitTestAdapter, Microsoft.VisualStudio.QualityTools.Tips.UnitTest.Adapter, Version=11.0.0.0, Culture=neutral, PublicKeyToken=b03f5f7f11d50a3a" className="ChessTests.KnightTests, ChessTests, Version=1.0.0.0, Culture=neutral, PublicKeyToken=null" name="canMoveBlackKnightRightDown" />
    </UnitTest>
    <UnitTest name="invalidMoveGivesCorrectPieceName" storage="..\chesstests\bin\debug\chesstests.dll" id="070484d8-b78f-e4c9-05d6-cba7187facb9">
      <Execution timeOut="1800000" id="e83e01bf-1d32-454a-88ca-673e526f8eca" />
      <TestMethod codeBase="C:/Users/ShaneH/Documents/Visual Studio 2012/Projects/Chess/ChessTests/bin/Debug/ChessTests.dll" adapterTypeName="Microsoft.VisualStudio.TestTools.TestTypes.Unit.UnitTestAdapter, Microsoft.VisualStudio.QualityTools.Tips.UnitTest.Adapter, Version=11.0.0.0, Culture=neutral, PublicKeyToken=b03f5f7f11d50a3a" className="ChessTests.KnightTests, ChessTests, Version=1.0.0.0, Culture=neutral, PublicKeyToken=null" name="invalidMoveGivesCorrectPieceName" />
    </UnitTest>
    <UnitTest name="cannotMoveIntoCheck" storage="..\chesstests\bin\debug\chesstests.dll" id="f6b94837-b11e-b7fc-3b07-45030b7ef6b9">
      <Execution timeOut="1800000" id="b83e3f3f-adba-4dd8-a7f0-1786ae3f19e7" />
      <TestMethod codeBase="C:/Users/ShaneH/Documents/Visual Studio 2012/Projects/Chess/ChessTests/bin/Debug/ChessTests.dll" adapterTypeName="Microsoft.VisualStudio.TestTools.TestTypes.Unit.UnitTestAdapter, Microsoft.VisualStudio.QualityTools.Tips.UnitTest.Adapter, Version=11.0.0.0, Culture=neutral, PublicKeyToken=b03f5f7f11d50a3a" className="ChessTests.KingTests, ChessTests, Version=1.0.0.0, Culture=neutral, PublicKeyToken=null" name="cannotMoveIntoCheck" />
    </UnitTest>
    <UnitTest name="canMoveKingLeft" storage="..\chesstests\bin\debug\chesstests.dll" id="e8e33e12-931b-128d-146d-566c8d61cfb2">
      <Execution timeOut="1800000" id="c0d7891d-b1a0-4383-be96-25efa463b0d0" />
      <TestMethod codeBase="C:/Users/ShaneH/Documents/Visual Studio 2012/Projects/Chess/ChessTests/bin/Debug/ChessTests.dll" adapterTypeName="Microsoft.VisualStudio.TestTools.TestTypes.Unit.UnitTestAdapter, Microsoft.VisualStudio.QualityTools.Tips.UnitTest.Adapter, Version=11.0.0.0, Culture=neutral, PublicKeyToken=b03f5f7f11d50a3a" className="ChessTests.KingTests, ChessTests, Version=1.0.0.0, Culture=neutral, PublicKeyToken=null" name="canMoveKingLeft" />
    </UnitTest>
    <UnitTest name="cannotMoveEnPassantIfOtherPieceNotAPawn" storage="..\chesstests\bin\debug\chesstests.dll" id="1889f775-0977-2f85-bcf9-6dc4aeb0834c">
      <Execution timeOut="1800000" id="fbc7a943-e988-4834-83e7-06f834c71f8d" />
      <TestMethod codeBase="C:/Users/ShaneH/Documents/Visual Studio 2012/Projects/Chess/ChessTests/bin/Debug/ChessTests.dll" adapterTypeName="Microsoft.VisualStudio.TestTools.TestTypes.Unit.UnitTestAdapter, Microsoft.VisualStudio.QualityTools.Tips.UnitTest.Adapter, Version=11.0.0.0, Culture=neutral, PublicKeyToken=b03f5f7f11d50a3a" className="ChessTests.PawnTests, ChessTests, Version=1.0.0.0, Culture=neutral, PublicKeyToken=null" name="cannotMoveEnPassantIfOtherPieceNotAPawn" />
    </UnitTest>
    <UnitTest name="cannotTakeOwnPieceMovingForward" storage="..\chesstests\bin\debug\chesstests.dll" id="b9482e51-690d-61ad-be55-288bbe5f6ac4">
      <Execution timeOut="1800000" id="c77ee660-7721-49e6-be0b-1c61a35e128f" />
      <TestMethod codeBase="C:/Users/ShaneH/Documents/Visual Studio 2012/Projects/Chess/ChessTests/bin/Debug/ChessTests.dll" adapterTypeName="Microsoft.VisualStudio.TestTools.TestTypes.Unit.UnitTestAdapter, Microsoft.VisualStudio.QualityTools.Tips.UnitTest.Adapter, Version=11.0.0.0, Culture=neutral, PublicKeyToken=b03f5f7f11d50a3a" className="ChessTests.KingTests, ChessTests, Version=1.0.0.0, Culture=neutral, PublicKeyToken=null" name="cannotTakeOwnPieceMovingForward" />
    </UnitTest>
    <UnitTest name="cannotTakeOwnPieceDiagUpRight" storage="..\chesstests\bin\debug\chesstests.dll" id="f2547ccb-ac70-9f08-d6b9-a2ccdc08bacc">
      <Execution timeOut="1800000" id="fc6a42f2-da21-4a7f-b098-e2cc4e2f5efa" />
      <TestMethod codeBase="C:/Users/ShaneH/Documents/Visual Studio 2012/Projects/Chess/ChessTests/bin/Debug/ChessTests.dll" adapterTypeName="Microsoft.VisualStudio.TestTools.TestTypes.Unit.UnitTestAdapter, Microsoft.VisualStudio.QualityTools.Tips.UnitTest.Adapter, Version=11.0.0.0, Culture=neutral, PublicKeyToken=b03f5f7f11d50a3a" className="ChessTests.BishopTests, ChessTests, Version=1.0.0.0, Culture=neutral, PublicKeyToken=null" name="cannotTakeOwnPieceDiagUpRight" />
    </UnitTest>
    <UnitTest name="canMoveWhiteKnightUpRight" storage="..\chesstests\bin\debug\chesstests.dll" id="020bc553-c880-41f6-e7a5-5598075d4e67">
      <Execution timeOut="1800000" id="0fb426e6-82b6-41e5-b90f-5ce6ba8fc5c5" />
      <TestMethod codeBase="C:/Users/ShaneH/Documents/Visual Studio 2012/Projects/Chess/ChessTests/bin/Debug/ChessTests.dll" adapterTypeName="Microsoft.VisualStudio.TestTools.TestTypes.Unit.UnitTestAdapter, Microsoft.VisualStudio.QualityTools.Tips.UnitTest.Adapter, Version=11.0.0.0, Culture=neutral, PublicKeyToken=b03f5f7f11d50a3a" className="ChessTests.KnightTests, ChessTests, Version=1.0.0.0, Culture=neutral, PublicKeyToken=null" name="canMoveWhiteKnightUpRight" />
    </UnitTest>
    <UnitTest name="blackPawnCannotMoveBackwards" storage="..\chesstests\bin\debug\chesstests.dll" id="cb78d65f-db30-1067-6355-33912c9c98b3">
      <Execution timeOut="1800000" id="aad09857-643b-4238-bd50-26a108db6a93" />
      <TestMethod codeBase="C:/Users/ShaneH/Documents/Visual Studio 2012/Projects/Chess/ChessTests/bin/Debug/ChessTests.dll" adapterTypeName="Microsoft.VisualStudio.TestTools.TestTypes.Unit.UnitTestAdapter, Microsoft.VisualStudio.QualityTools.Tips.UnitTest.Adapter, Version=11.0.0.0, Culture=neutral, PublicKeyToken=b03f5f7f11d50a3a" className="ChessTests.PawnTests, ChessTests, Version=1.0.0.0, Culture=neutral, PublicKeyToken=null" name="blackPawnCannotMoveBackwards" />
    </UnitTest>
    <UnitTest name="areQueensSetup" storage="..\chesstests\bin\debug\chesstests.dll" id="fd75eb10-5261-cc1e-b982-ae741a061d34">
      <Execution timeOut="1800000" id="ae240d02-8c70-4f22-bf2e-03a3cb01d859" />
      <TestMethod codeBase="C:/Users/ShaneH/Documents/Visual Studio 2012/Projects/Chess/ChessTests/bin/Debug/ChessTests.dll" adapterTypeName="Microsoft.VisualStudio.TestTools.TestTypes.Unit.UnitTestAdapter, Microsoft.VisualStudio.QualityTools.Tips.UnitTest.Adapter, Version=11.0.0.0, Culture=neutral, PublicKeyToken=b03f5f7f11d50a3a" className="ChessTests.ChessTests, ChessTests, Version=1.0.0.0, Culture=neutral, PublicKeyToken=null" name="areQueensSetup" />
    </UnitTest>
    <UnitTest name="colourNotInStalemateWhenNoPossibleMovesAndInCheck" storage="..\chesstests\bin\debug\chesstests.dll" id="7ecdaa04-80a9-8a28-648b-fdeb48a2186d">
      <Execution timeOut="1800000" id="643746b5-a909-4615-b47e-199ee5cf680d" />
      <TestMethod codeBase="C:/Users/ShaneH/Documents/Visual Studio 2012/Projects/Chess/ChessTests/bin/Debug/ChessTests.dll" adapterTypeName="Microsoft.VisualStudio.TestTools.TestTypes.Unit.UnitTestAdapter, Microsoft.VisualStudio.QualityTools.Tips.UnitTest.Adapter, Version=11.0.0.0, Culture=neutral, PublicKeyToken=b03f5f7f11d50a3a" className="ChessTests.CheckTests, ChessTests, Version=1.0.0.0, Culture=neutral, PublicKeyToken=null" name="colourNotInStalemateWhenNoPossibleMovesAndInCheck" />
    </UnitTest>
    <UnitTest name="canMoveWhiteKnightRightUp" storage="..\chesstests\bin\debug\chesstests.dll" id="b48545f1-36d0-2752-215f-8475388c03a6">
      <Execution timeOut="1800000" id="4d4b8afa-16ac-49cf-9cc8-398023b17010" />
      <TestMethod codeBase="C:/Users/ShaneH/Documents/Visual Studio 2012/Projects/Chess/ChessTests/bin/Debug/ChessTests.dll" adapterTypeName="Microsoft.VisualStudio.TestTools.TestTypes.Unit.UnitTestAdapter, Microsoft.VisualStudio.QualityTools.Tips.UnitTest.Adapter, Version=11.0.0.0, Culture=neutral, PublicKeyToken=b03f5f7f11d50a3a" className="ChessTests.KnightTests, ChessTests, Version=1.0.0.0, Culture=neutral, PublicKeyToken=null" name="canMoveWhiteKnightRightUp" />
    </UnitTest>
    <UnitTest name="getExceptionWhenSelectCellRowTooLarge" storage="..\chesstests\bin\debug\chesstests.dll" id="56379117-1d4e-106a-e150-22beb95db5f6">
      <Execution timeOut="1800000" id="0f40b23f-8381-41c1-a792-ff2cf9069167" />
      <TestMethod codeBase="C:/Users/ShaneH/Documents/Visual Studio 2012/Projects/Chess/ChessTests/bin/Debug/ChessTests.dll" adapterTypeName="Microsoft.VisualStudio.TestTools.TestTypes.Unit.UnitTestAdapter, Microsoft.VisualStudio.QualityTools.Tips.UnitTest.Adapter, Version=11.0.0.0, Culture=neutral, PublicKeyToken=b03f5f7f11d50a3a" className="ChessTests.ChessTests, ChessTests, Version=1.0.0.0, Culture=neutral, PublicKeyToken=null" name="getExceptionWhenSelectCellRowTooLarge" />
    </UnitTest>
    <UnitTest name="exceptionWhenMoveTooLargeCol" storage="..\chesstests\bin\debug\chesstests.dll" id="05d65582-adf5-1549-bdb6-f0e47270afd3">
      <Execution timeOut="1800000" id="ed51420d-4d3a-4cd1-8792-a3408abbef13" />
      <TestMethod codeBase="C:/Users/ShaneH/Documents/Visual Studio 2012/Projects/Chess/ChessTests/bin/Debug/ChessTests.dll" adapterTypeName="Microsoft.VisualStudio.TestTools.TestTypes.Unit.UnitTestAdapter, Microsoft.VisualStudio.QualityTools.Tips.UnitTest.Adapter, Version=11.0.0.0, Culture=neutral, PublicKeyToken=b03f5f7f11d50a3a" className="ChessTests.ChessTests, ChessTests, Version=1.0.0.0, Culture=neutral, PublicKeyToken=null" name="exceptionWhenMoveTooLargeCol" />
    </UnitTest>
    <UnitTest name="canMoveQueenHorizontallyRight" storage="..\chesstests\bin\debug\chesstests.dll" id="4a2195e8-be6f-2084-7664-243a4cb97e3b">
      <Execution timeOut="1800000" id="e6402b56-7ba4-4d0b-9aad-e43f36e37421" />
      <TestMethod codeBase="C:/Users/ShaneH/Documents/Visual Studio 2012/Projects/Chess/ChessTests/bin/Debug/ChessTests.dll" adapterTypeName="Microsoft.VisualStudio.TestTools.TestTypes.Unit.UnitTestAdapter, Microsoft.VisualStudio.QualityTools.Tips.UnitTest.Adapter, Version=11.0.0.0, Culture=neutral, PublicKeyToken=b03f5f7f11d50a3a" className="ChessTests.QueenTests, ChessTests, Version=1.0.0.0, Culture=neutral, PublicKeyToken=null" name="canMoveQueenHorizontallyRight" />
    </UnitTest>
    <UnitTest name="noErrorOnTopLeft" storage="..\chesstests\bin\debug\chesstests.dll" id="3a5598f0-2f6a-ab8e-56e4-280c59becd55">
      <Execution timeOut="1800000" id="f41c0981-0fd2-4232-a60d-afc175e5dcb0" />
      <TestMethod codeBase="C:/Users/ShaneH/Documents/Visual Studio 2012/Projects/Chess/ChessTests/bin/Debug/ChessTests.dll" adapterTypeName="Microsoft.VisualStudio.TestTools.TestTypes.Unit.UnitTestAdapter, Microsoft.VisualStudio.QualityTools.Tips.UnitTest.Adapter, Version=11.0.0.0, Culture=neutral, PublicKeyToken=b03f5f7f11d50a3a" className="ChessTests.KnightTests, ChessTests, Version=1.0.0.0, Culture=neutral, PublicKeyToken=null" name="noErrorOnTopLeft" />
    </UnitTest>
    <UnitTest name="cannotTakeOwnPieceMovingRight" storage="..\chesstests\bin\debug\chesstests.dll" id="6c13f9eb-f3d4-48aa-c88b-6e9674447ef3">
      <Execution timeOut="1800000" id="3893e8e3-2173-45d2-8ea8-c1e43c2b418f" />
      <TestMethod codeBase="C:/Users/ShaneH/Documents/Visual Studio 2012/Projects/Chess/ChessTests/bin/Debug/ChessTests.dll" adapterTypeName="Microsoft.VisualStudio.TestTools.TestTypes.Unit.UnitTestAdapter, Microsoft.VisualStudio.QualityTools.Tips.UnitTest.Adapter, Version=11.0.0.0, Culture=neutral, PublicKeyToken=b03f5f7f11d50a3a" className="ChessTests.KingTests, ChessTests, Version=1.0.0.0, Culture=neutral, PublicKeyToken=null" name="cannotTakeOwnPieceMovingRight" />
    </UnitTest>
    <UnitTest name="canTakeOppositionPieceMovingDown" storage="..\chesstests\bin\debug\chesstests.dll" id="c9550b69-9fd2-3fcf-2931-2e40d497d81d">
      <Execution timeOut="1800000" id="4a093e04-5863-43d0-aa97-0d09ee6dab15" />
      <TestMethod codeBase="C:/Users/ShaneH/Documents/Visual Studio 2012/Projects/Chess/ChessTests/bin/Debug/ChessTests.dll" adapterTypeName="Microsoft.VisualStudio.TestTools.TestTypes.Unit.UnitTestAdapter, Microsoft.VisualStudio.QualityTools.Tips.UnitTest.Adapter, Version=11.0.0.0, Culture=neutral, PublicKeyToken=b03f5f7f11d50a3a" className="ChessTests.KingTests, ChessTests, Version=1.0.0.0, Culture=neutral, PublicKeyToken=null" name="canTakeOppositionPieceMovingDown" />
    </UnitTest>
    <UnitTest name="whitePawnCannotTakeTwoRowsForwardAtStart" storage="..\chesstests\bin\debug\chesstests.dll" id="f1502619-456c-8ace-3118-e479f255cb31">
      <Execution timeOut="1800000" id="fb8811e5-ba60-4717-bbfd-5475b8ed3b33" />
      <TestMethod codeBase="C:/Users/ShaneH/Documents/Visual Studio 2012/Projects/Chess/ChessTests/bin/Debug/ChessTests.dll" adapterTypeName="Microsoft.VisualStudio.TestTools.TestTypes.Unit.UnitTestAdapter, Microsoft.VisualStudio.QualityTools.Tips.UnitTest.Adapter, Version=11.0.0.0, Culture=neutral, PublicKeyToken=b03f5f7f11d50a3a" className="ChessTests.PawnTests, ChessTests, Version=1.0.0.0, Culture=neutral, PublicKeyToken=null" name="whitePawnCannotTakeTwoRowsForwardAtStart" />
    </UnitTest>
    <UnitTest name="arePawnsSetup" storage="..\chesstests\bin\debug\chesstests.dll" id="197972f7-6197-faf7-a2b7-9fae8c675127">
      <Execution timeOut="1800000" id="58b2d396-2425-4e5f-be68-f1e5d834871c" />
      <TestMethod codeBase="C:/Users/ShaneH/Documents/Visual Studio 2012/Projects/Chess/ChessTests/bin/Debug/ChessTests.dll" adapterTypeName="Microsoft.VisualStudio.TestTools.TestTypes.Unit.UnitTestAdapter, Microsoft.VisualStudio.QualityTools.Tips.UnitTest.Adapter, Version=11.0.0.0, Culture=neutral, PublicKeyToken=b03f5f7f11d50a3a" className="ChessTests.ChessTests, ChessTests, Version=1.0.0.0, Culture=neutral, PublicKeyToken=null" name="arePawnsSetup" />
    </UnitTest>
    <UnitTest name="canEnumeratePlayerPieces" storage="..\chesstests\bin\debug\chesstests.dll" id="9c621c1d-9ca4-65c3-87bb-d06273555fe6">
      <Execution timeOut="1800000" id="c2d637d9-a4f8-420f-82a4-580c388b349a" />
      <TestMethod codeBase="C:/Users/ShaneH/Documents/Visual Studio 2012/Projects/Chess/ChessTests/bin/Debug/ChessTests.dll" adapterTypeName="Microsoft.VisualStudio.TestTools.TestTypes.Unit.UnitTestAdapter, Microsoft.VisualStudio.QualityTools.Tips.UnitTest.Adapter, Version=11.0.0.0, Culture=neutral, PublicKeyToken=b03f5f7f11d50a3a" className="ChessTests.ChessTests, ChessTests, Version=1.0.0.0, Culture=neutral, PublicKeyToken=null" name="canEnumeratePlayerPieces" />
    </UnitTest>
    <UnitTest name="blackPawnCanTakePieceRight" storage="..\chesstests\bin\debug\chesstests.dll" id="af7199b0-e83f-767d-57c7-bef2cae34aa3">
      <Execution timeOut="1800000" id="d142414a-25d5-49cb-8bf7-983d56e0265b" />
      <TestMethod codeBase="C:/Users/ShaneH/Documents/Visual Studio 2012/Projects/Chess/ChessTests/bin/Debug/ChessTests.dll" adapterTypeName="Microsoft.VisualStudio.TestTools.TestTypes.Unit.UnitTestAdapter, Microsoft.VisualStudio.QualityTools.Tips.UnitTest.Adapter, Version=11.0.0.0, Culture=neutral, PublicKeyToken=b03f5f7f11d50a3a" className="ChessTests.PawnTests, ChessTests, Version=1.0.0.0, Culture=neutral, PublicKeyToken=null" name="blackPawnCanTakePieceRight" />
    </UnitTest>
    <UnitTest name="cannotMoveWhiteKnightAnywayElse" storage="..\chesstests\bin\debug\chesstests.dll" id="98edb5da-2506-8b04-eeed-1852ef2aaf00">
      <Execution timeOut="1800000" id="a45fd8a7-a83a-46fc-aac9-9036d6317feb" />
      <TestMethod codeBase="C:/Users/ShaneH/Documents/Visual Studio 2012/Projects/Chess/ChessTests/bin/Debug/ChessTests.dll" adapterTypeName="Microsoft.VisualStudio.TestTools.TestTypes.Unit.UnitTestAdapter, Microsoft.VisualStudio.QualityTools.Tips.UnitTest.Adapter, Version=11.0.0.0, Culture=neutral, PublicKeyToken=b03f5f7f11d50a3a" className="ChessTests.KnightTests, ChessTests, Version=1.0.0.0, Culture=neutral, PublicKeyToken=null" name="cannotMoveWhiteKnightAnywayElse" />
    </UnitTest>
    <UnitTest name="cannotTakeOwnPieceMovingLeft" storage="..\chesstests\bin\debug\chesstests.dll" id="898e8b86-4e2c-3020-5dd7-7d7a30385240">
      <Execution timeOut="1800000" id="4c17fb1c-b0f4-48b9-83b8-1de0a6e2f707" />
      <TestMethod codeBase="C:/Users/ShaneH/Documents/Visual Studio 2012/Projects/Chess/ChessTests/bin/Debug/ChessTests.dll" adapterTypeName="Microsoft.VisualStudio.TestTools.TestTypes.Unit.UnitTestAdapter, Microsoft.VisualStudio.QualityTools.Tips.UnitTest.Adapter, Version=11.0.0.0, Culture=neutral, PublicKeyToken=b03f5f7f11d50a3a" className="ChessTests.KingTests, ChessTests, Version=1.0.0.0, Culture=neutral, PublicKeyToken=null" name="cannotTakeOwnPieceMovingLeft" />
    </UnitTest>
    <UnitTest name="invalidMoveGivesCorrectPieceName" storage="..\chesstests\bin\debug\chesstests.dll" id="0135c415-d464-98bd-b8b3-bd9c939f3dde">
      <Execution timeOut="1800000" id="1f875571-c9f1-4516-878e-ac289ecfa39f" />
      <TestMethod codeBase="C:/Users/ShaneH/Documents/Visual Studio 2012/Projects/Chess/ChessTests/bin/Debug/ChessTests.dll" adapterTypeName="Microsoft.VisualStudio.TestTools.TestTypes.Unit.UnitTestAdapter, Microsoft.VisualStudio.QualityTools.Tips.UnitTest.Adapter, Version=11.0.0.0, Culture=neutral, PublicKeyToken=b03f5f7f11d50a3a" className="ChessTests.BishopTests, ChessTests, Version=1.0.0.0, Culture=neutral, PublicKeyToken=null" name="invalidMoveGivesCorrectPieceName" />
    </UnitTest>
    <UnitTest name="areTop2RowsBlack" storage="..\chesstests\bin\debug\chesstests.dll" id="4ed072d2-7529-fe73-ad46-07bd95268187">
      <Execution timeOut="1800000" id="d27e8f8a-33bc-4cbc-b47b-d22503b0743a" />
      <TestMethod codeBase="C:/Users/ShaneH/Documents/Visual Studio 2012/Projects/Chess/ChessTests/bin/Debug/ChessTests.dll" adapterTypeName="Microsoft.VisualStudio.TestTools.TestTypes.Unit.UnitTestAdapter, Microsoft.VisualStudio.QualityTools.Tips.UnitTest.Adapter, Version=11.0.0.0, Culture=neutral, PublicKeyToken=b03f5f7f11d50a3a" className="ChessTests.ChessTests, ChessTests, Version=1.0.0.0, Culture=neutral, PublicKeyToken=null" name="areTop2RowsBlack" />
    </UnitTest>
    <UnitTest name="whitePawnCannotTakeEmptyPieceLeft" storage="..\chesstests\bin\debug\chesstests.dll" id="76d2cb65-6735-d8b0-b056-6bd2e46786ef">
      <Execution timeOut="1800000" id="8494cf89-9cbe-4edf-b6b6-c4c623a564a8" />
      <TestMethod codeBase="C:/Users/ShaneH/Documents/Visual Studio 2012/Projects/Chess/ChessTests/bin/Debug/ChessTests.dll" adapterTypeName="Microsoft.VisualStudio.TestTools.TestTypes.Unit.UnitTestAdapter, Microsoft.VisualStudio.QualityTools.Tips.UnitTest.Adapter, Version=11.0.0.0, Culture=neutral, PublicKeyToken=b03f5f7f11d50a3a" className="ChessTests.PawnTests, ChessTests, Version=1.0.0.0, Culture=neutral, PublicKeyToken=null" name="whitePawnCannotTakeEmptyPieceLeft" />
    </UnitTest>
    <UnitTest name="cannotMoveRookPastCaptureHorizontallyRight" storage="..\chesstests\bin\debug\chesstests.dll" id="55a6d228-78a5-d622-034e-b73abe2c7a6d">
      <Execution timeOut="1800000" id="b287b4d6-e3cc-4f41-a2dd-41de35c3fbf8" />
      <TestMethod codeBase="C:/Users/ShaneH/Documents/Visual Studio 2012/Projects/Chess/ChessTests/bin/Debug/ChessTests.dll" adapterTypeName="Microsoft.VisualStudio.TestTools.TestTypes.Unit.UnitTestAdapter, Microsoft.VisualStudio.QualityTools.Tips.UnitTest.Adapter, Version=11.0.0.0, Culture=neutral, PublicKeyToken=b03f5f7f11d50a3a" className="ChessTests.RookTests, ChessTests, Version=1.0.0.0, Culture=neutral, PublicKeyToken=null" name="cannotMoveRookPastCaptureHorizontallyRight" />
    </UnitTest>
    <UnitTest name="queensSetupOnCorrectColour" storage="..\chesstests\bin\debug\chesstests.dll" id="1f0d839d-2acf-5f06-e2ce-d9eadfcf6b39">
      <Execution timeOut="1800000" id="051a89aa-db5d-4466-92a0-b7e200797867" />
      <TestMethod codeBase="C:/Users/ShaneH/Documents/Visual Studio 2012/Projects/Chess/ChessTests/bin/Debug/ChessTests.dll" adapterTypeName="Microsoft.VisualStudio.TestTools.TestTypes.Unit.UnitTestAdapter, Microsoft.VisualStudio.QualityTools.Tips.UnitTest.Adapter, Version=11.0.0.0, Culture=neutral, PublicKeyToken=b03f5f7f11d50a3a" className="ChessTests.ChessTests, ChessTests, Version=1.0.0.0, Culture=neutral, PublicKeyToken=null" name="queensSetupOnCorrectColour" />
    </UnitTest>
    <UnitTest name="noErrorWhenOnBottomRight" storage="..\chesstests\bin\debug\chesstests.dll" id="a39074e8-1a57-e5e3-5130-43a61b6aac16">
      <Execution timeOut="1800000" id="4b0a05fb-5662-4064-82d7-8b745e88beb0" />
      <TestMethod codeBase="C:/Users/ShaneH/Documents/Visual Studio 2012/Projects/Chess/ChessTests/bin/Debug/ChessTests.dll" adapterTypeName="Microsoft.VisualStudio.TestTools.TestTypes.Unit.UnitTestAdapter, Microsoft.VisualStudio.QualityTools.Tips.UnitTest.Adapter, Version=11.0.0.0, Culture=neutral, PublicKeyToken=b03f5f7f11d50a3a" className="ChessTests.KnightTests, ChessTests, Version=1.0.0.0, Culture=neutral, PublicKeyToken=null" name="noErrorWhenOnBottomRight" />
    </UnitTest>
    <UnitTest name="canMoveQueenHorizontallyLeft" storage="..\chesstests\bin\debug\chesstests.dll" id="62090d81-bf34-b23d-be59-e474692bb2bb">
      <Execution timeOut="1800000" id="17383478-e0ae-4109-90be-9d3aa7452c01" />
      <TestMethod codeBase="C:/Users/ShaneH/Documents/Visual Studio 2012/Projects/Chess/ChessTests/bin/Debug/ChessTests.dll" adapterTypeName="Microsoft.VisualStudio.TestTools.TestTypes.Unit.UnitTestAdapter, Microsoft.VisualStudio.QualityTools.Tips.UnitTest.Adapter, Version=11.0.0.0, Culture=neutral, PublicKeyToken=b03f5f7f11d50a3a" className="ChessTests.QueenTests, ChessTests, Version=1.0.0.0, Culture=neutral, PublicKeyToken=null" name="canMoveQueenHorizontallyLeft" />
    </UnitTest>
    <UnitTest name="canMoveWhiteRookVerticallyUp" storage="..\chesstests\bin\debug\chesstests.dll" id="6d564f94-5eaa-e990-ac62-ae2a50bad2a5">
      <Execution timeOut="1800000" id="49cd1fac-4c48-4cfd-95ed-622e73b4dc04" />
      <TestMethod codeBase="C:/Users/ShaneH/Documents/Visual Studio 2012/Projects/Chess/ChessTests/bin/Debug/ChessTests.dll" adapterTypeName="Microsoft.VisualStudio.TestTools.TestTypes.Unit.UnitTestAdapter, Microsoft.VisualStudio.QualityTools.Tips.UnitTest.Adapter, Version=11.0.0.0, Culture=neutral, PublicKeyToken=b03f5f7f11d50a3a" className="ChessTests.RookTests, ChessTests, Version=1.0.0.0, Culture=neutral, PublicKeyToken=null" name="canMoveWhiteRookVerticallyUp" />
    </UnitTest>
    <UnitTest name="simulationReturnsCorrectSimulationBoardsForPawnAtStart" storage="..\chesstests\bin\debug\chesstests.dll" id="bd525819-d0e0-163c-ef0b-ee14eb07f38c">
      <Execution timeOut="1800000" id="d42590c6-6917-4835-b005-e21f68c99e5b" />
      <TestMethod codeBase="C:/Users/ShaneH/Documents/Visual Studio 2012/Projects/Chess/ChessTests/bin/Debug/ChessTests.dll" adapterTypeName="Microsoft.VisualStudio.TestTools.TestTypes.Unit.UnitTestAdapter, Microsoft.VisualStudio.QualityTools.Tips.UnitTest.Adapter, Version=11.0.0.0, Culture=neutral, PublicKeyToken=b03f5f7f11d50a3a" className="ChessTests.BoardSimulateTests, ChessTests, Version=1.0.0.0, Culture=neutral, PublicKeyToken=null" name="simulationReturnsCorrectSimulationBoardsForPawnAtStart" />
    </UnitTest>
    <UnitTest name="moveEnPassantRightNotImmediateThrowsError" storage="..\chesstests\bin\debug\chesstests.dll" id="1ae802a5-bb94-ae3c-980c-cf0121da8a4a">
      <Execution timeOut="1800000" id="96238c93-2961-429a-9ca7-c55f17e73d6b" />
      <TestMethod codeBase="C:/Users/ShaneH/Documents/Visual Studio 2012/Projects/Chess/ChessTests/bin/Debug/ChessTests.dll" adapterTypeName="Microsoft.VisualStudio.TestTools.TestTypes.Unit.UnitTestAdapter, Microsoft.VisualStudio.QualityTools.Tips.UnitTest.Adapter, Version=11.0.0.0, Culture=neutral, PublicKeyToken=b03f5f7f11d50a3a" className="ChessTests.PawnTests, ChessTests, Version=1.0.0.0, Culture=neutral, PublicKeyToken=null" name="moveEnPassantRightNotImmediateThrowsError" />
    </UnitTest>
    <UnitTest name="canMoveBlackKnightLeftUp" storage="..\chesstests\bin\debug\chesstests.dll" id="89133348-f31e-9131-8497-14e1440854d8">
      <Execution timeOut="1800000" id="ae1fec03-3179-419e-af7e-30ad4d873b9a" />
      <TestMethod codeBase="C:/Users/ShaneH/Documents/Visual Studio 2012/Projects/Chess/ChessTests/bin/Debug/ChessTests.dll" adapterTypeName="Microsoft.VisualStudio.TestTools.TestTypes.Unit.UnitTestAdapter, Microsoft.VisualStudio.QualityTools.Tips.UnitTest.Adapter, Version=11.0.0.0, Culture=neutral, PublicKeyToken=b03f5f7f11d50a3a" className="ChessTests.KnightTests, ChessTests, Version=1.0.0.0, Culture=neutral, PublicKeyToken=null" name="canMoveBlackKnightLeftUp" />
    </UnitTest>
    <UnitTest name="whitePawnCannotTakeEmptyPieceRight" storage="..\chesstests\bin\debug\chesstests.dll" id="85ab3335-8bf0-ecfa-98f7-0db700370fe2">
      <Execution timeOut="1800000" id="33e38f93-2090-4e06-9728-88dc87a47de6" />
      <TestMethod codeBase="C:/Users/ShaneH/Documents/Visual Studio 2012/Projects/Chess/ChessTests/bin/Debug/ChessTests.dll" adapterTypeName="Microsoft.VisualStudio.TestTools.TestTypes.Unit.UnitTestAdapter, Microsoft.VisualStudio.QualityTools.Tips.UnitTest.Adapter, Version=11.0.0.0, Culture=neutral, PublicKeyToken=b03f5f7f11d50a3a" className="ChessTests.PawnTests, ChessTests, Version=1.0.0.0, Culture=neutral, PublicKeyToken=null" name="whitePawnCannotTakeEmptyPieceRight" />
    </UnitTest>
    <UnitTest name="cannotMoveIntoCheckWithRook" storage="..\chesstests\bin\debug\chesstests.dll" id="dcca3c4a-4d5b-4814-e0a5-e44d018476b2">
      <Execution timeOut="1800000" id="2c5215f5-bd9f-458d-a2dd-b7d7bab82b30" />
      <TestMethod codeBase="C:/Users/ShaneH/Documents/Visual Studio 2012/Projects/Chess/ChessTests/bin/Debug/ChessTests.dll" adapterTypeName="Microsoft.VisualStudio.TestTools.TestTypes.Unit.UnitTestAdapter, Microsoft.VisualStudio.QualityTools.Tips.UnitTest.Adapter, Version=11.0.0.0, Culture=neutral, PublicKeyToken=b03f5f7f11d50a3a" className="ChessTests.CheckTests, ChessTests, Version=1.0.0.0, Culture=neutral, PublicKeyToken=null" name="cannotMoveIntoCheckWithRook" />
    </UnitTest>
    <UnitTest name="exceptionWhenMoveToNegativeRow" storage="..\chesstests\bin\debug\chesstests.dll" id="b7b09a89-f922-b298-bb69-6134762504c7">
      <Execution timeOut="1800000" id="7d8415d3-4a2f-486e-9f45-67cc478b41ac" />
      <TestMethod codeBase="C:/Users/ShaneH/Documents/Visual Studio 2012/Projects/Chess/ChessTests/bin/Debug/ChessTests.dll" adapterTypeName="Microsoft.VisualStudio.TestTools.TestTypes.Unit.UnitTestAdapter, Microsoft.VisualStudio.QualityTools.Tips.UnitTest.Adapter, Version=11.0.0.0, Culture=neutral, PublicKeyToken=b03f5f7f11d50a3a" className="ChessTests.ChessTests, ChessTests, Version=1.0.0.0, Culture=neutral, PublicKeyToken=null" name="exceptionWhenMoveToNegativeRow" />
    </UnitTest>
    <UnitTest name="canMoveKingDownRight" storage="..\chesstests\bin\debug\chesstests.dll" id="558b53c6-969d-e366-d6b8-7fcc271542df">
      <Execution timeOut="1800000" id="e19921fe-b5a7-451f-a865-916b9a1a582a" />
      <TestMethod codeBase="C:/Users/ShaneH/Documents/Visual Studio 2012/Projects/Chess/ChessTests/bin/Debug/ChessTests.dll" adapterTypeName="Microsoft.VisualStudio.TestTools.TestTypes.Unit.UnitTestAdapter, Microsoft.VisualStudio.QualityTools.Tips.UnitTest.Adapter, Version=11.0.0.0, Culture=neutral, PublicKeyToken=b03f5f7f11d50a3a" className="ChessTests.KingTests, ChessTests, Version=1.0.0.0, Culture=neutral, PublicKeyToken=null" name="canMoveKingDownRight" />
    </UnitTest>
    <UnitTest name="canMoveWhiteBishopDiagonalUpRightNoObstructions" storage="..\chesstests\bin\debug\chesstests.dll" id="f27377be-1934-c9f6-8d07-ac7266d1d2f6">
      <Execution timeOut="1800000" id="9b77c34e-2111-4ad8-8131-b12f1ef51385" />
      <TestMethod codeBase="C:/Users/ShaneH/Documents/Visual Studio 2012/Projects/Chess/ChessTests/bin/Debug/ChessTests.dll" adapterTypeName="Microsoft.VisualStudio.TestTools.TestTypes.Unit.UnitTestAdapter, Microsoft.VisualStudio.QualityTools.Tips.UnitTest.Adapter, Version=11.0.0.0, Culture=neutral, PublicKeyToken=b03f5f7f11d50a3a" className="ChessTests.BishopTests, ChessTests, Version=1.0.0.0, Culture=neutral, PublicKeyToken=null" name="canMoveWhiteBishopDiagonalUpRightNoObstructions" />
    </UnitTest>
    <UnitTest name="getExceptionWhenSelectCellNegativeCol" storage="..\chesstests\bin\debug\chesstests.dll" id="18c1f855-99f0-d7c9-3814-1b9500d79abb">
      <Execution timeOut="1800000" id="d1f37592-e839-4316-a7f7-fbc140caaf11" />
      <TestMethod codeBase="C:/Users/ShaneH/Documents/Visual Studio 2012/Projects/Chess/ChessTests/bin/Debug/ChessTests.dll" adapterTypeName="Microsoft.VisualStudio.TestTools.TestTypes.Unit.UnitTestAdapter, Microsoft.VisualStudio.QualityTools.Tips.UnitTest.Adapter, Version=11.0.0.0, Culture=neutral, PublicKeyToken=b03f5f7f11d50a3a" className="ChessTests.ChessTests, ChessTests, Version=1.0.0.0, Culture=neutral, PublicKeyToken=null" name="getExceptionWhenSelectCellNegativeCol" />
    </UnitTest>
    <UnitTest name="areKnightsSetup" storage="..\chesstests\bin\debug\chesstests.dll" id="46a22037-07ac-0ccf-02e3-fd7145e502cd">
      <Execution timeOut="1800000" id="3e47a558-e343-4b4b-afb7-1b49a75eef89" />
      <TestMethod codeBase="C:/Users/ShaneH/Documents/Visual Studio 2012/Projects/Chess/ChessTests/bin/Debug/ChessTests.dll" adapterTypeName="Microsoft.VisualStudio.TestTools.TestTypes.Unit.UnitTestAdapter, Microsoft.VisualStudio.QualityTools.Tips.UnitTest.Adapter, Version=11.0.0.0, Culture=neutral, PublicKeyToken=b03f5f7f11d50a3a" className="ChessTests.ChessTests, ChessTests, Version=1.0.0.0, Culture=neutral, PublicKeyToken=null" name="areKnightsSetup" />
    </UnitTest>
    <UnitTest name="canMoveQueenDiagUpRight" storage="..\chesstests\bin\debug\chesstests.dll" id="e3792867-8253-4fa3-d7e9-04dbc55b7bd0">
      <Execution timeOut="1800000" id="cc21e6ba-7704-4cfd-a05e-36a7fab8d316" />
      <TestMethod codeBase="C:/Users/ShaneH/Documents/Visual Studio 2012/Projects/Chess/ChessTests/bin/Debug/ChessTests.dll" adapterTypeName="Microsoft.VisualStudio.TestTools.TestTypes.Unit.UnitTestAdapter, Microsoft.VisualStudio.QualityTools.Tips.UnitTest.Adapter, Version=11.0.0.0, Culture=neutral, PublicKeyToken=b03f5f7f11d50a3a" className="ChessTests.QueenTests, ChessTests, Version=1.0.0.0, Culture=neutral, PublicKeyToken=null" name="canMoveQueenDiagUpRight" />
    </UnitTest>
    <UnitTest name="cannotJumpOppositionDiagDownRight" storage="..\chesstests\bin\debug\chesstests.dll" id="ee426e89-ab85-59c3-0fcf-e94b5b68ecd0">
      <Execution timeOut="1800000" id="9d9fe017-40e8-40f7-9cb7-ad8738f4f53a" />
      <TestMethod codeBase="C:/Users/ShaneH/Documents/Visual Studio 2012/Projects/Chess/ChessTests/bin/Debug/ChessTests.dll" adapterTypeName="Microsoft.VisualStudio.TestTools.TestTypes.Unit.UnitTestAdapter, Microsoft.VisualStudio.QualityTools.Tips.UnitTest.Adapter, Version=11.0.0.0, Culture=neutral, PublicKeyToken=b03f5f7f11d50a3a" className="ChessTests.BishopTests, ChessTests, Version=1.0.0.0, Culture=neutral, PublicKeyToken=null" name="cannotJumpOppositionDiagDownRight" />
    </UnitTest>
    <UnitTest name="canBlackPawnMoveOneSpaceForward" storage="..\chesstests\bin\debug\chesstests.dll" id="74218563-c78e-d800-7101-79460a2a54a4">
      <Execution timeOut="1800000" id="f3bb3f05-bc0a-4b95-83b5-c2b6f06cbf08" />
      <TestMethod codeBase="C:/Users/ShaneH/Documents/Visual Studio 2012/Projects/Chess/ChessTests/bin/Debug/ChessTests.dll" adapterTypeName="Microsoft.VisualStudio.TestTools.TestTypes.Unit.UnitTestAdapter, Microsoft.VisualStudio.QualityTools.Tips.UnitTest.Adapter, Version=11.0.0.0, Culture=neutral, PublicKeyToken=b03f5f7f11d50a3a" className="ChessTests.PawnTests, ChessTests, Version=1.0.0.0, Culture=neutral, PublicKeyToken=null" name="canBlackPawnMoveOneSpaceForward" />
    </UnitTest>
    <UnitTest name="whitePawnCannotMoveTwoSpacesAfterStart" storage="..\chesstests\bin\debug\chesstests.dll" id="35ff0ac0-4840-970b-a280-9a148d7f7af4">
      <Execution timeOut="1800000" id="6133031f-dadd-4af7-8287-6ece594703cc" />
      <TestMethod codeBase="C:/Users/ShaneH/Documents/Visual Studio 2012/Projects/Chess/ChessTests/bin/Debug/ChessTests.dll" adapterTypeName="Microsoft.VisualStudio.TestTools.TestTypes.Unit.UnitTestAdapter, Microsoft.VisualStudio.QualityTools.Tips.UnitTest.Adapter, Version=11.0.0.0, Culture=neutral, PublicKeyToken=b03f5f7f11d50a3a" className="ChessTests.PawnTests, ChessTests, Version=1.0.0.0, Culture=neutral, PublicKeyToken=null" name="whitePawnCannotMoveTwoSpacesAfterStart" />
    </UnitTest>
    <UnitTest name="canMoveQueenVerticallyDown" storage="..\chesstests\bin\debug\chesstests.dll" id="01079ac0-f339-2360-8171-8d0e80010056">
      <Execution timeOut="1800000" id="005d7664-f48a-4795-ae65-132323f6ef14" />
      <TestMethod codeBase="C:/Users/ShaneH/Documents/Visual Studio 2012/Projects/Chess/ChessTests/bin/Debug/ChessTests.dll" adapterTypeName="Microsoft.VisualStudio.TestTools.TestTypes.Unit.UnitTestAdapter, Microsoft.VisualStudio.QualityTools.Tips.UnitTest.Adapter, Version=11.0.0.0, Culture=neutral, PublicKeyToken=b03f5f7f11d50a3a" className="ChessTests.QueenTests, ChessTests, Version=1.0.0.0, Culture=neutral, PublicKeyToken=null" name="canMoveQueenVerticallyDown" />
    </UnitTest>
    <UnitTest name="canSelectCell" storage="..\chesstests\bin\debug\chesstests.dll" id="005829d6-859e-9315-7aa3-e62df14cfd2f">
      <Execution timeOut="1800000" id="e6464ef8-0500-4bf9-9567-896d4c078114" />
      <TestMethod codeBase="C:/Users/ShaneH/Documents/Visual Studio 2012/Projects/Chess/ChessTests/bin/Debug/ChessTests.dll" adapterTypeName="Microsoft.VisualStudio.TestTools.TestTypes.Unit.UnitTestAdapter, Microsoft.VisualStudio.QualityTools.Tips.UnitTest.Adapter, Version=11.0.0.0, Culture=neutral, PublicKeyToken=b03f5f7f11d50a3a" className="ChessTests.ChessTests, ChessTests, Version=1.0.0.0, Culture=neutral, PublicKeyToken=null" name="canSelectCell" />
    </UnitTest>
    <UnitTest name="canMoveBlackKnightRightUp" storage="..\chesstests\bin\debug\chesstests.dll" id="b6442f0f-5bfd-8c1c-ad13-f1d69b3a8a06">
      <Execution timeOut="1800000" id="6fc7a95e-c784-49fa-877c-c1a3779a07ee" />
      <TestMethod codeBase="C:/Users/ShaneH/Documents/Visual Studio 2012/Projects/Chess/ChessTests/bin/Debug/ChessTests.dll" adapterTypeName="Microsoft.VisualStudio.TestTools.TestTypes.Unit.UnitTestAdapter, Microsoft.VisualStudio.QualityTools.Tips.UnitTest.Adapter, Version=11.0.0.0, Culture=neutral, PublicKeyToken=b03f5f7f11d50a3a" className="ChessTests.KnightTests, ChessTests, Version=1.0.0.0, Culture=neutral, PublicKeyToken=null" name="canMoveBlackKnightRightUp" />
    </UnitTest>
    <UnitTest name="cannotCaptureOwnPieceRightTop" storage="..\chesstests\bin\debug\chesstests.dll" id="84067fc2-a576-9ac6-6f3c-59ca7fae01b3">
      <Execution timeOut="1800000" id="6f25a92d-72f7-468a-8f63-aaff22181a47" />
      <TestMethod codeBase="C:/Users/ShaneH/Documents/Visual Studio 2012/Projects/Chess/ChessTests/bin/Debug/ChessTests.dll" adapterTypeName="Microsoft.VisualStudio.TestTools.TestTypes.Unit.UnitTestAdapter, Microsoft.VisualStudio.QualityTools.Tips.UnitTest.Adapter, Version=11.0.0.0, Culture=neutral, PublicKeyToken=b03f5f7f11d50a3a" className="ChessTests.KnightTests, ChessTests, Version=1.0.0.0, Culture=neutral, PublicKeyToken=null" name="cannotCaptureOwnPieceRightTop" />
    </UnitTest>
    <UnitTest name="whitePawnCanTakePieceLeft" storage="..\chesstests\bin\debug\chesstests.dll" id="f9b6fa3b-c686-0e22-5a5c-d78c0f5f065a">
      <Execution timeOut="1800000" id="7c1d853d-fae3-4b16-bea9-5e9a0e659c38" />
      <TestMethod codeBase="C:/Users/ShaneH/Documents/Visual Studio 2012/Projects/Chess/ChessTests/bin/Debug/ChessTests.dll" adapterTypeName="Microsoft.VisualStudio.TestTools.TestTypes.Unit.UnitTestAdapter, Microsoft.VisualStudio.QualityTools.Tips.UnitTest.Adapter, Version=11.0.0.0, Culture=neutral, PublicKeyToken=b03f5f7f11d50a3a" className="ChessTests.PawnTests, ChessTests, Version=1.0.0.0, Culture=neutral, PublicKeyToken=null" name="whitePawnCanTakePieceLeft" />
    </UnitTest>
    <UnitTest name="getExceptionWhenSelectCellColTooLarge" storage="..\chesstests\bin\debug\chesstests.dll" id="a5cecf0f-42c5-3103-c37e-7de0c32f1d40">
      <Execution timeOut="1800000" id="f2a353c2-db04-48c3-8aaf-95ef704b2df5" />
      <TestMethod codeBase="C:/Users/ShaneH/Documents/Visual Studio 2012/Projects/Chess/ChessTests/bin/Debug/ChessTests.dll" adapterTypeName="Microsoft.VisualStudio.TestTools.TestTypes.Unit.UnitTestAdapter, Microsoft.VisualStudio.QualityTools.Tips.UnitTest.Adapter, Version=11.0.0.0, Culture=neutral, PublicKeyToken=b03f5f7f11d50a3a" className="ChessTests.ChessTests, ChessTests, Version=1.0.0.0, Culture=neutral, PublicKeyToken=null" name="getExceptionWhenSelectCellColTooLarge" />
    </UnitTest>
    <UnitTest name="cannotMoveOneForwardWhenPieceInTheWay" storage="..\chesstests\bin\debug\chesstests.dll" id="e4425b0f-0cb4-e465-5faf-5fa77fa81a46">
      <Execution timeOut="1800000" id="ab3ffd65-acf5-4d9d-aa73-1e2972d58a79" />
      <TestMethod codeBase="C:/Users/ShaneH/Documents/Visual Studio 2012/Projects/Chess/ChessTests/bin/Debug/ChessTests.dll" adapterTypeName="Microsoft.VisualStudio.TestTools.TestTypes.Unit.UnitTestAdapter, Microsoft.VisualStudio.QualityTools.Tips.UnitTest.Adapter, Version=11.0.0.0, Culture=neutral, PublicKeyToken=b03f5f7f11d50a3a" className="ChessTests.PawnTests, ChessTests, Version=1.0.0.0, Culture=neutral, PublicKeyToken=null" name="cannotMoveOneForwardWhenPieceInTheWay" />
    </UnitTest>
    <UnitTest name="nullCellNeverEqual" storage="..\chesstests\bin\debug\chesstests.dll" id="c9eef1b9-2601-24e4-e66c-677a0f68bfe9">
      <Execution timeOut="1800000" id="bdc521fa-33b2-4cf8-a210-9d089dfeb8fb" />
      <TestMethod codeBase="C:/Users/ShaneH/Documents/Visual Studio 2012/Projects/Chess/ChessTests/bin/Debug/ChessTests.dll" adapterTypeName="Microsoft.VisualStudio.TestTools.TestTypes.Unit.UnitTestAdapter, Microsoft.VisualStudio.QualityTools.Tips.UnitTest.Adapter, Version=11.0.0.0, Culture=neutral, PublicKeyToken=b03f5f7f11d50a3a" className="ChessTests.ChessTests, ChessTests, Version=1.0.0.0, Culture=neutral, PublicKeyToken=null" name="nullCellNeverEqual" />
    </UnitTest>
    <UnitTest name="kingNotInCheckWhenOwnPieceBlockingOppositionPiece" storage="..\chesstests\bin\debug\chesstests.dll" id="f98e6c38-f08f-2d80-34cd-9cb6261351d7">
      <Execution timeOut="1800000" id="0978fbf8-a20c-4c3b-9fcc-21c96ba5bb26" />
      <TestMethod codeBase="C:/Users/ShaneH/Documents/Visual Studio 2012/Projects/Chess/ChessTests/bin/Debug/ChessTests.dll" adapterTypeName="Microsoft.VisualStudio.TestTools.TestTypes.Unit.UnitTestAdapter, Microsoft.VisualStudio.QualityTools.Tips.UnitTest.Adapter, Version=11.0.0.0, Culture=neutral, PublicKeyToken=b03f5f7f11d50a3a" className="ChessTests.CheckTests, ChessTests, Version=1.0.0.0, Culture=neutral, PublicKeyToken=null" name="kingNotInCheckWhenOwnPieceBlockingOppositionPiece" />
    </UnitTest>
    <UnitTest name="colourNotInStaleManteByDefault" storage="..\chesstests\bin\debug\chesstests.dll" id="9bbae2c8-e27e-d82f-411b-63cf381b699f">
      <Execution timeOut="1800000" id="6c877781-ba17-4151-aab8-3fc7a911a72b" />
      <TestMethod codeBase="C:/Users/ShaneH/Documents/Visual Studio 2012/Projects/Chess/ChessTests/bin/Debug/ChessTests.dll" adapterTypeName="Microsoft.VisualStudio.TestTools.TestTypes.Unit.UnitTestAdapter, Microsoft.VisualStudio.QualityTools.Tips.UnitTest.Adapter, Version=11.0.0.0, Culture=neutral, PublicKeyToken=b03f5f7f11d50a3a" className="ChessTests.CheckTests, ChessTests, Version=1.0.0.0, Culture=neutral, PublicKeyToken=null" name="colourNotInStaleManteByDefault" />
    </UnitTest>
    <UnitTest name="canMoveBlackKnightLeftDown" storage="..\chesstests\bin\debug\chesstests.dll" id="6cf57c02-d527-684a-9612-4d68bc5f29f6">
      <Execution timeOut="1800000" id="f2d28b35-d005-4988-b97f-d1da5d2854ed" />
      <TestMethod codeBase="C:/Users/ShaneH/Documents/Visual Studio 2012/Projects/Chess/ChessTests/bin/Debug/ChessTests.dll" adapterTypeName="Microsoft.VisualStudio.TestTools.TestTypes.Unit.UnitTestAdapter, Microsoft.VisualStudio.QualityTools.Tips.UnitTest.Adapter, Version=11.0.0.0, Culture=neutral, PublicKeyToken=b03f5f7f11d50a3a" className="ChessTests.KnightTests, ChessTests, Version=1.0.0.0, Culture=neutral, PublicKeyToken=null" name="canMoveBlackKnightLeftDown" />
    </UnitTest>
    <UnitTest name="canMoveBlackKnightUpLeft" storage="..\chesstests\bin\debug\chesstests.dll" id="dec0744b-b5da-6a4d-ad0a-355a63963703">
      <Execution timeOut="1800000" id="23e41884-cec3-48b4-8e31-0c142cee32db" />
      <TestMethod codeBase="C:/Users/ShaneH/Documents/Visual Studio 2012/Projects/Chess/ChessTests/bin/Debug/ChessTests.dll" adapterTypeName="Microsoft.VisualStudio.TestTools.TestTypes.Unit.UnitTestAdapter, Microsoft.VisualStudio.QualityTools.Tips.UnitTest.Adapter, Version=11.0.0.0, Culture=neutral, PublicKeyToken=b03f5f7f11d50a3a" className="ChessTests.KnightTests, ChessTests, Version=1.0.0.0, Culture=neutral, PublicKeyToken=null" name="canMoveBlackKnightUpLeft" />
    </UnitTest>
    <UnitTest name="canMoveBlackRookVerticallyUp" storage="..\chesstests\bin\debug\chesstests.dll" id="4e5788c1-ada8-e773-ce47-116c6628d2aa">
      <Execution timeOut="1800000" id="347bedfd-1752-4c6e-a590-ebd745ea44f5" />
      <TestMethod codeBase="C:/Users/ShaneH/Documents/Visual Studio 2012/Projects/Chess/ChessTests/bin/Debug/ChessTests.dll" adapterTypeName="Microsoft.VisualStudio.TestTools.TestTypes.Unit.UnitTestAdapter, Microsoft.VisualStudio.QualityTools.Tips.UnitTest.Adapter, Version=11.0.0.0, Culture=neutral, PublicKeyToken=b03f5f7f11d50a3a" className="ChessTests.RookTests, ChessTests, Version=1.0.0.0, Culture=neutral, PublicKeyToken=null" name="canMoveBlackRookVerticallyUp" />
    </UnitTest>
    <UnitTest name="canMoveWhiteBishopDiagonalUpLeftNoObstructions" storage="..\chesstests\bin\debug\chesstests.dll" id="87b4a0e4-779f-40d0-ae2d-3dbb1b295cb5">
      <Execution timeOut="1800000" id="7bef2133-b2f7-4362-a9fe-12e2b1b383ba" />
      <TestMethod codeBase="C:/Users/ShaneH/Documents/Visual Studio 2012/Projects/Chess/ChessTests/bin/Debug/ChessTests.dll" adapterTypeName="Microsoft.VisualStudio.TestTools.TestTypes.Unit.UnitTestAdapter, Microsoft.VisualStudio.QualityTools.Tips.UnitTest.Adapter, Version=11.0.0.0, Culture=neutral, PublicKeyToken=b03f5f7f11d50a3a" className="ChessTests.BishopTests, ChessTests, Version=1.0.0.0, Culture=neutral, PublicKeyToken=null" name="canMoveWhiteBishopDiagonalUpLeftNoObstructions" />
    </UnitTest>
    <UnitTest name="cannotTakeOwnPieceDiagUpLeft" storage="..\chesstests\bin\debug\chesstests.dll" id="3562f988-caf6-e157-38af-47808bc40815">
      <Execution timeOut="1800000" id="82f93183-b6e3-4ee9-9727-795d0c3b5f20" />
      <TestMethod codeBase="C:/Users/ShaneH/Documents/Visual Studio 2012/Projects/Chess/ChessTests/bin/Debug/ChessTests.dll" adapterTypeName="Microsoft.VisualStudio.TestTools.TestTypes.Unit.UnitTestAdapter, Microsoft.VisualStudio.QualityTools.Tips.UnitTest.Adapter, Version=11.0.0.0, Culture=neutral, PublicKeyToken=b03f5f7f11d50a3a" className="ChessTests.BishopTests, ChessTests, Version=1.0.0.0, Culture=neutral, PublicKeyToken=null" name="cannotTakeOwnPieceDiagUpLeft" />
    </UnitTest>
    <UnitTest name="cannotTakeOwnPieceMovingDownLeft" storage="..\chesstests\bin\debug\chesstests.dll" id="989c4479-fd4d-be06-81f5-831578a55a59">
      <Execution timeOut="1800000" id="fe212951-b9fb-4206-8ab7-513fa84f1c6d" />
      <TestMethod codeBase="C:/Users/ShaneH/Documents/Visual Studio 2012/Projects/Chess/ChessTests/bin/Debug/ChessTests.dll" adapterTypeName="Microsoft.VisualStudio.TestTools.TestTypes.Unit.UnitTestAdapter, Microsoft.VisualStudio.QualityTools.Tips.UnitTest.Adapter, Version=11.0.0.0, Culture=neutral, PublicKeyToken=b03f5f7f11d50a3a" className="ChessTests.KingTests, ChessTests, Version=1.0.0.0, Culture=neutral, PublicKeyToken=null" name="cannotTakeOwnPieceMovingDownLeft" />
    </UnitTest>
    <UnitTest name="areMiddleRowsPlayerColourNone" storage="..\chesstests\bin\debug\chesstests.dll" id="b4976dbf-056c-73f6-1b78-f13c2b1d127b">
      <Execution timeOut="1800000" id="d31032aa-f3b5-49f8-9cfc-327a83dc0cb6" />
      <TestMethod codeBase="C:/Users/ShaneH/Documents/Visual Studio 2012/Projects/Chess/ChessTests/bin/Debug/ChessTests.dll" adapterTypeName="Microsoft.VisualStudio.TestTools.TestTypes.Unit.UnitTestAdapter, Microsoft.VisualStudio.QualityTools.Tips.UnitTest.Adapter, Version=11.0.0.0, Culture=neutral, PublicKeyToken=b03f5f7f11d50a3a" className="ChessTests.ChessTests, ChessTests, Version=1.0.0.0, Culture=neutral, PublicKeyToken=null" name="areMiddleRowsPlayerColourNone" />
    </UnitTest>
    <UnitTest name="blackPawnCannotMoveTwoSpacesAfterStart" storage="..\chesstests\bin\debug\chesstests.dll" id="8e7b2879-f716-116d-99dc-23f8e18ae182">
      <Execution timeOut="1800000" id="4b82d0e4-afbc-442e-ba7c-c3ce5d318634" />
      <TestMethod codeBase="C:/Users/ShaneH/Documents/Visual Studio 2012/Projects/Chess/ChessTests/bin/Debug/ChessTests.dll" adapterTypeName="Microsoft.VisualStudio.TestTools.TestTypes.Unit.UnitTestAdapter, Microsoft.VisualStudio.QualityTools.Tips.UnitTest.Adapter, Version=11.0.0.0, Culture=neutral, PublicKeyToken=b03f5f7f11d50a3a" className="ChessTests.PawnTests, ChessTests, Version=1.0.0.0, Culture=neutral, PublicKeyToken=null" name="blackPawnCannotMoveTwoSpacesAfterStart" />
    </UnitTest>
    <UnitTest name="kingNotInCheckMateWhenOtherPieceCanMoveInTheWay" storage="..\chesstests\bin\debug\chesstests.dll" id="22fb6488-4e17-7246-9bba-eb7331638ea4">
      <Execution timeOut="1800000" id="702fda75-a1db-4974-a510-964bf8d6d3e5" />
      <TestMethod codeBase="C:/Users/ShaneH/Documents/Visual Studio 2012/Projects/Chess/ChessTests/bin/Debug/ChessTests.dll" adapterTypeName="Microsoft.VisualStudio.TestTools.TestTypes.Unit.UnitTestAdapter, Microsoft.VisualStudio.QualityTools.Tips.UnitTest.Adapter, Version=11.0.0.0, Culture=neutral, PublicKeyToken=b03f5f7f11d50a3a" className="ChessTests.CheckMateTests, ChessTests, Version=1.0.0.0, Culture=neutral, PublicKeyToken=null" name="kingNotInCheckMateWhenOtherPieceCanMoveInTheWay" />
    </UnitTest>
    <UnitTest name="cannotCaptureOwnPieceLeftTop" storage="..\chesstests\bin\debug\chesstests.dll" id="40d1b41f-84e9-0b2b-3898-954b6294bb34">
      <Execution timeOut="1800000" id="33edde1d-2daf-4721-886a-046f9e286c5c" />
      <TestMethod codeBase="C:/Users/ShaneH/Documents/Visual Studio 2012/Projects/Chess/ChessTests/bin/Debug/ChessTests.dll" adapterTypeName="Microsoft.VisualStudio.TestTools.TestTypes.Unit.UnitTestAdapter, Microsoft.VisualStudio.QualityTools.Tips.UnitTest.Adapter, Version=11.0.0.0, Culture=neutral, PublicKeyToken=b03f5f7f11d50a3a" className="ChessTests.KnightTests, ChessTests, Version=1.0.0.0, Culture=neutral, PublicKeyToken=null" name="cannotCaptureOwnPieceLeftTop" />
    </UnitTest>
    <UnitTest name="simulationReturnsEmptyListForNoPieces" storage="..\chesstests\bin\debug\chesstests.dll" id="628632dc-14a8-67f8-6ec8-cd851ba65212">
      <Execution timeOut="1800000" id="531a63ae-b464-4f90-ad13-723710dbe1e1" />
      <TestMethod codeBase="C:/Users/ShaneH/Documents/Visual Studio 2012/Projects/Chess/ChessTests/bin/Debug/ChessTests.dll" adapterTypeName="Microsoft.VisualStudio.TestTools.TestTypes.Unit.UnitTestAdapter, Microsoft.VisualStudio.QualityTools.Tips.UnitTest.Adapter, Version=11.0.0.0, Culture=neutral, PublicKeyToken=b03f5f7f11d50a3a" className="ChessTests.BoardSimulateTests, ChessTests, Version=1.0.0.0, Culture=neutral, PublicKeyToken=null" name="simulationReturnsEmptyListForNoPieces" />
    </UnitTest>
    <UnitTest name="canMoveWhiteKnightRightDown" storage="..\chesstests\bin\debug\chesstests.dll" id="b1cacb72-0763-fed2-dae6-92a0ddd885e0">
      <Execution timeOut="1800000" id="3a5f6ddd-36bf-455f-85fb-26cc7b18afd9" />
      <TestMethod codeBase="C:/Users/ShaneH/Documents/Visual Studio 2012/Projects/Chess/ChessTests/bin/Debug/ChessTests.dll" adapterTypeName="Microsoft.VisualStudio.TestTools.TestTypes.Unit.UnitTestAdapter, Microsoft.VisualStudio.QualityTools.Tips.UnitTest.Adapter, Version=11.0.0.0, Culture=neutral, PublicKeyToken=b03f5f7f11d50a3a" className="ChessTests.KnightTests, ChessTests, Version=1.0.0.0, Culture=neutral, PublicKeyToken=null" name="canMoveWhiteKnightRightDown" />
    </UnitTest>
    <UnitTest name="cannotCaptureOwnPieceTopRight" storage="..\chesstests\bin\debug\chesstests.dll" id="8b767757-2d46-6db2-6c72-a25020070dc1">
      <Execution timeOut="1800000" id="a877d375-3cd4-4c8a-a44a-15d738a5c9e6" />
      <TestMethod codeBase="C:/Users/ShaneH/Documents/Visual Studio 2012/Projects/Chess/ChessTests/bin/Debug/ChessTests.dll" adapterTypeName="Microsoft.VisualStudio.TestTools.TestTypes.Unit.UnitTestAdapter, Microsoft.VisualStudio.QualityTools.Tips.UnitTest.Adapter, Version=11.0.0.0, Culture=neutral, PublicKeyToken=b03f5f7f11d50a3a" className="ChessTests.KnightTests, ChessTests, Version=1.0.0.0, Culture=neutral, PublicKeyToken=null" name="cannotCaptureOwnPieceTopRight" />
    </UnitTest>
    <UnitTest name="cannotTakeOwnPieceMovingUpRight" storage="..\chesstests\bin\debug\chesstests.dll" id="f5f11ea3-767f-521f-25a8-5a047603f97f">
      <Execution timeOut="1800000" id="c5e67768-a62b-44de-84b3-71a19d8b82f7" />
      <TestMethod codeBase="C:/Users/ShaneH/Documents/Visual Studio 2012/Projects/Chess/ChessTests/bin/Debug/ChessTests.dll" adapterTypeName="Microsoft.VisualStudio.TestTools.TestTypes.Unit.UnitTestAdapter, Microsoft.VisualStudio.QualityTools.Tips.UnitTest.Adapter, Version=11.0.0.0, Culture=neutral, PublicKeyToken=b03f5f7f11d50a3a" className="ChessTests.KingTests, ChessTests, Version=1.0.0.0, Culture=neutral, PublicKeyToken=null" name="cannotTakeOwnPieceMovingUpRight" />
    </UnitTest>
    <UnitTest name="canMoveWhiteKnightUpLeft" storage="..\chesstests\bin\debug\chesstests.dll" id="01e1d85e-511b-f54c-a1a1-900d1b604f70">
      <Execution timeOut="1800000" id="edd2eb6d-e299-41e1-b03e-e87aa34267ac" />
      <TestMethod codeBase="C:/Users/ShaneH/Documents/Visual Studio 2012/Projects/Chess/ChessTests/bin/Debug/ChessTests.dll" adapterTypeName="Microsoft.VisualStudio.TestTools.TestTypes.Unit.UnitTestAdapter, Microsoft.VisualStudio.QualityTools.Tips.UnitTest.Adapter, Version=11.0.0.0, Culture=neutral, PublicKeyToken=b03f5f7f11d50a3a" className="ChessTests.KnightTests, ChessTests, Version=1.0.0.0, Culture=neutral, PublicKeyToken=null" name="canMoveWhiteKnightUpLeft" />
    </UnitTest>
    <UnitTest name="canTakeOppositionPieceMovingUpRight" storage="..\chesstests\bin\debug\chesstests.dll" id="c283c84e-12fb-1c79-3140-e564f9560517">
      <Execution timeOut="1800000" id="b4af5f9a-d47b-4d49-bcff-b2a9ac133185" />
      <TestMethod codeBase="C:/Users/ShaneH/Documents/Visual Studio 2012/Projects/Chess/ChessTests/bin/Debug/ChessTests.dll" adapterTypeName="Microsoft.VisualStudio.TestTools.TestTypes.Unit.UnitTestAdapter, Microsoft.VisualStudio.QualityTools.Tips.UnitTest.Adapter, Version=11.0.0.0, Culture=neutral, PublicKeyToken=b03f5f7f11d50a3a" className="ChessTests.KingTests, ChessTests, Version=1.0.0.0, Culture=neutral, PublicKeyToken=null" name="canTakeOppositionPieceMovingUpRight" />
    </UnitTest>
    <UnitTest name="invalidMoveGivesCorrectPieceName" storage="..\chesstests\bin\debug\chesstests.dll" id="c402f9ec-8f13-951f-df43-c12680e572ae">
      <Execution timeOut="1800000" id="8b7191fd-98ac-4b7f-b8a1-2ba0a00ddcc5" />
      <TestMethod codeBase="C:/Users/ShaneH/Documents/Visual Studio 2012/Projects/Chess/ChessTests/bin/Debug/ChessTests.dll" adapterTypeName="Microsoft.VisualStudio.TestTools.TestTypes.Unit.UnitTestAdapter, Microsoft.VisualStudio.QualityTools.Tips.UnitTest.Adapter, Version=11.0.0.0, Culture=neutral, PublicKeyToken=b03f5f7f11d50a3a" className="ChessTests.QueenTests, ChessTests, Version=1.0.0.0, Culture=neutral, PublicKeyToken=null" name="invalidMoveGivesCorrectPieceName" />
    </UnitTest>
    <UnitTest name="simulationReturnsTwoBoardsForSinglePawnAtStart" storage="..\chesstests\bin\debug\chesstests.dll" id="4839d339-5e71-3434-0afd-67a6b7b1e036">
      <Execution timeOut="1800000" id="b4c7ac07-ece8-42a7-88fc-a3eb2e7ea589" />
      <TestMethod codeBase="C:/Users/ShaneH/Documents/Visual Studio 2012/Projects/Chess/ChessTests/bin/Debug/ChessTests.dll" adapterTypeName="Microsoft.VisualStudio.TestTools.TestTypes.Unit.UnitTestAdapter, Microsoft.VisualStudio.QualityTools.Tips.UnitTest.Adapter, Version=11.0.0.0, Culture=neutral, PublicKeyToken=b03f5f7f11d50a3a" className="ChessTests.BoardSimulateTests, ChessTests, Version=1.0.0.0, Culture=neutral, PublicKeyToken=null" name="simulationReturnsTwoBoardsForSinglePawnAtStart" />
    </UnitTest>
    <UnitTest name="canTakePiece" storage="..\chesstests\bin\debug\chesstests.dll" id="88f3539a-9e52-4e5f-3a8e-6ac8f70db456">
      <Execution timeOut="1800000" id="d6a95a20-2448-4736-b338-92def0c9c66e" />
      <TestMethod codeBase="C:/Users/ShaneH/Documents/Visual Studio 2012/Projects/Chess/ChessTests/bin/Debug/ChessTests.dll" adapterTypeName="Microsoft.VisualStudio.TestTools.TestTypes.Unit.UnitTestAdapter, Microsoft.VisualStudio.QualityTools.Tips.UnitTest.Adapter, Version=11.0.0.0, Culture=neutral, PublicKeyToken=b03f5f7f11d50a3a" className="ChessTests.BishopTests, ChessTests, Version=1.0.0.0, Culture=neutral, PublicKeyToken=null" name="canTakePiece" />
    </UnitTest>
    <UnitTest name="canMoveBlackRookHorizontallyRight" storage="..\chesstests\bin\debug\chesstests.dll" id="30e04109-c65f-2193-e674-b29f22492ca5">
      <Execution timeOut="1800000" id="7af4ba8a-0280-42b7-807a-126414df9974" />
      <TestMethod codeBase="C:/Users/ShaneH/Documents/Visual Studio 2012/Projects/Chess/ChessTests/bin/Debug/ChessTests.dll" adapterTypeName="Microsoft.VisualStudio.TestTools.TestTypes.Unit.UnitTestAdapter, Microsoft.VisualStudio.QualityTools.Tips.UnitTest.Adapter, Version=11.0.0.0, Culture=neutral, PublicKeyToken=b03f5f7f11d50a3a" className="ChessTests.RookTests, ChessTests, Version=1.0.0.0, Culture=neutral, PublicKeyToken=null" name="canMoveBlackRookHorizontallyRight" />
    </UnitTest>
    <UnitTest name="cannotJumpOppositionDiagUpLeft" storage="..\chesstests\bin\debug\chesstests.dll" id="a1f929ba-6b28-ee21-359e-cf5d46cf368a">
      <Execution timeOut="1800000" id="cc6cb03c-29a3-4c9c-a88a-d68eaea61283" />
      <TestMethod codeBase="C:/Users/ShaneH/Documents/Visual Studio 2012/Projects/Chess/ChessTests/bin/Debug/ChessTests.dll" adapterTypeName="Microsoft.VisualStudio.TestTools.TestTypes.Unit.UnitTestAdapter, Microsoft.VisualStudio.QualityTools.Tips.UnitTest.Adapter, Version=11.0.0.0, Culture=neutral, PublicKeyToken=b03f5f7f11d50a3a" className="ChessTests.BishopTests, ChessTests, Version=1.0.0.0, Culture=neutral, PublicKeyToken=null" name="cannotJumpOppositionDiagUpLeft" />
    </UnitTest>
    <UnitTest name="cannotCaptureOwnPieceTopLeft" storage="..\chesstests\bin\debug\chesstests.dll" id="3b8989d4-9468-d4f5-4fa5-0c83cef3e6e3">
      <Execution timeOut="1800000" id="8b5c3f1a-3a80-43f5-9c90-2b3745091f28" />
      <TestMethod codeBase="C:/Users/ShaneH/Documents/Visual Studio 2012/Projects/Chess/ChessTests/bin/Debug/ChessTests.dll" adapterTypeName="Microsoft.VisualStudio.TestTools.TestTypes.Unit.UnitTestAdapter, Microsoft.VisualStudio.QualityTools.Tips.UnitTest.Adapter, Version=11.0.0.0, Culture=neutral, PublicKeyToken=b03f5f7f11d50a3a" className="ChessTests.KnightTests, ChessTests, Version=1.0.0.0, Culture=neutral, PublicKeyToken=null" name="cannotCaptureOwnPieceTopLeft" />
    </UnitTest>
    <UnitTest name="cannotTakeOwnPieceDiagDownRight" storage="..\chesstests\bin\debug\chesstests.dll" id="f39b25bd-516f-7ee4-27f1-d563c9037b60">
      <Execution timeOut="1800000" id="90678419-9d5a-4db3-ae00-d0872cf098ed" />
      <TestMethod codeBase="C:/Users/ShaneH/Documents/Visual Studio 2012/Projects/Chess/ChessTests/bin/Debug/ChessTests.dll" adapterTypeName="Microsoft.VisualStudio.TestTools.TestTypes.Unit.UnitTestAdapter, Microsoft.VisualStudio.QualityTools.Tips.UnitTest.Adapter, Version=11.0.0.0, Culture=neutral, PublicKeyToken=b03f5f7f11d50a3a" className="ChessTests.BishopTests, ChessTests, Version=1.0.0.0, Culture=neutral, PublicKeyToken=null" name="cannotTakeOwnPieceDiagDownRight" />
    </UnitTest>
    <UnitTest name="exceptionWhenMoveToNegativeCol" storage="..\chesstests\bin\debug\chesstests.dll" id="7d98f31d-f1f6-0621-aa93-72560fa182b3">
      <Execution timeOut="1800000" id="75f9fe9f-641c-4028-8615-c02e971b36c0" />
      <TestMethod codeBase="C:/Users/ShaneH/Documents/Visual Studio 2012/Projects/Chess/ChessTests/bin/Debug/ChessTests.dll" adapterTypeName="Microsoft.VisualStudio.TestTools.TestTypes.Unit.UnitTestAdapter, Microsoft.VisualStudio.QualityTools.Tips.UnitTest.Adapter, Version=11.0.0.0, Culture=neutral, PublicKeyToken=b03f5f7f11d50a3a" className="ChessTests.ChessTests, ChessTests, Version=1.0.0.0, Culture=neutral, PublicKeyToken=null" name="exceptionWhenMoveToNegativeCol" />
    </UnitTest>
    <UnitTest name="canMoveKingOneForward" storage="..\chesstests\bin\debug\chesstests.dll" id="d2ade540-1f1e-eb2f-4190-f97efcbbd597">
      <Execution timeOut="1800000" id="a92b586f-7908-405a-b9f8-e3a929229a9b" />
      <TestMethod codeBase="C:/Users/ShaneH/Documents/Visual Studio 2012/Projects/Chess/ChessTests/bin/Debug/ChessTests.dll" adapterTypeName="Microsoft.VisualStudio.TestTools.TestTypes.Unit.UnitTestAdapter, Microsoft.VisualStudio.QualityTools.Tips.UnitTest.Adapter, Version=11.0.0.0, Culture=neutral, PublicKeyToken=b03f5f7f11d50a3a" className="ChessTests.KingTests, ChessTests, Version=1.0.0.0, Culture=neutral, PublicKeyToken=null" name="canMoveKingOneForward" />
    </UnitTest>
    <UnitTest name="whitePawnCanMoveTwoSpacesAtStart" storage="..\chesstests\bin\debug\chesstests.dll" id="31b640ce-2e58-2f38-568e-804147d116f8">
      <Execution timeOut="1800000" id="37d3cff6-0a61-4f0b-96e9-7bb90c5d60ba" />
      <TestMethod codeBase="C:/Users/ShaneH/Documents/Visual Studio 2012/Projects/Chess/ChessTests/bin/Debug/ChessTests.dll" adapterTypeName="Microsoft.VisualStudio.TestTools.TestTypes.Unit.UnitTestAdapter, Microsoft.VisualStudio.QualityTools.Tips.UnitTest.Adapter, Version=11.0.0.0, Culture=neutral, PublicKeyToken=b03f5f7f11d50a3a" className="ChessTests.PawnTests, ChessTests, Version=1.0.0.0, Culture=neutral, PublicKeyToken=null" name="whitePawnCanMoveTwoSpacesAtStart" />
    </UnitTest>
    <UnitTest name="canMoveKingRight" storage="..\chesstests\bin\debug\chesstests.dll" id="b1efd2e8-a10f-c78f-81ed-4637c3ceca04">
      <Execution timeOut="1800000" id="8c174b41-6174-4243-a63c-1f22d4db2d34" />
      <TestMethod codeBase="C:/Users/ShaneH/Documents/Visual Studio 2012/Projects/Chess/ChessTests/bin/Debug/ChessTests.dll" adapterTypeName="Microsoft.VisualStudio.TestTools.TestTypes.Unit.UnitTestAdapter, Microsoft.VisualStudio.QualityTools.Tips.UnitTest.Adapter, Version=11.0.0.0, Culture=neutral, PublicKeyToken=b03f5f7f11d50a3a" className="ChessTests.KingTests, ChessTests, Version=1.0.0.0, Culture=neutral, PublicKeyToken=null" name="canMoveKingRight" />
    </UnitTest>
    <UnitTest name="blackPawnCanMoveTwoSpacesAtStart" storage="..\chesstests\bin\debug\chesstests.dll" id="072141a6-213d-f7c1-ad94-78892f83b7a0">
      <Execution timeOut="1800000" id="17530b0a-12d3-4d7a-903c-5e19cebe377c" />
      <TestMethod codeBase="C:/Users/ShaneH/Documents/Visual Studio 2012/Projects/Chess/ChessTests/bin/Debug/ChessTests.dll" adapterTypeName="Microsoft.VisualStudio.TestTools.TestTypes.Unit.UnitTestAdapter, Microsoft.VisualStudio.QualityTools.Tips.UnitTest.Adapter, Version=11.0.0.0, Culture=neutral, PublicKeyToken=b03f5f7f11d50a3a" className="ChessTests.PawnTests, ChessTests, Version=1.0.0.0, Culture=neutral, PublicKeyToken=null" name="blackPawnCanMoveTwoSpacesAtStart" />
    </UnitTest>
    <UnitTest name="canWhitePawnMoveOneSpaceForward" storage="..\chesstests\bin\debug\chesstests.dll" id="276aeaf4-94bd-7cc4-0bfa-fd1b795b8f09">
      <Execution timeOut="1800000" id="000b52f0-8c0c-4196-98ee-c8b53213cf81" />
      <TestMethod codeBase="C:/Users/ShaneH/Documents/Visual Studio 2012/Projects/Chess/ChessTests/bin/Debug/ChessTests.dll" adapterTypeName="Microsoft.VisualStudio.TestTools.TestTypes.Unit.UnitTestAdapter, Microsoft.VisualStudio.QualityTools.Tips.UnitTest.Adapter, Version=11.0.0.0, Culture=neutral, PublicKeyToken=b03f5f7f11d50a3a" className="ChessTests.PawnTests, ChessTests, Version=1.0.0.0, Culture=neutral, PublicKeyToken=null" name="canWhitePawnMoveOneSpaceForward" />
    </UnitTest>
    <UnitTest name="cannotTakeOwnPieceMovingDownRight" storage="..\chesstests\bin\debug\chesstests.dll" id="649a4875-a4da-c184-4703-192cbc79d530">
      <Execution timeOut="1800000" id="3ac436ee-6944-48eb-a7c6-f7623743acf8" />
      <TestMethod codeBase="C:/Users/ShaneH/Documents/Visual Studio 2012/Projects/Chess/ChessTests/bin/Debug/ChessTests.dll" adapterTypeName="Microsoft.VisualStudio.TestTools.TestTypes.Unit.UnitTestAdapter, Microsoft.VisualStudio.QualityTools.Tips.UnitTest.Adapter, Version=11.0.0.0, Culture=neutral, PublicKeyToken=b03f5f7f11d50a3a" className="ChessTests.KingTests, ChessTests, Version=1.0.0.0, Culture=neutral, PublicKeyToken=null" name="cannotTakeOwnPieceMovingDownRight" />
    </UnitTest>
    <UnitTest name="areBottom2RowsWhite" storage="..\chesstests\bin\debug\chesstests.dll" id="689961f3-b549-c9f7-fc0a-74afd1b1e274">
      <Execution timeOut="1800000" id="1cd9c97a-bae4-4933-aa23-9f05cf167f29" />
      <TestMethod codeBase="C:/Users/ShaneH/Documents/Visual Studio 2012/Projects/Chess/ChessTests/bin/Debug/ChessTests.dll" adapterTypeName="Microsoft.VisualStudio.TestTools.TestTypes.Unit.UnitTestAdapter, Microsoft.VisualStudio.QualityTools.Tips.UnitTest.Adapter, Version=11.0.0.0, Culture=neutral, PublicKeyToken=b03f5f7f11d50a3a" className="ChessTests.ChessTests, ChessTests, Version=1.0.0.0, Culture=neutral, PublicKeyToken=null" name="areBottom2RowsWhite" />
    </UnitTest>
    <UnitTest name="canGetSelectedCell" storage="..\chesstests\bin\debug\chesstests.dll" id="8900ceac-b7b6-1032-98bc-f3e21d0abb21">
      <Execution timeOut="1800000" id="be3ee222-c25c-416f-ba36-09c760019ddf" />
      <TestMethod codeBase="C:/Users/ShaneH/Documents/Visual Studio 2012/Projects/Chess/ChessTests/bin/Debug/ChessTests.dll" adapterTypeName="Microsoft.VisualStudio.TestTools.TestTypes.Unit.UnitTestAdapter, Microsoft.VisualStudio.QualityTools.Tips.UnitTest.Adapter, Version=11.0.0.0, Culture=neutral, PublicKeyToken=b03f5f7f11d50a3a" className="ChessTests.ChessTests, ChessTests, Version=1.0.0.0, Culture=neutral, PublicKeyToken=null" name="canGetSelectedCell" />
    </UnitTest>
    <UnitTest name="canMoveWhiteKnightLeftUp" storage="..\chesstests\bin\debug\chesstests.dll" id="ed293079-60d8-dd36-58ca-ab1711252e1b">
      <Execution timeOut="1800000" id="4089a445-ac95-43d1-a375-f841446011f0" />
      <TestMethod codeBase="C:/Users/ShaneH/Documents/Visual Studio 2012/Projects/Chess/ChessTests/bin/Debug/ChessTests.dll" adapterTypeName="Microsoft.VisualStudio.TestTools.TestTypes.Unit.UnitTestAdapter, Microsoft.VisualStudio.QualityTools.Tips.UnitTest.Adapter, Version=11.0.0.0, Culture=neutral, PublicKeyToken=b03f5f7f11d50a3a" className="ChessTests.KnightTests, ChessTests, Version=1.0.0.0, Culture=neutral, PublicKeyToken=null" name="canMoveWhiteKnightLeftUp" />
    </UnitTest>
    <UnitTest name="simulationReturnsCorrectSimBoardsForQueen" storage="..\chesstests\bin\debug\chesstests.dll" id="657ae5ac-0b8e-9b65-4471-d72d18e9d6eb">
      <Execution timeOut="1800000" id="0409faf8-2006-4bc4-8f2e-cfd9124cc63f" />
      <TestMethod codeBase="C:/Users/ShaneH/Documents/Visual Studio 2012/Projects/Chess/ChessTests/bin/Debug/ChessTests.dll" adapterTypeName="Microsoft.VisualStudio.TestTools.TestTypes.Unit.UnitTestAdapter, Microsoft.VisualStudio.QualityTools.Tips.UnitTest.Adapter, Version=11.0.0.0, Culture=neutral, PublicKeyToken=b03f5f7f11d50a3a" className="ChessTests.BoardSimulateTests, ChessTests, Version=1.0.0.0, Culture=neutral, PublicKeyToken=null" name="simulationReturnsCorrectSimBoardsForQueen" />
    </UnitTest>
    <UnitTest name="canTakeOppositionPieceMovingForwardLeft" storage="..\chesstests\bin\debug\chesstests.dll" id="90898cf9-5c8b-6602-513e-7e28414b36ab">
      <Execution timeOut="1800000" id="6c5bee57-0928-4997-9212-fc36904c4ddb" />
      <TestMethod codeBase="C:/Users/ShaneH/Documents/Visual Studio 2012/Projects/Chess/ChessTests/bin/Debug/ChessTests.dll" adapterTypeName="Microsoft.VisualStudio.TestTools.TestTypes.Unit.UnitTestAdapter, Microsoft.VisualStudio.QualityTools.Tips.UnitTest.Adapter, Version=11.0.0.0, Culture=neutral, PublicKeyToken=b03f5f7f11d50a3a" className="ChessTests.KingTests, ChessTests, Version=1.0.0.0, Culture=neutral, PublicKeyToken=null" name="canTakeOppositionPieceMovingForwardLeft" />
    </UnitTest>
    <UnitTest name="canMoveBlackKnightUpRight" storage="..\chesstests\bin\debug\chesstests.dll" id="aec32abe-a9a4-ee33-7558-1c7c2a3fabec">
      <Execution timeOut="1800000" id="31e58b4f-ad06-4964-b578-65818a0f6855" />
      <TestMethod codeBase="C:/Users/ShaneH/Documents/Visual Studio 2012/Projects/Chess/ChessTests/bin/Debug/ChessTests.dll" adapterTypeName="Microsoft.VisualStudio.TestTools.TestTypes.Unit.UnitTestAdapter, Microsoft.VisualStudio.QualityTools.Tips.UnitTest.Adapter, Version=11.0.0.0, Culture=neutral, PublicKeyToken=b03f5f7f11d50a3a" className="ChessTests.KnightTests, ChessTests, Version=1.0.0.0, Culture=neutral, PublicKeyToken=null" name="canMoveBlackKnightUpRight" />
    </UnitTest>
    <UnitTest name="canMoveQueenDiagUpLeft" storage="..\chesstests\bin\debug\chesstests.dll" id="2a82fa15-d608-6e25-a9ff-4f118775d58a">
      <Execution timeOut="1800000" id="31992cd7-8143-49a9-981c-b8f7d3678c1b" />
      <TestMethod codeBase="C:/Users/ShaneH/Documents/Visual Studio 2012/Projects/Chess/ChessTests/bin/Debug/ChessTests.dll" adapterTypeName="Microsoft.VisualStudio.TestTools.TestTypes.Unit.UnitTestAdapter, Microsoft.VisualStudio.QualityTools.Tips.UnitTest.Adapter, Version=11.0.0.0, Culture=neutral, PublicKeyToken=b03f5f7f11d50a3a" className="ChessTests.QueenTests, ChessTests, Version=1.0.0.0, Culture=neutral, PublicKeyToken=null" name="canMoveQueenDiagUpLeft" />
    </UnitTest>
    <UnitTest name="cannotCaptureOwnPieceLeftBottom" storage="..\chesstests\bin\debug\chesstests.dll" id="ad975496-37d7-dfa8-72c5-ed19caf4b8d6">
      <Execution timeOut="1800000" id="46071b6a-8a13-4c4c-bd2f-ae05a928caee" />
      <TestMethod codeBase="C:/Users/ShaneH/Documents/Visual Studio 2012/Projects/Chess/ChessTests/bin/Debug/ChessTests.dll" adapterTypeName="Microsoft.VisualStudio.TestTools.TestTypes.Unit.UnitTestAdapter, Microsoft.VisualStudio.QualityTools.Tips.UnitTest.Adapter, Version=11.0.0.0, Culture=neutral, PublicKeyToken=b03f5f7f11d50a3a" className="ChessTests.KnightTests, ChessTests, Version=1.0.0.0, Culture=neutral, PublicKeyToken=null" name="cannotCaptureOwnPieceLeftBottom" />
    </UnitTest>
    <UnitTest name="canMoveBlackBishipDiagonalUpRightNoObstructions" storage="..\chesstests\bin\debug\chesstests.dll" id="bab2dab8-39f1-b478-4ef5-4dc0427dc7d9">
      <Execution timeOut="1800000" id="52fe1bee-fb0f-4e1b-99da-efba8b80a87c" />
      <TestMethod codeBase="C:/Users/ShaneH/Documents/Visual Studio 2012/Projects/Chess/ChessTests/bin/Debug/ChessTests.dll" adapterTypeName="Microsoft.VisualStudio.TestTools.TestTypes.Unit.UnitTestAdapter, Microsoft.VisualStudio.QualityTools.Tips.UnitTest.Adapter, Version=11.0.0.0, Culture=neutral, PublicKeyToken=b03f5f7f11d50a3a" className="ChessTests.BishopTests, ChessTests, Version=1.0.0.0, Culture=neutral, PublicKeyToken=null" name="canMoveBlackBishipDiagonalUpRightNoObstructions" />
    </UnitTest>
    <UnitTest name="whitePawnCanTakePieceRight" storage="..\chesstests\bin\debug\chesstests.dll" id="efc90440-a3c1-87f7-fff9-787ea282e06e">
      <Execution timeOut="1800000" id="2cc0c003-cf9a-4cd9-9171-4c80a71c0311" />
      <TestMethod codeBase="C:/Users/ShaneH/Documents/Visual Studio 2012/Projects/Chess/ChessTests/bin/Debug/ChessTests.dll" adapterTypeName="Microsoft.VisualStudio.TestTools.TestTypes.Unit.UnitTestAdapter, Microsoft.VisualStudio.QualityTools.Tips.UnitTest.Adapter, Version=11.0.0.0, Culture=neutral, PublicKeyToken=b03f5f7f11d50a3a" className="ChessTests.PawnTests, ChessTests, Version=1.0.0.0, Culture=neutral, PublicKeyToken=null" name="whitePawnCanTakePieceRight" />
    </UnitTest>
    <UnitTest name="selectedCellIsNullAfterMove" storage="..\chesstests\bin\debug\chesstests.dll" id="5ba4e3e7-6993-ed4b-8ced-e1d13c26b064">
      <Execution timeOut="1800000" id="c8da2c8a-be20-4acb-81cd-0fbe4a4c0477" />
      <TestMethod codeBase="C:/Users/ShaneH/Documents/Visual Studio 2012/Projects/Chess/ChessTests/bin/Debug/ChessTests.dll" adapterTypeName="Microsoft.VisualStudio.TestTools.TestTypes.Unit.UnitTestAdapter, Microsoft.VisualStudio.QualityTools.Tips.UnitTest.Adapter, Version=11.0.0.0, Culture=neutral, PublicKeyToken=b03f5f7f11d50a3a" className="ChessTests.ChessTests, ChessTests, Version=1.0.0.0, Culture=neutral, PublicKeyToken=null" name="selectedCellIsNullAfterMove" />
    </UnitTest>
    <UnitTest name="isCellEmptyWhenMovedOff" storage="..\chesstests\bin\debug\chesstests.dll" id="bedd4628-a316-a455-e74b-113d5ac3b3c8">
      <Execution timeOut="1800000" id="8943f3f7-c4cf-41e4-95dd-9f4907ba2edf" />
      <TestMethod codeBase="C:/Users/ShaneH/Documents/Visual Studio 2012/Projects/Chess/ChessTests/bin/Debug/ChessTests.dll" adapterTypeName="Microsoft.VisualStudio.TestTools.TestTypes.Unit.UnitTestAdapter, Microsoft.VisualStudio.QualityTools.Tips.UnitTest.Adapter, Version=11.0.0.0, Culture=neutral, PublicKeyToken=b03f5f7f11d50a3a" className="ChessTests.ChessTests, ChessTests, Version=1.0.0.0, Culture=neutral, PublicKeyToken=null" name="isCellEmptyWhenMovedOff" />
    </UnitTest>
    <UnitTest name="blackCannotTakeEmptyPieceLeft" storage="..\chesstests\bin\debug\chesstests.dll" id="0c39fefa-5032-d364-0d53-99bb085e0982">
      <Execution timeOut="1800000" id="07638360-2ddd-4151-a021-794a2af9eb3d" />
      <TestMethod codeBase="C:/Users/ShaneH/Documents/Visual Studio 2012/Projects/Chess/ChessTests/bin/Debug/ChessTests.dll" adapterTypeName="Microsoft.VisualStudio.TestTools.TestTypes.Unit.UnitTestAdapter, Microsoft.VisualStudio.QualityTools.Tips.UnitTest.Adapter, Version=11.0.0.0, Culture=neutral, PublicKeyToken=b03f5f7f11d50a3a" className="ChessTests.PawnTests, ChessTests, Version=1.0.0.0, Culture=neutral, PublicKeyToken=null" name="blackCannotTakeEmptyPieceLeft" />
    </UnitTest>
    <UnitTest name="canMoveBlackBishopDiagonallyDownRightNoObstructions" storage="..\chesstests\bin\debug\chesstests.dll" id="cea9a2db-b9b4-5c44-cdae-ea8c559aa5ab">
      <Execution timeOut="1800000" id="04286515-ae07-4fae-ab39-6117ba1807fd" />
      <TestMethod codeBase="C:/Users/ShaneH/Documents/Visual Studio 2012/Projects/Chess/ChessTests/bin/Debug/ChessTests.dll" adapterTypeName="Microsoft.VisualStudio.TestTools.TestTypes.Unit.UnitTestAdapter, Microsoft.VisualStudio.QualityTools.Tips.UnitTest.Adapter, Version=11.0.0.0, Culture=neutral, PublicKeyToken=b03f5f7f11d50a3a" className="ChessTests.BishopTests, ChessTests, Version=1.0.0.0, Culture=neutral, PublicKeyToken=null" name="canMoveBlackBishopDiagonallyDownRightNoObstructions" />
    </UnitTest>
  </TestDefinitions>
  <TestLists>
    <TestList name="Results Not in a List" id="8c84fa94-04c1-424b-9868-57a2d4851a1d" />
    <TestList name="All Loaded Results" id="19431567-8539-422a-85d7-44ee4e166bda" />
  </TestLists>
  <TestEntries>
    <TestEntry testId="bab2dab8-39f1-b478-4ef5-4dc0427dc7d9" executionId="52fe1bee-fb0f-4e1b-99da-efba8b80a87c" testListId="8c84fa94-04c1-424b-9868-57a2d4851a1d" />
    <TestEntry testId="b1d1289f-9e7e-87c4-873a-568aec1ab10b" executionId="265b2e1d-8a6d-4f46-9c98-469235e14895" testListId="8c84fa94-04c1-424b-9868-57a2d4851a1d" />
    <TestEntry testId="cea9a2db-b9b4-5c44-cdae-ea8c559aa5ab" executionId="04286515-ae07-4fae-ab39-6117ba1807fd" testListId="8c84fa94-04c1-424b-9868-57a2d4851a1d" />
    <TestEntry testId="f758d7bc-486f-01b2-cb64-d4b549c6a040" executionId="8583ca38-587c-4f3f-aa2d-00cd2f322012" testListId="8c84fa94-04c1-424b-9868-57a2d4851a1d" />
    <TestEntry testId="cbde31ee-3d88-9411-c095-9535119853f5" executionId="956d61b0-1456-4ef0-9e52-7809d8b01af9" testListId="8c84fa94-04c1-424b-9868-57a2d4851a1d" />
    <TestEntry testId="7b64562e-3d29-ccc9-9a6a-4aaf39707ed4" executionId="2cb585e2-5353-4e85-9436-1d38f2ad46e9" testListId="8c84fa94-04c1-424b-9868-57a2d4851a1d" />
    <TestEntry testId="87b4a0e4-779f-40d0-ae2d-3dbb1b295cb5" executionId="7bef2133-b2f7-4362-a9fe-12e2b1b383ba" testListId="8c84fa94-04c1-424b-9868-57a2d4851a1d" />
    <TestEntry testId="f27377be-1934-c9f6-8d07-ac7266d1d2f6" executionId="9b77c34e-2111-4ad8-8131-b12f1ef51385" testListId="8c84fa94-04c1-424b-9868-57a2d4851a1d" />
    <TestEntry testId="fd4c62da-b4fc-b947-da46-845314dd7c18" executionId="f317a200-4d5f-419d-aa00-a61929583acc" testListId="8c84fa94-04c1-424b-9868-57a2d4851a1d" />
    <TestEntry testId="ee426e89-ab85-59c3-0fcf-e94b5b68ecd0" executionId="9d9fe017-40e8-40f7-9cb7-ad8738f4f53a" testListId="8c84fa94-04c1-424b-9868-57a2d4851a1d" />
    <TestEntry testId="a1f929ba-6b28-ee21-359e-cf5d46cf368a" executionId="cc6cb03c-29a3-4c9c-a88a-d68eaea61283" testListId="8c84fa94-04c1-424b-9868-57a2d4851a1d" />
    <TestEntry testId="6569eff2-7f15-ccb7-f02b-db4adb59c7db" executionId="13c78b28-9b03-4351-a23d-d49979d69d28" testListId="8c84fa94-04c1-424b-9868-57a2d4851a1d" />
    <TestEntry testId="11146e4e-bbf4-ec57-67f8-0efcf6651dcd" executionId="50bb02fc-ad01-41d8-9eac-8a25b0c05048" testListId="8c84fa94-04c1-424b-9868-57a2d4851a1d" />
    <TestEntry testId="f39b25bd-516f-7ee4-27f1-d563c9037b60" executionId="90678419-9d5a-4db3-ae00-d0872cf098ed" testListId="8c84fa94-04c1-424b-9868-57a2d4851a1d" />
    <TestEntry testId="3562f988-caf6-e157-38af-47808bc40815" executionId="82f93183-b6e3-4ee9-9727-795d0c3b5f20" testListId="8c84fa94-04c1-424b-9868-57a2d4851a1d" />
    <TestEntry testId="f2547ccb-ac70-9f08-d6b9-a2ccdc08bacc" executionId="fc6a42f2-da21-4a7f-b098-e2cc4e2f5efa" testListId="8c84fa94-04c1-424b-9868-57a2d4851a1d" />
    <TestEntry testId="88f3539a-9e52-4e5f-3a8e-6ac8f70db456" executionId="d6a95a20-2448-4736-b338-92def0c9c66e" testListId="8c84fa94-04c1-424b-9868-57a2d4851a1d" />
    <TestEntry testId="0135c415-d464-98bd-b8b3-bd9c939f3dde" executionId="1f875571-c9f1-4516-878e-ac289ecfa39f" testListId="8c84fa94-04c1-424b-9868-57a2d4851a1d" />
    <TestEntry testId="c32496c9-f92b-1aae-b786-6539abf523eb" executionId="75abe22c-47fd-467c-9f99-ae83ce7243c8" testListId="8c84fa94-04c1-424b-9868-57a2d4851a1d" />
    <TestEntry testId="657ae5ac-0b8e-9b65-4471-d72d18e9d6eb" executionId="0409faf8-2006-4bc4-8f2e-cfd9124cc63f" testListId="8c84fa94-04c1-424b-9868-57a2d4851a1d" />
    <TestEntry testId="bd525819-d0e0-163c-ef0b-ee14eb07f38c" executionId="d42590c6-6917-4835-b005-e21f68c99e5b" testListId="8c84fa94-04c1-424b-9868-57a2d4851a1d" />
    <TestEntry testId="628632dc-14a8-67f8-6ec8-cd851ba65212" executionId="531a63ae-b464-4f90-ad13-723710dbe1e1" testListId="8c84fa94-04c1-424b-9868-57a2d4851a1d" />
    <TestEntry testId="4839d339-5e71-3434-0afd-67a6b7b1e036" executionId="b4c7ac07-ece8-42a7-88fc-a3eb2e7ea589" testListId="8c84fa94-04c1-424b-9868-57a2d4851a1d" />
    <TestEntry testId="ffdb4695-667e-dd10-549e-ca3d318866c4" executionId="69950944-cda2-46b7-bd1e-cc1d8e3ad357" testListId="8c84fa94-04c1-424b-9868-57a2d4851a1d" />
    <TestEntry testId="f94b9858-af5f-5769-3a8b-398c9b0b4478" executionId="6be09b72-a69b-4cfb-83d6-bd55bd644b88" testListId="8c84fa94-04c1-424b-9868-57a2d4851a1d" />
    <TestEntry testId="22fb6488-4e17-7246-9bba-eb7331638ea4" executionId="702fda75-a1db-4974-a510-964bf8d6d3e5" testListId="8c84fa94-04c1-424b-9868-57a2d4851a1d" />
    <TestEntry testId="034cb968-1bbc-2a0a-9d7d-a0af59680564" executionId="790bcf5b-7522-4a07-9905-d8f2901e7dbe" testListId="8c84fa94-04c1-424b-9868-57a2d4851a1d" />
    <TestEntry testId="5e863a04-2f1d-691e-a9dc-a4e1b154660d" executionId="9f6097d9-f6d1-4936-acdb-f9257bfaed91" testListId="8c84fa94-04c1-424b-9868-57a2d4851a1d" />
    <TestEntry testId="dcca3c4a-4d5b-4814-e0a5-e44d018476b2" executionId="2c5215f5-bd9f-458d-a2dd-b7d7bab82b30" testListId="8c84fa94-04c1-424b-9868-57a2d4851a1d" />
    <TestEntry testId="fb3e120a-0549-92c5-8757-f1b18f0c8dad" executionId="3ec104a7-b94f-4abe-948a-0551cdd261d5" testListId="8c84fa94-04c1-424b-9868-57a2d4851a1d" />
    <TestEntry testId="9bbae2c8-e27e-d82f-411b-63cf381b699f" executionId="6c877781-ba17-4151-aab8-3fc7a911a72b" testListId="8c84fa94-04c1-424b-9868-57a2d4851a1d" />
    <TestEntry testId="7ecdaa04-80a9-8a28-648b-fdeb48a2186d" executionId="643746b5-a909-4615-b47e-199ee5cf680d" testListId="8c84fa94-04c1-424b-9868-57a2d4851a1d" />
    <TestEntry testId="3125acd5-3d68-5084-a6d1-b90ea83d13e6" executionId="8f4cccbf-a9b6-4599-b1a6-602313e68bb6" testListId="8c84fa94-04c1-424b-9868-57a2d4851a1d" />
    <TestEntry testId="33482fef-758b-1261-3338-25b0735acc2c" executionId="6d9a1c90-77e7-4046-ac29-56d7162f5d4f" testListId="8c84fa94-04c1-424b-9868-57a2d4851a1d" />
    <TestEntry testId="f98e6c38-f08f-2d80-34cd-9cb6261351d7" executionId="0978fbf8-a20c-4c3b-9fcc-21c96ba5bb26" testListId="8c84fa94-04c1-424b-9868-57a2d4851a1d" />
    <TestEntry testId="59322b24-fed2-1448-d0b4-50356cfcbb98" executionId="4bc39b38-b548-4f7a-9cf5-9a61707f2b9f" testListId="8c84fa94-04c1-424b-9868-57a2d4851a1d" />
    <TestEntry testId="689961f3-b549-c9f7-fc0a-74afd1b1e274" executionId="1cd9c97a-bae4-4933-aa23-9f05cf167f29" testListId="8c84fa94-04c1-424b-9868-57a2d4851a1d" />
    <TestEntry testId="64ef643a-95e0-b1de-5aee-37e849e90430" executionId="19885a64-748c-47b5-aaf6-d10b694f0e3b" testListId="8c84fa94-04c1-424b-9868-57a2d4851a1d" />
    <TestEntry testId="f4c8b637-ea9c-8efa-a91b-fbb27555fab4" executionId="83070075-12dd-49cd-a261-97edecc2f33d" testListId="8c84fa94-04c1-424b-9868-57a2d4851a1d" />
    <TestEntry testId="46a22037-07ac-0ccf-02e3-fd7145e502cd" executionId="3e47a558-e343-4b4b-afb7-1b49a75eef89" testListId="8c84fa94-04c1-424b-9868-57a2d4851a1d" />
    <TestEntry testId="9d752e3a-962f-b4d2-f688-e9e19ffd27bf" executionId="7042b2f2-0b5a-4a0d-8f27-e80ee72f2d5d" testListId="8c84fa94-04c1-424b-9868-57a2d4851a1d" />
    <TestEntry testId="b4976dbf-056c-73f6-1b78-f13c2b1d127b" executionId="d31032aa-f3b5-49f8-9cfc-327a83dc0cb6" testListId="8c84fa94-04c1-424b-9868-57a2d4851a1d" />
    <TestEntry testId="d4ac55cd-7290-4fbf-9991-5ab16bc1fda2" executionId="c82bd42e-d8f8-44de-b58b-f32ebc6aee98" testListId="8c84fa94-04c1-424b-9868-57a2d4851a1d" />
    <TestEntry testId="197972f7-6197-faf7-a2b7-9fae8c675127" executionId="58b2d396-2425-4e5f-be68-f1e5d834871c" testListId="8c84fa94-04c1-424b-9868-57a2d4851a1d" />
    <TestEntry testId="fd75eb10-5261-cc1e-b982-ae741a061d34" executionId="ae240d02-8c70-4f22-bf2e-03a3cb01d859" testListId="8c84fa94-04c1-424b-9868-57a2d4851a1d" />
    <TestEntry testId="9ea0817e-195f-4525-9215-e116df1a5f63" executionId="2b583f90-8a16-4436-9665-cbd8c291f005" testListId="8c84fa94-04c1-424b-9868-57a2d4851a1d" />
    <TestEntry testId="4ed072d2-7529-fe73-ad46-07bd95268187" executionId="d27e8f8a-33bc-4cbc-b47b-d22503b0743a" testListId="8c84fa94-04c1-424b-9868-57a2d4851a1d" />
    <TestEntry testId="9c621c1d-9ca4-65c3-87bb-d06273555fe6" executionId="c2d637d9-a4f8-420f-82a4-580c388b349a" testListId="8c84fa94-04c1-424b-9868-57a2d4851a1d" />
    <TestEntry testId="8900ceac-b7b6-1032-98bc-f3e21d0abb21" executionId="be3ee222-c25c-416f-ba36-09c760019ddf" testListId="8c84fa94-04c1-424b-9868-57a2d4851a1d" />
    <TestEntry testId="005829d6-859e-9315-7aa3-e62df14cfd2f" executionId="e6464ef8-0500-4bf9-9567-896d4c078114" testListId="8c84fa94-04c1-424b-9868-57a2d4851a1d" />
    <TestEntry testId="7d98f31d-f1f6-0621-aa93-72560fa182b3" executionId="75f9fe9f-641c-4028-8615-c02e971b36c0" testListId="8c84fa94-04c1-424b-9868-57a2d4851a1d" />
    <TestEntry testId="b7b09a89-f922-b298-bb69-6134762504c7" executionId="7d8415d3-4a2f-486e-9f45-67cc478b41ac" testListId="8c84fa94-04c1-424b-9868-57a2d4851a1d" />
    <TestEntry testId="05d65582-adf5-1549-bdb6-f0e47270afd3" executionId="ed51420d-4d3a-4cd1-8792-a3408abbef13" testListId="8c84fa94-04c1-424b-9868-57a2d4851a1d" />
    <TestEntry testId="2622fed3-4e63-071a-2d6d-7db13abf1a89" executionId="59dbbce5-22c1-4e27-9bd7-dbae75cbaa4a" testListId="8c84fa94-04c1-424b-9868-57a2d4851a1d" />
    <TestEntry testId="a5cecf0f-42c5-3103-c37e-7de0c32f1d40" executionId="f2a353c2-db04-48c3-8aaf-95ef704b2df5" testListId="8c84fa94-04c1-424b-9868-57a2d4851a1d" />
    <TestEntry testId="18c1f855-99f0-d7c9-3814-1b9500d79abb" executionId="d1f37592-e839-4316-a7f7-fbc140caaf11" testListId="8c84fa94-04c1-424b-9868-57a2d4851a1d" />
    <TestEntry testId="b899b54b-1fed-9cb3-745e-fba087b88573" executionId="2f934d1f-0978-47f6-b0a7-ea7194d53ba3" testListId="8c84fa94-04c1-424b-9868-57a2d4851a1d" />
    <TestEntry testId="56379117-1d4e-106a-e150-22beb95db5f6" executionId="0f40b23f-8381-41c1-a792-ff2cf9069167" testListId="8c84fa94-04c1-424b-9868-57a2d4851a1d" />
    <TestEntry testId="bedd4628-a316-a455-e74b-113d5ac3b3c8" executionId="8943f3f7-c4cf-41e4-95dd-9f4907ba2edf" testListId="8c84fa94-04c1-424b-9868-57a2d4851a1d" />
    <TestEntry testId="c9eef1b9-2601-24e4-e66c-677a0f68bfe9" executionId="bdc521fa-33b2-4cf8-a210-9d089dfeb8fb" testListId="8c84fa94-04c1-424b-9868-57a2d4851a1d" />
    <TestEntry testId="dafe7a1e-3bd2-12cf-e3a7-a7dc8926d90c" executionId="66b6532e-6bfd-49cc-abb9-c5939cd29437" testListId="8c84fa94-04c1-424b-9868-57a2d4851a1d" />
    <TestEntry testId="db17ca7a-fdcd-e135-ff66-0041667888a6" executionId="f6429520-4a12-4f90-9b24-67a754dc76d7" testListId="8c84fa94-04c1-424b-9868-57a2d4851a1d" />
    <TestEntry testId="1f0d839d-2acf-5f06-e2ce-d9eadfcf6b39" executionId="051a89aa-db5d-4466-92a0-b7e200797867" testListId="8c84fa94-04c1-424b-9868-57a2d4851a1d" />
    <TestEntry testId="5ba4e3e7-6993-ed4b-8ced-e1d13c26b064" executionId="c8da2c8a-be20-4acb-81cd-0fbe4a4c0477" testListId="8c84fa94-04c1-424b-9868-57a2d4851a1d" />
    <TestEntry testId="73015d04-f4f5-eb53-f909-b8aae7bb4119" executionId="8ea7cf71-3189-4cad-bfa7-6fdacdc6a44b" testListId="8c84fa94-04c1-424b-9868-57a2d4851a1d" />
    <TestEntry testId="558b53c6-969d-e366-d6b8-7fcc271542df" executionId="e19921fe-b5a7-451f-a865-916b9a1a582a" testListId="8c84fa94-04c1-424b-9868-57a2d4851a1d" />
    <TestEntry testId="325ca6ba-2af3-98aa-0d43-981348e2650a" executionId="ce7f3e2c-523b-4bd5-b5d6-cb2f5e03142a" testListId="8c84fa94-04c1-424b-9868-57a2d4851a1d" />
    <TestEntry testId="e8e33e12-931b-128d-146d-566c8d61cfb2" executionId="c0d7891d-b1a0-4383-be96-25efa463b0d0" testListId="8c84fa94-04c1-424b-9868-57a2d4851a1d" />
    <TestEntry testId="09b9970f-5bc4-c7f2-6dce-33edfb74fb47" executionId="8e0c1b9c-1d47-454c-a57e-0a9dbedce7d2" testListId="8c84fa94-04c1-424b-9868-57a2d4851a1d" />
    <TestEntry testId="d2ade540-1f1e-eb2f-4190-f97efcbbd597" executionId="a92b586f-7908-405a-b9f8-e3a929229a9b" testListId="8c84fa94-04c1-424b-9868-57a2d4851a1d" />
    <TestEntry testId="b1efd2e8-a10f-c78f-81ed-4637c3ceca04" executionId="8c174b41-6174-4243-a63c-1f22d4db2d34" testListId="8c84fa94-04c1-424b-9868-57a2d4851a1d" />
    <TestEntry testId="54bf5bb6-83d7-dbc0-fbb6-c50b912aca0c" executionId="14a8af9a-8bb5-415b-b4a6-4b97d75860dc" testListId="8c84fa94-04c1-424b-9868-57a2d4851a1d" />
    <TestEntry testId="f6b94837-b11e-b7fc-3b07-45030b7ef6b9" executionId="b83e3f3f-adba-4dd8-a7f0-1786ae3f19e7" testListId="8c84fa94-04c1-424b-9868-57a2d4851a1d" />
    <TestEntry testId="58f47b40-1f4e-dda1-7e49-4571a6d9b259" executionId="94ed7de6-7bc4-4509-9801-c45cdd174092" testListId="8c84fa94-04c1-424b-9868-57a2d4851a1d" />
    <TestEntry testId="d4181de0-82b5-2bf4-4e2d-51f91ba36e4c" executionId="b43f4622-7235-4373-b1ef-ced07d74742b" testListId="8c84fa94-04c1-424b-9868-57a2d4851a1d" />
    <TestEntry testId="989c4479-fd4d-be06-81f5-831578a55a59" executionId="fe212951-b9fb-4206-8ab7-513fa84f1c6d" testListId="8c84fa94-04c1-424b-9868-57a2d4851a1d" />
    <TestEntry testId="649a4875-a4da-c184-4703-192cbc79d530" executionId="3ac436ee-6944-48eb-a7c6-f7623743acf8" testListId="8c84fa94-04c1-424b-9868-57a2d4851a1d" />
    <TestEntry testId="b9482e51-690d-61ad-be55-288bbe5f6ac4" executionId="c77ee660-7721-49e6-be0b-1c61a35e128f" testListId="8c84fa94-04c1-424b-9868-57a2d4851a1d" />
    <TestEntry testId="2d3cec0c-59b8-0bcd-556a-64d52e28cae3" executionId="609c53f6-c129-4bc3-8f7d-0a7a1fbf5b53" testListId="8c84fa94-04c1-424b-9868-57a2d4851a1d" />
    <TestEntry testId="898e8b86-4e2c-3020-5dd7-7d7a30385240" executionId="4c17fb1c-b0f4-48b9-83b8-1de0a6e2f707" testListId="8c84fa94-04c1-424b-9868-57a2d4851a1d" />
    <TestEntry testId="6c13f9eb-f3d4-48aa-c88b-6e9674447ef3" executionId="3893e8e3-2173-45d2-8ea8-c1e43c2b418f" testListId="8c84fa94-04c1-424b-9868-57a2d4851a1d" />
    <TestEntry testId="f5f11ea3-767f-521f-25a8-5a047603f97f" executionId="c5e67768-a62b-44de-84b3-71a19d8b82f7" testListId="8c84fa94-04c1-424b-9868-57a2d4851a1d" />
    <TestEntry testId="c9550b69-9fd2-3fcf-2931-2e40d497d81d" executionId="4a093e04-5863-43d0-aa97-0d09ee6dab15" testListId="8c84fa94-04c1-424b-9868-57a2d4851a1d" />
    <TestEntry testId="f2c8f66f-5b37-9645-e49a-a041d148b602" executionId="f3e75351-837e-45eb-8f11-16696872a236" testListId="8c84fa94-04c1-424b-9868-57a2d4851a1d" />
    <TestEntry testId="4b659aa5-2064-7295-f3dc-47eac73b7ede" executionId="49cdb791-bea5-4868-a61d-49ff51566295" testListId="8c84fa94-04c1-424b-9868-57a2d4851a1d" />
    <TestEntry testId="6043af01-0728-5b9e-9c02-bbb4296a7b49" executionId="45a9c779-7f70-4218-a914-12829bf871d5" testListId="8c84fa94-04c1-424b-9868-57a2d4851a1d" />
    <TestEntry testId="90898cf9-5c8b-6602-513e-7e28414b36ab" executionId="6c5bee57-0928-4997-9212-fc36904c4ddb" testListId="8c84fa94-04c1-424b-9868-57a2d4851a1d" />
    <TestEntry testId="cdb353a5-fbfe-08cc-ac19-32e4bc7ee0af" executionId="f784a0d5-c6ad-4e3b-a65e-1c5bc6026083" testListId="8c84fa94-04c1-424b-9868-57a2d4851a1d" />
    <TestEntry testId="8a3cfb9c-5e17-9d45-b2bc-1a740a423650" executionId="5326cef8-9836-4bd8-96a0-014502730da6" testListId="8c84fa94-04c1-424b-9868-57a2d4851a1d" />
    <TestEntry testId="c283c84e-12fb-1c79-3140-e564f9560517" executionId="b4af5f9a-d47b-4d49-bcff-b2a9ac133185" testListId="8c84fa94-04c1-424b-9868-57a2d4851a1d" />
    <TestEntry testId="708e0fda-e1a5-7f8b-3069-c1364aee94b5" executionId="906afc2d-b0b2-45c7-b0bf-2e02ed72019d" testListId="8c84fa94-04c1-424b-9868-57a2d4851a1d" />
    <TestEntry testId="5e1118ed-9b53-f770-8503-6b91f9e32547" executionId="91f20d1b-f73a-4943-ad52-2febf510890a" testListId="8c84fa94-04c1-424b-9868-57a2d4851a1d" />
    <TestEntry testId="6cf57c02-d527-684a-9612-4d68bc5f29f6" executionId="f2d28b35-d005-4988-b97f-d1da5d2854ed" testListId="8c84fa94-04c1-424b-9868-57a2d4851a1d" />
    <TestEntry testId="89133348-f31e-9131-8497-14e1440854d8" executionId="ae1fec03-3179-419e-af7e-30ad4d873b9a" testListId="8c84fa94-04c1-424b-9868-57a2d4851a1d" />
    <TestEntry testId="da7f9d67-6583-5b93-3103-caab5031e2e0" executionId="2caceb39-0433-4d68-ac7b-67c2ebbcfd3a" testListId="8c84fa94-04c1-424b-9868-57a2d4851a1d" />
    <TestEntry testId="b6442f0f-5bfd-8c1c-ad13-f1d69b3a8a06" executionId="6fc7a95e-c784-49fa-877c-c1a3779a07ee" testListId="8c84fa94-04c1-424b-9868-57a2d4851a1d" />
    <TestEntry testId="dec0744b-b5da-6a4d-ad0a-355a63963703" executionId="23e41884-cec3-48b4-8e31-0c142cee32db" testListId="8c84fa94-04c1-424b-9868-57a2d4851a1d" />
    <TestEntry testId="aec32abe-a9a4-ee33-7558-1c7c2a3fabec" executionId="31e58b4f-ad06-4964-b578-65818a0f6855" testListId="8c84fa94-04c1-424b-9868-57a2d4851a1d" />
    <TestEntry testId="129b002c-1fd8-a858-11b5-efb8011f1c66" executionId="f811e15b-e0c0-434e-bf07-11851b0fe123" testListId="8c84fa94-04c1-424b-9868-57a2d4851a1d" />
    <TestEntry testId="3d0b3fd5-ed3e-b00a-e692-69db01d97037" executionId="c8fb5672-298d-4122-a6aa-d746de41ef8b" testListId="8c84fa94-04c1-424b-9868-57a2d4851a1d" />
    <TestEntry testId="cf3b5912-6ae6-e0a1-b350-a9a883f44204" executionId="4e6226f5-d9da-4035-9f52-8cc74adcc24c" testListId="8c84fa94-04c1-424b-9868-57a2d4851a1d" />
    <TestEntry testId="ed293079-60d8-dd36-58ca-ab1711252e1b" executionId="4089a445-ac95-43d1-a375-f841446011f0" testListId="8c84fa94-04c1-424b-9868-57a2d4851a1d" />
    <TestEntry testId="b1cacb72-0763-fed2-dae6-92a0ddd885e0" executionId="3a5f6ddd-36bf-455f-85fb-26cc7b18afd9" testListId="8c84fa94-04c1-424b-9868-57a2d4851a1d" />
    <TestEntry testId="b48545f1-36d0-2752-215f-8475388c03a6" executionId="4d4b8afa-16ac-49cf-9cc8-398023b17010" testListId="8c84fa94-04c1-424b-9868-57a2d4851a1d" />
    <TestEntry testId="01e1d85e-511b-f54c-a1a1-900d1b604f70" executionId="edd2eb6d-e299-41e1-b03e-e87aa34267ac" testListId="8c84fa94-04c1-424b-9868-57a2d4851a1d" />
    <TestEntry testId="020bc553-c880-41f6-e7a5-5598075d4e67" executionId="0fb426e6-82b6-41e5-b90f-5ce6ba8fc5c5" testListId="8c84fa94-04c1-424b-9868-57a2d4851a1d" />
    <TestEntry testId="5549ceba-3e9a-6148-26c8-8ad403ffbfa1" executionId="64c2568b-776e-47f9-82e9-2b2a516bbe66" testListId="8c84fa94-04c1-424b-9868-57a2d4851a1d" />
    <TestEntry testId="12e63596-1c4e-b553-8314-65281f6114b3" executionId="eb2ef57f-8817-4b81-8b84-5a82de31893b" testListId="8c84fa94-04c1-424b-9868-57a2d4851a1d" />
    <TestEntry testId="ad975496-37d7-dfa8-72c5-ed19caf4b8d6" executionId="46071b6a-8a13-4c4c-bd2f-ae05a928caee" testListId="8c84fa94-04c1-424b-9868-57a2d4851a1d" />
    <TestEntry testId="40d1b41f-84e9-0b2b-3898-954b6294bb34" executionId="33edde1d-2daf-4721-886a-046f9e286c5c" testListId="8c84fa94-04c1-424b-9868-57a2d4851a1d" />
    <TestEntry testId="c281314e-828d-e156-cbd7-96cd2b327ed0" executionId="eeedf463-dc50-4f51-b7fa-0cc47a4b64a5" testListId="8c84fa94-04c1-424b-9868-57a2d4851a1d" />
    <TestEntry testId="84067fc2-a576-9ac6-6f3c-59ca7fae01b3" executionId="6f25a92d-72f7-468a-8f63-aaff22181a47" testListId="8c84fa94-04c1-424b-9868-57a2d4851a1d" />
    <TestEntry testId="3b8989d4-9468-d4f5-4fa5-0c83cef3e6e3" executionId="8b5c3f1a-3a80-43f5-9c90-2b3745091f28" testListId="8c84fa94-04c1-424b-9868-57a2d4851a1d" />
    <TestEntry testId="8b767757-2d46-6db2-6c72-a25020070dc1" executionId="a877d375-3cd4-4c8a-a44a-15d738a5c9e6" testListId="8c84fa94-04c1-424b-9868-57a2d4851a1d" />
    <TestEntry testId="f1a715f9-9cf1-9e64-a4be-97f94a04714c" executionId="f8a77593-5ff2-4fd5-bc96-d63a8abd650a" testListId="8c84fa94-04c1-424b-9868-57a2d4851a1d" />
    <TestEntry testId="98edb5da-2506-8b04-eeed-1852ef2aaf00" executionId="a45fd8a7-a83a-46fc-aac9-9036d6317feb" testListId="8c84fa94-04c1-424b-9868-57a2d4851a1d" />
    <TestEntry testId="070484d8-b78f-e4c9-05d6-cba7187facb9" executionId="e83e01bf-1d32-454a-88ca-673e526f8eca" testListId="8c84fa94-04c1-424b-9868-57a2d4851a1d" />
    <TestEntry testId="3a5598f0-2f6a-ab8e-56e4-280c59becd55" executionId="f41c0981-0fd2-4232-a60d-afc175e5dcb0" testListId="8c84fa94-04c1-424b-9868-57a2d4851a1d" />
    <TestEntry testId="4981dea8-f169-664c-472f-78db2ae78861" executionId="0d45c66f-8edd-4b13-8393-9ecd1bdcd68d" testListId="8c84fa94-04c1-424b-9868-57a2d4851a1d" />
    <TestEntry testId="a64ca845-c01a-2574-9dc9-d481b1eb66ae" executionId="4a96cb6a-60a4-4f90-a5b4-6021e1ab2286" testListId="8c84fa94-04c1-424b-9868-57a2d4851a1d" />
    <TestEntry testId="a39074e8-1a57-e5e3-5130-43a61b6aac16" executionId="4b0a05fb-5662-4064-82d7-8b745e88beb0" testListId="8c84fa94-04c1-424b-9868-57a2d4851a1d" />
    <TestEntry testId="0c39fefa-5032-d364-0d53-99bb085e0982" executionId="07638360-2ddd-4151-a021-794a2af9eb3d" testListId="8c84fa94-04c1-424b-9868-57a2d4851a1d" />
    <TestEntry testId="072141a6-213d-f7c1-ad94-78892f83b7a0" executionId="17530b0a-12d3-4d7a-903c-5e19cebe377c" testListId="8c84fa94-04c1-424b-9868-57a2d4851a1d" />
    <TestEntry testId="cb78d65f-db30-1067-6355-33912c9c98b3" executionId="aad09857-643b-4238-bd50-26a108db6a93" testListId="8c84fa94-04c1-424b-9868-57a2d4851a1d" />
    <TestEntry testId="8e7b2879-f716-116d-99dc-23f8e18ae182" executionId="4b82d0e4-afbc-442e-ba7c-c3ce5d318634" testListId="8c84fa94-04c1-424b-9868-57a2d4851a1d" />
    <TestEntry testId="d6be978c-e15f-fa6c-2dca-55f439cdf674" executionId="c283f996-edfa-4037-9126-e3d9abecb9e4" testListId="8c84fa94-04c1-424b-9868-57a2d4851a1d" />
    <TestEntry testId="31f39857-46fe-cad3-eea6-de16b677be95" executionId="54eec416-f51a-40ac-98cf-e96efd952483" testListId="8c84fa94-04c1-424b-9868-57a2d4851a1d" />
    <TestEntry testId="af7199b0-e83f-767d-57c7-bef2cae34aa3" executionId="d142414a-25d5-49cb-8bf7-983d56e0265b" testListId="8c84fa94-04c1-424b-9868-57a2d4851a1d" />
    <TestEntry testId="74218563-c78e-d800-7101-79460a2a54a4" executionId="f3bb3f05-bc0a-4b95-83b5-c2b6f06cbf08" testListId="8c84fa94-04c1-424b-9868-57a2d4851a1d" />
    <TestEntry testId="2ead5f87-4f49-9731-8b7d-274f7728f6ce" executionId="90b2d703-cfe7-4f01-a836-fa089483ac8c" testListId="8c84fa94-04c1-424b-9868-57a2d4851a1d" />
    <TestEntry testId="f4345ccc-f7f8-a9d0-d85f-f34d1eaed95e" executionId="6bad7a0a-dfa5-434c-ac72-04502e6b0d5b" testListId="8c84fa94-04c1-424b-9868-57a2d4851a1d" />
    <TestEntry testId="1889f775-0977-2f85-bcf9-6dc4aeb0834c" executionId="fbc7a943-e988-4834-83e7-06f834c71f8d" testListId="8c84fa94-04c1-424b-9868-57a2d4851a1d" />
    <TestEntry testId="e4425b0f-0cb4-e465-5faf-5fa77fa81a46" executionId="ab3ffd65-acf5-4d9d-aa73-1e2972d58a79" testListId="8c84fa94-04c1-424b-9868-57a2d4851a1d" />
    <TestEntry testId="17c89217-fc60-adea-d5e7-d8f5759cacf3" executionId="2db18d5c-3eca-45c4-8b61-9d73758c09e8" testListId="8c84fa94-04c1-424b-9868-57a2d4851a1d" />
    <TestEntry testId="557ea181-0881-47c7-90a7-baa142d9c0b1" executionId="f32059b0-7b42-4c6a-9c4d-75efd6b0f276" testListId="8c84fa94-04c1-424b-9868-57a2d4851a1d" />
    <TestEntry testId="72153cfe-4389-9773-f6fd-6685bb51f896" executionId="a1fcea51-dc40-4cac-a87e-70e6719d792c" testListId="8c84fa94-04c1-424b-9868-57a2d4851a1d" />
    <TestEntry testId="77a8b315-06d4-5fac-05d9-90fcccdac88f" executionId="c3363a01-a581-481a-b188-c337c39e6ab1" testListId="8c84fa94-04c1-424b-9868-57a2d4851a1d" />
    <TestEntry testId="276aeaf4-94bd-7cc4-0bfa-fd1b795b8f09" executionId="000b52f0-8c0c-4196-98ee-c8b53213cf81" testListId="8c84fa94-04c1-424b-9868-57a2d4851a1d" />
    <TestEntry testId="c9fb8199-30a5-e351-264b-e657ae13b916" executionId="9f61d953-65d3-4217-a6cc-5248f1a1200e" testListId="8c84fa94-04c1-424b-9868-57a2d4851a1d" />
    <TestEntry testId="6d29da73-1392-f864-ac11-db455215ce75" executionId="34dcc96a-9a7c-4277-8a74-3feb911fd819" testListId="8c84fa94-04c1-424b-9868-57a2d4851a1d" />
    <TestEntry testId="4f8f2480-799b-0be7-4437-c1ecf75fbaa1" executionId="d34e560e-f0f2-41b8-b8ce-7dd84189126e" testListId="8c84fa94-04c1-424b-9868-57a2d4851a1d" />
    <TestEntry testId="1ae802a5-bb94-ae3c-980c-cf0121da8a4a" executionId="96238c93-2961-429a-9ca7-c55f17e73d6b" testListId="8c84fa94-04c1-424b-9868-57a2d4851a1d" />
    <TestEntry testId="978c0671-8eb9-8633-411e-8b65bb821d6c" executionId="d14d18ba-a08c-4e60-bb26-78377a78913e" testListId="8c84fa94-04c1-424b-9868-57a2d4851a1d" />
    <TestEntry testId="31b640ce-2e58-2f38-568e-804147d116f8" executionId="37d3cff6-0a61-4f0b-96e9-7bb90c5d60ba" testListId="8c84fa94-04c1-424b-9868-57a2d4851a1d" />
    <TestEntry testId="5e0522cb-aa6a-a547-6b61-65ded7b9398a" executionId="aa1fdeea-235d-4e96-80b8-e3eca6cb4891" testListId="8c84fa94-04c1-424b-9868-57a2d4851a1d" />
    <TestEntry testId="35ff0ac0-4840-970b-a280-9a148d7f7af4" executionId="6133031f-dadd-4af7-8287-6ece594703cc" testListId="8c84fa94-04c1-424b-9868-57a2d4851a1d" />
    <TestEntry testId="76d2cb65-6735-d8b0-b056-6bd2e46786ef" executionId="8494cf89-9cbe-4edf-b6b6-c4c623a564a8" testListId="8c84fa94-04c1-424b-9868-57a2d4851a1d" />
    <TestEntry testId="85ab3335-8bf0-ecfa-98f7-0db700370fe2" executionId="33e38f93-2090-4e06-9728-88dc87a47de6" testListId="8c84fa94-04c1-424b-9868-57a2d4851a1d" />
    <TestEntry testId="f1502619-456c-8ace-3118-e479f255cb31" executionId="fb8811e5-ba60-4717-bbfd-5475b8ed3b33" testListId="8c84fa94-04c1-424b-9868-57a2d4851a1d" />
    <TestEntry testId="f9b6fa3b-c686-0e22-5a5c-d78c0f5f065a" executionId="7c1d853d-fae3-4b16-bea9-5e9a0e659c38" testListId="8c84fa94-04c1-424b-9868-57a2d4851a1d" />
    <TestEntry testId="efc90440-a3c1-87f7-fff9-787ea282e06e" executionId="2cc0c003-cf9a-4cd9-9171-4c80a71c0311" testListId="8c84fa94-04c1-424b-9868-57a2d4851a1d" />
    <TestEntry testId="2d6867c6-934d-12ca-881f-8ca2af17d2e4" executionId="124b0ee2-1713-4b9f-9439-6d9f3959b912" testListId="8c84fa94-04c1-424b-9868-57a2d4851a1d" />
    <TestEntry testId="e7f23f39-7057-048c-f8c3-7322c51edfe0" executionId="d5ea25ef-854e-4332-8ce4-611799905703" testListId="8c84fa94-04c1-424b-9868-57a2d4851a1d" />
    <TestEntry testId="2a82fa15-d608-6e25-a9ff-4f118775d58a" executionId="31992cd7-8143-49a9-981c-b8f7d3678c1b" testListId="8c84fa94-04c1-424b-9868-57a2d4851a1d" />
    <TestEntry testId="e3792867-8253-4fa3-d7e9-04dbc55b7bd0" executionId="cc21e6ba-7704-4cfd-a05e-36a7fab8d316" testListId="8c84fa94-04c1-424b-9868-57a2d4851a1d" />
    <TestEntry testId="62090d81-bf34-b23d-be59-e474692bb2bb" executionId="17383478-e0ae-4109-90be-9d3aa7452c01" testListId="8c84fa94-04c1-424b-9868-57a2d4851a1d" />
    <TestEntry testId="4a2195e8-be6f-2084-7664-243a4cb97e3b" executionId="e6402b56-7ba4-4d0b-9aad-e43f36e37421" testListId="8c84fa94-04c1-424b-9868-57a2d4851a1d" />
    <TestEntry testId="01079ac0-f339-2360-8171-8d0e80010056" executionId="005d7664-f48a-4795-ae65-132323f6ef14" testListId="8c84fa94-04c1-424b-9868-57a2d4851a1d" />
    <TestEntry testId="61071a05-3bb9-84f7-1063-093a7badabca" executionId="b5b01a32-bcd7-49aa-a4cd-d48817eb262f" testListId="8c84fa94-04c1-424b-9868-57a2d4851a1d" />
    <TestEntry testId="c402f9ec-8f13-951f-df43-c12680e572ae" executionId="8b7191fd-98ac-4b7f-b8a1-2ba0a00ddcc5" testListId="8c84fa94-04c1-424b-9868-57a2d4851a1d" />
    <TestEntry testId="623f0bb4-6cd6-0db1-bf8f-7a93fb8b942e" executionId="5e0f3330-092a-40a8-9777-1c697bb34631" testListId="8c84fa94-04c1-424b-9868-57a2d4851a1d" />
    <TestEntry testId="30e04109-c65f-2193-e674-b29f22492ca5" executionId="7af4ba8a-0280-42b7-807a-126414df9974" testListId="8c84fa94-04c1-424b-9868-57a2d4851a1d" />
    <TestEntry testId="80cf12b5-407d-385e-fa57-ce82569f7e4e" executionId="cd07990a-3427-4fd0-9823-6b114211631f" testListId="8c84fa94-04c1-424b-9868-57a2d4851a1d" />
    <TestEntry testId="4e5788c1-ada8-e773-ce47-116c6628d2aa" executionId="347bedfd-1752-4c6e-a590-ebd745ea44f5" testListId="8c84fa94-04c1-424b-9868-57a2d4851a1d" />
    <TestEntry testId="59555551-2870-ef13-6be7-cabc129b6b60" executionId="85955187-447e-4c89-b19c-ef0a0fb0df03" testListId="8c84fa94-04c1-424b-9868-57a2d4851a1d" />
    <TestEntry testId="cd30a197-746f-89fa-f26c-aad357b6347f" executionId="94d5d935-b798-4627-9bfc-86f7d28e4f9b" testListId="8c84fa94-04c1-424b-9868-57a2d4851a1d" />
    <TestEntry testId="7ff00668-a1d1-598b-ea2d-b4d066dc2a94" executionId="b323501e-1e47-4e62-82f7-77838cfac7f7" testListId="8c84fa94-04c1-424b-9868-57a2d4851a1d" />
    <TestEntry testId="6d564f94-5eaa-e990-ac62-ae2a50bad2a5" executionId="49cd1fac-4c48-4cfd-95ed-622e73b4dc04" testListId="8c84fa94-04c1-424b-9868-57a2d4851a1d" />
    <TestEntry testId="a5b7c6bb-ac35-2bcc-b00a-fa06ab788ad9" executionId="6dcbd26d-070a-4d1c-aa76-4a5a572f9ee5" testListId="8c84fa94-04c1-424b-9868-57a2d4851a1d" />
    <TestEntry testId="e12fb60a-f115-e1f0-522a-512140600c5d" executionId="7377e9ba-2c85-4556-baf2-51a43ec3691e" testListId="8c84fa94-04c1-424b-9868-57a2d4851a1d" />
    <TestEntry testId="9f249bfa-9307-bb63-1468-401f06cff04f" executionId="c212245b-0c2a-409d-9ad8-99da3a1206c3" testListId="8c84fa94-04c1-424b-9868-57a2d4851a1d" />
    <TestEntry testId="40c80f36-2521-e262-e128-84747b64c92c" executionId="4060a05f-5ede-43b9-84e4-b7d5c0042083" testListId="8c84fa94-04c1-424b-9868-57a2d4851a1d" />
    <TestEntry testId="e3b4f7d1-fd34-7000-16fb-2198b034047c" executionId="000fc80d-8b63-4969-8738-9c8dfd3bf083" testListId="8c84fa94-04c1-424b-9868-57a2d4851a1d" />
    <TestEntry testId="55a6d228-78a5-d622-034e-b73abe2c7a6d" executionId="b287b4d6-e3cc-4f41-a2dd-41de35c3fbf8" testListId="8c84fa94-04c1-424b-9868-57a2d4851a1d" />
    <TestEntry testId="47054227-bef7-8a81-5406-698a72b51579" executionId="8dd7c113-b984-40c6-ab17-de713ac18bd3" testListId="8c84fa94-04c1-424b-9868-57a2d4851a1d" />
    <TestEntry testId="a0f3f893-c4ef-ab53-8734-d2a1d7c9bd6f" executionId="1da2c01a-de21-4e31-abf3-247a3623e912" testListId="8c84fa94-04c1-424b-9868-57a2d4851a1d" />
    <TestEntry testId="cc5c40cc-583d-811b-ee50-c1611290992c" executionId="b0cf9e6c-be06-446c-9b46-64ffdc66c9da" testListId="8c84fa94-04c1-424b-9868-57a2d4851a1d" />
  </TestEntries>
  <Results>
    <UnitTestResult executionId="52fe1bee-fb0f-4e1b-99da-efba8b80a87c" testId="bab2dab8-39f1-b478-4ef5-4dc0427dc7d9" testName="canMoveBlackBishipDiagonalUpRightNoObstructions" computerName="ITSSHAW" duration="00:00:00.0827269" startTime="2014-02-04T13:33:23.0512802+02:00" endTime="2014-02-04T13:33:23.1937772+02:00" testType="13cdc9d9-ddb5-4fa4-a97d-d965ccfc6d4b" outcome="Passed" testListId="8c84fa94-04c1-424b-9868-57a2d4851a1d" relativeResultsDirectory="52fe1bee-fb0f-4e1b-99da-efba8b80a87c">
    </UnitTestResult>
    <UnitTestResult executionId="265b2e1d-8a6d-4f46-9c98-469235e14895" testId="b1d1289f-9e7e-87c4-873a-568aec1ab10b" testName="canMoveBlackBishopDiagonallyDownLeftNoObstructions" computerName="ITSSHAW" duration="00:00:00.0152514" startTime="2014-02-04T13:33:23.1957842+02:00" endTime="2014-02-04T13:33:23.2128437+02:00" testType="13cdc9d9-ddb5-4fa4-a97d-d965ccfc6d4b" outcome="Passed" testListId="8c84fa94-04c1-424b-9868-57a2d4851a1d" relativeResultsDirectory="265b2e1d-8a6d-4f46-9c98-469235e14895">
    </UnitTestResult>
    <UnitTestResult executionId="04286515-ae07-4fae-ab39-6117ba1807fd" testId="cea9a2db-b9b4-5c44-cdae-ea8c559aa5ab" testName="canMoveBlackBishopDiagonallyDownRightNoObstructions" computerName="ITSSHAW" duration="00:00:00.0094664" startTime="2014-02-04T13:33:23.2138472+02:00" endTime="2014-02-04T13:33:23.2238822+02:00" testType="13cdc9d9-ddb5-4fa4-a97d-d965ccfc6d4b" outcome="Passed" testListId="8c84fa94-04c1-424b-9868-57a2d4851a1d" relativeResultsDirectory="04286515-ae07-4fae-ab39-6117ba1807fd">
    </UnitTestResult>
    <UnitTestResult executionId="8583ca38-587c-4f3f-aa2d-00cd2f322012" testId="f758d7bc-486f-01b2-cb64-d4b549c6a040" testName="canMoveBlackBishopDiagonalUpLeftNoObstructions" computerName="ITSSHAW" duration="00:00:00.0729771" startTime="2014-02-04T13:33:23.2248857+02:00" endTime="2014-02-04T13:33:23.2981412+02:00" testType="13cdc9d9-ddb5-4fa4-a97d-d965ccfc6d4b" outcome="Passed" testListId="8c84fa94-04c1-424b-9868-57a2d4851a1d" relativeResultsDirectory="8583ca38-587c-4f3f-aa2d-00cd2f322012">
    </UnitTestResult>
    <UnitTestResult executionId="956d61b0-1456-4ef0-9e52-7809d8b01af9" testId="cbde31ee-3d88-9411-c095-9535119853f5" testName="canMoveWhiteBishopDiagonallyDownLeftNoObstructions" computerName="ITSSHAW" duration="00:00:00.0198976" startTime="2014-02-04T13:33:23.3001482+02:00" endTime="2014-02-04T13:33:23.3202182+02:00" testType="13cdc9d9-ddb5-4fa4-a97d-d965ccfc6d4b" outcome="Passed" testListId="8c84fa94-04c1-424b-9868-57a2d4851a1d" relativeResultsDirectory="956d61b0-1456-4ef0-9e52-7809d8b01af9">
    </UnitTestResult>
    <UnitTestResult executionId="2cb585e2-5353-4e85-9436-1d38f2ad46e9" testId="7b64562e-3d29-ccc9-9a6a-4aaf39707ed4" testName="canMoveWhiteBishopDiagonallyDownRightNoObstructions" computerName="ITSSHAW" duration="00:00:00.0097616" startTime="2014-02-04T13:33:23.3212217+02:00" endTime="2014-02-04T13:33:23.3322602+02:00" testType="13cdc9d9-ddb5-4fa4-a97d-d965ccfc6d4b" outcome="Passed" testListId="8c84fa94-04c1-424b-9868-57a2d4851a1d" relativeResultsDirectory="2cb585e2-5353-4e85-9436-1d38f2ad46e9">
    </UnitTestResult>
    <UnitTestResult executionId="7bef2133-b2f7-4362-a9fe-12e2b1b383ba" testId="87b4a0e4-779f-40d0-ae2d-3dbb1b295cb5" testName="canMoveWhiteBishopDiagonalUpLeftNoObstructions" computerName="ITSSHAW" duration="00:00:00.0123799" startTime="2014-02-04T13:33:23.3332637+02:00" endTime="2014-02-04T13:33:23.3463092+02:00" testType="13cdc9d9-ddb5-4fa4-a97d-d965ccfc6d4b" outcome="Passed" testListId="8c84fa94-04c1-424b-9868-57a2d4851a1d" relativeResultsDirectory="7bef2133-b2f7-4362-a9fe-12e2b1b383ba">
    </UnitTestResult>
    <UnitTestResult executionId="9b77c34e-2111-4ad8-8131-b12f1ef51385" testId="f27377be-1934-c9f6-8d07-ac7266d1d2f6" testName="canMoveWhiteBishopDiagonalUpRightNoObstructions" computerName="ITSSHAW" duration="00:00:00.0130907" startTime="2014-02-04T13:33:23.3473127+02:00" endTime="2014-02-04T13:33:23.3603582+02:00" testType="13cdc9d9-ddb5-4fa4-a97d-d965ccfc6d4b" outcome="Passed" testListId="8c84fa94-04c1-424b-9868-57a2d4851a1d" relativeResultsDirectory="9b77c34e-2111-4ad8-8131-b12f1ef51385">
    </UnitTestResult>
    <UnitTestResult executionId="f317a200-4d5f-419d-aa00-a61929583acc" testId="fd4c62da-b4fc-b947-da46-845314dd7c18" testName="cannotJumpOppositionDiagDownLeft" computerName="ITSSHAW" duration="00:00:00.0110795" startTime="2014-02-04T13:33:23.3623652+02:00" endTime="2014-02-04T13:33:23.3734037+02:00" testType="13cdc9d9-ddb5-4fa4-a97d-d965ccfc6d4b" outcome="Passed" testListId="8c84fa94-04c1-424b-9868-57a2d4851a1d" relativeResultsDirectory="f317a200-4d5f-419d-aa00-a61929583acc">
    </UnitTestResult>
    <UnitTestResult executionId="9d9fe017-40e8-40f7-9cb7-ad8738f4f53a" testId="ee426e89-ab85-59c3-0fcf-e94b5b68ecd0" testName="cannotJumpOppositionDiagDownRight" computerName="ITSSHAW" duration="00:00:00.0033457" startTime="2014-02-04T13:33:23.3744072+02:00" endTime="2014-02-04T13:33:23.3794247+02:00" testType="13cdc9d9-ddb5-4fa4-a97d-d965ccfc6d4b" outcome="Passed" testListId="8c84fa94-04c1-424b-9868-57a2d4851a1d" relativeResultsDirectory="9d9fe017-40e8-40f7-9cb7-ad8738f4f53a">
    </UnitTestResult>
    <UnitTestResult executionId="cc6cb03c-29a3-4c9c-a88a-d68eaea61283" testId="a1f929ba-6b28-ee21-359e-cf5d46cf368a" testName="cannotJumpOppositionDiagUpLeft" computerName="ITSSHAW" duration="00:00:00.0032669" startTime="2014-02-04T13:33:23.3804282+02:00" endTime="2014-02-04T13:33:23.3844422+02:00" testType="13cdc9d9-ddb5-4fa4-a97d-d965ccfc6d4b" outcome="Passed" testListId="8c84fa94-04c1-424b-9868-57a2d4851a1d" relativeResultsDirectory="cc6cb03c-29a3-4c9c-a88a-d68eaea61283">
    </UnitTestResult>
    <UnitTestResult executionId="13c78b28-9b03-4351-a23d-d49979d69d28" testId="6569eff2-7f15-ccb7-f02b-db4adb59c7db" testName="cannotJumpOppositionDiagUpRight" computerName="ITSSHAW" duration="00:00:00.0031507" startTime="2014-02-04T13:33:23.3854457+02:00" endTime="2014-02-04T13:33:23.3884562+02:00" testType="13cdc9d9-ddb5-4fa4-a97d-d965ccfc6d4b" outcome="Passed" testListId="8c84fa94-04c1-424b-9868-57a2d4851a1d" relativeResultsDirectory="13c78b28-9b03-4351-a23d-d49979d69d28">
    </UnitTestResult>
    <UnitTestResult executionId="50bb02fc-ad01-41d8-9eac-8a25b0c05048" testId="11146e4e-bbf4-ec57-67f8-0efcf6651dcd" testName="cannotTakeOwnPieceDiagDownLeft" computerName="ITSSHAW" duration="00:00:00.0033412" startTime="2014-02-04T13:33:23.3924702+02:00" endTime="2014-02-04T13:33:23.3974877+02:00" testType="13cdc9d9-ddb5-4fa4-a97d-d965ccfc6d4b" outcome="Passed" testListId="8c84fa94-04c1-424b-9868-57a2d4851a1d" relativeResultsDirectory="50bb02fc-ad01-41d8-9eac-8a25b0c05048">
    </UnitTestResult>
    <UnitTestResult executionId="90678419-9d5a-4db3-ae00-d0872cf098ed" testId="f39b25bd-516f-7ee4-27f1-d563c9037b60" testName="cannotTakeOwnPieceDiagDownRight" computerName="ITSSHAW" duration="00:00:00.0031474" startTime="2014-02-04T13:33:23.3984912+02:00" endTime="2014-02-04T13:33:23.4035087+02:00" testType="13cdc9d9-ddb5-4fa4-a97d-d965ccfc6d4b" outcome="Passed" testListId="8c84fa94-04c1-424b-9868-57a2d4851a1d" relativeResultsDirectory="90678419-9d5a-4db3-ae00-d0872cf098ed">
    </UnitTestResult>
    <UnitTestResult executionId="82f93183-b6e3-4ee9-9727-795d0c3b5f20" testId="3562f988-caf6-e157-38af-47808bc40815" testName="cannotTakeOwnPieceDiagUpLeft" computerName="ITSSHAW" duration="00:00:00.0031878" startTime="2014-02-04T13:33:23.4045122+02:00" endTime="2014-02-04T13:33:23.4085262+02:00" testType="13cdc9d9-ddb5-4fa4-a97d-d965ccfc6d4b" outcome="Passed" testListId="8c84fa94-04c1-424b-9868-57a2d4851a1d" relativeResultsDirectory="82f93183-b6e3-4ee9-9727-795d0c3b5f20">
    </UnitTestResult>
    <UnitTestResult executionId="fc6a42f2-da21-4a7f-b098-e2cc4e2f5efa" testId="f2547ccb-ac70-9f08-d6b9-a2ccdc08bacc" testName="cannotTakeOwnPieceDiagUpRight" computerName="ITSSHAW" duration="00:00:00.0028821" startTime="2014-02-04T13:33:23.4095297+02:00" endTime="2014-02-04T13:33:23.4135437+02:00" testType="13cdc9d9-ddb5-4fa4-a97d-d965ccfc6d4b" outcome="Passed" testListId="8c84fa94-04c1-424b-9868-57a2d4851a1d" relativeResultsDirectory="fc6a42f2-da21-4a7f-b098-e2cc4e2f5efa">
    </UnitTestResult>
    <UnitTestResult executionId="d6a95a20-2448-4736-b338-92def0c9c66e" testId="88f3539a-9e52-4e5f-3a8e-6ac8f70db456" testName="canTakePiece" computerName="ITSSHAW" duration="00:00:00.0026197" startTime="2014-02-04T13:33:23.4135437+02:00" endTime="2014-02-04T13:33:23.4175577+02:00" testType="13cdc9d9-ddb5-4fa4-a97d-d965ccfc6d4b" outcome="Passed" testListId="8c84fa94-04c1-424b-9868-57a2d4851a1d" relativeResultsDirectory="d6a95a20-2448-4736-b338-92def0c9c66e">
    </UnitTestResult>
    <UnitTestResult executionId="1f875571-c9f1-4516-878e-ac289ecfa39f" testId="0135c415-d464-98bd-b8b3-bd9c939f3dde" testName="invalidMoveGivesCorrectPieceName" computerName="ITSSHAW" duration="00:00:00.0036162" startTime="2014-02-04T13:33:23.4185612+02:00" endTime="2014-02-04T13:33:23.4225752+02:00" testType="13cdc9d9-ddb5-4fa4-a97d-d965ccfc6d4b" outcome="Passed" testListId="8c84fa94-04c1-424b-9868-57a2d4851a1d" relativeResultsDirectory="1f875571-c9f1-4516-878e-ac289ecfa39f">
    </UnitTestResult>
    <UnitTestResult executionId="75abe22c-47fd-467c-9f99-ae83ce7243c8" testId="c32496c9-f92b-1aae-b786-6539abf523eb" testName="simulationReturnsCorrectNumberForQueen" computerName="ITSSHAW" duration="00:00:00.0180647" startTime="2014-02-04T13:33:23.4235787+02:00" endTime="2014-02-04T13:33:23.4426452+02:00" testType="13cdc9d9-ddb5-4fa4-a97d-d965ccfc6d4b" outcome="Passed" testListId="8c84fa94-04c1-424b-9868-57a2d4851a1d" relativeResultsDirectory="75abe22c-47fd-467c-9f99-ae83ce7243c8">
    </UnitTestResult>
    <UnitTestResult executionId="0409faf8-2006-4bc4-8f2e-cfd9124cc63f" testId="657ae5ac-0b8e-9b65-4471-d72d18e9d6eb" testName="simulationReturnsCorrectSimBoardsForQueen" computerName="ITSSHAW" duration="00:00:00.0132311" startTime="2014-02-04T13:33:23.4436487+02:00" endTime="2014-02-04T13:33:23.4576977+02:00" testType="13cdc9d9-ddb5-4fa4-a97d-d965ccfc6d4b" outcome="Passed" testListId="8c84fa94-04c1-424b-9868-57a2d4851a1d" relativeResultsDirectory="0409faf8-2006-4bc4-8f2e-cfd9124cc63f">
    </UnitTestResult>
    <UnitTestResult executionId="d42590c6-6917-4835-b005-e21f68c99e5b" testId="bd525819-d0e0-163c-ef0b-ee14eb07f38c" testName="simulationReturnsCorrectSimulationBoardsForPawnAtStart" computerName="ITSSHAW" duration="00:00:00.0087936" startTime="2014-02-04T13:33:23.4587012+02:00" endTime="2014-02-04T13:33:23.4677327+02:00" testType="13cdc9d9-ddb5-4fa4-a97d-d965ccfc6d4b" outcome="Passed" testListId="8c84fa94-04c1-424b-9868-57a2d4851a1d" relativeResultsDirectory="d42590c6-6917-4835-b005-e21f68c99e5b">
    </UnitTestResult>
    <UnitTestResult executionId="531a63ae-b464-4f90-ad13-723710dbe1e1" testId="628632dc-14a8-67f8-6ec8-cd851ba65212" testName="simulationReturnsEmptyListForNoPieces" computerName="ITSSHAW" duration="00:00:00.0002801" startTime="2014-02-04T13:33:23.4687362+02:00" endTime="2014-02-04T13:33:23.4697397+02:00" testType="13cdc9d9-ddb5-4fa4-a97d-d965ccfc6d4b" outcome="Passed" testListId="8c84fa94-04c1-424b-9868-57a2d4851a1d" relativeResultsDirectory="531a63ae-b464-4f90-ad13-723710dbe1e1">
    </UnitTestResult>
    <UnitTestResult executionId="b4c7ac07-ece8-42a7-88fc-a3eb2e7ea589" testId="4839d339-5e71-3434-0afd-67a6b7b1e036" testName="simulationReturnsTwoBoardsForSinglePawnAtStart" computerName="ITSSHAW" duration="00:00:00.0014818" startTime="2014-02-04T13:33:23.4707432+02:00" endTime="2014-02-04T13:33:23.4727502+02:00" testType="13cdc9d9-ddb5-4fa4-a97d-d965ccfc6d4b" outcome="Passed" testListId="8c84fa94-04c1-424b-9868-57a2d4851a1d" relativeResultsDirectory="b4c7ac07-ece8-42a7-88fc-a3eb2e7ea589">
    </UnitTestResult>
    <UnitTestResult executionId="69950944-cda2-46b7-bd1e-cc1d8e3ad357" testId="ffdb4695-667e-dd10-549e-ca3d318866c4" testName="kingInCheckMateWhenInCheckWithNoPossibleMoves" computerName="ITSSHAW" duration="00:00:00.0091823" startTime="2014-02-04T13:33:23.4737537+02:00" endTime="2014-02-04T13:33:23.4837887+02:00" testType="13cdc9d9-ddb5-4fa4-a97d-d965ccfc6d4b" outcome="Passed" testListId="8c84fa94-04c1-424b-9868-57a2d4851a1d" relativeResultsDirectory="69950944-cda2-46b7-bd1e-cc1d8e3ad357">
    </UnitTestResult>
    <UnitTestResult executionId="6be09b72-a69b-4cfb-83d6-bd55bd644b88" testId="f94b9858-af5f-5769-3a8b-398c9b0b4478" testName="kingNotInCheckMateByDefault" computerName="ITSSHAW" duration="00:00:00.0090284" startTime="2014-02-04T13:33:23.4847922+02:00" endTime="2014-02-04T13:33:23.4938237+02:00" testType="13cdc9d9-ddb5-4fa4-a97d-d965ccfc6d4b" outcome="Passed" testListId="8c84fa94-04c1-424b-9868-57a2d4851a1d" relativeResultsDirectory="6be09b72-a69b-4cfb-83d6-bd55bd644b88">
    </UnitTestResult>
    <UnitTestResult executionId="702fda75-a1db-4974-a510-964bf8d6d3e5" testId="22fb6488-4e17-7246-9bba-eb7331638ea4" testName="kingNotInCheckMateWhenOtherPieceCanMoveInTheWay" computerName="ITSSHAW" duration="00:00:00.0074932" startTime="2014-02-04T13:33:23.4958307+02:00" endTime="2014-02-04T13:33:23.5038587+02:00" testType="13cdc9d9-ddb5-4fa4-a97d-d965ccfc6d4b" outcome="Passed" testListId="8c84fa94-04c1-424b-9868-57a2d4851a1d" relativeResultsDirectory="702fda75-a1db-4974-a510-964bf8d6d3e5">
    </UnitTestResult>
    <UnitTestResult executionId="790bcf5b-7522-4a07-9905-d8f2901e7dbe" testId="034cb968-1bbc-2a0a-9d7d-a0af59680564" testName="cannotMoveIntoCheckWithKnight" computerName="ITSSHAW" duration="00:00:00.0034347" startTime="2014-02-04T13:33:23.5048622+02:00" endTime="2014-02-04T13:33:23.5098797+02:00" testType="13cdc9d9-ddb5-4fa4-a97d-d965ccfc6d4b" outcome="Passed" testListId="8c84fa94-04c1-424b-9868-57a2d4851a1d" relativeResultsDirectory="790bcf5b-7522-4a07-9905-d8f2901e7dbe">
    </UnitTestResult>
    <UnitTestResult executionId="9f6097d9-f6d1-4936-acdb-f9257bfaed91" testId="5e863a04-2f1d-691e-a9dc-a4e1b154660d" testName="cannotMoveIntoCheckWithPawn" computerName="ITSSHAW" duration="00:00:00.0020347" startTime="2014-02-04T13:33:23.5108832+02:00" endTime="2014-02-04T13:33:23.5138937+02:00" testType="13cdc9d9-ddb5-4fa4-a97d-d965ccfc6d4b" outcome="Passed" testListId="8c84fa94-04c1-424b-9868-57a2d4851a1d" relativeResultsDirectory="9f6097d9-f6d1-4936-acdb-f9257bfaed91">
    </UnitTestResult>
    <UnitTestResult executionId="2c5215f5-bd9f-458d-a2dd-b7d7bab82b30" testId="dcca3c4a-4d5b-4814-e0a5-e44d018476b2" testName="cannotMoveIntoCheckWithRook" computerName="ITSSHAW" duration="00:00:00.0123911" startTime="2014-02-04T13:33:23.5138937+02:00" endTime="2014-02-04T13:33:23.5269392+02:00" testType="13cdc9d9-ddb5-4fa4-a97d-d965ccfc6d4b" outcome="Passed" testListId="8c84fa94-04c1-424b-9868-57a2d4851a1d" relativeResultsDirectory="2c5215f5-bd9f-458d-a2dd-b7d7bab82b30">
    </UnitTestResult>
    <UnitTestResult executionId="3ec104a7-b94f-4abe-948a-0551cdd261d5" testId="fb3e120a-0549-92c5-8757-f1b18f0c8dad" testName="colourInStalemateWhenHasNoPossibleMoves" computerName="ITSSHAW" duration="00:00:00.0014799" startTime="2014-02-04T13:33:23.5279427+02:00" endTime="2014-02-04T13:33:23.5299497+02:00" testType="13cdc9d9-ddb5-4fa4-a97d-d965ccfc6d4b" outcome="Passed" testListId="8c84fa94-04c1-424b-9868-57a2d4851a1d" relativeResultsDirectory="3ec104a7-b94f-4abe-948a-0551cdd261d5">
    </UnitTestResult>
    <UnitTestResult executionId="6c877781-ba17-4151-aab8-3fc7a911a72b" testId="9bbae2c8-e27e-d82f-411b-63cf381b699f" testName="colourNotInStaleManteByDefault" computerName="ITSSHAW" duration="00:00:00.0230230" startTime="2014-02-04T13:33:23.5309532+02:00" endTime="2014-02-04T13:33:23.5550372+02:00" testType="13cdc9d9-ddb5-4fa4-a97d-d965ccfc6d4b" outcome="Passed" testListId="8c84fa94-04c1-424b-9868-57a2d4851a1d" relativeResultsDirectory="6c877781-ba17-4151-aab8-3fc7a911a72b">
    </UnitTestResult>
    <UnitTestResult executionId="643746b5-a909-4615-b47e-199ee5cf680d" testId="7ecdaa04-80a9-8a28-648b-fdeb48a2186d" testName="colourNotInStalemateWhenNoPossibleMovesAndInCheck" computerName="ITSSHAW" duration="00:00:00.0018271" startTime="2014-02-04T13:33:23.5560407+02:00" endTime="2014-02-04T13:33:23.5580477+02:00" testType="13cdc9d9-ddb5-4fa4-a97d-d965ccfc6d4b" outcome="Passed" testListId="8c84fa94-04c1-424b-9868-57a2d4851a1d" relativeResultsDirectory="643746b5-a909-4615-b47e-199ee5cf680d">
    </UnitTestResult>
    <UnitTestResult executionId="8f4cccbf-a9b6-4599-b1a6-602313e68bb6" testId="3125acd5-3d68-5084-a6d1-b90ea83d13e6" testName="kingDefaultNotInCheck" computerName="ITSSHAW" duration="00:00:00.0003456" startTime="2014-02-04T13:33:23.5600547+02:00" endTime="2014-02-04T13:33:23.5610582+02:00" testType="13cdc9d9-ddb5-4fa4-a97d-d965ccfc6d4b" outcome="Passed" testListId="8c84fa94-04c1-424b-9868-57a2d4851a1d" relativeResultsDirectory="8f4cccbf-a9b6-4599-b1a6-602313e68bb6">
    </UnitTestResult>
    <UnitTestResult executionId="6d9a1c90-77e7-4046-ac29-56d7162f5d4f" testId="33482fef-758b-1261-3338-25b0735acc2c" testName="kingInCheckWhenPieceCanTakeIt" computerName="ITSSHAW" duration="00:00:00.0003996" startTime="2014-02-04T13:33:23.5620617+02:00" endTime="2014-02-04T13:33:23.5630652+02:00" testType="13cdc9d9-ddb5-4fa4-a97d-d965ccfc6d4b" outcome="Passed" testListId="8c84fa94-04c1-424b-9868-57a2d4851a1d" relativeResultsDirectory="6d9a1c90-77e7-4046-ac29-56d7162f5d4f">
    </UnitTestResult>
    <UnitTestResult executionId="0978fbf8-a20c-4c3b-9fcc-21c96ba5bb26" testId="f98e6c38-f08f-2d80-34cd-9cb6261351d7" testName="kingNotInCheckWhenOwnPieceBlockingOppositionPiece" computerName="ITSSHAW" duration="00:00:00.0005007" startTime="2014-02-04T13:33:23.5640687+02:00" endTime="2014-02-04T13:33:23.5650722+02:00" testType="13cdc9d9-ddb5-4fa4-a97d-d965ccfc6d4b" outcome="Passed" testListId="8c84fa94-04c1-424b-9868-57a2d4851a1d" relativeResultsDirectory="0978fbf8-a20c-4c3b-9fcc-21c96ba5bb26">
    </UnitTestResult>
    <UnitTestResult executionId="4bc39b38-b548-4f7a-9cf5-9a61707f2b9f" testId="59322b24-fed2-1448-d0b4-50356cfcbb98" testName="areBishopsSetup" computerName="ITSSHAW" duration="00:00:00.0011772" startTime="2014-02-04T13:33:23.5660757+02:00" endTime="2014-02-04T13:33:23.5680827+02:00" testType="13cdc9d9-ddb5-4fa4-a97d-d965ccfc6d4b" outcome="Passed" testListId="8c84fa94-04c1-424b-9868-57a2d4851a1d" relativeResultsDirectory="4bc39b38-b548-4f7a-9cf5-9a61707f2b9f">
    </UnitTestResult>
    <UnitTestResult executionId="1cd9c97a-bae4-4933-aa23-9f05cf167f29" testId="689961f3-b549-c9f7-fc0a-74afd1b1e274" testName="areBottom2RowsWhite" computerName="ITSSHAW" duration="00:00:00.0009665" startTime="2014-02-04T13:33:23.5690862+02:00" endTime="2014-02-04T13:33:23.5700897+02:00" testType="13cdc9d9-ddb5-4fa4-a97d-d965ccfc6d4b" outcome="Passed" testListId="8c84fa94-04c1-424b-9868-57a2d4851a1d" relativeResultsDirectory="1cd9c97a-bae4-4933-aa23-9f05cf167f29">
    </UnitTestResult>
    <UnitTestResult executionId="19885a64-748c-47b5-aaf6-d10b694f0e3b" testId="64ef643a-95e0-b1de-5aee-37e849e90430" testName="areEvenRowColoursSetup" computerName="ITSSHAW" duration="00:00:00.0015198" startTime="2014-02-04T13:33:23.5710932+02:00" endTime="2014-02-04T13:33:23.5731002+02:00" testType="13cdc9d9-ddb5-4fa4-a97d-d965ccfc6d4b" outcome="Passed" testListId="8c84fa94-04c1-424b-9868-57a2d4851a1d" relativeResultsDirectory="19885a64-748c-47b5-aaf6-d10b694f0e3b">
    </UnitTestResult>
    <UnitTestResult executionId="83070075-12dd-49cd-a261-97edecc2f33d" testId="f4c8b637-ea9c-8efa-a91b-fbb27555fab4" testName="areKingsSetup" computerName="ITSSHAW" duration="00:00:00.0005593" startTime="2014-02-04T13:33:23.5741037+02:00" endTime="2014-02-04T13:33:23.5751072+02:00" testType="13cdc9d9-ddb5-4fa4-a97d-d965ccfc6d4b" outcome="Passed" testListId="8c84fa94-04c1-424b-9868-57a2d4851a1d" relativeResultsDirectory="83070075-12dd-49cd-a261-97edecc2f33d">
    </UnitTestResult>
    <UnitTestResult executionId="3e47a558-e343-4b4b-afb7-1b49a75eef89" testId="46a22037-07ac-0ccf-02e3-fd7145e502cd" testName="areKnightsSetup" computerName="ITSSHAW" duration="00:00:00.0005825" startTime="2014-02-04T13:33:23.5761107+02:00" endTime="2014-02-04T13:33:23.5771142+02:00" testType="13cdc9d9-ddb5-4fa4-a97d-d965ccfc6d4b" outcome="Passed" testListId="8c84fa94-04c1-424b-9868-57a2d4851a1d" relativeResultsDirectory="3e47a558-e343-4b4b-afb7-1b49a75eef89">
    </UnitTestResult>
    <UnitTestResult executionId="7042b2f2-0b5a-4a0d-8f27-e80ee72f2d5d" testId="9d752e3a-962f-b4d2-f688-e9e19ffd27bf" testName="areMiddleCellsEmpty" computerName="ITSSHAW" duration="00:00:00.0005529" startTime="2014-02-04T13:33:23.5781177+02:00" endTime="2014-02-04T13:33:23.5791212+02:00" testType="13cdc9d9-ddb5-4fa4-a97d-d965ccfc6d4b" outcome="Passed" testListId="8c84fa94-04c1-424b-9868-57a2d4851a1d" relativeResultsDirectory="7042b2f2-0b5a-4a0d-8f27-e80ee72f2d5d">
    </UnitTestResult>
    <UnitTestResult executionId="d31032aa-f3b5-49f8-9cfc-327a83dc0cb6" testId="b4976dbf-056c-73f6-1b78-f13c2b1d127b" testName="areMiddleRowsPlayerColourNone" computerName="ITSSHAW" duration="00:00:00.0005418" startTime="2014-02-04T13:33:23.5801247+02:00" endTime="2014-02-04T13:33:23.5811282+02:00" testType="13cdc9d9-ddb5-4fa4-a97d-d965ccfc6d4b" outcome="Passed" testListId="8c84fa94-04c1-424b-9868-57a2d4851a1d" relativeResultsDirectory="d31032aa-f3b5-49f8-9cfc-327a83dc0cb6">
    </UnitTestResult>
    <UnitTestResult executionId="c82bd42e-d8f8-44de-b58b-f32ebc6aee98" testId="d4ac55cd-7290-4fbf-9991-5ab16bc1fda2" testName="areOddRowColoursSetup" computerName="ITSSHAW" duration="00:00:00.0005765" startTime="2014-02-04T13:33:23.5821317+02:00" endTime="2014-02-04T13:33:23.5831352+02:00" testType="13cdc9d9-ddb5-4fa4-a97d-d965ccfc6d4b" outcome="Passed" testListId="8c84fa94-04c1-424b-9868-57a2d4851a1d" relativeResultsDirectory="c82bd42e-d8f8-44de-b58b-f32ebc6aee98">
    </UnitTestResult>
    <UnitTestResult executionId="58b2d396-2425-4e5f-be68-f1e5d834871c" testId="197972f7-6197-faf7-a2b7-9fae8c675127" testName="arePawnsSetup" computerName="ITSSHAW" duration="00:00:00.0005376" startTime="2014-02-04T13:33:23.5831352+02:00" endTime="2014-02-04T13:33:23.5841387+02:00" testType="13cdc9d9-ddb5-4fa4-a97d-d965ccfc6d4b" outcome="Passed" testListId="8c84fa94-04c1-424b-9868-57a2d4851a1d" relativeResultsDirectory="58b2d396-2425-4e5f-be68-f1e5d834871c">
    </UnitTestResult>
    <UnitTestResult executionId="ae240d02-8c70-4f22-bf2e-03a3cb01d859" testId="fd75eb10-5261-cc1e-b982-ae741a061d34" testName="areQueensSetup" computerName="ITSSHAW" duration="00:00:00.0005131" startTime="2014-02-04T13:33:23.5851422+02:00" endTime="2014-02-04T13:33:23.5861457+02:00" testType="13cdc9d9-ddb5-4fa4-a97d-d965ccfc6d4b" outcome="Passed" testListId="8c84fa94-04c1-424b-9868-57a2d4851a1d" relativeResultsDirectory="ae240d02-8c70-4f22-bf2e-03a3cb01d859">
    </UnitTestResult>
    <UnitTestResult executionId="2b583f90-8a16-4436-9665-cbd8c291f005" testId="9ea0817e-195f-4525-9215-e116df1a5f63" testName="areRooksSetup" computerName="ITSSHAW" duration="00:00:00.0007516" startTime="2014-02-04T13:33:23.5871492+02:00" endTime="2014-02-04T13:33:23.5941737+02:00" testType="13cdc9d9-ddb5-4fa4-a97d-d965ccfc6d4b" outcome="Passed" testListId="8c84fa94-04c1-424b-9868-57a2d4851a1d" relativeResultsDirectory="2b583f90-8a16-4436-9665-cbd8c291f005">
    </UnitTestResult>
    <UnitTestResult executionId="d27e8f8a-33bc-4cbc-b47b-d22503b0743a" testId="4ed072d2-7529-fe73-ad46-07bd95268187" testName="areTop2RowsBlack" computerName="ITSSHAW" duration="00:00:00.0005348" startTime="2014-02-04T13:33:23.5951772+02:00" endTime="2014-02-04T13:33:23.5961807+02:00" testType="13cdc9d9-ddb5-4fa4-a97d-d965ccfc6d4b" outcome="Passed" testListId="8c84fa94-04c1-424b-9868-57a2d4851a1d" relativeResultsDirectory="d27e8f8a-33bc-4cbc-b47b-d22503b0743a">
    </UnitTestResult>
    <UnitTestResult executionId="c2d637d9-a4f8-420f-82a4-580c388b349a" testId="9c621c1d-9ca4-65c3-87bb-d06273555fe6" testName="canEnumeratePlayerPieces" computerName="ITSSHAW" duration="00:00:00.0007274" startTime="2014-02-04T13:33:23.5971842+02:00" endTime="2014-02-04T13:33:23.5981877+02:00" testType="13cdc9d9-ddb5-4fa4-a97d-d965ccfc6d4b" outcome="Passed" testListId="8c84fa94-04c1-424b-9868-57a2d4851a1d" relativeResultsDirectory="c2d637d9-a4f8-420f-82a4-580c388b349a">
    </UnitTestResult>
    <UnitTestResult executionId="be3ee222-c25c-416f-ba36-09c760019ddf" testId="8900ceac-b7b6-1032-98bc-f3e21d0abb21" testName="canGetSelectedCell" computerName="ITSSHAW" duration="00:00:00.0008442" startTime="2014-02-04T13:33:23.5991912+02:00" endTime="2014-02-04T13:33:23.6001947+02:00" testType="13cdc9d9-ddb5-4fa4-a97d-d965ccfc6d4b" outcome="Passed" testListId="8c84fa94-04c1-424b-9868-57a2d4851a1d" relativeResultsDirectory="be3ee222-c25c-416f-ba36-09c760019ddf">
    </UnitTestResult>
    <UnitTestResult executionId="e6464ef8-0500-4bf9-9567-896d4c078114" testId="005829d6-859e-9315-7aa3-e62df14cfd2f" testName="canSelectCell" computerName="ITSSHAW" duration="00:00:00.0004645" startTime="2014-02-04T13:33:23.6011982+02:00" endTime="2014-02-04T13:33:23.6022017+02:00" testType="13cdc9d9-ddb5-4fa4-a97d-d965ccfc6d4b" outcome="Passed" testListId="8c84fa94-04c1-424b-9868-57a2d4851a1d" relativeResultsDirectory="e6464ef8-0500-4bf9-9567-896d4c078114">
    </UnitTestResult>
    <UnitTestResult executionId="75f9fe9f-641c-4028-8615-c02e971b36c0" testId="7d98f31d-f1f6-0621-aa93-72560fa182b3" testName="exceptionWhenMoveToNegativeCol" computerName="ITSSHAW" duration="00:00:00.0012895" startTime="2014-02-04T13:33:23.6032052+02:00" endTime="2014-02-04T13:33:23.6052122+02:00" testType="13cdc9d9-ddb5-4fa4-a97d-d965ccfc6d4b" outcome="Passed" testListId="8c84fa94-04c1-424b-9868-57a2d4851a1d" relativeResultsDirectory="75f9fe9f-641c-4028-8615-c02e971b36c0">
    </UnitTestResult>
    <UnitTestResult executionId="7d8415d3-4a2f-486e-9f45-67cc478b41ac" testId="b7b09a89-f922-b298-bb69-6134762504c7" testName="exceptionWhenMoveToNegativeRow" computerName="ITSSHAW" duration="00:00:00.0008943" startTime="2014-02-04T13:33:23.6052122+02:00" endTime="2014-02-04T13:33:23.6072192+02:00" testType="13cdc9d9-ddb5-4fa4-a97d-d965ccfc6d4b" outcome="Passed" testListId="8c84fa94-04c1-424b-9868-57a2d4851a1d" relativeResultsDirectory="7d8415d3-4a2f-486e-9f45-67cc478b41ac">
    </UnitTestResult>
    <UnitTestResult executionId="ed51420d-4d3a-4cd1-8792-a3408abbef13" testId="05d65582-adf5-1549-bdb6-f0e47270afd3" testName="exceptionWhenMoveTooLargeCol" computerName="ITSSHAW" duration="00:00:00.0009906" startTime="2014-02-04T13:33:23.6072192+02:00" endTime="2014-02-04T13:33:23.6092262+02:00" testType="13cdc9d9-ddb5-4fa4-a97d-d965ccfc6d4b" outcome="Passed" testListId="8c84fa94-04c1-424b-9868-57a2d4851a1d" relativeResultsDirectory="ed51420d-4d3a-4cd1-8792-a3408abbef13">
    </UnitTestResult>
    <UnitTestResult executionId="59dbbce5-22c1-4e27-9bd7-dbae75cbaa4a" testId="2622fed3-4e63-071a-2d6d-7db13abf1a89" testName="exceptionWhenMoveTooLargeRow" computerName="ITSSHAW" duration="00:00:00.0009828" startTime="2014-02-04T13:33:23.6102297+02:00" endTime="2014-02-04T13:33:23.6122367+02:00" testType="13cdc9d9-ddb5-4fa4-a97d-d965ccfc6d4b" outcome="Passed" testListId="8c84fa94-04c1-424b-9868-57a2d4851a1d" relativeResultsDirectory="59dbbce5-22c1-4e27-9bd7-dbae75cbaa4a">
    </UnitTestResult>
    <UnitTestResult executionId="f2a353c2-db04-48c3-8aaf-95ef704b2df5" testId="a5cecf0f-42c5-3103-c37e-7de0c32f1d40" testName="getExceptionWhenSelectCellColTooLarge" computerName="ITSSHAW" duration="00:00:00.0008605" startTime="2014-02-04T13:33:23.6132402+02:00" endTime="2014-02-04T13:33:23.6142437+02:00" testType="13cdc9d9-ddb5-4fa4-a97d-d965ccfc6d4b" outcome="Passed" testListId="8c84fa94-04c1-424b-9868-57a2d4851a1d" relativeResultsDirectory="f2a353c2-db04-48c3-8aaf-95ef704b2df5">
    </UnitTestResult>
    <UnitTestResult executionId="d1f37592-e839-4316-a7f7-fbc140caaf11" testId="18c1f855-99f0-d7c9-3814-1b9500d79abb" testName="getExceptionWhenSelectCellNegativeCol" computerName="ITSSHAW" duration="00:00:00.0009324" startTime="2014-02-04T13:33:23.6162507+02:00" endTime="2014-02-04T13:33:23.6172542+02:00" testType="13cdc9d9-ddb5-4fa4-a97d-d965ccfc6d4b" outcome="Passed" testListId="8c84fa94-04c1-424b-9868-57a2d4851a1d" relativeResultsDirectory="d1f37592-e839-4316-a7f7-fbc140caaf11">
    </UnitTestResult>
    <UnitTestResult executionId="2f934d1f-0978-47f6-b0a7-ea7194d53ba3" testId="b899b54b-1fed-9cb3-745e-fba087b88573" testName="getExceptionWhenSelectCellNegativeRow" computerName="ITSSHAW" duration="00:00:00.0009867" startTime="2014-02-04T13:33:23.6182577+02:00" endTime="2014-02-04T13:33:23.6202647+02:00" testType="13cdc9d9-ddb5-4fa4-a97d-d965ccfc6d4b" outcome="Passed" testListId="8c84fa94-04c1-424b-9868-57a2d4851a1d" relativeResultsDirectory="2f934d1f-0978-47f6-b0a7-ea7194d53ba3">
    </UnitTestResult>
    <UnitTestResult executionId="0f40b23f-8381-41c1-a792-ff2cf9069167" testId="56379117-1d4e-106a-e150-22beb95db5f6" testName="getExceptionWhenSelectCellRowTooLarge" computerName="ITSSHAW" duration="00:00:00.0018742" startTime="2014-02-04T13:33:23.6212682+02:00" endTime="2014-02-04T13:33:23.6232752+02:00" testType="13cdc9d9-ddb5-4fa4-a97d-d965ccfc6d4b" outcome="Passed" testListId="8c84fa94-04c1-424b-9868-57a2d4851a1d" relativeResultsDirectory="0f40b23f-8381-41c1-a792-ff2cf9069167">
    </UnitTestResult>
    <UnitTestResult executionId="8943f3f7-c4cf-41e4-95dd-9f4907ba2edf" testId="bedd4628-a316-a455-e74b-113d5ac3b3c8" testName="isCellEmptyWhenMovedOff" computerName="ITSSHAW" duration="00:00:00.0021981" startTime="2014-02-04T13:33:23.6242787+02:00" endTime="2014-02-04T13:33:23.6272892+02:00" testType="13cdc9d9-ddb5-4fa4-a97d-d965ccfc6d4b" outcome="Passed" testListId="8c84fa94-04c1-424b-9868-57a2d4851a1d" relativeResultsDirectory="8943f3f7-c4cf-41e4-95dd-9f4907ba2edf">
    </UnitTestResult>
    <UnitTestResult executionId="bdc521fa-33b2-4cf8-a210-9d089dfeb8fb" testId="c9eef1b9-2601-24e4-e66c-677a0f68bfe9" testName="nullCellNeverEqual" computerName="ITSSHAW" duration="00:00:00.0001832" startTime="2014-02-04T13:33:23.6282927+02:00" endTime="2014-02-04T13:33:23.6302997+02:00" testType="13cdc9d9-ddb5-4fa4-a97d-d965ccfc6d4b" outcome="Passed" testListId="8c84fa94-04c1-424b-9868-57a2d4851a1d" relativeResultsDirectory="bdc521fa-33b2-4cf8-a210-9d089dfeb8fb">
    </UnitTestResult>
    <UnitTestResult executionId="66b6532e-6bfd-49cc-abb9-c5939cd29437" testId="dafe7a1e-3bd2-12cf-e3a7-a7dc8926d90c" testName="pieceHasNoValidMoves" computerName="ITSSHAW" duration="00:00:00.0008322" startTime="2014-02-04T13:33:23.6313032+02:00" endTime="2014-02-04T13:33:23.6323067+02:00" testType="13cdc9d9-ddb5-4fa4-a97d-d965ccfc6d4b" outcome="Passed" testListId="8c84fa94-04c1-424b-9868-57a2d4851a1d" relativeResultsDirectory="66b6532e-6bfd-49cc-abb9-c5939cd29437">
    </UnitTestResult>
    <UnitTestResult executionId="f6429520-4a12-4f90-9b24-67a754dc76d7" testId="db17ca7a-fdcd-e135-ff66-0041667888a6" testName="pieceMovesWithMove" computerName="ITSSHAW" duration="00:00:00.0023230" startTime="2014-02-04T13:33:23.6333102+02:00" endTime="2014-02-04T13:33:23.6363207+02:00" testType="13cdc9d9-ddb5-4fa4-a97d-d965ccfc6d4b" outcome="Passed" testListId="8c84fa94-04c1-424b-9868-57a2d4851a1d" relativeResultsDirectory="f6429520-4a12-4f90-9b24-67a754dc76d7">
    </UnitTestResult>
    <UnitTestResult executionId="051a89aa-db5d-4466-92a0-b7e200797867" testId="1f0d839d-2acf-5f06-e2ce-d9eadfcf6b39" testName="queensSetupOnCorrectColour" computerName="ITSSHAW" duration="00:00:00.0006658" startTime="2014-02-04T13:33:23.6373242+02:00" endTime="2014-02-04T13:33:23.6403347+02:00" testType="13cdc9d9-ddb5-4fa4-a97d-d965ccfc6d4b" outcome="Passed" testListId="8c84fa94-04c1-424b-9868-57a2d4851a1d" relativeResultsDirectory="051a89aa-db5d-4466-92a0-b7e200797867">
    </UnitTestResult>
    <UnitTestResult executionId="c8da2c8a-be20-4acb-81cd-0fbe4a4c0477" testId="5ba4e3e7-6993-ed4b-8ced-e1d13c26b064" testName="selectedCellIsNullAfterMove" computerName="ITSSHAW" duration="00:00:00.0023725" startTime="2014-02-04T13:33:23.6413382+02:00" endTime="2014-02-04T13:33:23.6443487+02:00" testType="13cdc9d9-ddb5-4fa4-a97d-d965ccfc6d4b" outcome="Passed" testListId="8c84fa94-04c1-424b-9868-57a2d4851a1d" relativeResultsDirectory="c8da2c8a-be20-4acb-81cd-0fbe4a4c0477">
    </UnitTestResult>
    <UnitTestResult executionId="8ea7cf71-3189-4cad-bfa7-6fdacdc6a44b" testId="73015d04-f4f5-eb53-f909-b8aae7bb4119" testName="canMoveKingDownLeft" computerName="ITSSHAW" duration="00:00:00.0025560" startTime="2014-02-04T13:33:23.6453522+02:00" endTime="2014-02-04T13:33:23.6483627+02:00" testType="13cdc9d9-ddb5-4fa4-a97d-d965ccfc6d4b" outcome="Passed" testListId="8c84fa94-04c1-424b-9868-57a2d4851a1d" relativeResultsDirectory="8ea7cf71-3189-4cad-bfa7-6fdacdc6a44b">
    </UnitTestResult>
    <UnitTestResult executionId="e19921fe-b5a7-451f-a865-916b9a1a582a" testId="558b53c6-969d-e366-d6b8-7fcc271542df" testName="canMoveKingDownRight" computerName="ITSSHAW" duration="00:00:00.0025192" startTime="2014-02-04T13:33:23.6493662+02:00" endTime="2014-02-04T13:33:23.6523767+02:00" testType="13cdc9d9-ddb5-4fa4-a97d-d965ccfc6d4b" outcome="Passed" testListId="8c84fa94-04c1-424b-9868-57a2d4851a1d" relativeResultsDirectory="e19921fe-b5a7-451f-a865-916b9a1a582a">
    </UnitTestResult>
    <UnitTestResult executionId="ce7f3e2c-523b-4bd5-b5d6-cb2f5e03142a" testId="325ca6ba-2af3-98aa-0d43-981348e2650a" testName="canMoveKingForwardLeft" computerName="ITSSHAW" duration="00:00:00.0024908" startTime="2014-02-04T13:33:23.6533802+02:00" endTime="2014-02-04T13:33:23.6563907+02:00" testType="13cdc9d9-ddb5-4fa4-a97d-d965ccfc6d4b" outcome="Passed" testListId="8c84fa94-04c1-424b-9868-57a2d4851a1d" relativeResultsDirectory="ce7f3e2c-523b-4bd5-b5d6-cb2f5e03142a">
    </UnitTestResult>
    <UnitTestResult executionId="c0d7891d-b1a0-4383-be96-25efa463b0d0" testId="e8e33e12-931b-128d-146d-566c8d61cfb2" testName="canMoveKingLeft" computerName="ITSSHAW" duration="00:00:00.0027187" startTime="2014-02-04T13:33:23.6573942+02:00" endTime="2014-02-04T13:33:23.6604047+02:00" testType="13cdc9d9-ddb5-4fa4-a97d-d965ccfc6d4b" outcome="Passed" testListId="8c84fa94-04c1-424b-9868-57a2d4851a1d" relativeResultsDirectory="c0d7891d-b1a0-4383-be96-25efa463b0d0">
    </UnitTestResult>
    <UnitTestResult executionId="8e0c1b9c-1d47-454c-a57e-0a9dbedce7d2" testId="09b9970f-5bc4-c7f2-6dce-33edfb74fb47" testName="canMoveKingOneDown" computerName="ITSSHAW" duration="00:00:00.0024794" startTime="2014-02-04T13:33:23.6614082+02:00" endTime="2014-02-04T13:33:23.6644187+02:00" testType="13cdc9d9-ddb5-4fa4-a97d-d965ccfc6d4b" outcome="Passed" testListId="8c84fa94-04c1-424b-9868-57a2d4851a1d" relativeResultsDirectory="8e0c1b9c-1d47-454c-a57e-0a9dbedce7d2">
    </UnitTestResult>
    <UnitTestResult executionId="a92b586f-7908-405a-b9f8-e3a929229a9b" testId="d2ade540-1f1e-eb2f-4190-f97efcbbd597" testName="canMoveKingOneForward" computerName="ITSSHAW" duration="00:00:00.0026010" startTime="2014-02-04T13:33:23.6654222+02:00" endTime="2014-02-04T13:33:23.6684327+02:00" testType="13cdc9d9-ddb5-4fa4-a97d-d965ccfc6d4b" outcome="Passed" testListId="8c84fa94-04c1-424b-9868-57a2d4851a1d" relativeResultsDirectory="a92b586f-7908-405a-b9f8-e3a929229a9b">
    </UnitTestResult>
    <UnitTestResult executionId="8c174b41-6174-4243-a63c-1f22d4db2d34" testId="b1efd2e8-a10f-c78f-81ed-4637c3ceca04" testName="canMoveKingRight" computerName="ITSSHAW" duration="00:00:00.0025316" startTime="2014-02-04T13:33:23.6684327+02:00" endTime="2014-02-04T13:33:23.6714432+02:00" testType="13cdc9d9-ddb5-4fa4-a97d-d965ccfc6d4b" outcome="Passed" testListId="8c84fa94-04c1-424b-9868-57a2d4851a1d" relativeResultsDirectory="8c174b41-6174-4243-a63c-1f22d4db2d34">
    </UnitTestResult>
    <UnitTestResult executionId="14a8af9a-8bb5-415b-b4a6-4b97d75860dc" testId="54bf5bb6-83d7-dbc0-fbb6-c50b912aca0c" testName="canMoveKingUpRight" computerName="ITSSHAW" duration="00:00:00.0024878" startTime="2014-02-04T13:33:23.6724467+02:00" endTime="2014-02-04T13:33:23.6754572+02:00" testType="13cdc9d9-ddb5-4fa4-a97d-d965ccfc6d4b" outcome="Passed" testListId="8c84fa94-04c1-424b-9868-57a2d4851a1d" relativeResultsDirectory="14a8af9a-8bb5-415b-b4a6-4b97d75860dc">
    </UnitTestResult>
    <UnitTestResult executionId="b83e3f3f-adba-4dd8-a7f0-1786ae3f19e7" testId="f6b94837-b11e-b7fc-3b07-45030b7ef6b9" testName="cannotMoveIntoCheck" computerName="ITSSHAW" duration="00:00:00.0023013" startTime="2014-02-04T13:33:23.6764607+02:00" endTime="2014-02-04T13:33:23.6794712+02:00" testType="13cdc9d9-ddb5-4fa4-a97d-d965ccfc6d4b" outcome="Passed" testListId="8c84fa94-04c1-424b-9868-57a2d4851a1d" relativeResultsDirectory="b83e3f3f-adba-4dd8-a7f0-1786ae3f19e7">
    </UnitTestResult>
    <UnitTestResult executionId="94ed7de6-7bc4-4509-9801-c45cdd174092" testId="58f47b40-1f4e-dda1-7e49-4571a6d9b259" testName="cannotMoveSidewaysWhenInCheck" computerName="ITSSHAW" duration="00:00:00.0024465" startTime="2014-02-04T13:33:23.6804747+02:00" endTime="2014-02-04T13:33:23.6834852+02:00" testType="13cdc9d9-ddb5-4fa4-a97d-d965ccfc6d4b" outcome="Passed" testListId="8c84fa94-04c1-424b-9868-57a2d4851a1d" relativeResultsDirectory="94ed7de6-7bc4-4509-9801-c45cdd174092">
    </UnitTestResult>
    <UnitTestResult executionId="b43f4622-7235-4373-b1ef-ced07d74742b" testId="d4181de0-82b5-2bf4-4e2d-51f91ba36e4c" testName="cannotTakeOwnPieceMovingDown" computerName="ITSSHAW" duration="00:00:00.0027495" startTime="2014-02-04T13:33:23.6844887+02:00" endTime="2014-02-04T13:33:23.6874992+02:00" testType="13cdc9d9-ddb5-4fa4-a97d-d965ccfc6d4b" outcome="Passed" testListId="8c84fa94-04c1-424b-9868-57a2d4851a1d" relativeResultsDirectory="b43f4622-7235-4373-b1ef-ced07d74742b">
    </UnitTestResult>
    <UnitTestResult executionId="fe212951-b9fb-4206-8ab7-513fa84f1c6d" testId="989c4479-fd4d-be06-81f5-831578a55a59" testName="cannotTakeOwnPieceMovingDownLeft" computerName="ITSSHAW" duration="00:00:00.0026889" startTime="2014-02-04T13:33:23.6885027+02:00" endTime="2014-02-04T13:33:23.6915132+02:00" testType="13cdc9d9-ddb5-4fa4-a97d-d965ccfc6d4b" outcome="Passed" testListId="8c84fa94-04c1-424b-9868-57a2d4851a1d" relativeResultsDirectory="fe212951-b9fb-4206-8ab7-513fa84f1c6d">
    </UnitTestResult>
    <UnitTestResult executionId="3ac436ee-6944-48eb-a7c6-f7623743acf8" testId="649a4875-a4da-c184-4703-192cbc79d530" testName="cannotTakeOwnPieceMovingDownRight" computerName="ITSSHAW" duration="00:00:00.0026874" startTime="2014-02-04T13:33:23.6925167+02:00" endTime="2014-02-04T13:33:23.6965307+02:00" testType="13cdc9d9-ddb5-4fa4-a97d-d965ccfc6d4b" outcome="Passed" testListId="8c84fa94-04c1-424b-9868-57a2d4851a1d" relativeResultsDirectory="3ac436ee-6944-48eb-a7c6-f7623743acf8">
    </UnitTestResult>
    <UnitTestResult executionId="c77ee660-7721-49e6-be0b-1c61a35e128f" testId="b9482e51-690d-61ad-be55-288bbe5f6ac4" testName="cannotTakeOwnPieceMovingForward" computerName="ITSSHAW" duration="00:00:00.0027194" startTime="2014-02-04T13:33:23.6975342+02:00" endTime="2014-02-04T13:33:23.7005447+02:00" testType="13cdc9d9-ddb5-4fa4-a97d-d965ccfc6d4b" outcome="Passed" testListId="8c84fa94-04c1-424b-9868-57a2d4851a1d" relativeResultsDirectory="c77ee660-7721-49e6-be0b-1c61a35e128f">
    </UnitTestResult>
    <UnitTestResult executionId="609c53f6-c129-4bc3-8f7d-0a7a1fbf5b53" testId="2d3cec0c-59b8-0bcd-556a-64d52e28cae3" testName="cannotTakeOwnPieceMovingForwardLeft" computerName="ITSSHAW" duration="00:00:00.0027148" startTime="2014-02-04T13:33:23.7015482+02:00" endTime="2014-02-04T13:33:23.7045587+02:00" testType="13cdc9d9-ddb5-4fa4-a97d-d965ccfc6d4b" outcome="Passed" testListId="8c84fa94-04c1-424b-9868-57a2d4851a1d" relativeResultsDirectory="609c53f6-c129-4bc3-8f7d-0a7a1fbf5b53">
    </UnitTestResult>
    <UnitTestResult executionId="4c17fb1c-b0f4-48b9-83b8-1de0a6e2f707" testId="898e8b86-4e2c-3020-5dd7-7d7a30385240" testName="cannotTakeOwnPieceMovingLeft" computerName="ITSSHAW" duration="00:00:00.0027396" startTime="2014-02-04T13:33:23.7045587+02:00" endTime="2014-02-04T13:33:23.7085727+02:00" testType="13cdc9d9-ddb5-4fa4-a97d-d965ccfc6d4b" outcome="Passed" testListId="8c84fa94-04c1-424b-9868-57a2d4851a1d" relativeResultsDirectory="4c17fb1c-b0f4-48b9-83b8-1de0a6e2f707">
    </UnitTestResult>
    <UnitTestResult executionId="3893e8e3-2173-45d2-8ea8-c1e43c2b418f" testId="6c13f9eb-f3d4-48aa-c88b-6e9674447ef3" testName="cannotTakeOwnPieceMovingRight" computerName="ITSSHAW" duration="00:00:00.0027251" startTime="2014-02-04T13:33:23.7095762+02:00" endTime="2014-02-04T13:33:23.7125867+02:00" testType="13cdc9d9-ddb5-4fa4-a97d-d965ccfc6d4b" outcome="Passed" testListId="8c84fa94-04c1-424b-9868-57a2d4851a1d" relativeResultsDirectory="3893e8e3-2173-45d2-8ea8-c1e43c2b418f">
    </UnitTestResult>
    <UnitTestResult executionId="c5e67768-a62b-44de-84b3-71a19d8b82f7" testId="f5f11ea3-767f-521f-25a8-5a047603f97f" testName="cannotTakeOwnPieceMovingUpRight" computerName="ITSSHAW" duration="00:00:00.0026711" startTime="2014-02-04T13:33:23.7135902+02:00" endTime="2014-02-04T13:33:23.7166007+02:00" testType="13cdc9d9-ddb5-4fa4-a97d-d965ccfc6d4b" outcome="Passed" testListId="8c84fa94-04c1-424b-9868-57a2d4851a1d" relativeResultsDirectory="c5e67768-a62b-44de-84b3-71a19d8b82f7">
    </UnitTestResult>
    <UnitTestResult executionId="4a093e04-5863-43d0-aa97-0d09ee6dab15" testId="c9550b69-9fd2-3fcf-2931-2e40d497d81d" testName="canTakeOppositionPieceMovingDown" computerName="ITSSHAW" duration="00:00:00.0028706" startTime="2014-02-04T13:33:23.7186077+02:00" endTime="2014-02-04T13:33:23.7216182+02:00" testType="13cdc9d9-ddb5-4fa4-a97d-d965ccfc6d4b" outcome="Passed" testListId="8c84fa94-04c1-424b-9868-57a2d4851a1d" relativeResultsDirectory="4a093e04-5863-43d0-aa97-0d09ee6dab15">
    </UnitTestResult>
    <UnitTestResult executionId="f3e75351-837e-45eb-8f11-16696872a236" testId="f2c8f66f-5b37-9645-e49a-a041d148b602" testName="canTakeOppositionPieceMovingDownLeft" computerName="ITSSHAW" duration="00:00:00.0029651" startTime="2014-02-04T13:33:23.7236252+02:00" endTime="2014-02-04T13:33:23.7266357+02:00" testType="13cdc9d9-ddb5-4fa4-a97d-d965ccfc6d4b" outcome="Passed" testListId="8c84fa94-04c1-424b-9868-57a2d4851a1d" relativeResultsDirectory="f3e75351-837e-45eb-8f11-16696872a236">
    </UnitTestResult>
    <UnitTestResult executionId="49cdb791-bea5-4868-a61d-49ff51566295" testId="4b659aa5-2064-7295-f3dc-47eac73b7ede" testName="canTakeOppositionPieceMovingDownRight" computerName="ITSSHAW" duration="00:00:00.0029376" startTime="2014-02-04T13:33:23.7276392+02:00" endTime="2014-02-04T13:33:23.7316532+02:00" testType="13cdc9d9-ddb5-4fa4-a97d-d965ccfc6d4b" outcome="Passed" testListId="8c84fa94-04c1-424b-9868-57a2d4851a1d" relativeResultsDirectory="49cdb791-bea5-4868-a61d-49ff51566295">
    </UnitTestResult>
    <UnitTestResult executionId="45a9c779-7f70-4218-a914-12829bf871d5" testId="6043af01-0728-5b9e-9c02-bbb4296a7b49" testName="canTakeOppositionPieceMovingForward" computerName="ITSSHAW" duration="00:00:00.0025995" startTime="2014-02-04T13:33:23.7326567+02:00" endTime="2014-02-04T13:33:23.7356672+02:00" testType="13cdc9d9-ddb5-4fa4-a97d-d965ccfc6d4b" outcome="Passed" testListId="8c84fa94-04c1-424b-9868-57a2d4851a1d" relativeResultsDirectory="45a9c779-7f70-4218-a914-12829bf871d5">
    </UnitTestResult>
    <UnitTestResult executionId="6c5bee57-0928-4997-9212-fc36904c4ddb" testId="90898cf9-5c8b-6602-513e-7e28414b36ab" testName="canTakeOppositionPieceMovingForwardLeft" computerName="ITSSHAW" duration="00:00:00.0023327" startTime="2014-02-04T13:33:23.7366707+02:00" endTime="2014-02-04T13:33:23.7396812+02:00" testType="13cdc9d9-ddb5-4fa4-a97d-d965ccfc6d4b" outcome="Passed" testListId="8c84fa94-04c1-424b-9868-57a2d4851a1d" relativeResultsDirectory="6c5bee57-0928-4997-9212-fc36904c4ddb">
    </UnitTestResult>
    <UnitTestResult executionId="f784a0d5-c6ad-4e3b-a65e-1c5bc6026083" testId="cdb353a5-fbfe-08cc-ac19-32e4bc7ee0af" testName="canTakeOppositionPieceMovingLeft" computerName="ITSSHAW" duration="00:00:00.0026273" startTime="2014-02-04T13:33:23.7396812+02:00" endTime="2014-02-04T13:33:23.7436952+02:00" testType="13cdc9d9-ddb5-4fa4-a97d-d965ccfc6d4b" outcome="Passed" testListId="8c84fa94-04c1-424b-9868-57a2d4851a1d" relativeResultsDirectory="f784a0d5-c6ad-4e3b-a65e-1c5bc6026083">
    </UnitTestResult>
    <UnitTestResult executionId="5326cef8-9836-4bd8-96a0-014502730da6" testId="8a3cfb9c-5e17-9d45-b2bc-1a740a423650" testName="canTakeOppositionPieceMovingRight" computerName="ITSSHAW" duration="00:00:00.0025896" startTime="2014-02-04T13:33:23.7436952+02:00" endTime="2014-02-04T13:33:23.7477092+02:00" testType="13cdc9d9-ddb5-4fa4-a97d-d965ccfc6d4b" outcome="Passed" testListId="8c84fa94-04c1-424b-9868-57a2d4851a1d" relativeResultsDirectory="5326cef8-9836-4bd8-96a0-014502730da6">
    </UnitTestResult>
    <UnitTestResult executionId="b4af5f9a-d47b-4d49-bcff-b2a9ac133185" testId="c283c84e-12fb-1c79-3140-e564f9560517" testName="canTakeOppositionPieceMovingUpRight" computerName="ITSSHAW" duration="00:00:00.0023218" startTime="2014-02-04T13:33:23.7487127+02:00" endTime="2014-02-04T13:33:23.7507197+02:00" testType="13cdc9d9-ddb5-4fa4-a97d-d965ccfc6d4b" outcome="Passed" testListId="8c84fa94-04c1-424b-9868-57a2d4851a1d" relativeResultsDirectory="b4af5f9a-d47b-4d49-bcff-b2a9ac133185">
    </UnitTestResult>
    <UnitTestResult executionId="906afc2d-b0b2-45c7-b0bf-2e02ed72019d" testId="708e0fda-e1a5-7f8b-3069-c1364aee94b5" testName="canMoveBlackKnightDownLeft" computerName="ITSSHAW" duration="00:00:00.0022128" startTime="2014-02-04T13:33:23.7517232+02:00" endTime="2014-02-04T13:33:23.7547337+02:00" testType="13cdc9d9-ddb5-4fa4-a97d-d965ccfc6d4b" outcome="Passed" testListId="8c84fa94-04c1-424b-9868-57a2d4851a1d" relativeResultsDirectory="906afc2d-b0b2-45c7-b0bf-2e02ed72019d">
    </UnitTestResult>
    <UnitTestResult executionId="91f20d1b-f73a-4943-ad52-2febf510890a" testId="5e1118ed-9b53-f770-8503-6b91f9e32547" testName="canMoveBlackKnightDownRight" computerName="ITSSHAW" duration="00:00:00.0020652" startTime="2014-02-04T13:33:23.7557372+02:00" endTime="2014-02-04T13:33:23.7577442+02:00" testType="13cdc9d9-ddb5-4fa4-a97d-d965ccfc6d4b" outcome="Passed" testListId="8c84fa94-04c1-424b-9868-57a2d4851a1d" relativeResultsDirectory="91f20d1b-f73a-4943-ad52-2febf510890a">
    </UnitTestResult>
    <UnitTestResult executionId="f2d28b35-d005-4988-b97f-d1da5d2854ed" testId="6cf57c02-d527-684a-9612-4d68bc5f29f6" testName="canMoveBlackKnightLeftDown" computerName="ITSSHAW" duration="00:00:00.0021069" startTime="2014-02-04T13:33:23.7587477+02:00" endTime="2014-02-04T13:33:23.7617582+02:00" testType="13cdc9d9-ddb5-4fa4-a97d-d965ccfc6d4b" outcome="Passed" testListId="8c84fa94-04c1-424b-9868-57a2d4851a1d" relativeResultsDirectory="f2d28b35-d005-4988-b97f-d1da5d2854ed">
    </UnitTestResult>
    <UnitTestResult executionId="ae1fec03-3179-419e-af7e-30ad4d873b9a" testId="89133348-f31e-9131-8497-14e1440854d8" testName="canMoveBlackKnightLeftUp" computerName="ITSSHAW" duration="00:00:00.0022122" startTime="2014-02-04T13:33:23.7627617+02:00" endTime="2014-02-04T13:33:23.7657722+02:00" testType="13cdc9d9-ddb5-4fa4-a97d-d965ccfc6d4b" outcome="Passed" testListId="8c84fa94-04c1-424b-9868-57a2d4851a1d" relativeResultsDirectory="ae1fec03-3179-419e-af7e-30ad4d873b9a">
    </UnitTestResult>
    <UnitTestResult executionId="2caceb39-0433-4d68-ac7b-67c2ebbcfd3a" testId="da7f9d67-6583-5b93-3103-caab5031e2e0" testName="canMoveBlackKnightRightDown" computerName="ITSSHAW" duration="00:00:00.0020686" startTime="2014-02-04T13:33:23.7667757+02:00" endTime="2014-02-04T13:33:23.7687827+02:00" testType="13cdc9d9-ddb5-4fa4-a97d-d965ccfc6d4b" outcome="Passed" testListId="8c84fa94-04c1-424b-9868-57a2d4851a1d" relativeResultsDirectory="2caceb39-0433-4d68-ac7b-67c2ebbcfd3a">
    </UnitTestResult>
    <UnitTestResult executionId="6fc7a95e-c784-49fa-877c-c1a3779a07ee" testId="b6442f0f-5bfd-8c1c-ad13-f1d69b3a8a06" testName="canMoveBlackKnightRightUp" computerName="ITSSHAW" duration="00:00:00.0021585" startTime="2014-02-04T13:33:23.7697862+02:00" endTime="2014-02-04T13:33:23.7727967+02:00" testType="13cdc9d9-ddb5-4fa4-a97d-d965ccfc6d4b" outcome="Passed" testListId="8c84fa94-04c1-424b-9868-57a2d4851a1d" relativeResultsDirectory="6fc7a95e-c784-49fa-877c-c1a3779a07ee">
    </UnitTestResult>
    <UnitTestResult executionId="23e41884-cec3-48b4-8e31-0c142cee32db" testId="dec0744b-b5da-6a4d-ad0a-355a63963703" testName="canMoveBlackKnightUpLeft" computerName="ITSSHAW" duration="00:00:00.0021030" startTime="2014-02-04T13:33:23.7738002+02:00" endTime="2014-02-04T13:33:23.7758072+02:00" testType="13cdc9d9-ddb5-4fa4-a97d-d965ccfc6d4b" outcome="Passed" testListId="8c84fa94-04c1-424b-9868-57a2d4851a1d" relativeResultsDirectory="23e41884-cec3-48b4-8e31-0c142cee32db">
    </UnitTestResult>
    <UnitTestResult executionId="31e58b4f-ad06-4964-b578-65818a0f6855" testId="aec32abe-a9a4-ee33-7558-1c7c2a3fabec" testName="canMoveBlackKnightUpRight" computerName="ITSSHAW" duration="00:00:00.0022156" startTime="2014-02-04T13:33:23.7778142+02:00" endTime="2014-02-04T13:33:23.7798212+02:00" testType="13cdc9d9-ddb5-4fa4-a97d-d965ccfc6d4b" outcome="Passed" testListId="8c84fa94-04c1-424b-9868-57a2d4851a1d" relativeResultsDirectory="31e58b4f-ad06-4964-b578-65818a0f6855">
    </UnitTestResult>
    <UnitTestResult executionId="f811e15b-e0c0-434e-bf07-11851b0fe123" testId="129b002c-1fd8-a858-11b5-efb8011f1c66" testName="canMoveWhiteKnightDownLeft" computerName="ITSSHAW" duration="00:00:00.0020743" startTime="2014-02-04T13:33:23.7818282+02:00" endTime="2014-02-04T13:33:23.7838352+02:00" testType="13cdc9d9-ddb5-4fa4-a97d-d965ccfc6d4b" outcome="Passed" testListId="8c84fa94-04c1-424b-9868-57a2d4851a1d" relativeResultsDirectory="f811e15b-e0c0-434e-bf07-11851b0fe123">
    </UnitTestResult>
    <UnitTestResult executionId="c8fb5672-298d-4122-a6aa-d746de41ef8b" testId="3d0b3fd5-ed3e-b00a-e692-69db01d97037" testName="canMoveWhiteKnightDownRight" computerName="ITSSHAW" duration="00:00:00.0021051" startTime="2014-02-04T13:33:23.7848387+02:00" endTime="2014-02-04T13:33:23.7878492+02:00" testType="13cdc9d9-ddb5-4fa4-a97d-d965ccfc6d4b" outcome="Passed" testListId="8c84fa94-04c1-424b-9868-57a2d4851a1d" relativeResultsDirectory="c8fb5672-298d-4122-a6aa-d746de41ef8b">
    </UnitTestResult>
    <UnitTestResult executionId="4e6226f5-d9da-4035-9f52-8cc74adcc24c" testId="cf3b5912-6ae6-e0a1-b350-a9a883f44204" testName="canMoveWhiteKnightLeftDown" computerName="ITSSHAW" duration="00:00:00.0020770" startTime="2014-02-04T13:33:23.7888527+02:00" endTime="2014-02-04T13:33:23.7918632+02:00" testType="13cdc9d9-ddb5-4fa4-a97d-d965ccfc6d4b" outcome="Passed" testListId="8c84fa94-04c1-424b-9868-57a2d4851a1d" relativeResultsDirectory="4e6226f5-d9da-4035-9f52-8cc74adcc24c">
    </UnitTestResult>
    <UnitTestResult executionId="4089a445-ac95-43d1-a375-f841446011f0" testId="ed293079-60d8-dd36-58ca-ab1711252e1b" testName="canMoveWhiteKnightLeftUp" computerName="ITSSHAW" duration="00:00:00.0021169" startTime="2014-02-04T13:33:23.7938702+02:00" endTime="2014-02-04T13:33:23.7958772+02:00" testType="13cdc9d9-ddb5-4fa4-a97d-d965ccfc6d4b" outcome="Passed" testListId="8c84fa94-04c1-424b-9868-57a2d4851a1d" relativeResultsDirectory="4089a445-ac95-43d1-a375-f841446011f0">
    </UnitTestResult>
    <UnitTestResult executionId="3a5f6ddd-36bf-455f-85fb-26cc7b18afd9" testId="b1cacb72-0763-fed2-dae6-92a0ddd885e0" testName="canMoveWhiteKnightRightDown" computerName="ITSSHAW" duration="00:00:00.0021362" startTime="2014-02-04T13:33:23.7968807+02:00" endTime="2014-02-04T13:33:23.7998912+02:00" testType="13cdc9d9-ddb5-4fa4-a97d-d965ccfc6d4b" outcome="Passed" testListId="8c84fa94-04c1-424b-9868-57a2d4851a1d" relativeResultsDirectory="3a5f6ddd-36bf-455f-85fb-26cc7b18afd9">
    </UnitTestResult>
    <UnitTestResult executionId="4d4b8afa-16ac-49cf-9cc8-398023b17010" testId="b48545f1-36d0-2752-215f-8475388c03a6" testName="canMoveWhiteKnightRightUp" computerName="ITSSHAW" duration="00:00:00.0021597" startTime="2014-02-04T13:33:23.8008947+02:00" endTime="2014-02-04T13:33:23.8039052+02:00" testType="13cdc9d9-ddb5-4fa4-a97d-d965ccfc6d4b" outcome="Passed" testListId="8c84fa94-04c1-424b-9868-57a2d4851a1d" relativeResultsDirectory="4d4b8afa-16ac-49cf-9cc8-398023b17010">
    </UnitTestResult>
    <UnitTestResult executionId="edd2eb6d-e299-41e1-b03e-e87aa34267ac" testId="01e1d85e-511b-f54c-a1a1-900d1b604f70" testName="canMoveWhiteKnightUpLeft" computerName="ITSSHAW" duration="00:00:00.0020737" startTime="2014-02-04T13:33:23.8039052+02:00" endTime="2014-02-04T13:33:23.8069157+02:00" testType="13cdc9d9-ddb5-4fa4-a97d-d965ccfc6d4b" outcome="Passed" testListId="8c84fa94-04c1-424b-9868-57a2d4851a1d" relativeResultsDirectory="edd2eb6d-e299-41e1-b03e-e87aa34267ac">
    </UnitTestResult>
    <UnitTestResult executionId="0fb426e6-82b6-41e5-b90f-5ce6ba8fc5c5" testId="020bc553-c880-41f6-e7a5-5598075d4e67" testName="canMoveWhiteKnightUpRight" computerName="ITSSHAW" duration="00:00:00.0022107" startTime="2014-02-04T13:33:23.8079192+02:00" endTime="2014-02-04T13:33:23.8109297+02:00" testType="13cdc9d9-ddb5-4fa4-a97d-d965ccfc6d4b" outcome="Passed" testListId="8c84fa94-04c1-424b-9868-57a2d4851a1d" relativeResultsDirectory="0fb426e6-82b6-41e5-b90f-5ce6ba8fc5c5">
    </UnitTestResult>
    <UnitTestResult executionId="64c2568b-776e-47f9-82e9-2b2a516bbe66" testId="5549ceba-3e9a-6148-26c8-8ad403ffbfa1" testName="cannotCaptureOwnPieceBottomLeft" computerName="ITSSHAW" duration="00:00:00.0023728" startTime="2014-02-04T13:33:23.8119332+02:00" endTime="2014-02-04T13:33:23.8149437+02:00" testType="13cdc9d9-ddb5-4fa4-a97d-d965ccfc6d4b" outcome="Passed" testListId="8c84fa94-04c1-424b-9868-57a2d4851a1d" relativeResultsDirectory="64c2568b-776e-47f9-82e9-2b2a516bbe66">
    </UnitTestResult>
    <UnitTestResult executionId="eb2ef57f-8817-4b81-8b84-5a82de31893b" testId="12e63596-1c4e-b553-8314-65281f6114b3" testName="cannotCaptureOwnPieceBottomRight" computerName="ITSSHAW" duration="00:00:00.0023112" startTime="2014-02-04T13:33:23.8159472+02:00" endTime="2014-02-04T13:33:23.8189577+02:00" testType="13cdc9d9-ddb5-4fa4-a97d-d965ccfc6d4b" outcome="Passed" testListId="8c84fa94-04c1-424b-9868-57a2d4851a1d" relativeResultsDirectory="eb2ef57f-8817-4b81-8b84-5a82de31893b">
    </UnitTestResult>
    <UnitTestResult executionId="46071b6a-8a13-4c4c-bd2f-ae05a928caee" testId="ad975496-37d7-dfa8-72c5-ed19caf4b8d6" testName="cannotCaptureOwnPieceLeftBottom" computerName="ITSSHAW" duration="00:00:00.0023348" startTime="2014-02-04T13:33:23.8199612+02:00" endTime="2014-02-04T13:33:23.8229717+02:00" testType="13cdc9d9-ddb5-4fa4-a97d-d965ccfc6d4b" outcome="Passed" testListId="8c84fa94-04c1-424b-9868-57a2d4851a1d" relativeResultsDirectory="46071b6a-8a13-4c4c-bd2f-ae05a928caee">
    </UnitTestResult>
    <UnitTestResult executionId="33edde1d-2daf-4721-886a-046f9e286c5c" testId="40d1b41f-84e9-0b2b-3898-954b6294bb34" testName="cannotCaptureOwnPieceLeftTop" computerName="ITSSHAW" duration="00:00:00.0024471" startTime="2014-02-04T13:33:23.8229717+02:00" endTime="2014-02-04T13:33:23.8259822+02:00" testType="13cdc9d9-ddb5-4fa4-a97d-d965ccfc6d4b" outcome="Passed" testListId="8c84fa94-04c1-424b-9868-57a2d4851a1d" relativeResultsDirectory="33edde1d-2daf-4721-886a-046f9e286c5c">
    </UnitTestResult>
    <UnitTestResult executionId="eeedf463-dc50-4f51-b7fa-0cc47a4b64a5" testId="c281314e-828d-e156-cbd7-96cd2b327ed0" testName="cannotCaptureOwnPieceRightBottom" computerName="ITSSHAW" duration="00:00:00.0023695" startTime="2014-02-04T13:33:23.8279892+02:00" endTime="2014-02-04T13:33:23.8309997+02:00" testType="13cdc9d9-ddb5-4fa4-a97d-d965ccfc6d4b" outcome="Passed" testListId="8c84fa94-04c1-424b-9868-57a2d4851a1d" relativeResultsDirectory="eeedf463-dc50-4f51-b7fa-0cc47a4b64a5">
    </UnitTestResult>
    <UnitTestResult executionId="6f25a92d-72f7-468a-8f63-aaff22181a47" testId="84067fc2-a576-9ac6-6f3c-59ca7fae01b3" testName="cannotCaptureOwnPieceRightTop" computerName="ITSSHAW" duration="00:00:00.0023140" startTime="2014-02-04T13:33:23.8309997+02:00" endTime="2014-02-04T13:33:23.8340102+02:00" testType="13cdc9d9-ddb5-4fa4-a97d-d965ccfc6d4b" outcome="Passed" testListId="8c84fa94-04c1-424b-9868-57a2d4851a1d" relativeResultsDirectory="6f25a92d-72f7-468a-8f63-aaff22181a47">
    </UnitTestResult>
    <UnitTestResult executionId="8b5c3f1a-3a80-43f5-9c90-2b3745091f28" testId="3b8989d4-9468-d4f5-4fa5-0c83cef3e6e3" testName="cannotCaptureOwnPieceTopLeft" computerName="ITSSHAW" duration="00:00:00.0023266" startTime="2014-02-04T13:33:23.8350137+02:00" endTime="2014-02-04T13:33:23.8380242+02:00" testType="13cdc9d9-ddb5-4fa4-a97d-d965ccfc6d4b" outcome="Passed" testListId="8c84fa94-04c1-424b-9868-57a2d4851a1d" relativeResultsDirectory="8b5c3f1a-3a80-43f5-9c90-2b3745091f28">
    </UnitTestResult>
    <UnitTestResult executionId="a877d375-3cd4-4c8a-a44a-15d738a5c9e6" testId="8b767757-2d46-6db2-6c72-a25020070dc1" testName="cannotCaptureOwnPieceTopRight" computerName="ITSSHAW" duration="00:00:00.0024613" startTime="2014-02-04T13:33:23.8400312+02:00" endTime="2014-02-04T13:33:23.8430417+02:00" testType="13cdc9d9-ddb5-4fa4-a97d-d965ccfc6d4b" outcome="Passed" testListId="8c84fa94-04c1-424b-9868-57a2d4851a1d" relativeResultsDirectory="a877d375-3cd4-4c8a-a44a-15d738a5c9e6">
    </UnitTestResult>
    <UnitTestResult executionId="f8a77593-5ff2-4fd5-bc96-d63a8abd650a" testId="f1a715f9-9cf1-9e64-a4be-97f94a04714c" testName="cannotMoveBlackKnightAnywayElse" computerName="ITSSHAW" duration="00:00:00.2241793" startTime="2014-02-04T13:33:23.8440452+02:00" endTime="2014-02-04T13:33:24.0688292+02:00" testType="13cdc9d9-ddb5-4fa4-a97d-d965ccfc6d4b" outcome="Passed" testListId="8c84fa94-04c1-424b-9868-57a2d4851a1d" relativeResultsDirectory="f8a77593-5ff2-4fd5-bc96-d63a8abd650a">
    </UnitTestResult>
    <UnitTestResult executionId="a45fd8a7-a83a-46fc-aac9-9036d6317feb" testId="98edb5da-2506-8b04-eeed-1852ef2aaf00" testName="cannotMoveWhiteKnightAnywayElse" computerName="ITSSHAW" duration="00:00:00.2404534" startTime="2014-02-04T13:33:24.0708362+02:00" endTime="2014-02-04T13:33:24.3126797+02:00" testType="13cdc9d9-ddb5-4fa4-a97d-d965ccfc6d4b" outcome="Passed" testListId="8c84fa94-04c1-424b-9868-57a2d4851a1d" relativeResultsDirectory="a45fd8a7-a83a-46fc-aac9-9036d6317feb">
    </UnitTestResult>
    <UnitTestResult executionId="e83e01bf-1d32-454a-88ca-673e526f8eca" testId="070484d8-b78f-e4c9-05d6-cba7187facb9" testName="invalidMoveGivesCorrectPieceName" computerName="ITSSHAW" duration="00:00:00.0022581" startTime="2014-02-04T13:33:24.3136832+02:00" endTime="2014-02-04T13:33:24.3166937+02:00" testType="13cdc9d9-ddb5-4fa4-a97d-d965ccfc6d4b" outcome="Passed" testListId="8c84fa94-04c1-424b-9868-57a2d4851a1d" relativeResultsDirectory="e83e01bf-1d32-454a-88ca-673e526f8eca">
    </UnitTestResult>
    <UnitTestResult executionId="f41c0981-0fd2-4232-a60d-afc175e5dcb0" testId="3a5598f0-2f6a-ab8e-56e4-280c59becd55" testName="noErrorOnTopLeft" computerName="ITSSHAW" duration="00:00:00.0007615" startTime="2014-02-04T13:33:24.3176972+02:00" endTime="2014-02-04T13:33:24.3187007+02:00" testType="13cdc9d9-ddb5-4fa4-a97d-d965ccfc6d4b" outcome="Passed" testListId="8c84fa94-04c1-424b-9868-57a2d4851a1d" relativeResultsDirectory="f41c0981-0fd2-4232-a60d-afc175e5dcb0">
    </UnitTestResult>
    <UnitTestResult executionId="0d45c66f-8edd-4b13-8393-9ecd1bdcd68d" testId="4981dea8-f169-664c-472f-78db2ae78861" testName="noErrorOnTopRight" computerName="ITSSHAW" duration="00:00:00.0007141" startTime="2014-02-04T13:33:24.3197042+02:00" endTime="2014-02-04T13:33:24.3207077+02:00" testType="13cdc9d9-ddb5-4fa4-a97d-d965ccfc6d4b" outcome="Passed" testListId="8c84fa94-04c1-424b-9868-57a2d4851a1d" relativeResultsDirectory="0d45c66f-8edd-4b13-8393-9ecd1bdcd68d">
    </UnitTestResult>
    <UnitTestResult executionId="4a96cb6a-60a4-4f90-a5b4-6021e1ab2286" testId="a64ca845-c01a-2574-9dc9-d481b1eb66ae" testName="noErrorWhenOnBottomLeft" computerName="ITSSHAW" duration="00:00:00.0008382" startTime="2014-02-04T13:33:24.3217112+02:00" endTime="2014-02-04T13:33:24.3227147+02:00" testType="13cdc9d9-ddb5-4fa4-a97d-d965ccfc6d4b" outcome="Passed" testListId="8c84fa94-04c1-424b-9868-57a2d4851a1d" relativeResultsDirectory="4a96cb6a-60a4-4f90-a5b4-6021e1ab2286">
    </UnitTestResult>
    <UnitTestResult executionId="4b0a05fb-5662-4064-82d7-8b745e88beb0" testId="a39074e8-1a57-e5e3-5130-43a61b6aac16" testName="noErrorWhenOnBottomRight" computerName="ITSSHAW" duration="00:00:00.0008802" startTime="2014-02-04T13:33:24.3237182+02:00" endTime="2014-02-04T13:33:24.3257252+02:00" testType="13cdc9d9-ddb5-4fa4-a97d-d965ccfc6d4b" outcome="Passed" testListId="8c84fa94-04c1-424b-9868-57a2d4851a1d" relativeResultsDirectory="4b0a05fb-5662-4064-82d7-8b745e88beb0">
    </UnitTestResult>
    <UnitTestResult executionId="07638360-2ddd-4151-a021-794a2af9eb3d" testId="0c39fefa-5032-d364-0d53-99bb085e0982" testName="blackCannotTakeEmptyPieceLeft" computerName="ITSSHAW" duration="00:00:00.0018672" startTime="2014-02-04T13:33:24.3257252+02:00" endTime="2014-02-04T13:33:24.3287357+02:00" testType="13cdc9d9-ddb5-4fa4-a97d-d965ccfc6d4b" outcome="Passed" testListId="8c84fa94-04c1-424b-9868-57a2d4851a1d" relativeResultsDirectory="07638360-2ddd-4151-a021-794a2af9eb3d">
    </UnitTestResult>
    <UnitTestResult executionId="17530b0a-12d3-4d7a-903c-5e19cebe377c" testId="072141a6-213d-f7c1-ad94-78892f83b7a0" testName="blackPawnCanMoveTwoSpacesAtStart" computerName="ITSSHAW" duration="00:00:00.0019028" startTime="2014-02-04T13:33:24.3307427+02:00" endTime="2014-02-04T13:33:24.3327497+02:00" testType="13cdc9d9-ddb5-4fa4-a97d-d965ccfc6d4b" outcome="Passed" testListId="8c84fa94-04c1-424b-9868-57a2d4851a1d" relativeResultsDirectory="17530b0a-12d3-4d7a-903c-5e19cebe377c">
    </UnitTestResult>
    <UnitTestResult executionId="aad09857-643b-4238-bd50-26a108db6a93" testId="cb78d65f-db30-1067-6355-33912c9c98b3" testName="blackPawnCannotMoveBackwards" computerName="ITSSHAW" duration="00:00:00.0024160" startTime="2014-02-04T13:33:24.3337532+02:00" endTime="2014-02-04T13:33:24.3367637+02:00" testType="13cdc9d9-ddb5-4fa4-a97d-d965ccfc6d4b" outcome="Passed" testListId="8c84fa94-04c1-424b-9868-57a2d4851a1d" relativeResultsDirectory="aad09857-643b-4238-bd50-26a108db6a93">
    </UnitTestResult>
    <UnitTestResult executionId="4b82d0e4-afbc-442e-ba7c-c3ce5d318634" testId="8e7b2879-f716-116d-99dc-23f8e18ae182" testName="blackPawnCannotMoveTwoSpacesAfterStart" computerName="ITSSHAW" duration="00:00:00.0030022" startTime="2014-02-04T13:33:24.3377672+02:00" endTime="2014-02-04T13:33:24.3417812+02:00" testType="13cdc9d9-ddb5-4fa4-a97d-d965ccfc6d4b" outcome="Passed" testListId="8c84fa94-04c1-424b-9868-57a2d4851a1d" relativeResultsDirectory="4b82d0e4-afbc-442e-ba7c-c3ce5d318634">
    </UnitTestResult>
    <UnitTestResult executionId="c283f996-edfa-4037-9126-e3d9abecb9e4" testId="d6be978c-e15f-fa6c-2dca-55f439cdf674" testName="blackPawnCannotTakeEmptyPieceRight" computerName="ITSSHAW" duration="00:00:00.0023553" startTime="2014-02-04T13:33:24.3427847+02:00" endTime="2014-02-04T13:33:24.3447917+02:00" testType="13cdc9d9-ddb5-4fa4-a97d-d965ccfc6d4b" outcome="Passed" testListId="8c84fa94-04c1-424b-9868-57a2d4851a1d" relativeResultsDirectory="c283f996-edfa-4037-9126-e3d9abecb9e4">
    </UnitTestResult>
    <UnitTestResult executionId="54eec416-f51a-40ac-98cf-e96efd952483" testId="31f39857-46fe-cad3-eea6-de16b677be95" testName="blackPawnCanTakePieceLeft" computerName="ITSSHAW" duration="00:00:00.0053038" startTime="2014-02-04T13:33:24.3457952+02:00" endTime="2014-02-04T13:33:24.3528197+02:00" testType="13cdc9d9-ddb5-4fa4-a97d-d965ccfc6d4b" outcome="Passed" testListId="8c84fa94-04c1-424b-9868-57a2d4851a1d" relativeResultsDirectory="54eec416-f51a-40ac-98cf-e96efd952483">
    </UnitTestResult>
    <UnitTestResult executionId="d142414a-25d5-49cb-8bf7-983d56e0265b" testId="af7199b0-e83f-767d-57c7-bef2cae34aa3" testName="blackPawnCanTakePieceRight" computerName="ITSSHAW" duration="00:00:00.0050853" startTime="2014-02-04T13:33:24.3538232+02:00" endTime="2014-02-04T13:33:24.3598442+02:00" testType="13cdc9d9-ddb5-4fa4-a97d-d965ccfc6d4b" outcome="Passed" testListId="8c84fa94-04c1-424b-9868-57a2d4851a1d" relativeResultsDirectory="d142414a-25d5-49cb-8bf7-983d56e0265b">
    </UnitTestResult>
    <UnitTestResult executionId="f3bb3f05-bc0a-4b95-83b5-c2b6f06cbf08" testId="74218563-c78e-d800-7101-79460a2a54a4" testName="canBlackPawnMoveOneSpaceForward" computerName="ITSSHAW" duration="00:00:00.0020021" startTime="2014-02-04T13:33:24.3608477+02:00" endTime="2014-02-04T13:33:24.3628547+02:00" testType="13cdc9d9-ddb5-4fa4-a97d-d965ccfc6d4b" outcome="Passed" testListId="8c84fa94-04c1-424b-9868-57a2d4851a1d" relativeResultsDirectory="f3bb3f05-bc0a-4b95-83b5-c2b6f06cbf08">
    </UnitTestResult>
    <UnitTestResult executionId="90b2d703-cfe7-4f01-a836-fa089483ac8c" testId="2ead5f87-4f49-9731-8b7d-274f7728f6ce" testName="cannotMove2AtStartIfPieceInTheWay" computerName="ITSSHAW" duration="00:00:00.0072801" startTime="2014-02-04T13:33:24.3638582+02:00" endTime="2014-02-04T13:33:24.3718862+02:00" testType="13cdc9d9-ddb5-4fa4-a97d-d965ccfc6d4b" outcome="Passed" testListId="8c84fa94-04c1-424b-9868-57a2d4851a1d" relativeResultsDirectory="90b2d703-cfe7-4f01-a836-fa089483ac8c">
    </UnitTestResult>
    <UnitTestResult executionId="6bad7a0a-dfa5-434c-ac72-04502e6b0d5b" testId="f4345ccc-f7f8-a9d0-d85f-f34d1eaed95e" testName="cannotMove2AtStartIfPieceJustInFront" computerName="ITSSHAW" duration="00:00:00.0097151" startTime="2014-02-04T13:33:24.3728897+02:00" endTime="2014-02-04T13:33:24.3829247+02:00" testType="13cdc9d9-ddb5-4fa4-a97d-d965ccfc6d4b" outcome="Passed" testListId="8c84fa94-04c1-424b-9868-57a2d4851a1d" relativeResultsDirectory="6bad7a0a-dfa5-434c-ac72-04502e6b0d5b">
    </UnitTestResult>
    <UnitTestResult executionId="fbc7a943-e988-4834-83e7-06f834c71f8d" testId="1889f775-0977-2f85-bcf9-6dc4aeb0834c" testName="cannotMoveEnPassantIfOtherPieceNotAPawn" computerName="ITSSHAW" duration="00:00:00.0073139" startTime="2014-02-04T13:33:24.3839282+02:00" endTime="2014-02-04T13:33:24.3919562+02:00" testType="13cdc9d9-ddb5-4fa4-a97d-d965ccfc6d4b" outcome="Passed" testListId="8c84fa94-04c1-424b-9868-57a2d4851a1d" relativeResultsDirectory="fbc7a943-e988-4834-83e7-06f834c71f8d">
    </UnitTestResult>
    <UnitTestResult executionId="ab3ffd65-acf5-4d9d-aa73-1e2972d58a79" testId="e4425b0f-0cb4-e465-5faf-5fa77fa81a46" testName="cannotMoveOneForwardWhenPieceInTheWay" computerName="ITSSHAW" duration="00:00:00.0008213" startTime="2014-02-04T13:33:24.3929597+02:00" endTime="2014-02-04T13:33:24.3949667+02:00" testType="13cdc9d9-ddb5-4fa4-a97d-d965ccfc6d4b" outcome="Passed" testListId="8c84fa94-04c1-424b-9868-57a2d4851a1d" relativeResultsDirectory="ab3ffd65-acf5-4d9d-aa73-1e2972d58a79">
    </UnitTestResult>
    <UnitTestResult executionId="2db18d5c-3eca-45c4-8b61-9d73758c09e8" testId="17c89217-fc60-adea-d5e7-d8f5759cacf3" testName="cannotTakeOwnPieceDiagLeft" computerName="ITSSHAW" duration="00:00:00.0013375" startTime="2014-02-04T13:33:24.3959702+02:00" endTime="2014-02-04T13:33:24.3979772+02:00" testType="13cdc9d9-ddb5-4fa4-a97d-d965ccfc6d4b" outcome="Passed" testListId="8c84fa94-04c1-424b-9868-57a2d4851a1d" relativeResultsDirectory="2db18d5c-3eca-45c4-8b61-9d73758c09e8">
    </UnitTestResult>
    <UnitTestResult executionId="f32059b0-7b42-4c6a-9c4d-75efd6b0f276" testId="557ea181-0881-47c7-90a7-baa142d9c0b1" testName="cannotTakeOwnPieceDiagRight" computerName="ITSSHAW" duration="00:00:00.0012050" startTime="2014-02-04T13:33:24.3989807+02:00" endTime="2014-02-04T13:33:24.4009877+02:00" testType="13cdc9d9-ddb5-4fa4-a97d-d965ccfc6d4b" outcome="Passed" testListId="8c84fa94-04c1-424b-9868-57a2d4851a1d" relativeResultsDirectory="f32059b0-7b42-4c6a-9c4d-75efd6b0f276">
    </UnitTestResult>
    <UnitTestResult executionId="a1fcea51-dc40-4cac-a87e-70e6719d792c" testId="72153cfe-4389-9773-f6fd-6685bb51f896" testName="canTakePawnEnPassantLeft" computerName="ITSSHAW" duration="00:00:00.0077217" startTime="2014-02-04T13:33:24.4009877+02:00" endTime="2014-02-04T13:33:24.4100192+02:00" testType="13cdc9d9-ddb5-4fa4-a97d-d965ccfc6d4b" outcome="Passed" testListId="8c84fa94-04c1-424b-9868-57a2d4851a1d" relativeResultsDirectory="a1fcea51-dc40-4cac-a87e-70e6719d792c">
    </UnitTestResult>
    <UnitTestResult executionId="c3363a01-a581-481a-b188-c337c39e6ab1" testId="77a8b315-06d4-5fac-05d9-90fcccdac88f" testName="canTakePawnEnPassantRight" computerName="ITSSHAW" duration="00:00:00.0073498" startTime="2014-02-04T13:33:24.4110227+02:00" endTime="2014-02-04T13:33:24.4190507+02:00" testType="13cdc9d9-ddb5-4fa4-a97d-d965ccfc6d4b" outcome="Passed" testListId="8c84fa94-04c1-424b-9868-57a2d4851a1d" relativeResultsDirectory="c3363a01-a581-481a-b188-c337c39e6ab1">
    </UnitTestResult>
    <UnitTestResult executionId="000b52f0-8c0c-4196-98ee-c8b53213cf81" testId="276aeaf4-94bd-7cc4-0bfa-fd1b795b8f09" testName="canWhitePawnMoveOneSpaceForward" computerName="ITSSHAW" duration="00:00:00.0021359" startTime="2014-02-04T13:33:24.4200542+02:00" endTime="2014-02-04T13:33:24.4230647+02:00" testType="13cdc9d9-ddb5-4fa4-a97d-d965ccfc6d4b" outcome="Passed" testListId="8c84fa94-04c1-424b-9868-57a2d4851a1d" relativeResultsDirectory="000b52f0-8c0c-4196-98ee-c8b53213cf81">
    </UnitTestResult>
    <UnitTestResult executionId="9f61d953-65d3-4217-a6cc-5248f1a1200e" testId="c9fb8199-30a5-e351-264b-e657ae13b916" testName="invalidMoveGivesCorrectPieceName" computerName="ITSSHAW" duration="00:00:00.0008835" startTime="2014-02-04T13:33:24.4240682+02:00" endTime="2014-02-04T13:33:24.4260752+02:00" testType="13cdc9d9-ddb5-4fa4-a97d-d965ccfc6d4b" outcome="Passed" testListId="8c84fa94-04c1-424b-9868-57a2d4851a1d" relativeResultsDirectory="9f61d953-65d3-4217-a6cc-5248f1a1200e">
    </UnitTestResult>
    <UnitTestResult executionId="34dcc96a-9a7c-4277-8a74-3feb911fd819" testId="6d29da73-1392-f864-ac11-db455215ce75" testName="moveEnPassantLeftNotImmediateThrowError" computerName="ITSSHAW" duration="00:00:00.0110750" startTime="2014-02-04T13:33:24.4270787+02:00" endTime="2014-02-04T13:33:24.4391207+02:00" testType="13cdc9d9-ddb5-4fa4-a97d-d965ccfc6d4b" outcome="Passed" testListId="8c84fa94-04c1-424b-9868-57a2d4851a1d" relativeResultsDirectory="34dcc96a-9a7c-4277-8a74-3feb911fd819">
    </UnitTestResult>
    <UnitTestResult executionId="d34e560e-f0f2-41b8-b8ce-7dd84189126e" testId="4f8f2480-799b-0be7-4437-c1ecf75fbaa1" testName="moveEnPassantLeftRemovesPiece" computerName="ITSSHAW" duration="00:00:00.0073431" startTime="2014-02-04T13:33:24.4401242+02:00" endTime="2014-02-04T13:33:24.4481522+02:00" testType="13cdc9d9-ddb5-4fa4-a97d-d965ccfc6d4b" outcome="Passed" testListId="8c84fa94-04c1-424b-9868-57a2d4851a1d" relativeResultsDirectory="d34e560e-f0f2-41b8-b8ce-7dd84189126e">
    </UnitTestResult>
    <UnitTestResult executionId="96238c93-2961-429a-9ca7-c55f17e73d6b" testId="1ae802a5-bb94-ae3c-980c-cf0121da8a4a" testName="moveEnPassantRightNotImmediateThrowsError" computerName="ITSSHAW" duration="00:00:00.0106249" startTime="2014-02-04T13:33:24.4491557+02:00" endTime="2014-02-04T13:33:24.4601942+02:00" testType="13cdc9d9-ddb5-4fa4-a97d-d965ccfc6d4b" outcome="Passed" testListId="8c84fa94-04c1-424b-9868-57a2d4851a1d" relativeResultsDirectory="96238c93-2961-429a-9ca7-c55f17e73d6b">
    </UnitTestResult>
    <UnitTestResult executionId="d14d18ba-a08c-4e60-bb26-78377a78913e" testId="978c0671-8eb9-8633-411e-8b65bb821d6c" testName="moveEnPassantRightRemovesPiece" computerName="ITSSHAW" duration="00:00:00.0073477" startTime="2014-02-04T13:33:24.4622012+02:00" endTime="2014-02-04T13:33:24.4702292+02:00" testType="13cdc9d9-ddb5-4fa4-a97d-d965ccfc6d4b" outcome="Passed" testListId="8c84fa94-04c1-424b-9868-57a2d4851a1d" relativeResultsDirectory="d14d18ba-a08c-4e60-bb26-78377a78913e">
    </UnitTestResult>
    <UnitTestResult executionId="37d3cff6-0a61-4f0b-96e9-7bb90c5d60ba" testId="31b640ce-2e58-2f38-568e-804147d116f8" testName="whitePawnCanMoveTwoSpacesAtStart" computerName="ITSSHAW" duration="00:00:00.0021510" startTime="2014-02-04T13:33:24.4712327+02:00" endTime="2014-02-04T13:33:24.4742432+02:00" testType="13cdc9d9-ddb5-4fa4-a97d-d965ccfc6d4b" outcome="Passed" testListId="8c84fa94-04c1-424b-9868-57a2d4851a1d" relativeResultsDirectory="37d3cff6-0a61-4f0b-96e9-7bb90c5d60ba">
    </UnitTestResult>
    <UnitTestResult executionId="aa1fdeea-235d-4e96-80b8-e3eca6cb4891" testId="5e0522cb-aa6a-a547-6b61-65ded7b9398a" testName="whitePawnCannotMoveBackwards" computerName="ITSSHAW" duration="00:00:00.0025081" startTime="2014-02-04T13:33:24.4752467+02:00" endTime="2014-02-04T13:33:24.4782572+02:00" testType="13cdc9d9-ddb5-4fa4-a97d-d965ccfc6d4b" outcome="Passed" testListId="8c84fa94-04c1-424b-9868-57a2d4851a1d" relativeResultsDirectory="aa1fdeea-235d-4e96-80b8-e3eca6cb4891">
    </UnitTestResult>
    <UnitTestResult executionId="6133031f-dadd-4af7-8287-6ece594703cc" testId="35ff0ac0-4840-970b-a280-9a148d7f7af4" testName="whitePawnCannotMoveTwoSpacesAfterStart" computerName="ITSSHAW" duration="00:00:00.0034954" startTime="2014-02-04T13:33:24.4792607+02:00" endTime="2014-02-04T13:33:24.4832747+02:00" testType="13cdc9d9-ddb5-4fa4-a97d-d965ccfc6d4b" outcome="Passed" testListId="8c84fa94-04c1-424b-9868-57a2d4851a1d" relativeResultsDirectory="6133031f-dadd-4af7-8287-6ece594703cc">
    </UnitTestResult>
    <UnitTestResult executionId="8494cf89-9cbe-4edf-b6b6-c4c623a564a8" testId="76d2cb65-6735-d8b0-b056-6bd2e46786ef" testName="whitePawnCannotTakeEmptyPieceLeft" computerName="ITSSHAW" duration="00:00:00.0025660" startTime="2014-02-04T13:33:24.4842782+02:00" endTime="2014-02-04T13:33:24.4882922+02:00" testType="13cdc9d9-ddb5-4fa4-a97d-d965ccfc6d4b" outcome="Passed" testListId="8c84fa94-04c1-424b-9868-57a2d4851a1d" relativeResultsDirectory="8494cf89-9cbe-4edf-b6b6-c4c623a564a8">
    </UnitTestResult>
    <UnitTestResult executionId="33e38f93-2090-4e06-9728-88dc87a47de6" testId="85ab3335-8bf0-ecfa-98f7-0db700370fe2" testName="whitePawnCannotTakeEmptyPieceRight" computerName="ITSSHAW" duration="00:00:00.0025026" startTime="2014-02-04T13:33:24.4882922+02:00" endTime="2014-02-04T13:33:24.4923062+02:00" testType="13cdc9d9-ddb5-4fa4-a97d-d965ccfc6d4b" outcome="Passed" testListId="8c84fa94-04c1-424b-9868-57a2d4851a1d" relativeResultsDirectory="33e38f93-2090-4e06-9728-88dc87a47de6">
    </UnitTestResult>
    <UnitTestResult executionId="fb8811e5-ba60-4717-bbfd-5475b8ed3b33" testId="f1502619-456c-8ace-3118-e479f255cb31" testName="whitePawnCannotTakeTwoRowsForwardAtStart" computerName="ITSSHAW" duration="00:00:00.0108474" startTime="2014-02-04T13:33:24.4933097+02:00" endTime="2014-02-04T13:33:24.5043482+02:00" testType="13cdc9d9-ddb5-4fa4-a97d-d965ccfc6d4b" outcome="Passed" testListId="8c84fa94-04c1-424b-9868-57a2d4851a1d" relativeResultsDirectory="fb8811e5-ba60-4717-bbfd-5475b8ed3b33">
    </UnitTestResult>
    <UnitTestResult executionId="7c1d853d-fae3-4b16-bea9-5e9a0e659c38" testId="f9b6fa3b-c686-0e22-5a5c-d78c0f5f065a" testName="whitePawnCanTakePieceLeft" computerName="ITSSHAW" duration="00:00:00.0050358" startTime="2014-02-04T13:33:24.5053517+02:00" endTime="2014-02-04T13:33:24.5113727+02:00" testType="13cdc9d9-ddb5-4fa4-a97d-d965ccfc6d4b" outcome="Passed" testListId="8c84fa94-04c1-424b-9868-57a2d4851a1d" relativeResultsDirectory="7c1d853d-fae3-4b16-bea9-5e9a0e659c38">
    </UnitTestResult>
    <UnitTestResult executionId="2cc0c003-cf9a-4cd9-9171-4c80a71c0311" testId="efc90440-a3c1-87f7-fff9-787ea282e06e" testName="whitePawnCanTakePieceRight" computerName="ITSSHAW" duration="00:00:00.0050684" startTime="2014-02-04T13:33:24.5133797+02:00" endTime="2014-02-04T13:33:24.5194007+02:00" testType="13cdc9d9-ddb5-4fa4-a97d-d965ccfc6d4b" outcome="Passed" testListId="8c84fa94-04c1-424b-9868-57a2d4851a1d" relativeResultsDirectory="2cc0c003-cf9a-4cd9-9171-4c80a71c0311">
    </UnitTestResult>
    <UnitTestResult executionId="124b0ee2-1713-4b9f-9439-6d9f3959b912" testId="2d6867c6-934d-12ca-881f-8ca2af17d2e4" testName="canMoveQueenDiagDownLeft" computerName="ITSSHAW" duration="00:00:00.0187879" startTime="2014-02-04T13:33:24.5204042+02:00" endTime="2014-02-04T13:33:24.5394707+02:00" testType="13cdc9d9-ddb5-4fa4-a97d-d965ccfc6d4b" outcome="Passed" testListId="8c84fa94-04c1-424b-9868-57a2d4851a1d" relativeResultsDirectory="124b0ee2-1713-4b9f-9439-6d9f3959b912">
    </UnitTestResult>
    <UnitTestResult executionId="d5ea25ef-854e-4332-8ce4-611799905703" testId="e7f23f39-7057-048c-f8c3-7322c51edfe0" testName="canMoveQueenDiagDownRight" computerName="ITSSHAW" duration="00:00:00.0189742" startTime="2014-02-04T13:33:24.5404742+02:00" endTime="2014-02-04T13:33:24.5605442+02:00" testType="13cdc9d9-ddb5-4fa4-a97d-d965ccfc6d4b" outcome="Passed" testListId="8c84fa94-04c1-424b-9868-57a2d4851a1d" relativeResultsDirectory="d5ea25ef-854e-4332-8ce4-611799905703">
    </UnitTestResult>
    <UnitTestResult executionId="31992cd7-8143-49a9-981c-b8f7d3678c1b" testId="2a82fa15-d608-6e25-a9ff-4f118775d58a" testName="canMoveQueenDiagUpLeft" computerName="ITSSHAW" duration="00:00:00.0205737" startTime="2014-02-04T13:33:24.5625512+02:00" endTime="2014-02-04T13:33:24.5836247+02:00" testType="13cdc9d9-ddb5-4fa4-a97d-d965ccfc6d4b" outcome="Passed" testListId="8c84fa94-04c1-424b-9868-57a2d4851a1d" relativeResultsDirectory="31992cd7-8143-49a9-981c-b8f7d3678c1b">
    </UnitTestResult>
    <UnitTestResult executionId="cc21e6ba-7704-4cfd-a05e-36a7fab8d316" testId="e3792867-8253-4fa3-d7e9-04dbc55b7bd0" testName="canMoveQueenDiagUpRight" computerName="ITSSHAW" duration="00:00:00.0250683" startTime="2014-02-04T13:33:24.5846282+02:00" endTime="2014-02-04T13:33:24.6107192+02:00" testType="13cdc9d9-ddb5-4fa4-a97d-d965ccfc6d4b" outcome="Passed" testListId="8c84fa94-04c1-424b-9868-57a2d4851a1d" relativeResultsDirectory="cc21e6ba-7704-4cfd-a05e-36a7fab8d316">
    </UnitTestResult>
    <UnitTestResult executionId="17383478-e0ae-4109-90be-9d3aa7452c01" testId="62090d81-bf34-b23d-be59-e474692bb2bb" testName="canMoveQueenHorizontallyLeft" computerName="ITSSHAW" duration="00:00:00.0186572" startTime="2014-02-04T13:33:24.6117227+02:00" endTime="2014-02-04T13:33:24.6317927+02:00" testType="13cdc9d9-ddb5-4fa4-a97d-d965ccfc6d4b" outcome="Passed" testListId="8c84fa94-04c1-424b-9868-57a2d4851a1d" relativeResultsDirectory="17383478-e0ae-4109-90be-9d3aa7452c01">
    </UnitTestResult>
    <UnitTestResult executionId="e6402b56-7ba4-4d0b-9aad-e43f36e37421" testId="4a2195e8-be6f-2084-7664-243a4cb97e3b" testName="canMoveQueenHorizontallyRight" computerName="ITSSHAW" duration="00:00:00.0252349" startTime="2014-02-04T13:33:24.6327962+02:00" endTime="2014-02-04T13:33:24.6588872+02:00" testType="13cdc9d9-ddb5-4fa4-a97d-d965ccfc6d4b" outcome="Passed" testListId="8c84fa94-04c1-424b-9868-57a2d4851a1d" relativeResultsDirectory="e6402b56-7ba4-4d0b-9aad-e43f36e37421">
    </UnitTestResult>
    <UnitTestResult executionId="005d7664-f48a-4795-ae65-132323f6ef14" testId="01079ac0-f339-2360-8171-8d0e80010056" testName="canMoveQueenVerticallyDown" computerName="ITSSHAW" duration="00:00:00.0192772" startTime="2014-02-04T13:33:24.6598907+02:00" endTime="2014-02-04T13:33:24.6799607+02:00" testType="13cdc9d9-ddb5-4fa4-a97d-d965ccfc6d4b" outcome="Passed" testListId="8c84fa94-04c1-424b-9868-57a2d4851a1d" relativeResultsDirectory="005d7664-f48a-4795-ae65-132323f6ef14">
    </UnitTestResult>
    <UnitTestResult executionId="b5b01a32-bcd7-49aa-a4cd-d48817eb262f" testId="61071a05-3bb9-84f7-1063-093a7badabca" testName="canMoveQueenVerticallyUp" computerName="ITSSHAW" duration="00:00:00.0245316" startTime="2014-02-04T13:33:24.6809642+02:00" endTime="2014-02-04T13:33:24.7060517+02:00" testType="13cdc9d9-ddb5-4fa4-a97d-d965ccfc6d4b" outcome="Passed" testListId="8c84fa94-04c1-424b-9868-57a2d4851a1d" relativeResultsDirectory="b5b01a32-bcd7-49aa-a4cd-d48817eb262f">
    </UnitTestResult>
    <UnitTestResult executionId="8b7191fd-98ac-4b7f-b8a1-2ba0a00ddcc5" testId="c402f9ec-8f13-951f-df43-c12680e572ae" testName="invalidMoveGivesCorrectPieceName" computerName="ITSSHAW" duration="00:00:00.0072915" startTime="2014-02-04T13:33:24.7070552+02:00" endTime="2014-02-04T13:33:24.7150832+02:00" testType="13cdc9d9-ddb5-4fa4-a97d-d965ccfc6d4b" outcome="Passed" testListId="8c84fa94-04c1-424b-9868-57a2d4851a1d" relativeResultsDirectory="8b7191fd-98ac-4b7f-b8a1-2ba0a00ddcc5">
    </UnitTestResult>
    <UnitTestResult executionId="5e0f3330-092a-40a8-9777-1c697bb34631" testId="623f0bb4-6cd6-0db1-bf8f-7a93fb8b942e" testName="canMoveBlackRookHorizonallyLeft" computerName="ITSSHAW" duration="00:00:00.0131294" startTime="2014-02-04T13:33:24.7160867+02:00" endTime="2014-02-04T13:33:24.7301357+02:00" testType="13cdc9d9-ddb5-4fa4-a97d-d965ccfc6d4b" outcome="Passed" testListId="8c84fa94-04c1-424b-9868-57a2d4851a1d" relativeResultsDirectory="5e0f3330-092a-40a8-9777-1c697bb34631">
    </UnitTestResult>
    <UnitTestResult executionId="7af4ba8a-0280-42b7-807a-126414df9974" testId="30e04109-c65f-2193-e674-b29f22492ca5" testName="canMoveBlackRookHorizontallyRight" computerName="ITSSHAW" duration="00:00:00.0106792" startTime="2014-02-04T13:33:24.7311392+02:00" endTime="2014-02-04T13:33:24.7421777+02:00" testType="13cdc9d9-ddb5-4fa4-a97d-d965ccfc6d4b" outcome="Passed" testListId="8c84fa94-04c1-424b-9868-57a2d4851a1d" relativeResultsDirectory="7af4ba8a-0280-42b7-807a-126414df9974">
    </UnitTestResult>
    <UnitTestResult executionId="cd07990a-3427-4fd0-9823-6b114211631f" testId="80cf12b5-407d-385e-fa57-ce82569f7e4e" testName="canMoveBlackRookVerticallyDown" computerName="ITSSHAW" duration="00:00:00.0132281" startTime="2014-02-04T13:33:24.7431812+02:00" endTime="2014-02-04T13:33:24.7582337+02:00" testType="13cdc9d9-ddb5-4fa4-a97d-d965ccfc6d4b" outcome="Passed" testListId="8c84fa94-04c1-424b-9868-57a2d4851a1d" relativeResultsDirectory="cd07990a-3427-4fd0-9823-6b114211631f">
    </UnitTestResult>
    <UnitTestResult executionId="347bedfd-1752-4c6e-a590-ebd745ea44f5" testId="4e5788c1-ada8-e773-ce47-116c6628d2aa" testName="canMoveBlackRookVerticallyUp" computerName="ITSSHAW" duration="00:00:00.0103979" startTime="2014-02-04T13:33:24.7592372+02:00" endTime="2014-02-04T13:33:24.7702757+02:00" testType="13cdc9d9-ddb5-4fa4-a97d-d965ccfc6d4b" outcome="Passed" testListId="8c84fa94-04c1-424b-9868-57a2d4851a1d" relativeResultsDirectory="347bedfd-1752-4c6e-a590-ebd745ea44f5">
    </UnitTestResult>
    <UnitTestResult executionId="85955187-447e-4c89-b19c-ef0a0fb0df03" testId="59555551-2870-ef13-6be7-cabc129b6b60" testName="canMoveWhiteRookHorizontallyLeft" computerName="ITSSHAW" duration="00:00:00.0099937" startTime="2014-02-04T13:33:24.7712792+02:00" endTime="2014-02-04T13:33:24.7813142+02:00" testType="13cdc9d9-ddb5-4fa4-a97d-d965ccfc6d4b" outcome="Passed" testListId="8c84fa94-04c1-424b-9868-57a2d4851a1d" relativeResultsDirectory="85955187-447e-4c89-b19c-ef0a0fb0df03">
    </UnitTestResult>
    <UnitTestResult executionId="94d5d935-b798-4627-9bfc-86f7d28e4f9b" testId="cd30a197-746f-89fa-f26c-aad357b6347f" testName="canMoveWhiteRookHorizontallyRight" computerName="ITSSHAW" duration="00:00:00.0134080" startTime="2014-02-04T13:33:24.7833212+02:00" endTime="2014-02-04T13:33:24.7973702+02:00" testType="13cdc9d9-ddb5-4fa4-a97d-d965ccfc6d4b" outcome="Passed" testListId="8c84fa94-04c1-424b-9868-57a2d4851a1d" relativeResultsDirectory="94d5d935-b798-4627-9bfc-86f7d28e4f9b">
    </UnitTestResult>
    <UnitTestResult executionId="b323501e-1e47-4e62-82f7-77838cfac7f7" testId="7ff00668-a1d1-598b-ea2d-b4d066dc2a94" testName="canMoveWhiteRookVerticallyDown" computerName="ITSSHAW" duration="00:00:00.0103448" startTime="2014-02-04T13:33:24.7993772+02:00" endTime="2014-02-04T13:33:24.8104157+02:00" testType="13cdc9d9-ddb5-4fa4-a97d-d965ccfc6d4b" outcome="Passed" testListId="8c84fa94-04c1-424b-9868-57a2d4851a1d" relativeResultsDirectory="b323501e-1e47-4e62-82f7-77838cfac7f7">
    </UnitTestResult>
    <UnitTestResult executionId="49cd1fac-4c48-4cfd-95ed-622e73b4dc04" testId="6d564f94-5eaa-e990-ac62-ae2a50bad2a5" testName="canMoveWhiteRookVerticallyUp" computerName="ITSSHAW" duration="00:00:00.0133546" startTime="2014-02-04T13:33:24.8114192+02:00" endTime="2014-02-04T13:33:24.8254682+02:00" testType="13cdc9d9-ddb5-4fa4-a97d-d965ccfc6d4b" outcome="Passed" testListId="8c84fa94-04c1-424b-9868-57a2d4851a1d" relativeResultsDirectory="49cd1fac-4c48-4cfd-95ed-622e73b4dc04">
    </UnitTestResult>
    <UnitTestResult executionId="6dcbd26d-070a-4d1c-aa76-4a5a572f9ee5" testId="a5b7c6bb-ac35-2bcc-b00a-fa06ab788ad9" testName="cannotCaptureOwnPieceHorizontallyLeft" computerName="ITSSHAW" duration="00:00:00.0038447" startTime="2014-02-04T13:33:24.8264717+02:00" endTime="2014-02-04T13:33:24.8304857+02:00" testType="13cdc9d9-ddb5-4fa4-a97d-d965ccfc6d4b" outcome="Passed" testListId="8c84fa94-04c1-424b-9868-57a2d4851a1d" relativeResultsDirectory="6dcbd26d-070a-4d1c-aa76-4a5a572f9ee5">
    </UnitTestResult>
    <UnitTestResult executionId="7377e9ba-2c85-4556-baf2-51a43ec3691e" testId="e12fb60a-f115-e1f0-522a-512140600c5d" testName="cannotCaptureOwnPieceHorizontallyRight" computerName="ITSSHAW" duration="00:00:00.0035196" startTime="2014-02-04T13:33:24.8324927+02:00" endTime="2014-02-04T13:33:24.8365067+02:00" testType="13cdc9d9-ddb5-4fa4-a97d-d965ccfc6d4b" outcome="Passed" testListId="8c84fa94-04c1-424b-9868-57a2d4851a1d" relativeResultsDirectory="7377e9ba-2c85-4556-baf2-51a43ec3691e">
    </UnitTestResult>
    <UnitTestResult executionId="c212245b-0c2a-409d-9ad8-99da3a1206c3" testId="9f249bfa-9307-bb63-1468-401f06cff04f" testName="cannotCaptureOwnPieceVerticallyDown" computerName="ITSSHAW" duration="00:00:00.0036765" startTime="2014-02-04T13:33:24.8375102+02:00" endTime="2014-02-04T13:33:24.8425277+02:00" testType="13cdc9d9-ddb5-4fa4-a97d-d965ccfc6d4b" outcome="Passed" testListId="8c84fa94-04c1-424b-9868-57a2d4851a1d" relativeResultsDirectory="c212245b-0c2a-409d-9ad8-99da3a1206c3">
    </UnitTestResult>
    <UnitTestResult executionId="4060a05f-5ede-43b9-84e4-b7d5c0042083" testId="40c80f36-2521-e262-e128-84747b64c92c" testName="cannotCaptureOwnPieceVerticallyUp" computerName="ITSSHAW" duration="00:00:00.0033868" startTime="2014-02-04T13:33:24.8425277+02:00" endTime="2014-02-04T13:33:24.8465417+02:00" testType="13cdc9d9-ddb5-4fa4-a97d-d965ccfc6d4b" outcome="Passed" testListId="8c84fa94-04c1-424b-9868-57a2d4851a1d" relativeResultsDirectory="4060a05f-5ede-43b9-84e4-b7d5c0042083">
    </UnitTestResult>
    <UnitTestResult executionId="000fc80d-8b63-4969-8738-9c8dfd3bf083" testId="e3b4f7d1-fd34-7000-16fb-2198b034047c" testName="cannotMoveRookPastCaptureHorizontallyLeft" computerName="ITSSHAW" duration="00:00:00.0035742" startTime="2014-02-04T13:33:24.8485487+02:00" endTime="2014-02-04T13:33:24.8535662+02:00" testType="13cdc9d9-ddb5-4fa4-a97d-d965ccfc6d4b" outcome="Passed" testListId="8c84fa94-04c1-424b-9868-57a2d4851a1d" relativeResultsDirectory="000fc80d-8b63-4969-8738-9c8dfd3bf083">
    </UnitTestResult>
    <UnitTestResult executionId="b287b4d6-e3cc-4f41-a2dd-41de35c3fbf8" testId="55a6d228-78a5-d622-034e-b73abe2c7a6d" testName="cannotMoveRookPastCaptureHorizontallyRight" computerName="ITSSHAW" duration="00:00:00.0034299" startTime="2014-02-04T13:33:24.8545697+02:00" endTime="2014-02-04T13:33:24.8585837+02:00" testType="13cdc9d9-ddb5-4fa4-a97d-d965ccfc6d4b" outcome="Passed" testListId="8c84fa94-04c1-424b-9868-57a2d4851a1d" relativeResultsDirectory="b287b4d6-e3cc-4f41-a2dd-41de35c3fbf8">
    </UnitTestResult>
    <UnitTestResult executionId="8dd7c113-b984-40c6-ab17-de713ac18bd3" testId="47054227-bef7-8a81-5406-698a72b51579" testName="cannotMoveRookPastCaptureVerticallyDown" computerName="ITSSHAW" duration="00:00:00.0035428" startTime="2014-02-04T13:33:24.8585837+02:00" endTime="2014-02-04T13:33:24.8636012+02:00" testType="13cdc9d9-ddb5-4fa4-a97d-d965ccfc6d4b" outcome="Passed" testListId="8c84fa94-04c1-424b-9868-57a2d4851a1d" relativeResultsDirectory="8dd7c113-b984-40c6-ab17-de713ac18bd3">
    </UnitTestResult>
    <UnitTestResult executionId="1da2c01a-de21-4e31-abf3-247a3623e912" testId="a0f3f893-c4ef-ab53-8734-d2a1d7c9bd6f" testName="cannotMoveRookPastCaptureVerticallyUp" computerName="ITSSHAW" duration="00:00:00.0035229" startTime="2014-02-04T13:33:24.8646047+02:00" endTime="2014-02-04T13:33:24.8696222+02:00" testType="13cdc9d9-ddb5-4fa4-a97d-d965ccfc6d4b" outcome="Passed" testListId="8c84fa94-04c1-424b-9868-57a2d4851a1d" relativeResultsDirectory="1da2c01a-de21-4e31-abf3-247a3623e912">
    </UnitTestResult>
    <UnitTestResult executionId="b0cf9e6c-be06-446c-9b46-64ffdc66c9da" testId="cc5c40cc-583d-811b-ee50-c1611290992c" testName="invalidMoveGivesCorrectPieceName" computerName="ITSSHAW" duration="00:00:00.0035292" startTime="2014-02-04T13:33:24.8696222+02:00" endTime="2014-02-04T13:33:24.8746397+02:00" testType="13cdc9d9-ddb5-4fa4-a97d-d965ccfc6d4b" outcome="Passed" testListId="8c84fa94-04c1-424b-9868-57a2d4851a1d" relativeResultsDirectory="b0cf9e6c-be06-446c-9b46-64ffdc66c9da">
    </UnitTestResult>
  </Results>
</TestRun>