<?xml version="1.0" encoding="UTF-8"?>
<TestRun id="d8b4571f-2f7f-4a98-8dd5-a98134930c7b" name="Shaneh@ITSSHAW 2013-11-28 07:49:10" runUser="NETWORK\Shaneh" xmlns="http://microsoft.com/schemas/VisualStudio/TeamTest/2010">
  <TestSettings name="Default Test Settings" id="00cf67b9-dd2a-41a0-92ef-f63987abf279">
    <Execution>
      <TestTypeSpecific />
      <AgentRule name="Execution Agents">
      </AgentRule>
    </Execution>
    <Deployment runDeploymentRoot="Shaneh_ITSSHAW 2013-11-28 07_49_10" />
  </TestSettings>
  <Times creation="2013-11-28T07:49:10.8912202+02:00" queuing="2013-11-28T07:49:11.6842202+02:00" start="2013-11-28T07:49:11.8012202+02:00" finish="2013-11-28T07:49:12.3402202+02:00" />
  <ResultSummary outcome="Completed">
    <Counters total="128" executed="128" passed="128" error="0" failed="0" timeout="0" aborted="0" inconclusive="0" passedButRunAborted="0" notRunnable="0" notExecuted="0" disconnected="0" warning="0" completed="0" inProgress="0" pending="0" />
  </ResultSummary>
  <TestDefinitions>
    <UnitTest name="invalidMoveGivesCorrectPieceName" storage="..\chesstests\bin\debug\chesstests.dll" id="c9fb8199-30a5-e351-264b-e657ae13b916">
      <Execution timeOut="1800000" id="262f33cb-fe08-4810-abec-3cb84547a09e" />
      <TestMethod codeBase="C:/Users/ShaneH/Documents/Visual Studio 2012/Projects/Chess/ChessTests/bin/Debug/ChessTests.dll" adapterTypeName="Microsoft.VisualStudio.TestTools.TestTypes.Unit.UnitTestAdapter, Microsoft.VisualStudio.QualityTools.Tips.UnitTest.Adapter, Version=11.0.0.0, Culture=neutral, PublicKeyToken=b03f5f7f11d50a3a" className="ChessTests.PawnTests, ChessTests, Version=1.0.0.0, Culture=neutral, PublicKeyToken=null" name="invalidMoveGivesCorrectPieceName" />
    </UnitTest>
    <UnitTest name="areKnightsSetup" storage="..\chesstests\bin\debug\chesstests.dll" id="46a22037-07ac-0ccf-02e3-fd7145e502cd">
      <Execution timeOut="1800000" id="50fb54e3-72b0-4fae-847a-1c101b287ebd" />
      <TestMethod codeBase="C:/Users/ShaneH/Documents/Visual Studio 2012/Projects/Chess/ChessTests/bin/Debug/ChessTests.dll" adapterTypeName="Microsoft.VisualStudio.TestTools.TestTypes.Unit.UnitTestAdapter, Microsoft.VisualStudio.QualityTools.Tips.UnitTest.Adapter, Version=11.0.0.0, Culture=neutral, PublicKeyToken=b03f5f7f11d50a3a" className="ChessTests.ChessTests, ChessTests, Version=1.0.0.0, Culture=neutral, PublicKeyToken=null" name="areKnightsSetup" />
    </UnitTest>
    <UnitTest name="getExceptionWhenSelectCellNegativeCol" storage="..\chesstests\bin\debug\chesstests.dll" id="18c1f855-99f0-d7c9-3814-1b9500d79abb">
      <Execution timeOut="1800000" id="c9bf42f4-34e8-48ec-ac74-41ae1dff2243" />
      <TestMethod codeBase="C:/Users/ShaneH/Documents/Visual Studio 2012/Projects/Chess/ChessTests/bin/Debug/ChessTests.dll" adapterTypeName="Microsoft.VisualStudio.TestTools.TestTypes.Unit.UnitTestAdapter, Microsoft.VisualStudio.QualityTools.Tips.UnitTest.Adapter, Version=11.0.0.0, Culture=neutral, PublicKeyToken=b03f5f7f11d50a3a" className="ChessTests.ChessTests, ChessTests, Version=1.0.0.0, Culture=neutral, PublicKeyToken=null" name="getExceptionWhenSelectCellNegativeCol" />
    </UnitTest>
    <UnitTest name="canMoveQueenDiagDownRight" storage="..\chesstests\bin\debug\chesstests.dll" id="e7f23f39-7057-048c-f8c3-7322c51edfe0">
      <Execution timeOut="1800000" id="daf752a1-f9f3-4720-a68f-ce420d7a4be0" />
      <TestMethod codeBase="C:/Users/ShaneH/Documents/Visual Studio 2012/Projects/Chess/ChessTests/bin/Debug/ChessTests.dll" adapterTypeName="Microsoft.VisualStudio.TestTools.TestTypes.Unit.UnitTestAdapter, Microsoft.VisualStudio.QualityTools.Tips.UnitTest.Adapter, Version=11.0.0.0, Culture=neutral, PublicKeyToken=b03f5f7f11d50a3a" className="ChessTests.QueenTests, ChessTests, Version=1.0.0.0, Culture=neutral, PublicKeyToken=null" name="canMoveQueenDiagDownRight" />
    </UnitTest>
    <UnitTest name="exceptionWhenMoveToNegativeRow" storage="..\chesstests\bin\debug\chesstests.dll" id="b7b09a89-f922-b298-bb69-6134762504c7">
      <Execution timeOut="1800000" id="6563146b-3eef-4007-b655-a23e6e22dc17" />
      <TestMethod codeBase="C:/Users/ShaneH/Documents/Visual Studio 2012/Projects/Chess/ChessTests/bin/Debug/ChessTests.dll" adapterTypeName="Microsoft.VisualStudio.TestTools.TestTypes.Unit.UnitTestAdapter, Microsoft.VisualStudio.QualityTools.Tips.UnitTest.Adapter, Version=11.0.0.0, Culture=neutral, PublicKeyToken=b03f5f7f11d50a3a" className="ChessTests.ChessTests, ChessTests, Version=1.0.0.0, Culture=neutral, PublicKeyToken=null" name="exceptionWhenMoveToNegativeRow" />
    </UnitTest>
    <UnitTest name="cannotMoveEnPassantIfOtherPieceNotAPawn" storage="..\chesstests\bin\debug\chesstests.dll" id="1889f775-0977-2f85-bcf9-6dc4aeb0834c">
      <Execution timeOut="1800000" id="ca7782f4-9539-4ea9-bc23-2e35a08de2ba" />
      <TestMethod codeBase="C:/Users/ShaneH/Documents/Visual Studio 2012/Projects/Chess/ChessTests/bin/Debug/ChessTests.dll" adapterTypeName="Microsoft.VisualStudio.TestTools.TestTypes.Unit.UnitTestAdapter, Microsoft.VisualStudio.QualityTools.Tips.UnitTest.Adapter, Version=11.0.0.0, Culture=neutral, PublicKeyToken=b03f5f7f11d50a3a" className="ChessTests.PawnTests, ChessTests, Version=1.0.0.0, Culture=neutral, PublicKeyToken=null" name="cannotMoveEnPassantIfOtherPieceNotAPawn" />
    </UnitTest>
    <UnitTest name="canMoveQueenDiagUpRight" storage="..\chesstests\bin\debug\chesstests.dll" id="e3792867-8253-4fa3-d7e9-04dbc55b7bd0">
      <Execution timeOut="1800000" id="c3962a1a-5973-4004-b893-c089c705ae82" />
      <TestMethod codeBase="C:/Users/ShaneH/Documents/Visual Studio 2012/Projects/Chess/ChessTests/bin/Debug/ChessTests.dll" adapterTypeName="Microsoft.VisualStudio.TestTools.TestTypes.Unit.UnitTestAdapter, Microsoft.VisualStudio.QualityTools.Tips.UnitTest.Adapter, Version=11.0.0.0, Culture=neutral, PublicKeyToken=b03f5f7f11d50a3a" className="ChessTests.QueenTests, ChessTests, Version=1.0.0.0, Culture=neutral, PublicKeyToken=null" name="canMoveQueenDiagUpRight" />
    </UnitTest>
    <UnitTest name="canMoveQueenDiagUpLeft" storage="..\chesstests\bin\debug\chesstests.dll" id="2a82fa15-d608-6e25-a9ff-4f118775d58a">
      <Execution timeOut="1800000" id="671a3ba7-5ae5-4e9f-bd76-0abdcbae43c0" />
      <TestMethod codeBase="C:/Users/ShaneH/Documents/Visual Studio 2012/Projects/Chess/ChessTests/bin/Debug/ChessTests.dll" adapterTypeName="Microsoft.VisualStudio.TestTools.TestTypes.Unit.UnitTestAdapter, Microsoft.VisualStudio.QualityTools.Tips.UnitTest.Adapter, Version=11.0.0.0, Culture=neutral, PublicKeyToken=b03f5f7f11d50a3a" className="ChessTests.QueenTests, ChessTests, Version=1.0.0.0, Culture=neutral, PublicKeyToken=null" name="canMoveQueenDiagUpLeft" />
    </UnitTest>
    <UnitTest name="cannotCaptureOwnPieceBottomLeft" storage="..\chesstests\bin\debug\chesstests.dll" id="5549ceba-3e9a-6148-26c8-8ad403ffbfa1">
      <Execution timeOut="1800000" id="559294e7-4611-4022-b7d7-714c9bd6b6cb" />
      <TestMethod codeBase="C:/Users/ShaneH/Documents/Visual Studio 2012/Projects/Chess/ChessTests/bin/Debug/ChessTests.dll" adapterTypeName="Microsoft.VisualStudio.TestTools.TestTypes.Unit.UnitTestAdapter, Microsoft.VisualStudio.QualityTools.Tips.UnitTest.Adapter, Version=11.0.0.0, Culture=neutral, PublicKeyToken=b03f5f7f11d50a3a" className="ChessTests.KnightTests, ChessTests, Version=1.0.0.0, Culture=neutral, PublicKeyToken=null" name="cannotCaptureOwnPieceBottomLeft" />
    </UnitTest>
    <UnitTest name="areQueensSetup" storage="..\chesstests\bin\debug\chesstests.dll" id="fd75eb10-5261-cc1e-b982-ae741a061d34">
      <Execution timeOut="1800000" id="7efde8d4-9eb0-4bbc-8994-e523b485527b" />
      <TestMethod codeBase="C:/Users/ShaneH/Documents/Visual Studio 2012/Projects/Chess/ChessTests/bin/Debug/ChessTests.dll" adapterTypeName="Microsoft.VisualStudio.TestTools.TestTypes.Unit.UnitTestAdapter, Microsoft.VisualStudio.QualityTools.Tips.UnitTest.Adapter, Version=11.0.0.0, Culture=neutral, PublicKeyToken=b03f5f7f11d50a3a" className="ChessTests.ChessTests, ChessTests, Version=1.0.0.0, Culture=neutral, PublicKeyToken=null" name="areQueensSetup" />
    </UnitTest>
    <UnitTest name="blackPawnCannotMoveBackwards" storage="..\chesstests\bin\debug\chesstests.dll" id="cb78d65f-db30-1067-6355-33912c9c98b3">
      <Execution timeOut="1800000" id="344445f7-128f-4da0-888a-1cb92f534433" />
      <TestMethod codeBase="C:/Users/ShaneH/Documents/Visual Studio 2012/Projects/Chess/ChessTests/bin/Debug/ChessTests.dll" adapterTypeName="Microsoft.VisualStudio.TestTools.TestTypes.Unit.UnitTestAdapter, Microsoft.VisualStudio.QualityTools.Tips.UnitTest.Adapter, Version=11.0.0.0, Culture=neutral, PublicKeyToken=b03f5f7f11d50a3a" className="ChessTests.PawnTests, ChessTests, Version=1.0.0.0, Culture=neutral, PublicKeyToken=null" name="blackPawnCannotMoveBackwards" />
    </UnitTest>
    <UnitTest name="canMoveWhiteKnightDownRight" storage="..\chesstests\bin\debug\chesstests.dll" id="3d0b3fd5-ed3e-b00a-e692-69db01d97037">
      <Execution timeOut="1800000" id="023f7e04-e503-4bd6-a80c-55be424e1faf" />
      <TestMethod codeBase="C:/Users/ShaneH/Documents/Visual Studio 2012/Projects/Chess/ChessTests/bin/Debug/ChessTests.dll" adapterTypeName="Microsoft.VisualStudio.TestTools.TestTypes.Unit.UnitTestAdapter, Microsoft.VisualStudio.QualityTools.Tips.UnitTest.Adapter, Version=11.0.0.0, Culture=neutral, PublicKeyToken=b03f5f7f11d50a3a" className="ChessTests.KnightTests, ChessTests, Version=1.0.0.0, Culture=neutral, PublicKeyToken=null" name="canMoveWhiteKnightDownRight" />
    </UnitTest>
    <UnitTest name="blackPawnCanTakePieceRight" storage="..\chesstests\bin\debug\chesstests.dll" id="af7199b0-e83f-767d-57c7-bef2cae34aa3">
      <Execution timeOut="1800000" id="a5cfc212-26e4-4c22-8241-54673f534de0" />
      <TestMethod codeBase="C:/Users/ShaneH/Documents/Visual Studio 2012/Projects/Chess/ChessTests/bin/Debug/ChessTests.dll" adapterTypeName="Microsoft.VisualStudio.TestTools.TestTypes.Unit.UnitTestAdapter, Microsoft.VisualStudio.QualityTools.Tips.UnitTest.Adapter, Version=11.0.0.0, Culture=neutral, PublicKeyToken=b03f5f7f11d50a3a" className="ChessTests.PawnTests, ChessTests, Version=1.0.0.0, Culture=neutral, PublicKeyToken=null" name="blackPawnCanTakePieceRight" />
    </UnitTest>
    <UnitTest name="canMoveQueenVerticallyDown" storage="..\chesstests\bin\debug\chesstests.dll" id="01079ac0-f339-2360-8171-8d0e80010056">
      <Execution timeOut="1800000" id="2a8e4da6-bd7e-407a-9b26-e7ed73e57fd4" />
      <TestMethod codeBase="C:/Users/ShaneH/Documents/Visual Studio 2012/Projects/Chess/ChessTests/bin/Debug/ChessTests.dll" adapterTypeName="Microsoft.VisualStudio.TestTools.TestTypes.Unit.UnitTestAdapter, Microsoft.VisualStudio.QualityTools.Tips.UnitTest.Adapter, Version=11.0.0.0, Culture=neutral, PublicKeyToken=b03f5f7f11d50a3a" className="ChessTests.QueenTests, ChessTests, Version=1.0.0.0, Culture=neutral, PublicKeyToken=null" name="canMoveQueenVerticallyDown" />
    </UnitTest>
    <UnitTest name="cannotMoveWhiteKnightAnywayElse" storage="..\chesstests\bin\debug\chesstests.dll" id="98edb5da-2506-8b04-eeed-1852ef2aaf00">
      <Execution timeOut="1800000" id="603a0301-dcd0-457f-84f2-51f3f8a3b088" />
      <TestMethod codeBase="C:/Users/ShaneH/Documents/Visual Studio 2012/Projects/Chess/ChessTests/bin/Debug/ChessTests.dll" adapterTypeName="Microsoft.VisualStudio.TestTools.TestTypes.Unit.UnitTestAdapter, Microsoft.VisualStudio.QualityTools.Tips.UnitTest.Adapter, Version=11.0.0.0, Culture=neutral, PublicKeyToken=b03f5f7f11d50a3a" className="ChessTests.KnightTests, ChessTests, Version=1.0.0.0, Culture=neutral, PublicKeyToken=null" name="cannotMoveWhiteKnightAnywayElse" />
    </UnitTest>
    <UnitTest name="exceptionWhenMoveTooLargeCol" storage="..\chesstests\bin\debug\chesstests.dll" id="05d65582-adf5-1549-bdb6-f0e47270afd3">
      <Execution timeOut="1800000" id="f220575f-c94f-4462-bf1a-9834add3aa38" />
      <TestMethod codeBase="C:/Users/ShaneH/Documents/Visual Studio 2012/Projects/Chess/ChessTests/bin/Debug/ChessTests.dll" adapterTypeName="Microsoft.VisualStudio.TestTools.TestTypes.Unit.UnitTestAdapter, Microsoft.VisualStudio.QualityTools.Tips.UnitTest.Adapter, Version=11.0.0.0, Culture=neutral, PublicKeyToken=b03f5f7f11d50a3a" className="ChessTests.ChessTests, ChessTests, Version=1.0.0.0, Culture=neutral, PublicKeyToken=null" name="exceptionWhenMoveTooLargeCol" />
    </UnitTest>
    <UnitTest name="canMoveWhiteBishopDiagonallyDownLeftNoObstructions" storage="..\chesstests\bin\debug\chesstests.dll" id="cbde31ee-3d88-9411-c095-9535119853f5">
      <Execution timeOut="1800000" id="58dec2f0-1ab1-492d-a51c-4e5cc600d0a8" />
      <TestMethod codeBase="C:/Users/ShaneH/Documents/Visual Studio 2012/Projects/Chess/ChessTests/bin/Debug/ChessTests.dll" adapterTypeName="Microsoft.VisualStudio.TestTools.TestTypes.Unit.UnitTestAdapter, Microsoft.VisualStudio.QualityTools.Tips.UnitTest.Adapter, Version=11.0.0.0, Culture=neutral, PublicKeyToken=b03f5f7f11d50a3a" className="ChessTests.BishopTests, ChessTests, Version=1.0.0.0, Culture=neutral, PublicKeyToken=null" name="canMoveWhiteBishopDiagonallyDownLeftNoObstructions" />
    </UnitTest>
    <UnitTest name="canWhitePawnMoveOneSpaceForward" storage="..\chesstests\bin\debug\chesstests.dll" id="276aeaf4-94bd-7cc4-0bfa-fd1b795b8f09">
      <Execution timeOut="1800000" id="de0c5186-f038-4d1e-99e0-1b0f7c90cbd8" />
      <TestMethod codeBase="C:/Users/ShaneH/Documents/Visual Studio 2012/Projects/Chess/ChessTests/bin/Debug/ChessTests.dll" adapterTypeName="Microsoft.VisualStudio.TestTools.TestTypes.Unit.UnitTestAdapter, Microsoft.VisualStudio.QualityTools.Tips.UnitTest.Adapter, Version=11.0.0.0, Culture=neutral, PublicKeyToken=b03f5f7f11d50a3a" className="ChessTests.PawnTests, ChessTests, Version=1.0.0.0, Culture=neutral, PublicKeyToken=null" name="canWhitePawnMoveOneSpaceForward" />
    </UnitTest>
    <UnitTest name="whitePawnCanTakePieceLeft" storage="..\chesstests\bin\debug\chesstests.dll" id="f9b6fa3b-c686-0e22-5a5c-d78c0f5f065a">
      <Execution timeOut="1800000" id="9407ab29-64b0-4ad8-a472-de5f6e44e415" />
      <TestMethod codeBase="C:/Users/ShaneH/Documents/Visual Studio 2012/Projects/Chess/ChessTests/bin/Debug/ChessTests.dll" adapterTypeName="Microsoft.VisualStudio.TestTools.TestTypes.Unit.UnitTestAdapter, Microsoft.VisualStudio.QualityTools.Tips.UnitTest.Adapter, Version=11.0.0.0, Culture=neutral, PublicKeyToken=b03f5f7f11d50a3a" className="ChessTests.PawnTests, ChessTests, Version=1.0.0.0, Culture=neutral, PublicKeyToken=null" name="whitePawnCanTakePieceLeft" />
    </UnitTest>
    <UnitTest name="blackPawnCannotMoveTwoSpacesAfterStart" storage="..\chesstests\bin\debug\chesstests.dll" id="8e7b2879-f716-116d-99dc-23f8e18ae182">
      <Execution timeOut="1800000" id="d9e349d7-7a64-42f0-b418-7e4a6772e30c" />
      <TestMethod codeBase="C:/Users/ShaneH/Documents/Visual Studio 2012/Projects/Chess/ChessTests/bin/Debug/ChessTests.dll" adapterTypeName="Microsoft.VisualStudio.TestTools.TestTypes.Unit.UnitTestAdapter, Microsoft.VisualStudio.QualityTools.Tips.UnitTest.Adapter, Version=11.0.0.0, Culture=neutral, PublicKeyToken=b03f5f7f11d50a3a" className="ChessTests.PawnTests, ChessTests, Version=1.0.0.0, Culture=neutral, PublicKeyToken=null" name="blackPawnCannotMoveTwoSpacesAfterStart" />
    </UnitTest>
    <UnitTest name="cannotMoveRookePastCaptureVerticallyDown" storage="..\chesstests\bin\debug\chesstests.dll" id="9b99d74a-4f4b-0f7d-6cef-f2c04b2263df">
      <Execution timeOut="1800000" id="01184d0f-cd91-4a72-9adc-fe4841ee709b" />
      <TestMethod codeBase="C:/Users/ShaneH/Documents/Visual Studio 2012/Projects/Chess/ChessTests/bin/Debug/ChessTests.dll" adapterTypeName="Microsoft.VisualStudio.TestTools.TestTypes.Unit.UnitTestAdapter, Microsoft.VisualStudio.QualityTools.Tips.UnitTest.Adapter, Version=11.0.0.0, Culture=neutral, PublicKeyToken=b03f5f7f11d50a3a" className="ChessTests.RookeTests, ChessTests, Version=1.0.0.0, Culture=neutral, PublicKeyToken=null" name="cannotMoveRookePastCaptureVerticallyDown" />
    </UnitTest>
    <UnitTest name="blackPawnCanMoveTwoSpacesAtStart" storage="..\chesstests\bin\debug\chesstests.dll" id="072141a6-213d-f7c1-ad94-78892f83b7a0">
      <Execution timeOut="1800000" id="d672014f-2e65-4119-810d-04e28bb1ca3b" />
      <TestMethod codeBase="C:/Users/ShaneH/Documents/Visual Studio 2012/Projects/Chess/ChessTests/bin/Debug/ChessTests.dll" adapterTypeName="Microsoft.VisualStudio.TestTools.TestTypes.Unit.UnitTestAdapter, Microsoft.VisualStudio.QualityTools.Tips.UnitTest.Adapter, Version=11.0.0.0, Culture=neutral, PublicKeyToken=b03f5f7f11d50a3a" className="ChessTests.PawnTests, ChessTests, Version=1.0.0.0, Culture=neutral, PublicKeyToken=null" name="blackPawnCanMoveTwoSpacesAtStart" />
    </UnitTest>
    <UnitTest name="canMoveWhiteKnightLeftDown" storage="..\chesstests\bin\debug\chesstests.dll" id="cf3b5912-6ae6-e0a1-b350-a9a883f44204">
      <Execution timeOut="1800000" id="051ff920-58a0-4277-a935-11e0e48fea59" />
      <TestMethod codeBase="C:/Users/ShaneH/Documents/Visual Studio 2012/Projects/Chess/ChessTests/bin/Debug/ChessTests.dll" adapterTypeName="Microsoft.VisualStudio.TestTools.TestTypes.Unit.UnitTestAdapter, Microsoft.VisualStudio.QualityTools.Tips.UnitTest.Adapter, Version=11.0.0.0, Culture=neutral, PublicKeyToken=b03f5f7f11d50a3a" className="ChessTests.KnightTests, ChessTests, Version=1.0.0.0, Culture=neutral, PublicKeyToken=null" name="canMoveWhiteKnightLeftDown" />
    </UnitTest>
    <UnitTest name="canMoveBlackKnightRightUp" storage="..\chesstests\bin\debug\chesstests.dll" id="b6442f0f-5bfd-8c1c-ad13-f1d69b3a8a06">
      <Execution timeOut="1800000" id="0a48ede7-e72b-4a23-83dc-5cf43d475c6c" />
      <TestMethod codeBase="C:/Users/ShaneH/Documents/Visual Studio 2012/Projects/Chess/ChessTests/bin/Debug/ChessTests.dll" adapterTypeName="Microsoft.VisualStudio.TestTools.TestTypes.Unit.UnitTestAdapter, Microsoft.VisualStudio.QualityTools.Tips.UnitTest.Adapter, Version=11.0.0.0, Culture=neutral, PublicKeyToken=b03f5f7f11d50a3a" className="ChessTests.KnightTests, ChessTests, Version=1.0.0.0, Culture=neutral, PublicKeyToken=null" name="canMoveBlackKnightRightUp" />
    </UnitTest>
    <UnitTest name="whitePawnCannotTakeEmptyPieceLeft" storage="..\chesstests\bin\debug\chesstests.dll" id="76d2cb65-6735-d8b0-b056-6bd2e46786ef">
      <Execution timeOut="1800000" id="8801378d-8da4-44d1-96ea-4482a6737726" />
      <TestMethod codeBase="C:/Users/ShaneH/Documents/Visual Studio 2012/Projects/Chess/ChessTests/bin/Debug/ChessTests.dll" adapterTypeName="Microsoft.VisualStudio.TestTools.TestTypes.Unit.UnitTestAdapter, Microsoft.VisualStudio.QualityTools.Tips.UnitTest.Adapter, Version=11.0.0.0, Culture=neutral, PublicKeyToken=b03f5f7f11d50a3a" className="ChessTests.PawnTests, ChessTests, Version=1.0.0.0, Culture=neutral, PublicKeyToken=null" name="whitePawnCannotTakeEmptyPieceLeft" />
    </UnitTest>
    <UnitTest name="arePawnsSetup" storage="..\chesstests\bin\debug\chesstests.dll" id="197972f7-6197-faf7-a2b7-9fae8c675127">
      <Execution timeOut="1800000" id="5b1da5be-b05c-427b-9474-c779756d4525" />
      <TestMethod codeBase="C:/Users/ShaneH/Documents/Visual Studio 2012/Projects/Chess/ChessTests/bin/Debug/ChessTests.dll" adapterTypeName="Microsoft.VisualStudio.TestTools.TestTypes.Unit.UnitTestAdapter, Microsoft.VisualStudio.QualityTools.Tips.UnitTest.Adapter, Version=11.0.0.0, Culture=neutral, PublicKeyToken=b03f5f7f11d50a3a" className="ChessTests.ChessTests, ChessTests, Version=1.0.0.0, Culture=neutral, PublicKeyToken=null" name="arePawnsSetup" />
    </UnitTest>
    <UnitTest name="whitePawnCannotTakeEmptyPieceRight" storage="..\chesstests\bin\debug\chesstests.dll" id="85ab3335-8bf0-ecfa-98f7-0db700370fe2">
      <Execution timeOut="1800000" id="5de53e10-f8ae-400e-a7c4-b31d17457e4f" />
      <TestMethod codeBase="C:/Users/ShaneH/Documents/Visual Studio 2012/Projects/Chess/ChessTests/bin/Debug/ChessTests.dll" adapterTypeName="Microsoft.VisualStudio.TestTools.TestTypes.Unit.UnitTestAdapter, Microsoft.VisualStudio.QualityTools.Tips.UnitTest.Adapter, Version=11.0.0.0, Culture=neutral, PublicKeyToken=b03f5f7f11d50a3a" className="ChessTests.PawnTests, ChessTests, Version=1.0.0.0, Culture=neutral, PublicKeyToken=null" name="whitePawnCannotTakeEmptyPieceRight" />
    </UnitTest>
    <UnitTest name="blackCannotTakeEmptyPieceLeft" storage="..\chesstests\bin\debug\chesstests.dll" id="0c39fefa-5032-d364-0d53-99bb085e0982">
      <Execution timeOut="1800000" id="6f53dc22-237c-442d-81f1-06b61a283d4a" />
      <TestMethod codeBase="C:/Users/ShaneH/Documents/Visual Studio 2012/Projects/Chess/ChessTests/bin/Debug/ChessTests.dll" adapterTypeName="Microsoft.VisualStudio.TestTools.TestTypes.Unit.UnitTestAdapter, Microsoft.VisualStudio.QualityTools.Tips.UnitTest.Adapter, Version=11.0.0.0, Culture=neutral, PublicKeyToken=b03f5f7f11d50a3a" className="ChessTests.PawnTests, ChessTests, Version=1.0.0.0, Culture=neutral, PublicKeyToken=null" name="blackCannotTakeEmptyPieceLeft" />
    </UnitTest>
    <UnitTest name="getExceptionWhenSelectCellNegativeRow" storage="..\chesstests\bin\debug\chesstests.dll" id="b899b54b-1fed-9cb3-745e-fba087b88573">
      <Execution timeOut="1800000" id="2c4152ba-53d0-48e4-a891-525c571f20d3" />
      <TestMethod codeBase="C:/Users/ShaneH/Documents/Visual Studio 2012/Projects/Chess/ChessTests/bin/Debug/ChessTests.dll" adapterTypeName="Microsoft.VisualStudio.TestTools.TestTypes.Unit.UnitTestAdapter, Microsoft.VisualStudio.QualityTools.Tips.UnitTest.Adapter, Version=11.0.0.0, Culture=neutral, PublicKeyToken=b03f5f7f11d50a3a" className="ChessTests.ChessTests, ChessTests, Version=1.0.0.0, Culture=neutral, PublicKeyToken=null" name="getExceptionWhenSelectCellNegativeRow" />
    </UnitTest>
    <UnitTest name="canTakePawnEnPassantRight" storage="..\chesstests\bin\debug\chesstests.dll" id="77a8b315-06d4-5fac-05d9-90fcccdac88f">
      <Execution timeOut="1800000" id="01dae60f-c385-465a-ba88-82d941b91158" />
      <TestMethod codeBase="C:/Users/ShaneH/Documents/Visual Studio 2012/Projects/Chess/ChessTests/bin/Debug/ChessTests.dll" adapterTypeName="Microsoft.VisualStudio.TestTools.TestTypes.Unit.UnitTestAdapter, Microsoft.VisualStudio.QualityTools.Tips.UnitTest.Adapter, Version=11.0.0.0, Culture=neutral, PublicKeyToken=b03f5f7f11d50a3a" className="ChessTests.PawnTests, ChessTests, Version=1.0.0.0, Culture=neutral, PublicKeyToken=null" name="canTakePawnEnPassantRight" />
    </UnitTest>
    <UnitTest name="canMoveWhiteRookeHorizontallyLeft" storage="..\chesstests\bin\debug\chesstests.dll" id="b9c436ed-8dd8-bc86-8f71-4fabbe67047a">
      <Execution timeOut="1800000" id="84bd7e48-bb70-4e9a-9d50-e37aa20d7f1c" />
      <TestMethod codeBase="C:/Users/ShaneH/Documents/Visual Studio 2012/Projects/Chess/ChessTests/bin/Debug/ChessTests.dll" adapterTypeName="Microsoft.VisualStudio.TestTools.TestTypes.Unit.UnitTestAdapter, Microsoft.VisualStudio.QualityTools.Tips.UnitTest.Adapter, Version=11.0.0.0, Culture=neutral, PublicKeyToken=b03f5f7f11d50a3a" className="ChessTests.RookeTests, ChessTests, Version=1.0.0.0, Culture=neutral, PublicKeyToken=null" name="canMoveWhiteRookeHorizontallyLeft" />
    </UnitTest>
    <UnitTest name="invalidMoveGivesCorrectPieceName" storage="..\chesstests\bin\debug\chesstests.dll" id="070484d8-b78f-e4c9-05d6-cba7187facb9">
      <Execution timeOut="1800000" id="d5cbf5df-4374-442b-9774-be77fcb4d066" />
      <TestMethod codeBase="C:/Users/ShaneH/Documents/Visual Studio 2012/Projects/Chess/ChessTests/bin/Debug/ChessTests.dll" adapterTypeName="Microsoft.VisualStudio.TestTools.TestTypes.Unit.UnitTestAdapter, Microsoft.VisualStudio.QualityTools.Tips.UnitTest.Adapter, Version=11.0.0.0, Culture=neutral, PublicKeyToken=b03f5f7f11d50a3a" className="ChessTests.KnightTests, ChessTests, Version=1.0.0.0, Culture=neutral, PublicKeyToken=null" name="invalidMoveGivesCorrectPieceName" />
    </UnitTest>
    <UnitTest name="cannotCaptureOwnPieceVerticallyDown" storage="..\chesstests\bin\debug\chesstests.dll" id="bf075d77-5fe1-ee4d-fe49-2ee12940b16b">
      <Execution timeOut="1800000" id="dbdf6a98-304c-4cf6-8ca6-16079042ef64" />
      <TestMethod codeBase="C:/Users/ShaneH/Documents/Visual Studio 2012/Projects/Chess/ChessTests/bin/Debug/ChessTests.dll" adapterTypeName="Microsoft.VisualStudio.TestTools.TestTypes.Unit.UnitTestAdapter, Microsoft.VisualStudio.QualityTools.Tips.UnitTest.Adapter, Version=11.0.0.0, Culture=neutral, PublicKeyToken=b03f5f7f11d50a3a" className="ChessTests.RookeTests, ChessTests, Version=1.0.0.0, Culture=neutral, PublicKeyToken=null" name="cannotCaptureOwnPieceVerticallyDown" />
    </UnitTest>
    <UnitTest name="moveEnPassantLeftNotImmediateThrowError" storage="..\chesstests\bin\debug\chesstests.dll" id="6d29da73-1392-f864-ac11-db455215ce75">
      <Execution timeOut="1800000" id="0a792bfb-740f-4124-b735-55f8ae7c1f50" />
      <TestMethod codeBase="C:/Users/ShaneH/Documents/Visual Studio 2012/Projects/Chess/ChessTests/bin/Debug/ChessTests.dll" adapterTypeName="Microsoft.VisualStudio.TestTools.TestTypes.Unit.UnitTestAdapter, Microsoft.VisualStudio.QualityTools.Tips.UnitTest.Adapter, Version=11.0.0.0, Culture=neutral, PublicKeyToken=b03f5f7f11d50a3a" className="ChessTests.PawnTests, ChessTests, Version=1.0.0.0, Culture=neutral, PublicKeyToken=null" name="moveEnPassantLeftNotImmediateThrowError" />
    </UnitTest>
    <UnitTest name="moveEnPassantLeftRemovesPiece" storage="..\chesstests\bin\debug\chesstests.dll" id="4f8f2480-799b-0be7-4437-c1ecf75fbaa1">
      <Execution timeOut="1800000" id="edf7dae3-bf29-4887-b758-5773c430e7dc" />
      <TestMethod codeBase="C:/Users/ShaneH/Documents/Visual Studio 2012/Projects/Chess/ChessTests/bin/Debug/ChessTests.dll" adapterTypeName="Microsoft.VisualStudio.TestTools.TestTypes.Unit.UnitTestAdapter, Microsoft.VisualStudio.QualityTools.Tips.UnitTest.Adapter, Version=11.0.0.0, Culture=neutral, PublicKeyToken=b03f5f7f11d50a3a" className="ChessTests.PawnTests, ChessTests, Version=1.0.0.0, Culture=neutral, PublicKeyToken=null" name="moveEnPassantLeftRemovesPiece" />
    </UnitTest>
    <UnitTest name="cannotTakeOwnPieceDiagLeft" storage="..\chesstests\bin\debug\chesstests.dll" id="17c89217-fc60-adea-d5e7-d8f5759cacf3">
      <Execution timeOut="1800000" id="636d6c63-f46e-4314-b7ac-8fe6d2dbeb50" />
      <TestMethod codeBase="C:/Users/ShaneH/Documents/Visual Studio 2012/Projects/Chess/ChessTests/bin/Debug/ChessTests.dll" adapterTypeName="Microsoft.VisualStudio.TestTools.TestTypes.Unit.UnitTestAdapter, Microsoft.VisualStudio.QualityTools.Tips.UnitTest.Adapter, Version=11.0.0.0, Culture=neutral, PublicKeyToken=b03f5f7f11d50a3a" className="ChessTests.PawnTests, ChessTests, Version=1.0.0.0, Culture=neutral, PublicKeyToken=null" name="cannotTakeOwnPieceDiagLeft" />
    </UnitTest>
    <UnitTest name="getExceptionWhenSelectCellColTooLarge" storage="..\chesstests\bin\debug\chesstests.dll" id="a5cecf0f-42c5-3103-c37e-7de0c32f1d40">
      <Execution timeOut="1800000" id="9bedde4e-e0e7-40ca-aa51-e7126d0b485d" />
      <TestMethod codeBase="C:/Users/ShaneH/Documents/Visual Studio 2012/Projects/Chess/ChessTests/bin/Debug/ChessTests.dll" adapterTypeName="Microsoft.VisualStudio.TestTools.TestTypes.Unit.UnitTestAdapter, Microsoft.VisualStudio.QualityTools.Tips.UnitTest.Adapter, Version=11.0.0.0, Culture=neutral, PublicKeyToken=b03f5f7f11d50a3a" className="ChessTests.ChessTests, ChessTests, Version=1.0.0.0, Culture=neutral, PublicKeyToken=null" name="getExceptionWhenSelectCellColTooLarge" />
    </UnitTest>
    <UnitTest name="canMoveBlackRookeHorizontallyRight" storage="..\chesstests\bin\debug\chesstests.dll" id="e4fdf7b7-fbc8-2aec-924b-d61622bf4a88">
      <Execution timeOut="1800000" id="559b3bd5-9b54-4112-9d08-4bb616dd46df" />
      <TestMethod codeBase="C:/Users/ShaneH/Documents/Visual Studio 2012/Projects/Chess/ChessTests/bin/Debug/ChessTests.dll" adapterTypeName="Microsoft.VisualStudio.TestTools.TestTypes.Unit.UnitTestAdapter, Microsoft.VisualStudio.QualityTools.Tips.UnitTest.Adapter, Version=11.0.0.0, Culture=neutral, PublicKeyToken=b03f5f7f11d50a3a" className="ChessTests.RookeTests, ChessTests, Version=1.0.0.0, Culture=neutral, PublicKeyToken=null" name="canMoveBlackRookeHorizontallyRight" />
    </UnitTest>
    <UnitTest name="canMoveBlackKnightLeftUp" storage="..\chesstests\bin\debug\chesstests.dll" id="89133348-f31e-9131-8497-14e1440854d8">
      <Execution timeOut="1800000" id="85a1ebac-e664-412c-a191-3ce33bb4d2e3" />
      <TestMethod codeBase="C:/Users/ShaneH/Documents/Visual Studio 2012/Projects/Chess/ChessTests/bin/Debug/ChessTests.dll" adapterTypeName="Microsoft.VisualStudio.TestTools.TestTypes.Unit.UnitTestAdapter, Microsoft.VisualStudio.QualityTools.Tips.UnitTest.Adapter, Version=11.0.0.0, Culture=neutral, PublicKeyToken=b03f5f7f11d50a3a" className="ChessTests.KnightTests, ChessTests, Version=1.0.0.0, Culture=neutral, PublicKeyToken=null" name="canMoveBlackKnightLeftUp" />
    </UnitTest>
    <UnitTest name="canMoveQueenDiagDownLeft" storage="..\chesstests\bin\debug\chesstests.dll" id="2d6867c6-934d-12ca-881f-8ca2af17d2e4">
      <Execution timeOut="1800000" id="e36afc30-01aa-4e4e-b5ee-842e01bc7249" />
      <TestMethod codeBase="C:/Users/ShaneH/Documents/Visual Studio 2012/Projects/Chess/ChessTests/bin/Debug/ChessTests.dll" adapterTypeName="Microsoft.VisualStudio.TestTools.TestTypes.Unit.UnitTestAdapter, Microsoft.VisualStudio.QualityTools.Tips.UnitTest.Adapter, Version=11.0.0.0, Culture=neutral, PublicKeyToken=b03f5f7f11d50a3a" className="ChessTests.QueenTests, ChessTests, Version=1.0.0.0, Culture=neutral, PublicKeyToken=null" name="canMoveQueenDiagDownLeft" />
    </UnitTest>
    <UnitTest name="cannotCaptureOwnPieceVerticallyUp" storage="..\chesstests\bin\debug\chesstests.dll" id="0e7eb3a4-171d-8697-3451-91c26cec15db">
      <Execution timeOut="1800000" id="c61884b6-3dfc-4a5c-b0cb-17cd567cbd48" />
      <TestMethod codeBase="C:/Users/ShaneH/Documents/Visual Studio 2012/Projects/Chess/ChessTests/bin/Debug/ChessTests.dll" adapterTypeName="Microsoft.VisualStudio.TestTools.TestTypes.Unit.UnitTestAdapter, Microsoft.VisualStudio.QualityTools.Tips.UnitTest.Adapter, Version=11.0.0.0, Culture=neutral, PublicKeyToken=b03f5f7f11d50a3a" className="ChessTests.RookeTests, ChessTests, Version=1.0.0.0, Culture=neutral, PublicKeyToken=null" name="cannotCaptureOwnPieceVerticallyUp" />
    </UnitTest>
    <UnitTest name="exceptionWhenMoveTooLargeRow" storage="..\chesstests\bin\debug\chesstests.dll" id="2622fed3-4e63-071a-2d6d-7db13abf1a89">
      <Execution timeOut="1800000" id="87a59a59-09cf-4907-8efa-25caba2f0c48" />
      <TestMethod codeBase="C:/Users/ShaneH/Documents/Visual Studio 2012/Projects/Chess/ChessTests/bin/Debug/ChessTests.dll" adapterTypeName="Microsoft.VisualStudio.TestTools.TestTypes.Unit.UnitTestAdapter, Microsoft.VisualStudio.QualityTools.Tips.UnitTest.Adapter, Version=11.0.0.0, Culture=neutral, PublicKeyToken=b03f5f7f11d50a3a" className="ChessTests.ChessTests, ChessTests, Version=1.0.0.0, Culture=neutral, PublicKeyToken=null" name="exceptionWhenMoveTooLargeRow" />
    </UnitTest>
    <UnitTest name="invalidMoveGivesCorrectPieceName" storage="..\chesstests\bin\debug\chesstests.dll" id="0135c415-d464-98bd-b8b3-bd9c939f3dde">
      <Execution timeOut="1800000" id="6ac9dee4-4fe7-4fb7-a193-e6b8183a493b" />
      <TestMethod codeBase="C:/Users/ShaneH/Documents/Visual Studio 2012/Projects/Chess/ChessTests/bin/Debug/ChessTests.dll" adapterTypeName="Microsoft.VisualStudio.TestTools.TestTypes.Unit.UnitTestAdapter, Microsoft.VisualStudio.QualityTools.Tips.UnitTest.Adapter, Version=11.0.0.0, Culture=neutral, PublicKeyToken=b03f5f7f11d50a3a" className="ChessTests.BishopTests, ChessTests, Version=1.0.0.0, Culture=neutral, PublicKeyToken=null" name="invalidMoveGivesCorrectPieceName" />
    </UnitTest>
    <UnitTest name="cannotTakeOwnPieceDiagRight" storage="..\chesstests\bin\debug\chesstests.dll" id="557ea181-0881-47c7-90a7-baa142d9c0b1">
      <Execution timeOut="1800000" id="f55d3cb5-3266-45b5-a684-ea9aafcef998" />
      <TestMethod codeBase="C:/Users/ShaneH/Documents/Visual Studio 2012/Projects/Chess/ChessTests/bin/Debug/ChessTests.dll" adapterTypeName="Microsoft.VisualStudio.TestTools.TestTypes.Unit.UnitTestAdapter, Microsoft.VisualStudio.QualityTools.Tips.UnitTest.Adapter, Version=11.0.0.0, Culture=neutral, PublicKeyToken=b03f5f7f11d50a3a" className="ChessTests.PawnTests, ChessTests, Version=1.0.0.0, Culture=neutral, PublicKeyToken=null" name="cannotTakeOwnPieceDiagRight" />
    </UnitTest>
    <UnitTest name="canMoveWhiteKnightRightDown" storage="..\chesstests\bin\debug\chesstests.dll" id="b1cacb72-0763-fed2-dae6-92a0ddd885e0">
      <Execution timeOut="1800000" id="72bd71ae-98fa-48bd-a8d7-95c3d3b90efb" />
      <TestMethod codeBase="C:/Users/ShaneH/Documents/Visual Studio 2012/Projects/Chess/ChessTests/bin/Debug/ChessTests.dll" adapterTypeName="Microsoft.VisualStudio.TestTools.TestTypes.Unit.UnitTestAdapter, Microsoft.VisualStudio.QualityTools.Tips.UnitTest.Adapter, Version=11.0.0.0, Culture=neutral, PublicKeyToken=b03f5f7f11d50a3a" className="ChessTests.KnightTests, ChessTests, Version=1.0.0.0, Culture=neutral, PublicKeyToken=null" name="canMoveWhiteKnightRightDown" />
    </UnitTest>
    <UnitTest name="cannotMoveOneForwardWhenPieceInTheWay" storage="..\chesstests\bin\debug\chesstests.dll" id="e4425b0f-0cb4-e465-5faf-5fa77fa81a46">
      <Execution timeOut="1800000" id="00f65750-6490-4286-bbf0-034565551969" />
      <TestMethod codeBase="C:/Users/ShaneH/Documents/Visual Studio 2012/Projects/Chess/ChessTests/bin/Debug/ChessTests.dll" adapterTypeName="Microsoft.VisualStudio.TestTools.TestTypes.Unit.UnitTestAdapter, Microsoft.VisualStudio.QualityTools.Tips.UnitTest.Adapter, Version=11.0.0.0, Culture=neutral, PublicKeyToken=b03f5f7f11d50a3a" className="ChessTests.PawnTests, ChessTests, Version=1.0.0.0, Culture=neutral, PublicKeyToken=null" name="cannotMoveOneForwardWhenPieceInTheWay" />
    </UnitTest>
    <UnitTest name="canMoveBlackKnightRightDown" storage="..\chesstests\bin\debug\chesstests.dll" id="da7f9d67-6583-5b93-3103-caab5031e2e0">
      <Execution timeOut="1800000" id="1dd606d6-9cfa-4e43-97b6-269017167a43" />
      <TestMethod codeBase="C:/Users/ShaneH/Documents/Visual Studio 2012/Projects/Chess/ChessTests/bin/Debug/ChessTests.dll" adapterTypeName="Microsoft.VisualStudio.TestTools.TestTypes.Unit.UnitTestAdapter, Microsoft.VisualStudio.QualityTools.Tips.UnitTest.Adapter, Version=11.0.0.0, Culture=neutral, PublicKeyToken=b03f5f7f11d50a3a" className="ChessTests.KnightTests, ChessTests, Version=1.0.0.0, Culture=neutral, PublicKeyToken=null" name="canMoveBlackKnightRightDown" />
    </UnitTest>
    <UnitTest name="canMoveBlackKnightUpRight" storage="..\chesstests\bin\debug\chesstests.dll" id="aec32abe-a9a4-ee33-7558-1c7c2a3fabec">
      <Execution timeOut="1800000" id="7c7487b7-99b2-48e7-9fd1-3410c75e2229" />
      <TestMethod codeBase="C:/Users/ShaneH/Documents/Visual Studio 2012/Projects/Chess/ChessTests/bin/Debug/ChessTests.dll" adapterTypeName="Microsoft.VisualStudio.TestTools.TestTypes.Unit.UnitTestAdapter, Microsoft.VisualStudio.QualityTools.Tips.UnitTest.Adapter, Version=11.0.0.0, Culture=neutral, PublicKeyToken=b03f5f7f11d50a3a" className="ChessTests.KnightTests, ChessTests, Version=1.0.0.0, Culture=neutral, PublicKeyToken=null" name="canMoveBlackKnightUpRight" />
    </UnitTest>
    <UnitTest name="canMoveWhiteBishopDiagonalUpLeftNoObstructions" storage="..\chesstests\bin\debug\chesstests.dll" id="87b4a0e4-779f-40d0-ae2d-3dbb1b295cb5">
      <Execution timeOut="1800000" id="f9cb55e1-1c77-45b3-8a8c-0975be261e90" />
      <TestMethod codeBase="C:/Users/ShaneH/Documents/Visual Studio 2012/Projects/Chess/ChessTests/bin/Debug/ChessTests.dll" adapterTypeName="Microsoft.VisualStudio.TestTools.TestTypes.Unit.UnitTestAdapter, Microsoft.VisualStudio.QualityTools.Tips.UnitTest.Adapter, Version=11.0.0.0, Culture=neutral, PublicKeyToken=b03f5f7f11d50a3a" className="ChessTests.BishopTests, ChessTests, Version=1.0.0.0, Culture=neutral, PublicKeyToken=null" name="canMoveWhiteBishopDiagonalUpLeftNoObstructions" />
    </UnitTest>
    <UnitTest name="cannotMove2AtStartIfPieceInTheWay" storage="..\chesstests\bin\debug\chesstests.dll" id="2ead5f87-4f49-9731-8b7d-274f7728f6ce">
      <Execution timeOut="1800000" id="aac009a8-1dcc-40e6-8958-8c3db6cb62aa" />
      <TestMethod codeBase="C:/Users/ShaneH/Documents/Visual Studio 2012/Projects/Chess/ChessTests/bin/Debug/ChessTests.dll" adapterTypeName="Microsoft.VisualStudio.TestTools.TestTypes.Unit.UnitTestAdapter, Microsoft.VisualStudio.QualityTools.Tips.UnitTest.Adapter, Version=11.0.0.0, Culture=neutral, PublicKeyToken=b03f5f7f11d50a3a" className="ChessTests.PawnTests, ChessTests, Version=1.0.0.0, Culture=neutral, PublicKeyToken=null" name="cannotMove2AtStartIfPieceInTheWay" />
    </UnitTest>
    <UnitTest name="cannotCaptureOwnPieceLeftTop" storage="..\chesstests\bin\debug\chesstests.dll" id="40d1b41f-84e9-0b2b-3898-954b6294bb34">
      <Execution timeOut="1800000" id="d72499d3-60ad-4ff0-a7be-7611d576a9a2" />
      <TestMethod codeBase="C:/Users/ShaneH/Documents/Visual Studio 2012/Projects/Chess/ChessTests/bin/Debug/ChessTests.dll" adapterTypeName="Microsoft.VisualStudio.TestTools.TestTypes.Unit.UnitTestAdapter, Microsoft.VisualStudio.QualityTools.Tips.UnitTest.Adapter, Version=11.0.0.0, Culture=neutral, PublicKeyToken=b03f5f7f11d50a3a" className="ChessTests.KnightTests, ChessTests, Version=1.0.0.0, Culture=neutral, PublicKeyToken=null" name="cannotCaptureOwnPieceLeftTop" />
    </UnitTest>
    <UnitTest name="canMoveBlackBishopDiagonallyDownLeftNoObstructions" storage="..\chesstests\bin\debug\chesstests.dll" id="b1d1289f-9e7e-87c4-873a-568aec1ab10b">
      <Execution timeOut="1800000" id="c99e56e4-cf43-4f00-b087-d0f3e3bad4b6" />
      <TestMethod codeBase="C:/Users/ShaneH/Documents/Visual Studio 2012/Projects/Chess/ChessTests/bin/Debug/ChessTests.dll" adapterTypeName="Microsoft.VisualStudio.TestTools.TestTypes.Unit.UnitTestAdapter, Microsoft.VisualStudio.QualityTools.Tips.UnitTest.Adapter, Version=11.0.0.0, Culture=neutral, PublicKeyToken=b03f5f7f11d50a3a" className="ChessTests.BishopTests, ChessTests, Version=1.0.0.0, Culture=neutral, PublicKeyToken=null" name="canMoveBlackBishopDiagonallyDownLeftNoObstructions" />
    </UnitTest>
    <UnitTest name="canBlackPawnMoveOneSpaceForward" storage="..\chesstests\bin\debug\chesstests.dll" id="74218563-c78e-d800-7101-79460a2a54a4">
      <Execution timeOut="1800000" id="fd14647c-83a7-4723-acdc-e0d9e7e721e8" />
      <TestMethod codeBase="C:/Users/ShaneH/Documents/Visual Studio 2012/Projects/Chess/ChessTests/bin/Debug/ChessTests.dll" adapterTypeName="Microsoft.VisualStudio.TestTools.TestTypes.Unit.UnitTestAdapter, Microsoft.VisualStudio.QualityTools.Tips.UnitTest.Adapter, Version=11.0.0.0, Culture=neutral, PublicKeyToken=b03f5f7f11d50a3a" className="ChessTests.PawnTests, ChessTests, Version=1.0.0.0, Culture=neutral, PublicKeyToken=null" name="canBlackPawnMoveOneSpaceForward" />
    </UnitTest>
    <UnitTest name="cannotCaptureOwnPieceHorizontallyLeft" storage="..\chesstests\bin\debug\chesstests.dll" id="cb05a3a8-7e11-2daa-70ae-bb6f6a2d1beb">
      <Execution timeOut="1800000" id="7ba43919-5128-485b-88bb-2d8a747d9040" />
      <TestMethod codeBase="C:/Users/ShaneH/Documents/Visual Studio 2012/Projects/Chess/ChessTests/bin/Debug/ChessTests.dll" adapterTypeName="Microsoft.VisualStudio.TestTools.TestTypes.Unit.UnitTestAdapter, Microsoft.VisualStudio.QualityTools.Tips.UnitTest.Adapter, Version=11.0.0.0, Culture=neutral, PublicKeyToken=b03f5f7f11d50a3a" className="ChessTests.RookeTests, ChessTests, Version=1.0.0.0, Culture=neutral, PublicKeyToken=null" name="cannotCaptureOwnPieceHorizontallyLeft" />
    </UnitTest>
    <UnitTest name="canMoveQueenHorizontallyRight" storage="..\chesstests\bin\debug\chesstests.dll" id="4a2195e8-be6f-2084-7664-243a4cb97e3b">
      <Execution timeOut="1800000" id="1fbf0c40-e5e3-49c0-8063-ec54c74ede52" />
      <TestMethod codeBase="C:/Users/ShaneH/Documents/Visual Studio 2012/Projects/Chess/ChessTests/bin/Debug/ChessTests.dll" adapterTypeName="Microsoft.VisualStudio.TestTools.TestTypes.Unit.UnitTestAdapter, Microsoft.VisualStudio.QualityTools.Tips.UnitTest.Adapter, Version=11.0.0.0, Culture=neutral, PublicKeyToken=b03f5f7f11d50a3a" className="ChessTests.QueenTests, ChessTests, Version=1.0.0.0, Culture=neutral, PublicKeyToken=null" name="canMoveQueenHorizontallyRight" />
    </UnitTest>
    <UnitTest name="canMoveWhiteKnightUpLeft" storage="..\chesstests\bin\debug\chesstests.dll" id="01e1d85e-511b-f54c-a1a1-900d1b604f70">
      <Execution timeOut="1800000" id="bb4d98cb-5f5f-4045-9194-6c8ea8303766" />
      <TestMethod codeBase="C:/Users/ShaneH/Documents/Visual Studio 2012/Projects/Chess/ChessTests/bin/Debug/ChessTests.dll" adapterTypeName="Microsoft.VisualStudio.TestTools.TestTypes.Unit.UnitTestAdapter, Microsoft.VisualStudio.QualityTools.Tips.UnitTest.Adapter, Version=11.0.0.0, Culture=neutral, PublicKeyToken=b03f5f7f11d50a3a" className="ChessTests.KnightTests, ChessTests, Version=1.0.0.0, Culture=neutral, PublicKeyToken=null" name="canMoveWhiteKnightUpLeft" />
    </UnitTest>
    <UnitTest name="areBishopsSetup" storage="..\chesstests\bin\debug\chesstests.dll" id="59322b24-fed2-1448-d0b4-50356cfcbb98">
      <Execution timeOut="1800000" id="d0c66aa6-02a4-4788-b4c9-aa9d225f34db" />
      <TestMethod codeBase="C:/Users/ShaneH/Documents/Visual Studio 2012/Projects/Chess/ChessTests/bin/Debug/ChessTests.dll" adapterTypeName="Microsoft.VisualStudio.TestTools.TestTypes.Unit.UnitTestAdapter, Microsoft.VisualStudio.QualityTools.Tips.UnitTest.Adapter, Version=11.0.0.0, Culture=neutral, PublicKeyToken=b03f5f7f11d50a3a" className="ChessTests.ChessTests, ChessTests, Version=1.0.0.0, Culture=neutral, PublicKeyToken=null" name="areBishopsSetup" />
    </UnitTest>
    <UnitTest name="canMoveBlackBishipDiagonalUpRightNoObstructions" storage="..\chesstests\bin\debug\chesstests.dll" id="bab2dab8-39f1-b478-4ef5-4dc0427dc7d9">
      <Execution timeOut="1800000" id="57847385-5f08-494b-9aee-a5a675b3e820" />
      <TestMethod codeBase="C:/Users/ShaneH/Documents/Visual Studio 2012/Projects/Chess/ChessTests/bin/Debug/ChessTests.dll" adapterTypeName="Microsoft.VisualStudio.TestTools.TestTypes.Unit.UnitTestAdapter, Microsoft.VisualStudio.QualityTools.Tips.UnitTest.Adapter, Version=11.0.0.0, Culture=neutral, PublicKeyToken=b03f5f7f11d50a3a" className="ChessTests.BishopTests, ChessTests, Version=1.0.0.0, Culture=neutral, PublicKeyToken=null" name="canMoveBlackBishipDiagonalUpRightNoObstructions" />
    </UnitTest>
    <UnitTest name="canMoveBlackKnightUpLeft" storage="..\chesstests\bin\debug\chesstests.dll" id="dec0744b-b5da-6a4d-ad0a-355a63963703">
      <Execution timeOut="1800000" id="83681561-1b57-4030-9b68-65d4040dd4e7" />
      <TestMethod codeBase="C:/Users/ShaneH/Documents/Visual Studio 2012/Projects/Chess/ChessTests/bin/Debug/ChessTests.dll" adapterTypeName="Microsoft.VisualStudio.TestTools.TestTypes.Unit.UnitTestAdapter, Microsoft.VisualStudio.QualityTools.Tips.UnitTest.Adapter, Version=11.0.0.0, Culture=neutral, PublicKeyToken=b03f5f7f11d50a3a" className="ChessTests.KnightTests, ChessTests, Version=1.0.0.0, Culture=neutral, PublicKeyToken=null" name="canMoveBlackKnightUpLeft" />
    </UnitTest>
    <UnitTest name="canMoveWhiteKnightRightUp" storage="..\chesstests\bin\debug\chesstests.dll" id="b48545f1-36d0-2752-215f-8475388c03a6">
      <Execution timeOut="1800000" id="d63b122c-a6a9-4cad-ac6e-72e662cde92e" />
      <TestMethod codeBase="C:/Users/ShaneH/Documents/Visual Studio 2012/Projects/Chess/ChessTests/bin/Debug/ChessTests.dll" adapterTypeName="Microsoft.VisualStudio.TestTools.TestTypes.Unit.UnitTestAdapter, Microsoft.VisualStudio.QualityTools.Tips.UnitTest.Adapter, Version=11.0.0.0, Culture=neutral, PublicKeyToken=b03f5f7f11d50a3a" className="ChessTests.KnightTests, ChessTests, Version=1.0.0.0, Culture=neutral, PublicKeyToken=null" name="canMoveWhiteKnightRightUp" />
    </UnitTest>
    <UnitTest name="whitePawnCannotTakeTwoRowsForwardAtStart" storage="..\chesstests\bin\debug\chesstests.dll" id="f1502619-456c-8ace-3118-e479f255cb31">
      <Execution timeOut="1800000" id="34227c04-605d-475f-891f-516db03cd84a" />
      <TestMethod codeBase="C:/Users/ShaneH/Documents/Visual Studio 2012/Projects/Chess/ChessTests/bin/Debug/ChessTests.dll" adapterTypeName="Microsoft.VisualStudio.TestTools.TestTypes.Unit.UnitTestAdapter, Microsoft.VisualStudio.QualityTools.Tips.UnitTest.Adapter, Version=11.0.0.0, Culture=neutral, PublicKeyToken=b03f5f7f11d50a3a" className="ChessTests.PawnTests, ChessTests, Version=1.0.0.0, Culture=neutral, PublicKeyToken=null" name="whitePawnCannotTakeTwoRowsForwardAtStart" />
    </UnitTest>
    <UnitTest name="cannotCaptureOwnPieceRightTop" storage="..\chesstests\bin\debug\chesstests.dll" id="84067fc2-a576-9ac6-6f3c-59ca7fae01b3">
      <Execution timeOut="1800000" id="59f7a0cb-cbf5-4722-8048-65a8a44fe40a" />
      <TestMethod codeBase="C:/Users/ShaneH/Documents/Visual Studio 2012/Projects/Chess/ChessTests/bin/Debug/ChessTests.dll" adapterTypeName="Microsoft.VisualStudio.TestTools.TestTypes.Unit.UnitTestAdapter, Microsoft.VisualStudio.QualityTools.Tips.UnitTest.Adapter, Version=11.0.0.0, Culture=neutral, PublicKeyToken=b03f5f7f11d50a3a" className="ChessTests.KnightTests, ChessTests, Version=1.0.0.0, Culture=neutral, PublicKeyToken=null" name="cannotCaptureOwnPieceRightTop" />
    </UnitTest>
    <UnitTest name="areKingsSetup" storage="..\chesstests\bin\debug\chesstests.dll" id="f4c8b637-ea9c-8efa-a91b-fbb27555fab4">
      <Execution timeOut="1800000" id="0cafe950-aa1e-43cd-a6f9-726334ff04d3" />
      <TestMethod codeBase="C:/Users/ShaneH/Documents/Visual Studio 2012/Projects/Chess/ChessTests/bin/Debug/ChessTests.dll" adapterTypeName="Microsoft.VisualStudio.TestTools.TestTypes.Unit.UnitTestAdapter, Microsoft.VisualStudio.QualityTools.Tips.UnitTest.Adapter, Version=11.0.0.0, Culture=neutral, PublicKeyToken=b03f5f7f11d50a3a" className="ChessTests.ChessTests, ChessTests, Version=1.0.0.0, Culture=neutral, PublicKeyToken=null" name="areKingsSetup" />
    </UnitTest>
    <UnitTest name="canMoveBlackKnightLeftDown" storage="..\chesstests\bin\debug\chesstests.dll" id="6cf57c02-d527-684a-9612-4d68bc5f29f6">
      <Execution timeOut="1800000" id="8e853827-0329-4d1a-8a4d-ffe55c0a3ad3" />
      <TestMethod codeBase="C:/Users/ShaneH/Documents/Visual Studio 2012/Projects/Chess/ChessTests/bin/Debug/ChessTests.dll" adapterTypeName="Microsoft.VisualStudio.TestTools.TestTypes.Unit.UnitTestAdapter, Microsoft.VisualStudio.QualityTools.Tips.UnitTest.Adapter, Version=11.0.0.0, Culture=neutral, PublicKeyToken=b03f5f7f11d50a3a" className="ChessTests.KnightTests, ChessTests, Version=1.0.0.0, Culture=neutral, PublicKeyToken=null" name="canMoveBlackKnightLeftDown" />
    </UnitTest>
    <UnitTest name="canMoveWhiteRookeVerticallyDown" storage="..\chesstests\bin\debug\chesstests.dll" id="90e85dc8-3adb-5026-5221-e60e1c8ff937">
      <Execution timeOut="1800000" id="64b76522-fc4a-47d2-b252-377df6b6476e" />
      <TestMethod codeBase="C:/Users/ShaneH/Documents/Visual Studio 2012/Projects/Chess/ChessTests/bin/Debug/ChessTests.dll" adapterTypeName="Microsoft.VisualStudio.TestTools.TestTypes.Unit.UnitTestAdapter, Microsoft.VisualStudio.QualityTools.Tips.UnitTest.Adapter, Version=11.0.0.0, Culture=neutral, PublicKeyToken=b03f5f7f11d50a3a" className="ChessTests.RookeTests, ChessTests, Version=1.0.0.0, Culture=neutral, PublicKeyToken=null" name="canMoveWhiteRookeVerticallyDown" />
    </UnitTest>
    <UnitTest name="whitePawnCannotMoveBackwards" storage="..\chesstests\bin\debug\chesstests.dll" id="5e0522cb-aa6a-a547-6b61-65ded7b9398a">
      <Execution timeOut="1800000" id="386bdb6c-a778-47f6-9019-6a71692dbf17" />
      <TestMethod codeBase="C:/Users/ShaneH/Documents/Visual Studio 2012/Projects/Chess/ChessTests/bin/Debug/ChessTests.dll" adapterTypeName="Microsoft.VisualStudio.TestTools.TestTypes.Unit.UnitTestAdapter, Microsoft.VisualStudio.QualityTools.Tips.UnitTest.Adapter, Version=11.0.0.0, Culture=neutral, PublicKeyToken=b03f5f7f11d50a3a" className="ChessTests.PawnTests, ChessTests, Version=1.0.0.0, Culture=neutral, PublicKeyToken=null" name="whitePawnCannotMoveBackwards" />
    </UnitTest>
    <UnitTest name="cannotTakeOwnPieceDiagDownRight" storage="..\chesstests\bin\debug\chesstests.dll" id="f39b25bd-516f-7ee4-27f1-d563c9037b60">
      <Execution timeOut="1800000" id="f89e20bc-b9f2-4884-9304-dfbed6b4e0bb" />
      <TestMethod codeBase="C:/Users/ShaneH/Documents/Visual Studio 2012/Projects/Chess/ChessTests/bin/Debug/ChessTests.dll" adapterTypeName="Microsoft.VisualStudio.TestTools.TestTypes.Unit.UnitTestAdapter, Microsoft.VisualStudio.QualityTools.Tips.UnitTest.Adapter, Version=11.0.0.0, Culture=neutral, PublicKeyToken=b03f5f7f11d50a3a" className="ChessTests.BishopTests, ChessTests, Version=1.0.0.0, Culture=neutral, PublicKeyToken=null" name="cannotTakeOwnPieceDiagDownRight" />
    </UnitTest>
    <UnitTest name="cannotCaptureOwnPieceHorizontallyRight" storage="..\chesstests\bin\debug\chesstests.dll" id="4211946f-1506-577f-195b-18cb2fdd61ad">
      <Execution timeOut="1800000" id="5d9ee045-e111-40e4-9ddb-9b27010d9698" />
      <TestMethod codeBase="C:/Users/ShaneH/Documents/Visual Studio 2012/Projects/Chess/ChessTests/bin/Debug/ChessTests.dll" adapterTypeName="Microsoft.VisualStudio.TestTools.TestTypes.Unit.UnitTestAdapter, Microsoft.VisualStudio.QualityTools.Tips.UnitTest.Adapter, Version=11.0.0.0, Culture=neutral, PublicKeyToken=b03f5f7f11d50a3a" className="ChessTests.RookeTests, ChessTests, Version=1.0.0.0, Culture=neutral, PublicKeyToken=null" name="cannotCaptureOwnPieceHorizontallyRight" />
    </UnitTest>
    <UnitTest name="canGetSelectedCell" storage="..\chesstests\bin\debug\chesstests.dll" id="8900ceac-b7b6-1032-98bc-f3e21d0abb21">
      <Execution timeOut="1800000" id="503ab0ec-870a-4a45-a3c1-33d0083716f0" />
      <TestMethod codeBase="C:/Users/ShaneH/Documents/Visual Studio 2012/Projects/Chess/ChessTests/bin/Debug/ChessTests.dll" adapterTypeName="Microsoft.VisualStudio.TestTools.TestTypes.Unit.UnitTestAdapter, Microsoft.VisualStudio.QualityTools.Tips.UnitTest.Adapter, Version=11.0.0.0, Culture=neutral, PublicKeyToken=b03f5f7f11d50a3a" className="ChessTests.ChessTests, ChessTests, Version=1.0.0.0, Culture=neutral, PublicKeyToken=null" name="canGetSelectedCell" />
    </UnitTest>
    <UnitTest name="blackPawnCanTakePieceLeft" storage="..\chesstests\bin\debug\chesstests.dll" id="31f39857-46fe-cad3-eea6-de16b677be95">
      <Execution timeOut="1800000" id="f4728b05-d423-4c3f-a53d-7a165da76d62" />
      <TestMethod codeBase="C:/Users/ShaneH/Documents/Visual Studio 2012/Projects/Chess/ChessTests/bin/Debug/ChessTests.dll" adapterTypeName="Microsoft.VisualStudio.TestTools.TestTypes.Unit.UnitTestAdapter, Microsoft.VisualStudio.QualityTools.Tips.UnitTest.Adapter, Version=11.0.0.0, Culture=neutral, PublicKeyToken=b03f5f7f11d50a3a" className="ChessTests.PawnTests, ChessTests, Version=1.0.0.0, Culture=neutral, PublicKeyToken=null" name="blackPawnCanTakePieceLeft" />
    </UnitTest>
    <UnitTest name="invalidMoveGivesCorrectPieceName" storage="..\chesstests\bin\debug\chesstests.dll" id="3cb9b942-8fee-88ba-c03b-002cdc761005">
      <Execution timeOut="1800000" id="caed0d5a-587f-44a1-9f33-0afe46689e5e" />
      <TestMethod codeBase="C:/Users/ShaneH/Documents/Visual Studio 2012/Projects/Chess/ChessTests/bin/Debug/ChessTests.dll" adapterTypeName="Microsoft.VisualStudio.TestTools.TestTypes.Unit.UnitTestAdapter, Microsoft.VisualStudio.QualityTools.Tips.UnitTest.Adapter, Version=11.0.0.0, Culture=neutral, PublicKeyToken=b03f5f7f11d50a3a" className="ChessTests.RookeTests, ChessTests, Version=1.0.0.0, Culture=neutral, PublicKeyToken=null" name="invalidMoveGivesCorrectPieceName" />
    </UnitTest>
    <UnitTest name="canMoveWhiteRookeHorizontallyRight" storage="..\chesstests\bin\debug\chesstests.dll" id="64d13654-89e5-88f2-72b5-dc67279b010a">
      <Execution timeOut="1800000" id="7bc0e6dc-488e-4dcf-9f86-cba5d48f4e72" />
      <TestMethod codeBase="C:/Users/ShaneH/Documents/Visual Studio 2012/Projects/Chess/ChessTests/bin/Debug/ChessTests.dll" adapterTypeName="Microsoft.VisualStudio.TestTools.TestTypes.Unit.UnitTestAdapter, Microsoft.VisualStudio.QualityTools.Tips.UnitTest.Adapter, Version=11.0.0.0, Culture=neutral, PublicKeyToken=b03f5f7f11d50a3a" className="ChessTests.RookeTests, ChessTests, Version=1.0.0.0, Culture=neutral, PublicKeyToken=null" name="canMoveWhiteRookeHorizontallyRight" />
    </UnitTest>
    <UnitTest name="canMoveBlackKnightDownRight" storage="..\chesstests\bin\debug\chesstests.dll" id="5e1118ed-9b53-f770-8503-6b91f9e32547">
      <Execution timeOut="1800000" id="f185faf7-9253-4832-86c4-4437b5b19024" />
      <TestMethod codeBase="C:/Users/ShaneH/Documents/Visual Studio 2012/Projects/Chess/ChessTests/bin/Debug/ChessTests.dll" adapterTypeName="Microsoft.VisualStudio.TestTools.TestTypes.Unit.UnitTestAdapter, Microsoft.VisualStudio.QualityTools.Tips.UnitTest.Adapter, Version=11.0.0.0, Culture=neutral, PublicKeyToken=b03f5f7f11d50a3a" className="ChessTests.KnightTests, ChessTests, Version=1.0.0.0, Culture=neutral, PublicKeyToken=null" name="canMoveBlackKnightDownRight" />
    </UnitTest>
    <UnitTest name="whitePawnCanTakePieceRight" storage="..\chesstests\bin\debug\chesstests.dll" id="efc90440-a3c1-87f7-fff9-787ea282e06e">
      <Execution timeOut="1800000" id="bef1783f-67eb-4661-91c6-19a828689ad6" />
      <TestMethod codeBase="C:/Users/ShaneH/Documents/Visual Studio 2012/Projects/Chess/ChessTests/bin/Debug/ChessTests.dll" adapterTypeName="Microsoft.VisualStudio.TestTools.TestTypes.Unit.UnitTestAdapter, Microsoft.VisualStudio.QualityTools.Tips.UnitTest.Adapter, Version=11.0.0.0, Culture=neutral, PublicKeyToken=b03f5f7f11d50a3a" className="ChessTests.PawnTests, ChessTests, Version=1.0.0.0, Culture=neutral, PublicKeyToken=null" name="whitePawnCanTakePieceRight" />
    </UnitTest>
    <UnitTest name="canMoveBlackRookeVerticallyDown" storage="..\chesstests\bin\debug\chesstests.dll" id="e792f20f-71d7-a991-5d57-f2e7cd212d47">
      <Execution timeOut="1800000" id="a7edfc4b-b5c6-41b2-a3a6-bfd7675f623e" />
      <TestMethod codeBase="C:/Users/ShaneH/Documents/Visual Studio 2012/Projects/Chess/ChessTests/bin/Debug/ChessTests.dll" adapterTypeName="Microsoft.VisualStudio.TestTools.TestTypes.Unit.UnitTestAdapter, Microsoft.VisualStudio.QualityTools.Tips.UnitTest.Adapter, Version=11.0.0.0, Culture=neutral, PublicKeyToken=b03f5f7f11d50a3a" className="ChessTests.RookeTests, ChessTests, Version=1.0.0.0, Culture=neutral, PublicKeyToken=null" name="canMoveBlackRookeVerticallyDown" />
    </UnitTest>
    <UnitTest name="canTakePiece" storage="..\chesstests\bin\debug\chesstests.dll" id="88f3539a-9e52-4e5f-3a8e-6ac8f70db456">
      <Execution timeOut="1800000" id="c4edd92e-043c-45d4-9557-1e3b429e8e7c" />
      <TestMethod codeBase="C:/Users/ShaneH/Documents/Visual Studio 2012/Projects/Chess/ChessTests/bin/Debug/ChessTests.dll" adapterTypeName="Microsoft.VisualStudio.TestTools.TestTypes.Unit.UnitTestAdapter, Microsoft.VisualStudio.QualityTools.Tips.UnitTest.Adapter, Version=11.0.0.0, Culture=neutral, PublicKeyToken=b03f5f7f11d50a3a" className="ChessTests.BishopTests, ChessTests, Version=1.0.0.0, Culture=neutral, PublicKeyToken=null" name="canTakePiece" />
    </UnitTest>
    <UnitTest name="canMoveBlackRookeHorizonallyLeft" storage="..\chesstests\bin\debug\chesstests.dll" id="d4b4b6b0-fdac-28f8-f2f7-9327c017f9a7">
      <Execution timeOut="1800000" id="5b291781-d195-4ac9-a043-c250e92ac8b4" />
      <TestMethod codeBase="C:/Users/ShaneH/Documents/Visual Studio 2012/Projects/Chess/ChessTests/bin/Debug/ChessTests.dll" adapterTypeName="Microsoft.VisualStudio.TestTools.TestTypes.Unit.UnitTestAdapter, Microsoft.VisualStudio.QualityTools.Tips.UnitTest.Adapter, Version=11.0.0.0, Culture=neutral, PublicKeyToken=b03f5f7f11d50a3a" className="ChessTests.RookeTests, ChessTests, Version=1.0.0.0, Culture=neutral, PublicKeyToken=null" name="canMoveBlackRookeHorizonallyLeft" />
    </UnitTest>
    <UnitTest name="cannotJumpOppositionDiagUpLeft" storage="..\chesstests\bin\debug\chesstests.dll" id="a1f929ba-6b28-ee21-359e-cf5d46cf368a">
      <Execution timeOut="1800000" id="770e40b9-5c84-4f62-9547-482ea2f2f533" />
      <TestMethod codeBase="C:/Users/ShaneH/Documents/Visual Studio 2012/Projects/Chess/ChessTests/bin/Debug/ChessTests.dll" adapterTypeName="Microsoft.VisualStudio.TestTools.TestTypes.Unit.UnitTestAdapter, Microsoft.VisualStudio.QualityTools.Tips.UnitTest.Adapter, Version=11.0.0.0, Culture=neutral, PublicKeyToken=b03f5f7f11d50a3a" className="ChessTests.BishopTests, ChessTests, Version=1.0.0.0, Culture=neutral, PublicKeyToken=null" name="cannotJumpOppositionDiagUpLeft" />
    </UnitTest>
    <UnitTest name="pieceMovesWithMove" storage="..\chesstests\bin\debug\chesstests.dll" id="db17ca7a-fdcd-e135-ff66-0041667888a6">
      <Execution timeOut="1800000" id="c23e7fbc-5752-4d67-9b71-e7a5a576cdf9" />
      <TestMethod codeBase="C:/Users/ShaneH/Documents/Visual Studio 2012/Projects/Chess/ChessTests/bin/Debug/ChessTests.dll" adapterTypeName="Microsoft.VisualStudio.TestTools.TestTypes.Unit.UnitTestAdapter, Microsoft.VisualStudio.QualityTools.Tips.UnitTest.Adapter, Version=11.0.0.0, Culture=neutral, PublicKeyToken=b03f5f7f11d50a3a" className="ChessTests.ChessTests, ChessTests, Version=1.0.0.0, Culture=neutral, PublicKeyToken=null" name="pieceMovesWithMove" />
    </UnitTest>
    <UnitTest name="getExceptionWhenSelectCellRowTooLarge" storage="..\chesstests\bin\debug\chesstests.dll" id="56379117-1d4e-106a-e150-22beb95db5f6">
      <Execution timeOut="1800000" id="bfd842e4-2836-4cca-a0d9-2e0670c0d92f" />
      <TestMethod codeBase="C:/Users/ShaneH/Documents/Visual Studio 2012/Projects/Chess/ChessTests/bin/Debug/ChessTests.dll" adapterTypeName="Microsoft.VisualStudio.TestTools.TestTypes.Unit.UnitTestAdapter, Microsoft.VisualStudio.QualityTools.Tips.UnitTest.Adapter, Version=11.0.0.0, Culture=neutral, PublicKeyToken=b03f5f7f11d50a3a" className="ChessTests.ChessTests, ChessTests, Version=1.0.0.0, Culture=neutral, PublicKeyToken=null" name="getExceptionWhenSelectCellRowTooLarge" />
    </UnitTest>
    <UnitTest name="cannotMoveBlackKnightAnywayElse" storage="..\chesstests\bin\debug\chesstests.dll" id="f1a715f9-9cf1-9e64-a4be-97f94a04714c">
      <Execution timeOut="1800000" id="59ab8721-f90a-427f-9fff-aa353c0c1942" />
      <TestMethod codeBase="C:/Users/ShaneH/Documents/Visual Studio 2012/Projects/Chess/ChessTests/bin/Debug/ChessTests.dll" adapterTypeName="Microsoft.VisualStudio.TestTools.TestTypes.Unit.UnitTestAdapter, Microsoft.VisualStudio.QualityTools.Tips.UnitTest.Adapter, Version=11.0.0.0, Culture=neutral, PublicKeyToken=b03f5f7f11d50a3a" className="ChessTests.KnightTests, ChessTests, Version=1.0.0.0, Culture=neutral, PublicKeyToken=null" name="cannotMoveBlackKnightAnywayElse" />
    </UnitTest>
    <UnitTest name="canMoveBlackBishopDiagonalUpLeftNoObstructions" storage="..\chesstests\bin\debug\chesstests.dll" id="f758d7bc-486f-01b2-cb64-d4b549c6a040">
      <Execution timeOut="1800000" id="52838813-e383-491f-a935-86df962b863c" />
      <TestMethod codeBase="C:/Users/ShaneH/Documents/Visual Studio 2012/Projects/Chess/ChessTests/bin/Debug/ChessTests.dll" adapterTypeName="Microsoft.VisualStudio.TestTools.TestTypes.Unit.UnitTestAdapter, Microsoft.VisualStudio.QualityTools.Tips.UnitTest.Adapter, Version=11.0.0.0, Culture=neutral, PublicKeyToken=b03f5f7f11d50a3a" className="ChessTests.BishopTests, ChessTests, Version=1.0.0.0, Culture=neutral, PublicKeyToken=null" name="canMoveBlackBishopDiagonalUpLeftNoObstructions" />
    </UnitTest>
    <UnitTest name="canMoveWhiteBishopDiagonallyDownRightNoObstructions" storage="..\chesstests\bin\debug\chesstests.dll" id="7b64562e-3d29-ccc9-9a6a-4aaf39707ed4">
      <Execution timeOut="1800000" id="b6e9f4ce-0b78-4846-8280-3da46641e11c" />
      <TestMethod codeBase="C:/Users/ShaneH/Documents/Visual Studio 2012/Projects/Chess/ChessTests/bin/Debug/ChessTests.dll" adapterTypeName="Microsoft.VisualStudio.TestTools.TestTypes.Unit.UnitTestAdapter, Microsoft.VisualStudio.QualityTools.Tips.UnitTest.Adapter, Version=11.0.0.0, Culture=neutral, PublicKeyToken=b03f5f7f11d50a3a" className="ChessTests.BishopTests, ChessTests, Version=1.0.0.0, Culture=neutral, PublicKeyToken=null" name="canMoveWhiteBishopDiagonallyDownRightNoObstructions" />
    </UnitTest>
    <UnitTest name="canSelectCell" storage="..\chesstests\bin\debug\chesstests.dll" id="005829d6-859e-9315-7aa3-e62df14cfd2f">
      <Execution timeOut="1800000" id="baee88ca-66b7-49d3-afcf-bb3b59351b91" />
      <TestMethod codeBase="C:/Users/ShaneH/Documents/Visual Studio 2012/Projects/Chess/ChessTests/bin/Debug/ChessTests.dll" adapterTypeName="Microsoft.VisualStudio.TestTools.TestTypes.Unit.UnitTestAdapter, Microsoft.VisualStudio.QualityTools.Tips.UnitTest.Adapter, Version=11.0.0.0, Culture=neutral, PublicKeyToken=b03f5f7f11d50a3a" className="ChessTests.ChessTests, ChessTests, Version=1.0.0.0, Culture=neutral, PublicKeyToken=null" name="canSelectCell" />
    </UnitTest>
    <UnitTest name="canMoveBlackRookeVerticallyUp" storage="..\chesstests\bin\debug\chesstests.dll" id="c1c27b4b-7a33-214b-6362-9bd66a9e7aaf">
      <Execution timeOut="1800000" id="3659bbb1-cfb4-408c-8704-cb0129da5de6" />
      <TestMethod codeBase="C:/Users/ShaneH/Documents/Visual Studio 2012/Projects/Chess/ChessTests/bin/Debug/ChessTests.dll" adapterTypeName="Microsoft.VisualStudio.TestTools.TestTypes.Unit.UnitTestAdapter, Microsoft.VisualStudio.QualityTools.Tips.UnitTest.Adapter, Version=11.0.0.0, Culture=neutral, PublicKeyToken=b03f5f7f11d50a3a" className="ChessTests.RookeTests, ChessTests, Version=1.0.0.0, Culture=neutral, PublicKeyToken=null" name="canMoveBlackRookeVerticallyUp" />
    </UnitTest>
    <UnitTest name="cannotMoveRookePastCaptureVerticallyUp" storage="..\chesstests\bin\debug\chesstests.dll" id="5de48dbd-0fe5-af4c-0872-0ab8a96d15fa">
      <Execution timeOut="1800000" id="5f91dec4-d860-44d4-a975-1f3ab824bfde" />
      <TestMethod codeBase="C:/Users/ShaneH/Documents/Visual Studio 2012/Projects/Chess/ChessTests/bin/Debug/ChessTests.dll" adapterTypeName="Microsoft.VisualStudio.TestTools.TestTypes.Unit.UnitTestAdapter, Microsoft.VisualStudio.QualityTools.Tips.UnitTest.Adapter, Version=11.0.0.0, Culture=neutral, PublicKeyToken=b03f5f7f11d50a3a" className="ChessTests.RookeTests, ChessTests, Version=1.0.0.0, Culture=neutral, PublicKeyToken=null" name="cannotMoveRookePastCaptureVerticallyUp" />
    </UnitTest>
    <UnitTest name="moveEnPassantRightNotImmediateThrowsError" storage="..\chesstests\bin\debug\chesstests.dll" id="1ae802a5-bb94-ae3c-980c-cf0121da8a4a">
      <Execution timeOut="1800000" id="bcabb1bf-f96c-40a7-941c-cb3325d1a4fe" />
      <TestMethod codeBase="C:/Users/ShaneH/Documents/Visual Studio 2012/Projects/Chess/ChessTests/bin/Debug/ChessTests.dll" adapterTypeName="Microsoft.VisualStudio.TestTools.TestTypes.Unit.UnitTestAdapter, Microsoft.VisualStudio.QualityTools.Tips.UnitTest.Adapter, Version=11.0.0.0, Culture=neutral, PublicKeyToken=b03f5f7f11d50a3a" className="ChessTests.PawnTests, ChessTests, Version=1.0.0.0, Culture=neutral, PublicKeyToken=null" name="moveEnPassantRightNotImmediateThrowsError" />
    </UnitTest>
    <UnitTest name="exceptionWhenMoveToNegativeCol" storage="..\chesstests\bin\debug\chesstests.dll" id="7d98f31d-f1f6-0621-aa93-72560fa182b3">
      <Execution timeOut="1800000" id="583073ac-eae0-4c45-a35e-4db730858219" />
      <TestMethod codeBase="C:/Users/ShaneH/Documents/Visual Studio 2012/Projects/Chess/ChessTests/bin/Debug/ChessTests.dll" adapterTypeName="Microsoft.VisualStudio.TestTools.TestTypes.Unit.UnitTestAdapter, Microsoft.VisualStudio.QualityTools.Tips.UnitTest.Adapter, Version=11.0.0.0, Culture=neutral, PublicKeyToken=b03f5f7f11d50a3a" className="ChessTests.ChessTests, ChessTests, Version=1.0.0.0, Culture=neutral, PublicKeyToken=null" name="exceptionWhenMoveToNegativeCol" />
    </UnitTest>
    <UnitTest name="selectedCellIsNullAfterMove" storage="..\chesstests\bin\debug\chesstests.dll" id="5ba4e3e7-6993-ed4b-8ced-e1d13c26b064">
      <Execution timeOut="1800000" id="9953b638-7c80-43b7-a45e-6dc83294b1d5" />
      <TestMethod codeBase="C:/Users/ShaneH/Documents/Visual Studio 2012/Projects/Chess/ChessTests/bin/Debug/ChessTests.dll" adapterTypeName="Microsoft.VisualStudio.TestTools.TestTypes.Unit.UnitTestAdapter, Microsoft.VisualStudio.QualityTools.Tips.UnitTest.Adapter, Version=11.0.0.0, Culture=neutral, PublicKeyToken=b03f5f7f11d50a3a" className="ChessTests.ChessTests, ChessTests, Version=1.0.0.0, Culture=neutral, PublicKeyToken=null" name="selectedCellIsNullAfterMove" />
    </UnitTest>
    <UnitTest name="cannotTakeOwnPieceDiagDownLeft" storage="..\chesstests\bin\debug\chesstests.dll" id="11146e4e-bbf4-ec57-67f8-0efcf6651dcd">
      <Execution timeOut="1800000" id="732e2972-48af-4fb6-b3b2-b22e785a4ed3" />
      <TestMethod codeBase="C:/Users/ShaneH/Documents/Visual Studio 2012/Projects/Chess/ChessTests/bin/Debug/ChessTests.dll" adapterTypeName="Microsoft.VisualStudio.TestTools.TestTypes.Unit.UnitTestAdapter, Microsoft.VisualStudio.QualityTools.Tips.UnitTest.Adapter, Version=11.0.0.0, Culture=neutral, PublicKeyToken=b03f5f7f11d50a3a" className="ChessTests.BishopTests, ChessTests, Version=1.0.0.0, Culture=neutral, PublicKeyToken=null" name="cannotTakeOwnPieceDiagDownLeft" />
    </UnitTest>
    <UnitTest name="canMoveWhiteBishopDiagonalUpRightNoObstructions" storage="..\chesstests\bin\debug\chesstests.dll" id="f27377be-1934-c9f6-8d07-ac7266d1d2f6">
      <Execution timeOut="1800000" id="438f7140-66bb-4f4a-9a3b-ac28927a2edf" />
      <TestMethod codeBase="C:/Users/ShaneH/Documents/Visual Studio 2012/Projects/Chess/ChessTests/bin/Debug/ChessTests.dll" adapterTypeName="Microsoft.VisualStudio.TestTools.TestTypes.Unit.UnitTestAdapter, Microsoft.VisualStudio.QualityTools.Tips.UnitTest.Adapter, Version=11.0.0.0, Culture=neutral, PublicKeyToken=b03f5f7f11d50a3a" className="ChessTests.BishopTests, ChessTests, Version=1.0.0.0, Culture=neutral, PublicKeyToken=null" name="canMoveWhiteBishopDiagonalUpRightNoObstructions" />
    </UnitTest>
    <UnitTest name="cannotCaptureOwnPieceBottomRight" storage="..\chesstests\bin\debug\chesstests.dll" id="12e63596-1c4e-b553-8314-65281f6114b3">
      <Execution timeOut="1800000" id="62880fd6-0cfa-4f32-bd25-5cd8f3100856" />
      <TestMethod codeBase="C:/Users/ShaneH/Documents/Visual Studio 2012/Projects/Chess/ChessTests/bin/Debug/ChessTests.dll" adapterTypeName="Microsoft.VisualStudio.TestTools.TestTypes.Unit.UnitTestAdapter, Microsoft.VisualStudio.QualityTools.Tips.UnitTest.Adapter, Version=11.0.0.0, Culture=neutral, PublicKeyToken=b03f5f7f11d50a3a" className="ChessTests.KnightTests, ChessTests, Version=1.0.0.0, Culture=neutral, PublicKeyToken=null" name="cannotCaptureOwnPieceBottomRight" />
    </UnitTest>
    <UnitTest name="cannotTakeOwnPieceDiagUpRight" storage="..\chesstests\bin\debug\chesstests.dll" id="f2547ccb-ac70-9f08-d6b9-a2ccdc08bacc">
      <Execution timeOut="1800000" id="ac8e3b0a-63c2-4faf-8ad6-07e3caab40a3" />
      <TestMethod codeBase="C:/Users/ShaneH/Documents/Visual Studio 2012/Projects/Chess/ChessTests/bin/Debug/ChessTests.dll" adapterTypeName="Microsoft.VisualStudio.TestTools.TestTypes.Unit.UnitTestAdapter, Microsoft.VisualStudio.QualityTools.Tips.UnitTest.Adapter, Version=11.0.0.0, Culture=neutral, PublicKeyToken=b03f5f7f11d50a3a" className="ChessTests.BishopTests, ChessTests, Version=1.0.0.0, Culture=neutral, PublicKeyToken=null" name="cannotTakeOwnPieceDiagUpRight" />
    </UnitTest>
    <UnitTest name="canMoveWhiteRookeVerticallyUp" storage="..\chesstests\bin\debug\chesstests.dll" id="67083cf0-0995-a4e7-7fdc-a7119196534e">
      <Execution timeOut="1800000" id="b85ffbb4-1dbf-445a-97ff-4a77ea350626" />
      <TestMethod codeBase="C:/Users/ShaneH/Documents/Visual Studio 2012/Projects/Chess/ChessTests/bin/Debug/ChessTests.dll" adapterTypeName="Microsoft.VisualStudio.TestTools.TestTypes.Unit.UnitTestAdapter, Microsoft.VisualStudio.QualityTools.Tips.UnitTest.Adapter, Version=11.0.0.0, Culture=neutral, PublicKeyToken=b03f5f7f11d50a3a" className="ChessTests.RookeTests, ChessTests, Version=1.0.0.0, Culture=neutral, PublicKeyToken=null" name="canMoveWhiteRookeVerticallyUp" />
    </UnitTest>
    <UnitTest name="cannotCaptureOwnPieceTopRight" storage="..\chesstests\bin\debug\chesstests.dll" id="8b767757-2d46-6db2-6c72-a25020070dc1">
      <Execution timeOut="1800000" id="c296b598-643f-461b-a6bd-927b241e6df1" />
      <TestMethod codeBase="C:/Users/ShaneH/Documents/Visual Studio 2012/Projects/Chess/ChessTests/bin/Debug/ChessTests.dll" adapterTypeName="Microsoft.VisualStudio.TestTools.TestTypes.Unit.UnitTestAdapter, Microsoft.VisualStudio.QualityTools.Tips.UnitTest.Adapter, Version=11.0.0.0, Culture=neutral, PublicKeyToken=b03f5f7f11d50a3a" className="ChessTests.KnightTests, ChessTests, Version=1.0.0.0, Culture=neutral, PublicKeyToken=null" name="cannotCaptureOwnPieceTopRight" />
    </UnitTest>
    <UnitTest name="invalidMoveGivesCorrectPieceName" storage="..\chesstests\bin\debug\chesstests.dll" id="c402f9ec-8f13-951f-df43-c12680e572ae">
      <Execution timeOut="1800000" id="3fa83b44-79bf-4304-a213-7e1b6b5768b4" />
      <TestMethod codeBase="C:/Users/ShaneH/Documents/Visual Studio 2012/Projects/Chess/ChessTests/bin/Debug/ChessTests.dll" adapterTypeName="Microsoft.VisualStudio.TestTools.TestTypes.Unit.UnitTestAdapter, Microsoft.VisualStudio.QualityTools.Tips.UnitTest.Adapter, Version=11.0.0.0, Culture=neutral, PublicKeyToken=b03f5f7f11d50a3a" className="ChessTests.QueenTests, ChessTests, Version=1.0.0.0, Culture=neutral, PublicKeyToken=null" name="invalidMoveGivesCorrectPieceName" />
    </UnitTest>
    <UnitTest name="cannotCaptureOwnPieceTopLeft" storage="..\chesstests\bin\debug\chesstests.dll" id="3b8989d4-9468-d4f5-4fa5-0c83cef3e6e3">
      <Execution timeOut="1800000" id="461fe093-aa6c-4b73-a120-d17fbdfd7725" />
      <TestMethod codeBase="C:/Users/ShaneH/Documents/Visual Studio 2012/Projects/Chess/ChessTests/bin/Debug/ChessTests.dll" adapterTypeName="Microsoft.VisualStudio.TestTools.TestTypes.Unit.UnitTestAdapter, Microsoft.VisualStudio.QualityTools.Tips.UnitTest.Adapter, Version=11.0.0.0, Culture=neutral, PublicKeyToken=b03f5f7f11d50a3a" className="ChessTests.KnightTests, ChessTests, Version=1.0.0.0, Culture=neutral, PublicKeyToken=null" name="cannotCaptureOwnPieceTopLeft" />
    </UnitTest>
    <UnitTest name="canTakePawnEnPassantLeft" storage="..\chesstests\bin\debug\chesstests.dll" id="72153cfe-4389-9773-f6fd-6685bb51f896">
      <Execution timeOut="1800000" id="212e2146-9c54-42c7-bf7b-521ab868f0fd" />
      <TestMethod codeBase="C:/Users/ShaneH/Documents/Visual Studio 2012/Projects/Chess/ChessTests/bin/Debug/ChessTests.dll" adapterTypeName="Microsoft.VisualStudio.TestTools.TestTypes.Unit.UnitTestAdapter, Microsoft.VisualStudio.QualityTools.Tips.UnitTest.Adapter, Version=11.0.0.0, Culture=neutral, PublicKeyToken=b03f5f7f11d50a3a" className="ChessTests.PawnTests, ChessTests, Version=1.0.0.0, Culture=neutral, PublicKeyToken=null" name="canTakePawnEnPassantLeft" />
    </UnitTest>
    <UnitTest name="canMoveQueenVerticallyUp" storage="..\chesstests\bin\debug\chesstests.dll" id="61071a05-3bb9-84f7-1063-093a7badabca">
      <Execution timeOut="1800000" id="114aef6b-beaa-41ad-8967-8294de58b1dd" />
      <TestMethod codeBase="C:/Users/ShaneH/Documents/Visual Studio 2012/Projects/Chess/ChessTests/bin/Debug/ChessTests.dll" adapterTypeName="Microsoft.VisualStudio.TestTools.TestTypes.Unit.UnitTestAdapter, Microsoft.VisualStudio.QualityTools.Tips.UnitTest.Adapter, Version=11.0.0.0, Culture=neutral, PublicKeyToken=b03f5f7f11d50a3a" className="ChessTests.QueenTests, ChessTests, Version=1.0.0.0, Culture=neutral, PublicKeyToken=null" name="canMoveQueenVerticallyUp" />
    </UnitTest>
    <UnitTest name="cannotJumpOppositionDiagDownLeft" storage="..\chesstests\bin\debug\chesstests.dll" id="fd4c62da-b4fc-b947-da46-845314dd7c18">
      <Execution timeOut="1800000" id="d6e924f1-8d40-4d14-84d9-c2da132ca97a" />
      <TestMethod codeBase="C:/Users/ShaneH/Documents/Visual Studio 2012/Projects/Chess/ChessTests/bin/Debug/ChessTests.dll" adapterTypeName="Microsoft.VisualStudio.TestTools.TestTypes.Unit.UnitTestAdapter, Microsoft.VisualStudio.QualityTools.Tips.UnitTest.Adapter, Version=11.0.0.0, Culture=neutral, PublicKeyToken=b03f5f7f11d50a3a" className="ChessTests.BishopTests, ChessTests, Version=1.0.0.0, Culture=neutral, PublicKeyToken=null" name="cannotJumpOppositionDiagDownLeft" />
    </UnitTest>
    <UnitTest name="cannotTakeOwnPieceDiagUpLeft" storage="..\chesstests\bin\debug\chesstests.dll" id="3562f988-caf6-e157-38af-47808bc40815">
      <Execution timeOut="1800000" id="1480b76a-df6c-454c-b24f-a834a9eff155" />
      <TestMethod codeBase="C:/Users/ShaneH/Documents/Visual Studio 2012/Projects/Chess/ChessTests/bin/Debug/ChessTests.dll" adapterTypeName="Microsoft.VisualStudio.TestTools.TestTypes.Unit.UnitTestAdapter, Microsoft.VisualStudio.QualityTools.Tips.UnitTest.Adapter, Version=11.0.0.0, Culture=neutral, PublicKeyToken=b03f5f7f11d50a3a" className="ChessTests.BishopTests, ChessTests, Version=1.0.0.0, Culture=neutral, PublicKeyToken=null" name="cannotTakeOwnPieceDiagUpLeft" />
    </UnitTest>
    <UnitTest name="canMoveBlackBishopDiagonallyDownRightNoObstructions" storage="..\chesstests\bin\debug\chesstests.dll" id="cea9a2db-b9b4-5c44-cdae-ea8c559aa5ab">
      <Execution timeOut="1800000" id="d1a2a03e-f18b-43dd-a4eb-94e24b8a5455" />
      <TestMethod codeBase="C:/Users/ShaneH/Documents/Visual Studio 2012/Projects/Chess/ChessTests/bin/Debug/ChessTests.dll" adapterTypeName="Microsoft.VisualStudio.TestTools.TestTypes.Unit.UnitTestAdapter, Microsoft.VisualStudio.QualityTools.Tips.UnitTest.Adapter, Version=11.0.0.0, Culture=neutral, PublicKeyToken=b03f5f7f11d50a3a" className="ChessTests.BishopTests, ChessTests, Version=1.0.0.0, Culture=neutral, PublicKeyToken=null" name="canMoveBlackBishopDiagonallyDownRightNoObstructions" />
    </UnitTest>
    <UnitTest name="areRookesSetup" storage="..\chesstests\bin\debug\chesstests.dll" id="3e21814f-4c9d-063d-798f-e0eaffbae55e">
      <Execution timeOut="1800000" id="947e96ba-8520-42e2-bd85-53629a099579" />
      <TestMethod codeBase="C:/Users/ShaneH/Documents/Visual Studio 2012/Projects/Chess/ChessTests/bin/Debug/ChessTests.dll" adapterTypeName="Microsoft.VisualStudio.TestTools.TestTypes.Unit.UnitTestAdapter, Microsoft.VisualStudio.QualityTools.Tips.UnitTest.Adapter, Version=11.0.0.0, Culture=neutral, PublicKeyToken=b03f5f7f11d50a3a" className="ChessTests.ChessTests, ChessTests, Version=1.0.0.0, Culture=neutral, PublicKeyToken=null" name="areRookesSetup" />
    </UnitTest>
    <UnitTest name="canMoveWhiteKnightDownLeft" storage="..\chesstests\bin\debug\chesstests.dll" id="129b002c-1fd8-a858-11b5-efb8011f1c66">
      <Execution timeOut="1800000" id="81bf7b29-5abc-4236-a4f1-84e1f2a49b24" />
      <TestMethod codeBase="C:/Users/ShaneH/Documents/Visual Studio 2012/Projects/Chess/ChessTests/bin/Debug/ChessTests.dll" adapterTypeName="Microsoft.VisualStudio.TestTools.TestTypes.Unit.UnitTestAdapter, Microsoft.VisualStudio.QualityTools.Tips.UnitTest.Adapter, Version=11.0.0.0, Culture=neutral, PublicKeyToken=b03f5f7f11d50a3a" className="ChessTests.KnightTests, ChessTests, Version=1.0.0.0, Culture=neutral, PublicKeyToken=null" name="canMoveWhiteKnightDownLeft" />
    </UnitTest>
    <UnitTest name="blackPawnCannotTakeEmptyPieceRight" storage="..\chesstests\bin\debug\chesstests.dll" id="d6be978c-e15f-fa6c-2dca-55f439cdf674">
      <Execution timeOut="1800000" id="fe14621e-e245-4877-a926-180165167ce7" />
      <TestMethod codeBase="C:/Users/ShaneH/Documents/Visual Studio 2012/Projects/Chess/ChessTests/bin/Debug/ChessTests.dll" adapterTypeName="Microsoft.VisualStudio.TestTools.TestTypes.Unit.UnitTestAdapter, Microsoft.VisualStudio.QualityTools.Tips.UnitTest.Adapter, Version=11.0.0.0, Culture=neutral, PublicKeyToken=b03f5f7f11d50a3a" className="ChessTests.PawnTests, ChessTests, Version=1.0.0.0, Culture=neutral, PublicKeyToken=null" name="blackPawnCannotTakeEmptyPieceRight" />
    </UnitTest>
    <UnitTest name="cannotCaptureOwnPieceRightBottom" storage="..\chesstests\bin\debug\chesstests.dll" id="c281314e-828d-e156-cbd7-96cd2b327ed0">
      <Execution timeOut="1800000" id="99d68723-92bb-4fa8-973f-df04360b4f47" />
      <TestMethod codeBase="C:/Users/ShaneH/Documents/Visual Studio 2012/Projects/Chess/ChessTests/bin/Debug/ChessTests.dll" adapterTypeName="Microsoft.VisualStudio.TestTools.TestTypes.Unit.UnitTestAdapter, Microsoft.VisualStudio.QualityTools.Tips.UnitTest.Adapter, Version=11.0.0.0, Culture=neutral, PublicKeyToken=b03f5f7f11d50a3a" className="ChessTests.KnightTests, ChessTests, Version=1.0.0.0, Culture=neutral, PublicKeyToken=null" name="cannotCaptureOwnPieceRightBottom" />
    </UnitTest>
    <UnitTest name="canMoveQueenHorizontallyLeft" storage="..\chesstests\bin\debug\chesstests.dll" id="62090d81-bf34-b23d-be59-e474692bb2bb">
      <Execution timeOut="1800000" id="76e3c139-dcca-462c-80fd-280760bbc4e8" />
      <TestMethod codeBase="C:/Users/ShaneH/Documents/Visual Studio 2012/Projects/Chess/ChessTests/bin/Debug/ChessTests.dll" adapterTypeName="Microsoft.VisualStudio.TestTools.TestTypes.Unit.UnitTestAdapter, Microsoft.VisualStudio.QualityTools.Tips.UnitTest.Adapter, Version=11.0.0.0, Culture=neutral, PublicKeyToken=b03f5f7f11d50a3a" className="ChessTests.QueenTests, ChessTests, Version=1.0.0.0, Culture=neutral, PublicKeyToken=null" name="canMoveQueenHorizontallyLeft" />
    </UnitTest>
    <UnitTest name="canMoveWhiteKnightUpRight" storage="..\chesstests\bin\debug\chesstests.dll" id="020bc553-c880-41f6-e7a5-5598075d4e67">
      <Execution timeOut="1800000" id="a7d85fad-2df6-4649-ad6e-b91540667198" />
      <TestMethod codeBase="C:/Users/ShaneH/Documents/Visual Studio 2012/Projects/Chess/ChessTests/bin/Debug/ChessTests.dll" adapterTypeName="Microsoft.VisualStudio.TestTools.TestTypes.Unit.UnitTestAdapter, Microsoft.VisualStudio.QualityTools.Tips.UnitTest.Adapter, Version=11.0.0.0, Culture=neutral, PublicKeyToken=b03f5f7f11d50a3a" className="ChessTests.KnightTests, ChessTests, Version=1.0.0.0, Culture=neutral, PublicKeyToken=null" name="canMoveWhiteKnightUpRight" />
    </UnitTest>
    <UnitTest name="cannotMoveRookePastCaptureHorizontallyLeft" storage="..\chesstests\bin\debug\chesstests.dll" id="025d6265-5376-21a5-89b8-81799288836d">
      <Execution timeOut="1800000" id="0c491a4c-f942-4a8d-b7e4-72693be434fd" />
      <TestMethod codeBase="C:/Users/ShaneH/Documents/Visual Studio 2012/Projects/Chess/ChessTests/bin/Debug/ChessTests.dll" adapterTypeName="Microsoft.VisualStudio.TestTools.TestTypes.Unit.UnitTestAdapter, Microsoft.VisualStudio.QualityTools.Tips.UnitTest.Adapter, Version=11.0.0.0, Culture=neutral, PublicKeyToken=b03f5f7f11d50a3a" className="ChessTests.RookeTests, ChessTests, Version=1.0.0.0, Culture=neutral, PublicKeyToken=null" name="cannotMoveRookePastCaptureHorizontallyLeft" />
    </UnitTest>
    <UnitTest name="whitePawnCanMoveTwoSpacesAtStart" storage="..\chesstests\bin\debug\chesstests.dll" id="31b640ce-2e58-2f38-568e-804147d116f8">
      <Execution timeOut="1800000" id="83d51541-9f70-4573-aa2e-84e508c8b92b" />
      <TestMethod codeBase="C:/Users/ShaneH/Documents/Visual Studio 2012/Projects/Chess/ChessTests/bin/Debug/ChessTests.dll" adapterTypeName="Microsoft.VisualStudio.TestTools.TestTypes.Unit.UnitTestAdapter, Microsoft.VisualStudio.QualityTools.Tips.UnitTest.Adapter, Version=11.0.0.0, Culture=neutral, PublicKeyToken=b03f5f7f11d50a3a" className="ChessTests.PawnTests, ChessTests, Version=1.0.0.0, Culture=neutral, PublicKeyToken=null" name="whitePawnCanMoveTwoSpacesAtStart" />
    </UnitTest>
    <UnitTest name="canMoveBlackKnightDownLeft" storage="..\chesstests\bin\debug\chesstests.dll" id="708e0fda-e1a5-7f8b-3069-c1364aee94b5">
      <Execution timeOut="1800000" id="e1ee9732-f318-43f0-b256-3ab8a0ad173f" />
      <TestMethod codeBase="C:/Users/ShaneH/Documents/Visual Studio 2012/Projects/Chess/ChessTests/bin/Debug/ChessTests.dll" adapterTypeName="Microsoft.VisualStudio.TestTools.TestTypes.Unit.UnitTestAdapter, Microsoft.VisualStudio.QualityTools.Tips.UnitTest.Adapter, Version=11.0.0.0, Culture=neutral, PublicKeyToken=b03f5f7f11d50a3a" className="ChessTests.KnightTests, ChessTests, Version=1.0.0.0, Culture=neutral, PublicKeyToken=null" name="canMoveBlackKnightDownLeft" />
    </UnitTest>
    <UnitTest name="canMoveWhiteKnightLeftUp" storage="..\chesstests\bin\debug\chesstests.dll" id="ed293079-60d8-dd36-58ca-ab1711252e1b">
      <Execution timeOut="1800000" id="775b162e-00d7-4cfb-8e9f-219b338fa4eb" />
      <TestMethod codeBase="C:/Users/ShaneH/Documents/Visual Studio 2012/Projects/Chess/ChessTests/bin/Debug/ChessTests.dll" adapterTypeName="Microsoft.VisualStudio.TestTools.TestTypes.Unit.UnitTestAdapter, Microsoft.VisualStudio.QualityTools.Tips.UnitTest.Adapter, Version=11.0.0.0, Culture=neutral, PublicKeyToken=b03f5f7f11d50a3a" className="ChessTests.KnightTests, ChessTests, Version=1.0.0.0, Culture=neutral, PublicKeyToken=null" name="canMoveWhiteKnightLeftUp" />
    </UnitTest>
    <UnitTest name="areOddRowColoursSetup" storage="..\chesstests\bin\debug\chesstests.dll" id="d4ac55cd-7290-4fbf-9991-5ab16bc1fda2">
      <Execution timeOut="1800000" id="ccbf2b5c-48ef-4721-8442-fd4cc735bd59" />
      <TestMethod codeBase="C:/Users/ShaneH/Documents/Visual Studio 2012/Projects/Chess/ChessTests/bin/Debug/ChessTests.dll" adapterTypeName="Microsoft.VisualStudio.TestTools.TestTypes.Unit.UnitTestAdapter, Microsoft.VisualStudio.QualityTools.Tips.UnitTest.Adapter, Version=11.0.0.0, Culture=neutral, PublicKeyToken=b03f5f7f11d50a3a" className="ChessTests.ChessTests, ChessTests, Version=1.0.0.0, Culture=neutral, PublicKeyToken=null" name="areOddRowColoursSetup" />
    </UnitTest>
    <UnitTest name="moveEnPassantRightRemovesPiece" storage="..\chesstests\bin\debug\chesstests.dll" id="978c0671-8eb9-8633-411e-8b65bb821d6c">
      <Execution timeOut="1800000" id="2a028067-5d7c-4317-b1fe-d65e397bc277" />
      <TestMethod codeBase="C:/Users/ShaneH/Documents/Visual Studio 2012/Projects/Chess/ChessTests/bin/Debug/ChessTests.dll" adapterTypeName="Microsoft.VisualStudio.TestTools.TestTypes.Unit.UnitTestAdapter, Microsoft.VisualStudio.QualityTools.Tips.UnitTest.Adapter, Version=11.0.0.0, Culture=neutral, PublicKeyToken=b03f5f7f11d50a3a" className="ChessTests.PawnTests, ChessTests, Version=1.0.0.0, Culture=neutral, PublicKeyToken=null" name="moveEnPassantRightRemovesPiece" />
    </UnitTest>
    <UnitTest name="cannotCaptureOwnPieceLeftBottom" storage="..\chesstests\bin\debug\chesstests.dll" id="ad975496-37d7-dfa8-72c5-ed19caf4b8d6">
      <Execution timeOut="1800000" id="e60d879a-fe34-435a-8736-ff6613930d21" />
      <TestMethod codeBase="C:/Users/ShaneH/Documents/Visual Studio 2012/Projects/Chess/ChessTests/bin/Debug/ChessTests.dll" adapterTypeName="Microsoft.VisualStudio.TestTools.TestTypes.Unit.UnitTestAdapter, Microsoft.VisualStudio.QualityTools.Tips.UnitTest.Adapter, Version=11.0.0.0, Culture=neutral, PublicKeyToken=b03f5f7f11d50a3a" className="ChessTests.KnightTests, ChessTests, Version=1.0.0.0, Culture=neutral, PublicKeyToken=null" name="cannotCaptureOwnPieceLeftBottom" />
    </UnitTest>
    <UnitTest name="nullCellNeverEqual" storage="..\chesstests\bin\debug\chesstests.dll" id="c9eef1b9-2601-24e4-e66c-677a0f68bfe9">
      <Execution timeOut="1800000" id="3e9715ab-40fc-4731-a8b1-c40aab4b3571" />
      <TestMethod codeBase="C:/Users/ShaneH/Documents/Visual Studio 2012/Projects/Chess/ChessTests/bin/Debug/ChessTests.dll" adapterTypeName="Microsoft.VisualStudio.TestTools.TestTypes.Unit.UnitTestAdapter, Microsoft.VisualStudio.QualityTools.Tips.UnitTest.Adapter, Version=11.0.0.0, Culture=neutral, PublicKeyToken=b03f5f7f11d50a3a" className="ChessTests.ChessTests, ChessTests, Version=1.0.0.0, Culture=neutral, PublicKeyToken=null" name="nullCellNeverEqual" />
    </UnitTest>
    <UnitTest name="areBottom2RowsWhite" storage="..\chesstests\bin\debug\chesstests.dll" id="689961f3-b549-c9f7-fc0a-74afd1b1e274">
      <Execution timeOut="1800000" id="a4d36c85-2a85-489d-a19f-ac38cd394c68" />
      <TestMethod codeBase="C:/Users/ShaneH/Documents/Visual Studio 2012/Projects/Chess/ChessTests/bin/Debug/ChessTests.dll" adapterTypeName="Microsoft.VisualStudio.TestTools.TestTypes.Unit.UnitTestAdapter, Microsoft.VisualStudio.QualityTools.Tips.UnitTest.Adapter, Version=11.0.0.0, Culture=neutral, PublicKeyToken=b03f5f7f11d50a3a" className="ChessTests.ChessTests, ChessTests, Version=1.0.0.0, Culture=neutral, PublicKeyToken=null" name="areBottom2RowsWhite" />
    </UnitTest>
    <UnitTest name="areMiddleCellsEmpty" storage="..\chesstests\bin\debug\chesstests.dll" id="9d752e3a-962f-b4d2-f688-e9e19ffd27bf">
      <Execution timeOut="1800000" id="20bb3180-60b4-40d9-b99d-9301afc5143d" />
      <TestMethod codeBase="C:/Users/ShaneH/Documents/Visual Studio 2012/Projects/Chess/ChessTests/bin/Debug/ChessTests.dll" adapterTypeName="Microsoft.VisualStudio.TestTools.TestTypes.Unit.UnitTestAdapter, Microsoft.VisualStudio.QualityTools.Tips.UnitTest.Adapter, Version=11.0.0.0, Culture=neutral, PublicKeyToken=b03f5f7f11d50a3a" className="ChessTests.ChessTests, ChessTests, Version=1.0.0.0, Culture=neutral, PublicKeyToken=null" name="areMiddleCellsEmpty" />
    </UnitTest>
    <UnitTest name="cannotMove2AtStartIfPieceJustInFront" storage="..\chesstests\bin\debug\chesstests.dll" id="f4345ccc-f7f8-a9d0-d85f-f34d1eaed95e">
      <Execution timeOut="1800000" id="ec401fff-f775-49c0-844a-f524cc52db44" />
      <TestMethod codeBase="C:/Users/ShaneH/Documents/Visual Studio 2012/Projects/Chess/ChessTests/bin/Debug/ChessTests.dll" adapterTypeName="Microsoft.VisualStudio.TestTools.TestTypes.Unit.UnitTestAdapter, Microsoft.VisualStudio.QualityTools.Tips.UnitTest.Adapter, Version=11.0.0.0, Culture=neutral, PublicKeyToken=b03f5f7f11d50a3a" className="ChessTests.PawnTests, ChessTests, Version=1.0.0.0, Culture=neutral, PublicKeyToken=null" name="cannotMove2AtStartIfPieceJustInFront" />
    </UnitTest>
    <UnitTest name="areTop2RowsBlack" storage="..\chesstests\bin\debug\chesstests.dll" id="4ed072d2-7529-fe73-ad46-07bd95268187">
      <Execution timeOut="1800000" id="28774cc2-70b6-40d9-bd40-2dd12d3e7f59" />
      <TestMethod codeBase="C:/Users/ShaneH/Documents/Visual Studio 2012/Projects/Chess/ChessTests/bin/Debug/ChessTests.dll" adapterTypeName="Microsoft.VisualStudio.TestTools.TestTypes.Unit.UnitTestAdapter, Microsoft.VisualStudio.QualityTools.Tips.UnitTest.Adapter, Version=11.0.0.0, Culture=neutral, PublicKeyToken=b03f5f7f11d50a3a" className="ChessTests.ChessTests, ChessTests, Version=1.0.0.0, Culture=neutral, PublicKeyToken=null" name="areTop2RowsBlack" />
    </UnitTest>
    <UnitTest name="areMiddleRowsPlayerColourNone" storage="..\chesstests\bin\debug\chesstests.dll" id="b4976dbf-056c-73f6-1b78-f13c2b1d127b">
      <Execution timeOut="1800000" id="47c34c29-4b18-4fb1-b642-9a6d61be6e5c" />
      <TestMethod codeBase="C:/Users/ShaneH/Documents/Visual Studio 2012/Projects/Chess/ChessTests/bin/Debug/ChessTests.dll" adapterTypeName="Microsoft.VisualStudio.TestTools.TestTypes.Unit.UnitTestAdapter, Microsoft.VisualStudio.QualityTools.Tips.UnitTest.Adapter, Version=11.0.0.0, Culture=neutral, PublicKeyToken=b03f5f7f11d50a3a" className="ChessTests.ChessTests, ChessTests, Version=1.0.0.0, Culture=neutral, PublicKeyToken=null" name="areMiddleRowsPlayerColourNone" />
    </UnitTest>
    <UnitTest name="areEvenRowColoursSetup" storage="..\chesstests\bin\debug\chesstests.dll" id="64ef643a-95e0-b1de-5aee-37e849e90430">
      <Execution timeOut="1800000" id="8ba41f8d-b2c0-4268-a59c-24e7f552468f" />
      <TestMethod codeBase="C:/Users/ShaneH/Documents/Visual Studio 2012/Projects/Chess/ChessTests/bin/Debug/ChessTests.dll" adapterTypeName="Microsoft.VisualStudio.TestTools.TestTypes.Unit.UnitTestAdapter, Microsoft.VisualStudio.QualityTools.Tips.UnitTest.Adapter, Version=11.0.0.0, Culture=neutral, PublicKeyToken=b03f5f7f11d50a3a" className="ChessTests.ChessTests, ChessTests, Version=1.0.0.0, Culture=neutral, PublicKeyToken=null" name="areEvenRowColoursSetup" />
    </UnitTest>
    <UnitTest name="pieceHasNoValidMoves" storage="..\chesstests\bin\debug\chesstests.dll" id="dafe7a1e-3bd2-12cf-e3a7-a7dc8926d90c">
      <Execution timeOut="1800000" id="43d29180-092b-4169-9ec5-4dddf5dfa383" />
      <TestMethod codeBase="C:/Users/ShaneH/Documents/Visual Studio 2012/Projects/Chess/ChessTests/bin/Debug/ChessTests.dll" adapterTypeName="Microsoft.VisualStudio.TestTools.TestTypes.Unit.UnitTestAdapter, Microsoft.VisualStudio.QualityTools.Tips.UnitTest.Adapter, Version=11.0.0.0, Culture=neutral, PublicKeyToken=b03f5f7f11d50a3a" className="ChessTests.ChessTests, ChessTests, Version=1.0.0.0, Culture=neutral, PublicKeyToken=null" name="pieceHasNoValidMoves" />
    </UnitTest>
    <UnitTest name="cannotJumpOppositionDiagDownRight" storage="..\chesstests\bin\debug\chesstests.dll" id="ee426e89-ab85-59c3-0fcf-e94b5b68ecd0">
      <Execution timeOut="1800000" id="ca25e78c-fde2-4e3c-88db-a585f52ef84a" />
      <TestMethod codeBase="C:/Users/ShaneH/Documents/Visual Studio 2012/Projects/Chess/ChessTests/bin/Debug/ChessTests.dll" adapterTypeName="Microsoft.VisualStudio.TestTools.TestTypes.Unit.UnitTestAdapter, Microsoft.VisualStudio.QualityTools.Tips.UnitTest.Adapter, Version=11.0.0.0, Culture=neutral, PublicKeyToken=b03f5f7f11d50a3a" className="ChessTests.BishopTests, ChessTests, Version=1.0.0.0, Culture=neutral, PublicKeyToken=null" name="cannotJumpOppositionDiagDownRight" />
    </UnitTest>
    <UnitTest name="isCellEmptyWhenMovedOff" storage="..\chesstests\bin\debug\chesstests.dll" id="bedd4628-a316-a455-e74b-113d5ac3b3c8">
      <Execution timeOut="1800000" id="36c717f5-9f3a-4c13-bd1c-42aac61e697c" />
      <TestMethod codeBase="C:/Users/ShaneH/Documents/Visual Studio 2012/Projects/Chess/ChessTests/bin/Debug/ChessTests.dll" adapterTypeName="Microsoft.VisualStudio.TestTools.TestTypes.Unit.UnitTestAdapter, Microsoft.VisualStudio.QualityTools.Tips.UnitTest.Adapter, Version=11.0.0.0, Culture=neutral, PublicKeyToken=b03f5f7f11d50a3a" className="ChessTests.ChessTests, ChessTests, Version=1.0.0.0, Culture=neutral, PublicKeyToken=null" name="isCellEmptyWhenMovedOff" />
    </UnitTest>
    <UnitTest name="cannotJumpOppositionDiagUpRight" storage="..\chesstests\bin\debug\chesstests.dll" id="6569eff2-7f15-ccb7-f02b-db4adb59c7db">
      <Execution timeOut="1800000" id="cc80822f-0902-4b46-9d5f-f5a2054f276e" />
      <TestMethod codeBase="C:/Users/ShaneH/Documents/Visual Studio 2012/Projects/Chess/ChessTests/bin/Debug/ChessTests.dll" adapterTypeName="Microsoft.VisualStudio.TestTools.TestTypes.Unit.UnitTestAdapter, Microsoft.VisualStudio.QualityTools.Tips.UnitTest.Adapter, Version=11.0.0.0, Culture=neutral, PublicKeyToken=b03f5f7f11d50a3a" className="ChessTests.BishopTests, ChessTests, Version=1.0.0.0, Culture=neutral, PublicKeyToken=null" name="cannotJumpOppositionDiagUpRight" />
    </UnitTest>
    <UnitTest name="whitePawnCannotMoveTwoSpacesAfterStart" storage="..\chesstests\bin\debug\chesstests.dll" id="35ff0ac0-4840-970b-a280-9a148d7f7af4">
      <Execution timeOut="1800000" id="dad2daf9-f12e-40cb-b1cd-a1f831793ac2" />
      <TestMethod codeBase="C:/Users/ShaneH/Documents/Visual Studio 2012/Projects/Chess/ChessTests/bin/Debug/ChessTests.dll" adapterTypeName="Microsoft.VisualStudio.TestTools.TestTypes.Unit.UnitTestAdapter, Microsoft.VisualStudio.QualityTools.Tips.UnitTest.Adapter, Version=11.0.0.0, Culture=neutral, PublicKeyToken=b03f5f7f11d50a3a" className="ChessTests.PawnTests, ChessTests, Version=1.0.0.0, Culture=neutral, PublicKeyToken=null" name="whitePawnCannotMoveTwoSpacesAfterStart" />
    </UnitTest>
    <UnitTest name="cannotMoveRookePastCaptureHorizontallyRight" storage="..\chesstests\bin\debug\chesstests.dll" id="97677ad5-5979-7bdf-4362-02ea31bbd819">
      <Execution timeOut="1800000" id="9558208c-6ea2-466d-a8a3-4f2de626b0bd" />
      <TestMethod codeBase="C:/Users/ShaneH/Documents/Visual Studio 2012/Projects/Chess/ChessTests/bin/Debug/ChessTests.dll" adapterTypeName="Microsoft.VisualStudio.TestTools.TestTypes.Unit.UnitTestAdapter, Microsoft.VisualStudio.QualityTools.Tips.UnitTest.Adapter, Version=11.0.0.0, Culture=neutral, PublicKeyToken=b03f5f7f11d50a3a" className="ChessTests.RookeTests, ChessTests, Version=1.0.0.0, Culture=neutral, PublicKeyToken=null" name="cannotMoveRookePastCaptureHorizontallyRight" />
    </UnitTest>
  </TestDefinitions>
  <TestLists>
    <TestList name="Results Not in a List" id="8c84fa94-04c1-424b-9868-57a2d4851a1d" />
    <TestList name="All Loaded Results" id="19431567-8539-422a-85d7-44ee4e166bda" />
  </TestLists>
  <TestEntries>
    <TestEntry testId="bab2dab8-39f1-b478-4ef5-4dc0427dc7d9" executionId="57847385-5f08-494b-9aee-a5a675b3e820" testListId="8c84fa94-04c1-424b-9868-57a2d4851a1d" />
    <TestEntry testId="b1d1289f-9e7e-87c4-873a-568aec1ab10b" executionId="c99e56e4-cf43-4f00-b087-d0f3e3bad4b6" testListId="8c84fa94-04c1-424b-9868-57a2d4851a1d" />
    <TestEntry testId="cea9a2db-b9b4-5c44-cdae-ea8c559aa5ab" executionId="d1a2a03e-f18b-43dd-a4eb-94e24b8a5455" testListId="8c84fa94-04c1-424b-9868-57a2d4851a1d" />
    <TestEntry testId="f758d7bc-486f-01b2-cb64-d4b549c6a040" executionId="52838813-e383-491f-a935-86df962b863c" testListId="8c84fa94-04c1-424b-9868-57a2d4851a1d" />
    <TestEntry testId="cbde31ee-3d88-9411-c095-9535119853f5" executionId="58dec2f0-1ab1-492d-a51c-4e5cc600d0a8" testListId="8c84fa94-04c1-424b-9868-57a2d4851a1d" />
    <TestEntry testId="7b64562e-3d29-ccc9-9a6a-4aaf39707ed4" executionId="b6e9f4ce-0b78-4846-8280-3da46641e11c" testListId="8c84fa94-04c1-424b-9868-57a2d4851a1d" />
    <TestEntry testId="87b4a0e4-779f-40d0-ae2d-3dbb1b295cb5" executionId="f9cb55e1-1c77-45b3-8a8c-0975be261e90" testListId="8c84fa94-04c1-424b-9868-57a2d4851a1d" />
    <TestEntry testId="f27377be-1934-c9f6-8d07-ac7266d1d2f6" executionId="438f7140-66bb-4f4a-9a3b-ac28927a2edf" testListId="8c84fa94-04c1-424b-9868-57a2d4851a1d" />
    <TestEntry testId="fd4c62da-b4fc-b947-da46-845314dd7c18" executionId="d6e924f1-8d40-4d14-84d9-c2da132ca97a" testListId="8c84fa94-04c1-424b-9868-57a2d4851a1d" />
    <TestEntry testId="ee426e89-ab85-59c3-0fcf-e94b5b68ecd0" executionId="ca25e78c-fde2-4e3c-88db-a585f52ef84a" testListId="8c84fa94-04c1-424b-9868-57a2d4851a1d" />
    <TestEntry testId="a1f929ba-6b28-ee21-359e-cf5d46cf368a" executionId="770e40b9-5c84-4f62-9547-482ea2f2f533" testListId="8c84fa94-04c1-424b-9868-57a2d4851a1d" />
    <TestEntry testId="6569eff2-7f15-ccb7-f02b-db4adb59c7db" executionId="cc80822f-0902-4b46-9d5f-f5a2054f276e" testListId="8c84fa94-04c1-424b-9868-57a2d4851a1d" />
    <TestEntry testId="11146e4e-bbf4-ec57-67f8-0efcf6651dcd" executionId="732e2972-48af-4fb6-b3b2-b22e785a4ed3" testListId="8c84fa94-04c1-424b-9868-57a2d4851a1d" />
    <TestEntry testId="f39b25bd-516f-7ee4-27f1-d563c9037b60" executionId="f89e20bc-b9f2-4884-9304-dfbed6b4e0bb" testListId="8c84fa94-04c1-424b-9868-57a2d4851a1d" />
    <TestEntry testId="3562f988-caf6-e157-38af-47808bc40815" executionId="1480b76a-df6c-454c-b24f-a834a9eff155" testListId="8c84fa94-04c1-424b-9868-57a2d4851a1d" />
    <TestEntry testId="f2547ccb-ac70-9f08-d6b9-a2ccdc08bacc" executionId="ac8e3b0a-63c2-4faf-8ad6-07e3caab40a3" testListId="8c84fa94-04c1-424b-9868-57a2d4851a1d" />
    <TestEntry testId="88f3539a-9e52-4e5f-3a8e-6ac8f70db456" executionId="c4edd92e-043c-45d4-9557-1e3b429e8e7c" testListId="8c84fa94-04c1-424b-9868-57a2d4851a1d" />
    <TestEntry testId="0135c415-d464-98bd-b8b3-bd9c939f3dde" executionId="6ac9dee4-4fe7-4fb7-a193-e6b8183a493b" testListId="8c84fa94-04c1-424b-9868-57a2d4851a1d" />
    <TestEntry testId="59322b24-fed2-1448-d0b4-50356cfcbb98" executionId="d0c66aa6-02a4-4788-b4c9-aa9d225f34db" testListId="8c84fa94-04c1-424b-9868-57a2d4851a1d" />
    <TestEntry testId="689961f3-b549-c9f7-fc0a-74afd1b1e274" executionId="a4d36c85-2a85-489d-a19f-ac38cd394c68" testListId="8c84fa94-04c1-424b-9868-57a2d4851a1d" />
    <TestEntry testId="64ef643a-95e0-b1de-5aee-37e849e90430" executionId="8ba41f8d-b2c0-4268-a59c-24e7f552468f" testListId="8c84fa94-04c1-424b-9868-57a2d4851a1d" />
    <TestEntry testId="f4c8b637-ea9c-8efa-a91b-fbb27555fab4" executionId="0cafe950-aa1e-43cd-a6f9-726334ff04d3" testListId="8c84fa94-04c1-424b-9868-57a2d4851a1d" />
    <TestEntry testId="46a22037-07ac-0ccf-02e3-fd7145e502cd" executionId="50fb54e3-72b0-4fae-847a-1c101b287ebd" testListId="8c84fa94-04c1-424b-9868-57a2d4851a1d" />
    <TestEntry testId="9d752e3a-962f-b4d2-f688-e9e19ffd27bf" executionId="20bb3180-60b4-40d9-b99d-9301afc5143d" testListId="8c84fa94-04c1-424b-9868-57a2d4851a1d" />
    <TestEntry testId="b4976dbf-056c-73f6-1b78-f13c2b1d127b" executionId="47c34c29-4b18-4fb1-b642-9a6d61be6e5c" testListId="8c84fa94-04c1-424b-9868-57a2d4851a1d" />
    <TestEntry testId="d4ac55cd-7290-4fbf-9991-5ab16bc1fda2" executionId="ccbf2b5c-48ef-4721-8442-fd4cc735bd59" testListId="8c84fa94-04c1-424b-9868-57a2d4851a1d" />
    <TestEntry testId="197972f7-6197-faf7-a2b7-9fae8c675127" executionId="5b1da5be-b05c-427b-9474-c779756d4525" testListId="8c84fa94-04c1-424b-9868-57a2d4851a1d" />
    <TestEntry testId="fd75eb10-5261-cc1e-b982-ae741a061d34" executionId="7efde8d4-9eb0-4bbc-8994-e523b485527b" testListId="8c84fa94-04c1-424b-9868-57a2d4851a1d" />
    <TestEntry testId="3e21814f-4c9d-063d-798f-e0eaffbae55e" executionId="947e96ba-8520-42e2-bd85-53629a099579" testListId="8c84fa94-04c1-424b-9868-57a2d4851a1d" />
    <TestEntry testId="4ed072d2-7529-fe73-ad46-07bd95268187" executionId="28774cc2-70b6-40d9-bd40-2dd12d3e7f59" testListId="8c84fa94-04c1-424b-9868-57a2d4851a1d" />
    <TestEntry testId="8900ceac-b7b6-1032-98bc-f3e21d0abb21" executionId="503ab0ec-870a-4a45-a3c1-33d0083716f0" testListId="8c84fa94-04c1-424b-9868-57a2d4851a1d" />
    <TestEntry testId="005829d6-859e-9315-7aa3-e62df14cfd2f" executionId="baee88ca-66b7-49d3-afcf-bb3b59351b91" testListId="8c84fa94-04c1-424b-9868-57a2d4851a1d" />
    <TestEntry testId="7d98f31d-f1f6-0621-aa93-72560fa182b3" executionId="583073ac-eae0-4c45-a35e-4db730858219" testListId="8c84fa94-04c1-424b-9868-57a2d4851a1d" />
    <TestEntry testId="b7b09a89-f922-b298-bb69-6134762504c7" executionId="6563146b-3eef-4007-b655-a23e6e22dc17" testListId="8c84fa94-04c1-424b-9868-57a2d4851a1d" />
    <TestEntry testId="05d65582-adf5-1549-bdb6-f0e47270afd3" executionId="f220575f-c94f-4462-bf1a-9834add3aa38" testListId="8c84fa94-04c1-424b-9868-57a2d4851a1d" />
    <TestEntry testId="2622fed3-4e63-071a-2d6d-7db13abf1a89" executionId="87a59a59-09cf-4907-8efa-25caba2f0c48" testListId="8c84fa94-04c1-424b-9868-57a2d4851a1d" />
    <TestEntry testId="a5cecf0f-42c5-3103-c37e-7de0c32f1d40" executionId="9bedde4e-e0e7-40ca-aa51-e7126d0b485d" testListId="8c84fa94-04c1-424b-9868-57a2d4851a1d" />
    <TestEntry testId="18c1f855-99f0-d7c9-3814-1b9500d79abb" executionId="c9bf42f4-34e8-48ec-ac74-41ae1dff2243" testListId="8c84fa94-04c1-424b-9868-57a2d4851a1d" />
    <TestEntry testId="b899b54b-1fed-9cb3-745e-fba087b88573" executionId="2c4152ba-53d0-48e4-a891-525c571f20d3" testListId="8c84fa94-04c1-424b-9868-57a2d4851a1d" />
    <TestEntry testId="56379117-1d4e-106a-e150-22beb95db5f6" executionId="bfd842e4-2836-4cca-a0d9-2e0670c0d92f" testListId="8c84fa94-04c1-424b-9868-57a2d4851a1d" />
    <TestEntry testId="bedd4628-a316-a455-e74b-113d5ac3b3c8" executionId="36c717f5-9f3a-4c13-bd1c-42aac61e697c" testListId="8c84fa94-04c1-424b-9868-57a2d4851a1d" />
    <TestEntry testId="c9eef1b9-2601-24e4-e66c-677a0f68bfe9" executionId="3e9715ab-40fc-4731-a8b1-c40aab4b3571" testListId="8c84fa94-04c1-424b-9868-57a2d4851a1d" />
    <TestEntry testId="dafe7a1e-3bd2-12cf-e3a7-a7dc8926d90c" executionId="43d29180-092b-4169-9ec5-4dddf5dfa383" testListId="8c84fa94-04c1-424b-9868-57a2d4851a1d" />
    <TestEntry testId="db17ca7a-fdcd-e135-ff66-0041667888a6" executionId="c23e7fbc-5752-4d67-9b71-e7a5a576cdf9" testListId="8c84fa94-04c1-424b-9868-57a2d4851a1d" />
    <TestEntry testId="5ba4e3e7-6993-ed4b-8ced-e1d13c26b064" executionId="9953b638-7c80-43b7-a45e-6dc83294b1d5" testListId="8c84fa94-04c1-424b-9868-57a2d4851a1d" />
    <TestEntry testId="708e0fda-e1a5-7f8b-3069-c1364aee94b5" executionId="e1ee9732-f318-43f0-b256-3ab8a0ad173f" testListId="8c84fa94-04c1-424b-9868-57a2d4851a1d" />
    <TestEntry testId="5e1118ed-9b53-f770-8503-6b91f9e32547" executionId="f185faf7-9253-4832-86c4-4437b5b19024" testListId="8c84fa94-04c1-424b-9868-57a2d4851a1d" />
    <TestEntry testId="6cf57c02-d527-684a-9612-4d68bc5f29f6" executionId="8e853827-0329-4d1a-8a4d-ffe55c0a3ad3" testListId="8c84fa94-04c1-424b-9868-57a2d4851a1d" />
    <TestEntry testId="89133348-f31e-9131-8497-14e1440854d8" executionId="85a1ebac-e664-412c-a191-3ce33bb4d2e3" testListId="8c84fa94-04c1-424b-9868-57a2d4851a1d" />
    <TestEntry testId="da7f9d67-6583-5b93-3103-caab5031e2e0" executionId="1dd606d6-9cfa-4e43-97b6-269017167a43" testListId="8c84fa94-04c1-424b-9868-57a2d4851a1d" />
    <TestEntry testId="b6442f0f-5bfd-8c1c-ad13-f1d69b3a8a06" executionId="0a48ede7-e72b-4a23-83dc-5cf43d475c6c" testListId="8c84fa94-04c1-424b-9868-57a2d4851a1d" />
    <TestEntry testId="dec0744b-b5da-6a4d-ad0a-355a63963703" executionId="83681561-1b57-4030-9b68-65d4040dd4e7" testListId="8c84fa94-04c1-424b-9868-57a2d4851a1d" />
    <TestEntry testId="aec32abe-a9a4-ee33-7558-1c7c2a3fabec" executionId="7c7487b7-99b2-48e7-9fd1-3410c75e2229" testListId="8c84fa94-04c1-424b-9868-57a2d4851a1d" />
    <TestEntry testId="129b002c-1fd8-a858-11b5-efb8011f1c66" executionId="81bf7b29-5abc-4236-a4f1-84e1f2a49b24" testListId="8c84fa94-04c1-424b-9868-57a2d4851a1d" />
    <TestEntry testId="3d0b3fd5-ed3e-b00a-e692-69db01d97037" executionId="023f7e04-e503-4bd6-a80c-55be424e1faf" testListId="8c84fa94-04c1-424b-9868-57a2d4851a1d" />
    <TestEntry testId="cf3b5912-6ae6-e0a1-b350-a9a883f44204" executionId="051ff920-58a0-4277-a935-11e0e48fea59" testListId="8c84fa94-04c1-424b-9868-57a2d4851a1d" />
    <TestEntry testId="ed293079-60d8-dd36-58ca-ab1711252e1b" executionId="775b162e-00d7-4cfb-8e9f-219b338fa4eb" testListId="8c84fa94-04c1-424b-9868-57a2d4851a1d" />
    <TestEntry testId="b1cacb72-0763-fed2-dae6-92a0ddd885e0" executionId="72bd71ae-98fa-48bd-a8d7-95c3d3b90efb" testListId="8c84fa94-04c1-424b-9868-57a2d4851a1d" />
    <TestEntry testId="b48545f1-36d0-2752-215f-8475388c03a6" executionId="d63b122c-a6a9-4cad-ac6e-72e662cde92e" testListId="8c84fa94-04c1-424b-9868-57a2d4851a1d" />
    <TestEntry testId="01e1d85e-511b-f54c-a1a1-900d1b604f70" executionId="bb4d98cb-5f5f-4045-9194-6c8ea8303766" testListId="8c84fa94-04c1-424b-9868-57a2d4851a1d" />
    <TestEntry testId="020bc553-c880-41f6-e7a5-5598075d4e67" executionId="a7d85fad-2df6-4649-ad6e-b91540667198" testListId="8c84fa94-04c1-424b-9868-57a2d4851a1d" />
    <TestEntry testId="5549ceba-3e9a-6148-26c8-8ad403ffbfa1" executionId="559294e7-4611-4022-b7d7-714c9bd6b6cb" testListId="8c84fa94-04c1-424b-9868-57a2d4851a1d" />
    <TestEntry testId="12e63596-1c4e-b553-8314-65281f6114b3" executionId="62880fd6-0cfa-4f32-bd25-5cd8f3100856" testListId="8c84fa94-04c1-424b-9868-57a2d4851a1d" />
    <TestEntry testId="ad975496-37d7-dfa8-72c5-ed19caf4b8d6" executionId="e60d879a-fe34-435a-8736-ff6613930d21" testListId="8c84fa94-04c1-424b-9868-57a2d4851a1d" />
    <TestEntry testId="40d1b41f-84e9-0b2b-3898-954b6294bb34" executionId="d72499d3-60ad-4ff0-a7be-7611d576a9a2" testListId="8c84fa94-04c1-424b-9868-57a2d4851a1d" />
    <TestEntry testId="c281314e-828d-e156-cbd7-96cd2b327ed0" executionId="99d68723-92bb-4fa8-973f-df04360b4f47" testListId="8c84fa94-04c1-424b-9868-57a2d4851a1d" />
    <TestEntry testId="84067fc2-a576-9ac6-6f3c-59ca7fae01b3" executionId="59f7a0cb-cbf5-4722-8048-65a8a44fe40a" testListId="8c84fa94-04c1-424b-9868-57a2d4851a1d" />
    <TestEntry testId="3b8989d4-9468-d4f5-4fa5-0c83cef3e6e3" executionId="461fe093-aa6c-4b73-a120-d17fbdfd7725" testListId="8c84fa94-04c1-424b-9868-57a2d4851a1d" />
    <TestEntry testId="8b767757-2d46-6db2-6c72-a25020070dc1" executionId="c296b598-643f-461b-a6bd-927b241e6df1" testListId="8c84fa94-04c1-424b-9868-57a2d4851a1d" />
    <TestEntry testId="f1a715f9-9cf1-9e64-a4be-97f94a04714c" executionId="59ab8721-f90a-427f-9fff-aa353c0c1942" testListId="8c84fa94-04c1-424b-9868-57a2d4851a1d" />
    <TestEntry testId="98edb5da-2506-8b04-eeed-1852ef2aaf00" executionId="603a0301-dcd0-457f-84f2-51f3f8a3b088" testListId="8c84fa94-04c1-424b-9868-57a2d4851a1d" />
    <TestEntry testId="070484d8-b78f-e4c9-05d6-cba7187facb9" executionId="d5cbf5df-4374-442b-9774-be77fcb4d066" testListId="8c84fa94-04c1-424b-9868-57a2d4851a1d" />
    <TestEntry testId="0c39fefa-5032-d364-0d53-99bb085e0982" executionId="6f53dc22-237c-442d-81f1-06b61a283d4a" testListId="8c84fa94-04c1-424b-9868-57a2d4851a1d" />
    <TestEntry testId="072141a6-213d-f7c1-ad94-78892f83b7a0" executionId="d672014f-2e65-4119-810d-04e28bb1ca3b" testListId="8c84fa94-04c1-424b-9868-57a2d4851a1d" />
    <TestEntry testId="cb78d65f-db30-1067-6355-33912c9c98b3" executionId="344445f7-128f-4da0-888a-1cb92f534433" testListId="8c84fa94-04c1-424b-9868-57a2d4851a1d" />
    <TestEntry testId="8e7b2879-f716-116d-99dc-23f8e18ae182" executionId="d9e349d7-7a64-42f0-b418-7e4a6772e30c" testListId="8c84fa94-04c1-424b-9868-57a2d4851a1d" />
    <TestEntry testId="d6be978c-e15f-fa6c-2dca-55f439cdf674" executionId="fe14621e-e245-4877-a926-180165167ce7" testListId="8c84fa94-04c1-424b-9868-57a2d4851a1d" />
    <TestEntry testId="31f39857-46fe-cad3-eea6-de16b677be95" executionId="f4728b05-d423-4c3f-a53d-7a165da76d62" testListId="8c84fa94-04c1-424b-9868-57a2d4851a1d" />
    <TestEntry testId="af7199b0-e83f-767d-57c7-bef2cae34aa3" executionId="a5cfc212-26e4-4c22-8241-54673f534de0" testListId="8c84fa94-04c1-424b-9868-57a2d4851a1d" />
    <TestEntry testId="74218563-c78e-d800-7101-79460a2a54a4" executionId="fd14647c-83a7-4723-acdc-e0d9e7e721e8" testListId="8c84fa94-04c1-424b-9868-57a2d4851a1d" />
    <TestEntry testId="2ead5f87-4f49-9731-8b7d-274f7728f6ce" executionId="aac009a8-1dcc-40e6-8958-8c3db6cb62aa" testListId="8c84fa94-04c1-424b-9868-57a2d4851a1d" />
    <TestEntry testId="f4345ccc-f7f8-a9d0-d85f-f34d1eaed95e" executionId="ec401fff-f775-49c0-844a-f524cc52db44" testListId="8c84fa94-04c1-424b-9868-57a2d4851a1d" />
    <TestEntry testId="1889f775-0977-2f85-bcf9-6dc4aeb0834c" executionId="ca7782f4-9539-4ea9-bc23-2e35a08de2ba" testListId="8c84fa94-04c1-424b-9868-57a2d4851a1d" />
    <TestEntry testId="e4425b0f-0cb4-e465-5faf-5fa77fa81a46" executionId="00f65750-6490-4286-bbf0-034565551969" testListId="8c84fa94-04c1-424b-9868-57a2d4851a1d" />
    <TestEntry testId="17c89217-fc60-adea-d5e7-d8f5759cacf3" executionId="636d6c63-f46e-4314-b7ac-8fe6d2dbeb50" testListId="8c84fa94-04c1-424b-9868-57a2d4851a1d" />
    <TestEntry testId="557ea181-0881-47c7-90a7-baa142d9c0b1" executionId="f55d3cb5-3266-45b5-a684-ea9aafcef998" testListId="8c84fa94-04c1-424b-9868-57a2d4851a1d" />
    <TestEntry testId="72153cfe-4389-9773-f6fd-6685bb51f896" executionId="212e2146-9c54-42c7-bf7b-521ab868f0fd" testListId="8c84fa94-04c1-424b-9868-57a2d4851a1d" />
    <TestEntry testId="77a8b315-06d4-5fac-05d9-90fcccdac88f" executionId="01dae60f-c385-465a-ba88-82d941b91158" testListId="8c84fa94-04c1-424b-9868-57a2d4851a1d" />
    <TestEntry testId="276aeaf4-94bd-7cc4-0bfa-fd1b795b8f09" executionId="de0c5186-f038-4d1e-99e0-1b0f7c90cbd8" testListId="8c84fa94-04c1-424b-9868-57a2d4851a1d" />
    <TestEntry testId="c9fb8199-30a5-e351-264b-e657ae13b916" executionId="262f33cb-fe08-4810-abec-3cb84547a09e" testListId="8c84fa94-04c1-424b-9868-57a2d4851a1d" />
    <TestEntry testId="6d29da73-1392-f864-ac11-db455215ce75" executionId="0a792bfb-740f-4124-b735-55f8ae7c1f50" testListId="8c84fa94-04c1-424b-9868-57a2d4851a1d" />
    <TestEntry testId="4f8f2480-799b-0be7-4437-c1ecf75fbaa1" executionId="edf7dae3-bf29-4887-b758-5773c430e7dc" testListId="8c84fa94-04c1-424b-9868-57a2d4851a1d" />
    <TestEntry testId="1ae802a5-bb94-ae3c-980c-cf0121da8a4a" executionId="bcabb1bf-f96c-40a7-941c-cb3325d1a4fe" testListId="8c84fa94-04c1-424b-9868-57a2d4851a1d" />
    <TestEntry testId="978c0671-8eb9-8633-411e-8b65bb821d6c" executionId="2a028067-5d7c-4317-b1fe-d65e397bc277" testListId="8c84fa94-04c1-424b-9868-57a2d4851a1d" />
    <TestEntry testId="31b640ce-2e58-2f38-568e-804147d116f8" executionId="83d51541-9f70-4573-aa2e-84e508c8b92b" testListId="8c84fa94-04c1-424b-9868-57a2d4851a1d" />
    <TestEntry testId="5e0522cb-aa6a-a547-6b61-65ded7b9398a" executionId="386bdb6c-a778-47f6-9019-6a71692dbf17" testListId="8c84fa94-04c1-424b-9868-57a2d4851a1d" />
    <TestEntry testId="35ff0ac0-4840-970b-a280-9a148d7f7af4" executionId="dad2daf9-f12e-40cb-b1cd-a1f831793ac2" testListId="8c84fa94-04c1-424b-9868-57a2d4851a1d" />
    <TestEntry testId="76d2cb65-6735-d8b0-b056-6bd2e46786ef" executionId="8801378d-8da4-44d1-96ea-4482a6737726" testListId="8c84fa94-04c1-424b-9868-57a2d4851a1d" />
    <TestEntry testId="85ab3335-8bf0-ecfa-98f7-0db700370fe2" executionId="5de53e10-f8ae-400e-a7c4-b31d17457e4f" testListId="8c84fa94-04c1-424b-9868-57a2d4851a1d" />
    <TestEntry testId="f1502619-456c-8ace-3118-e479f255cb31" executionId="34227c04-605d-475f-891f-516db03cd84a" testListId="8c84fa94-04c1-424b-9868-57a2d4851a1d" />
    <TestEntry testId="f9b6fa3b-c686-0e22-5a5c-d78c0f5f065a" executionId="9407ab29-64b0-4ad8-a472-de5f6e44e415" testListId="8c84fa94-04c1-424b-9868-57a2d4851a1d" />
    <TestEntry testId="efc90440-a3c1-87f7-fff9-787ea282e06e" executionId="bef1783f-67eb-4661-91c6-19a828689ad6" testListId="8c84fa94-04c1-424b-9868-57a2d4851a1d" />
    <TestEntry testId="2d6867c6-934d-12ca-881f-8ca2af17d2e4" executionId="e36afc30-01aa-4e4e-b5ee-842e01bc7249" testListId="8c84fa94-04c1-424b-9868-57a2d4851a1d" />
    <TestEntry testId="e7f23f39-7057-048c-f8c3-7322c51edfe0" executionId="daf752a1-f9f3-4720-a68f-ce420d7a4be0" testListId="8c84fa94-04c1-424b-9868-57a2d4851a1d" />
    <TestEntry testId="2a82fa15-d608-6e25-a9ff-4f118775d58a" executionId="671a3ba7-5ae5-4e9f-bd76-0abdcbae43c0" testListId="8c84fa94-04c1-424b-9868-57a2d4851a1d" />
    <TestEntry testId="e3792867-8253-4fa3-d7e9-04dbc55b7bd0" executionId="c3962a1a-5973-4004-b893-c089c705ae82" testListId="8c84fa94-04c1-424b-9868-57a2d4851a1d" />
    <TestEntry testId="62090d81-bf34-b23d-be59-e474692bb2bb" executionId="76e3c139-dcca-462c-80fd-280760bbc4e8" testListId="8c84fa94-04c1-424b-9868-57a2d4851a1d" />
    <TestEntry testId="4a2195e8-be6f-2084-7664-243a4cb97e3b" executionId="1fbf0c40-e5e3-49c0-8063-ec54c74ede52" testListId="8c84fa94-04c1-424b-9868-57a2d4851a1d" />
    <TestEntry testId="01079ac0-f339-2360-8171-8d0e80010056" executionId="2a8e4da6-bd7e-407a-9b26-e7ed73e57fd4" testListId="8c84fa94-04c1-424b-9868-57a2d4851a1d" />
    <TestEntry testId="61071a05-3bb9-84f7-1063-093a7badabca" executionId="114aef6b-beaa-41ad-8967-8294de58b1dd" testListId="8c84fa94-04c1-424b-9868-57a2d4851a1d" />
    <TestEntry testId="c402f9ec-8f13-951f-df43-c12680e572ae" executionId="3fa83b44-79bf-4304-a213-7e1b6b5768b4" testListId="8c84fa94-04c1-424b-9868-57a2d4851a1d" />
    <TestEntry testId="d4b4b6b0-fdac-28f8-f2f7-9327c017f9a7" executionId="5b291781-d195-4ac9-a043-c250e92ac8b4" testListId="8c84fa94-04c1-424b-9868-57a2d4851a1d" />
    <TestEntry testId="e4fdf7b7-fbc8-2aec-924b-d61622bf4a88" executionId="559b3bd5-9b54-4112-9d08-4bb616dd46df" testListId="8c84fa94-04c1-424b-9868-57a2d4851a1d" />
    <TestEntry testId="e792f20f-71d7-a991-5d57-f2e7cd212d47" executionId="a7edfc4b-b5c6-41b2-a3a6-bfd7675f623e" testListId="8c84fa94-04c1-424b-9868-57a2d4851a1d" />
    <TestEntry testId="c1c27b4b-7a33-214b-6362-9bd66a9e7aaf" executionId="3659bbb1-cfb4-408c-8704-cb0129da5de6" testListId="8c84fa94-04c1-424b-9868-57a2d4851a1d" />
    <TestEntry testId="b9c436ed-8dd8-bc86-8f71-4fabbe67047a" executionId="84bd7e48-bb70-4e9a-9d50-e37aa20d7f1c" testListId="8c84fa94-04c1-424b-9868-57a2d4851a1d" />
    <TestEntry testId="64d13654-89e5-88f2-72b5-dc67279b010a" executionId="7bc0e6dc-488e-4dcf-9f86-cba5d48f4e72" testListId="8c84fa94-04c1-424b-9868-57a2d4851a1d" />
    <TestEntry testId="90e85dc8-3adb-5026-5221-e60e1c8ff937" executionId="64b76522-fc4a-47d2-b252-377df6b6476e" testListId="8c84fa94-04c1-424b-9868-57a2d4851a1d" />
    <TestEntry testId="67083cf0-0995-a4e7-7fdc-a7119196534e" executionId="b85ffbb4-1dbf-445a-97ff-4a77ea350626" testListId="8c84fa94-04c1-424b-9868-57a2d4851a1d" />
    <TestEntry testId="cb05a3a8-7e11-2daa-70ae-bb6f6a2d1beb" executionId="7ba43919-5128-485b-88bb-2d8a747d9040" testListId="8c84fa94-04c1-424b-9868-57a2d4851a1d" />
    <TestEntry testId="4211946f-1506-577f-195b-18cb2fdd61ad" executionId="5d9ee045-e111-40e4-9ddb-9b27010d9698" testListId="8c84fa94-04c1-424b-9868-57a2d4851a1d" />
    <TestEntry testId="bf075d77-5fe1-ee4d-fe49-2ee12940b16b" executionId="dbdf6a98-304c-4cf6-8ca6-16079042ef64" testListId="8c84fa94-04c1-424b-9868-57a2d4851a1d" />
    <TestEntry testId="0e7eb3a4-171d-8697-3451-91c26cec15db" executionId="c61884b6-3dfc-4a5c-b0cb-17cd567cbd48" testListId="8c84fa94-04c1-424b-9868-57a2d4851a1d" />
    <TestEntry testId="025d6265-5376-21a5-89b8-81799288836d" executionId="0c491a4c-f942-4a8d-b7e4-72693be434fd" testListId="8c84fa94-04c1-424b-9868-57a2d4851a1d" />
    <TestEntry testId="97677ad5-5979-7bdf-4362-02ea31bbd819" executionId="9558208c-6ea2-466d-a8a3-4f2de626b0bd" testListId="8c84fa94-04c1-424b-9868-57a2d4851a1d" />
    <TestEntry testId="9b99d74a-4f4b-0f7d-6cef-f2c04b2263df" executionId="01184d0f-cd91-4a72-9adc-fe4841ee709b" testListId="8c84fa94-04c1-424b-9868-57a2d4851a1d" />
    <TestEntry testId="5de48dbd-0fe5-af4c-0872-0ab8a96d15fa" executionId="5f91dec4-d860-44d4-a975-1f3ab824bfde" testListId="8c84fa94-04c1-424b-9868-57a2d4851a1d" />
    <TestEntry testId="3cb9b942-8fee-88ba-c03b-002cdc761005" executionId="caed0d5a-587f-44a1-9f33-0afe46689e5e" testListId="8c84fa94-04c1-424b-9868-57a2d4851a1d" />
  </TestEntries>
  <Results>
    <UnitTestResult executionId="57847385-5f08-494b-9aee-a5a675b3e820" testId="bab2dab8-39f1-b478-4ef5-4dc0427dc7d9" testName="canMoveBlackBishipDiagonalUpRightNoObstructions" computerName="ITSSHAW" duration="00:00:00.0504274" startTime="2013-11-28T07:49:11.8342202+02:00" endTime="2013-11-28T07:49:11.9452202+02:00" testType="13cdc9d9-ddb5-4fa4-a97d-d965ccfc6d4b" outcome="Passed" testListId="8c84fa94-04c1-424b-9868-57a2d4851a1d" relativeResultsDirectory="57847385-5f08-494b-9aee-a5a675b3e820">
    </UnitTestResult>
    <UnitTestResult executionId="c99e56e4-cf43-4f00-b087-d0f3e3bad4b6" testId="b1d1289f-9e7e-87c4-873a-568aec1ab10b" testName="canMoveBlackBishopDiagonallyDownLeftNoObstructions" computerName="ITSSHAW" duration="00:00:00.0015135" startTime="2013-11-28T07:49:11.9472202+02:00" endTime="2013-11-28T07:49:11.9512202+02:00" testType="13cdc9d9-ddb5-4fa4-a97d-d965ccfc6d4b" outcome="Passed" testListId="8c84fa94-04c1-424b-9868-57a2d4851a1d" relativeResultsDirectory="c99e56e4-cf43-4f00-b087-d0f3e3bad4b6">
    </UnitTestResult>
    <UnitTestResult executionId="d1a2a03e-f18b-43dd-a4eb-94e24b8a5455" testId="cea9a2db-b9b4-5c44-cdae-ea8c559aa5ab" testName="canMoveBlackBishopDiagonallyDownRightNoObstructions" computerName="ITSSHAW" duration="00:00:00.0017501" startTime="2013-11-28T07:49:11.9522202+02:00" endTime="2013-11-28T07:49:11.9542202+02:00" testType="13cdc9d9-ddb5-4fa4-a97d-d965ccfc6d4b" outcome="Passed" testListId="8c84fa94-04c1-424b-9868-57a2d4851a1d" relativeResultsDirectory="d1a2a03e-f18b-43dd-a4eb-94e24b8a5455">
    </UnitTestResult>
    <UnitTestResult executionId="52838813-e383-491f-a935-86df962b863c" testId="f758d7bc-486f-01b2-cb64-d4b549c6a040" testName="canMoveBlackBishopDiagonalUpLeftNoObstructions" computerName="ITSSHAW" duration="00:00:00.0008240" startTime="2013-11-28T07:49:11.9552202+02:00" endTime="2013-11-28T07:49:11.9562202+02:00" testType="13cdc9d9-ddb5-4fa4-a97d-d965ccfc6d4b" outcome="Passed" testListId="8c84fa94-04c1-424b-9868-57a2d4851a1d" relativeResultsDirectory="52838813-e383-491f-a935-86df962b863c">
    </UnitTestResult>
    <UnitTestResult executionId="58dec2f0-1ab1-492d-a51c-4e5cc600d0a8" testId="cbde31ee-3d88-9411-c095-9535119853f5" testName="canMoveWhiteBishopDiagonallyDownLeftNoObstructions" computerName="ITSSHAW" duration="00:00:00.0014552" startTime="2013-11-28T07:49:11.9572202+02:00" endTime="2013-11-28T07:49:11.9592202+02:00" testType="13cdc9d9-ddb5-4fa4-a97d-d965ccfc6d4b" outcome="Passed" testListId="8c84fa94-04c1-424b-9868-57a2d4851a1d" relativeResultsDirectory="58dec2f0-1ab1-492d-a51c-4e5cc600d0a8">
    </UnitTestResult>
    <UnitTestResult executionId="b6e9f4ce-0b78-4846-8280-3da46641e11c" testId="7b64562e-3d29-ccc9-9a6a-4aaf39707ed4" testName="canMoveWhiteBishopDiagonallyDownRightNoObstructions" computerName="ITSSHAW" duration="00:00:00.0008418" startTime="2013-11-28T07:49:11.9592202+02:00" endTime="2013-11-28T07:49:11.9612202+02:00" testType="13cdc9d9-ddb5-4fa4-a97d-d965ccfc6d4b" outcome="Passed" testListId="8c84fa94-04c1-424b-9868-57a2d4851a1d" relativeResultsDirectory="b6e9f4ce-0b78-4846-8280-3da46641e11c">
    </UnitTestResult>
    <UnitTestResult executionId="f9cb55e1-1c77-45b3-8a8c-0975be261e90" testId="87b4a0e4-779f-40d0-ae2d-3dbb1b295cb5" testName="canMoveWhiteBishopDiagonalUpLeftNoObstructions" computerName="ITSSHAW" duration="00:00:00.0008225" startTime="2013-11-28T07:49:11.9622202+02:00" endTime="2013-11-28T07:49:11.9632202+02:00" testType="13cdc9d9-ddb5-4fa4-a97d-d965ccfc6d4b" outcome="Passed" testListId="8c84fa94-04c1-424b-9868-57a2d4851a1d" relativeResultsDirectory="f9cb55e1-1c77-45b3-8a8c-0975be261e90">
    </UnitTestResult>
    <UnitTestResult executionId="438f7140-66bb-4f4a-9a3b-ac28927a2edf" testId="f27377be-1934-c9f6-8d07-ac7266d1d2f6" testName="canMoveWhiteBishopDiagonalUpRightNoObstructions" computerName="ITSSHAW" duration="00:00:00.0026324" startTime="2013-11-28T07:49:11.9642202+02:00" endTime="2013-11-28T07:49:11.9672202+02:00" testType="13cdc9d9-ddb5-4fa4-a97d-d965ccfc6d4b" outcome="Passed" testListId="8c84fa94-04c1-424b-9868-57a2d4851a1d" relativeResultsDirectory="438f7140-66bb-4f4a-9a3b-ac28927a2edf">
    </UnitTestResult>
    <UnitTestResult executionId="d6e924f1-8d40-4d14-84d9-c2da132ca97a" testId="fd4c62da-b4fc-b947-da46-845314dd7c18" testName="cannotJumpOppositionDiagDownLeft" computerName="ITSSHAW" duration="00:00:00.0088648" startTime="2013-11-28T07:49:11.9672202+02:00" endTime="2013-11-28T07:49:11.9772202+02:00" testType="13cdc9d9-ddb5-4fa4-a97d-d965ccfc6d4b" outcome="Passed" testListId="8c84fa94-04c1-424b-9868-57a2d4851a1d" relativeResultsDirectory="d6e924f1-8d40-4d14-84d9-c2da132ca97a">
    </UnitTestResult>
    <UnitTestResult executionId="ca25e78c-fde2-4e3c-88db-a585f52ef84a" testId="ee426e89-ab85-59c3-0fcf-e94b5b68ecd0" testName="cannotJumpOppositionDiagDownRight" computerName="ITSSHAW" duration="00:00:00.0007869" startTime="2013-11-28T07:49:11.9782202+02:00" endTime="2013-11-28T07:49:11.9792202+02:00" testType="13cdc9d9-ddb5-4fa4-a97d-d965ccfc6d4b" outcome="Passed" testListId="8c84fa94-04c1-424b-9868-57a2d4851a1d" relativeResultsDirectory="ca25e78c-fde2-4e3c-88db-a585f52ef84a">
    </UnitTestResult>
    <UnitTestResult executionId="770e40b9-5c84-4f62-9547-482ea2f2f533" testId="a1f929ba-6b28-ee21-359e-cf5d46cf368a" testName="cannotJumpOppositionDiagUpLeft" computerName="ITSSHAW" duration="00:00:00.0009484" startTime="2013-11-28T07:49:11.9802202+02:00" endTime="2013-11-28T07:49:11.9822202+02:00" testType="13cdc9d9-ddb5-4fa4-a97d-d965ccfc6d4b" outcome="Passed" testListId="8c84fa94-04c1-424b-9868-57a2d4851a1d" relativeResultsDirectory="770e40b9-5c84-4f62-9547-482ea2f2f533">
    </UnitTestResult>
    <UnitTestResult executionId="cc80822f-0902-4b46-9d5f-f5a2054f276e" testId="6569eff2-7f15-ccb7-f02b-db4adb59c7db" testName="cannotJumpOppositionDiagUpRight" computerName="ITSSHAW" duration="00:00:00.0010060" startTime="2013-11-28T07:49:11.9832202+02:00" endTime="2013-11-28T07:49:11.9842202+02:00" testType="13cdc9d9-ddb5-4fa4-a97d-d965ccfc6d4b" outcome="Passed" testListId="8c84fa94-04c1-424b-9868-57a2d4851a1d" relativeResultsDirectory="cc80822f-0902-4b46-9d5f-f5a2054f276e">
    </UnitTestResult>
    <UnitTestResult executionId="732e2972-48af-4fb6-b3b2-b22e785a4ed3" testId="11146e4e-bbf4-ec57-67f8-0efcf6651dcd" testName="cannotTakeOwnPieceDiagDownLeft" computerName="ITSSHAW" duration="00:00:00.0008014" startTime="2013-11-28T07:49:11.9852202+02:00" endTime="2013-11-28T07:49:11.9872202+02:00" testType="13cdc9d9-ddb5-4fa4-a97d-d965ccfc6d4b" outcome="Passed" testListId="8c84fa94-04c1-424b-9868-57a2d4851a1d" relativeResultsDirectory="732e2972-48af-4fb6-b3b2-b22e785a4ed3">
    </UnitTestResult>
    <UnitTestResult executionId="f89e20bc-b9f2-4884-9304-dfbed6b4e0bb" testId="f39b25bd-516f-7ee4-27f1-d563c9037b60" testName="cannotTakeOwnPieceDiagDownRight" computerName="ITSSHAW" duration="00:00:00.0008787" startTime="2013-11-28T07:49:11.9872202+02:00" endTime="2013-11-28T07:49:11.9892202+02:00" testType="13cdc9d9-ddb5-4fa4-a97d-d965ccfc6d4b" outcome="Passed" testListId="8c84fa94-04c1-424b-9868-57a2d4851a1d" relativeResultsDirectory="f89e20bc-b9f2-4884-9304-dfbed6b4e0bb">
    </UnitTestResult>
    <UnitTestResult executionId="1480b76a-df6c-454c-b24f-a834a9eff155" testId="3562f988-caf6-e157-38af-47808bc40815" testName="cannotTakeOwnPieceDiagUpLeft" computerName="ITSSHAW" duration="00:00:00.0008174" startTime="2013-11-28T07:49:11.9902202+02:00" endTime="2013-11-28T07:49:11.9912202+02:00" testType="13cdc9d9-ddb5-4fa4-a97d-d965ccfc6d4b" outcome="Passed" testListId="8c84fa94-04c1-424b-9868-57a2d4851a1d" relativeResultsDirectory="1480b76a-df6c-454c-b24f-a834a9eff155">
    </UnitTestResult>
    <UnitTestResult executionId="ac8e3b0a-63c2-4faf-8ad6-07e3caab40a3" testId="f2547ccb-ac70-9f08-d6b9-a2ccdc08bacc" testName="cannotTakeOwnPieceDiagUpRight" computerName="ITSSHAW" duration="00:00:00.0009312" startTime="2013-11-28T07:49:11.9922202+02:00" endTime="2013-11-28T07:49:11.9942202+02:00" testType="13cdc9d9-ddb5-4fa4-a97d-d965ccfc6d4b" outcome="Passed" testListId="8c84fa94-04c1-424b-9868-57a2d4851a1d" relativeResultsDirectory="ac8e3b0a-63c2-4faf-8ad6-07e3caab40a3">
    </UnitTestResult>
    <UnitTestResult executionId="c4edd92e-043c-45d4-9557-1e3b429e8e7c" testId="88f3539a-9e52-4e5f-3a8e-6ac8f70db456" testName="canTakePiece" computerName="ITSSHAW" duration="00:00:00.0134775" startTime="2013-11-28T07:49:11.9952202+02:00" endTime="2013-11-28T07:49:12.0092202+02:00" testType="13cdc9d9-ddb5-4fa4-a97d-d965ccfc6d4b" outcome="Passed" testListId="8c84fa94-04c1-424b-9868-57a2d4851a1d" relativeResultsDirectory="c4edd92e-043c-45d4-9557-1e3b429e8e7c">
    </UnitTestResult>
    <UnitTestResult executionId="6ac9dee4-4fe7-4fb7-a193-e6b8183a493b" testId="0135c415-d464-98bd-b8b3-bd9c939f3dde" testName="invalidMoveGivesCorrectPieceName" computerName="ITSSHAW" duration="00:00:00.0007827" startTime="2013-11-28T07:49:12.0102202+02:00" endTime="2013-11-28T07:49:12.0112202+02:00" testType="13cdc9d9-ddb5-4fa4-a97d-d965ccfc6d4b" outcome="Passed" testListId="8c84fa94-04c1-424b-9868-57a2d4851a1d" relativeResultsDirectory="6ac9dee4-4fe7-4fb7-a193-e6b8183a493b">
    </UnitTestResult>
    <UnitTestResult executionId="d0c66aa6-02a4-4788-b4c9-aa9d225f34db" testId="59322b24-fed2-1448-d0b4-50356cfcbb98" testName="areBishopsSetup" computerName="ITSSHAW" duration="00:00:00.0060757" startTime="2013-11-28T07:49:12.0122202+02:00" endTime="2013-11-28T07:49:12.0192202+02:00" testType="13cdc9d9-ddb5-4fa4-a97d-d965ccfc6d4b" outcome="Passed" testListId="8c84fa94-04c1-424b-9868-57a2d4851a1d" relativeResultsDirectory="d0c66aa6-02a4-4788-b4c9-aa9d225f34db">
    </UnitTestResult>
    <UnitTestResult executionId="a4d36c85-2a85-489d-a19f-ac38cd394c68" testId="689961f3-b549-c9f7-fc0a-74afd1b1e274" testName="areBottom2RowsWhite" computerName="ITSSHAW" duration="00:00:00.0014558" startTime="2013-11-28T07:49:12.0202202+02:00" endTime="2013-11-28T07:49:12.0222202+02:00" testType="13cdc9d9-ddb5-4fa4-a97d-d965ccfc6d4b" outcome="Passed" testListId="8c84fa94-04c1-424b-9868-57a2d4851a1d" relativeResultsDirectory="a4d36c85-2a85-489d-a19f-ac38cd394c68">
    </UnitTestResult>
    <UnitTestResult executionId="8ba41f8d-b2c0-4268-a59c-24e7f552468f" testId="64ef643a-95e0-b1de-5aee-37e849e90430" testName="areEvenRowColoursSetup" computerName="ITSSHAW" duration="00:00:00.0021594" startTime="2013-11-28T07:49:12.0232202+02:00" endTime="2013-11-28T07:49:12.0252202+02:00" testType="13cdc9d9-ddb5-4fa4-a97d-d965ccfc6d4b" outcome="Passed" testListId="8c84fa94-04c1-424b-9868-57a2d4851a1d" relativeResultsDirectory="8ba41f8d-b2c0-4268-a59c-24e7f552468f">
    </UnitTestResult>
    <UnitTestResult executionId="0cafe950-aa1e-43cd-a6f9-726334ff04d3" testId="f4c8b637-ea9c-8efa-a91b-fbb27555fab4" testName="areKingsSetup" computerName="ITSSHAW" duration="00:00:00.0007223" startTime="2013-11-28T07:49:12.0262202+02:00" endTime="2013-11-28T07:49:12.0282202+02:00" testType="13cdc9d9-ddb5-4fa4-a97d-d965ccfc6d4b" outcome="Passed" testListId="8c84fa94-04c1-424b-9868-57a2d4851a1d" relativeResultsDirectory="0cafe950-aa1e-43cd-a6f9-726334ff04d3">
    </UnitTestResult>
    <UnitTestResult executionId="50fb54e3-72b0-4fae-847a-1c101b287ebd" testId="46a22037-07ac-0ccf-02e3-fd7145e502cd" testName="areKnightsSetup" computerName="ITSSHAW" duration="00:00:00.0010936" startTime="2013-11-28T07:49:12.0292202+02:00" endTime="2013-11-28T07:49:12.0302202+02:00" testType="13cdc9d9-ddb5-4fa4-a97d-d965ccfc6d4b" outcome="Passed" testListId="8c84fa94-04c1-424b-9868-57a2d4851a1d" relativeResultsDirectory="50fb54e3-72b0-4fae-847a-1c101b287ebd">
    </UnitTestResult>
    <UnitTestResult executionId="20bb3180-60b4-40d9-b99d-9301afc5143d" testId="9d752e3a-962f-b4d2-f688-e9e19ffd27bf" testName="areMiddleCellsEmpty" computerName="ITSSHAW" duration="00:00:00.0005647" startTime="2013-11-28T07:49:12.0312202+02:00" endTime="2013-11-28T07:49:12.0322202+02:00" testType="13cdc9d9-ddb5-4fa4-a97d-d965ccfc6d4b" outcome="Passed" testListId="8c84fa94-04c1-424b-9868-57a2d4851a1d" relativeResultsDirectory="20bb3180-60b4-40d9-b99d-9301afc5143d">
    </UnitTestResult>
    <UnitTestResult executionId="47c34c29-4b18-4fb1-b642-9a6d61be6e5c" testId="b4976dbf-056c-73f6-1b78-f13c2b1d127b" testName="areMiddleRowsPlayerColourNone" computerName="ITSSHAW" duration="00:00:00.0005774" startTime="2013-11-28T07:49:12.0412202+02:00" endTime="2013-11-28T07:49:12.0422202+02:00" testType="13cdc9d9-ddb5-4fa4-a97d-d965ccfc6d4b" outcome="Passed" testListId="8c84fa94-04c1-424b-9868-57a2d4851a1d" relativeResultsDirectory="47c34c29-4b18-4fb1-b642-9a6d61be6e5c">
    </UnitTestResult>
    <UnitTestResult executionId="ccbf2b5c-48ef-4721-8442-fd4cc735bd59" testId="d4ac55cd-7290-4fbf-9991-5ab16bc1fda2" testName="areOddRowColoursSetup" computerName="ITSSHAW" duration="00:00:00.0005354" startTime="2013-11-28T07:49:12.0432202+02:00" endTime="2013-11-28T07:49:12.0442202+02:00" testType="13cdc9d9-ddb5-4fa4-a97d-d965ccfc6d4b" outcome="Passed" testListId="8c84fa94-04c1-424b-9868-57a2d4851a1d" relativeResultsDirectory="ccbf2b5c-48ef-4721-8442-fd4cc735bd59">
    </UnitTestResult>
    <UnitTestResult executionId="5b1da5be-b05c-427b-9474-c779756d4525" testId="197972f7-6197-faf7-a2b7-9fae8c675127" testName="arePawnsSetup" computerName="ITSSHAW" duration="00:00:00.0005699" startTime="2013-11-28T07:49:12.0442202+02:00" endTime="2013-11-28T07:49:12.0462202+02:00" testType="13cdc9d9-ddb5-4fa4-a97d-d965ccfc6d4b" outcome="Passed" testListId="8c84fa94-04c1-424b-9868-57a2d4851a1d" relativeResultsDirectory="5b1da5be-b05c-427b-9474-c779756d4525">
    </UnitTestResult>
    <UnitTestResult executionId="7efde8d4-9eb0-4bbc-8994-e523b485527b" testId="fd75eb10-5261-cc1e-b982-ae741a061d34" testName="areQueensSetup" computerName="ITSSHAW" duration="00:00:00.0007805" startTime="2013-11-28T07:49:12.0462202+02:00" endTime="2013-11-28T07:49:12.0482202+02:00" testType="13cdc9d9-ddb5-4fa4-a97d-d965ccfc6d4b" outcome="Passed" testListId="8c84fa94-04c1-424b-9868-57a2d4851a1d" relativeResultsDirectory="7efde8d4-9eb0-4bbc-8994-e523b485527b">
    </UnitTestResult>
    <UnitTestResult executionId="947e96ba-8520-42e2-bd85-53629a099579" testId="3e21814f-4c9d-063d-798f-e0eaffbae55e" testName="areRookesSetup" computerName="ITSSHAW" duration="00:00:00.0008092" startTime="2013-11-28T07:49:12.0492202+02:00" endTime="2013-11-28T07:49:12.0502202+02:00" testType="13cdc9d9-ddb5-4fa4-a97d-d965ccfc6d4b" outcome="Passed" testListId="8c84fa94-04c1-424b-9868-57a2d4851a1d" relativeResultsDirectory="947e96ba-8520-42e2-bd85-53629a099579">
    </UnitTestResult>
    <UnitTestResult executionId="28774cc2-70b6-40d9-bd40-2dd12d3e7f59" testId="4ed072d2-7529-fe73-ad46-07bd95268187" testName="areTop2RowsBlack" computerName="ITSSHAW" duration="00:00:00.0004983" startTime="2013-11-28T07:49:12.0512202+02:00" endTime="2013-11-28T07:49:12.0522202+02:00" testType="13cdc9d9-ddb5-4fa4-a97d-d965ccfc6d4b" outcome="Passed" testListId="8c84fa94-04c1-424b-9868-57a2d4851a1d" relativeResultsDirectory="28774cc2-70b6-40d9-bd40-2dd12d3e7f59">
    </UnitTestResult>
    <UnitTestResult executionId="503ab0ec-870a-4a45-a3c1-33d0083716f0" testId="8900ceac-b7b6-1032-98bc-f3e21d0abb21" testName="canGetSelectedCell" computerName="ITSSHAW" duration="00:00:00.0025515" startTime="2013-11-28T07:49:12.0532202+02:00" endTime="2013-11-28T07:49:12.0562202+02:00" testType="13cdc9d9-ddb5-4fa4-a97d-d965ccfc6d4b" outcome="Passed" testListId="8c84fa94-04c1-424b-9868-57a2d4851a1d" relativeResultsDirectory="503ab0ec-870a-4a45-a3c1-33d0083716f0">
    </UnitTestResult>
    <UnitTestResult executionId="baee88ca-66b7-49d3-afcf-bb3b59351b91" testId="005829d6-859e-9315-7aa3-e62df14cfd2f" testName="canSelectCell" computerName="ITSSHAW" duration="00:00:00.0006492" startTime="2013-11-28T07:49:12.0572202+02:00" endTime="2013-11-28T07:49:12.0582202+02:00" testType="13cdc9d9-ddb5-4fa4-a97d-d965ccfc6d4b" outcome="Passed" testListId="8c84fa94-04c1-424b-9868-57a2d4851a1d" relativeResultsDirectory="baee88ca-66b7-49d3-afcf-bb3b59351b91">
    </UnitTestResult>
    <UnitTestResult executionId="583073ac-eae0-4c45-a35e-4db730858219" testId="7d98f31d-f1f6-0621-aa93-72560fa182b3" testName="exceptionWhenMoveToNegativeCol" computerName="ITSSHAW" duration="00:00:00.0012729" startTime="2013-11-28T07:49:12.0592202+02:00" endTime="2013-11-28T07:49:12.0612202+02:00" testType="13cdc9d9-ddb5-4fa4-a97d-d965ccfc6d4b" outcome="Passed" testListId="8c84fa94-04c1-424b-9868-57a2d4851a1d" relativeResultsDirectory="583073ac-eae0-4c45-a35e-4db730858219">
    </UnitTestResult>
    <UnitTestResult executionId="6563146b-3eef-4007-b655-a23e6e22dc17" testId="b7b09a89-f922-b298-bb69-6134762504c7" testName="exceptionWhenMoveToNegativeRow" computerName="ITSSHAW" duration="00:00:00.0008364" startTime="2013-11-28T07:49:12.0612202+02:00" endTime="2013-11-28T07:49:12.0632202+02:00" testType="13cdc9d9-ddb5-4fa4-a97d-d965ccfc6d4b" outcome="Passed" testListId="8c84fa94-04c1-424b-9868-57a2d4851a1d" relativeResultsDirectory="6563146b-3eef-4007-b655-a23e6e22dc17">
    </UnitTestResult>
    <UnitTestResult executionId="f220575f-c94f-4462-bf1a-9834add3aa38" testId="05d65582-adf5-1549-bdb6-f0e47270afd3" testName="exceptionWhenMoveTooLargeCol" computerName="ITSSHAW" duration="00:00:00.0008264" startTime="2013-11-28T07:49:12.0632202+02:00" endTime="2013-11-28T07:49:12.0652202+02:00" testType="13cdc9d9-ddb5-4fa4-a97d-d965ccfc6d4b" outcome="Passed" testListId="8c84fa94-04c1-424b-9868-57a2d4851a1d" relativeResultsDirectory="f220575f-c94f-4462-bf1a-9834add3aa38">
    </UnitTestResult>
    <UnitTestResult executionId="87a59a59-09cf-4907-8efa-25caba2f0c48" testId="2622fed3-4e63-071a-2d6d-7db13abf1a89" testName="exceptionWhenMoveTooLargeRow" computerName="ITSSHAW" duration="00:00:00.0008614" startTime="2013-11-28T07:49:12.0652202+02:00" endTime="2013-11-28T07:49:12.0672202+02:00" testType="13cdc9d9-ddb5-4fa4-a97d-d965ccfc6d4b" outcome="Passed" testListId="8c84fa94-04c1-424b-9868-57a2d4851a1d" relativeResultsDirectory="87a59a59-09cf-4907-8efa-25caba2f0c48">
    </UnitTestResult>
    <UnitTestResult executionId="9bedde4e-e0e7-40ca-aa51-e7126d0b485d" testId="a5cecf0f-42c5-3103-c37e-7de0c32f1d40" testName="getExceptionWhenSelectCellColTooLarge" computerName="ITSSHAW" duration="00:00:00.0008485" startTime="2013-11-28T07:49:12.0672202+02:00" endTime="2013-11-28T07:49:12.0692202+02:00" testType="13cdc9d9-ddb5-4fa4-a97d-d965ccfc6d4b" outcome="Passed" testListId="8c84fa94-04c1-424b-9868-57a2d4851a1d" relativeResultsDirectory="9bedde4e-e0e7-40ca-aa51-e7126d0b485d">
    </UnitTestResult>
    <UnitTestResult executionId="c9bf42f4-34e8-48ec-ac74-41ae1dff2243" testId="18c1f855-99f0-d7c9-3814-1b9500d79abb" testName="getExceptionWhenSelectCellNegativeCol" computerName="ITSSHAW" duration="00:00:00.0009161" startTime="2013-11-28T07:49:12.0702202+02:00" endTime="2013-11-28T07:49:12.0712202+02:00" testType="13cdc9d9-ddb5-4fa4-a97d-d965ccfc6d4b" outcome="Passed" testListId="8c84fa94-04c1-424b-9868-57a2d4851a1d" relativeResultsDirectory="c9bf42f4-34e8-48ec-ac74-41ae1dff2243">
    </UnitTestResult>
    <UnitTestResult executionId="2c4152ba-53d0-48e4-a891-525c571f20d3" testId="b899b54b-1fed-9cb3-745e-fba087b88573" testName="getExceptionWhenSelectCellNegativeRow" computerName="ITSSHAW" duration="00:00:00.0008476" startTime="2013-11-28T07:49:12.0722202+02:00" endTime="2013-11-28T07:49:12.0732202+02:00" testType="13cdc9d9-ddb5-4fa4-a97d-d965ccfc6d4b" outcome="Passed" testListId="8c84fa94-04c1-424b-9868-57a2d4851a1d" relativeResultsDirectory="2c4152ba-53d0-48e4-a891-525c571f20d3">
    </UnitTestResult>
    <UnitTestResult executionId="bfd842e4-2836-4cca-a0d9-2e0670c0d92f" testId="56379117-1d4e-106a-e150-22beb95db5f6" testName="getExceptionWhenSelectCellRowTooLarge" computerName="ITSSHAW" duration="00:00:00.0008620" startTime="2013-11-28T07:49:12.0742202+02:00" endTime="2013-11-28T07:49:12.0752202+02:00" testType="13cdc9d9-ddb5-4fa4-a97d-d965ccfc6d4b" outcome="Passed" testListId="8c84fa94-04c1-424b-9868-57a2d4851a1d" relativeResultsDirectory="bfd842e4-2836-4cca-a0d9-2e0670c0d92f">
    </UnitTestResult>
    <UnitTestResult executionId="36c717f5-9f3a-4c13-bd1c-42aac61e697c" testId="bedd4628-a316-a455-e74b-113d5ac3b3c8" testName="isCellEmptyWhenMovedOff" computerName="ITSSHAW" duration="00:00:00.0068213" startTime="2013-11-28T07:49:12.0762202+02:00" endTime="2013-11-28T07:49:12.0842202+02:00" testType="13cdc9d9-ddb5-4fa4-a97d-d965ccfc6d4b" outcome="Passed" testListId="8c84fa94-04c1-424b-9868-57a2d4851a1d" relativeResultsDirectory="36c717f5-9f3a-4c13-bd1c-42aac61e697c">
    </UnitTestResult>
    <UnitTestResult executionId="3e9715ab-40fc-4731-a8b1-c40aab4b3571" testId="c9eef1b9-2601-24e4-e66c-677a0f68bfe9" testName="nullCellNeverEqual" computerName="ITSSHAW" duration="00:00:00.0002523" startTime="2013-11-28T07:49:12.0852202+02:00" endTime="2013-11-28T07:49:12.0852202+02:00" testType="13cdc9d9-ddb5-4fa4-a97d-d965ccfc6d4b" outcome="Passed" testListId="8c84fa94-04c1-424b-9868-57a2d4851a1d" relativeResultsDirectory="3e9715ab-40fc-4731-a8b1-c40aab4b3571">
    </UnitTestResult>
    <UnitTestResult executionId="43d29180-092b-4169-9ec5-4dddf5dfa383" testId="dafe7a1e-3bd2-12cf-e3a7-a7dc8926d90c" testName="pieceHasNoValidMoves" computerName="ITSSHAW" duration="00:00:00.0012086" startTime="2013-11-28T07:49:12.0862202+02:00" endTime="2013-11-28T07:49:12.0882202+02:00" testType="13cdc9d9-ddb5-4fa4-a97d-d965ccfc6d4b" outcome="Passed" testListId="8c84fa94-04c1-424b-9868-57a2d4851a1d" relativeResultsDirectory="43d29180-092b-4169-9ec5-4dddf5dfa383">
    </UnitTestResult>
    <UnitTestResult executionId="c23e7fbc-5752-4d67-9b71-e7a5a576cdf9" testId="db17ca7a-fdcd-e135-ff66-0041667888a6" testName="pieceMovesWithMove" computerName="ITSSHAW" duration="00:00:00.0006351" startTime="2013-11-28T07:49:12.0882202+02:00" endTime="2013-11-28T07:49:12.0902202+02:00" testType="13cdc9d9-ddb5-4fa4-a97d-d965ccfc6d4b" outcome="Passed" testListId="8c84fa94-04c1-424b-9868-57a2d4851a1d" relativeResultsDirectory="c23e7fbc-5752-4d67-9b71-e7a5a576cdf9">
    </UnitTestResult>
    <UnitTestResult executionId="9953b638-7c80-43b7-a45e-6dc83294b1d5" testId="5ba4e3e7-6993-ed4b-8ced-e1d13c26b064" testName="selectedCellIsNullAfterMove" computerName="ITSSHAW" duration="00:00:00.0007247" startTime="2013-11-28T07:49:12.0902202+02:00" endTime="2013-11-28T07:49:12.0912202+02:00" testType="13cdc9d9-ddb5-4fa4-a97d-d965ccfc6d4b" outcome="Passed" testListId="8c84fa94-04c1-424b-9868-57a2d4851a1d" relativeResultsDirectory="9953b638-7c80-43b7-a45e-6dc83294b1d5">
    </UnitTestResult>
    <UnitTestResult executionId="e1ee9732-f318-43f0-b256-3ab8a0ad173f" testId="708e0fda-e1a5-7f8b-3069-c1364aee94b5" testName="canMoveBlackKnightDownLeft" computerName="ITSSHAW" duration="00:00:00.0040164" startTime="2013-11-28T07:49:12.0922202+02:00" endTime="2013-11-28T07:49:12.0972202+02:00" testType="13cdc9d9-ddb5-4fa4-a97d-d965ccfc6d4b" outcome="Passed" testListId="8c84fa94-04c1-424b-9868-57a2d4851a1d" relativeResultsDirectory="e1ee9732-f318-43f0-b256-3ab8a0ad173f">
    </UnitTestResult>
    <UnitTestResult executionId="f185faf7-9253-4832-86c4-4437b5b19024" testId="5e1118ed-9b53-f770-8503-6b91f9e32547" testName="canMoveBlackKnightDownRight" computerName="ITSSHAW" duration="00:00:00.0002967" startTime="2013-11-28T07:49:12.0982202+02:00" endTime="2013-11-28T07:49:12.0982202+02:00" testType="13cdc9d9-ddb5-4fa4-a97d-d965ccfc6d4b" outcome="Passed" testListId="8c84fa94-04c1-424b-9868-57a2d4851a1d" relativeResultsDirectory="f185faf7-9253-4832-86c4-4437b5b19024">
    </UnitTestResult>
    <UnitTestResult executionId="8e853827-0329-4d1a-8a4d-ffe55c0a3ad3" testId="6cf57c02-d527-684a-9612-4d68bc5f29f6" testName="canMoveBlackKnightLeftDown" computerName="ITSSHAW" duration="00:00:00.0003459" startTime="2013-11-28T07:49:12.0992202+02:00" endTime="2013-11-28T07:49:12.1002202+02:00" testType="13cdc9d9-ddb5-4fa4-a97d-d965ccfc6d4b" outcome="Passed" testListId="8c84fa94-04c1-424b-9868-57a2d4851a1d" relativeResultsDirectory="8e853827-0329-4d1a-8a4d-ffe55c0a3ad3">
    </UnitTestResult>
    <UnitTestResult executionId="85a1ebac-e664-412c-a191-3ce33bb4d2e3" testId="89133348-f31e-9131-8497-14e1440854d8" testName="canMoveBlackKnightLeftUp" computerName="ITSSHAW" duration="00:00:00.0002915" startTime="2013-11-28T07:49:12.1012202+02:00" endTime="2013-11-28T07:49:12.1022202+02:00" testType="13cdc9d9-ddb5-4fa4-a97d-d965ccfc6d4b" outcome="Passed" testListId="8c84fa94-04c1-424b-9868-57a2d4851a1d" relativeResultsDirectory="85a1ebac-e664-412c-a191-3ce33bb4d2e3">
    </UnitTestResult>
    <UnitTestResult executionId="1dd606d6-9cfa-4e43-97b6-269017167a43" testId="da7f9d67-6583-5b93-3103-caab5031e2e0" testName="canMoveBlackKnightRightDown" computerName="ITSSHAW" duration="00:00:00.0003902" startTime="2013-11-28T07:49:12.1022202+02:00" endTime="2013-11-28T07:49:12.1032202+02:00" testType="13cdc9d9-ddb5-4fa4-a97d-d965ccfc6d4b" outcome="Passed" testListId="8c84fa94-04c1-424b-9868-57a2d4851a1d" relativeResultsDirectory="1dd606d6-9cfa-4e43-97b6-269017167a43">
    </UnitTestResult>
    <UnitTestResult executionId="0a48ede7-e72b-4a23-83dc-5cf43d475c6c" testId="b6442f0f-5bfd-8c1c-ad13-f1d69b3a8a06" testName="canMoveBlackKnightRightUp" computerName="ITSSHAW" duration="00:00:00.0003178" startTime="2013-11-28T07:49:12.1042202+02:00" endTime="2013-11-28T07:49:12.1052202+02:00" testType="13cdc9d9-ddb5-4fa4-a97d-d965ccfc6d4b" outcome="Passed" testListId="8c84fa94-04c1-424b-9868-57a2d4851a1d" relativeResultsDirectory="0a48ede7-e72b-4a23-83dc-5cf43d475c6c">
    </UnitTestResult>
    <UnitTestResult executionId="83681561-1b57-4030-9b68-65d4040dd4e7" testId="dec0744b-b5da-6a4d-ad0a-355a63963703" testName="canMoveBlackKnightUpLeft" computerName="ITSSHAW" duration="00:00:00.0002937" startTime="2013-11-28T07:49:12.1062202+02:00" endTime="2013-11-28T07:49:12.1062202+02:00" testType="13cdc9d9-ddb5-4fa4-a97d-d965ccfc6d4b" outcome="Passed" testListId="8c84fa94-04c1-424b-9868-57a2d4851a1d" relativeResultsDirectory="83681561-1b57-4030-9b68-65d4040dd4e7">
    </UnitTestResult>
    <UnitTestResult executionId="7c7487b7-99b2-48e7-9fd1-3410c75e2229" testId="aec32abe-a9a4-ee33-7558-1c7c2a3fabec" testName="canMoveBlackKnightUpRight" computerName="ITSSHAW" duration="00:00:00.0002795" startTime="2013-11-28T07:49:12.1072202+02:00" endTime="2013-11-28T07:49:12.1082202+02:00" testType="13cdc9d9-ddb5-4fa4-a97d-d965ccfc6d4b" outcome="Passed" testListId="8c84fa94-04c1-424b-9868-57a2d4851a1d" relativeResultsDirectory="7c7487b7-99b2-48e7-9fd1-3410c75e2229">
    </UnitTestResult>
    <UnitTestResult executionId="81bf7b29-5abc-4236-a4f1-84e1f2a49b24" testId="129b002c-1fd8-a858-11b5-efb8011f1c66" testName="canMoveWhiteKnightDownLeft" computerName="ITSSHAW" duration="00:00:00.0003078" startTime="2013-11-28T07:49:12.1092202+02:00" endTime="2013-11-28T07:49:12.1092202+02:00" testType="13cdc9d9-ddb5-4fa4-a97d-d965ccfc6d4b" outcome="Passed" testListId="8c84fa94-04c1-424b-9868-57a2d4851a1d" relativeResultsDirectory="81bf7b29-5abc-4236-a4f1-84e1f2a49b24">
    </UnitTestResult>
    <UnitTestResult executionId="023f7e04-e503-4bd6-a80c-55be424e1faf" testId="3d0b3fd5-ed3e-b00a-e692-69db01d97037" testName="canMoveWhiteKnightDownRight" computerName="ITSSHAW" duration="00:00:00.0003724" startTime="2013-11-28T07:49:12.1102202+02:00" endTime="2013-11-28T07:49:12.1112202+02:00" testType="13cdc9d9-ddb5-4fa4-a97d-d965ccfc6d4b" outcome="Passed" testListId="8c84fa94-04c1-424b-9868-57a2d4851a1d" relativeResultsDirectory="023f7e04-e503-4bd6-a80c-55be424e1faf">
    </UnitTestResult>
    <UnitTestResult executionId="051ff920-58a0-4277-a935-11e0e48fea59" testId="cf3b5912-6ae6-e0a1-b350-a9a883f44204" testName="canMoveWhiteKnightLeftDown" computerName="ITSSHAW" duration="00:00:00.0003685" startTime="2013-11-28T07:49:12.1122202+02:00" endTime="2013-11-28T07:49:12.1122202+02:00" testType="13cdc9d9-ddb5-4fa4-a97d-d965ccfc6d4b" outcome="Passed" testListId="8c84fa94-04c1-424b-9868-57a2d4851a1d" relativeResultsDirectory="051ff920-58a0-4277-a935-11e0e48fea59">
    </UnitTestResult>
    <UnitTestResult executionId="775b162e-00d7-4cfb-8e9f-219b338fa4eb" testId="ed293079-60d8-dd36-58ca-ab1711252e1b" testName="canMoveWhiteKnightLeftUp" computerName="ITSSHAW" duration="00:00:00.0002879" startTime="2013-11-28T07:49:12.1132202+02:00" endTime="2013-11-28T07:49:12.1142202+02:00" testType="13cdc9d9-ddb5-4fa4-a97d-d965ccfc6d4b" outcome="Passed" testListId="8c84fa94-04c1-424b-9868-57a2d4851a1d" relativeResultsDirectory="775b162e-00d7-4cfb-8e9f-219b338fa4eb">
    </UnitTestResult>
    <UnitTestResult executionId="72bd71ae-98fa-48bd-a8d7-95c3d3b90efb" testId="b1cacb72-0763-fed2-dae6-92a0ddd885e0" testName="canMoveWhiteKnightRightDown" computerName="ITSSHAW" duration="00:00:00.0003175" startTime="2013-11-28T07:49:12.1152202+02:00" endTime="2013-11-28T07:49:12.1162202+02:00" testType="13cdc9d9-ddb5-4fa4-a97d-d965ccfc6d4b" outcome="Passed" testListId="8c84fa94-04c1-424b-9868-57a2d4851a1d" relativeResultsDirectory="72bd71ae-98fa-48bd-a8d7-95c3d3b90efb">
    </UnitTestResult>
    <UnitTestResult executionId="d63b122c-a6a9-4cad-ac6e-72e662cde92e" testId="b48545f1-36d0-2752-215f-8475388c03a6" testName="canMoveWhiteKnightRightUp" computerName="ITSSHAW" duration="00:00:00.0003875" startTime="2013-11-28T07:49:12.1162202+02:00" endTime="2013-11-28T07:49:12.1172202+02:00" testType="13cdc9d9-ddb5-4fa4-a97d-d965ccfc6d4b" outcome="Passed" testListId="8c84fa94-04c1-424b-9868-57a2d4851a1d" relativeResultsDirectory="d63b122c-a6a9-4cad-ac6e-72e662cde92e">
    </UnitTestResult>
    <UnitTestResult executionId="bb4d98cb-5f5f-4045-9194-6c8ea8303766" testId="01e1d85e-511b-f54c-a1a1-900d1b604f70" testName="canMoveWhiteKnightUpLeft" computerName="ITSSHAW" duration="00:00:00.0002861" startTime="2013-11-28T07:49:12.1182202+02:00" endTime="2013-11-28T07:49:12.1192202+02:00" testType="13cdc9d9-ddb5-4fa4-a97d-d965ccfc6d4b" outcome="Passed" testListId="8c84fa94-04c1-424b-9868-57a2d4851a1d" relativeResultsDirectory="bb4d98cb-5f5f-4045-9194-6c8ea8303766">
    </UnitTestResult>
    <UnitTestResult executionId="a7d85fad-2df6-4649-ad6e-b91540667198" testId="020bc553-c880-41f6-e7a5-5598075d4e67" testName="canMoveWhiteKnightUpRight" computerName="ITSSHAW" duration="00:00:00.0003157" startTime="2013-11-28T07:49:12.1192202+02:00" endTime="2013-11-28T07:49:12.1202202+02:00" testType="13cdc9d9-ddb5-4fa4-a97d-d965ccfc6d4b" outcome="Passed" testListId="8c84fa94-04c1-424b-9868-57a2d4851a1d" relativeResultsDirectory="a7d85fad-2df6-4649-ad6e-b91540667198">
    </UnitTestResult>
    <UnitTestResult executionId="559294e7-4611-4022-b7d7-714c9bd6b6cb" testId="5549ceba-3e9a-6148-26c8-8ad403ffbfa1" testName="cannotCaptureOwnPieceBottomLeft" computerName="ITSSHAW" duration="00:00:00.0010580" startTime="2013-11-28T07:49:12.1212202+02:00" endTime="2013-11-28T07:49:12.1232202+02:00" testType="13cdc9d9-ddb5-4fa4-a97d-d965ccfc6d4b" outcome="Passed" testListId="8c84fa94-04c1-424b-9868-57a2d4851a1d" relativeResultsDirectory="559294e7-4611-4022-b7d7-714c9bd6b6cb">
    </UnitTestResult>
    <UnitTestResult executionId="62880fd6-0cfa-4f32-bd25-5cd8f3100856" testId="12e63596-1c4e-b553-8314-65281f6114b3" testName="cannotCaptureOwnPieceBottomRight" computerName="ITSSHAW" duration="00:00:00.0006830" startTime="2013-11-28T07:49:12.1232202+02:00" endTime="2013-11-28T07:49:12.1252202+02:00" testType="13cdc9d9-ddb5-4fa4-a97d-d965ccfc6d4b" outcome="Passed" testListId="8c84fa94-04c1-424b-9868-57a2d4851a1d" relativeResultsDirectory="62880fd6-0cfa-4f32-bd25-5cd8f3100856">
    </UnitTestResult>
    <UnitTestResult executionId="e60d879a-fe34-435a-8736-ff6613930d21" testId="ad975496-37d7-dfa8-72c5-ed19caf4b8d6" testName="cannotCaptureOwnPieceLeftBottom" computerName="ITSSHAW" duration="00:00:00.0006915" startTime="2013-11-28T07:49:12.1252202+02:00" endTime="2013-11-28T07:49:12.1262202+02:00" testType="13cdc9d9-ddb5-4fa4-a97d-d965ccfc6d4b" outcome="Passed" testListId="8c84fa94-04c1-424b-9868-57a2d4851a1d" relativeResultsDirectory="e60d879a-fe34-435a-8736-ff6613930d21">
    </UnitTestResult>
    <UnitTestResult executionId="d72499d3-60ad-4ff0-a7be-7611d576a9a2" testId="40d1b41f-84e9-0b2b-3898-954b6294bb34" testName="cannotCaptureOwnPieceLeftTop" computerName="ITSSHAW" duration="00:00:00.0007395" startTime="2013-11-28T07:49:12.1272202+02:00" endTime="2013-11-28T07:49:12.1282202+02:00" testType="13cdc9d9-ddb5-4fa4-a97d-d965ccfc6d4b" outcome="Passed" testListId="8c84fa94-04c1-424b-9868-57a2d4851a1d" relativeResultsDirectory="d72499d3-60ad-4ff0-a7be-7611d576a9a2">
    </UnitTestResult>
    <UnitTestResult executionId="99d68723-92bb-4fa8-973f-df04360b4f47" testId="c281314e-828d-e156-cbd7-96cd2b327ed0" testName="cannotCaptureOwnPieceRightBottom" computerName="ITSSHAW" duration="00:00:00.0006876" startTime="2013-11-28T07:49:12.1292202+02:00" endTime="2013-11-28T07:49:12.1302202+02:00" testType="13cdc9d9-ddb5-4fa4-a97d-d965ccfc6d4b" outcome="Passed" testListId="8c84fa94-04c1-424b-9868-57a2d4851a1d" relativeResultsDirectory="99d68723-92bb-4fa8-973f-df04360b4f47">
    </UnitTestResult>
    <UnitTestResult executionId="59f7a0cb-cbf5-4722-8048-65a8a44fe40a" testId="84067fc2-a576-9ac6-6f3c-59ca7fae01b3" testName="cannotCaptureOwnPieceRightTop" computerName="ITSSHAW" duration="00:00:00.0006906" startTime="2013-11-28T07:49:12.1312202+02:00" endTime="2013-11-28T07:49:12.1322202+02:00" testType="13cdc9d9-ddb5-4fa4-a97d-d965ccfc6d4b" outcome="Passed" testListId="8c84fa94-04c1-424b-9868-57a2d4851a1d" relativeResultsDirectory="59f7a0cb-cbf5-4722-8048-65a8a44fe40a">
    </UnitTestResult>
    <UnitTestResult executionId="461fe093-aa6c-4b73-a120-d17fbdfd7725" testId="3b8989d4-9468-d4f5-4fa5-0c83cef3e6e3" testName="cannotCaptureOwnPieceTopLeft" computerName="ITSSHAW" duration="00:00:00.0006876" startTime="2013-11-28T07:49:12.1332202+02:00" endTime="2013-11-28T07:49:12.1342202+02:00" testType="13cdc9d9-ddb5-4fa4-a97d-d965ccfc6d4b" outcome="Passed" testListId="8c84fa94-04c1-424b-9868-57a2d4851a1d" relativeResultsDirectory="461fe093-aa6c-4b73-a120-d17fbdfd7725">
    </UnitTestResult>
    <UnitTestResult executionId="c296b598-643f-461b-a6bd-927b241e6df1" testId="8b767757-2d46-6db2-6c72-a25020070dc1" testName="cannotCaptureOwnPieceTopRight" computerName="ITSSHAW" duration="00:00:00.0007081" startTime="2013-11-28T07:49:12.1352202+02:00" endTime="2013-11-28T07:49:12.1362202+02:00" testType="13cdc9d9-ddb5-4fa4-a97d-d965ccfc6d4b" outcome="Passed" testListId="8c84fa94-04c1-424b-9868-57a2d4851a1d" relativeResultsDirectory="c296b598-643f-461b-a6bd-927b241e6df1">
    </UnitTestResult>
    <UnitTestResult executionId="59ab8721-f90a-427f-9fff-aa353c0c1942" testId="f1a715f9-9cf1-9e64-a4be-97f94a04714c" testName="cannotMoveBlackKnightAnywayElse" computerName="ITSSHAW" duration="00:00:00.0075340" startTime="2013-11-28T07:49:12.1372202+02:00" endTime="2013-11-28T07:49:12.1452202+02:00" testType="13cdc9d9-ddb5-4fa4-a97d-d965ccfc6d4b" outcome="Passed" testListId="8c84fa94-04c1-424b-9868-57a2d4851a1d" relativeResultsDirectory="59ab8721-f90a-427f-9fff-aa353c0c1942">
    </UnitTestResult>
    <UnitTestResult executionId="603a0301-dcd0-457f-84f2-51f3f8a3b088" testId="98edb5da-2506-8b04-eeed-1852ef2aaf00" testName="cannotMoveWhiteKnightAnywayElse" computerName="ITSSHAW" duration="00:00:00.0067706" startTime="2013-11-28T07:49:12.1462202+02:00" endTime="2013-11-28T07:49:12.1532202+02:00" testType="13cdc9d9-ddb5-4fa4-a97d-d965ccfc6d4b" outcome="Passed" testListId="8c84fa94-04c1-424b-9868-57a2d4851a1d" relativeResultsDirectory="603a0301-dcd0-457f-84f2-51f3f8a3b088">
    </UnitTestResult>
    <UnitTestResult executionId="d5cbf5df-4374-442b-9774-be77fcb4d066" testId="070484d8-b78f-e4c9-05d6-cba7187facb9" testName="invalidMoveGivesCorrectPieceName" computerName="ITSSHAW" duration="00:00:00.0004126" startTime="2013-11-28T07:49:12.1542202+02:00" endTime="2013-11-28T07:49:12.1552202+02:00" testType="13cdc9d9-ddb5-4fa4-a97d-d965ccfc6d4b" outcome="Passed" testListId="8c84fa94-04c1-424b-9868-57a2d4851a1d" relativeResultsDirectory="d5cbf5df-4374-442b-9774-be77fcb4d066">
    </UnitTestResult>
    <UnitTestResult executionId="6f53dc22-237c-442d-81f1-06b61a283d4a" testId="0c39fefa-5032-d364-0d53-99bb085e0982" testName="blackCannotTakeEmptyPieceLeft" computerName="ITSSHAW" duration="00:00:00.0012934" startTime="2013-11-28T07:49:12.1562202+02:00" endTime="2013-11-28T07:49:12.1592202+02:00" testType="13cdc9d9-ddb5-4fa4-a97d-d965ccfc6d4b" outcome="Passed" testListId="8c84fa94-04c1-424b-9868-57a2d4851a1d" relativeResultsDirectory="6f53dc22-237c-442d-81f1-06b61a283d4a">
    </UnitTestResult>
    <UnitTestResult executionId="d672014f-2e65-4119-810d-04e28bb1ca3b" testId="072141a6-213d-f7c1-ad94-78892f83b7a0" testName="blackPawnCanMoveTwoSpacesAtStart" computerName="ITSSHAW" duration="00:00:00.0010960" startTime="2013-11-28T07:49:12.1602202+02:00" endTime="2013-11-28T07:49:12.1612202+02:00" testType="13cdc9d9-ddb5-4fa4-a97d-d965ccfc6d4b" outcome="Passed" testListId="8c84fa94-04c1-424b-9868-57a2d4851a1d" relativeResultsDirectory="d672014f-2e65-4119-810d-04e28bb1ca3b">
    </UnitTestResult>
    <UnitTestResult executionId="344445f7-128f-4da0-888a-1cb92f534433" testId="cb78d65f-db30-1067-6355-33912c9c98b3" testName="blackPawnCannotMoveBackwards" computerName="ITSSHAW" duration="00:00:00.0009203" startTime="2013-11-28T07:49:12.1622202+02:00" endTime="2013-11-28T07:49:12.1632202+02:00" testType="13cdc9d9-ddb5-4fa4-a97d-d965ccfc6d4b" outcome="Passed" testListId="8c84fa94-04c1-424b-9868-57a2d4851a1d" relativeResultsDirectory="344445f7-128f-4da0-888a-1cb92f534433">
    </UnitTestResult>
    <UnitTestResult executionId="d9e349d7-7a64-42f0-b418-7e4a6772e30c" testId="8e7b2879-f716-116d-99dc-23f8e18ae182" testName="blackPawnCannotMoveTwoSpacesAfterStart" computerName="ITSSHAW" duration="00:00:00.0009143" startTime="2013-11-28T07:49:12.1642202+02:00" endTime="2013-11-28T07:49:12.1652202+02:00" testType="13cdc9d9-ddb5-4fa4-a97d-d965ccfc6d4b" outcome="Passed" testListId="8c84fa94-04c1-424b-9868-57a2d4851a1d" relativeResultsDirectory="d9e349d7-7a64-42f0-b418-7e4a6772e30c">
    </UnitTestResult>
    <UnitTestResult executionId="fe14621e-e245-4877-a926-180165167ce7" testId="d6be978c-e15f-fa6c-2dca-55f439cdf674" testName="blackPawnCannotTakeEmptyPieceRight" computerName="ITSSHAW" duration="00:00:00.0009061" startTime="2013-11-28T07:49:12.1662202+02:00" endTime="2013-11-28T07:49:12.1682202+02:00" testType="13cdc9d9-ddb5-4fa4-a97d-d965ccfc6d4b" outcome="Passed" testListId="8c84fa94-04c1-424b-9868-57a2d4851a1d" relativeResultsDirectory="fe14621e-e245-4877-a926-180165167ce7">
    </UnitTestResult>
    <UnitTestResult executionId="f4728b05-d423-4c3f-a53d-7a165da76d62" testId="31f39857-46fe-cad3-eea6-de16b677be95" testName="blackPawnCanTakePieceLeft" computerName="ITSSHAW" duration="00:00:00.0011814" startTime="2013-11-28T07:49:12.1682202+02:00" endTime="2013-11-28T07:49:12.1702202+02:00" testType="13cdc9d9-ddb5-4fa4-a97d-d965ccfc6d4b" outcome="Passed" testListId="8c84fa94-04c1-424b-9868-57a2d4851a1d" relativeResultsDirectory="f4728b05-d423-4c3f-a53d-7a165da76d62">
    </UnitTestResult>
    <UnitTestResult executionId="a5cfc212-26e4-4c22-8241-54673f534de0" testId="af7199b0-e83f-767d-57c7-bef2cae34aa3" testName="blackPawnCanTakePieceRight" computerName="ITSSHAW" duration="00:00:00.0007727" startTime="2013-11-28T07:49:12.1712202+02:00" endTime="2013-11-28T07:49:12.1722202+02:00" testType="13cdc9d9-ddb5-4fa4-a97d-d965ccfc6d4b" outcome="Passed" testListId="8c84fa94-04c1-424b-9868-57a2d4851a1d" relativeResultsDirectory="a5cfc212-26e4-4c22-8241-54673f534de0">
    </UnitTestResult>
    <UnitTestResult executionId="fd14647c-83a7-4723-acdc-e0d9e7e721e8" testId="74218563-c78e-d800-7101-79460a2a54a4" testName="canBlackPawnMoveOneSpaceForward" computerName="ITSSHAW" duration="00:00:00.0006595" startTime="2013-11-28T07:49:12.1732202+02:00" endTime="2013-11-28T07:49:12.1742202+02:00" testType="13cdc9d9-ddb5-4fa4-a97d-d965ccfc6d4b" outcome="Passed" testListId="8c84fa94-04c1-424b-9868-57a2d4851a1d" relativeResultsDirectory="fd14647c-83a7-4723-acdc-e0d9e7e721e8">
    </UnitTestResult>
    <UnitTestResult executionId="aac009a8-1dcc-40e6-8958-8c3db6cb62aa" testId="2ead5f87-4f49-9731-8b7d-274f7728f6ce" testName="cannotMove2AtStartIfPieceInTheWay" computerName="ITSSHAW" duration="00:00:00.0013429" startTime="2013-11-28T07:49:12.1752202+02:00" endTime="2013-11-28T07:49:12.1772202+02:00" testType="13cdc9d9-ddb5-4fa4-a97d-d965ccfc6d4b" outcome="Passed" testListId="8c84fa94-04c1-424b-9868-57a2d4851a1d" relativeResultsDirectory="aac009a8-1dcc-40e6-8958-8c3db6cb62aa">
    </UnitTestResult>
    <UnitTestResult executionId="ec401fff-f775-49c0-844a-f524cc52db44" testId="f4345ccc-f7f8-a9d0-d85f-f34d1eaed95e" testName="cannotMove2AtStartIfPieceJustInFront" computerName="ITSSHAW" duration="00:00:00.0015506" startTime="2013-11-28T07:49:12.1772202+02:00" endTime="2013-11-28T07:49:12.1802202+02:00" testType="13cdc9d9-ddb5-4fa4-a97d-d965ccfc6d4b" outcome="Passed" testListId="8c84fa94-04c1-424b-9868-57a2d4851a1d" relativeResultsDirectory="ec401fff-f775-49c0-844a-f524cc52db44">
    </UnitTestResult>
    <UnitTestResult executionId="ca7782f4-9539-4ea9-bc23-2e35a08de2ba" testId="1889f775-0977-2f85-bcf9-6dc4aeb0834c" testName="cannotMoveEnPassantIfOtherPieceNotAPawn" computerName="ITSSHAW" duration="00:00:00.0013903" startTime="2013-11-28T07:49:12.1802202+02:00" endTime="2013-11-28T07:49:12.1822202+02:00" testType="13cdc9d9-ddb5-4fa4-a97d-d965ccfc6d4b" outcome="Passed" testListId="8c84fa94-04c1-424b-9868-57a2d4851a1d" relativeResultsDirectory="ca7782f4-9539-4ea9-bc23-2e35a08de2ba">
    </UnitTestResult>
    <UnitTestResult executionId="00f65750-6490-4286-bbf0-034565551969" testId="e4425b0f-0cb4-e465-5faf-5fa77fa81a46" testName="cannotMoveOneForwardWhenPieceInTheWay" computerName="ITSSHAW" duration="00:00:00.0007295" startTime="2013-11-28T07:49:12.1832202+02:00" endTime="2013-11-28T07:49:12.1842202+02:00" testType="13cdc9d9-ddb5-4fa4-a97d-d965ccfc6d4b" outcome="Passed" testListId="8c84fa94-04c1-424b-9868-57a2d4851a1d" relativeResultsDirectory="00f65750-6490-4286-bbf0-034565551969">
    </UnitTestResult>
    <UnitTestResult executionId="636d6c63-f46e-4314-b7ac-8fe6d2dbeb50" testId="17c89217-fc60-adea-d5e7-d8f5759cacf3" testName="cannotTakeOwnPieceDiagLeft" computerName="ITSSHAW" duration="00:00:00.0006752" startTime="2013-11-28T07:49:12.1852202+02:00" endTime="2013-11-28T07:49:12.1862202+02:00" testType="13cdc9d9-ddb5-4fa4-a97d-d965ccfc6d4b" outcome="Passed" testListId="8c84fa94-04c1-424b-9868-57a2d4851a1d" relativeResultsDirectory="636d6c63-f46e-4314-b7ac-8fe6d2dbeb50">
    </UnitTestResult>
    <UnitTestResult executionId="f55d3cb5-3266-45b5-a684-ea9aafcef998" testId="557ea181-0881-47c7-90a7-baa142d9c0b1" testName="cannotTakeOwnPieceDiagRight" computerName="ITSSHAW" duration="00:00:00.0007941" startTime="2013-11-28T07:49:12.1872202+02:00" endTime="2013-11-28T07:49:12.1882202+02:00" testType="13cdc9d9-ddb5-4fa4-a97d-d965ccfc6d4b" outcome="Passed" testListId="8c84fa94-04c1-424b-9868-57a2d4851a1d" relativeResultsDirectory="f55d3cb5-3266-45b5-a684-ea9aafcef998">
    </UnitTestResult>
    <UnitTestResult executionId="212e2146-9c54-42c7-bf7b-521ab868f0fd" testId="72153cfe-4389-9773-f6fd-6685bb51f896" testName="canTakePawnEnPassantLeft" computerName="ITSSHAW" duration="00:00:00.0009583" startTime="2013-11-28T07:49:12.1892202+02:00" endTime="2013-11-28T07:49:12.1902202+02:00" testType="13cdc9d9-ddb5-4fa4-a97d-d965ccfc6d4b" outcome="Passed" testListId="8c84fa94-04c1-424b-9868-57a2d4851a1d" relativeResultsDirectory="212e2146-9c54-42c7-bf7b-521ab868f0fd">
    </UnitTestResult>
    <UnitTestResult executionId="01dae60f-c385-465a-ba88-82d941b91158" testId="77a8b315-06d4-5fac-05d9-90fcccdac88f" testName="canTakePawnEnPassantRight" computerName="ITSSHAW" duration="00:00:00.0009239" startTime="2013-11-28T07:49:12.1912202+02:00" endTime="2013-11-28T07:49:12.1922202+02:00" testType="13cdc9d9-ddb5-4fa4-a97d-d965ccfc6d4b" outcome="Passed" testListId="8c84fa94-04c1-424b-9868-57a2d4851a1d" relativeResultsDirectory="01dae60f-c385-465a-ba88-82d941b91158">
    </UnitTestResult>
    <UnitTestResult executionId="de0c5186-f038-4d1e-99e0-1b0f7c90cbd8" testId="276aeaf4-94bd-7cc4-0bfa-fd1b795b8f09" testName="canWhitePawnMoveOneSpaceForward" computerName="ITSSHAW" duration="00:00:00.0005487" startTime="2013-11-28T07:49:12.1932202+02:00" endTime="2013-11-28T07:49:12.1942202+02:00" testType="13cdc9d9-ddb5-4fa4-a97d-d965ccfc6d4b" outcome="Passed" testListId="8c84fa94-04c1-424b-9868-57a2d4851a1d" relativeResultsDirectory="de0c5186-f038-4d1e-99e0-1b0f7c90cbd8">
    </UnitTestResult>
    <UnitTestResult executionId="262f33cb-fe08-4810-abec-3cb84547a09e" testId="c9fb8199-30a5-e351-264b-e657ae13b916" testName="invalidMoveGivesCorrectPieceName" computerName="ITSSHAW" duration="00:00:00.0004062" startTime="2013-11-28T07:49:12.1952202+02:00" endTime="2013-11-28T07:49:12.1962202+02:00" testType="13cdc9d9-ddb5-4fa4-a97d-d965ccfc6d4b" outcome="Passed" testListId="8c84fa94-04c1-424b-9868-57a2d4851a1d" relativeResultsDirectory="262f33cb-fe08-4810-abec-3cb84547a09e">
    </UnitTestResult>
    <UnitTestResult executionId="0a792bfb-740f-4124-b735-55f8ae7c1f50" testId="6d29da73-1392-f864-ac11-db455215ce75" testName="moveEnPassantLeftNotImmediateThrowError" computerName="ITSSHAW" duration="00:00:00.0015343" startTime="2013-11-28T07:49:12.1972202+02:00" endTime="2013-11-28T07:49:12.1992202+02:00" testType="13cdc9d9-ddb5-4fa4-a97d-d965ccfc6d4b" outcome="Passed" testListId="8c84fa94-04c1-424b-9868-57a2d4851a1d" relativeResultsDirectory="0a792bfb-740f-4124-b735-55f8ae7c1f50">
    </UnitTestResult>
    <UnitTestResult executionId="edf7dae3-bf29-4887-b758-5773c430e7dc" testId="4f8f2480-799b-0be7-4437-c1ecf75fbaa1" testName="moveEnPassantLeftRemovesPiece" computerName="ITSSHAW" duration="00:00:00.0008485" startTime="2013-11-28T07:49:12.2002202+02:00" endTime="2013-11-28T07:49:12.2012202+02:00" testType="13cdc9d9-ddb5-4fa4-a97d-d965ccfc6d4b" outcome="Passed" testListId="8c84fa94-04c1-424b-9868-57a2d4851a1d" relativeResultsDirectory="edf7dae3-bf29-4887-b758-5773c430e7dc">
    </UnitTestResult>
    <UnitTestResult executionId="bcabb1bf-f96c-40a7-941c-cb3325d1a4fe" testId="1ae802a5-bb94-ae3c-980c-cf0121da8a4a" testName="moveEnPassantRightNotImmediateThrowsError" computerName="ITSSHAW" duration="00:00:00.0015204" startTime="2013-11-28T07:49:12.2022202+02:00" endTime="2013-11-28T07:49:12.2042202+02:00" testType="13cdc9d9-ddb5-4fa4-a97d-d965ccfc6d4b" outcome="Passed" testListId="8c84fa94-04c1-424b-9868-57a2d4851a1d" relativeResultsDirectory="bcabb1bf-f96c-40a7-941c-cb3325d1a4fe">
    </UnitTestResult>
    <UnitTestResult executionId="2a028067-5d7c-4317-b1fe-d65e397bc277" testId="978c0671-8eb9-8633-411e-8b65bb821d6c" testName="moveEnPassantRightRemovesPiece" computerName="ITSSHAW" duration="00:00:00.0011485" startTime="2013-11-28T07:49:12.2052202+02:00" endTime="2013-11-28T07:49:12.2072202+02:00" testType="13cdc9d9-ddb5-4fa4-a97d-d965ccfc6d4b" outcome="Passed" testListId="8c84fa94-04c1-424b-9868-57a2d4851a1d" relativeResultsDirectory="2a028067-5d7c-4317-b1fe-d65e397bc277">
    </UnitTestResult>
    <UnitTestResult executionId="83d51541-9f70-4573-aa2e-84e508c8b92b" testId="31b640ce-2e58-2f38-568e-804147d116f8" testName="whitePawnCanMoveTwoSpacesAtStart" computerName="ITSSHAW" duration="00:00:00.0005723" startTime="2013-11-28T07:49:12.2082202+02:00" endTime="2013-11-28T07:49:12.2092202+02:00" testType="13cdc9d9-ddb5-4fa4-a97d-d965ccfc6d4b" outcome="Passed" testListId="8c84fa94-04c1-424b-9868-57a2d4851a1d" relativeResultsDirectory="83d51541-9f70-4573-aa2e-84e508c8b92b">
    </UnitTestResult>
    <UnitTestResult executionId="386bdb6c-a778-47f6-9019-6a71692dbf17" testId="5e0522cb-aa6a-a547-6b61-65ded7b9398a" testName="whitePawnCannotMoveBackwards" computerName="ITSSHAW" duration="00:00:00.0010251" startTime="2013-11-28T07:49:12.2102202+02:00" endTime="2013-11-28T07:49:12.2112202+02:00" testType="13cdc9d9-ddb5-4fa4-a97d-d965ccfc6d4b" outcome="Passed" testListId="8c84fa94-04c1-424b-9868-57a2d4851a1d" relativeResultsDirectory="386bdb6c-a778-47f6-9019-6a71692dbf17">
    </UnitTestResult>
    <UnitTestResult executionId="dad2daf9-f12e-40cb-b1cd-a1f831793ac2" testId="35ff0ac0-4840-970b-a280-9a148d7f7af4" testName="whitePawnCannotMoveTwoSpacesAfterStart" computerName="ITSSHAW" duration="00:00:00.0010371" startTime="2013-11-28T07:49:12.2122202+02:00" endTime="2013-11-28T07:49:12.2142202+02:00" testType="13cdc9d9-ddb5-4fa4-a97d-d965ccfc6d4b" outcome="Passed" testListId="8c84fa94-04c1-424b-9868-57a2d4851a1d" relativeResultsDirectory="dad2daf9-f12e-40cb-b1cd-a1f831793ac2">
    </UnitTestResult>
    <UnitTestResult executionId="8801378d-8da4-44d1-96ea-4482a6737726" testId="76d2cb65-6735-d8b0-b056-6bd2e46786ef" testName="whitePawnCannotTakeEmptyPieceLeft" computerName="ITSSHAW" duration="00:00:00.0009185" startTime="2013-11-28T07:49:12.2142202+02:00" endTime="2013-11-28T07:49:12.2162202+02:00" testType="13cdc9d9-ddb5-4fa4-a97d-d965ccfc6d4b" outcome="Passed" testListId="8c84fa94-04c1-424b-9868-57a2d4851a1d" relativeResultsDirectory="8801378d-8da4-44d1-96ea-4482a6737726">
    </UnitTestResult>
    <UnitTestResult executionId="5de53e10-f8ae-400e-a7c4-b31d17457e4f" testId="85ab3335-8bf0-ecfa-98f7-0db700370fe2" testName="whitePawnCannotTakeEmptyPieceRight" computerName="ITSSHAW" duration="00:00:00.0009282" startTime="2013-11-28T07:49:12.2172202+02:00" endTime="2013-11-28T07:49:12.2182202+02:00" testType="13cdc9d9-ddb5-4fa4-a97d-d965ccfc6d4b" outcome="Passed" testListId="8c84fa94-04c1-424b-9868-57a2d4851a1d" relativeResultsDirectory="5de53e10-f8ae-400e-a7c4-b31d17457e4f">
    </UnitTestResult>
    <UnitTestResult executionId="34227c04-605d-475f-891f-516db03cd84a" testId="f1502619-456c-8ace-3118-e479f255cb31" testName="whitePawnCannotTakeTwoRowsForwardAtStart" computerName="ITSSHAW" duration="00:00:00.0015639" startTime="2013-11-28T07:49:12.2232202+02:00" endTime="2013-11-28T07:49:12.2252202+02:00" testType="13cdc9d9-ddb5-4fa4-a97d-d965ccfc6d4b" outcome="Passed" testListId="8c84fa94-04c1-424b-9868-57a2d4851a1d" relativeResultsDirectory="34227c04-605d-475f-891f-516db03cd84a">
    </UnitTestResult>
    <UnitTestResult executionId="9407ab29-64b0-4ad8-a472-de5f6e44e415" testId="f9b6fa3b-c686-0e22-5a5c-d78c0f5f065a" testName="whitePawnCanTakePieceLeft" computerName="ITSSHAW" duration="00:00:00.0007286" startTime="2013-11-28T07:49:12.2262202+02:00" endTime="2013-11-28T07:49:12.2272202+02:00" testType="13cdc9d9-ddb5-4fa4-a97d-d965ccfc6d4b" outcome="Passed" testListId="8c84fa94-04c1-424b-9868-57a2d4851a1d" relativeResultsDirectory="9407ab29-64b0-4ad8-a472-de5f6e44e415">
    </UnitTestResult>
    <UnitTestResult executionId="bef1783f-67eb-4661-91c6-19a828689ad6" testId="efc90440-a3c1-87f7-fff9-787ea282e06e" testName="whitePawnCanTakePieceRight" computerName="ITSSHAW" duration="00:00:00.0007166" startTime="2013-11-28T07:49:12.2282202+02:00" endTime="2013-11-28T07:49:12.2292202+02:00" testType="13cdc9d9-ddb5-4fa4-a97d-d965ccfc6d4b" outcome="Passed" testListId="8c84fa94-04c1-424b-9868-57a2d4851a1d" relativeResultsDirectory="bef1783f-67eb-4661-91c6-19a828689ad6">
    </UnitTestResult>
    <UnitTestResult executionId="e36afc30-01aa-4e4e-b5ee-842e01bc7249" testId="2d6867c6-934d-12ca-881f-8ca2af17d2e4" testName="canMoveQueenDiagDownLeft" computerName="ITSSHAW" duration="00:00:00.0057068" startTime="2013-11-28T07:49:12.2302202+02:00" endTime="2013-11-28T07:49:12.2372202+02:00" testType="13cdc9d9-ddb5-4fa4-a97d-d965ccfc6d4b" outcome="Passed" testListId="8c84fa94-04c1-424b-9868-57a2d4851a1d" relativeResultsDirectory="e36afc30-01aa-4e4e-b5ee-842e01bc7249">
    </UnitTestResult>
    <UnitTestResult executionId="daf752a1-f9f3-4720-a68f-ce420d7a4be0" testId="e7f23f39-7057-048c-f8c3-7322c51edfe0" testName="canMoveQueenDiagDownRight" computerName="ITSSHAW" duration="00:00:00.0010743" startTime="2013-11-28T07:49:12.2372202+02:00" endTime="2013-11-28T07:49:12.2392202+02:00" testType="13cdc9d9-ddb5-4fa4-a97d-d965ccfc6d4b" outcome="Passed" testListId="8c84fa94-04c1-424b-9868-57a2d4851a1d" relativeResultsDirectory="daf752a1-f9f3-4720-a68f-ce420d7a4be0">
    </UnitTestResult>
    <UnitTestResult executionId="671a3ba7-5ae5-4e9f-bd76-0abdcbae43c0" testId="2a82fa15-d608-6e25-a9ff-4f118775d58a" testName="canMoveQueenDiagUpLeft" computerName="ITSSHAW" duration="00:00:00.0010513" startTime="2013-11-28T07:49:12.2402202+02:00" endTime="2013-11-28T07:49:12.2412202+02:00" testType="13cdc9d9-ddb5-4fa4-a97d-d965ccfc6d4b" outcome="Passed" testListId="8c84fa94-04c1-424b-9868-57a2d4851a1d" relativeResultsDirectory="671a3ba7-5ae5-4e9f-bd76-0abdcbae43c0">
    </UnitTestResult>
    <UnitTestResult executionId="c3962a1a-5973-4004-b893-c089c705ae82" testId="e3792867-8253-4fa3-d7e9-04dbc55b7bd0" testName="canMoveQueenDiagUpRight" computerName="ITSSHAW" duration="00:00:00.0012837" startTime="2013-11-28T07:49:12.2422202+02:00" endTime="2013-11-28T07:49:12.2442202+02:00" testType="13cdc9d9-ddb5-4fa4-a97d-d965ccfc6d4b" outcome="Passed" testListId="8c84fa94-04c1-424b-9868-57a2d4851a1d" relativeResultsDirectory="c3962a1a-5973-4004-b893-c089c705ae82">
    </UnitTestResult>
    <UnitTestResult executionId="76e3c139-dcca-462c-80fd-280760bbc4e8" testId="62090d81-bf34-b23d-be59-e474692bb2bb" testName="canMoveQueenHorizontallyLeft" computerName="ITSSHAW" duration="00:00:00.0010187" startTime="2013-11-28T07:49:12.2452202+02:00" endTime="2013-11-28T07:49:12.2472202+02:00" testType="13cdc9d9-ddb5-4fa4-a97d-d965ccfc6d4b" outcome="Passed" testListId="8c84fa94-04c1-424b-9868-57a2d4851a1d" relativeResultsDirectory="76e3c139-dcca-462c-80fd-280760bbc4e8">
    </UnitTestResult>
    <UnitTestResult executionId="1fbf0c40-e5e3-49c0-8063-ec54c74ede52" testId="4a2195e8-be6f-2084-7664-243a4cb97e3b" testName="canMoveQueenHorizontallyRight" computerName="ITSSHAW" duration="00:00:00.0014890" startTime="2013-11-28T07:49:12.2472202+02:00" endTime="2013-11-28T07:49:12.2502202+02:00" testType="13cdc9d9-ddb5-4fa4-a97d-d965ccfc6d4b" outcome="Passed" testListId="8c84fa94-04c1-424b-9868-57a2d4851a1d" relativeResultsDirectory="1fbf0c40-e5e3-49c0-8063-ec54c74ede52">
    </UnitTestResult>
    <UnitTestResult executionId="2a8e4da6-bd7e-407a-9b26-e7ed73e57fd4" testId="01079ac0-f339-2360-8171-8d0e80010056" testName="canMoveQueenVerticallyDown" computerName="ITSSHAW" duration="00:00:00.0011696" startTime="2013-11-28T07:49:12.2502202+02:00" endTime="2013-11-28T07:49:12.2552202+02:00" testType="13cdc9d9-ddb5-4fa4-a97d-d965ccfc6d4b" outcome="Passed" testListId="8c84fa94-04c1-424b-9868-57a2d4851a1d" relativeResultsDirectory="2a8e4da6-bd7e-407a-9b26-e7ed73e57fd4">
    </UnitTestResult>
    <UnitTestResult executionId="114aef6b-beaa-41ad-8967-8294de58b1dd" testId="61071a05-3bb9-84f7-1063-093a7badabca" testName="canMoveQueenVerticallyUp" computerName="ITSSHAW" duration="00:00:00.0012201" startTime="2013-11-28T07:49:12.2562202+02:00" endTime="2013-11-28T07:49:12.2582202+02:00" testType="13cdc9d9-ddb5-4fa4-a97d-d965ccfc6d4b" outcome="Passed" testListId="8c84fa94-04c1-424b-9868-57a2d4851a1d" relativeResultsDirectory="114aef6b-beaa-41ad-8967-8294de58b1dd">
    </UnitTestResult>
    <UnitTestResult executionId="3fa83b44-79bf-4304-a213-7e1b6b5768b4" testId="c402f9ec-8f13-951f-df43-c12680e572ae" testName="invalidMoveGivesCorrectPieceName" computerName="ITSSHAW" duration="00:00:00.0007790" startTime="2013-11-28T07:49:12.2582202+02:00" endTime="2013-11-28T07:49:12.2602202+02:00" testType="13cdc9d9-ddb5-4fa4-a97d-d965ccfc6d4b" outcome="Passed" testListId="8c84fa94-04c1-424b-9868-57a2d4851a1d" relativeResultsDirectory="3fa83b44-79bf-4304-a213-7e1b6b5768b4">
    </UnitTestResult>
    <UnitTestResult executionId="5b291781-d195-4ac9-a043-c250e92ac8b4" testId="d4b4b6b0-fdac-28f8-f2f7-9327c017f9a7" testName="canMoveBlackRookeHorizonallyLeft" computerName="ITSSHAW" duration="00:00:00.0018198" startTime="2013-11-28T07:49:12.2602202+02:00" endTime="2013-11-28T07:49:12.2632202+02:00" testType="13cdc9d9-ddb5-4fa4-a97d-d965ccfc6d4b" outcome="Passed" testListId="8c84fa94-04c1-424b-9868-57a2d4851a1d" relativeResultsDirectory="5b291781-d195-4ac9-a043-c250e92ac8b4">
    </UnitTestResult>
    <UnitTestResult executionId="559b3bd5-9b54-4112-9d08-4bb616dd46df" testId="e4fdf7b7-fbc8-2aec-924b-d61622bf4a88" testName="canMoveBlackRookeHorizontallyRight" computerName="ITSSHAW" duration="00:00:00.0008092" startTime="2013-11-28T07:49:12.2642202+02:00" endTime="2013-11-28T07:49:12.2652202+02:00" testType="13cdc9d9-ddb5-4fa4-a97d-d965ccfc6d4b" outcome="Passed" testListId="8c84fa94-04c1-424b-9868-57a2d4851a1d" relativeResultsDirectory="559b3bd5-9b54-4112-9d08-4bb616dd46df">
    </UnitTestResult>
    <UnitTestResult executionId="a7edfc4b-b5c6-41b2-a3a6-bfd7675f623e" testId="e792f20f-71d7-a991-5d57-f2e7cd212d47" testName="canMoveBlackRookeVerticallyDown" computerName="ITSSHAW" duration="00:00:00.0009849" startTime="2013-11-28T07:49:12.2662202+02:00" endTime="2013-11-28T07:49:12.2672202+02:00" testType="13cdc9d9-ddb5-4fa4-a97d-d965ccfc6d4b" outcome="Passed" testListId="8c84fa94-04c1-424b-9868-57a2d4851a1d" relativeResultsDirectory="a7edfc4b-b5c6-41b2-a3a6-bfd7675f623e">
    </UnitTestResult>
    <UnitTestResult executionId="3659bbb1-cfb4-408c-8704-cb0129da5de6" testId="c1c27b4b-7a33-214b-6362-9bd66a9e7aaf" testName="canMoveBlackRookeVerticallyUp" computerName="ITSSHAW" duration="00:00:00.0007627" startTime="2013-11-28T07:49:12.2682202+02:00" endTime="2013-11-28T07:49:12.2692202+02:00" testType="13cdc9d9-ddb5-4fa4-a97d-d965ccfc6d4b" outcome="Passed" testListId="8c84fa94-04c1-424b-9868-57a2d4851a1d" relativeResultsDirectory="3659bbb1-cfb4-408c-8704-cb0129da5de6">
    </UnitTestResult>
    <UnitTestResult executionId="84bd7e48-bb70-4e9a-9d50-e37aa20d7f1c" testId="b9c436ed-8dd8-bc86-8f71-4fabbe67047a" testName="canMoveWhiteRookeHorizontallyLeft" computerName="ITSSHAW" duration="00:00:00.0008699" startTime="2013-11-28T07:49:12.2702202+02:00" endTime="2013-11-28T07:49:12.2712202+02:00" testType="13cdc9d9-ddb5-4fa4-a97d-d965ccfc6d4b" outcome="Passed" testListId="8c84fa94-04c1-424b-9868-57a2d4851a1d" relativeResultsDirectory="84bd7e48-bb70-4e9a-9d50-e37aa20d7f1c">
    </UnitTestResult>
    <UnitTestResult executionId="7bc0e6dc-488e-4dcf-9f86-cba5d48f4e72" testId="64d13654-89e5-88f2-72b5-dc67279b010a" testName="canMoveWhiteRookeHorizontallyRight" computerName="ITSSHAW" duration="00:00:00.0010724" startTime="2013-11-28T07:49:12.2722202+02:00" endTime="2013-11-28T07:49:12.2742202+02:00" testType="13cdc9d9-ddb5-4fa4-a97d-d965ccfc6d4b" outcome="Passed" testListId="8c84fa94-04c1-424b-9868-57a2d4851a1d" relativeResultsDirectory="7bc0e6dc-488e-4dcf-9f86-cba5d48f4e72">
    </UnitTestResult>
    <UnitTestResult executionId="64b76522-fc4a-47d2-b252-377df6b6476e" testId="90e85dc8-3adb-5026-5221-e60e1c8ff937" testName="canMoveWhiteRookeVerticallyDown" computerName="ITSSHAW" duration="00:00:00.0009644" startTime="2013-11-28T07:49:12.2752202+02:00" endTime="2013-11-28T07:49:12.2762202+02:00" testType="13cdc9d9-ddb5-4fa4-a97d-d965ccfc6d4b" outcome="Passed" testListId="8c84fa94-04c1-424b-9868-57a2d4851a1d" relativeResultsDirectory="64b76522-fc4a-47d2-b252-377df6b6476e">
    </UnitTestResult>
    <UnitTestResult executionId="b85ffbb4-1dbf-445a-97ff-4a77ea350626" testId="67083cf0-0995-a4e7-7fdc-a7119196534e" testName="canMoveWhiteRookeVerticallyUp" computerName="ITSSHAW" duration="00:00:00.0011778" startTime="2013-11-28T07:49:12.2772202+02:00" endTime="2013-11-28T07:49:12.2792202+02:00" testType="13cdc9d9-ddb5-4fa4-a97d-d965ccfc6d4b" outcome="Passed" testListId="8c84fa94-04c1-424b-9868-57a2d4851a1d" relativeResultsDirectory="b85ffbb4-1dbf-445a-97ff-4a77ea350626">
    </UnitTestResult>
    <UnitTestResult executionId="7ba43919-5128-485b-88bb-2d8a747d9040" testId="cb05a3a8-7e11-2daa-70ae-bb6f6a2d1beb" testName="cannotCaptureOwnPieceHorizontallyLeft" computerName="ITSSHAW" duration="00:00:00.0010733" startTime="2013-11-28T07:49:12.2802202+02:00" endTime="2013-11-28T07:49:12.2812202+02:00" testType="13cdc9d9-ddb5-4fa4-a97d-d965ccfc6d4b" outcome="Passed" testListId="8c84fa94-04c1-424b-9868-57a2d4851a1d" relativeResultsDirectory="7ba43919-5128-485b-88bb-2d8a747d9040">
    </UnitTestResult>
    <UnitTestResult executionId="5d9ee045-e111-40e4-9ddb-9b27010d9698" testId="4211946f-1506-577f-195b-18cb2fdd61ad" testName="cannotCaptureOwnPieceHorizontallyRight" computerName="ITSSHAW" duration="00:00:00.0007377" startTime="2013-11-28T07:49:12.2822202+02:00" endTime="2013-11-28T07:49:12.2832202+02:00" testType="13cdc9d9-ddb5-4fa4-a97d-d965ccfc6d4b" outcome="Passed" testListId="8c84fa94-04c1-424b-9868-57a2d4851a1d" relativeResultsDirectory="5d9ee045-e111-40e4-9ddb-9b27010d9698">
    </UnitTestResult>
    <UnitTestResult executionId="dbdf6a98-304c-4cf6-8ca6-16079042ef64" testId="bf075d77-5fe1-ee4d-fe49-2ee12940b16b" testName="cannotCaptureOwnPieceVerticallyDown" computerName="ITSSHAW" duration="00:00:00.0007235" startTime="2013-11-28T07:49:12.2842202+02:00" endTime="2013-11-28T07:49:12.2852202+02:00" testType="13cdc9d9-ddb5-4fa4-a97d-d965ccfc6d4b" outcome="Passed" testListId="8c84fa94-04c1-424b-9868-57a2d4851a1d" relativeResultsDirectory="dbdf6a98-304c-4cf6-8ca6-16079042ef64">
    </UnitTestResult>
    <UnitTestResult executionId="c61884b6-3dfc-4a5c-b0cb-17cd567cbd48" testId="0e7eb3a4-171d-8697-3451-91c26cec15db" testName="cannotCaptureOwnPieceVerticallyUp" computerName="ITSSHAW" duration="00:00:00.0008068" startTime="2013-11-28T07:49:12.2862202+02:00" endTime="2013-11-28T07:49:12.2882202+02:00" testType="13cdc9d9-ddb5-4fa4-a97d-d965ccfc6d4b" outcome="Passed" testListId="8c84fa94-04c1-424b-9868-57a2d4851a1d" relativeResultsDirectory="c61884b6-3dfc-4a5c-b0cb-17cd567cbd48">
    </UnitTestResult>
    <UnitTestResult executionId="0c491a4c-f942-4a8d-b7e4-72693be434fd" testId="025d6265-5376-21a5-89b8-81799288836d" testName="cannotMoveRookePastCaptureHorizontallyLeft" computerName="ITSSHAW" duration="00:00:00.0010154" startTime="2013-11-28T07:49:12.2892202+02:00" endTime="2013-11-28T07:49:12.2912202+02:00" testType="13cdc9d9-ddb5-4fa4-a97d-d965ccfc6d4b" outcome="Passed" testListId="8c84fa94-04c1-424b-9868-57a2d4851a1d" relativeResultsDirectory="0c491a4c-f942-4a8d-b7e4-72693be434fd">
    </UnitTestResult>
    <UnitTestResult executionId="9558208c-6ea2-466d-a8a3-4f2de626b0bd" testId="97677ad5-5979-7bdf-4362-02ea31bbd819" testName="cannotMoveRookePastCaptureHorizontallyRight" computerName="ITSSHAW" duration="00:00:00.0007187" startTime="2013-11-28T07:49:12.2922202+02:00" endTime="2013-11-28T07:49:12.2932202+02:00" testType="13cdc9d9-ddb5-4fa4-a97d-d965ccfc6d4b" outcome="Passed" testListId="8c84fa94-04c1-424b-9868-57a2d4851a1d" relativeResultsDirectory="9558208c-6ea2-466d-a8a3-4f2de626b0bd">
    </UnitTestResult>
    <UnitTestResult executionId="01184d0f-cd91-4a72-9adc-fe4841ee709b" testId="9b99d74a-4f4b-0f7d-6cef-f2c04b2263df" testName="cannotMoveRookePastCaptureVerticallyDown" computerName="ITSSHAW" duration="00:00:00.0007238" startTime="2013-11-28T07:49:12.2942202+02:00" endTime="2013-11-28T07:49:12.2952202+02:00" testType="13cdc9d9-ddb5-4fa4-a97d-d965ccfc6d4b" outcome="Passed" testListId="8c84fa94-04c1-424b-9868-57a2d4851a1d" relativeResultsDirectory="01184d0f-cd91-4a72-9adc-fe4841ee709b">
    </UnitTestResult>
    <UnitTestResult executionId="5f91dec4-d860-44d4-a975-1f3ab824bfde" testId="5de48dbd-0fe5-af4c-0872-0ab8a96d15fa" testName="cannotMoveRookePastCaptureVerticallyUp" computerName="ITSSHAW" duration="00:00:00.0008304" startTime="2013-11-28T07:49:12.2962202+02:00" endTime="2013-11-28T07:49:12.2972202+02:00" testType="13cdc9d9-ddb5-4fa4-a97d-d965ccfc6d4b" outcome="Passed" testListId="8c84fa94-04c1-424b-9868-57a2d4851a1d" relativeResultsDirectory="5f91dec4-d860-44d4-a975-1f3ab824bfde">
    </UnitTestResult>
    <UnitTestResult executionId="caed0d5a-587f-44a1-9f33-0afe46689e5e" testId="3cb9b942-8fee-88ba-c03b-002cdc761005" testName="invalidMoveGivesCorrectPieceName" computerName="ITSSHAW" duration="00:00:00.0004044" startTime="2013-11-28T07:49:12.2982202+02:00" endTime="2013-11-28T07:49:12.2992202+02:00" testType="13cdc9d9-ddb5-4fa4-a97d-d965ccfc6d4b" outcome="Passed" testListId="8c84fa94-04c1-424b-9868-57a2d4851a1d" relativeResultsDirectory="caed0d5a-587f-44a1-9f33-0afe46689e5e">
    </UnitTestResult>
  </Results>
</TestRun>